Prolog query: 
 mc_run("theorems/m2np/t107_funct_1.p",[guided(0),cp(1),sim_depth(0),playout_count(200000),min_visit_count(1),n_dim(10000),playout_time(300), output_format(svmlight), leancop_settings([conj,nodef,comp(1000),eager_reduction(1),paramodulation(1)]),return_to_root(0),save_all_proofs(0),temperature(2),save_all_policy(0),save_all_value(1),lemma_features(0),inference_limit(200000),collapse_vars(0),bigstep_frequency(2000)],"results/plcop_paramodulation/train_value","results/plcop_paramodulation/train_policy","results/plcop_paramodulation/clauses","results/plcop_paramodulation/proofs",ExecutionTime)
Trying to open file theorems/m2np/t107_funct_1.p...
Successfully opened file theorems/m2np/t107_funct_1.p
200000 playouts remaining
SUCCESS
   Init: 	-#
   Extension: 	[- #,[#,k7_relat_1(k2_funct_1(1^[]),k7_relat_1(1^[],2^[]))=2^[]]]
   Paramodulation: 	[k7_relat_1(k2_funct_1(1^[]),k7_relat_1(1^[],2^[]))=2^[],[0],k8_relat_1(A,B),k7_relat_1(k2_funct_1(A),B),[v1_funct_1(A),v1_relat_1(A),v2_funct_1(A)],r2l]
   Extension: 	[k8_relat_1(1^[],k7_relat_1(1^[],2^[]))=2^[],[- (k8_relat_1(A,k7_relat_1(A,B))=B),v1_funct_1(A),v1_relat_1(A),r1_tarski(B,k9_xtuple_0(A)),v2_funct_1(A)]]
   Extension: 	[v1_funct_1(1^[]),[-v1_funct_1(1^[]),#]]
   Reduction: 	[#,- #]
   Extension: 	[v1_relat_1(1^[]),[-v1_relat_1(1^[]),#]]
   Reduction: 	[#,- #]
   Extension: 	[r1_tarski(2^[],k9_xtuple_0(1^[])),[-r1_tarski(2^[],k9_xtuple_0(1^[])),#]]
   Reduction: 	[#,- #]
   Extension: 	[v2_funct_1(1^[]),[-v2_funct_1(1^[]),#]]
   Reduction: 	[#,- #]
   Extension: 	[v1_funct_1(1^[]),[-v1_funct_1(1^[]),#]]
   Reduction: 	[#,- #]
   Extension: 	[v1_relat_1(1^[]),[-v1_relat_1(1^[]),#]]
   Reduction: 	[#,- #]
   Extension: 	[v2_funct_1(1^[]),[-v2_funct_1(1^[]),#]]
   Reduction: 	[#,- #]
Created leancop proof

FIRST PROOF FOUND AFTER 160 STEPS

Moving root from 0 to 52
Moving root from 52 to 84
195000 playouts remaining
Moving root from 84 to 90
Moving root from 90 to 100
Moving root from 100 to 109
190000 playouts remaining
Moving root from 109 to 130
Moving root from 130 to 131
185000 playouts remaining
Moving root from 131 to 157
Moving root from 157 to 158
Moving root from 158 to 159
180000 playouts remaining
Unable to move root from 159
Unable to move root from 159
175000 playouts remaining
Unable to move root from 159
Unable to move root from 159
Unable to move root from 159
170000 playouts remaining
Unable to move root from 159
Unable to move root from 159
165000 playouts remaining
Unable to move root from 159
Unable to move root from 159
Unable to move root from 159
160000 playouts remaining
Unable to move root from 159
Unable to move root from 159
155000 playouts remaining
Unable to move root from 159
Unable to move root from 159
Unable to move root from 159
150000 playouts remaining
Unable to move root from 159
Unable to move root from 159
145000 playouts remaining
Unable to move root from 159
Unable to move root from 159
Unable to move root from 159
140000 playouts remaining
Unable to move root from 159
Unable to move root from 159
135000 playouts remaining
Unable to move root from 159
Unable to move root from 159
Unable to move root from 159
130000 playouts remaining
Unable to move root from 159
Unable to move root from 159
125000 playouts remaining
Unable to move root from 159
Unable to move root from 159
Unable to move root from 159
120000 playouts remaining
Unable to move root from 159
Unable to move root from 159
115000 playouts remaining
Unable to move root from 159
Unable to move root from 159
Unable to move root from 159
110000 playouts remaining
Unable to move root from 159
Unable to move root from 159
105000 playouts remaining
Unable to move root from 159
Unable to move root from 159
Unable to move root from 159
100000 playouts remaining
Unable to move root from 159
Unable to move root from 159
95000 playouts remaining
Unable to move root from 159
Unable to move root from 159
Unable to move root from 159
90000 playouts remaining
Unable to move root from 159
Unable to move root from 159
85000 playouts remaining
Unable to move root from 159
Unable to move root from 159
Unable to move root from 159
80000 playouts remaining
Unable to move root from 159
Unable to move root from 159
75000 playouts remaining
Unable to move root from 159
Unable to move root from 159
Unable to move root from 159
70000 playouts remaining
Unable to move root from 159
Unable to move root from 159
65000 playouts remaining
Unable to move root from 159
Unable to move root from 159
Unable to move root from 159
60000 playouts remaining
Unable to move root from 159
Unable to move root from 159
55000 playouts remaining
Unable to move root from 159
Unable to move root from 159
Unable to move root from 159
50000 playouts remaining
Unable to move root from 159
Unable to move root from 159
45000 playouts remaining
Unable to move root from 159
Unable to move root from 159
Unable to move root from 159
40000 playouts remaining
Unable to move root from 159
Unable to move root from 159
35000 playouts remaining
Unable to move root from 159
Unable to move root from 159
Unable to move root from 159
30000 playouts remaining
Unable to move root from 159
Unable to move root from 159
25000 playouts remaining
Unable to move root from 159
Unable to move root from 159
Unable to move root from 159
20000 playouts remaining
Unable to move root from 159
Unable to move root from 159
15000 playouts remaining
Unable to move root from 159
Unable to move root from 159
Unable to move root from 159
10000 playouts remaining
Unable to move root from 159
Unable to move root from 159
5000 playouts remaining
Unable to move root from 159
Unable to move root from 159
Unable to move root from 159
Created 181 nodes
Performed 109056 inferences
Bigstep Nodes: 11, [0,52,84,90,100,109,130,131,157,158,159]
Training data collected
state([success],[],[],[],[],[red([#,- #]-[#,- #]),ext([v2_funct_1(1^[]),[-v2_funct_1(1^[]),#]]-[v2_funct_1(1^[]),[-v2_funct_1(1^[]),#]]),red([#,- #]-[#,- #]),ext([v1_relat_1(1^[]),[-v1_relat_1(1^[]),#]]-[v1_relat_1(1^[]),[-v1_relat_1(1^[]),#]]),red([#,- #]-[#,- #]),ext([v1_funct_1(1^[]),[-v1_funct_1(1^[]),#]]-[v1_funct_1(1^[]),[-v1_funct_1(1^[]),#]]),red([#,- #]-[#,- #]),ext([v2_funct_1(1^[]),[-v2_funct_1(1^[]),#]]-[v2_funct_1(1^[]),[-v2_funct_1(1^[]),#]]),red([#,- #]-[#,- #]),ext([r1_tarski(2^[],k9_xtuple_0(1^[])),[-r1_tarski(2^[],k9_xtuple_0(1^[])),#]]-[r1_tarski(2^[],k9_xtuple_0(1^[])),[-r1_tarski(2^[],k9_xtuple_0(1^[])),#]]),red([#,- #]-[#,- #]),ext([v1_relat_1(1^[]),[-v1_relat_1(1^[]),#]]-[v1_relat_1(1^[]),[-v1_relat_1(1^[]),#]]),red([#,- #]-[#,- #]),ext([v1_funct_1(1^[]),[-v1_funct_1(1^[]),#]]-[v1_funct_1(1^[]),[-v1_funct_1(1^[]),#]]),ext([k8_relat_1(1^[],k7_relat_1(1^[],2^[]))=2^[],[- (k8_relat_1(_175504,k7_relat_1(_175504,_175512))=_175512),v1_funct_1(_175504),v1_relat_1(_175504),r1_tarski(_175512,k9_xtuple_0(_175504)),v2_funct_1(_175504)]]-[k8_relat_1(1^[],k7_relat_1(1^[],2^[]))=2^[],[- (k8_relat_1(1^[],k7_relat_1(1^[],2^[]))=2^[]),v1_funct_1(1^[]),v1_relat_1(1^[]),r1_tarski(2^[],k9_xtuple_0(1^[])),v2_funct_1(1^[])]]),para([k7_relat_1(k2_funct_1(1^[]),k7_relat_1(1^[],2^[]))=2^[],[0],k8_relat_1(_175596,_175598),k7_relat_1(k2_funct_1(_175596),_175598),[v1_funct_1(_175596),v1_relat_1(_175596),v2_funct_1(_175596)],r2l]-[k7_relat_1(k2_funct_1(1^[]),k7_relat_1(1^[],2^[]))=2^[],[0],k8_relat_1(1^[],k7_relat_1(1^[],2^[])),k7_relat_1(k2_funct_1(1^[]),k7_relat_1(1^[],2^[])),[v1_funct_1(1^[]),v1_relat_1(1^[]),v2_funct_1(1^[])],r2l]),ext([- #,[#,k7_relat_1(k2_funct_1(1^[]),k7_relat_1(1^[],2^[]))=2^[]]]-[- #,[#,k7_relat_1(k2_funct_1(1^[]),k7_relat_1(1^[],2^[]))=2^[]]]),init(-# - -#)],1)state([v2_funct_1(1^[])],[k7_relat_1(k2_funct_1(1^[]),k7_relat_1(1^[],2^[]))=2^[],- #],[v1_relat_1(1^[]),v1_funct_1(1^[]),k8_relat_1(1^[],k7_relat_1(1^[],2^[]))=2^[]],[ext(-v2_funct_1(1^[]),[#],g),ext(-v2_funct_1(_175226),[_175236=_175226,v2_funct_1(_175236)],n)],[],[red([#,- #]-[#,- #]),ext([v1_relat_1(1^[]),[-v1_relat_1(1^[]),#]]-[v1_relat_1(1^[]),[-v1_relat_1(1^[]),#]]),red([#,- #]-[#,- #]),ext([v1_funct_1(1^[]),[-v1_funct_1(1^[]),#]]-[v1_funct_1(1^[]),[-v1_funct_1(1^[]),#]]),red([#,- #]-[#,- #]),ext([v2_funct_1(1^[]),[-v2_funct_1(1^[]),#]]-[v2_funct_1(1^[]),[-v2_funct_1(1^[]),#]]),red([#,- #]-[#,- #]),ext([r1_tarski(2^[],k9_xtuple_0(1^[])),[-r1_tarski(2^[],k9_xtuple_0(1^[])),#]]-[r1_tarski(2^[],k9_xtuple_0(1^[])),[-r1_tarski(2^[],k9_xtuple_0(1^[])),#]]),red([#,- #]-[#,- #]),ext([v1_relat_1(1^[]),[-v1_relat_1(1^[]),#]]-[v1_relat_1(1^[]),[-v1_relat_1(1^[]),#]]),red([#,- #]-[#,- #]),ext([v1_funct_1(1^[]),[-v1_funct_1(1^[]),#]]-[v1_funct_1(1^[]),[-v1_funct_1(1^[]),#]]),ext([k8_relat_1(1^[],k7_relat_1(1^[],2^[]))=2^[],[- (k8_relat_1(_174976,k7_relat_1(_174976,_174984))=_174984),v1_funct_1(_174976),v1_relat_1(_174976),r1_tarski(_174984,k9_xtuple_0(_174976)),v2_funct_1(_174976)]]-[k8_relat_1(1^[],k7_relat_1(1^[],2^[]))=2^[],[- (k8_relat_1(1^[],k7_relat_1(1^[],2^[]))=2^[]),v1_funct_1(1^[]),v1_relat_1(1^[]),r1_tarski(2^[],k9_xtuple_0(1^[])),v2_funct_1(1^[])]]),para([k7_relat_1(k2_funct_1(1^[]),k7_relat_1(1^[],2^[]))=2^[],[0],k8_relat_1(_175068,_175070),k7_relat_1(k2_funct_1(_175068),_175070),[v1_funct_1(_175068),v1_relat_1(_175068),v2_funct_1(_175068)],r2l]-[k7_relat_1(k2_funct_1(1^[]),k7_relat_1(1^[],2^[]))=2^[],[0],k8_relat_1(1^[],k7_relat_1(1^[],2^[])),k7_relat_1(k2_funct_1(1^[]),k7_relat_1(1^[],2^[])),[v1_funct_1(1^[]),v1_relat_1(1^[]),v2_funct_1(1^[])],r2l]),ext([- #,[#,k7_relat_1(k2_funct_1(1^[]),k7_relat_1(1^[],2^[]))=2^[]]]-[- #,[#,k7_relat_1(k2_funct_1(1^[]),k7_relat_1(1^[],2^[]))=2^[]]]),init(-# - -#)],0)state([v1_relat_1(1^[]),v2_funct_1(1^[])],[k7_relat_1(k2_funct_1(1^[]),k7_relat_1(1^[],2^[]))=2^[],- #],[v1_funct_1(1^[]),k8_relat_1(1^[],k7_relat_1(1^[],2^[]))=2^[]],[ext(-v1_relat_1(1^[]),[#],g),ext(-v1_relat_1(_174720),[_174730=_174720,v1_relat_1(_174730)],n)],[],[red([#,- #]-[#,- #]),ext([v1_funct_1(1^[]),[-v1_funct_1(1^[]),#]]-[v1_funct_1(1^[]),[-v1_funct_1(1^[]),#]]),red([#,- #]-[#,- #]),ext([v2_funct_1(1^[]),[-v2_funct_1(1^[]),#]]-[v2_funct_1(1^[]),[-v2_funct_1(1^[]),#]]),red([#,- #]-[#,- #]),ext([r1_tarski(2^[],k9_xtuple_0(1^[])),[-r1_tarski(2^[],k9_xtuple_0(1^[])),#]]-[r1_tarski(2^[],k9_xtuple_0(1^[])),[-r1_tarski(2^[],k9_xtuple_0(1^[])),#]]),red([#,- #]-[#,- #]),ext([v1_relat_1(1^[]),[-v1_relat_1(1^[]),#]]-[v1_relat_1(1^[]),[-v1_relat_1(1^[]),#]]),red([#,- #]-[#,- #]),ext([v1_funct_1(1^[]),[-v1_funct_1(1^[]),#]]-[v1_funct_1(1^[]),[-v1_funct_1(1^[]),#]]),ext([k8_relat_1(1^[],k7_relat_1(1^[],2^[]))=2^[],[- (k8_relat_1(_174470,k7_relat_1(_174470,_174478))=_174478),v1_funct_1(_174470),v1_relat_1(_174470),r1_tarski(_174478,k9_xtuple_0(_174470)),v2_funct_1(_174470)]]-[k8_relat_1(1^[],k7_relat_1(1^[],2^[]))=2^[],[- (k8_relat_1(1^[],k7_relat_1(1^[],2^[]))=2^[]),v1_funct_1(1^[]),v1_relat_1(1^[]),r1_tarski(2^[],k9_xtuple_0(1^[])),v2_funct_1(1^[])]]),para([k7_relat_1(k2_funct_1(1^[]),k7_relat_1(1^[],2^[]))=2^[],[0],k8_relat_1(_174562,_174564),k7_relat_1(k2_funct_1(_174562),_174564),[v1_funct_1(_174562),v1_relat_1(_174562),v2_funct_1(_174562)],r2l]-[k7_relat_1(k2_funct_1(1^[]),k7_relat_1(1^[],2^[]))=2^[],[0],k8_relat_1(1^[],k7_relat_1(1^[],2^[])),k7_relat_1(k2_funct_1(1^[]),k7_relat_1(1^[],2^[])),[v1_funct_1(1^[]),v1_relat_1(1^[]),v2_funct_1(1^[])],r2l]),ext([- #,[#,k7_relat_1(k2_funct_1(1^[]),k7_relat_1(1^[],2^[]))=2^[]]]-[- #,[#,k7_relat_1(k2_funct_1(1^[]),k7_relat_1(1^[],2^[]))=2^[]]]),init(-# - -#)],0)state([v1_funct_1(1^[]),v1_relat_1(1^[]),v2_funct_1(1^[])],[k7_relat_1(k2_funct_1(1^[]),k7_relat_1(1^[],2^[]))=2^[],- #],[k8_relat_1(1^[],k7_relat_1(1^[],2^[]))=2^[]],[ext(-v1_funct_1(1^[]),[#],g),ext(-v1_funct_1(_146076),[_146086=_146076,v1_funct_1(_146086)],n)],[],[red([#,- #]-[#,- #]),ext([v2_funct_1(1^[]),[-v2_funct_1(1^[]),#]]-[v2_funct_1(1^[]),[-v2_funct_1(1^[]),#]]),red([#,- #]-[#,- #]),ext([r1_tarski(2^[],k9_xtuple_0(1^[])),[-r1_tarski(2^[],k9_xtuple_0(1^[])),#]]-[r1_tarski(2^[],k9_xtuple_0(1^[])),[-r1_tarski(2^[],k9_xtuple_0(1^[])),#]]),red([#,- #]-[#,- #]),ext([v1_relat_1(1^[]),[-v1_relat_1(1^[]),#]]-[v1_relat_1(1^[]),[-v1_relat_1(1^[]),#]]),red([#,- #]-[#,- #]),ext([v1_funct_1(1^[]),[-v1_funct_1(1^[]),#]]-[v1_funct_1(1^[]),[-v1_funct_1(1^[]),#]]),ext([k8_relat_1(1^[],k7_relat_1(1^[],2^[]))=2^[],[- (k8_relat_1(_145832,k7_relat_1(_145832,_145840))=_145840),v1_funct_1(_145832),v1_relat_1(_145832),r1_tarski(_145840,k9_xtuple_0(_145832)),v2_funct_1(_145832)]]-[k8_relat_1(1^[],k7_relat_1(1^[],2^[]))=2^[],[- (k8_relat_1(1^[],k7_relat_1(1^[],2^[]))=2^[]),v1_funct_1(1^[]),v1_relat_1(1^[]),r1_tarski(2^[],k9_xtuple_0(1^[])),v2_funct_1(1^[])]]),para([k7_relat_1(k2_funct_1(1^[]),k7_relat_1(1^[],2^[]))=2^[],[0],k8_relat_1(_145924,_145926),k7_relat_1(k2_funct_1(_145924),_145926),[v1_funct_1(_145924),v1_relat_1(_145924),v2_funct_1(_145924)],r2l]-[k7_relat_1(k2_funct_1(1^[]),k7_relat_1(1^[],2^[]))=2^[],[0],k8_relat_1(1^[],k7_relat_1(1^[],2^[])),k7_relat_1(k2_funct_1(1^[]),k7_relat_1(1^[],2^[])),[v1_funct_1(1^[]),v1_relat_1(1^[]),v2_funct_1(1^[])],r2l]),ext([- #,[#,k7_relat_1(k2_funct_1(1^[]),k7_relat_1(1^[],2^[]))=2^[]]]-[- #,[#,k7_relat_1(k2_funct_1(1^[]),k7_relat_1(1^[],2^[]))=2^[]]]),init(-# - -#)],0)state([v2_funct_1(1^[])],[k8_relat_1(1^[],k7_relat_1(1^[],2^[]))=2^[],k7_relat_1(k2_funct_1(1^[]),k7_relat_1(1^[],2^[]))=2^[],- #],[r1_tarski(2^[],k9_xtuple_0(1^[])),v1_relat_1(1^[]),v1_funct_1(1^[])],[ext(-v2_funct_1(1^[]),[#],g),ext(-v2_funct_1(_145600),[_145610=_145600,v2_funct_1(_145610)],n)],[[[v1_funct_1(1^[]),v1_relat_1(1^[]),v2_funct_1(1^[])],[k7_relat_1(k2_funct_1(1^[]),k7_relat_1(1^[],2^[]))=2^[],- #],[k8_relat_1(1^[],k7_relat_1(1^[],2^[]))=2^[]]]],[red([#,- #]-[#,- #]),ext([r1_tarski(2^[],k9_xtuple_0(1^[])),[-r1_tarski(2^[],k9_xtuple_0(1^[])),#]]-[r1_tarski(2^[],k9_xtuple_0(1^[])),[-r1_tarski(2^[],k9_xtuple_0(1^[])),#]]),red([#,- #]-[#,- #]),ext([v1_relat_1(1^[]),[-v1_relat_1(1^[]),#]]-[v1_relat_1(1^[]),[-v1_relat_1(1^[]),#]]),red([#,- #]-[#,- #]),ext([v1_funct_1(1^[]),[-v1_funct_1(1^[]),#]]-[v1_funct_1(1^[]),[-v1_funct_1(1^[]),#]]),ext([k8_relat_1(1^[],k7_relat_1(1^[],2^[]))=2^[],[- (k8_relat_1(_145350,k7_relat_1(_145350,_145358))=_145358),v1_funct_1(_145350),v1_relat_1(_145350),r1_tarski(_145358,k9_xtuple_0(_145350)),v2_funct_1(_145350)]]-[k8_relat_1(1^[],k7_relat_1(1^[],2^[]))=2^[],[- (k8_relat_1(1^[],k7_relat_1(1^[],2^[]))=2^[]),v1_funct_1(1^[]),v1_relat_1(1^[]),r1_tarski(2^[],k9_xtuple_0(1^[])),v2_funct_1(1^[])]]),para([k7_relat_1(k2_funct_1(1^[]),k7_relat_1(1^[],2^[]))=2^[],[0],k8_relat_1(_145442,_145444),k7_relat_1(k2_funct_1(_145442),_145444),[v1_funct_1(_145442),v1_relat_1(_145442),v2_funct_1(_145442)],r2l]-[k7_relat_1(k2_funct_1(1^[]),k7_relat_1(1^[],2^[]))=2^[],[0],k8_relat_1(1^[],k7_relat_1(1^[],2^[])),k7_relat_1(k2_funct_1(1^[]),k7_relat_1(1^[],2^[])),[v1_funct_1(1^[]),v1_relat_1(1^[]),v2_funct_1(1^[])],r2l]),ext([- #,[#,k7_relat_1(k2_funct_1(1^[]),k7_relat_1(1^[],2^[]))=2^[]]]-[- #,[#,k7_relat_1(k2_funct_1(1^[]),k7_relat_1(1^[],2^[]))=2^[]]]),init(-# - -#)],0)state([r1_tarski(2^[],k9_xtuple_0(1^[])),v2_funct_1(1^[])],[k8_relat_1(1^[],k7_relat_1(1^[],2^[]))=2^[],k7_relat_1(k2_funct_1(1^[]),k7_relat_1(1^[],2^[]))=2^[],- #],[v1_relat_1(1^[]),v1_funct_1(1^[])],[ext(-r1_tarski(2^[],k9_xtuple_0(1^[])),[#],g),ext(-r1_tarski(_110214,_110216),[r1_tarski(_110226,_110228),_110226=_110214,_110228=_110216],n)],[[[v1_funct_1(1^[]),v1_relat_1(1^[]),v2_funct_1(1^[])],[k7_relat_1(k2_funct_1(1^[]),k7_relat_1(1^[],2^[]))=2^[],- #],[k8_relat_1(1^[],k7_relat_1(1^[],2^[]))=2^[]]]],[red([#,- #]-[#,- #]),ext([v1_relat_1(1^[]),[-v1_relat_1(1^[]),#]]-[v1_relat_1(1^[]),[-v1_relat_1(1^[]),#]]),red([#,- #]-[#,- #]),ext([v1_funct_1(1^[]),[-v1_funct_1(1^[]),#]]-[v1_funct_1(1^[]),[-v1_funct_1(1^[]),#]]),ext([k8_relat_1(1^[],k7_relat_1(1^[],2^[]))=2^[],[- (k8_relat_1(_109964,k7_relat_1(_109964,_109972))=_109972),v1_funct_1(_109964),v1_relat_1(_109964),r1_tarski(_109972,k9_xtuple_0(_109964)),v2_funct_1(_109964)]]-[k8_relat_1(1^[],k7_relat_1(1^[],2^[]))=2^[],[- (k8_relat_1(1^[],k7_relat_1(1^[],2^[]))=2^[]),v1_funct_1(1^[]),v1_relat_1(1^[]),r1_tarski(2^[],k9_xtuple_0(1^[])),v2_funct_1(1^[])]]),para([k7_relat_1(k2_funct_1(1^[]),k7_relat_1(1^[],2^[]))=2^[],[0],k8_relat_1(_110056,_110058),k7_relat_1(k2_funct_1(_110056),_110058),[v1_funct_1(_110056),v1_relat_1(_110056),v2_funct_1(_110056)],r2l]-[k7_relat_1(k2_funct_1(1^[]),k7_relat_1(1^[],2^[]))=2^[],[0],k8_relat_1(1^[],k7_relat_1(1^[],2^[])),k7_relat_1(k2_funct_1(1^[]),k7_relat_1(1^[],2^[])),[v1_funct_1(1^[]),v1_relat_1(1^[]),v2_funct_1(1^[])],r2l]),ext([- #,[#,k7_relat_1(k2_funct_1(1^[]),k7_relat_1(1^[],2^[]))=2^[]]]-[- #,[#,k7_relat_1(k2_funct_1(1^[]),k7_relat_1(1^[],2^[]))=2^[]]]),init(-# - -#)],0)state([v1_relat_1(1^[]),r1_tarski(2^[],k9_xtuple_0(1^[])),v2_funct_1(1^[])],[k8_relat_1(1^[],k7_relat_1(1^[],2^[]))=2^[],k7_relat_1(k2_funct_1(1^[]),k7_relat_1(1^[],2^[]))=2^[],- #],[v1_funct_1(1^[])],[ext(-v1_relat_1(1^[]),[#],g),ext(-v1_relat_1(_99082),[_99092=_99082,v1_relat_1(_99092)],n)],[[[v1_funct_1(1^[]),v1_relat_1(1^[]),v2_funct_1(1^[])],[k7_relat_1(k2_funct_1(1^[]),k7_relat_1(1^[],2^[]))=2^[],- #],[k8_relat_1(1^[],k7_relat_1(1^[],2^[]))=2^[]]]],[red([#,- #]-[#,- #]),ext([v1_funct_1(1^[]),[-v1_funct_1(1^[]),#]]-[v1_funct_1(1^[]),[-v1_funct_1(1^[]),#]]),ext([k8_relat_1(1^[],k7_relat_1(1^[],2^[]))=2^[],[- (k8_relat_1(_98832,k7_relat_1(_98832,_98840))=_98840),v1_funct_1(_98832),v1_relat_1(_98832),r1_tarski(_98840,k9_xtuple_0(_98832)),v2_funct_1(_98832)]]-[k8_relat_1(1^[],k7_relat_1(1^[],2^[]))=2^[],[- (k8_relat_1(1^[],k7_relat_1(1^[],2^[]))=2^[]),v1_funct_1(1^[]),v1_relat_1(1^[]),r1_tarski(2^[],k9_xtuple_0(1^[])),v2_funct_1(1^[])]]),para([k7_relat_1(k2_funct_1(1^[]),k7_relat_1(1^[],2^[]))=2^[],[0],k8_relat_1(_98924,_98926),k7_relat_1(k2_funct_1(_98924),_98926),[v1_funct_1(_98924),v1_relat_1(_98924),v2_funct_1(_98924)],r2l]-[k7_relat_1(k2_funct_1(1^[]),k7_relat_1(1^[],2^[]))=2^[],[0],k8_relat_1(1^[],k7_relat_1(1^[],2^[])),k7_relat_1(k2_funct_1(1^[]),k7_relat_1(1^[],2^[])),[v1_funct_1(1^[]),v1_relat_1(1^[]),v2_funct_1(1^[])],r2l]),ext([- #,[#,k7_relat_1(k2_funct_1(1^[]),k7_relat_1(1^[],2^[]))=2^[]]]-[- #,[#,k7_relat_1(k2_funct_1(1^[]),k7_relat_1(1^[],2^[]))=2^[]]]),init(-# - -#)],0)state([v1_funct_1(1^[]),v1_relat_1(1^[]),r1_tarski(2^[],k9_xtuple_0(1^[])),v2_funct_1(1^[])],[k8_relat_1(1^[],k7_relat_1(1^[],2^[]))=2^[],k7_relat_1(k2_funct_1(1^[]),k7_relat_1(1^[],2^[]))=2^[],- #],[],[ext(-v1_funct_1(1^[]),[#],g),ext(-v1_funct_1(_88644),[_88654=_88644,v1_funct_1(_88654)],n)],[[[v1_funct_1(1^[]),v1_relat_1(1^[]),v2_funct_1(1^[])],[k7_relat_1(k2_funct_1(1^[]),k7_relat_1(1^[],2^[]))=2^[],- #],[k8_relat_1(1^[],k7_relat_1(1^[],2^[]))=2^[]]]],[ext([k8_relat_1(1^[],k7_relat_1(1^[],2^[]))=2^[],[- (k8_relat_1(_88522,k7_relat_1(_88522,_88530))=_88530),v1_funct_1(_88522),v1_relat_1(_88522),r1_tarski(_88530,k9_xtuple_0(_88522)),v2_funct_1(_88522)]]-[k8_relat_1(1^[],k7_relat_1(1^[],2^[]))=2^[],[- (k8_relat_1(1^[],k7_relat_1(1^[],2^[]))=2^[]),v1_funct_1(1^[]),v1_relat_1(1^[]),r1_tarski(2^[],k9_xtuple_0(1^[])),v2_funct_1(1^[])]]),para([k7_relat_1(k2_funct_1(1^[]),k7_relat_1(1^[],2^[]))=2^[],[0],k8_relat_1(_88402,_88404),k7_relat_1(k2_funct_1(_88402),_88404),[v1_funct_1(_88402),v1_relat_1(_88402),v2_funct_1(_88402)],r2l]-[k7_relat_1(k2_funct_1(1^[]),k7_relat_1(1^[],2^[]))=2^[],[0],k8_relat_1(1^[],k7_relat_1(1^[],2^[])),k7_relat_1(k2_funct_1(1^[]),k7_relat_1(1^[],2^[])),[v1_funct_1(1^[]),v1_relat_1(1^[]),v2_funct_1(1^[])],r2l]),ext([- #,[#,k7_relat_1(k2_funct_1(1^[]),k7_relat_1(1^[],2^[]))=2^[]]]-[- #,[#,k7_relat_1(k2_funct_1(1^[]),k7_relat_1(1^[],2^[]))=2^[]]]),init(-# - -#)],0)state([k8_relat_1(1^[],k7_relat_1(1^[],2^[]))=2^[],v1_funct_1(1^[]),v1_relat_1(1^[]),v2_funct_1(1^[])],[k7_relat_1(k2_funct_1(1^[]),k7_relat_1(1^[],2^[]))=2^[],- #],[],[ext(- (k8_relat_1(_82658,k7_relat_1(_82658,_82654))=_82654),[v1_funct_1(_82658),v1_relat_1(_82658),r1_tarski(_82654,k9_xtuple_0(_82658)),v2_funct_1(_82658)],n),ext(- (_82622=_82624),[_82624=_82622],n),ext(- (_82580=_82582),[_82580=_82594,_82594=_82582],n),para([0],k8_relat_1(_82810,_82812),k7_relat_1(k2_funct_1(_82810),_82812),[v1_funct_1(_82810),v1_relat_1(_82810),v2_funct_1(_82810)],l2r),para([0],k8_relat_1(_82734,k7_relat_1(_82734,_82720)),_82720,[v1_funct_1(_82734),v1_relat_1(_82734),r1_tarski(_82720,k9_xtuple_0(_82734)),v2_funct_1(_82734)],l2r)],[],[para([k7_relat_1(k2_funct_1(1^[]),k7_relat_1(1^[],2^[]))=2^[],[0],k8_relat_1(_82476,_82478),k7_relat_1(k2_funct_1(_82476),_82478),[v1_funct_1(_82476),v1_relat_1(_82476),v2_funct_1(_82476)],r2l]-[k7_relat_1(k2_funct_1(1^[]),k7_relat_1(1^[],2^[]))=2^[],[0],k8_relat_1(1^[],k7_relat_1(1^[],2^[])),k7_relat_1(k2_funct_1(1^[]),k7_relat_1(1^[],2^[])),[v1_funct_1(1^[]),v1_relat_1(1^[]),v2_funct_1(1^[])],r2l]),ext([- #,[#,k7_relat_1(k2_funct_1(1^[]),k7_relat_1(1^[],2^[]))=2^[]]]-[- #,[#,k7_relat_1(k2_funct_1(1^[]),k7_relat_1(1^[],2^[]))=2^[]]]),init(-# - -#)],0)state([k7_relat_1(k2_funct_1(1^[]),k7_relat_1(1^[],2^[]))=2^[]],[- #],[],[ext(- (_53338=_53340),[_53340=_53338],n),ext(- (_53296=_53298),[_53296=_53310,_53310=_53298],n),para([0],k8_relat_1(_53374,_53376),k7_relat_1(k2_funct_1(_53374),_53376),[v1_funct_1(_53374),v1_relat_1(_53374),v2_funct_1(_53374)],r2l)],[],[ext([- #,[#,k7_relat_1(k2_funct_1(1^[]),k7_relat_1(1^[],2^[]))=2^[]]]-[- #,[#,k7_relat_1(k2_funct_1(1^[]),k7_relat_1(1^[],2^[]))=2^[]]]),init(-# - -#)],0)state([- #],[],[],[ext(#,[-v1_relat_1(1^[])],g),ext(#,[-v1_funct_1(1^[])],g),ext(#,[-v2_funct_1(1^[])],g),ext(#,[-r1_tarski(2^[],k9_xtuple_0(1^[]))],g),ext(#,[k7_relat_1(k2_funct_1(1^[]),k7_relat_1(1^[],2^[]))=2^[]],g)],[],[init(-# - -#)],0)Value data saved
state([v2_funct_1(1^[])],[k7_relat_1(k2_funct_1(1^[]),k7_relat_1(1^[],2^[]))=2^[],- #],[v1_relat_1(1^[]),v1_funct_1(1^[]),k8_relat_1(1^[],k7_relat_1(1^[],2^[]))=2^[]],[ext(-v2_funct_1(1^[]),[#],g),ext(-v2_funct_1(_175226),[_175236=_175226,v2_funct_1(_175236)],n)],[],[red([#,- #]-[#,- #]),ext([v1_relat_1(1^[]),[-v1_relat_1(1^[]),#]]-[v1_relat_1(1^[]),[-v1_relat_1(1^[]),#]]),red([#,- #]-[#,- #]),ext([v1_funct_1(1^[]),[-v1_funct_1(1^[]),#]]-[v1_funct_1(1^[]),[-v1_funct_1(1^[]),#]]),red([#,- #]-[#,- #]),ext([v2_funct_1(1^[]),[-v2_funct_1(1^[]),#]]-[v2_funct_1(1^[]),[-v2_funct_1(1^[]),#]]),red([#,- #]-[#,- #]),ext([r1_tarski(2^[],k9_xtuple_0(1^[])),[-r1_tarski(2^[],k9_xtuple_0(1^[])),#]]-[r1_tarski(2^[],k9_xtuple_0(1^[])),[-r1_tarski(2^[],k9_xtuple_0(1^[])),#]]),red([#,- #]-[#,- #]),ext([v1_relat_1(1^[]),[-v1_relat_1(1^[]),#]]-[v1_relat_1(1^[]),[-v1_relat_1(1^[]),#]]),red([#,- #]-[#,- #]),ext([v1_funct_1(1^[]),[-v1_funct_1(1^[]),#]]-[v1_funct_1(1^[]),[-v1_funct_1(1^[]),#]]),ext([k8_relat_1(1^[],k7_relat_1(1^[],2^[]))=2^[],[- (k8_relat_1(_174976,k7_relat_1(_174976,_174984))=_174984),v1_funct_1(_174976),v1_relat_1(_174976),r1_tarski(_174984,k9_xtuple_0(_174976)),v2_funct_1(_174976)]]-[k8_relat_1(1^[],k7_relat_1(1^[],2^[]))=2^[],[- (k8_relat_1(1^[],k7_relat_1(1^[],2^[]))=2^[]),v1_funct_1(1^[]),v1_relat_1(1^[]),r1_tarski(2^[],k9_xtuple_0(1^[])),v2_funct_1(1^[])]]),para([k7_relat_1(k2_funct_1(1^[]),k7_relat_1(1^[],2^[]))=2^[],[0],k8_relat_1(_175068,_175070),k7_relat_1(k2_funct_1(_175068),_175070),[v1_funct_1(_175068),v1_relat_1(_175068),v2_funct_1(_175068)],r2l]-[k7_relat_1(k2_funct_1(1^[]),k7_relat_1(1^[],2^[]))=2^[],[0],k8_relat_1(1^[],k7_relat_1(1^[],2^[])),k7_relat_1(k2_funct_1(1^[]),k7_relat_1(1^[],2^[])),[v1_funct_1(1^[]),v1_relat_1(1^[]),v2_funct_1(1^[])],r2l]),ext([- #,[#,k7_relat_1(k2_funct_1(1^[]),k7_relat_1(1^[],2^[]))=2^[]]]-[- #,[#,k7_relat_1(k2_funct_1(1^[]),k7_relat_1(1^[],2^[]))=2^[]]]),init(-# - -#)],0)state([v2_funct_1(1^[])],[k7_relat_1(k2_funct_1(1^[]),k7_relat_1(1^[],2^[]))=2^[],- #],[v1_relat_1(1^[]),v1_funct_1(1^[]),k8_relat_1(1^[],k7_relat_1(1^[],2^[]))=2^[]],[ext(-v2_funct_1(1^[]),[#],g),ext(-v2_funct_1(_175226),[_175236=_175226,v2_funct_1(_175236)],n)],[],[red([#,- #]-[#,- #]),ext([v1_relat_1(1^[]),[-v1_relat_1(1^[]),#]]-[v1_relat_1(1^[]),[-v1_relat_1(1^[]),#]]),red([#,- #]-[#,- #]),ext([v1_funct_1(1^[]),[-v1_funct_1(1^[]),#]]-[v1_funct_1(1^[]),[-v1_funct_1(1^[]),#]]),red([#,- #]-[#,- #]),ext([v2_funct_1(1^[]),[-v2_funct_1(1^[]),#]]-[v2_funct_1(1^[]),[-v2_funct_1(1^[]),#]]),red([#,- #]-[#,- #]),ext([r1_tarski(2^[],k9_xtuple_0(1^[])),[-r1_tarski(2^[],k9_xtuple_0(1^[])),#]]-[r1_tarski(2^[],k9_xtuple_0(1^[])),[-r1_tarski(2^[],k9_xtuple_0(1^[])),#]]),red([#,- #]-[#,- #]),ext([v1_relat_1(1^[]),[-v1_relat_1(1^[]),#]]-[v1_relat_1(1^[]),[-v1_relat_1(1^[]),#]]),red([#,- #]-[#,- #]),ext([v1_funct_1(1^[]),[-v1_funct_1(1^[]),#]]-[v1_funct_1(1^[]),[-v1_funct_1(1^[]),#]]),ext([k8_relat_1(1^[],k7_relat_1(1^[],2^[]))=2^[],[- (k8_relat_1(_174976,k7_relat_1(_174976,_174984))=_174984),v1_funct_1(_174976),v1_relat_1(_174976),r1_tarski(_174984,k9_xtuple_0(_174976)),v2_funct_1(_174976)]]-[k8_relat_1(1^[],k7_relat_1(1^[],2^[]))=2^[],[- (k8_relat_1(1^[],k7_relat_1(1^[],2^[]))=2^[]),v1_funct_1(1^[]),v1_relat_1(1^[]),r1_tarski(2^[],k9_xtuple_0(1^[])),v2_funct_1(1^[])]]),para([k7_relat_1(k2_funct_1(1^[]),k7_relat_1(1^[],2^[]))=2^[],[0],k8_relat_1(_175068,_175070),k7_relat_1(k2_funct_1(_175068),_175070),[v1_funct_1(_175068),v1_relat_1(_175068),v2_funct_1(_175068)],r2l]-[k7_relat_1(k2_funct_1(1^[]),k7_relat_1(1^[],2^[]))=2^[],[0],k8_relat_1(1^[],k7_relat_1(1^[],2^[])),k7_relat_1(k2_funct_1(1^[]),k7_relat_1(1^[],2^[])),[v1_funct_1(1^[]),v1_relat_1(1^[]),v2_funct_1(1^[])],r2l]),ext([- #,[#,k7_relat_1(k2_funct_1(1^[]),k7_relat_1(1^[],2^[]))=2^[]]]-[- #,[#,k7_relat_1(k2_funct_1(1^[]),k7_relat_1(1^[],2^[]))=2^[]]]),init(-# - -#)],0)state([v1_relat_1(1^[]),v2_funct_1(1^[])],[k7_relat_1(k2_funct_1(1^[]),k7_relat_1(1^[],2^[]))=2^[],- #],[v1_funct_1(1^[]),k8_relat_1(1^[],k7_relat_1(1^[],2^[]))=2^[]],[ext(-v1_relat_1(1^[]),[#],g),ext(-v1_relat_1(_174720),[_174730=_174720,v1_relat_1(_174730)],n)],[],[red([#,- #]-[#,- #]),ext([v1_funct_1(1^[]),[-v1_funct_1(1^[]),#]]-[v1_funct_1(1^[]),[-v1_funct_1(1^[]),#]]),red([#,- #]-[#,- #]),ext([v2_funct_1(1^[]),[-v2_funct_1(1^[]),#]]-[v2_funct_1(1^[]),[-v2_funct_1(1^[]),#]]),red([#,- #]-[#,- #]),ext([r1_tarski(2^[],k9_xtuple_0(1^[])),[-r1_tarski(2^[],k9_xtuple_0(1^[])),#]]-[r1_tarski(2^[],k9_xtuple_0(1^[])),[-r1_tarski(2^[],k9_xtuple_0(1^[])),#]]),red([#,- #]-[#,- #]),ext([v1_relat_1(1^[]),[-v1_relat_1(1^[]),#]]-[v1_relat_1(1^[]),[-v1_relat_1(1^[]),#]]),red([#,- #]-[#,- #]),ext([v1_funct_1(1^[]),[-v1_funct_1(1^[]),#]]-[v1_funct_1(1^[]),[-v1_funct_1(1^[]),#]]),ext([k8_relat_1(1^[],k7_relat_1(1^[],2^[]))=2^[],[- (k8_relat_1(_174470,k7_relat_1(_174470,_174478))=_174478),v1_funct_1(_174470),v1_relat_1(_174470),r1_tarski(_174478,k9_xtuple_0(_174470)),v2_funct_1(_174470)]]-[k8_relat_1(1^[],k7_relat_1(1^[],2^[]))=2^[],[- (k8_relat_1(1^[],k7_relat_1(1^[],2^[]))=2^[]),v1_funct_1(1^[]),v1_relat_1(1^[]),r1_tarski(2^[],k9_xtuple_0(1^[])),v2_funct_1(1^[])]]),para([k7_relat_1(k2_funct_1(1^[]),k7_relat_1(1^[],2^[]))=2^[],[0],k8_relat_1(_174562,_174564),k7_relat_1(k2_funct_1(_174562),_174564),[v1_funct_1(_174562),v1_relat_1(_174562),v2_funct_1(_174562)],r2l]-[k7_relat_1(k2_funct_1(1^[]),k7_relat_1(1^[],2^[]))=2^[],[0],k8_relat_1(1^[],k7_relat_1(1^[],2^[])),k7_relat_1(k2_funct_1(1^[]),k7_relat_1(1^[],2^[])),[v1_funct_1(1^[]),v1_relat_1(1^[]),v2_funct_1(1^[])],r2l]),ext([- #,[#,k7_relat_1(k2_funct_1(1^[]),k7_relat_1(1^[],2^[]))=2^[]]]-[- #,[#,k7_relat_1(k2_funct_1(1^[]),k7_relat_1(1^[],2^[]))=2^[]]]),init(-# - -#)],0)state([v1_relat_1(1^[]),v2_funct_1(1^[])],[k7_relat_1(k2_funct_1(1^[]),k7_relat_1(1^[],2^[]))=2^[],- #],[v1_funct_1(1^[]),k8_relat_1(1^[],k7_relat_1(1^[],2^[]))=2^[]],[ext(-v1_relat_1(1^[]),[#],g),ext(-v1_relat_1(_174720),[_174730=_174720,v1_relat_1(_174730)],n)],[],[red([#,- #]-[#,- #]),ext([v1_funct_1(1^[]),[-v1_funct_1(1^[]),#]]-[v1_funct_1(1^[]),[-v1_funct_1(1^[]),#]]),red([#,- #]-[#,- #]),ext([v2_funct_1(1^[]),[-v2_funct_1(1^[]),#]]-[v2_funct_1(1^[]),[-v2_funct_1(1^[]),#]]),red([#,- #]-[#,- #]),ext([r1_tarski(2^[],k9_xtuple_0(1^[])),[-r1_tarski(2^[],k9_xtuple_0(1^[])),#]]-[r1_tarski(2^[],k9_xtuple_0(1^[])),[-r1_tarski(2^[],k9_xtuple_0(1^[])),#]]),red([#,- #]-[#,- #]),ext([v1_relat_1(1^[]),[-v1_relat_1(1^[]),#]]-[v1_relat_1(1^[]),[-v1_relat_1(1^[]),#]]),red([#,- #]-[#,- #]),ext([v1_funct_1(1^[]),[-v1_funct_1(1^[]),#]]-[v1_funct_1(1^[]),[-v1_funct_1(1^[]),#]]),ext([k8_relat_1(1^[],k7_relat_1(1^[],2^[]))=2^[],[- (k8_relat_1(_174470,k7_relat_1(_174470,_174478))=_174478),v1_funct_1(_174470),v1_relat_1(_174470),r1_tarski(_174478,k9_xtuple_0(_174470)),v2_funct_1(_174470)]]-[k8_relat_1(1^[],k7_relat_1(1^[],2^[]))=2^[],[- (k8_relat_1(1^[],k7_relat_1(1^[],2^[]))=2^[]),v1_funct_1(1^[]),v1_relat_1(1^[]),r1_tarski(2^[],k9_xtuple_0(1^[])),v2_funct_1(1^[])]]),para([k7_relat_1(k2_funct_1(1^[]),k7_relat_1(1^[],2^[]))=2^[],[0],k8_relat_1(_174562,_174564),k7_relat_1(k2_funct_1(_174562),_174564),[v1_funct_1(_174562),v1_relat_1(_174562),v2_funct_1(_174562)],r2l]-[k7_relat_1(k2_funct_1(1^[]),k7_relat_1(1^[],2^[]))=2^[],[0],k8_relat_1(1^[],k7_relat_1(1^[],2^[])),k7_relat_1(k2_funct_1(1^[]),k7_relat_1(1^[],2^[])),[v1_funct_1(1^[]),v1_relat_1(1^[]),v2_funct_1(1^[])],r2l]),ext([- #,[#,k7_relat_1(k2_funct_1(1^[]),k7_relat_1(1^[],2^[]))=2^[]]]-[- #,[#,k7_relat_1(k2_funct_1(1^[]),k7_relat_1(1^[],2^[]))=2^[]]]),init(-# - -#)],0)state([v1_funct_1(1^[]),v1_relat_1(1^[]),v2_funct_1(1^[])],[k7_relat_1(k2_funct_1(1^[]),k7_relat_1(1^[],2^[]))=2^[],- #],[k8_relat_1(1^[],k7_relat_1(1^[],2^[]))=2^[]],[ext(-v1_funct_1(1^[]),[#],g),ext(-v1_funct_1(_146076),[_146086=_146076,v1_funct_1(_146086)],n)],[],[red([#,- #]-[#,- #]),ext([v2_funct_1(1^[]),[-v2_funct_1(1^[]),#]]-[v2_funct_1(1^[]),[-v2_funct_1(1^[]),#]]),red([#,- #]-[#,- #]),ext([r1_tarski(2^[],k9_xtuple_0(1^[])),[-r1_tarski(2^[],k9_xtuple_0(1^[])),#]]-[r1_tarski(2^[],k9_xtuple_0(1^[])),[-r1_tarski(2^[],k9_xtuple_0(1^[])),#]]),red([#,- #]-[#,- #]),ext([v1_relat_1(1^[]),[-v1_relat_1(1^[]),#]]-[v1_relat_1(1^[]),[-v1_relat_1(1^[]),#]]),red([#,- #]-[#,- #]),ext([v1_funct_1(1^[]),[-v1_funct_1(1^[]),#]]-[v1_funct_1(1^[]),[-v1_funct_1(1^[]),#]]),ext([k8_relat_1(1^[],k7_relat_1(1^[],2^[]))=2^[],[- (k8_relat_1(_145832,k7_relat_1(_145832,_145840))=_145840),v1_funct_1(_145832),v1_relat_1(_145832),r1_tarski(_145840,k9_xtuple_0(_145832)),v2_funct_1(_145832)]]-[k8_relat_1(1^[],k7_relat_1(1^[],2^[]))=2^[],[- (k8_relat_1(1^[],k7_relat_1(1^[],2^[]))=2^[]),v1_funct_1(1^[]),v1_relat_1(1^[]),r1_tarski(2^[],k9_xtuple_0(1^[])),v2_funct_1(1^[])]]),para([k7_relat_1(k2_funct_1(1^[]),k7_relat_1(1^[],2^[]))=2^[],[0],k8_relat_1(_145924,_145926),k7_relat_1(k2_funct_1(_145924),_145926),[v1_funct_1(_145924),v1_relat_1(_145924),v2_funct_1(_145924)],r2l]-[k7_relat_1(k2_funct_1(1^[]),k7_relat_1(1^[],2^[]))=2^[],[0],k8_relat_1(1^[],k7_relat_1(1^[],2^[])),k7_relat_1(k2_funct_1(1^[]),k7_relat_1(1^[],2^[])),[v1_funct_1(1^[]),v1_relat_1(1^[]),v2_funct_1(1^[])],r2l]),ext([- #,[#,k7_relat_1(k2_funct_1(1^[]),k7_relat_1(1^[],2^[]))=2^[]]]-[- #,[#,k7_relat_1(k2_funct_1(1^[]),k7_relat_1(1^[],2^[]))=2^[]]]),init(-# - -#)],0)state([v1_funct_1(1^[]),v1_relat_1(1^[]),v2_funct_1(1^[])],[k7_relat_1(k2_funct_1(1^[]),k7_relat_1(1^[],2^[]))=2^[],- #],[k8_relat_1(1^[],k7_relat_1(1^[],2^[]))=2^[]],[ext(-v1_funct_1(1^[]),[#],g),ext(-v1_funct_1(_143144),[_143154=_143144,v1_funct_1(_143154)],n)],[],[red([#,- #]-[#,- #]),ext([v2_funct_1(1^[]),[-v2_funct_1(1^[]),#]]-[v2_funct_1(1^[]),[-v2_funct_1(1^[]),#]]),red([#,- #]-[#,- #]),ext([r1_tarski(2^[],k9_xtuple_0(1^[])),[-r1_tarski(2^[],k9_xtuple_0(1^[])),#]]-[r1_tarski(2^[],k9_xtuple_0(1^[])),[-r1_tarski(2^[],k9_xtuple_0(1^[])),#]]),red([#,- #]-[#,- #]),ext([v1_relat_1(1^[]),[-v1_relat_1(1^[]),#]]-[v1_relat_1(1^[]),[-v1_relat_1(1^[]),#]]),red([#,- #]-[#,- #]),ext([v1_funct_1(1^[]),[-v1_funct_1(1^[]),#]]-[v1_funct_1(1^[]),[-v1_funct_1(1^[]),#]]),ext([k8_relat_1(1^[],k7_relat_1(1^[],2^[]))=2^[],[- (k8_relat_1(_142900,k7_relat_1(_142900,_142908))=_142908),v1_funct_1(_142900),v1_relat_1(_142900),r1_tarski(_142908,k9_xtuple_0(_142900)),v2_funct_1(_142900)]]-[k8_relat_1(1^[],k7_relat_1(1^[],2^[]))=2^[],[- (k8_relat_1(1^[],k7_relat_1(1^[],2^[]))=2^[]),v1_funct_1(1^[]),v1_relat_1(1^[]),r1_tarski(2^[],k9_xtuple_0(1^[])),v2_funct_1(1^[])]]),para([k7_relat_1(k2_funct_1(1^[]),k7_relat_1(1^[],2^[]))=2^[],[0],k8_relat_1(_142992,_142994),k7_relat_1(k2_funct_1(_142992),_142994),[v1_funct_1(_142992),v1_relat_1(_142992),v2_funct_1(_142992)],r2l]-[k7_relat_1(k2_funct_1(1^[]),k7_relat_1(1^[],2^[]))=2^[],[0],k8_relat_1(1^[],k7_relat_1(1^[],2^[])),k7_relat_1(k2_funct_1(1^[]),k7_relat_1(1^[],2^[])),[v1_funct_1(1^[]),v1_relat_1(1^[]),v2_funct_1(1^[])],r2l]),ext([- #,[#,k7_relat_1(k2_funct_1(1^[]),k7_relat_1(1^[],2^[]))=2^[]]]-[- #,[#,k7_relat_1(k2_funct_1(1^[]),k7_relat_1(1^[],2^[]))=2^[]]]),init(-# - -#)],0)state([v2_funct_1(1^[])],[k8_relat_1(1^[],k7_relat_1(1^[],2^[]))=2^[],k7_relat_1(k2_funct_1(1^[]),k7_relat_1(1^[],2^[]))=2^[],- #],[r1_tarski(2^[],k9_xtuple_0(1^[])),v1_relat_1(1^[]),v1_funct_1(1^[])],[ext(-v2_funct_1(1^[]),[#],g),ext(-v2_funct_1(_142686),[_142696=_142686,v2_funct_1(_142696)],n)],[[[v1_funct_1(1^[]),v1_relat_1(1^[]),v2_funct_1(1^[])],[k7_relat_1(k2_funct_1(1^[]),k7_relat_1(1^[],2^[]))=2^[],- #],[k8_relat_1(1^[],k7_relat_1(1^[],2^[]))=2^[]]]],[red([#,- #]-[#,- #]),ext([r1_tarski(2^[],k9_xtuple_0(1^[])),[-r1_tarski(2^[],k9_xtuple_0(1^[])),#]]-[r1_tarski(2^[],k9_xtuple_0(1^[])),[-r1_tarski(2^[],k9_xtuple_0(1^[])),#]]),red([#,- #]-[#,- #]),ext([v1_relat_1(1^[]),[-v1_relat_1(1^[]),#]]-[v1_relat_1(1^[]),[-v1_relat_1(1^[]),#]]),red([#,- #]-[#,- #]),ext([v1_funct_1(1^[]),[-v1_funct_1(1^[]),#]]-[v1_funct_1(1^[]),[-v1_funct_1(1^[]),#]]),ext([k8_relat_1(1^[],k7_relat_1(1^[],2^[]))=2^[],[- (k8_relat_1(_142436,k7_relat_1(_142436,_142444))=_142444),v1_funct_1(_142436),v1_relat_1(_142436),r1_tarski(_142444,k9_xtuple_0(_142436)),v2_funct_1(_142436)]]-[k8_relat_1(1^[],k7_relat_1(1^[],2^[]))=2^[],[- (k8_relat_1(1^[],k7_relat_1(1^[],2^[]))=2^[]),v1_funct_1(1^[]),v1_relat_1(1^[]),r1_tarski(2^[],k9_xtuple_0(1^[])),v2_funct_1(1^[])]]),para([k7_relat_1(k2_funct_1(1^[]),k7_relat_1(1^[],2^[]))=2^[],[0],k8_relat_1(_142528,_142530),k7_relat_1(k2_funct_1(_142528),_142530),[v1_funct_1(_142528),v1_relat_1(_142528),v2_funct_1(_142528)],r2l]-[k7_relat_1(k2_funct_1(1^[]),k7_relat_1(1^[],2^[]))=2^[],[0],k8_relat_1(1^[],k7_relat_1(1^[],2^[])),k7_relat_1(k2_funct_1(1^[]),k7_relat_1(1^[],2^[])),[v1_funct_1(1^[]),v1_relat_1(1^[]),v2_funct_1(1^[])],r2l]),ext([- #,[#,k7_relat_1(k2_funct_1(1^[]),k7_relat_1(1^[],2^[]))=2^[]]]-[- #,[#,k7_relat_1(k2_funct_1(1^[]),k7_relat_1(1^[],2^[]))=2^[]]]),init(-# - -#)],0)state([v2_funct_1(1^[])],[k8_relat_1(1^[],k7_relat_1(1^[],2^[]))=2^[],k7_relat_1(k2_funct_1(1^[]),k7_relat_1(1^[],2^[]))=2^[],- #],[r1_tarski(2^[],k9_xtuple_0(1^[])),v1_relat_1(1^[]),v1_funct_1(1^[])],[ext(-v2_funct_1(1^[]),[#],g),ext(-v2_funct_1(_142686),[_142696=_142686,v2_funct_1(_142696)],n)],[[[v1_funct_1(1^[]),v1_relat_1(1^[]),v2_funct_1(1^[])],[k7_relat_1(k2_funct_1(1^[]),k7_relat_1(1^[],2^[]))=2^[],- #],[k8_relat_1(1^[],k7_relat_1(1^[],2^[]))=2^[]]]],[red([#,- #]-[#,- #]),ext([r1_tarski(2^[],k9_xtuple_0(1^[])),[-r1_tarski(2^[],k9_xtuple_0(1^[])),#]]-[r1_tarski(2^[],k9_xtuple_0(1^[])),[-r1_tarski(2^[],k9_xtuple_0(1^[])),#]]),red([#,- #]-[#,- #]),ext([v1_relat_1(1^[]),[-v1_relat_1(1^[]),#]]-[v1_relat_1(1^[]),[-v1_relat_1(1^[]),#]]),red([#,- #]-[#,- #]),ext([v1_funct_1(1^[]),[-v1_funct_1(1^[]),#]]-[v1_funct_1(1^[]),[-v1_funct_1(1^[]),#]]),ext([k8_relat_1(1^[],k7_relat_1(1^[],2^[]))=2^[],[- (k8_relat_1(_142436,k7_relat_1(_142436,_142444))=_142444),v1_funct_1(_142436),v1_relat_1(_142436),r1_tarski(_142444,k9_xtuple_0(_142436)),v2_funct_1(_142436)]]-[k8_relat_1(1^[],k7_relat_1(1^[],2^[]))=2^[],[- (k8_relat_1(1^[],k7_relat_1(1^[],2^[]))=2^[]),v1_funct_1(1^[]),v1_relat_1(1^[]),r1_tarski(2^[],k9_xtuple_0(1^[])),v2_funct_1(1^[])]]),para([k7_relat_1(k2_funct_1(1^[]),k7_relat_1(1^[],2^[]))=2^[],[0],k8_relat_1(_142528,_142530),k7_relat_1(k2_funct_1(_142528),_142530),[v1_funct_1(_142528),v1_relat_1(_142528),v2_funct_1(_142528)],r2l]-[k7_relat_1(k2_funct_1(1^[]),k7_relat_1(1^[],2^[]))=2^[],[0],k8_relat_1(1^[],k7_relat_1(1^[],2^[])),k7_relat_1(k2_funct_1(1^[]),k7_relat_1(1^[],2^[])),[v1_funct_1(1^[]),v1_relat_1(1^[]),v2_funct_1(1^[])],r2l]),ext([- #,[#,k7_relat_1(k2_funct_1(1^[]),k7_relat_1(1^[],2^[]))=2^[]]]-[- #,[#,k7_relat_1(k2_funct_1(1^[]),k7_relat_1(1^[],2^[]))=2^[]]]),init(-# - -#)],0)state([r1_tarski(2^[],k9_xtuple_0(1^[])),v2_funct_1(1^[])],[k8_relat_1(1^[],k7_relat_1(1^[],2^[]))=2^[],k7_relat_1(k2_funct_1(1^[]),k7_relat_1(1^[],2^[]))=2^[],- #],[v1_relat_1(1^[]),v1_funct_1(1^[])],[ext(-r1_tarski(2^[],k9_xtuple_0(1^[])),[#],g),ext(-r1_tarski(_109486,_109488),[r1_tarski(_109498,_109500),_109498=_109486,_109500=_109488],n)],[[[v1_funct_1(1^[]),v1_relat_1(1^[]),v2_funct_1(1^[])],[k7_relat_1(k2_funct_1(1^[]),k7_relat_1(1^[],2^[]))=2^[],- #],[k8_relat_1(1^[],k7_relat_1(1^[],2^[]))=2^[]]]],[red([#,- #]-[#,- #]),ext([v1_relat_1(1^[]),[-v1_relat_1(1^[]),#]]-[v1_relat_1(1^[]),[-v1_relat_1(1^[]),#]]),red([#,- #]-[#,- #]),ext([v1_funct_1(1^[]),[-v1_funct_1(1^[]),#]]-[v1_funct_1(1^[]),[-v1_funct_1(1^[]),#]]),ext([k8_relat_1(1^[],k7_relat_1(1^[],2^[]))=2^[],[- (k8_relat_1(_109236,k7_relat_1(_109236,_109244))=_109244),v1_funct_1(_109236),v1_relat_1(_109236),r1_tarski(_109244,k9_xtuple_0(_109236)),v2_funct_1(_109236)]]-[k8_relat_1(1^[],k7_relat_1(1^[],2^[]))=2^[],[- (k8_relat_1(1^[],k7_relat_1(1^[],2^[]))=2^[]),v1_funct_1(1^[]),v1_relat_1(1^[]),r1_tarski(2^[],k9_xtuple_0(1^[])),v2_funct_1(1^[])]]),para([k7_relat_1(k2_funct_1(1^[]),k7_relat_1(1^[],2^[]))=2^[],[0],k8_relat_1(_109328,_109330),k7_relat_1(k2_funct_1(_109328),_109330),[v1_funct_1(_109328),v1_relat_1(_109328),v2_funct_1(_109328)],r2l]-[k7_relat_1(k2_funct_1(1^[]),k7_relat_1(1^[],2^[]))=2^[],[0],k8_relat_1(1^[],k7_relat_1(1^[],2^[])),k7_relat_1(k2_funct_1(1^[]),k7_relat_1(1^[],2^[])),[v1_funct_1(1^[]),v1_relat_1(1^[]),v2_funct_1(1^[])],r2l]),ext([- #,[#,k7_relat_1(k2_funct_1(1^[]),k7_relat_1(1^[],2^[]))=2^[]]]-[- #,[#,k7_relat_1(k2_funct_1(1^[]),k7_relat_1(1^[],2^[]))=2^[]]]),init(-# - -#)],0)state([r1_tarski(2^[],k9_xtuple_0(1^[])),v2_funct_1(1^[])],[k8_relat_1(1^[],k7_relat_1(1^[],2^[]))=2^[],k7_relat_1(k2_funct_1(1^[]),k7_relat_1(1^[],2^[]))=2^[],- #],[v1_relat_1(1^[]),v1_funct_1(1^[])],[ext(-r1_tarski(2^[],k9_xtuple_0(1^[])),[#],g),ext(-r1_tarski(_109486,_109488),[r1_tarski(_109498,_109500),_109498=_109486,_109500=_109488],n)],[[[v1_funct_1(1^[]),v1_relat_1(1^[]),v2_funct_1(1^[])],[k7_relat_1(k2_funct_1(1^[]),k7_relat_1(1^[],2^[]))=2^[],- #],[k8_relat_1(1^[],k7_relat_1(1^[],2^[]))=2^[]]]],[red([#,- #]-[#,- #]),ext([v1_relat_1(1^[]),[-v1_relat_1(1^[]),#]]-[v1_relat_1(1^[]),[-v1_relat_1(1^[]),#]]),red([#,- #]-[#,- #]),ext([v1_funct_1(1^[]),[-v1_funct_1(1^[]),#]]-[v1_funct_1(1^[]),[-v1_funct_1(1^[]),#]]),ext([k8_relat_1(1^[],k7_relat_1(1^[],2^[]))=2^[],[- (k8_relat_1(_109236,k7_relat_1(_109236,_109244))=_109244),v1_funct_1(_109236),v1_relat_1(_109236),r1_tarski(_109244,k9_xtuple_0(_109236)),v2_funct_1(_109236)]]-[k8_relat_1(1^[],k7_relat_1(1^[],2^[]))=2^[],[- (k8_relat_1(1^[],k7_relat_1(1^[],2^[]))=2^[]),v1_funct_1(1^[]),v1_relat_1(1^[]),r1_tarski(2^[],k9_xtuple_0(1^[])),v2_funct_1(1^[])]]),para([k7_relat_1(k2_funct_1(1^[]),k7_relat_1(1^[],2^[]))=2^[],[0],k8_relat_1(_109328,_109330),k7_relat_1(k2_funct_1(_109328),_109330),[v1_funct_1(_109328),v1_relat_1(_109328),v2_funct_1(_109328)],r2l]-[k7_relat_1(k2_funct_1(1^[]),k7_relat_1(1^[],2^[]))=2^[],[0],k8_relat_1(1^[],k7_relat_1(1^[],2^[])),k7_relat_1(k2_funct_1(1^[]),k7_relat_1(1^[],2^[])),[v1_funct_1(1^[]),v1_relat_1(1^[]),v2_funct_1(1^[])],r2l]),ext([- #,[#,k7_relat_1(k2_funct_1(1^[]),k7_relat_1(1^[],2^[]))=2^[]]]-[- #,[#,k7_relat_1(k2_funct_1(1^[]),k7_relat_1(1^[],2^[]))=2^[]]]),init(-# - -#)],0)state([v1_relat_1(1^[]),r1_tarski(2^[],k9_xtuple_0(1^[])),v2_funct_1(1^[])],[k8_relat_1(1^[],k7_relat_1(1^[],2^[]))=2^[],k7_relat_1(k2_funct_1(1^[]),k7_relat_1(1^[],2^[]))=2^[],- #],[v1_funct_1(1^[])],[ext(-v1_relat_1(1^[]),[#],g),ext(-v1_relat_1(_98408),[_98418=_98408,v1_relat_1(_98418)],n)],[[[v1_funct_1(1^[]),v1_relat_1(1^[]),v2_funct_1(1^[])],[k7_relat_1(k2_funct_1(1^[]),k7_relat_1(1^[],2^[]))=2^[],- #],[k8_relat_1(1^[],k7_relat_1(1^[],2^[]))=2^[]]]],[red([#,- #]-[#,- #]),ext([v1_funct_1(1^[]),[-v1_funct_1(1^[]),#]]-[v1_funct_1(1^[]),[-v1_funct_1(1^[]),#]]),ext([k8_relat_1(1^[],k7_relat_1(1^[],2^[]))=2^[],[- (k8_relat_1(_98158,k7_relat_1(_98158,_98166))=_98166),v1_funct_1(_98158),v1_relat_1(_98158),r1_tarski(_98166,k9_xtuple_0(_98158)),v2_funct_1(_98158)]]-[k8_relat_1(1^[],k7_relat_1(1^[],2^[]))=2^[],[- (k8_relat_1(1^[],k7_relat_1(1^[],2^[]))=2^[]),v1_funct_1(1^[]),v1_relat_1(1^[]),r1_tarski(2^[],k9_xtuple_0(1^[])),v2_funct_1(1^[])]]),para([k7_relat_1(k2_funct_1(1^[]),k7_relat_1(1^[],2^[]))=2^[],[0],k8_relat_1(_98250,_98252),k7_relat_1(k2_funct_1(_98250),_98252),[v1_funct_1(_98250),v1_relat_1(_98250),v2_funct_1(_98250)],r2l]-[k7_relat_1(k2_funct_1(1^[]),k7_relat_1(1^[],2^[]))=2^[],[0],k8_relat_1(1^[],k7_relat_1(1^[],2^[])),k7_relat_1(k2_funct_1(1^[]),k7_relat_1(1^[],2^[])),[v1_funct_1(1^[]),v1_relat_1(1^[]),v2_funct_1(1^[])],r2l]),ext([- #,[#,k7_relat_1(k2_funct_1(1^[]),k7_relat_1(1^[],2^[]))=2^[]]]-[- #,[#,k7_relat_1(k2_funct_1(1^[]),k7_relat_1(1^[],2^[]))=2^[]]]),init(-# - -#)],0)state([v1_relat_1(1^[]),r1_tarski(2^[],k9_xtuple_0(1^[])),v2_funct_1(1^[])],[k8_relat_1(1^[],k7_relat_1(1^[],2^[]))=2^[],k7_relat_1(k2_funct_1(1^[]),k7_relat_1(1^[],2^[]))=2^[],- #],[v1_funct_1(1^[])],[ext(-v1_relat_1(1^[]),[#],g),ext(-v1_relat_1(_98408),[_98418=_98408,v1_relat_1(_98418)],n)],[[[v1_funct_1(1^[]),v1_relat_1(1^[]),v2_funct_1(1^[])],[k7_relat_1(k2_funct_1(1^[]),k7_relat_1(1^[],2^[]))=2^[],- #],[k8_relat_1(1^[],k7_relat_1(1^[],2^[]))=2^[]]]],[red([#,- #]-[#,- #]),ext([v1_funct_1(1^[]),[-v1_funct_1(1^[]),#]]-[v1_funct_1(1^[]),[-v1_funct_1(1^[]),#]]),ext([k8_relat_1(1^[],k7_relat_1(1^[],2^[]))=2^[],[- (k8_relat_1(_98158,k7_relat_1(_98158,_98166))=_98166),v1_funct_1(_98158),v1_relat_1(_98158),r1_tarski(_98166,k9_xtuple_0(_98158)),v2_funct_1(_98158)]]-[k8_relat_1(1^[],k7_relat_1(1^[],2^[]))=2^[],[- (k8_relat_1(1^[],k7_relat_1(1^[],2^[]))=2^[]),v1_funct_1(1^[]),v1_relat_1(1^[]),r1_tarski(2^[],k9_xtuple_0(1^[])),v2_funct_1(1^[])]]),para([k7_relat_1(k2_funct_1(1^[]),k7_relat_1(1^[],2^[]))=2^[],[0],k8_relat_1(_98250,_98252),k7_relat_1(k2_funct_1(_98250),_98252),[v1_funct_1(_98250),v1_relat_1(_98250),v2_funct_1(_98250)],r2l]-[k7_relat_1(k2_funct_1(1^[]),k7_relat_1(1^[],2^[]))=2^[],[0],k8_relat_1(1^[],k7_relat_1(1^[],2^[])),k7_relat_1(k2_funct_1(1^[]),k7_relat_1(1^[],2^[])),[v1_funct_1(1^[]),v1_relat_1(1^[]),v2_funct_1(1^[])],r2l]),ext([- #,[#,k7_relat_1(k2_funct_1(1^[]),k7_relat_1(1^[],2^[]))=2^[]]]-[- #,[#,k7_relat_1(k2_funct_1(1^[]),k7_relat_1(1^[],2^[]))=2^[]]]),init(-# - -#)],0)state([v1_funct_1(1^[]),v1_relat_1(1^[]),r1_tarski(2^[],k9_xtuple_0(1^[])),v2_funct_1(1^[])],[k8_relat_1(1^[],k7_relat_1(1^[],2^[]))=2^[],k7_relat_1(k2_funct_1(1^[]),k7_relat_1(1^[],2^[]))=2^[],- #],[],[ext(-v1_funct_1(1^[]),[#],g),ext(-v1_funct_1(_88030),[_88040=_88030,v1_funct_1(_88040)],n)],[[[v1_funct_1(1^[]),v1_relat_1(1^[]),v2_funct_1(1^[])],[k7_relat_1(k2_funct_1(1^[]),k7_relat_1(1^[],2^[]))=2^[],- #],[k8_relat_1(1^[],k7_relat_1(1^[],2^[]))=2^[]]]],[ext([k8_relat_1(1^[],k7_relat_1(1^[],2^[]))=2^[],[- (k8_relat_1(_87908,k7_relat_1(_87908,_87916))=_87916),v1_funct_1(_87908),v1_relat_1(_87908),r1_tarski(_87916,k9_xtuple_0(_87908)),v2_funct_1(_87908)]]-[k8_relat_1(1^[],k7_relat_1(1^[],2^[]))=2^[],[- (k8_relat_1(1^[],k7_relat_1(1^[],2^[]))=2^[]),v1_funct_1(1^[]),v1_relat_1(1^[]),r1_tarski(2^[],k9_xtuple_0(1^[])),v2_funct_1(1^[])]]),para([k7_relat_1(k2_funct_1(1^[]),k7_relat_1(1^[],2^[]))=2^[],[0],k8_relat_1(_87788,_87790),k7_relat_1(k2_funct_1(_87788),_87790),[v1_funct_1(_87788),v1_relat_1(_87788),v2_funct_1(_87788)],r2l]-[k7_relat_1(k2_funct_1(1^[]),k7_relat_1(1^[],2^[]))=2^[],[0],k8_relat_1(1^[],k7_relat_1(1^[],2^[])),k7_relat_1(k2_funct_1(1^[]),k7_relat_1(1^[],2^[])),[v1_funct_1(1^[]),v1_relat_1(1^[]),v2_funct_1(1^[])],r2l]),ext([- #,[#,k7_relat_1(k2_funct_1(1^[]),k7_relat_1(1^[],2^[]))=2^[]]]-[- #,[#,k7_relat_1(k2_funct_1(1^[]),k7_relat_1(1^[],2^[]))=2^[]]]),init(-# - -#)],0)state([v1_funct_1(1^[]),v1_relat_1(1^[]),r1_tarski(2^[],k9_xtuple_0(1^[])),v2_funct_1(1^[])],[k8_relat_1(1^[],k7_relat_1(1^[],2^[]))=2^[],k7_relat_1(k2_funct_1(1^[]),k7_relat_1(1^[],2^[]))=2^[],- #],[],[ext(-v1_funct_1(1^[]),[#],g),ext(-v1_funct_1(_88030),[_88040=_88030,v1_funct_1(_88040)],n)],[[[v1_funct_1(1^[]),v1_relat_1(1^[]),v2_funct_1(1^[])],[k7_relat_1(k2_funct_1(1^[]),k7_relat_1(1^[],2^[]))=2^[],- #],[k8_relat_1(1^[],k7_relat_1(1^[],2^[]))=2^[]]]],[ext([k8_relat_1(1^[],k7_relat_1(1^[],2^[]))=2^[],[- (k8_relat_1(_87908,k7_relat_1(_87908,_87916))=_87916),v1_funct_1(_87908),v1_relat_1(_87908),r1_tarski(_87916,k9_xtuple_0(_87908)),v2_funct_1(_87908)]]-[k8_relat_1(1^[],k7_relat_1(1^[],2^[]))=2^[],[- (k8_relat_1(1^[],k7_relat_1(1^[],2^[]))=2^[]),v1_funct_1(1^[]),v1_relat_1(1^[]),r1_tarski(2^[],k9_xtuple_0(1^[])),v2_funct_1(1^[])]]),para([k7_relat_1(k2_funct_1(1^[]),k7_relat_1(1^[],2^[]))=2^[],[0],k8_relat_1(_87788,_87790),k7_relat_1(k2_funct_1(_87788),_87790),[v1_funct_1(_87788),v1_relat_1(_87788),v2_funct_1(_87788)],r2l]-[k7_relat_1(k2_funct_1(1^[]),k7_relat_1(1^[],2^[]))=2^[],[0],k8_relat_1(1^[],k7_relat_1(1^[],2^[])),k7_relat_1(k2_funct_1(1^[]),k7_relat_1(1^[],2^[])),[v1_funct_1(1^[]),v1_relat_1(1^[]),v2_funct_1(1^[])],r2l]),ext([- #,[#,k7_relat_1(k2_funct_1(1^[]),k7_relat_1(1^[],2^[]))=2^[]]]-[- #,[#,k7_relat_1(k2_funct_1(1^[]),k7_relat_1(1^[],2^[]))=2^[]]]),init(-# - -#)],0)state([k8_relat_1(1^[],k7_relat_1(1^[],2^[]))=2^[],v1_funct_1(1^[]),v1_relat_1(1^[]),v2_funct_1(1^[])],[k7_relat_1(k2_funct_1(1^[]),k7_relat_1(1^[],2^[]))=2^[],- #],[],[ext(- (k8_relat_1(_82080,k7_relat_1(_82080,_82076))=_82076),[v1_funct_1(_82080),v1_relat_1(_82080),r1_tarski(_82076,k9_xtuple_0(_82080)),v2_funct_1(_82080)],n),ext(- (_82044=_82046),[_82046=_82044],n),ext(- (_82002=_82004),[_82002=_82016,_82016=_82004],n),para([0],k8_relat_1(_82232,_82234),k7_relat_1(k2_funct_1(_82232),_82234),[v1_funct_1(_82232),v1_relat_1(_82232),v2_funct_1(_82232)],l2r),para([0],k8_relat_1(_82156,k7_relat_1(_82156,_82142)),_82142,[v1_funct_1(_82156),v1_relat_1(_82156),r1_tarski(_82142,k9_xtuple_0(_82156)),v2_funct_1(_82156)],l2r)],[],[para([k7_relat_1(k2_funct_1(1^[]),k7_relat_1(1^[],2^[]))=2^[],[0],k8_relat_1(_81898,_81900),k7_relat_1(k2_funct_1(_81898),_81900),[v1_funct_1(_81898),v1_relat_1(_81898),v2_funct_1(_81898)],r2l]-[k7_relat_1(k2_funct_1(1^[]),k7_relat_1(1^[],2^[]))=2^[],[0],k8_relat_1(1^[],k7_relat_1(1^[],2^[])),k7_relat_1(k2_funct_1(1^[]),k7_relat_1(1^[],2^[])),[v1_funct_1(1^[]),v1_relat_1(1^[]),v2_funct_1(1^[])],r2l]),ext([- #,[#,k7_relat_1(k2_funct_1(1^[]),k7_relat_1(1^[],2^[]))=2^[]]]-[- #,[#,k7_relat_1(k2_funct_1(1^[]),k7_relat_1(1^[],2^[]))=2^[]]]),init(-# - -#)],0)state([k7_relat_1(k2_funct_1(1^[]),k7_relat_1(1^[],2^[]))=2^[]],[- #],[],[ext(- (_52952=_52954),[_52954=_52952],n),ext(- (_52910=_52912),[_52910=_52924,_52924=_52912],n),para([0],k8_relat_1(_52988,_52990),k7_relat_1(k2_funct_1(_52988),_52990),[v1_funct_1(_52988),v1_relat_1(_52988),v2_funct_1(_52988)],r2l)],[],[ext([- #,[#,k7_relat_1(k2_funct_1(1^[]),k7_relat_1(1^[],2^[]))=2^[]]]-[- #,[#,k7_relat_1(k2_funct_1(1^[]),k7_relat_1(1^[],2^[]))=2^[]]]),init(-# - -#)],0)state([k7_relat_1(k2_funct_1(1^[]),k7_relat_1(1^[],2^[]))=2^[]],[- #],[],[ext(- (_52952=_52954),[_52954=_52952],n),ext(- (_52910=_52912),[_52910=_52924,_52924=_52912],n),para([0],k8_relat_1(_52988,_52990),k7_relat_1(k2_funct_1(_52988),_52990),[v1_funct_1(_52988),v1_relat_1(_52988),v2_funct_1(_52988)],r2l)],[],[ext([- #,[#,k7_relat_1(k2_funct_1(1^[]),k7_relat_1(1^[],2^[]))=2^[]]]-[- #,[#,k7_relat_1(k2_funct_1(1^[]),k7_relat_1(1^[],2^[]))=2^[]]]),init(-# - -#)],0)state([k7_relat_1(k2_funct_1(1^[]),k7_relat_1(1^[],2^[]))=2^[]],[- #],[],[ext(- (_52952=_52954),[_52954=_52952],n),ext(- (_52910=_52912),[_52910=_52924,_52924=_52912],n),para([0],k8_relat_1(_52988,_52990),k7_relat_1(k2_funct_1(_52988),_52990),[v1_funct_1(_52988),v1_relat_1(_52988),v2_funct_1(_52988)],r2l)],[],[ext([- #,[#,k7_relat_1(k2_funct_1(1^[]),k7_relat_1(1^[],2^[]))=2^[]]]-[- #,[#,k7_relat_1(k2_funct_1(1^[]),k7_relat_1(1^[],2^[]))=2^[]]]),init(-# - -#)],0)state([- #],[],[],[ext(#,[-v1_relat_1(1^[])],g),ext(#,[-v1_funct_1(1^[])],g),ext(#,[-v2_funct_1(1^[])],g),ext(#,[-r1_tarski(2^[],k9_xtuple_0(1^[]))],g),ext(#,[k7_relat_1(k2_funct_1(1^[]),k7_relat_1(1^[],2^[]))=2^[]],g)],[],[init(-# - -#)],0)state([- #],[],[],[ext(#,[-v1_relat_1(1^[])],g),ext(#,[-v1_funct_1(1^[])],g),ext(#,[-v2_funct_1(1^[])],g),ext(#,[-r1_tarski(2^[],k9_xtuple_0(1^[]))],g),ext(#,[k7_relat_1(k2_funct_1(1^[]),k7_relat_1(1^[],2^[]))=2^[]],g)],[],[init(-# - -#)],0)state([- #],[],[],[ext(#,[-v1_relat_1(1^[])],g),ext(#,[-v1_funct_1(1^[])],g),ext(#,[-v2_funct_1(1^[])],g),ext(#,[-r1_tarski(2^[],k9_xtuple_0(1^[]))],g),ext(#,[k7_relat_1(k2_funct_1(1^[]),k7_relat_1(1^[],2^[]))=2^[]],g)],[],[init(-# - -#)],0)state([- #],[],[],[ext(#,[-v1_relat_1(1^[])],g),ext(#,[-v1_funct_1(1^[])],g),ext(#,[-v2_funct_1(1^[])],g),ext(#,[-r1_tarski(2^[],k9_xtuple_0(1^[]))],g),ext(#,[k7_relat_1(k2_funct_1(1^[]),k7_relat_1(1^[],2^[]))=2^[]],g)],[],[init(-# - -#)],0)state([- #],[],[],[ext(#,[-v1_relat_1(1^[])],g),ext(#,[-v1_funct_1(1^[])],g),ext(#,[-v2_funct_1(1^[])],g),ext(#,[-r1_tarski(2^[],k9_xtuple_0(1^[]))],g),ext(#,[k7_relat_1(k2_funct_1(1^[]),k7_relat_1(1^[],2^[]))=2^[]],g)],[],[init(-# - -#)],0)Policy data saved
Training data saved
Execution time: 10.962 sec
Full query: 
 swipl -g '["core/montecarlo.pl"], mc_run("theorems/m2np/t107_funct_1.p",[guided(0),cp(1),sim_depth(0),playout_count(200000),min_visit_count(1),n_dim(10000),playout_time(300), output_format(svmlight), leancop_settings([conj,nodef,comp(1000),eager_reduction(1),paramodulation(1)]),return_to_root(0),save_all_proofs(0),temperature(2),save_all_policy(0),save_all_value(1),lemma_features(0),inference_limit(200000),collapse_vars(0),bigstep_frequency(2000)],"results/plcop_paramodulation/train_value","results/plcop_paramodulation/train_policy","results/plcop_paramodulation/clauses","results/plcop_paramodulation/proofs",ExecutionTime), halt.'
