Prolog query: 
 mc_run("theorems/m2np/t10_xboole_1.p",[guided(0),cp(1),sim_depth(0),playout_count(200000),min_visit_count(1),n_dim(10000),playout_time(300), output_format(svmlight), leancop_settings([conj,nodef,comp(1000),eager_reduction(1),paramodulation(1)]),return_to_root(0),save_all_proofs(0),temperature(2),save_all_policy(0),save_all_value(1),lemma_features(0),inference_limit(200000),collapse_vars(0),bigstep_frequency(2000)],"results/plcop_paramodulation/train_value","results/plcop_paramodulation/train_policy","results/plcop_paramodulation/clauses","results/plcop_paramodulation/proofs",ExecutionTime)
Trying to open file theorems/m2np/t10_xboole_1.p...
Successfully opened file theorems/m2np/t10_xboole_1.p
200000 playouts remaining
Moving root from 0 to 1
Moving root from 1 to 13
195000 playouts remaining
SUCCESS
   Init: 	-#
   Extension: 	[- #,[#,-r1_tarski(3^[],4^[])]]
   Extension: 	[-r1_tarski(3^[],4^[]),[r1_tarski(A,B),r2_hidden(C,A),-r2_hidden(C,B)]]
   Extension: 	[r2_hidden(_,3^[]),[-r2_hidden(1^[A,B],B),-r1_tarski(B,A)]]
   Extension: 	[-r1_tarski(3^[],_),[r1_tarski(3^[],k2_xboole_0(5^[],4^[])),#]]
   Reduction: 	[#,- #]
   Extension: 	[-r2_hidden(1^[k2_xboole_0(5^[],4^[]),3^[]],4^[]),[r2_hidden(A,B),C=k2_xboole_0(_,B),-r2_hidden(A,C)]]
   Extension: 	[_=k2_xboole_0(_,4^[]),[- (A=A)]]
   Extension: 	[-r2_hidden(1^[k2_xboole_0(5^[],4^[]),3^[]],k2_xboole_0(_,4^[])),[r2_hidden(1^[A,B],A),-r1_tarski(B,A)]]
   Extension: 	[-r1_tarski(3^[],k2_xboole_0(5^[],4^[])),[r1_tarski(3^[],k2_xboole_0(5^[],4^[])),#]]
   Reduction: 	[#,- #]
Created leancop proof

FIRST PROOF FOUND AFTER 5523 STEPS

Moving root from 13 to 126
Moving root from 126 to 127
Moving root from 127 to 1035
190000 playouts remaining
Moving root from 1035 to 2310
Moving root from 2310 to 5195
185000 playouts remaining
Moving root from 5195 to 5196
Unable to move root from 5196
Unable to move root from 5196
180000 playouts remaining
Unable to move root from 5196
Unable to move root from 5196
175000 playouts remaining
Unable to move root from 5196
Unable to move root from 5196
Unable to move root from 5196
170000 playouts remaining
Unable to move root from 5196
Unable to move root from 5196
165000 playouts remaining
Unable to move root from 5196
Unable to move root from 5196
Unable to move root from 5196
160000 playouts remaining
Unable to move root from 5196
Unable to move root from 5196
155000 playouts remaining
Unable to move root from 5196
Unable to move root from 5196
Unable to move root from 5196
150000 playouts remaining
Unable to move root from 5196
Unable to move root from 5196
145000 playouts remaining
Unable to move root from 5196
Unable to move root from 5196
Unable to move root from 5196
140000 playouts remaining
Unable to move root from 5196
Unable to move root from 5196
135000 playouts remaining
Unable to move root from 5196
Unable to move root from 5196
Unable to move root from 5196
130000 playouts remaining
Unable to move root from 5196
Unable to move root from 5196
125000 playouts remaining
Unable to move root from 5196
Unable to move root from 5196
Unable to move root from 5196
120000 playouts remaining
Unable to move root from 5196
Unable to move root from 5196
115000 playouts remaining
Unable to move root from 5196
Unable to move root from 5196
Unable to move root from 5196
110000 playouts remaining
Unable to move root from 5196
Unable to move root from 5196
105000 playouts remaining
Unable to move root from 5196
Unable to move root from 5196
Unable to move root from 5196
100000 playouts remaining
Unable to move root from 5196
Unable to move root from 5196
95000 playouts remaining
Unable to move root from 5196
Unable to move root from 5196
Unable to move root from 5196
90000 playouts remaining
Unable to move root from 5196
Unable to move root from 5196
85000 playouts remaining
Unable to move root from 5196
Unable to move root from 5196
Unable to move root from 5196
80000 playouts remaining
Unable to move root from 5196
Unable to move root from 5196
75000 playouts remaining
Unable to move root from 5196
Unable to move root from 5196
Unable to move root from 5196
70000 playouts remaining
Unable to move root from 5196
Unable to move root from 5196
65000 playouts remaining
Unable to move root from 5196
Unable to move root from 5196
Unable to move root from 5196
60000 playouts remaining
Unable to move root from 5196
Unable to move root from 5196
55000 playouts remaining
Unable to move root from 5196
Unable to move root from 5196
Unable to move root from 5196
50000 playouts remaining
Unable to move root from 5196
Unable to move root from 5196
45000 playouts remaining
Unable to move root from 5196
Unable to move root from 5196
Unable to move root from 5196
40000 playouts remaining
Unable to move root from 5196
Unable to move root from 5196
35000 playouts remaining
Unable to move root from 5196
Unable to move root from 5196
Unable to move root from 5196
30000 playouts remaining
Unable to move root from 5196
Unable to move root from 5196
25000 playouts remaining
Unable to move root from 5196
Unable to move root from 5196
Unable to move root from 5196
20000 playouts remaining
Unable to move root from 5196
Unable to move root from 5196
15000 playouts remaining
Unable to move root from 5196
Unable to move root from 5196
Unable to move root from 5196
10000 playouts remaining
Unable to move root from 5196
Unable to move root from 5196
5000 playouts remaining
Unable to move root from 5196
Unable to move root from 5196
Unable to move root from 5196
Created 5201 nodes
Performed 72686 inferences
Bigstep Nodes: 9, [0,1,13,126,127,1035,2310,5195,5196]
Training data collected
state([success],[],[],[],[],[red([#,- #]-[#,- #]),ext([-r1_tarski(3^[],k2_xboole_0(5^[],4^[])),[r1_tarski(3^[],k2_xboole_0(5^[],4^[])),#]]-[-r1_tarski(3^[],k2_xboole_0(5^[],4^[])),[r1_tarski(3^[],k2_xboole_0(5^[],4^[])),#]]),ext([-r2_hidden(1^[k2_xboole_0(5^[],4^[]),3^[]],k2_xboole_0(_9484516,4^[])),[r2_hidden(1^[_9484546,_9484552],_9484546),-r1_tarski(_9484552,_9484546)]]-[-r2_hidden(1^[k2_xboole_0(5^[],4^[]),3^[]],k2_xboole_0(5^[],4^[])),[r2_hidden(1^[k2_xboole_0(5^[],4^[]),3^[]],k2_xboole_0(5^[],4^[])),-r1_tarski(3^[],k2_xboole_0(5^[],4^[]))]]),ext([_9484596=k2_xboole_0(_9484602,4^[]),[- (_9484624=_9484624)]]-[k2_xboole_0(5^[],4^[])=k2_xboole_0(5^[],4^[]),[- (k2_xboole_0(5^[],4^[])=k2_xboole_0(5^[],4^[]))]]),ext([-r2_hidden(1^[k2_xboole_0(5^[],4^[]),3^[]],4^[]),[r2_hidden(_9484664,_9484666),_9484676=k2_xboole_0(_9484682,_9484666),-r2_hidden(_9484664,_9484676)]]-[-r2_hidden(1^[k2_xboole_0(5^[],4^[]),3^[]],4^[]),[r2_hidden(1^[k2_xboole_0(5^[],4^[]),3^[]],4^[]),k2_xboole_0(5^[],4^[])=k2_xboole_0(5^[],4^[]),-r2_hidden(1^[k2_xboole_0(5^[],4^[]),3^[]],k2_xboole_0(5^[],4^[]))]]),red([#,- #]-[#,- #]),ext([-r1_tarski(3^[],_9484738),[r1_tarski(3^[],k2_xboole_0(5^[],4^[])),#]]-[-r1_tarski(3^[],k2_xboole_0(5^[],4^[])),[r1_tarski(3^[],k2_xboole_0(5^[],4^[])),#]]),ext([r2_hidden(_9484764,3^[]),[-r2_hidden(1^[_9484798,_9484804],_9484804),-r1_tarski(_9484804,_9484798)]]-[r2_hidden(1^[k2_xboole_0(5^[],4^[]),3^[]],3^[]),[-r2_hidden(1^[k2_xboole_0(5^[],4^[]),3^[]],3^[]),-r1_tarski(3^[],k2_xboole_0(5^[],4^[]))]]),ext([-r1_tarski(3^[],4^[]),[r1_tarski(_9484860,_9484862),r2_hidden(_9484872,_9484860),-r2_hidden(_9484872,_9484862)]]-[-r1_tarski(3^[],4^[]),[r1_tarski(3^[],4^[]),r2_hidden(1^[k2_xboole_0(5^[],4^[]),3^[]],3^[]),-r2_hidden(1^[k2_xboole_0(5^[],4^[]),3^[]],4^[])]]),ext([- #,[#,-r1_tarski(3^[],4^[])]]-[- #,[#,-r1_tarski(3^[],4^[])]]),init(-# - -#)],1)state([-r1_tarski(3^[],k2_xboole_0(5^[],4^[]))],[-r2_hidden(1^[k2_xboole_0(5^[],4^[]),3^[]],k2_xboole_0(5^[],4^[])),-r2_hidden(1^[k2_xboole_0(5^[],4^[]),3^[]],4^[]),-r1_tarski(3^[],4^[]),- #],[k2_xboole_0(5^[],4^[])=k2_xboole_0(5^[],4^[]),r2_hidden(1^[k2_xboole_0(5^[],4^[]),3^[]],3^[])],[ext(r1_tarski(3^[],k2_xboole_0(5^[],4^[])),[#],g),ext(r1_tarski(_9484268,_9484270),[-r1_tarski(_9484284,_9484286),_9484268=_9484284,_9484270=_9484286],n),ext(r1_tarski(_9484226,_9484228),[r2_hidden(_9484238,_9484226),-r2_hidden(_9484238,_9484228)],n)],[],[ext([-r2_hidden(1^[k2_xboole_0(5^[],4^[]),3^[]],k2_xboole_0(_9484138,4^[])),[r2_hidden(1^[_9484168,_9484174],_9484168),-r1_tarski(_9484174,_9484168)]]-[-r2_hidden(1^[k2_xboole_0(5^[],4^[]),3^[]],k2_xboole_0(5^[],4^[])),[r2_hidden(1^[k2_xboole_0(5^[],4^[]),3^[]],k2_xboole_0(5^[],4^[])),-r1_tarski(3^[],k2_xboole_0(5^[],4^[]))]]),ext([_9483738=k2_xboole_0(_9483744,4^[]),[- (_9483766=_9483766)]]-[k2_xboole_0(5^[],4^[])=k2_xboole_0(5^[],4^[]),[- (k2_xboole_0(5^[],4^[])=k2_xboole_0(5^[],4^[]))]]),ext([-r2_hidden(1^[k2_xboole_0(5^[],4^[]),3^[]],4^[]),[r2_hidden(_9483834,_9483836),_9483846=k2_xboole_0(_9483852,_9483836),-r2_hidden(_9483834,_9483846)]]-[-r2_hidden(1^[k2_xboole_0(5^[],4^[]),3^[]],4^[]),[r2_hidden(1^[k2_xboole_0(5^[],4^[]),3^[]],4^[]),k2_xboole_0(5^[],4^[])=k2_xboole_0(5^[],4^[]),-r2_hidden(1^[k2_xboole_0(5^[],4^[]),3^[]],k2_xboole_0(5^[],4^[]))]]),red([#,- #]-[#,- #]),ext([-r1_tarski(3^[],_9483932),[r1_tarski(3^[],k2_xboole_0(5^[],4^[])),#]]-[-r1_tarski(3^[],k2_xboole_0(5^[],4^[])),[r1_tarski(3^[],k2_xboole_0(5^[],4^[])),#]]),ext([r2_hidden(_9483958,3^[]),[-r2_hidden(1^[_9483992,_9483998],_9483998),-r1_tarski(_9483998,_9483992)]]-[r2_hidden(1^[k2_xboole_0(5^[],4^[]),3^[]],3^[]),[-r2_hidden(1^[k2_xboole_0(5^[],4^[]),3^[]],3^[]),-r1_tarski(3^[],k2_xboole_0(5^[],4^[]))]]),ext([-r1_tarski(3^[],4^[]),[r1_tarski(_9484054,_9484056),r2_hidden(_9484066,_9484054),-r2_hidden(_9484066,_9484056)]]-[-r1_tarski(3^[],4^[]),[r1_tarski(3^[],4^[]),r2_hidden(1^[k2_xboole_0(5^[],4^[]),3^[]],3^[]),-r2_hidden(1^[k2_xboole_0(5^[],4^[]),3^[]],4^[])]]),ext([- #,[#,-r1_tarski(3^[],4^[])]]-[- #,[#,-r1_tarski(3^[],4^[])]]),init(-# - -#)],0)state([-r2_hidden(1^[k2_xboole_0(5^[],4^[]),3^[]],k2_xboole_0(_3750420,4^[]))],[-r2_hidden(1^[k2_xboole_0(5^[],4^[]),3^[]],4^[]),-r1_tarski(3^[],4^[]),- #],[k2_xboole_0(_3750420,4^[])=k2_xboole_0(_3750420,4^[]),r2_hidden(1^[k2_xboole_0(5^[],4^[]),3^[]],3^[])],[ext(r2_hidden(_3751088,_3751090),[-r2_hidden(_3751104,_3751106),_3751088=_3751104,_3751090=_3751106],n),ext(r2_hidden(1^[_3751042,_3751058],_3751042),[-r1_tarski(_3751058,_3751042)],n),ext(r2_hidden(_3750998,_3751000),[r1_tarski(_3751000,_3751012),-r2_hidden(_3750998,_3751012)],n),ext(r2_hidden(_3750950,_3750952),[_3750962=k2_xboole_0(_3750952,_3750970),-r2_hidden(_3750950,_3750962)],n),ext(r2_hidden(_3750902,_3750904),[_3750914=k2_xboole_0(_3750920,_3750904),-r2_hidden(_3750902,_3750914)],n),ext(r2_hidden(_3750838,_3750840),[_3750840=k2_xboole_0(_3750856,_3750858),-r2_hidden(_3750838,_3750856),-r2_hidden(_3750838,_3750858)],n)],[],[ext([_3750774=k2_xboole_0(_3750780,4^[]),[- (_3750802=_3750802)]]-[k2_xboole_0(_3750420,4^[])=k2_xboole_0(_3750420,4^[]),[- (k2_xboole_0(_3750420,4^[])=k2_xboole_0(_3750420,4^[]))]]),ext([-r2_hidden(1^[k2_xboole_0(5^[],4^[]),3^[]],4^[]),[r2_hidden(_3750486,_3750488),_3750498=k2_xboole_0(_3750504,_3750488),-r2_hidden(_3750486,_3750498)]]-[-r2_hidden(1^[k2_xboole_0(5^[],4^[]),3^[]],4^[]),[r2_hidden(1^[k2_xboole_0(5^[],4^[]),3^[]],4^[]),k2_xboole_0(_3750420,4^[])=k2_xboole_0(_3750420,4^[]),-r2_hidden(1^[k2_xboole_0(5^[],4^[]),3^[]],k2_xboole_0(_3750420,4^[]))]]),red([#,- #]-[#,- #]),ext([-r1_tarski(3^[],_3750578),[r1_tarski(3^[],k2_xboole_0(5^[],4^[])),#]]-[-r1_tarski(3^[],k2_xboole_0(5^[],4^[])),[r1_tarski(3^[],k2_xboole_0(5^[],4^[])),#]]),ext([r2_hidden(_3750604,3^[]),[-r2_hidden(1^[_3750638,_3750644],_3750644),-r1_tarski(_3750644,_3750638)]]-[r2_hidden(1^[k2_xboole_0(5^[],4^[]),3^[]],3^[]),[-r2_hidden(1^[k2_xboole_0(5^[],4^[]),3^[]],3^[]),-r1_tarski(3^[],k2_xboole_0(5^[],4^[]))]]),ext([-r1_tarski(3^[],4^[]),[r1_tarski(_3750700,_3750702),r2_hidden(_3750712,_3750700),-r2_hidden(_3750712,_3750702)]]-[-r1_tarski(3^[],4^[]),[r1_tarski(3^[],4^[]),r2_hidden(1^[k2_xboole_0(5^[],4^[]),3^[]],3^[]),-r2_hidden(1^[k2_xboole_0(5^[],4^[]),3^[]],4^[])]]),ext([- #,[#,-r1_tarski(3^[],4^[])]]-[- #,[#,-r1_tarski(3^[],4^[])]]),init(-# - -#)],0)state([_1481354=k2_xboole_0(_1481360,4^[]),-r2_hidden(1^[k2_xboole_0(5^[],4^[]),3^[]],_1481354)],[-r2_hidden(1^[k2_xboole_0(5^[],4^[]),3^[]],4^[]),-r1_tarski(3^[],4^[]),- #],[r2_hidden(1^[k2_xboole_0(5^[],4^[]),3^[]],3^[])],[ext(- (k2_xboole_0(_1482130,_1482132)=k2_xboole_0(_1482136,_1482138)),[_1482130=_1482136,_1482132=_1482138],n),ext(- (_1482106=_1482106),[],n),ext(- (_1482076=_1482078),[_1482078=_1482076],n),ext(- (_1482034=_1482036),[_1482034=_1482048,_1482048=_1482036],n),ext(- (_1481938=k2_xboole_0(_1481944,_1481946)),[r2_hidden(2^[_1481938,_1481946,_1481944],_1481938),r2_hidden(2^[_1481938,_1481946,_1481944],_1481944)],n),ext(- (_1481842=k2_xboole_0(_1481848,_1481850)),[r2_hidden(2^[_1481842,_1481850,_1481848],_1481842),r2_hidden(2^[_1481842,_1481850,_1481848],_1481850)],n),ext(- (_1481698=k2_xboole_0(_1481704,_1481706)),[-r2_hidden(2^[_1481698,_1481706,_1481704],_1481698),-r2_hidden(2^[_1481698,_1481706,_1481704],_1481704),-r2_hidden(2^[_1481698,_1481706,_1481704],_1481706)],n)],[],[ext([-r2_hidden(1^[k2_xboole_0(5^[],4^[]),3^[]],4^[]),[r2_hidden(_1481624,_1481626),_1481636=k2_xboole_0(_1481642,_1481626),-r2_hidden(_1481624,_1481636)]]-[-r2_hidden(1^[k2_xboole_0(5^[],4^[]),3^[]],4^[]),[r2_hidden(1^[k2_xboole_0(5^[],4^[]),3^[]],4^[]),_1481354=k2_xboole_0(_1481360,4^[]),-r2_hidden(1^[k2_xboole_0(5^[],4^[]),3^[]],_1481354)]]),red([#,- #]-[#,- #]),ext([-r1_tarski(3^[],_1481416),[r1_tarski(3^[],k2_xboole_0(5^[],4^[])),#]]-[-r1_tarski(3^[],k2_xboole_0(5^[],4^[])),[r1_tarski(3^[],k2_xboole_0(5^[],4^[])),#]]),ext([r2_hidden(_1481442,3^[]),[-r2_hidden(1^[_1481476,_1481482],_1481482),-r1_tarski(_1481482,_1481476)]]-[r2_hidden(1^[k2_xboole_0(5^[],4^[]),3^[]],3^[]),[-r2_hidden(1^[k2_xboole_0(5^[],4^[]),3^[]],3^[]),-r1_tarski(3^[],k2_xboole_0(5^[],4^[]))]]),ext([-r1_tarski(3^[],4^[]),[r1_tarski(_1481538,_1481540),r2_hidden(_1481550,_1481538),-r2_hidden(_1481550,_1481540)]]-[-r1_tarski(3^[],4^[]),[r1_tarski(3^[],4^[]),r2_hidden(1^[k2_xboole_0(5^[],4^[]),3^[]],3^[]),-r2_hidden(1^[k2_xboole_0(5^[],4^[]),3^[]],4^[])]]),ext([- #,[#,-r1_tarski(3^[],4^[])]]-[- #,[#,-r1_tarski(3^[],4^[])]]),init(-# - -#)],0)state([-r2_hidden(1^[k2_xboole_0(5^[],4^[]),3^[]],4^[])],[-r1_tarski(3^[],4^[]),- #],[r2_hidden(1^[k2_xboole_0(5^[],4^[]),3^[]],3^[])],[ext(r2_hidden(_159414,_159416),[-r2_hidden(_159430,_159432),_159414=_159430,_159416=_159432],n),ext(r2_hidden(_159372,_159374),[r1_tarski(_159374,_159386),-r2_hidden(_159372,_159386)],n),ext(r2_hidden(_159324,_159326),[_159336=k2_xboole_0(_159326,_159344),-r2_hidden(_159324,_159336)],n),ext(r2_hidden(_159276,_159278),[_159288=k2_xboole_0(_159294,_159278),-r2_hidden(_159276,_159288)],n),ext(r2_hidden(_159212,_159214),[_159214=k2_xboole_0(_159230,_159232),-r2_hidden(_159212,_159230),-r2_hidden(_159212,_159232)],n)],[],[red([#,- #]-[#,- #]),ext([-r1_tarski(3^[],_159152),[r1_tarski(3^[],k2_xboole_0(5^[],4^[])),#]]-[-r1_tarski(3^[],k2_xboole_0(5^[],4^[])),[r1_tarski(3^[],k2_xboole_0(5^[],4^[])),#]]),ext([r2_hidden(_158924,3^[]),[-r2_hidden(1^[_158958,_158964],_158964),-r1_tarski(_158964,_158958)]]-[r2_hidden(1^[k2_xboole_0(5^[],4^[]),3^[]],3^[]),[-r2_hidden(1^[k2_xboole_0(5^[],4^[]),3^[]],3^[]),-r1_tarski(3^[],k2_xboole_0(5^[],4^[]))]]),ext([-r1_tarski(3^[],4^[]),[r1_tarski(_159048,_159050),r2_hidden(_159060,_159048),-r2_hidden(_159060,_159050)]]-[-r1_tarski(3^[],4^[]),[r1_tarski(3^[],4^[]),r2_hidden(1^[k2_xboole_0(5^[],4^[]),3^[]],3^[]),-r2_hidden(1^[k2_xboole_0(5^[],4^[]),3^[]],4^[])]]),ext([- #,[#,-r1_tarski(3^[],4^[])]]-[- #,[#,-r1_tarski(3^[],4^[])]]),init(-# - -#)],0)state([-r1_tarski(3^[],_158358)],[r2_hidden(1^[_158358,3^[]],3^[]),-r1_tarski(3^[],4^[]),- #],[],[ext(r1_tarski(3^[],k2_xboole_0(5^[],4^[])),[#],g),ext(r1_tarski(_158676,_158678),[-r1_tarski(_158692,_158694),_158676=_158692,_158678=_158694],n),ext(r1_tarski(_158634,_158636),[r2_hidden(_158646,_158634),-r2_hidden(_158646,_158636)],n)],[[[-r2_hidden(1^[_158358,3^[]],4^[])],[-r1_tarski(3^[],4^[]),- #],[r2_hidden(1^[_158358,3^[]],3^[])]]],[ext([r2_hidden(_158512,3^[]),[-r2_hidden(1^[_158546,_158552],_158552),-r1_tarski(_158552,_158546)]]-[r2_hidden(1^[_158358,3^[]],3^[]),[-r2_hidden(1^[_158358,3^[]],3^[]),-r1_tarski(3^[],_158358)]]),ext([-r1_tarski(3^[],4^[]),[r1_tarski(_158420,_158422),r2_hidden(_158432,_158420),-r2_hidden(_158432,_158422)]]-[-r1_tarski(3^[],4^[]),[r1_tarski(3^[],4^[]),r2_hidden(1^[_158358,3^[]],3^[]),-r2_hidden(1^[_158358,3^[]],4^[])]]),ext([- #,[#,-r1_tarski(3^[],4^[])]]-[- #,[#,-r1_tarski(3^[],4^[])]]),init(-# - -#)],0)state([r2_hidden(_6674,3^[]),-r2_hidden(_6674,4^[])],[-r1_tarski(3^[],4^[]),- #],[],[ext(-r2_hidden(_7566,_7568),[r2_hidden(_7578,_7580),_7578=_7566,_7580=_7568],n),ext(-r2_hidden(1^[_7526,_7516],_7516),[-r1_tarski(_7516,_7526)],n),ext(-r2_hidden(_7472,_7474),[r1_tarski(_7484,_7474),r2_hidden(_7472,_7484)],n),ext(-r2_hidden(_7424,_7426),[_7426=k2_xboole_0(_7442,_7444),r2_hidden(_7424,_7442)],n),ext(-r2_hidden(_7376,_7378),[_7378=k2_xboole_0(_7394,_7396),r2_hidden(_7376,_7396)],n),ext(-r2_hidden(_7312,_7314),[_7324=k2_xboole_0(_7314,_7332),r2_hidden(_7312,_7324),-r2_hidden(_7312,_7332)],n),ext(-r2_hidden(_7248,_7250),[_7260=k2_xboole_0(_7266,_7250),r2_hidden(_7248,_7260),-r2_hidden(_7248,_7266)],n),ext(-r2_hidden(2^[_7106,_7122,_7128],_7106),[- (_7106=k2_xboole_0(_7128,_7122)),-r2_hidden(2^[_7106,_7122,_7128],_7128),-r2_hidden(2^[_7106,_7122,_7128],_7122)],n),ext(-r2_hidden(2^[_6972,_6978,_6962],_6962),[- (_6972=k2_xboole_0(_6962,_6978)),-r2_hidden(2^[_6972,_6978,_6962],_6972),-r2_hidden(2^[_6972,_6978,_6962],_6978)],n),ext(-r2_hidden(2^[_6828,_6818,_6840],_6818),[- (_6828=k2_xboole_0(_6840,_6818)),-r2_hidden(2^[_6828,_6818,_6840],_6828),-r2_hidden(2^[_6828,_6818,_6840],_6840)],n)],[],[ext([-r1_tarski(3^[],4^[]),[r1_tarski(_6748,_6750),r2_hidden(_6760,_6748),-r2_hidden(_6760,_6750)]]-[-r1_tarski(3^[],4^[]),[r1_tarski(3^[],4^[]),r2_hidden(_6674,3^[]),-r2_hidden(_6674,4^[])]]),ext([- #,[#,-r1_tarski(3^[],4^[])]]-[- #,[#,-r1_tarski(3^[],4^[])]]),init(-# - -#)],0)state([-r1_tarski(3^[],4^[])],[- #],[],[ext(r1_tarski(_1600,_1602),[-r1_tarski(_1616,_1618),_1600=_1616,_1602=_1618],n),ext(r1_tarski(_1558,_1560),[r2_hidden(_1570,_1558),-r2_hidden(_1570,_1560)],n)],[],[ext([- #,[#,-r1_tarski(3^[],4^[])]]-[- #,[#,-r1_tarski(3^[],4^[])]]),init(-# - -#)],0)state([- #],[],[],[ext(#,[-r1_tarski(3^[],4^[])],g),ext(#,[r1_tarski(3^[],k2_xboole_0(5^[],4^[]))],g)],[],[init(-# - -#)],0)Value data saved
state([-r1_tarski(3^[],k2_xboole_0(5^[],4^[]))],[-r2_hidden(1^[k2_xboole_0(5^[],4^[]),3^[]],k2_xboole_0(5^[],4^[])),-r2_hidden(1^[k2_xboole_0(5^[],4^[]),3^[]],4^[]),-r1_tarski(3^[],4^[]),- #],[k2_xboole_0(5^[],4^[])=k2_xboole_0(5^[],4^[]),r2_hidden(1^[k2_xboole_0(5^[],4^[]),3^[]],3^[])],[ext(r1_tarski(3^[],k2_xboole_0(5^[],4^[])),[#],g),ext(r1_tarski(_9484268,_9484270),[-r1_tarski(_9484284,_9484286),_9484268=_9484284,_9484270=_9484286],n),ext(r1_tarski(_9484226,_9484228),[r2_hidden(_9484238,_9484226),-r2_hidden(_9484238,_9484228)],n)],[],[ext([-r2_hidden(1^[k2_xboole_0(5^[],4^[]),3^[]],k2_xboole_0(_9484138,4^[])),[r2_hidden(1^[_9484168,_9484174],_9484168),-r1_tarski(_9484174,_9484168)]]-[-r2_hidden(1^[k2_xboole_0(5^[],4^[]),3^[]],k2_xboole_0(5^[],4^[])),[r2_hidden(1^[k2_xboole_0(5^[],4^[]),3^[]],k2_xboole_0(5^[],4^[])),-r1_tarski(3^[],k2_xboole_0(5^[],4^[]))]]),ext([_9483738=k2_xboole_0(_9483744,4^[]),[- (_9483766=_9483766)]]-[k2_xboole_0(5^[],4^[])=k2_xboole_0(5^[],4^[]),[- (k2_xboole_0(5^[],4^[])=k2_xboole_0(5^[],4^[]))]]),ext([-r2_hidden(1^[k2_xboole_0(5^[],4^[]),3^[]],4^[]),[r2_hidden(_9483834,_9483836),_9483846=k2_xboole_0(_9483852,_9483836),-r2_hidden(_9483834,_9483846)]]-[-r2_hidden(1^[k2_xboole_0(5^[],4^[]),3^[]],4^[]),[r2_hidden(1^[k2_xboole_0(5^[],4^[]),3^[]],4^[]),k2_xboole_0(5^[],4^[])=k2_xboole_0(5^[],4^[]),-r2_hidden(1^[k2_xboole_0(5^[],4^[]),3^[]],k2_xboole_0(5^[],4^[]))]]),red([#,- #]-[#,- #]),ext([-r1_tarski(3^[],_9483932),[r1_tarski(3^[],k2_xboole_0(5^[],4^[])),#]]-[-r1_tarski(3^[],k2_xboole_0(5^[],4^[])),[r1_tarski(3^[],k2_xboole_0(5^[],4^[])),#]]),ext([r2_hidden(_9483958,3^[]),[-r2_hidden(1^[_9483992,_9483998],_9483998),-r1_tarski(_9483998,_9483992)]]-[r2_hidden(1^[k2_xboole_0(5^[],4^[]),3^[]],3^[]),[-r2_hidden(1^[k2_xboole_0(5^[],4^[]),3^[]],3^[]),-r1_tarski(3^[],k2_xboole_0(5^[],4^[]))]]),ext([-r1_tarski(3^[],4^[]),[r1_tarski(_9484054,_9484056),r2_hidden(_9484066,_9484054),-r2_hidden(_9484066,_9484056)]]-[-r1_tarski(3^[],4^[]),[r1_tarski(3^[],4^[]),r2_hidden(1^[k2_xboole_0(5^[],4^[]),3^[]],3^[]),-r2_hidden(1^[k2_xboole_0(5^[],4^[]),3^[]],4^[])]]),ext([- #,[#,-r1_tarski(3^[],4^[])]]-[- #,[#,-r1_tarski(3^[],4^[])]]),init(-# - -#)],0)state([-r1_tarski(3^[],k2_xboole_0(5^[],4^[]))],[-r2_hidden(1^[k2_xboole_0(5^[],4^[]),3^[]],k2_xboole_0(5^[],4^[])),-r2_hidden(1^[k2_xboole_0(5^[],4^[]),3^[]],4^[]),-r1_tarski(3^[],4^[]),- #],[k2_xboole_0(5^[],4^[])=k2_xboole_0(5^[],4^[]),r2_hidden(1^[k2_xboole_0(5^[],4^[]),3^[]],3^[])],[ext(r1_tarski(3^[],k2_xboole_0(5^[],4^[])),[#],g),ext(r1_tarski(_9484268,_9484270),[-r1_tarski(_9484284,_9484286),_9484268=_9484284,_9484270=_9484286],n),ext(r1_tarski(_9484226,_9484228),[r2_hidden(_9484238,_9484226),-r2_hidden(_9484238,_9484228)],n)],[],[ext([-r2_hidden(1^[k2_xboole_0(5^[],4^[]),3^[]],k2_xboole_0(_9484138,4^[])),[r2_hidden(1^[_9484168,_9484174],_9484168),-r1_tarski(_9484174,_9484168)]]-[-r2_hidden(1^[k2_xboole_0(5^[],4^[]),3^[]],k2_xboole_0(5^[],4^[])),[r2_hidden(1^[k2_xboole_0(5^[],4^[]),3^[]],k2_xboole_0(5^[],4^[])),-r1_tarski(3^[],k2_xboole_0(5^[],4^[]))]]),ext([_9483738=k2_xboole_0(_9483744,4^[]),[- (_9483766=_9483766)]]-[k2_xboole_0(5^[],4^[])=k2_xboole_0(5^[],4^[]),[- (k2_xboole_0(5^[],4^[])=k2_xboole_0(5^[],4^[]))]]),ext([-r2_hidden(1^[k2_xboole_0(5^[],4^[]),3^[]],4^[]),[r2_hidden(_9483834,_9483836),_9483846=k2_xboole_0(_9483852,_9483836),-r2_hidden(_9483834,_9483846)]]-[-r2_hidden(1^[k2_xboole_0(5^[],4^[]),3^[]],4^[]),[r2_hidden(1^[k2_xboole_0(5^[],4^[]),3^[]],4^[]),k2_xboole_0(5^[],4^[])=k2_xboole_0(5^[],4^[]),-r2_hidden(1^[k2_xboole_0(5^[],4^[]),3^[]],k2_xboole_0(5^[],4^[]))]]),red([#,- #]-[#,- #]),ext([-r1_tarski(3^[],_9483932),[r1_tarski(3^[],k2_xboole_0(5^[],4^[])),#]]-[-r1_tarski(3^[],k2_xboole_0(5^[],4^[])),[r1_tarski(3^[],k2_xboole_0(5^[],4^[])),#]]),ext([r2_hidden(_9483958,3^[]),[-r2_hidden(1^[_9483992,_9483998],_9483998),-r1_tarski(_9483998,_9483992)]]-[r2_hidden(1^[k2_xboole_0(5^[],4^[]),3^[]],3^[]),[-r2_hidden(1^[k2_xboole_0(5^[],4^[]),3^[]],3^[]),-r1_tarski(3^[],k2_xboole_0(5^[],4^[]))]]),ext([-r1_tarski(3^[],4^[]),[r1_tarski(_9484054,_9484056),r2_hidden(_9484066,_9484054),-r2_hidden(_9484066,_9484056)]]-[-r1_tarski(3^[],4^[]),[r1_tarski(3^[],4^[]),r2_hidden(1^[k2_xboole_0(5^[],4^[]),3^[]],3^[]),-r2_hidden(1^[k2_xboole_0(5^[],4^[]),3^[]],4^[])]]),ext([- #,[#,-r1_tarski(3^[],4^[])]]-[- #,[#,-r1_tarski(3^[],4^[])]]),init(-# - -#)],0)state([-r1_tarski(3^[],k2_xboole_0(5^[],4^[]))],[-r2_hidden(1^[k2_xboole_0(5^[],4^[]),3^[]],k2_xboole_0(5^[],4^[])),-r2_hidden(1^[k2_xboole_0(5^[],4^[]),3^[]],4^[]),-r1_tarski(3^[],4^[]),- #],[k2_xboole_0(5^[],4^[])=k2_xboole_0(5^[],4^[]),r2_hidden(1^[k2_xboole_0(5^[],4^[]),3^[]],3^[])],[ext(r1_tarski(3^[],k2_xboole_0(5^[],4^[])),[#],g),ext(r1_tarski(_9484268,_9484270),[-r1_tarski(_9484284,_9484286),_9484268=_9484284,_9484270=_9484286],n),ext(r1_tarski(_9484226,_9484228),[r2_hidden(_9484238,_9484226),-r2_hidden(_9484238,_9484228)],n)],[],[ext([-r2_hidden(1^[k2_xboole_0(5^[],4^[]),3^[]],k2_xboole_0(_9484138,4^[])),[r2_hidden(1^[_9484168,_9484174],_9484168),-r1_tarski(_9484174,_9484168)]]-[-r2_hidden(1^[k2_xboole_0(5^[],4^[]),3^[]],k2_xboole_0(5^[],4^[])),[r2_hidden(1^[k2_xboole_0(5^[],4^[]),3^[]],k2_xboole_0(5^[],4^[])),-r1_tarski(3^[],k2_xboole_0(5^[],4^[]))]]),ext([_9483738=k2_xboole_0(_9483744,4^[]),[- (_9483766=_9483766)]]-[k2_xboole_0(5^[],4^[])=k2_xboole_0(5^[],4^[]),[- (k2_xboole_0(5^[],4^[])=k2_xboole_0(5^[],4^[]))]]),ext([-r2_hidden(1^[k2_xboole_0(5^[],4^[]),3^[]],4^[]),[r2_hidden(_9483834,_9483836),_9483846=k2_xboole_0(_9483852,_9483836),-r2_hidden(_9483834,_9483846)]]-[-r2_hidden(1^[k2_xboole_0(5^[],4^[]),3^[]],4^[]),[r2_hidden(1^[k2_xboole_0(5^[],4^[]),3^[]],4^[]),k2_xboole_0(5^[],4^[])=k2_xboole_0(5^[],4^[]),-r2_hidden(1^[k2_xboole_0(5^[],4^[]),3^[]],k2_xboole_0(5^[],4^[]))]]),red([#,- #]-[#,- #]),ext([-r1_tarski(3^[],_9483932),[r1_tarski(3^[],k2_xboole_0(5^[],4^[])),#]]-[-r1_tarski(3^[],k2_xboole_0(5^[],4^[])),[r1_tarski(3^[],k2_xboole_0(5^[],4^[])),#]]),ext([r2_hidden(_9483958,3^[]),[-r2_hidden(1^[_9483992,_9483998],_9483998),-r1_tarski(_9483998,_9483992)]]-[r2_hidden(1^[k2_xboole_0(5^[],4^[]),3^[]],3^[]),[-r2_hidden(1^[k2_xboole_0(5^[],4^[]),3^[]],3^[]),-r1_tarski(3^[],k2_xboole_0(5^[],4^[]))]]),ext([-r1_tarski(3^[],4^[]),[r1_tarski(_9484054,_9484056),r2_hidden(_9484066,_9484054),-r2_hidden(_9484066,_9484056)]]-[-r1_tarski(3^[],4^[]),[r1_tarski(3^[],4^[]),r2_hidden(1^[k2_xboole_0(5^[],4^[]),3^[]],3^[]),-r2_hidden(1^[k2_xboole_0(5^[],4^[]),3^[]],4^[])]]),ext([- #,[#,-r1_tarski(3^[],4^[])]]-[- #,[#,-r1_tarski(3^[],4^[])]]),init(-# - -#)],0)state([-r2_hidden(1^[k2_xboole_0(5^[],4^[]),3^[]],k2_xboole_0(_3750420,4^[]))],[-r2_hidden(1^[k2_xboole_0(5^[],4^[]),3^[]],4^[]),-r1_tarski(3^[],4^[]),- #],[k2_xboole_0(_3750420,4^[])=k2_xboole_0(_3750420,4^[]),r2_hidden(1^[k2_xboole_0(5^[],4^[]),3^[]],3^[])],[ext(r2_hidden(_3751088,_3751090),[-r2_hidden(_3751104,_3751106),_3751088=_3751104,_3751090=_3751106],n),ext(r2_hidden(1^[_3751042,_3751058],_3751042),[-r1_tarski(_3751058,_3751042)],n),ext(r2_hidden(_3750998,_3751000),[r1_tarski(_3751000,_3751012),-r2_hidden(_3750998,_3751012)],n),ext(r2_hidden(_3750950,_3750952),[_3750962=k2_xboole_0(_3750952,_3750970),-r2_hidden(_3750950,_3750962)],n),ext(r2_hidden(_3750902,_3750904),[_3750914=k2_xboole_0(_3750920,_3750904),-r2_hidden(_3750902,_3750914)],n),ext(r2_hidden(_3750838,_3750840),[_3750840=k2_xboole_0(_3750856,_3750858),-r2_hidden(_3750838,_3750856),-r2_hidden(_3750838,_3750858)],n)],[],[ext([_3750774=k2_xboole_0(_3750780,4^[]),[- (_3750802=_3750802)]]-[k2_xboole_0(_3750420,4^[])=k2_xboole_0(_3750420,4^[]),[- (k2_xboole_0(_3750420,4^[])=k2_xboole_0(_3750420,4^[]))]]),ext([-r2_hidden(1^[k2_xboole_0(5^[],4^[]),3^[]],4^[]),[r2_hidden(_3750486,_3750488),_3750498=k2_xboole_0(_3750504,_3750488),-r2_hidden(_3750486,_3750498)]]-[-r2_hidden(1^[k2_xboole_0(5^[],4^[]),3^[]],4^[]),[r2_hidden(1^[k2_xboole_0(5^[],4^[]),3^[]],4^[]),k2_xboole_0(_3750420,4^[])=k2_xboole_0(_3750420,4^[]),-r2_hidden(1^[k2_xboole_0(5^[],4^[]),3^[]],k2_xboole_0(_3750420,4^[]))]]),red([#,- #]-[#,- #]),ext([-r1_tarski(3^[],_3750578),[r1_tarski(3^[],k2_xboole_0(5^[],4^[])),#]]-[-r1_tarski(3^[],k2_xboole_0(5^[],4^[])),[r1_tarski(3^[],k2_xboole_0(5^[],4^[])),#]]),ext([r2_hidden(_3750604,3^[]),[-r2_hidden(1^[_3750638,_3750644],_3750644),-r1_tarski(_3750644,_3750638)]]-[r2_hidden(1^[k2_xboole_0(5^[],4^[]),3^[]],3^[]),[-r2_hidden(1^[k2_xboole_0(5^[],4^[]),3^[]],3^[]),-r1_tarski(3^[],k2_xboole_0(5^[],4^[]))]]),ext([-r1_tarski(3^[],4^[]),[r1_tarski(_3750700,_3750702),r2_hidden(_3750712,_3750700),-r2_hidden(_3750712,_3750702)]]-[-r1_tarski(3^[],4^[]),[r1_tarski(3^[],4^[]),r2_hidden(1^[k2_xboole_0(5^[],4^[]),3^[]],3^[]),-r2_hidden(1^[k2_xboole_0(5^[],4^[]),3^[]],4^[])]]),ext([- #,[#,-r1_tarski(3^[],4^[])]]-[- #,[#,-r1_tarski(3^[],4^[])]]),init(-# - -#)],0)state([-r2_hidden(1^[k2_xboole_0(5^[],4^[]),3^[]],k2_xboole_0(_3750420,4^[]))],[-r2_hidden(1^[k2_xboole_0(5^[],4^[]),3^[]],4^[]),-r1_tarski(3^[],4^[]),- #],[k2_xboole_0(_3750420,4^[])=k2_xboole_0(_3750420,4^[]),r2_hidden(1^[k2_xboole_0(5^[],4^[]),3^[]],3^[])],[ext(r2_hidden(_3751088,_3751090),[-r2_hidden(_3751104,_3751106),_3751088=_3751104,_3751090=_3751106],n),ext(r2_hidden(1^[_3751042,_3751058],_3751042),[-r1_tarski(_3751058,_3751042)],n),ext(r2_hidden(_3750998,_3751000),[r1_tarski(_3751000,_3751012),-r2_hidden(_3750998,_3751012)],n),ext(r2_hidden(_3750950,_3750952),[_3750962=k2_xboole_0(_3750952,_3750970),-r2_hidden(_3750950,_3750962)],n),ext(r2_hidden(_3750902,_3750904),[_3750914=k2_xboole_0(_3750920,_3750904),-r2_hidden(_3750902,_3750914)],n),ext(r2_hidden(_3750838,_3750840),[_3750840=k2_xboole_0(_3750856,_3750858),-r2_hidden(_3750838,_3750856),-r2_hidden(_3750838,_3750858)],n)],[],[ext([_3750774=k2_xboole_0(_3750780,4^[]),[- (_3750802=_3750802)]]-[k2_xboole_0(_3750420,4^[])=k2_xboole_0(_3750420,4^[]),[- (k2_xboole_0(_3750420,4^[])=k2_xboole_0(_3750420,4^[]))]]),ext([-r2_hidden(1^[k2_xboole_0(5^[],4^[]),3^[]],4^[]),[r2_hidden(_3750486,_3750488),_3750498=k2_xboole_0(_3750504,_3750488),-r2_hidden(_3750486,_3750498)]]-[-r2_hidden(1^[k2_xboole_0(5^[],4^[]),3^[]],4^[]),[r2_hidden(1^[k2_xboole_0(5^[],4^[]),3^[]],4^[]),k2_xboole_0(_3750420,4^[])=k2_xboole_0(_3750420,4^[]),-r2_hidden(1^[k2_xboole_0(5^[],4^[]),3^[]],k2_xboole_0(_3750420,4^[]))]]),red([#,- #]-[#,- #]),ext([-r1_tarski(3^[],_3750578),[r1_tarski(3^[],k2_xboole_0(5^[],4^[])),#]]-[-r1_tarski(3^[],k2_xboole_0(5^[],4^[])),[r1_tarski(3^[],k2_xboole_0(5^[],4^[])),#]]),ext([r2_hidden(_3750604,3^[]),[-r2_hidden(1^[_3750638,_3750644],_3750644),-r1_tarski(_3750644,_3750638)]]-[r2_hidden(1^[k2_xboole_0(5^[],4^[]),3^[]],3^[]),[-r2_hidden(1^[k2_xboole_0(5^[],4^[]),3^[]],3^[]),-r1_tarski(3^[],k2_xboole_0(5^[],4^[]))]]),ext([-r1_tarski(3^[],4^[]),[r1_tarski(_3750700,_3750702),r2_hidden(_3750712,_3750700),-r2_hidden(_3750712,_3750702)]]-[-r1_tarski(3^[],4^[]),[r1_tarski(3^[],4^[]),r2_hidden(1^[k2_xboole_0(5^[],4^[]),3^[]],3^[]),-r2_hidden(1^[k2_xboole_0(5^[],4^[]),3^[]],4^[])]]),ext([- #,[#,-r1_tarski(3^[],4^[])]]-[- #,[#,-r1_tarski(3^[],4^[])]]),init(-# - -#)],0)state([_1481354=k2_xboole_0(_1481360,4^[]),-r2_hidden(1^[k2_xboole_0(5^[],4^[]),3^[]],_1481354)],[-r2_hidden(1^[k2_xboole_0(5^[],4^[]),3^[]],4^[]),-r1_tarski(3^[],4^[]),- #],[r2_hidden(1^[k2_xboole_0(5^[],4^[]),3^[]],3^[])],[ext(- (k2_xboole_0(_1482130,_1482132)=k2_xboole_0(_1482136,_1482138)),[_1482130=_1482136,_1482132=_1482138],n),ext(- (_1482106=_1482106),[],n),ext(- (_1482076=_1482078),[_1482078=_1482076],n),ext(- (_1482034=_1482036),[_1482034=_1482048,_1482048=_1482036],n),ext(- (_1481938=k2_xboole_0(_1481944,_1481946)),[r2_hidden(2^[_1481938,_1481946,_1481944],_1481938),r2_hidden(2^[_1481938,_1481946,_1481944],_1481944)],n),ext(- (_1481842=k2_xboole_0(_1481848,_1481850)),[r2_hidden(2^[_1481842,_1481850,_1481848],_1481842),r2_hidden(2^[_1481842,_1481850,_1481848],_1481850)],n),ext(- (_1481698=k2_xboole_0(_1481704,_1481706)),[-r2_hidden(2^[_1481698,_1481706,_1481704],_1481698),-r2_hidden(2^[_1481698,_1481706,_1481704],_1481704),-r2_hidden(2^[_1481698,_1481706,_1481704],_1481706)],n)],[],[ext([-r2_hidden(1^[k2_xboole_0(5^[],4^[]),3^[]],4^[]),[r2_hidden(_1481624,_1481626),_1481636=k2_xboole_0(_1481642,_1481626),-r2_hidden(_1481624,_1481636)]]-[-r2_hidden(1^[k2_xboole_0(5^[],4^[]),3^[]],4^[]),[r2_hidden(1^[k2_xboole_0(5^[],4^[]),3^[]],4^[]),_1481354=k2_xboole_0(_1481360,4^[]),-r2_hidden(1^[k2_xboole_0(5^[],4^[]),3^[]],_1481354)]]),red([#,- #]-[#,- #]),ext([-r1_tarski(3^[],_1481416),[r1_tarski(3^[],k2_xboole_0(5^[],4^[])),#]]-[-r1_tarski(3^[],k2_xboole_0(5^[],4^[])),[r1_tarski(3^[],k2_xboole_0(5^[],4^[])),#]]),ext([r2_hidden(_1481442,3^[]),[-r2_hidden(1^[_1481476,_1481482],_1481482),-r1_tarski(_1481482,_1481476)]]-[r2_hidden(1^[k2_xboole_0(5^[],4^[]),3^[]],3^[]),[-r2_hidden(1^[k2_xboole_0(5^[],4^[]),3^[]],3^[]),-r1_tarski(3^[],k2_xboole_0(5^[],4^[]))]]),ext([-r1_tarski(3^[],4^[]),[r1_tarski(_1481538,_1481540),r2_hidden(_1481550,_1481538),-r2_hidden(_1481550,_1481540)]]-[-r1_tarski(3^[],4^[]),[r1_tarski(3^[],4^[]),r2_hidden(1^[k2_xboole_0(5^[],4^[]),3^[]],3^[]),-r2_hidden(1^[k2_xboole_0(5^[],4^[]),3^[]],4^[])]]),ext([- #,[#,-r1_tarski(3^[],4^[])]]-[- #,[#,-r1_tarski(3^[],4^[])]]),init(-# - -#)],0)state([_1481354=k2_xboole_0(_1481360,4^[]),-r2_hidden(1^[k2_xboole_0(5^[],4^[]),3^[]],_1481354)],[-r2_hidden(1^[k2_xboole_0(5^[],4^[]),3^[]],4^[]),-r1_tarski(3^[],4^[]),- #],[r2_hidden(1^[k2_xboole_0(5^[],4^[]),3^[]],3^[])],[ext(- (k2_xboole_0(_1482130,_1482132)=k2_xboole_0(_1482136,_1482138)),[_1482130=_1482136,_1482132=_1482138],n),ext(- (_1482106=_1482106),[],n),ext(- (_1482076=_1482078),[_1482078=_1482076],n),ext(- (_1482034=_1482036),[_1482034=_1482048,_1482048=_1482036],n),ext(- (_1481938=k2_xboole_0(_1481944,_1481946)),[r2_hidden(2^[_1481938,_1481946,_1481944],_1481938),r2_hidden(2^[_1481938,_1481946,_1481944],_1481944)],n),ext(- (_1481842=k2_xboole_0(_1481848,_1481850)),[r2_hidden(2^[_1481842,_1481850,_1481848],_1481842),r2_hidden(2^[_1481842,_1481850,_1481848],_1481850)],n),ext(- (_1481698=k2_xboole_0(_1481704,_1481706)),[-r2_hidden(2^[_1481698,_1481706,_1481704],_1481698),-r2_hidden(2^[_1481698,_1481706,_1481704],_1481704),-r2_hidden(2^[_1481698,_1481706,_1481704],_1481706)],n)],[],[ext([-r2_hidden(1^[k2_xboole_0(5^[],4^[]),3^[]],4^[]),[r2_hidden(_1481624,_1481626),_1481636=k2_xboole_0(_1481642,_1481626),-r2_hidden(_1481624,_1481636)]]-[-r2_hidden(1^[k2_xboole_0(5^[],4^[]),3^[]],4^[]),[r2_hidden(1^[k2_xboole_0(5^[],4^[]),3^[]],4^[]),_1481354=k2_xboole_0(_1481360,4^[]),-r2_hidden(1^[k2_xboole_0(5^[],4^[]),3^[]],_1481354)]]),red([#,- #]-[#,- #]),ext([-r1_tarski(3^[],_1481416),[r1_tarski(3^[],k2_xboole_0(5^[],4^[])),#]]-[-r1_tarski(3^[],k2_xboole_0(5^[],4^[])),[r1_tarski(3^[],k2_xboole_0(5^[],4^[])),#]]),ext([r2_hidden(_1481442,3^[]),[-r2_hidden(1^[_1481476,_1481482],_1481482),-r1_tarski(_1481482,_1481476)]]-[r2_hidden(1^[k2_xboole_0(5^[],4^[]),3^[]],3^[]),[-r2_hidden(1^[k2_xboole_0(5^[],4^[]),3^[]],3^[]),-r1_tarski(3^[],k2_xboole_0(5^[],4^[]))]]),ext([-r1_tarski(3^[],4^[]),[r1_tarski(_1481538,_1481540),r2_hidden(_1481550,_1481538),-r2_hidden(_1481550,_1481540)]]-[-r1_tarski(3^[],4^[]),[r1_tarski(3^[],4^[]),r2_hidden(1^[k2_xboole_0(5^[],4^[]),3^[]],3^[]),-r2_hidden(1^[k2_xboole_0(5^[],4^[]),3^[]],4^[])]]),ext([- #,[#,-r1_tarski(3^[],4^[])]]-[- #,[#,-r1_tarski(3^[],4^[])]]),init(-# - -#)],0)state([_1481354=k2_xboole_0(_1481360,4^[]),-r2_hidden(1^[k2_xboole_0(5^[],4^[]),3^[]],_1481354)],[-r2_hidden(1^[k2_xboole_0(5^[],4^[]),3^[]],4^[]),-r1_tarski(3^[],4^[]),- #],[r2_hidden(1^[k2_xboole_0(5^[],4^[]),3^[]],3^[])],[ext(- (k2_xboole_0(_1482130,_1482132)=k2_xboole_0(_1482136,_1482138)),[_1482130=_1482136,_1482132=_1482138],n),ext(- (_1482106=_1482106),[],n),ext(- (_1482076=_1482078),[_1482078=_1482076],n),ext(- (_1482034=_1482036),[_1482034=_1482048,_1482048=_1482036],n),ext(- (_1481938=k2_xboole_0(_1481944,_1481946)),[r2_hidden(2^[_1481938,_1481946,_1481944],_1481938),r2_hidden(2^[_1481938,_1481946,_1481944],_1481944)],n),ext(- (_1481842=k2_xboole_0(_1481848,_1481850)),[r2_hidden(2^[_1481842,_1481850,_1481848],_1481842),r2_hidden(2^[_1481842,_1481850,_1481848],_1481850)],n),ext(- (_1481698=k2_xboole_0(_1481704,_1481706)),[-r2_hidden(2^[_1481698,_1481706,_1481704],_1481698),-r2_hidden(2^[_1481698,_1481706,_1481704],_1481704),-r2_hidden(2^[_1481698,_1481706,_1481704],_1481706)],n)],[],[ext([-r2_hidden(1^[k2_xboole_0(5^[],4^[]),3^[]],4^[]),[r2_hidden(_1481624,_1481626),_1481636=k2_xboole_0(_1481642,_1481626),-r2_hidden(_1481624,_1481636)]]-[-r2_hidden(1^[k2_xboole_0(5^[],4^[]),3^[]],4^[]),[r2_hidden(1^[k2_xboole_0(5^[],4^[]),3^[]],4^[]),_1481354=k2_xboole_0(_1481360,4^[]),-r2_hidden(1^[k2_xboole_0(5^[],4^[]),3^[]],_1481354)]]),red([#,- #]-[#,- #]),ext([-r1_tarski(3^[],_1481416),[r1_tarski(3^[],k2_xboole_0(5^[],4^[])),#]]-[-r1_tarski(3^[],k2_xboole_0(5^[],4^[])),[r1_tarski(3^[],k2_xboole_0(5^[],4^[])),#]]),ext([r2_hidden(_1481442,3^[]),[-r2_hidden(1^[_1481476,_1481482],_1481482),-r1_tarski(_1481482,_1481476)]]-[r2_hidden(1^[k2_xboole_0(5^[],4^[]),3^[]],3^[]),[-r2_hidden(1^[k2_xboole_0(5^[],4^[]),3^[]],3^[]),-r1_tarski(3^[],k2_xboole_0(5^[],4^[]))]]),ext([-r1_tarski(3^[],4^[]),[r1_tarski(_1481538,_1481540),r2_hidden(_1481550,_1481538),-r2_hidden(_1481550,_1481540)]]-[-r1_tarski(3^[],4^[]),[r1_tarski(3^[],4^[]),r2_hidden(1^[k2_xboole_0(5^[],4^[]),3^[]],3^[]),-r2_hidden(1^[k2_xboole_0(5^[],4^[]),3^[]],4^[])]]),ext([- #,[#,-r1_tarski(3^[],4^[])]]-[- #,[#,-r1_tarski(3^[],4^[])]]),init(-# - -#)],0)state([_1481354=k2_xboole_0(_1481360,4^[]),-r2_hidden(1^[k2_xboole_0(5^[],4^[]),3^[]],_1481354)],[-r2_hidden(1^[k2_xboole_0(5^[],4^[]),3^[]],4^[]),-r1_tarski(3^[],4^[]),- #],[r2_hidden(1^[k2_xboole_0(5^[],4^[]),3^[]],3^[])],[ext(- (k2_xboole_0(_1482130,_1482132)=k2_xboole_0(_1482136,_1482138)),[_1482130=_1482136,_1482132=_1482138],n),ext(- (_1482106=_1482106),[],n),ext(- (_1482076=_1482078),[_1482078=_1482076],n),ext(- (_1482034=_1482036),[_1482034=_1482048,_1482048=_1482036],n),ext(- (_1481938=k2_xboole_0(_1481944,_1481946)),[r2_hidden(2^[_1481938,_1481946,_1481944],_1481938),r2_hidden(2^[_1481938,_1481946,_1481944],_1481944)],n),ext(- (_1481842=k2_xboole_0(_1481848,_1481850)),[r2_hidden(2^[_1481842,_1481850,_1481848],_1481842),r2_hidden(2^[_1481842,_1481850,_1481848],_1481850)],n),ext(- (_1481698=k2_xboole_0(_1481704,_1481706)),[-r2_hidden(2^[_1481698,_1481706,_1481704],_1481698),-r2_hidden(2^[_1481698,_1481706,_1481704],_1481704),-r2_hidden(2^[_1481698,_1481706,_1481704],_1481706)],n)],[],[ext([-r2_hidden(1^[k2_xboole_0(5^[],4^[]),3^[]],4^[]),[r2_hidden(_1481624,_1481626),_1481636=k2_xboole_0(_1481642,_1481626),-r2_hidden(_1481624,_1481636)]]-[-r2_hidden(1^[k2_xboole_0(5^[],4^[]),3^[]],4^[]),[r2_hidden(1^[k2_xboole_0(5^[],4^[]),3^[]],4^[]),_1481354=k2_xboole_0(_1481360,4^[]),-r2_hidden(1^[k2_xboole_0(5^[],4^[]),3^[]],_1481354)]]),red([#,- #]-[#,- #]),ext([-r1_tarski(3^[],_1481416),[r1_tarski(3^[],k2_xboole_0(5^[],4^[])),#]]-[-r1_tarski(3^[],k2_xboole_0(5^[],4^[])),[r1_tarski(3^[],k2_xboole_0(5^[],4^[])),#]]),ext([r2_hidden(_1481442,3^[]),[-r2_hidden(1^[_1481476,_1481482],_1481482),-r1_tarski(_1481482,_1481476)]]-[r2_hidden(1^[k2_xboole_0(5^[],4^[]),3^[]],3^[]),[-r2_hidden(1^[k2_xboole_0(5^[],4^[]),3^[]],3^[]),-r1_tarski(3^[],k2_xboole_0(5^[],4^[]))]]),ext([-r1_tarski(3^[],4^[]),[r1_tarski(_1481538,_1481540),r2_hidden(_1481550,_1481538),-r2_hidden(_1481550,_1481540)]]-[-r1_tarski(3^[],4^[]),[r1_tarski(3^[],4^[]),r2_hidden(1^[k2_xboole_0(5^[],4^[]),3^[]],3^[]),-r2_hidden(1^[k2_xboole_0(5^[],4^[]),3^[]],4^[])]]),ext([- #,[#,-r1_tarski(3^[],4^[])]]-[- #,[#,-r1_tarski(3^[],4^[])]]),init(-# - -#)],0)state([_1481354=k2_xboole_0(_1481360,4^[]),-r2_hidden(1^[k2_xboole_0(5^[],4^[]),3^[]],_1481354)],[-r2_hidden(1^[k2_xboole_0(5^[],4^[]),3^[]],4^[]),-r1_tarski(3^[],4^[]),- #],[r2_hidden(1^[k2_xboole_0(5^[],4^[]),3^[]],3^[])],[ext(- (k2_xboole_0(_1482130,_1482132)=k2_xboole_0(_1482136,_1482138)),[_1482130=_1482136,_1482132=_1482138],n),ext(- (_1482106=_1482106),[],n),ext(- (_1482076=_1482078),[_1482078=_1482076],n),ext(- (_1482034=_1482036),[_1482034=_1482048,_1482048=_1482036],n),ext(- (_1481938=k2_xboole_0(_1481944,_1481946)),[r2_hidden(2^[_1481938,_1481946,_1481944],_1481938),r2_hidden(2^[_1481938,_1481946,_1481944],_1481944)],n),ext(- (_1481842=k2_xboole_0(_1481848,_1481850)),[r2_hidden(2^[_1481842,_1481850,_1481848],_1481842),r2_hidden(2^[_1481842,_1481850,_1481848],_1481850)],n),ext(- (_1481698=k2_xboole_0(_1481704,_1481706)),[-r2_hidden(2^[_1481698,_1481706,_1481704],_1481698),-r2_hidden(2^[_1481698,_1481706,_1481704],_1481704),-r2_hidden(2^[_1481698,_1481706,_1481704],_1481706)],n)],[],[ext([-r2_hidden(1^[k2_xboole_0(5^[],4^[]),3^[]],4^[]),[r2_hidden(_1481624,_1481626),_1481636=k2_xboole_0(_1481642,_1481626),-r2_hidden(_1481624,_1481636)]]-[-r2_hidden(1^[k2_xboole_0(5^[],4^[]),3^[]],4^[]),[r2_hidden(1^[k2_xboole_0(5^[],4^[]),3^[]],4^[]),_1481354=k2_xboole_0(_1481360,4^[]),-r2_hidden(1^[k2_xboole_0(5^[],4^[]),3^[]],_1481354)]]),red([#,- #]-[#,- #]),ext([-r1_tarski(3^[],_1481416),[r1_tarski(3^[],k2_xboole_0(5^[],4^[])),#]]-[-r1_tarski(3^[],k2_xboole_0(5^[],4^[])),[r1_tarski(3^[],k2_xboole_0(5^[],4^[])),#]]),ext([r2_hidden(_1481442,3^[]),[-r2_hidden(1^[_1481476,_1481482],_1481482),-r1_tarski(_1481482,_1481476)]]-[r2_hidden(1^[k2_xboole_0(5^[],4^[]),3^[]],3^[]),[-r2_hidden(1^[k2_xboole_0(5^[],4^[]),3^[]],3^[]),-r1_tarski(3^[],k2_xboole_0(5^[],4^[]))]]),ext([-r1_tarski(3^[],4^[]),[r1_tarski(_1481538,_1481540),r2_hidden(_1481550,_1481538),-r2_hidden(_1481550,_1481540)]]-[-r1_tarski(3^[],4^[]),[r1_tarski(3^[],4^[]),r2_hidden(1^[k2_xboole_0(5^[],4^[]),3^[]],3^[]),-r2_hidden(1^[k2_xboole_0(5^[],4^[]),3^[]],4^[])]]),ext([- #,[#,-r1_tarski(3^[],4^[])]]-[- #,[#,-r1_tarski(3^[],4^[])]]),init(-# - -#)],0)state([_1481354=k2_xboole_0(_1481360,4^[]),-r2_hidden(1^[k2_xboole_0(5^[],4^[]),3^[]],_1481354)],[-r2_hidden(1^[k2_xboole_0(5^[],4^[]),3^[]],4^[]),-r1_tarski(3^[],4^[]),- #],[r2_hidden(1^[k2_xboole_0(5^[],4^[]),3^[]],3^[])],[ext(- (k2_xboole_0(_1482130,_1482132)=k2_xboole_0(_1482136,_1482138)),[_1482130=_1482136,_1482132=_1482138],n),ext(- (_1482106=_1482106),[],n),ext(- (_1482076=_1482078),[_1482078=_1482076],n),ext(- (_1482034=_1482036),[_1482034=_1482048,_1482048=_1482036],n),ext(- (_1481938=k2_xboole_0(_1481944,_1481946)),[r2_hidden(2^[_1481938,_1481946,_1481944],_1481938),r2_hidden(2^[_1481938,_1481946,_1481944],_1481944)],n),ext(- (_1481842=k2_xboole_0(_1481848,_1481850)),[r2_hidden(2^[_1481842,_1481850,_1481848],_1481842),r2_hidden(2^[_1481842,_1481850,_1481848],_1481850)],n),ext(- (_1481698=k2_xboole_0(_1481704,_1481706)),[-r2_hidden(2^[_1481698,_1481706,_1481704],_1481698),-r2_hidden(2^[_1481698,_1481706,_1481704],_1481704),-r2_hidden(2^[_1481698,_1481706,_1481704],_1481706)],n)],[],[ext([-r2_hidden(1^[k2_xboole_0(5^[],4^[]),3^[]],4^[]),[r2_hidden(_1481624,_1481626),_1481636=k2_xboole_0(_1481642,_1481626),-r2_hidden(_1481624,_1481636)]]-[-r2_hidden(1^[k2_xboole_0(5^[],4^[]),3^[]],4^[]),[r2_hidden(1^[k2_xboole_0(5^[],4^[]),3^[]],4^[]),_1481354=k2_xboole_0(_1481360,4^[]),-r2_hidden(1^[k2_xboole_0(5^[],4^[]),3^[]],_1481354)]]),red([#,- #]-[#,- #]),ext([-r1_tarski(3^[],_1481416),[r1_tarski(3^[],k2_xboole_0(5^[],4^[])),#]]-[-r1_tarski(3^[],k2_xboole_0(5^[],4^[])),[r1_tarski(3^[],k2_xboole_0(5^[],4^[])),#]]),ext([r2_hidden(_1481442,3^[]),[-r2_hidden(1^[_1481476,_1481482],_1481482),-r1_tarski(_1481482,_1481476)]]-[r2_hidden(1^[k2_xboole_0(5^[],4^[]),3^[]],3^[]),[-r2_hidden(1^[k2_xboole_0(5^[],4^[]),3^[]],3^[]),-r1_tarski(3^[],k2_xboole_0(5^[],4^[]))]]),ext([-r1_tarski(3^[],4^[]),[r1_tarski(_1481538,_1481540),r2_hidden(_1481550,_1481538),-r2_hidden(_1481550,_1481540)]]-[-r1_tarski(3^[],4^[]),[r1_tarski(3^[],4^[]),r2_hidden(1^[k2_xboole_0(5^[],4^[]),3^[]],3^[]),-r2_hidden(1^[k2_xboole_0(5^[],4^[]),3^[]],4^[])]]),ext([- #,[#,-r1_tarski(3^[],4^[])]]-[- #,[#,-r1_tarski(3^[],4^[])]]),init(-# - -#)],0)state([_1481354=k2_xboole_0(_1481360,4^[]),-r2_hidden(1^[k2_xboole_0(5^[],4^[]),3^[]],_1481354)],[-r2_hidden(1^[k2_xboole_0(5^[],4^[]),3^[]],4^[]),-r1_tarski(3^[],4^[]),- #],[r2_hidden(1^[k2_xboole_0(5^[],4^[]),3^[]],3^[])],[ext(- (k2_xboole_0(_1482130,_1482132)=k2_xboole_0(_1482136,_1482138)),[_1482130=_1482136,_1482132=_1482138],n),ext(- (_1482106=_1482106),[],n),ext(- (_1482076=_1482078),[_1482078=_1482076],n),ext(- (_1482034=_1482036),[_1482034=_1482048,_1482048=_1482036],n),ext(- (_1481938=k2_xboole_0(_1481944,_1481946)),[r2_hidden(2^[_1481938,_1481946,_1481944],_1481938),r2_hidden(2^[_1481938,_1481946,_1481944],_1481944)],n),ext(- (_1481842=k2_xboole_0(_1481848,_1481850)),[r2_hidden(2^[_1481842,_1481850,_1481848],_1481842),r2_hidden(2^[_1481842,_1481850,_1481848],_1481850)],n),ext(- (_1481698=k2_xboole_0(_1481704,_1481706)),[-r2_hidden(2^[_1481698,_1481706,_1481704],_1481698),-r2_hidden(2^[_1481698,_1481706,_1481704],_1481704),-r2_hidden(2^[_1481698,_1481706,_1481704],_1481706)],n)],[],[ext([-r2_hidden(1^[k2_xboole_0(5^[],4^[]),3^[]],4^[]),[r2_hidden(_1481624,_1481626),_1481636=k2_xboole_0(_1481642,_1481626),-r2_hidden(_1481624,_1481636)]]-[-r2_hidden(1^[k2_xboole_0(5^[],4^[]),3^[]],4^[]),[r2_hidden(1^[k2_xboole_0(5^[],4^[]),3^[]],4^[]),_1481354=k2_xboole_0(_1481360,4^[]),-r2_hidden(1^[k2_xboole_0(5^[],4^[]),3^[]],_1481354)]]),red([#,- #]-[#,- #]),ext([-r1_tarski(3^[],_1481416),[r1_tarski(3^[],k2_xboole_0(5^[],4^[])),#]]-[-r1_tarski(3^[],k2_xboole_0(5^[],4^[])),[r1_tarski(3^[],k2_xboole_0(5^[],4^[])),#]]),ext([r2_hidden(_1481442,3^[]),[-r2_hidden(1^[_1481476,_1481482],_1481482),-r1_tarski(_1481482,_1481476)]]-[r2_hidden(1^[k2_xboole_0(5^[],4^[]),3^[]],3^[]),[-r2_hidden(1^[k2_xboole_0(5^[],4^[]),3^[]],3^[]),-r1_tarski(3^[],k2_xboole_0(5^[],4^[]))]]),ext([-r1_tarski(3^[],4^[]),[r1_tarski(_1481538,_1481540),r2_hidden(_1481550,_1481538),-r2_hidden(_1481550,_1481540)]]-[-r1_tarski(3^[],4^[]),[r1_tarski(3^[],4^[]),r2_hidden(1^[k2_xboole_0(5^[],4^[]),3^[]],3^[]),-r2_hidden(1^[k2_xboole_0(5^[],4^[]),3^[]],4^[])]]),ext([- #,[#,-r1_tarski(3^[],4^[])]]-[- #,[#,-r1_tarski(3^[],4^[])]]),init(-# - -#)],0)state([-r2_hidden(1^[k2_xboole_0(5^[],4^[]),3^[]],4^[])],[-r1_tarski(3^[],4^[]),- #],[r2_hidden(1^[k2_xboole_0(5^[],4^[]),3^[]],3^[])],[ext(r2_hidden(_159414,_159416),[-r2_hidden(_159430,_159432),_159414=_159430,_159416=_159432],n),ext(r2_hidden(_159372,_159374),[r1_tarski(_159374,_159386),-r2_hidden(_159372,_159386)],n),ext(r2_hidden(_159324,_159326),[_159336=k2_xboole_0(_159326,_159344),-r2_hidden(_159324,_159336)],n),ext(r2_hidden(_159276,_159278),[_159288=k2_xboole_0(_159294,_159278),-r2_hidden(_159276,_159288)],n),ext(r2_hidden(_159212,_159214),[_159214=k2_xboole_0(_159230,_159232),-r2_hidden(_159212,_159230),-r2_hidden(_159212,_159232)],n)],[],[red([#,- #]-[#,- #]),ext([-r1_tarski(3^[],_159152),[r1_tarski(3^[],k2_xboole_0(5^[],4^[])),#]]-[-r1_tarski(3^[],k2_xboole_0(5^[],4^[])),[r1_tarski(3^[],k2_xboole_0(5^[],4^[])),#]]),ext([r2_hidden(_158924,3^[]),[-r2_hidden(1^[_158958,_158964],_158964),-r1_tarski(_158964,_158958)]]-[r2_hidden(1^[k2_xboole_0(5^[],4^[]),3^[]],3^[]),[-r2_hidden(1^[k2_xboole_0(5^[],4^[]),3^[]],3^[]),-r1_tarski(3^[],k2_xboole_0(5^[],4^[]))]]),ext([-r1_tarski(3^[],4^[]),[r1_tarski(_159048,_159050),r2_hidden(_159060,_159048),-r2_hidden(_159060,_159050)]]-[-r1_tarski(3^[],4^[]),[r1_tarski(3^[],4^[]),r2_hidden(1^[k2_xboole_0(5^[],4^[]),3^[]],3^[]),-r2_hidden(1^[k2_xboole_0(5^[],4^[]),3^[]],4^[])]]),ext([- #,[#,-r1_tarski(3^[],4^[])]]-[- #,[#,-r1_tarski(3^[],4^[])]]),init(-# - -#)],0)state([-r2_hidden(1^[k2_xboole_0(5^[],4^[]),3^[]],4^[])],[-r1_tarski(3^[],4^[]),- #],[r2_hidden(1^[k2_xboole_0(5^[],4^[]),3^[]],3^[])],[ext(r2_hidden(_159414,_159416),[-r2_hidden(_159430,_159432),_159414=_159430,_159416=_159432],n),ext(r2_hidden(_159372,_159374),[r1_tarski(_159374,_159386),-r2_hidden(_159372,_159386)],n),ext(r2_hidden(_159324,_159326),[_159336=k2_xboole_0(_159326,_159344),-r2_hidden(_159324,_159336)],n),ext(r2_hidden(_159276,_159278),[_159288=k2_xboole_0(_159294,_159278),-r2_hidden(_159276,_159288)],n),ext(r2_hidden(_159212,_159214),[_159214=k2_xboole_0(_159230,_159232),-r2_hidden(_159212,_159230),-r2_hidden(_159212,_159232)],n)],[],[red([#,- #]-[#,- #]),ext([-r1_tarski(3^[],_159152),[r1_tarski(3^[],k2_xboole_0(5^[],4^[])),#]]-[-r1_tarski(3^[],k2_xboole_0(5^[],4^[])),[r1_tarski(3^[],k2_xboole_0(5^[],4^[])),#]]),ext([r2_hidden(_158924,3^[]),[-r2_hidden(1^[_158958,_158964],_158964),-r1_tarski(_158964,_158958)]]-[r2_hidden(1^[k2_xboole_0(5^[],4^[]),3^[]],3^[]),[-r2_hidden(1^[k2_xboole_0(5^[],4^[]),3^[]],3^[]),-r1_tarski(3^[],k2_xboole_0(5^[],4^[]))]]),ext([-r1_tarski(3^[],4^[]),[r1_tarski(_159048,_159050),r2_hidden(_159060,_159048),-r2_hidden(_159060,_159050)]]-[-r1_tarski(3^[],4^[]),[r1_tarski(3^[],4^[]),r2_hidden(1^[k2_xboole_0(5^[],4^[]),3^[]],3^[]),-r2_hidden(1^[k2_xboole_0(5^[],4^[]),3^[]],4^[])]]),ext([- #,[#,-r1_tarski(3^[],4^[])]]-[- #,[#,-r1_tarski(3^[],4^[])]]),init(-# - -#)],0)state([-r2_hidden(1^[k2_xboole_0(5^[],4^[]),3^[]],4^[])],[-r1_tarski(3^[],4^[]),- #],[r2_hidden(1^[k2_xboole_0(5^[],4^[]),3^[]],3^[])],[ext(r2_hidden(_159414,_159416),[-r2_hidden(_159430,_159432),_159414=_159430,_159416=_159432],n),ext(r2_hidden(_159372,_159374),[r1_tarski(_159374,_159386),-r2_hidden(_159372,_159386)],n),ext(r2_hidden(_159324,_159326),[_159336=k2_xboole_0(_159326,_159344),-r2_hidden(_159324,_159336)],n),ext(r2_hidden(_159276,_159278),[_159288=k2_xboole_0(_159294,_159278),-r2_hidden(_159276,_159288)],n),ext(r2_hidden(_159212,_159214),[_159214=k2_xboole_0(_159230,_159232),-r2_hidden(_159212,_159230),-r2_hidden(_159212,_159232)],n)],[],[red([#,- #]-[#,- #]),ext([-r1_tarski(3^[],_159152),[r1_tarski(3^[],k2_xboole_0(5^[],4^[])),#]]-[-r1_tarski(3^[],k2_xboole_0(5^[],4^[])),[r1_tarski(3^[],k2_xboole_0(5^[],4^[])),#]]),ext([r2_hidden(_158924,3^[]),[-r2_hidden(1^[_158958,_158964],_158964),-r1_tarski(_158964,_158958)]]-[r2_hidden(1^[k2_xboole_0(5^[],4^[]),3^[]],3^[]),[-r2_hidden(1^[k2_xboole_0(5^[],4^[]),3^[]],3^[]),-r1_tarski(3^[],k2_xboole_0(5^[],4^[]))]]),ext([-r1_tarski(3^[],4^[]),[r1_tarski(_159048,_159050),r2_hidden(_159060,_159048),-r2_hidden(_159060,_159050)]]-[-r1_tarski(3^[],4^[]),[r1_tarski(3^[],4^[]),r2_hidden(1^[k2_xboole_0(5^[],4^[]),3^[]],3^[]),-r2_hidden(1^[k2_xboole_0(5^[],4^[]),3^[]],4^[])]]),ext([- #,[#,-r1_tarski(3^[],4^[])]]-[- #,[#,-r1_tarski(3^[],4^[])]]),init(-# - -#)],0)state([-r2_hidden(1^[k2_xboole_0(5^[],4^[]),3^[]],4^[])],[-r1_tarski(3^[],4^[]),- #],[r2_hidden(1^[k2_xboole_0(5^[],4^[]),3^[]],3^[])],[ext(r2_hidden(_159414,_159416),[-r2_hidden(_159430,_159432),_159414=_159430,_159416=_159432],n),ext(r2_hidden(_159372,_159374),[r1_tarski(_159374,_159386),-r2_hidden(_159372,_159386)],n),ext(r2_hidden(_159324,_159326),[_159336=k2_xboole_0(_159326,_159344),-r2_hidden(_159324,_159336)],n),ext(r2_hidden(_159276,_159278),[_159288=k2_xboole_0(_159294,_159278),-r2_hidden(_159276,_159288)],n),ext(r2_hidden(_159212,_159214),[_159214=k2_xboole_0(_159230,_159232),-r2_hidden(_159212,_159230),-r2_hidden(_159212,_159232)],n)],[],[red([#,- #]-[#,- #]),ext([-r1_tarski(3^[],_159152),[r1_tarski(3^[],k2_xboole_0(5^[],4^[])),#]]-[-r1_tarski(3^[],k2_xboole_0(5^[],4^[])),[r1_tarski(3^[],k2_xboole_0(5^[],4^[])),#]]),ext([r2_hidden(_158924,3^[]),[-r2_hidden(1^[_158958,_158964],_158964),-r1_tarski(_158964,_158958)]]-[r2_hidden(1^[k2_xboole_0(5^[],4^[]),3^[]],3^[]),[-r2_hidden(1^[k2_xboole_0(5^[],4^[]),3^[]],3^[]),-r1_tarski(3^[],k2_xboole_0(5^[],4^[]))]]),ext([-r1_tarski(3^[],4^[]),[r1_tarski(_159048,_159050),r2_hidden(_159060,_159048),-r2_hidden(_159060,_159050)]]-[-r1_tarski(3^[],4^[]),[r1_tarski(3^[],4^[]),r2_hidden(1^[k2_xboole_0(5^[],4^[]),3^[]],3^[]),-r2_hidden(1^[k2_xboole_0(5^[],4^[]),3^[]],4^[])]]),ext([- #,[#,-r1_tarski(3^[],4^[])]]-[- #,[#,-r1_tarski(3^[],4^[])]]),init(-# - -#)],0)state([-r2_hidden(1^[k2_xboole_0(5^[],4^[]),3^[]],4^[])],[-r1_tarski(3^[],4^[]),- #],[r2_hidden(1^[k2_xboole_0(5^[],4^[]),3^[]],3^[])],[ext(r2_hidden(_159414,_159416),[-r2_hidden(_159430,_159432),_159414=_159430,_159416=_159432],n),ext(r2_hidden(_159372,_159374),[r1_tarski(_159374,_159386),-r2_hidden(_159372,_159386)],n),ext(r2_hidden(_159324,_159326),[_159336=k2_xboole_0(_159326,_159344),-r2_hidden(_159324,_159336)],n),ext(r2_hidden(_159276,_159278),[_159288=k2_xboole_0(_159294,_159278),-r2_hidden(_159276,_159288)],n),ext(r2_hidden(_159212,_159214),[_159214=k2_xboole_0(_159230,_159232),-r2_hidden(_159212,_159230),-r2_hidden(_159212,_159232)],n)],[],[red([#,- #]-[#,- #]),ext([-r1_tarski(3^[],_159152),[r1_tarski(3^[],k2_xboole_0(5^[],4^[])),#]]-[-r1_tarski(3^[],k2_xboole_0(5^[],4^[])),[r1_tarski(3^[],k2_xboole_0(5^[],4^[])),#]]),ext([r2_hidden(_158924,3^[]),[-r2_hidden(1^[_158958,_158964],_158964),-r1_tarski(_158964,_158958)]]-[r2_hidden(1^[k2_xboole_0(5^[],4^[]),3^[]],3^[]),[-r2_hidden(1^[k2_xboole_0(5^[],4^[]),3^[]],3^[]),-r1_tarski(3^[],k2_xboole_0(5^[],4^[]))]]),ext([-r1_tarski(3^[],4^[]),[r1_tarski(_159048,_159050),r2_hidden(_159060,_159048),-r2_hidden(_159060,_159050)]]-[-r1_tarski(3^[],4^[]),[r1_tarski(3^[],4^[]),r2_hidden(1^[k2_xboole_0(5^[],4^[]),3^[]],3^[]),-r2_hidden(1^[k2_xboole_0(5^[],4^[]),3^[]],4^[])]]),ext([- #,[#,-r1_tarski(3^[],4^[])]]-[- #,[#,-r1_tarski(3^[],4^[])]]),init(-# - -#)],0)state([-r1_tarski(3^[],_158358)],[r2_hidden(1^[_158358,3^[]],3^[]),-r1_tarski(3^[],4^[]),- #],[],[ext(r1_tarski(3^[],k2_xboole_0(5^[],4^[])),[#],g),ext(r1_tarski(_158676,_158678),[-r1_tarski(_158692,_158694),_158676=_158692,_158678=_158694],n),ext(r1_tarski(_158634,_158636),[r2_hidden(_158646,_158634),-r2_hidden(_158646,_158636)],n)],[[[-r2_hidden(1^[_158358,3^[]],4^[])],[-r1_tarski(3^[],4^[]),- #],[r2_hidden(1^[_158358,3^[]],3^[])]]],[ext([r2_hidden(_158512,3^[]),[-r2_hidden(1^[_158546,_158552],_158552),-r1_tarski(_158552,_158546)]]-[r2_hidden(1^[_158358,3^[]],3^[]),[-r2_hidden(1^[_158358,3^[]],3^[]),-r1_tarski(3^[],_158358)]]),ext([-r1_tarski(3^[],4^[]),[r1_tarski(_158420,_158422),r2_hidden(_158432,_158420),-r2_hidden(_158432,_158422)]]-[-r1_tarski(3^[],4^[]),[r1_tarski(3^[],4^[]),r2_hidden(1^[_158358,3^[]],3^[]),-r2_hidden(1^[_158358,3^[]],4^[])]]),ext([- #,[#,-r1_tarski(3^[],4^[])]]-[- #,[#,-r1_tarski(3^[],4^[])]]),init(-# - -#)],0)state([-r1_tarski(3^[],_158358)],[r2_hidden(1^[_158358,3^[]],3^[]),-r1_tarski(3^[],4^[]),- #],[],[ext(r1_tarski(3^[],k2_xboole_0(5^[],4^[])),[#],g),ext(r1_tarski(_158676,_158678),[-r1_tarski(_158692,_158694),_158676=_158692,_158678=_158694],n),ext(r1_tarski(_158634,_158636),[r2_hidden(_158646,_158634),-r2_hidden(_158646,_158636)],n)],[[[-r2_hidden(1^[_158358,3^[]],4^[])],[-r1_tarski(3^[],4^[]),- #],[r2_hidden(1^[_158358,3^[]],3^[])]]],[ext([r2_hidden(_158512,3^[]),[-r2_hidden(1^[_158546,_158552],_158552),-r1_tarski(_158552,_158546)]]-[r2_hidden(1^[_158358,3^[]],3^[]),[-r2_hidden(1^[_158358,3^[]],3^[]),-r1_tarski(3^[],_158358)]]),ext([-r1_tarski(3^[],4^[]),[r1_tarski(_158420,_158422),r2_hidden(_158432,_158420),-r2_hidden(_158432,_158422)]]-[-r1_tarski(3^[],4^[]),[r1_tarski(3^[],4^[]),r2_hidden(1^[_158358,3^[]],3^[]),-r2_hidden(1^[_158358,3^[]],4^[])]]),ext([- #,[#,-r1_tarski(3^[],4^[])]]-[- #,[#,-r1_tarski(3^[],4^[])]]),init(-# - -#)],0)state([-r1_tarski(3^[],_158358)],[r2_hidden(1^[_158358,3^[]],3^[]),-r1_tarski(3^[],4^[]),- #],[],[ext(r1_tarski(3^[],k2_xboole_0(5^[],4^[])),[#],g),ext(r1_tarski(_158676,_158678),[-r1_tarski(_158692,_158694),_158676=_158692,_158678=_158694],n),ext(r1_tarski(_158634,_158636),[r2_hidden(_158646,_158634),-r2_hidden(_158646,_158636)],n)],[[[-r2_hidden(1^[_158358,3^[]],4^[])],[-r1_tarski(3^[],4^[]),- #],[r2_hidden(1^[_158358,3^[]],3^[])]]],[ext([r2_hidden(_158512,3^[]),[-r2_hidden(1^[_158546,_158552],_158552),-r1_tarski(_158552,_158546)]]-[r2_hidden(1^[_158358,3^[]],3^[]),[-r2_hidden(1^[_158358,3^[]],3^[]),-r1_tarski(3^[],_158358)]]),ext([-r1_tarski(3^[],4^[]),[r1_tarski(_158420,_158422),r2_hidden(_158432,_158420),-r2_hidden(_158432,_158422)]]-[-r1_tarski(3^[],4^[]),[r1_tarski(3^[],4^[]),r2_hidden(1^[_158358,3^[]],3^[]),-r2_hidden(1^[_158358,3^[]],4^[])]]),ext([- #,[#,-r1_tarski(3^[],4^[])]]-[- #,[#,-r1_tarski(3^[],4^[])]]),init(-# - -#)],0)state([r2_hidden(_6674,3^[]),-r2_hidden(_6674,4^[])],[-r1_tarski(3^[],4^[]),- #],[],[ext(-r2_hidden(_7566,_7568),[r2_hidden(_7578,_7580),_7578=_7566,_7580=_7568],n),ext(-r2_hidden(1^[_7526,_7516],_7516),[-r1_tarski(_7516,_7526)],n),ext(-r2_hidden(_7472,_7474),[r1_tarski(_7484,_7474),r2_hidden(_7472,_7484)],n),ext(-r2_hidden(_7424,_7426),[_7426=k2_xboole_0(_7442,_7444),r2_hidden(_7424,_7442)],n),ext(-r2_hidden(_7376,_7378),[_7378=k2_xboole_0(_7394,_7396),r2_hidden(_7376,_7396)],n),ext(-r2_hidden(_7312,_7314),[_7324=k2_xboole_0(_7314,_7332),r2_hidden(_7312,_7324),-r2_hidden(_7312,_7332)],n),ext(-r2_hidden(_7248,_7250),[_7260=k2_xboole_0(_7266,_7250),r2_hidden(_7248,_7260),-r2_hidden(_7248,_7266)],n),ext(-r2_hidden(2^[_7106,_7122,_7128],_7106),[- (_7106=k2_xboole_0(_7128,_7122)),-r2_hidden(2^[_7106,_7122,_7128],_7128),-r2_hidden(2^[_7106,_7122,_7128],_7122)],n),ext(-r2_hidden(2^[_6972,_6978,_6962],_6962),[- (_6972=k2_xboole_0(_6962,_6978)),-r2_hidden(2^[_6972,_6978,_6962],_6972),-r2_hidden(2^[_6972,_6978,_6962],_6978)],n),ext(-r2_hidden(2^[_6828,_6818,_6840],_6818),[- (_6828=k2_xboole_0(_6840,_6818)),-r2_hidden(2^[_6828,_6818,_6840],_6828),-r2_hidden(2^[_6828,_6818,_6840],_6840)],n)],[],[ext([-r1_tarski(3^[],4^[]),[r1_tarski(_6748,_6750),r2_hidden(_6760,_6748),-r2_hidden(_6760,_6750)]]-[-r1_tarski(3^[],4^[]),[r1_tarski(3^[],4^[]),r2_hidden(_6674,3^[]),-r2_hidden(_6674,4^[])]]),ext([- #,[#,-r1_tarski(3^[],4^[])]]-[- #,[#,-r1_tarski(3^[],4^[])]]),init(-# - -#)],0)state([r2_hidden(_6674,3^[]),-r2_hidden(_6674,4^[])],[-r1_tarski(3^[],4^[]),- #],[],[ext(-r2_hidden(_7566,_7568),[r2_hidden(_7578,_7580),_7578=_7566,_7580=_7568],n),ext(-r2_hidden(1^[_7526,_7516],_7516),[-r1_tarski(_7516,_7526)],n),ext(-r2_hidden(_7472,_7474),[r1_tarski(_7484,_7474),r2_hidden(_7472,_7484)],n),ext(-r2_hidden(_7424,_7426),[_7426=k2_xboole_0(_7442,_7444),r2_hidden(_7424,_7442)],n),ext(-r2_hidden(_7376,_7378),[_7378=k2_xboole_0(_7394,_7396),r2_hidden(_7376,_7396)],n),ext(-r2_hidden(_7312,_7314),[_7324=k2_xboole_0(_7314,_7332),r2_hidden(_7312,_7324),-r2_hidden(_7312,_7332)],n),ext(-r2_hidden(_7248,_7250),[_7260=k2_xboole_0(_7266,_7250),r2_hidden(_7248,_7260),-r2_hidden(_7248,_7266)],n),ext(-r2_hidden(2^[_7106,_7122,_7128],_7106),[- (_7106=k2_xboole_0(_7128,_7122)),-r2_hidden(2^[_7106,_7122,_7128],_7128),-r2_hidden(2^[_7106,_7122,_7128],_7122)],n),ext(-r2_hidden(2^[_6972,_6978,_6962],_6962),[- (_6972=k2_xboole_0(_6962,_6978)),-r2_hidden(2^[_6972,_6978,_6962],_6972),-r2_hidden(2^[_6972,_6978,_6962],_6978)],n),ext(-r2_hidden(2^[_6828,_6818,_6840],_6818),[- (_6828=k2_xboole_0(_6840,_6818)),-r2_hidden(2^[_6828,_6818,_6840],_6828),-r2_hidden(2^[_6828,_6818,_6840],_6840)],n)],[],[ext([-r1_tarski(3^[],4^[]),[r1_tarski(_6748,_6750),r2_hidden(_6760,_6748),-r2_hidden(_6760,_6750)]]-[-r1_tarski(3^[],4^[]),[r1_tarski(3^[],4^[]),r2_hidden(_6674,3^[]),-r2_hidden(_6674,4^[])]]),ext([- #,[#,-r1_tarski(3^[],4^[])]]-[- #,[#,-r1_tarski(3^[],4^[])]]),init(-# - -#)],0)state([r2_hidden(_6674,3^[]),-r2_hidden(_6674,4^[])],[-r1_tarski(3^[],4^[]),- #],[],[ext(-r2_hidden(_7566,_7568),[r2_hidden(_7578,_7580),_7578=_7566,_7580=_7568],n),ext(-r2_hidden(1^[_7526,_7516],_7516),[-r1_tarski(_7516,_7526)],n),ext(-r2_hidden(_7472,_7474),[r1_tarski(_7484,_7474),r2_hidden(_7472,_7484)],n),ext(-r2_hidden(_7424,_7426),[_7426=k2_xboole_0(_7442,_7444),r2_hidden(_7424,_7442)],n),ext(-r2_hidden(_7376,_7378),[_7378=k2_xboole_0(_7394,_7396),r2_hidden(_7376,_7396)],n),ext(-r2_hidden(_7312,_7314),[_7324=k2_xboole_0(_7314,_7332),r2_hidden(_7312,_7324),-r2_hidden(_7312,_7332)],n),ext(-r2_hidden(_7248,_7250),[_7260=k2_xboole_0(_7266,_7250),r2_hidden(_7248,_7260),-r2_hidden(_7248,_7266)],n),ext(-r2_hidden(2^[_7106,_7122,_7128],_7106),[- (_7106=k2_xboole_0(_7128,_7122)),-r2_hidden(2^[_7106,_7122,_7128],_7128),-r2_hidden(2^[_7106,_7122,_7128],_7122)],n),ext(-r2_hidden(2^[_6972,_6978,_6962],_6962),[- (_6972=k2_xboole_0(_6962,_6978)),-r2_hidden(2^[_6972,_6978,_6962],_6972),-r2_hidden(2^[_6972,_6978,_6962],_6978)],n),ext(-r2_hidden(2^[_6828,_6818,_6840],_6818),[- (_6828=k2_xboole_0(_6840,_6818)),-r2_hidden(2^[_6828,_6818,_6840],_6828),-r2_hidden(2^[_6828,_6818,_6840],_6840)],n)],[],[ext([-r1_tarski(3^[],4^[]),[r1_tarski(_6748,_6750),r2_hidden(_6760,_6748),-r2_hidden(_6760,_6750)]]-[-r1_tarski(3^[],4^[]),[r1_tarski(3^[],4^[]),r2_hidden(_6674,3^[]),-r2_hidden(_6674,4^[])]]),ext([- #,[#,-r1_tarski(3^[],4^[])]]-[- #,[#,-r1_tarski(3^[],4^[])]]),init(-# - -#)],0)state([r2_hidden(_6674,3^[]),-r2_hidden(_6674,4^[])],[-r1_tarski(3^[],4^[]),- #],[],[ext(-r2_hidden(_7566,_7568),[r2_hidden(_7578,_7580),_7578=_7566,_7580=_7568],n),ext(-r2_hidden(1^[_7526,_7516],_7516),[-r1_tarski(_7516,_7526)],n),ext(-r2_hidden(_7472,_7474),[r1_tarski(_7484,_7474),r2_hidden(_7472,_7484)],n),ext(-r2_hidden(_7424,_7426),[_7426=k2_xboole_0(_7442,_7444),r2_hidden(_7424,_7442)],n),ext(-r2_hidden(_7376,_7378),[_7378=k2_xboole_0(_7394,_7396),r2_hidden(_7376,_7396)],n),ext(-r2_hidden(_7312,_7314),[_7324=k2_xboole_0(_7314,_7332),r2_hidden(_7312,_7324),-r2_hidden(_7312,_7332)],n),ext(-r2_hidden(_7248,_7250),[_7260=k2_xboole_0(_7266,_7250),r2_hidden(_7248,_7260),-r2_hidden(_7248,_7266)],n),ext(-r2_hidden(2^[_7106,_7122,_7128],_7106),[- (_7106=k2_xboole_0(_7128,_7122)),-r2_hidden(2^[_7106,_7122,_7128],_7128),-r2_hidden(2^[_7106,_7122,_7128],_7122)],n),ext(-r2_hidden(2^[_6972,_6978,_6962],_6962),[- (_6972=k2_xboole_0(_6962,_6978)),-r2_hidden(2^[_6972,_6978,_6962],_6972),-r2_hidden(2^[_6972,_6978,_6962],_6978)],n),ext(-r2_hidden(2^[_6828,_6818,_6840],_6818),[- (_6828=k2_xboole_0(_6840,_6818)),-r2_hidden(2^[_6828,_6818,_6840],_6828),-r2_hidden(2^[_6828,_6818,_6840],_6840)],n)],[],[ext([-r1_tarski(3^[],4^[]),[r1_tarski(_6748,_6750),r2_hidden(_6760,_6748),-r2_hidden(_6760,_6750)]]-[-r1_tarski(3^[],4^[]),[r1_tarski(3^[],4^[]),r2_hidden(_6674,3^[]),-r2_hidden(_6674,4^[])]]),ext([- #,[#,-r1_tarski(3^[],4^[])]]-[- #,[#,-r1_tarski(3^[],4^[])]]),init(-# - -#)],0)state([r2_hidden(_6674,3^[]),-r2_hidden(_6674,4^[])],[-r1_tarski(3^[],4^[]),- #],[],[ext(-r2_hidden(_7566,_7568),[r2_hidden(_7578,_7580),_7578=_7566,_7580=_7568],n),ext(-r2_hidden(1^[_7526,_7516],_7516),[-r1_tarski(_7516,_7526)],n),ext(-r2_hidden(_7472,_7474),[r1_tarski(_7484,_7474),r2_hidden(_7472,_7484)],n),ext(-r2_hidden(_7424,_7426),[_7426=k2_xboole_0(_7442,_7444),r2_hidden(_7424,_7442)],n),ext(-r2_hidden(_7376,_7378),[_7378=k2_xboole_0(_7394,_7396),r2_hidden(_7376,_7396)],n),ext(-r2_hidden(_7312,_7314),[_7324=k2_xboole_0(_7314,_7332),r2_hidden(_7312,_7324),-r2_hidden(_7312,_7332)],n),ext(-r2_hidden(_7248,_7250),[_7260=k2_xboole_0(_7266,_7250),r2_hidden(_7248,_7260),-r2_hidden(_7248,_7266)],n),ext(-r2_hidden(2^[_7106,_7122,_7128],_7106),[- (_7106=k2_xboole_0(_7128,_7122)),-r2_hidden(2^[_7106,_7122,_7128],_7128),-r2_hidden(2^[_7106,_7122,_7128],_7122)],n),ext(-r2_hidden(2^[_6972,_6978,_6962],_6962),[- (_6972=k2_xboole_0(_6962,_6978)),-r2_hidden(2^[_6972,_6978,_6962],_6972),-r2_hidden(2^[_6972,_6978,_6962],_6978)],n),ext(-r2_hidden(2^[_6828,_6818,_6840],_6818),[- (_6828=k2_xboole_0(_6840,_6818)),-r2_hidden(2^[_6828,_6818,_6840],_6828),-r2_hidden(2^[_6828,_6818,_6840],_6840)],n)],[],[ext([-r1_tarski(3^[],4^[]),[r1_tarski(_6748,_6750),r2_hidden(_6760,_6748),-r2_hidden(_6760,_6750)]]-[-r1_tarski(3^[],4^[]),[r1_tarski(3^[],4^[]),r2_hidden(_6674,3^[]),-r2_hidden(_6674,4^[])]]),ext([- #,[#,-r1_tarski(3^[],4^[])]]-[- #,[#,-r1_tarski(3^[],4^[])]]),init(-# - -#)],0)state([r2_hidden(_6674,3^[]),-r2_hidden(_6674,4^[])],[-r1_tarski(3^[],4^[]),- #],[],[ext(-r2_hidden(_7566,_7568),[r2_hidden(_7578,_7580),_7578=_7566,_7580=_7568],n),ext(-r2_hidden(1^[_7526,_7516],_7516),[-r1_tarski(_7516,_7526)],n),ext(-r2_hidden(_7472,_7474),[r1_tarski(_7484,_7474),r2_hidden(_7472,_7484)],n),ext(-r2_hidden(_7424,_7426),[_7426=k2_xboole_0(_7442,_7444),r2_hidden(_7424,_7442)],n),ext(-r2_hidden(_7376,_7378),[_7378=k2_xboole_0(_7394,_7396),r2_hidden(_7376,_7396)],n),ext(-r2_hidden(_7312,_7314),[_7324=k2_xboole_0(_7314,_7332),r2_hidden(_7312,_7324),-r2_hidden(_7312,_7332)],n),ext(-r2_hidden(_7248,_7250),[_7260=k2_xboole_0(_7266,_7250),r2_hidden(_7248,_7260),-r2_hidden(_7248,_7266)],n),ext(-r2_hidden(2^[_7106,_7122,_7128],_7106),[- (_7106=k2_xboole_0(_7128,_7122)),-r2_hidden(2^[_7106,_7122,_7128],_7128),-r2_hidden(2^[_7106,_7122,_7128],_7122)],n),ext(-r2_hidden(2^[_6972,_6978,_6962],_6962),[- (_6972=k2_xboole_0(_6962,_6978)),-r2_hidden(2^[_6972,_6978,_6962],_6972),-r2_hidden(2^[_6972,_6978,_6962],_6978)],n),ext(-r2_hidden(2^[_6828,_6818,_6840],_6818),[- (_6828=k2_xboole_0(_6840,_6818)),-r2_hidden(2^[_6828,_6818,_6840],_6828),-r2_hidden(2^[_6828,_6818,_6840],_6840)],n)],[],[ext([-r1_tarski(3^[],4^[]),[r1_tarski(_6748,_6750),r2_hidden(_6760,_6748),-r2_hidden(_6760,_6750)]]-[-r1_tarski(3^[],4^[]),[r1_tarski(3^[],4^[]),r2_hidden(_6674,3^[]),-r2_hidden(_6674,4^[])]]),ext([- #,[#,-r1_tarski(3^[],4^[])]]-[- #,[#,-r1_tarski(3^[],4^[])]]),init(-# - -#)],0)state([r2_hidden(_6674,3^[]),-r2_hidden(_6674,4^[])],[-r1_tarski(3^[],4^[]),- #],[],[ext(-r2_hidden(_7566,_7568),[r2_hidden(_7578,_7580),_7578=_7566,_7580=_7568],n),ext(-r2_hidden(1^[_7526,_7516],_7516),[-r1_tarski(_7516,_7526)],n),ext(-r2_hidden(_7472,_7474),[r1_tarski(_7484,_7474),r2_hidden(_7472,_7484)],n),ext(-r2_hidden(_7424,_7426),[_7426=k2_xboole_0(_7442,_7444),r2_hidden(_7424,_7442)],n),ext(-r2_hidden(_7376,_7378),[_7378=k2_xboole_0(_7394,_7396),r2_hidden(_7376,_7396)],n),ext(-r2_hidden(_7312,_7314),[_7324=k2_xboole_0(_7314,_7332),r2_hidden(_7312,_7324),-r2_hidden(_7312,_7332)],n),ext(-r2_hidden(_7248,_7250),[_7260=k2_xboole_0(_7266,_7250),r2_hidden(_7248,_7260),-r2_hidden(_7248,_7266)],n),ext(-r2_hidden(2^[_7106,_7122,_7128],_7106),[- (_7106=k2_xboole_0(_7128,_7122)),-r2_hidden(2^[_7106,_7122,_7128],_7128),-r2_hidden(2^[_7106,_7122,_7128],_7122)],n),ext(-r2_hidden(2^[_6972,_6978,_6962],_6962),[- (_6972=k2_xboole_0(_6962,_6978)),-r2_hidden(2^[_6972,_6978,_6962],_6972),-r2_hidden(2^[_6972,_6978,_6962],_6978)],n),ext(-r2_hidden(2^[_6828,_6818,_6840],_6818),[- (_6828=k2_xboole_0(_6840,_6818)),-r2_hidden(2^[_6828,_6818,_6840],_6828),-r2_hidden(2^[_6828,_6818,_6840],_6840)],n)],[],[ext([-r1_tarski(3^[],4^[]),[r1_tarski(_6748,_6750),r2_hidden(_6760,_6748),-r2_hidden(_6760,_6750)]]-[-r1_tarski(3^[],4^[]),[r1_tarski(3^[],4^[]),r2_hidden(_6674,3^[]),-r2_hidden(_6674,4^[])]]),ext([- #,[#,-r1_tarski(3^[],4^[])]]-[- #,[#,-r1_tarski(3^[],4^[])]]),init(-# - -#)],0)state([r2_hidden(_6674,3^[]),-r2_hidden(_6674,4^[])],[-r1_tarski(3^[],4^[]),- #],[],[ext(-r2_hidden(_7566,_7568),[r2_hidden(_7578,_7580),_7578=_7566,_7580=_7568],n),ext(-r2_hidden(1^[_7526,_7516],_7516),[-r1_tarski(_7516,_7526)],n),ext(-r2_hidden(_7472,_7474),[r1_tarski(_7484,_7474),r2_hidden(_7472,_7484)],n),ext(-r2_hidden(_7424,_7426),[_7426=k2_xboole_0(_7442,_7444),r2_hidden(_7424,_7442)],n),ext(-r2_hidden(_7376,_7378),[_7378=k2_xboole_0(_7394,_7396),r2_hidden(_7376,_7396)],n),ext(-r2_hidden(_7312,_7314),[_7324=k2_xboole_0(_7314,_7332),r2_hidden(_7312,_7324),-r2_hidden(_7312,_7332)],n),ext(-r2_hidden(_7248,_7250),[_7260=k2_xboole_0(_7266,_7250),r2_hidden(_7248,_7260),-r2_hidden(_7248,_7266)],n),ext(-r2_hidden(2^[_7106,_7122,_7128],_7106),[- (_7106=k2_xboole_0(_7128,_7122)),-r2_hidden(2^[_7106,_7122,_7128],_7128),-r2_hidden(2^[_7106,_7122,_7128],_7122)],n),ext(-r2_hidden(2^[_6972,_6978,_6962],_6962),[- (_6972=k2_xboole_0(_6962,_6978)),-r2_hidden(2^[_6972,_6978,_6962],_6972),-r2_hidden(2^[_6972,_6978,_6962],_6978)],n),ext(-r2_hidden(2^[_6828,_6818,_6840],_6818),[- (_6828=k2_xboole_0(_6840,_6818)),-r2_hidden(2^[_6828,_6818,_6840],_6828),-r2_hidden(2^[_6828,_6818,_6840],_6840)],n)],[],[ext([-r1_tarski(3^[],4^[]),[r1_tarski(_6748,_6750),r2_hidden(_6760,_6748),-r2_hidden(_6760,_6750)]]-[-r1_tarski(3^[],4^[]),[r1_tarski(3^[],4^[]),r2_hidden(_6674,3^[]),-r2_hidden(_6674,4^[])]]),ext([- #,[#,-r1_tarski(3^[],4^[])]]-[- #,[#,-r1_tarski(3^[],4^[])]]),init(-# - -#)],0)state([r2_hidden(_6674,3^[]),-r2_hidden(_6674,4^[])],[-r1_tarski(3^[],4^[]),- #],[],[ext(-r2_hidden(_7566,_7568),[r2_hidden(_7578,_7580),_7578=_7566,_7580=_7568],n),ext(-r2_hidden(1^[_7526,_7516],_7516),[-r1_tarski(_7516,_7526)],n),ext(-r2_hidden(_7472,_7474),[r1_tarski(_7484,_7474),r2_hidden(_7472,_7484)],n),ext(-r2_hidden(_7424,_7426),[_7426=k2_xboole_0(_7442,_7444),r2_hidden(_7424,_7442)],n),ext(-r2_hidden(_7376,_7378),[_7378=k2_xboole_0(_7394,_7396),r2_hidden(_7376,_7396)],n),ext(-r2_hidden(_7312,_7314),[_7324=k2_xboole_0(_7314,_7332),r2_hidden(_7312,_7324),-r2_hidden(_7312,_7332)],n),ext(-r2_hidden(_7248,_7250),[_7260=k2_xboole_0(_7266,_7250),r2_hidden(_7248,_7260),-r2_hidden(_7248,_7266)],n),ext(-r2_hidden(2^[_7106,_7122,_7128],_7106),[- (_7106=k2_xboole_0(_7128,_7122)),-r2_hidden(2^[_7106,_7122,_7128],_7128),-r2_hidden(2^[_7106,_7122,_7128],_7122)],n),ext(-r2_hidden(2^[_6972,_6978,_6962],_6962),[- (_6972=k2_xboole_0(_6962,_6978)),-r2_hidden(2^[_6972,_6978,_6962],_6972),-r2_hidden(2^[_6972,_6978,_6962],_6978)],n),ext(-r2_hidden(2^[_6828,_6818,_6840],_6818),[- (_6828=k2_xboole_0(_6840,_6818)),-r2_hidden(2^[_6828,_6818,_6840],_6828),-r2_hidden(2^[_6828,_6818,_6840],_6840)],n)],[],[ext([-r1_tarski(3^[],4^[]),[r1_tarski(_6748,_6750),r2_hidden(_6760,_6748),-r2_hidden(_6760,_6750)]]-[-r1_tarski(3^[],4^[]),[r1_tarski(3^[],4^[]),r2_hidden(_6674,3^[]),-r2_hidden(_6674,4^[])]]),ext([- #,[#,-r1_tarski(3^[],4^[])]]-[- #,[#,-r1_tarski(3^[],4^[])]]),init(-# - -#)],0)state([r2_hidden(_6674,3^[]),-r2_hidden(_6674,4^[])],[-r1_tarski(3^[],4^[]),- #],[],[ext(-r2_hidden(_7566,_7568),[r2_hidden(_7578,_7580),_7578=_7566,_7580=_7568],n),ext(-r2_hidden(1^[_7526,_7516],_7516),[-r1_tarski(_7516,_7526)],n),ext(-r2_hidden(_7472,_7474),[r1_tarski(_7484,_7474),r2_hidden(_7472,_7484)],n),ext(-r2_hidden(_7424,_7426),[_7426=k2_xboole_0(_7442,_7444),r2_hidden(_7424,_7442)],n),ext(-r2_hidden(_7376,_7378),[_7378=k2_xboole_0(_7394,_7396),r2_hidden(_7376,_7396)],n),ext(-r2_hidden(_7312,_7314),[_7324=k2_xboole_0(_7314,_7332),r2_hidden(_7312,_7324),-r2_hidden(_7312,_7332)],n),ext(-r2_hidden(_7248,_7250),[_7260=k2_xboole_0(_7266,_7250),r2_hidden(_7248,_7260),-r2_hidden(_7248,_7266)],n),ext(-r2_hidden(2^[_7106,_7122,_7128],_7106),[- (_7106=k2_xboole_0(_7128,_7122)),-r2_hidden(2^[_7106,_7122,_7128],_7128),-r2_hidden(2^[_7106,_7122,_7128],_7122)],n),ext(-r2_hidden(2^[_6972,_6978,_6962],_6962),[- (_6972=k2_xboole_0(_6962,_6978)),-r2_hidden(2^[_6972,_6978,_6962],_6972),-r2_hidden(2^[_6972,_6978,_6962],_6978)],n),ext(-r2_hidden(2^[_6828,_6818,_6840],_6818),[- (_6828=k2_xboole_0(_6840,_6818)),-r2_hidden(2^[_6828,_6818,_6840],_6828),-r2_hidden(2^[_6828,_6818,_6840],_6840)],n)],[],[ext([-r1_tarski(3^[],4^[]),[r1_tarski(_6748,_6750),r2_hidden(_6760,_6748),-r2_hidden(_6760,_6750)]]-[-r1_tarski(3^[],4^[]),[r1_tarski(3^[],4^[]),r2_hidden(_6674,3^[]),-r2_hidden(_6674,4^[])]]),ext([- #,[#,-r1_tarski(3^[],4^[])]]-[- #,[#,-r1_tarski(3^[],4^[])]]),init(-# - -#)],0)state([-r1_tarski(3^[],4^[])],[- #],[],[ext(r1_tarski(_1600,_1602),[-r1_tarski(_1616,_1618),_1600=_1616,_1602=_1618],n),ext(r1_tarski(_1558,_1560),[r2_hidden(_1570,_1558),-r2_hidden(_1570,_1560)],n)],[],[ext([- #,[#,-r1_tarski(3^[],4^[])]]-[- #,[#,-r1_tarski(3^[],4^[])]]),init(-# - -#)],0)state([-r1_tarski(3^[],4^[])],[- #],[],[ext(r1_tarski(_1600,_1602),[-r1_tarski(_1616,_1618),_1600=_1616,_1602=_1618],n),ext(r1_tarski(_1558,_1560),[r2_hidden(_1570,_1558),-r2_hidden(_1570,_1560)],n)],[],[ext([- #,[#,-r1_tarski(3^[],4^[])]]-[- #,[#,-r1_tarski(3^[],4^[])]]),init(-# - -#)],0)state([- #],[],[],[ext(#,[-r1_tarski(3^[],4^[])],g),ext(#,[r1_tarski(3^[],k2_xboole_0(5^[],4^[]))],g)],[],[init(-# - -#)],0)state([- #],[],[],[ext(#,[-r1_tarski(3^[],4^[])],g),ext(#,[r1_tarski(3^[],k2_xboole_0(5^[],4^[]))],g)],[],[init(-# - -#)],0)Policy data saved
Training data saved
Execution time: 11.285 sec
Full query: 
 swipl -g '["core/montecarlo.pl"], mc_run("theorems/m2np/t10_xboole_1.p",[guided(0),cp(1),sim_depth(0),playout_count(200000),min_visit_count(1),n_dim(10000),playout_time(300), output_format(svmlight), leancop_settings([conj,nodef,comp(1000),eager_reduction(1),paramodulation(1)]),return_to_root(0),save_all_proofs(0),temperature(2),save_all_policy(0),save_all_value(1),lemma_features(0),inference_limit(200000),collapse_vars(0),bigstep_frequency(2000)],"results/plcop_paramodulation/train_value","results/plcop_paramodulation/train_policy","results/plcop_paramodulation/clauses","results/plcop_paramodulation/proofs",ExecutionTime), halt.'
