Prolog query: 
 mc_run("theorems/m2np/t10_partfun2.p",[guided(0),cp(1),sim_depth(0),playout_count(200000),min_visit_count(1),n_dim(10000),playout_time(300), output_format(svmlight), leancop_settings([conj,nodef,comp(1000),eager_reduction(1),paramodulation(1)]),return_to_root(0),save_all_proofs(0),temperature(2),save_all_policy(0),save_all_value(1),lemma_features(0),inference_limit(200000),collapse_vars(0),bigstep_frequency(2000)],"results/plcop_paramodulation/train_value","results/plcop_paramodulation/train_policy","results/plcop_paramodulation/clauses","results/plcop_paramodulation/proofs",ExecutionTime)
Trying to open file theorems/m2np/t10_partfun2.p...
Successfully opened file theorems/m2np/t10_partfun2.p
200000 playouts remaining
Moving root from 0 to 1
Moving root from 1 to 2
195000 playouts remaining
Moving root from 2 to 14
Moving root from 14 to 1938
Moving root from 1938 to 3034
190000 playouts remaining
Moving root from 3034 to 3035
Moving root from 3035 to 10394
185000 playouts remaining
Moving root from 10394 to 10485
Moving root from 10485 to 11608
Moving root from 11608 to 13765
180000 playouts remaining
Moving root from 13765 to 14197
Moving root from 14197 to 14313
175000 playouts remaining
Moving root from 14313 to 21169
Full query: 
 swipl -g '["core/montecarlo.pl"], mc_run("theorems/m2np/t10_partfun2.p",[guided(0),cp(1),sim_depth(0),playout_count(200000),min_visit_count(1),n_dim(10000),playout_time(300), output_format(svmlight), leancop_settings([conj,nodef,comp(1000),eager_reduction(1),paramodulation(1)]),return_to_root(0),save_all_proofs(0),temperature(2),save_all_policy(0),save_all_value(1),lemma_features(0),inference_limit(200000),collapse_vars(0),bigstep_frequency(2000)],"results/plcop_paramodulation/train_value","results/plcop_paramodulation/train_policy","results/plcop_paramodulation/clauses","results/plcop_paramodulation/proofs",ExecutionTime), halt.'
