Prolog query: 
 mc_run("theorems/m2np/t119_relat_1.p",[guided(0),cp(1),sim_depth(0),playout_count(200000),min_visit_count(1),n_dim(10000),playout_time(300), output_format(svmlight), leancop_settings([conj,nodef,comp(1000),eager_reduction(1),paramodulation(1)]),return_to_root(0),save_all_proofs(0),temperature(2),save_all_policy(0),save_all_value(1),lemma_features(0),inference_limit(200000),collapse_vars(0),bigstep_frequency(2000)],"results/plcop_paramodulation/train_value","results/plcop_paramodulation/train_policy","results/plcop_paramodulation/clauses","results/plcop_paramodulation/proofs",ExecutionTime)
Trying to open file theorems/m2np/t119_relat_1.p...
Successfully opened file theorems/m2np/t119_relat_1.p
200000 playouts remaining
SUCCESS
   Init: 	-#
   Extension: 	[- #,[#,1^[]=k1_xboole_0]]
   Extension: 	[1^[]=k1_xboole_0,[- (A=B),A=C,C=B]]
   Extension: 	[1^[]=_,[- (A=B),A=C,C=B]]
   Extension: 	[1^[]=_,[- (A=B),B=A]]
   Extension: 	[_=1^[],[- (k3_xboole_0(A,B)=A),r1_tarski(A,B)]]
   Extension: 	[r1_tarski(1^[],_),[-r1_tarski(1^[],k9_xtuple_0(2^[])),#]]
   Reduction: 	[#,- #]
   Extension: 	[k3_xboole_0(1^[],k9_xtuple_0(2^[]))=_,[- (k3_xboole_0(A,B)=k3_xboole_0(B,A))]]
   Extension: 	[k3_xboole_0(k9_xtuple_0(2^[]),1^[])=k1_xboole_0,[- (k3_xboole_0(A,B)=k1_xboole_0),r1_xboole_0(A,B)]]
   Extension: 	[r1_xboole_0(k9_xtuple_0(2^[]),1^[]),[-r1_xboole_0(k9_xtuple_0(A),B),v1_relat_1(A),k7_relat_1(A,B)=k1_xboole_0]]
   Extension: 	[v1_relat_1(2^[]),[-v1_relat_1(2^[]),#]]
   Reduction: 	[#,- #]
   Extension: 	[k7_relat_1(2^[],1^[])=k1_xboole_0,[- (k7_relat_1(2^[],1^[])=k1_xboole_0),#]]
   Reduction: 	[#,- #]
Created leancop proof

FIRST PROOF FOUND AFTER 503 STEPS

Moving root from 0 to 12
Moving root from 12 to 17
195000 playouts remaining
Moving root from 17 to 68
Moving root from 68 to 96
Moving root from 96 to 97
190000 playouts remaining
Moving root from 97 to 98
Moving root from 98 to 99
185000 playouts remaining
Moving root from 99 to 100
Moving root from 100 to 395
Moving root from 395 to 396
180000 playouts remaining
Moving root from 396 to 397
Unable to move root from 397
175000 playouts remaining
Unable to move root from 397
Unable to move root from 397
Unable to move root from 397
170000 playouts remaining
Unable to move root from 397
Unable to move root from 397
165000 playouts remaining
Unable to move root from 397
Unable to move root from 397
Unable to move root from 397
160000 playouts remaining
Unable to move root from 397
Unable to move root from 397
155000 playouts remaining
Unable to move root from 397
Unable to move root from 397
Unable to move root from 397
150000 playouts remaining
Unable to move root from 397
Unable to move root from 397
145000 playouts remaining
Unable to move root from 397
Unable to move root from 397
Unable to move root from 397
140000 playouts remaining
Unable to move root from 397
Unable to move root from 397
135000 playouts remaining
Unable to move root from 397
Unable to move root from 397
Unable to move root from 397
130000 playouts remaining
Unable to move root from 397
Unable to move root from 397
125000 playouts remaining
Unable to move root from 397
Unable to move root from 397
Unable to move root from 397
120000 playouts remaining
Unable to move root from 397
Unable to move root from 397
115000 playouts remaining
Unable to move root from 397
Unable to move root from 397
Unable to move root from 397
110000 playouts remaining
Unable to move root from 397
Unable to move root from 397
105000 playouts remaining
Unable to move root from 397
Unable to move root from 397
Unable to move root from 397
100000 playouts remaining
Unable to move root from 397
Unable to move root from 397
95000 playouts remaining
Unable to move root from 397
Unable to move root from 397
Unable to move root from 397
90000 playouts remaining
Unable to move root from 397
Unable to move root from 397
85000 playouts remaining
Unable to move root from 397
Unable to move root from 397
Unable to move root from 397
80000 playouts remaining
Unable to move root from 397
Unable to move root from 397
75000 playouts remaining
Unable to move root from 397
Unable to move root from 397
Unable to move root from 397
70000 playouts remaining
Unable to move root from 397
Unable to move root from 397
65000 playouts remaining
Unable to move root from 397
Unable to move root from 397
Unable to move root from 397
60000 playouts remaining
Unable to move root from 397
Unable to move root from 397
55000 playouts remaining
Unable to move root from 397
Unable to move root from 397
Unable to move root from 397
50000 playouts remaining
Unable to move root from 397
Unable to move root from 397
45000 playouts remaining
Unable to move root from 397
Unable to move root from 397
Unable to move root from 397
40000 playouts remaining
Unable to move root from 397
Unable to move root from 397
35000 playouts remaining
Unable to move root from 397
Unable to move root from 397
Unable to move root from 397
30000 playouts remaining
Unable to move root from 397
Unable to move root from 397
25000 playouts remaining
Unable to move root from 397
Unable to move root from 397
Unable to move root from 397
20000 playouts remaining
Unable to move root from 397
Unable to move root from 397
15000 playouts remaining
Unable to move root from 397
Unable to move root from 397
Unable to move root from 397
10000 playouts remaining
Unable to move root from 397
Unable to move root from 397
5000 playouts remaining
Unable to move root from 397
Unable to move root from 397
Unable to move root from 397
Created 405 nodes
Performed 129553 inferences
Bigstep Nodes: 12, [0,12,17,68,96,97,98,99,100,395,396,397]
Training data collected
state([success],[],[],[],[],[red([#,- #]-[#,- #]),ext([k7_relat_1(2^[],1^[])=k1_xboole_0,[- (k7_relat_1(2^[],1^[])=k1_xboole_0),#]]-[k7_relat_1(2^[],1^[])=k1_xboole_0,[- (k7_relat_1(2^[],1^[])=k1_xboole_0),#]]),red([#,- #]-[#,- #]),ext([v1_relat_1(2^[]),[-v1_relat_1(2^[]),#]]-[v1_relat_1(2^[]),[-v1_relat_1(2^[]),#]]),ext([r1_xboole_0(k9_xtuple_0(2^[]),1^[]),[-r1_xboole_0(k9_xtuple_0(_844242),_844238),v1_relat_1(_844242),k7_relat_1(_844242,_844238)=k1_xboole_0]]-[r1_xboole_0(k9_xtuple_0(2^[]),1^[]),[-r1_xboole_0(k9_xtuple_0(2^[]),1^[]),v1_relat_1(2^[]),k7_relat_1(2^[],1^[])=k1_xboole_0]]),ext([k3_xboole_0(k9_xtuple_0(2^[]),1^[])=k1_xboole_0,[- (k3_xboole_0(_844318,_844320)=k1_xboole_0),r1_xboole_0(_844318,_844320)]]-[k3_xboole_0(k9_xtuple_0(2^[]),1^[])=k1_xboole_0,[- (k3_xboole_0(k9_xtuple_0(2^[]),1^[])=k1_xboole_0),r1_xboole_0(k9_xtuple_0(2^[]),1^[])]]),ext([k3_xboole_0(1^[],k9_xtuple_0(2^[]))=_844360,[- (k3_xboole_0(_844386,_844388)=k3_xboole_0(_844388,_844386))]]-[k3_xboole_0(1^[],k9_xtuple_0(2^[]))=k3_xboole_0(k9_xtuple_0(2^[]),1^[]),[- (k3_xboole_0(1^[],k9_xtuple_0(2^[]))=k3_xboole_0(k9_xtuple_0(2^[]),1^[]))]]),red([#,- #]-[#,- #]),ext([r1_tarski(1^[],_844428),[-r1_tarski(1^[],k9_xtuple_0(2^[])),#]]-[r1_tarski(1^[],k9_xtuple_0(2^[])),[-r1_tarski(1^[],k9_xtuple_0(2^[])),#]]),ext([_844454=1^[],[- (k3_xboole_0(_844482,_844484)=_844482),r1_tarski(_844482,_844484)]]-[k3_xboole_0(1^[],k9_xtuple_0(2^[]))=1^[],[- (k3_xboole_0(1^[],k9_xtuple_0(2^[]))=1^[]),r1_tarski(1^[],k9_xtuple_0(2^[]))]]),ext([1^[]=_844524,[- (_844544=_844546),_844546=_844544]]-[1^[]=k3_xboole_0(1^[],k9_xtuple_0(2^[])),[- (1^[]=k3_xboole_0(1^[],k9_xtuple_0(2^[]))),k3_xboole_0(1^[],k9_xtuple_0(2^[]))=1^[]]]),ext([1^[]=_844586,[- (_844606=_844608),_844606=_844620,_844620=_844608]]-[1^[]=k3_xboole_0(k9_xtuple_0(2^[]),1^[]),[- (1^[]=k3_xboole_0(k9_xtuple_0(2^[]),1^[])),1^[]=k3_xboole_0(1^[],k9_xtuple_0(2^[])),k3_xboole_0(1^[],k9_xtuple_0(2^[]))=k3_xboole_0(k9_xtuple_0(2^[]),1^[])]]),ext([1^[]=k1_xboole_0,[- (_844674=_844676),_844674=_844688,_844688=_844676]]-[1^[]=k1_xboole_0,[- (1^[]=k1_xboole_0),1^[]=k3_xboole_0(k9_xtuple_0(2^[]),1^[]),k3_xboole_0(k9_xtuple_0(2^[]),1^[])=k1_xboole_0]]),ext([- #,[#,1^[]=k1_xboole_0]]-[- #,[#,1^[]=k1_xboole_0]]),init(-# - -#)],1)state([k7_relat_1(2^[],1^[])=k1_xboole_0],[r1_xboole_0(k9_xtuple_0(2^[]),1^[]),k3_xboole_0(k9_xtuple_0(2^[]),1^[])=k1_xboole_0,1^[]=k1_xboole_0,- #],[v1_relat_1(2^[]),1^[]=k3_xboole_0(k9_xtuple_0(2^[]),1^[])],[ext(- (k7_relat_1(2^[],1^[])=k1_xboole_0),[#],g),ext(- (k7_relat_1(_843778,_843780)=k1_xboole_0),[v1_relat_1(_843778),r1_xboole_0(k9_xtuple_0(_843778),_843780)],n),ext(- (_843742=_843744),[_843744=_843742],n),ext(- (_843700=_843702),[_843700=_843714,_843714=_843702],n),para([0],k7_relat_1(2^[],1^[]),k1_xboole_0,[#],l2r),para([1],k7_relat_1(2^[],1^[]),k1_xboole_0,[#],r2l),para([0],k7_relat_1(_843870,_843872),k1_xboole_0,[v1_relat_1(_843870),r1_xboole_0(k9_xtuple_0(_843870),_843872)],l2r)],[],[red([#,- #]-[#,- #]),ext([v1_relat_1(2^[]),[-v1_relat_1(2^[]),#]]-[v1_relat_1(2^[]),[-v1_relat_1(2^[]),#]]),ext([r1_xboole_0(k9_xtuple_0(2^[]),1^[]),[-r1_xboole_0(k9_xtuple_0(_843138),_843134),v1_relat_1(_843138),k7_relat_1(_843138,_843134)=k1_xboole_0]]-[r1_xboole_0(k9_xtuple_0(2^[]),1^[]),[-r1_xboole_0(k9_xtuple_0(2^[]),1^[]),v1_relat_1(2^[]),k7_relat_1(2^[],1^[])=k1_xboole_0]]),ext([k3_xboole_0(k9_xtuple_0(2^[]),1^[])=k1_xboole_0,[- (k3_xboole_0(_843214,_843216)=k1_xboole_0),r1_xboole_0(_843214,_843216)]]-[k3_xboole_0(k9_xtuple_0(2^[]),1^[])=k1_xboole_0,[- (k3_xboole_0(k9_xtuple_0(2^[]),1^[])=k1_xboole_0),r1_xboole_0(k9_xtuple_0(2^[]),1^[])]]),ext([k3_xboole_0(1^[],k9_xtuple_0(2^[]))=_843256,[- (k3_xboole_0(_843282,_843284)=k3_xboole_0(_843284,_843282))]]-[k3_xboole_0(1^[],k9_xtuple_0(2^[]))=k3_xboole_0(k9_xtuple_0(2^[]),1^[]),[- (k3_xboole_0(1^[],k9_xtuple_0(2^[]))=k3_xboole_0(k9_xtuple_0(2^[]),1^[]))]]),red([#,- #]-[#,- #]),ext([r1_tarski(1^[],_843324),[-r1_tarski(1^[],k9_xtuple_0(2^[])),#]]-[r1_tarski(1^[],k9_xtuple_0(2^[])),[-r1_tarski(1^[],k9_xtuple_0(2^[])),#]]),ext([_843350=1^[],[- (k3_xboole_0(_843378,_843380)=_843378),r1_tarski(_843378,_843380)]]-[k3_xboole_0(1^[],k9_xtuple_0(2^[]))=1^[],[- (k3_xboole_0(1^[],k9_xtuple_0(2^[]))=1^[]),r1_tarski(1^[],k9_xtuple_0(2^[]))]]),ext([1^[]=_843420,[- (_843440=_843442),_843442=_843440]]-[1^[]=k3_xboole_0(1^[],k9_xtuple_0(2^[])),[- (1^[]=k3_xboole_0(1^[],k9_xtuple_0(2^[]))),k3_xboole_0(1^[],k9_xtuple_0(2^[]))=1^[]]]),ext([1^[]=_843482,[- (_843502=_843504),_843502=_843516,_843516=_843504]]-[1^[]=k3_xboole_0(k9_xtuple_0(2^[]),1^[]),[- (1^[]=k3_xboole_0(k9_xtuple_0(2^[]),1^[])),1^[]=k3_xboole_0(1^[],k9_xtuple_0(2^[])),k3_xboole_0(1^[],k9_xtuple_0(2^[]))=k3_xboole_0(k9_xtuple_0(2^[]),1^[])]]),ext([1^[]=k1_xboole_0,[- (_843570=_843572),_843570=_843584,_843584=_843572]]-[1^[]=k1_xboole_0,[- (1^[]=k1_xboole_0),1^[]=k3_xboole_0(k9_xtuple_0(2^[]),1^[]),k3_xboole_0(k9_xtuple_0(2^[]),1^[])=k1_xboole_0]]),ext([- #,[#,1^[]=k1_xboole_0]]-[- #,[#,1^[]=k1_xboole_0]]),init(-# - -#)],0)state([v1_relat_1(2^[]),k7_relat_1(2^[],1^[])=k1_xboole_0],[r1_xboole_0(k9_xtuple_0(2^[]),1^[]),k3_xboole_0(k9_xtuple_0(2^[]),1^[])=k1_xboole_0,1^[]=k1_xboole_0,- #],[1^[]=k3_xboole_0(k9_xtuple_0(2^[]),1^[])],[ext(-v1_relat_1(2^[]),[#],g),ext(-v1_relat_1(_842942),[_842952=_842942,v1_relat_1(_842952)],n)],[],[ext([r1_xboole_0(k9_xtuple_0(2^[]),1^[]),[-r1_xboole_0(k9_xtuple_0(_842876),_842872),v1_relat_1(_842876),k7_relat_1(_842876,_842872)=k1_xboole_0]]-[r1_xboole_0(k9_xtuple_0(2^[]),1^[]),[-r1_xboole_0(k9_xtuple_0(2^[]),1^[]),v1_relat_1(2^[]),k7_relat_1(2^[],1^[])=k1_xboole_0]]),ext([k3_xboole_0(k9_xtuple_0(2^[]),1^[])=k1_xboole_0,[- (k3_xboole_0(_842428,_842430)=k1_xboole_0),r1_xboole_0(_842428,_842430)]]-[k3_xboole_0(k9_xtuple_0(2^[]),1^[])=k1_xboole_0,[- (k3_xboole_0(k9_xtuple_0(2^[]),1^[])=k1_xboole_0),r1_xboole_0(k9_xtuple_0(2^[]),1^[])]]),ext([k3_xboole_0(1^[],k9_xtuple_0(2^[]))=_842470,[- (k3_xboole_0(_842496,_842498)=k3_xboole_0(_842498,_842496))]]-[k3_xboole_0(1^[],k9_xtuple_0(2^[]))=k3_xboole_0(k9_xtuple_0(2^[]),1^[]),[- (k3_xboole_0(1^[],k9_xtuple_0(2^[]))=k3_xboole_0(k9_xtuple_0(2^[]),1^[]))]]),red([#,- #]-[#,- #]),ext([r1_tarski(1^[],_842538),[-r1_tarski(1^[],k9_xtuple_0(2^[])),#]]-[r1_tarski(1^[],k9_xtuple_0(2^[])),[-r1_tarski(1^[],k9_xtuple_0(2^[])),#]]),ext([_842564=1^[],[- (k3_xboole_0(_842592,_842594)=_842592),r1_tarski(_842592,_842594)]]-[k3_xboole_0(1^[],k9_xtuple_0(2^[]))=1^[],[- (k3_xboole_0(1^[],k9_xtuple_0(2^[]))=1^[]),r1_tarski(1^[],k9_xtuple_0(2^[]))]]),ext([1^[]=_842634,[- (_842654=_842656),_842656=_842654]]-[1^[]=k3_xboole_0(1^[],k9_xtuple_0(2^[])),[- (1^[]=k3_xboole_0(1^[],k9_xtuple_0(2^[]))),k3_xboole_0(1^[],k9_xtuple_0(2^[]))=1^[]]]),ext([1^[]=_842696,[- (_842716=_842718),_842716=_842730,_842730=_842718]]-[1^[]=k3_xboole_0(k9_xtuple_0(2^[]),1^[]),[- (1^[]=k3_xboole_0(k9_xtuple_0(2^[]),1^[])),1^[]=k3_xboole_0(1^[],k9_xtuple_0(2^[])),k3_xboole_0(1^[],k9_xtuple_0(2^[]))=k3_xboole_0(k9_xtuple_0(2^[]),1^[])]]),ext([1^[]=k1_xboole_0,[- (_842784=_842786),_842784=_842798,_842798=_842786]]-[1^[]=k1_xboole_0,[- (1^[]=k1_xboole_0),1^[]=k3_xboole_0(k9_xtuple_0(2^[]),1^[]),k3_xboole_0(k9_xtuple_0(2^[]),1^[])=k1_xboole_0]]),ext([- #,[#,1^[]=k1_xboole_0]]-[- #,[#,1^[]=k1_xboole_0]]),init(-# - -#)],0)state([r1_xboole_0(k9_xtuple_0(2^[]),1^[])],[k3_xboole_0(k9_xtuple_0(2^[]),1^[])=k1_xboole_0,1^[]=k1_xboole_0,- #],[1^[]=k3_xboole_0(k9_xtuple_0(2^[]),1^[])],[ext(-r1_xboole_0(_104204,_104206),[k3_xboole_0(_104204,_104206)=k1_xboole_0],n),ext(-r1_xboole_0(k9_xtuple_0(_104160),_104156),[v1_relat_1(_104160),k7_relat_1(_104160,_104156)=k1_xboole_0],n),ext(-r1_xboole_0(_104100,_104102),[r1_xboole_0(_104112,_104114),_104112=_104100,_104114=_104102],n)],[],[ext([k3_xboole_0(k9_xtuple_0(2^[]),1^[])=k1_xboole_0,[- (k3_xboole_0(_104048,_104050)=k1_xboole_0),r1_xboole_0(_104048,_104050)]]-[k3_xboole_0(k9_xtuple_0(2^[]),1^[])=k1_xboole_0,[- (k3_xboole_0(k9_xtuple_0(2^[]),1^[])=k1_xboole_0),r1_xboole_0(k9_xtuple_0(2^[]),1^[])]]),ext([k3_xboole_0(1^[],k9_xtuple_0(2^[]))=_103642,[- (k3_xboole_0(_103668,_103670)=k3_xboole_0(_103670,_103668))]]-[k3_xboole_0(1^[],k9_xtuple_0(2^[]))=k3_xboole_0(k9_xtuple_0(2^[]),1^[]),[- (k3_xboole_0(1^[],k9_xtuple_0(2^[]))=k3_xboole_0(k9_xtuple_0(2^[]),1^[]))]]),red([#,- #]-[#,- #]),ext([r1_tarski(1^[],_103710),[-r1_tarski(1^[],k9_xtuple_0(2^[])),#]]-[r1_tarski(1^[],k9_xtuple_0(2^[])),[-r1_tarski(1^[],k9_xtuple_0(2^[])),#]]),ext([_103736=1^[],[- (k3_xboole_0(_103764,_103766)=_103764),r1_tarski(_103764,_103766)]]-[k3_xboole_0(1^[],k9_xtuple_0(2^[]))=1^[],[- (k3_xboole_0(1^[],k9_xtuple_0(2^[]))=1^[]),r1_tarski(1^[],k9_xtuple_0(2^[]))]]),ext([1^[]=_103806,[- (_103826=_103828),_103828=_103826]]-[1^[]=k3_xboole_0(1^[],k9_xtuple_0(2^[])),[- (1^[]=k3_xboole_0(1^[],k9_xtuple_0(2^[]))),k3_xboole_0(1^[],k9_xtuple_0(2^[]))=1^[]]]),ext([1^[]=_103868,[- (_103888=_103890),_103888=_103902,_103902=_103890]]-[1^[]=k3_xboole_0(k9_xtuple_0(2^[]),1^[]),[- (1^[]=k3_xboole_0(k9_xtuple_0(2^[]),1^[])),1^[]=k3_xboole_0(1^[],k9_xtuple_0(2^[])),k3_xboole_0(1^[],k9_xtuple_0(2^[]))=k3_xboole_0(k9_xtuple_0(2^[]),1^[])]]),ext([1^[]=k1_xboole_0,[- (_103956=_103958),_103956=_103970,_103970=_103958]]-[1^[]=k1_xboole_0,[- (1^[]=k1_xboole_0),1^[]=k3_xboole_0(k9_xtuple_0(2^[]),1^[]),k3_xboole_0(k9_xtuple_0(2^[]),1^[])=k1_xboole_0]]),ext([- #,[#,1^[]=k1_xboole_0]]-[- #,[#,1^[]=k1_xboole_0]]),init(-# - -#)],0)state([k3_xboole_0(k9_xtuple_0(2^[]),1^[])=k1_xboole_0],[1^[]=k1_xboole_0,- #],[1^[]=k3_xboole_0(k9_xtuple_0(2^[]),1^[])],[ext(- (k3_xboole_0(_103226,_103228)=k1_xboole_0),[r1_xboole_0(_103226,_103228)],n),ext(- (_103190=_103192),[_103192=_103190],n),ext(- (_103148=_103150),[_103148=_103162,_103162=_103150],n),para([1],k7_relat_1(2^[],1^[]),k1_xboole_0,[#],r2l),para([0],k3_xboole_0(_103364,_103366),k3_xboole_0(_103366,_103364),[],l2r),para([0],k3_xboole_0(_103334,_103336),k3_xboole_0(_103336,_103334),[],r2l),para([0],k3_xboole_0(_103298,_103300),k1_xboole_0,[r1_xboole_0(_103298,_103300)],l2r),para([0],k3_xboole_0(_103248,_103264),_103248,[r1_tarski(_103248,_103264)],l2r)],[],[ext([k3_xboole_0(1^[],k9_xtuple_0(2^[]))=_103082,[- (k3_xboole_0(_103108,_103110)=k3_xboole_0(_103110,_103108))]]-[k3_xboole_0(1^[],k9_xtuple_0(2^[]))=k3_xboole_0(k9_xtuple_0(2^[]),1^[]),[- (k3_xboole_0(1^[],k9_xtuple_0(2^[]))=k3_xboole_0(k9_xtuple_0(2^[]),1^[]))]]),red([#,- #]-[#,- #]),ext([r1_tarski(1^[],_102706),[-r1_tarski(1^[],k9_xtuple_0(2^[])),#]]-[r1_tarski(1^[],k9_xtuple_0(2^[])),[-r1_tarski(1^[],k9_xtuple_0(2^[])),#]]),ext([_102732=1^[],[- (k3_xboole_0(_102760,_102762)=_102760),r1_tarski(_102760,_102762)]]-[k3_xboole_0(1^[],k9_xtuple_0(2^[]))=1^[],[- (k3_xboole_0(1^[],k9_xtuple_0(2^[]))=1^[]),r1_tarski(1^[],k9_xtuple_0(2^[]))]]),ext([1^[]=_102802,[- (_102822=_102824),_102824=_102822]]-[1^[]=k3_xboole_0(1^[],k9_xtuple_0(2^[])),[- (1^[]=k3_xboole_0(1^[],k9_xtuple_0(2^[]))),k3_xboole_0(1^[],k9_xtuple_0(2^[]))=1^[]]]),ext([1^[]=_102864,[- (_102884=_102886),_102884=_102898,_102898=_102886]]-[1^[]=k3_xboole_0(k9_xtuple_0(2^[]),1^[]),[- (1^[]=k3_xboole_0(k9_xtuple_0(2^[]),1^[])),1^[]=k3_xboole_0(1^[],k9_xtuple_0(2^[])),k3_xboole_0(1^[],k9_xtuple_0(2^[]))=k3_xboole_0(k9_xtuple_0(2^[]),1^[])]]),ext([1^[]=k1_xboole_0,[- (_102986=_102988),_102986=_103000,_103000=_102988]]-[1^[]=k1_xboole_0,[- (1^[]=k1_xboole_0),1^[]=k3_xboole_0(k9_xtuple_0(2^[]),1^[]),k3_xboole_0(k9_xtuple_0(2^[]),1^[])=k1_xboole_0]]),ext([- #,[#,1^[]=k1_xboole_0]]-[- #,[#,1^[]=k1_xboole_0]]),init(-# - -#)],0)state([k3_xboole_0(1^[],k9_xtuple_0(2^[]))=_101464],[1^[]=_101464,1^[]=k1_xboole_0,- #],[1^[]=k3_xboole_0(1^[],k9_xtuple_0(2^[]))],[ext(- (k3_xboole_0(_102248,_102250)=k3_xboole_0(_102250,_102248)),[],n),ext(- (k3_xboole_0(_102212,_102214)=k1_xboole_0),[r1_xboole_0(_102212,_102214)],n),ext(- (k3_xboole_0(_102172,_102178)=_102172),[r1_tarski(_102172,_102178)],n),ext(- (k3_xboole_0(_102122,_102124)=k3_xboole_0(_102128,_102130)),[_102122=_102128,_102124=_102130],n),ext(- (_102098=_102098),[],n),ext(- (_102068=_102070),[_102070=_102068],n),ext(- (_102026=_102028),[_102026=_102040,_102040=_102028],n),para([0],k3_xboole_0(_102380,_102382),k3_xboole_0(_102382,_102380),[],l2r),para([0],k3_xboole_0(_102350,_102352),k3_xboole_0(_102352,_102350),[],r2l),para([0],k3_xboole_0(_102314,_102316),k1_xboole_0,[r1_xboole_0(_102314,_102316)],l2r),para([0],k3_xboole_0(_102264,_102280),_102264,[r1_tarski(_102264,_102280)],l2r)],[[[_101464=k1_xboole_0],[1^[]=k1_xboole_0,- #],[1^[]=_101464]]],[red([#,- #]-[#,- #]),ext([r1_tarski(1^[],_101962),[-r1_tarski(1^[],k9_xtuple_0(2^[])),#]]-[r1_tarski(1^[],k9_xtuple_0(2^[])),[-r1_tarski(1^[],k9_xtuple_0(2^[])),#]]),ext([_101550=1^[],[- (k3_xboole_0(_101578,_101580)=_101578),r1_tarski(_101578,_101580)]]-[k3_xboole_0(1^[],k9_xtuple_0(2^[]))=1^[],[- (k3_xboole_0(1^[],k9_xtuple_0(2^[]))=1^[]),r1_tarski(1^[],k9_xtuple_0(2^[]))]]),ext([1^[]=_101648,[- (_101668=_101670),_101670=_101668]]-[1^[]=k3_xboole_0(1^[],k9_xtuple_0(2^[])),[- (1^[]=k3_xboole_0(1^[],k9_xtuple_0(2^[]))),k3_xboole_0(1^[],k9_xtuple_0(2^[]))=1^[]]]),ext([1^[]=_101744,[- (_101764=_101766),_101764=_101778,_101778=_101766]]-[1^[]=_101464,[- (1^[]=_101464),1^[]=k3_xboole_0(1^[],k9_xtuple_0(2^[])),k3_xboole_0(1^[],k9_xtuple_0(2^[]))=_101464]]),ext([1^[]=k1_xboole_0,[- (_101866=_101868),_101866=_101880,_101880=_101868]]-[1^[]=k1_xboole_0,[- (1^[]=k1_xboole_0),1^[]=_101464,_101464=k1_xboole_0]]),ext([- #,[#,1^[]=k1_xboole_0]]-[- #,[#,1^[]=k1_xboole_0]]),init(-# - -#)],0)state([r1_tarski(1^[],_100772)],[k3_xboole_0(1^[],_100772)=1^[],1^[]=k3_xboole_0(1^[],_100772),1^[]=_100756,1^[]=k1_xboole_0,- #],[],[ext(-r1_tarski(1^[],k9_xtuple_0(2^[])),[#],g),ext(-r1_tarski(_101282,_101284),[r1_tarski(_101294,_101296),_101294=_101282,_101296=_101284],n)],[[[k3_xboole_0(1^[],_100772)=_100756],[1^[]=_100756,1^[]=k1_xboole_0,- #],[1^[]=k3_xboole_0(1^[],_100772)]],[[_100756=k1_xboole_0],[1^[]=k1_xboole_0,- #],[1^[]=_100756]]],[ext([_101202=1^[],[- (k3_xboole_0(_101230,_101232)=_101230),r1_tarski(_101230,_101232)]]-[k3_xboole_0(1^[],_100772)=1^[],[- (k3_xboole_0(1^[],_100772)=1^[]),r1_tarski(1^[],_100772)]]),ext([1^[]=_100896,[- (_100916=_100918),_100918=_100916]]-[1^[]=k3_xboole_0(1^[],_100772),[- (1^[]=k3_xboole_0(1^[],_100772)),k3_xboole_0(1^[],_100772)=1^[]]]),ext([1^[]=_100986,[- (_101006=_101008),_101006=_101020,_101020=_101008]]-[1^[]=_100756,[- (1^[]=_100756),1^[]=k3_xboole_0(1^[],_100772),k3_xboole_0(1^[],_100772)=_100756]]),ext([1^[]=k1_xboole_0,[- (_101108=_101110),_101108=_101122,_101122=_101110]]-[1^[]=k1_xboole_0,[- (1^[]=k1_xboole_0),1^[]=_100756,_100756=k1_xboole_0]]),ext([- #,[#,1^[]=k1_xboole_0]]-[- #,[#,1^[]=k1_xboole_0]]),init(-# - -#)],0)state([_100082=1^[]],[1^[]=_100082,1^[]=_100094,1^[]=k1_xboole_0,- #],[],[ext(- (k3_xboole_0(_100604,_100610)=_100604),[r1_tarski(_100604,_100610)],n),ext(- (_100584=_100584),[],n),ext(- (_100554=_100556),[_100556=_100554],n),ext(- (_100512=_100514),[_100512=_100526,_100526=_100514],n)],[[[_100082=_100094],[1^[]=_100094,1^[]=k1_xboole_0,- #],[1^[]=_100082]],[[_100094=k1_xboole_0],[1^[]=k1_xboole_0,- #],[1^[]=_100094]]],[ext([1^[]=_100410,[- (_100430=_100432),_100432=_100430]]-[1^[]=_100082,[- (1^[]=_100082),_100082=1^[]]]),ext([1^[]=_100198,[- (_100218=_100220),_100218=_100232,_100232=_100220]]-[1^[]=_100094,[- (1^[]=_100094),1^[]=_100082,_100082=_100094]]),ext([1^[]=k1_xboole_0,[- (_100314=_100316),_100314=_100328,_100328=_100316]]-[1^[]=k1_xboole_0,[- (1^[]=k1_xboole_0),1^[]=_100094,_100094=k1_xboole_0]]),ext([- #,[#,1^[]=k1_xboole_0]]-[- #,[#,1^[]=k1_xboole_0]]),init(-# - -#)],0)state([1^[]=_66166,_66166=_66132],[1^[]=_66132,1^[]=k1_xboole_0,- #],[],[ext(- (_66496=_66496),[],n),ext(- (_66466=_66468),[_66468=_66466],n),ext(- (_66424=_66426),[_66424=_66438,_66438=_66426],n)],[[[_66132=k1_xboole_0],[1^[]=k1_xboole_0,- #],[1^[]=_66132]]],[ext([1^[]=_66310,[- (_66330=_66332),_66330=_66344,_66344=_66332]]-[1^[]=_66132,[- (1^[]=_66132),1^[]=_66166,_66166=_66132]]),ext([1^[]=k1_xboole_0,[- (_66220=_66222),_66220=_66234,_66234=_66222]]-[1^[]=k1_xboole_0,[- (1^[]=k1_xboole_0),1^[]=_66132,_66132=k1_xboole_0]]),ext([- #,[#,1^[]=k1_xboole_0]]-[- #,[#,1^[]=k1_xboole_0]]),init(-# - -#)],0)state([1^[]=_12296,_12296=k1_xboole_0],[1^[]=k1_xboole_0,- #],[],[ext(- (_12504=_12504),[],n),ext(- (_12474=_12476),[_12476=_12474],n),ext(- (_12432=_12434),[_12432=_12446,_12446=_12434],n)],[],[ext([1^[]=k1_xboole_0,[- (_12368=_12370),_12368=_12382,_12382=_12370]]-[1^[]=k1_xboole_0,[- (1^[]=k1_xboole_0),1^[]=_12296,_12296=k1_xboole_0]]),ext([- #,[#,1^[]=k1_xboole_0]]-[- #,[#,1^[]=k1_xboole_0]]),init(-# - -#)],0)state([1^[]=k1_xboole_0],[- #],[],[ext(- (_10904=_10906),[_10906=_10904],n),ext(- (_10862=_10864),[_10862=_10876,_10876=_10864],n),para([1],k7_relat_1(2^[],1^[]),k1_xboole_0,[#],r2l)],[],[ext([- #,[#,1^[]=k1_xboole_0]]-[- #,[#,1^[]=k1_xboole_0]]),init(-# - -#)],0)state([- #],[],[],[ext(#,[-v1_relat_1(2^[])],g),ext(#,[1^[]=k1_xboole_0],g),ext(#,[-r1_tarski(1^[],k9_xtuple_0(2^[]))],g),ext(#,[- (k7_relat_1(2^[],1^[])=k1_xboole_0)],g)],[],[init(-# - -#)],0)Value data saved
state([k7_relat_1(2^[],1^[])=k1_xboole_0],[r1_xboole_0(k9_xtuple_0(2^[]),1^[]),k3_xboole_0(k9_xtuple_0(2^[]),1^[])=k1_xboole_0,1^[]=k1_xboole_0,- #],[v1_relat_1(2^[]),1^[]=k3_xboole_0(k9_xtuple_0(2^[]),1^[])],[ext(- (k7_relat_1(2^[],1^[])=k1_xboole_0),[#],g),ext(- (k7_relat_1(_843778,_843780)=k1_xboole_0),[v1_relat_1(_843778),r1_xboole_0(k9_xtuple_0(_843778),_843780)],n),ext(- (_843742=_843744),[_843744=_843742],n),ext(- (_843700=_843702),[_843700=_843714,_843714=_843702],n),para([0],k7_relat_1(2^[],1^[]),k1_xboole_0,[#],l2r),para([1],k7_relat_1(2^[],1^[]),k1_xboole_0,[#],r2l),para([0],k7_relat_1(_843870,_843872),k1_xboole_0,[v1_relat_1(_843870),r1_xboole_0(k9_xtuple_0(_843870),_843872)],l2r)],[],[red([#,- #]-[#,- #]),ext([v1_relat_1(2^[]),[-v1_relat_1(2^[]),#]]-[v1_relat_1(2^[]),[-v1_relat_1(2^[]),#]]),ext([r1_xboole_0(k9_xtuple_0(2^[]),1^[]),[-r1_xboole_0(k9_xtuple_0(_843138),_843134),v1_relat_1(_843138),k7_relat_1(_843138,_843134)=k1_xboole_0]]-[r1_xboole_0(k9_xtuple_0(2^[]),1^[]),[-r1_xboole_0(k9_xtuple_0(2^[]),1^[]),v1_relat_1(2^[]),k7_relat_1(2^[],1^[])=k1_xboole_0]]),ext([k3_xboole_0(k9_xtuple_0(2^[]),1^[])=k1_xboole_0,[- (k3_xboole_0(_843214,_843216)=k1_xboole_0),r1_xboole_0(_843214,_843216)]]-[k3_xboole_0(k9_xtuple_0(2^[]),1^[])=k1_xboole_0,[- (k3_xboole_0(k9_xtuple_0(2^[]),1^[])=k1_xboole_0),r1_xboole_0(k9_xtuple_0(2^[]),1^[])]]),ext([k3_xboole_0(1^[],k9_xtuple_0(2^[]))=_843256,[- (k3_xboole_0(_843282,_843284)=k3_xboole_0(_843284,_843282))]]-[k3_xboole_0(1^[],k9_xtuple_0(2^[]))=k3_xboole_0(k9_xtuple_0(2^[]),1^[]),[- (k3_xboole_0(1^[],k9_xtuple_0(2^[]))=k3_xboole_0(k9_xtuple_0(2^[]),1^[]))]]),red([#,- #]-[#,- #]),ext([r1_tarski(1^[],_843324),[-r1_tarski(1^[],k9_xtuple_0(2^[])),#]]-[r1_tarski(1^[],k9_xtuple_0(2^[])),[-r1_tarski(1^[],k9_xtuple_0(2^[])),#]]),ext([_843350=1^[],[- (k3_xboole_0(_843378,_843380)=_843378),r1_tarski(_843378,_843380)]]-[k3_xboole_0(1^[],k9_xtuple_0(2^[]))=1^[],[- (k3_xboole_0(1^[],k9_xtuple_0(2^[]))=1^[]),r1_tarski(1^[],k9_xtuple_0(2^[]))]]),ext([1^[]=_843420,[- (_843440=_843442),_843442=_843440]]-[1^[]=k3_xboole_0(1^[],k9_xtuple_0(2^[])),[- (1^[]=k3_xboole_0(1^[],k9_xtuple_0(2^[]))),k3_xboole_0(1^[],k9_xtuple_0(2^[]))=1^[]]]),ext([1^[]=_843482,[- (_843502=_843504),_843502=_843516,_843516=_843504]]-[1^[]=k3_xboole_0(k9_xtuple_0(2^[]),1^[]),[- (1^[]=k3_xboole_0(k9_xtuple_0(2^[]),1^[])),1^[]=k3_xboole_0(1^[],k9_xtuple_0(2^[])),k3_xboole_0(1^[],k9_xtuple_0(2^[]))=k3_xboole_0(k9_xtuple_0(2^[]),1^[])]]),ext([1^[]=k1_xboole_0,[- (_843570=_843572),_843570=_843584,_843584=_843572]]-[1^[]=k1_xboole_0,[- (1^[]=k1_xboole_0),1^[]=k3_xboole_0(k9_xtuple_0(2^[]),1^[]),k3_xboole_0(k9_xtuple_0(2^[]),1^[])=k1_xboole_0]]),ext([- #,[#,1^[]=k1_xboole_0]]-[- #,[#,1^[]=k1_xboole_0]]),init(-# - -#)],0)state([v1_relat_1(2^[]),k7_relat_1(2^[],1^[])=k1_xboole_0],[r1_xboole_0(k9_xtuple_0(2^[]),1^[]),k3_xboole_0(k9_xtuple_0(2^[]),1^[])=k1_xboole_0,1^[]=k1_xboole_0,- #],[1^[]=k3_xboole_0(k9_xtuple_0(2^[]),1^[])],[ext(-v1_relat_1(2^[]),[#],g),ext(-v1_relat_1(_842942),[_842952=_842942,v1_relat_1(_842952)],n)],[],[ext([r1_xboole_0(k9_xtuple_0(2^[]),1^[]),[-r1_xboole_0(k9_xtuple_0(_842876),_842872),v1_relat_1(_842876),k7_relat_1(_842876,_842872)=k1_xboole_0]]-[r1_xboole_0(k9_xtuple_0(2^[]),1^[]),[-r1_xboole_0(k9_xtuple_0(2^[]),1^[]),v1_relat_1(2^[]),k7_relat_1(2^[],1^[])=k1_xboole_0]]),ext([k3_xboole_0(k9_xtuple_0(2^[]),1^[])=k1_xboole_0,[- (k3_xboole_0(_842428,_842430)=k1_xboole_0),r1_xboole_0(_842428,_842430)]]-[k3_xboole_0(k9_xtuple_0(2^[]),1^[])=k1_xboole_0,[- (k3_xboole_0(k9_xtuple_0(2^[]),1^[])=k1_xboole_0),r1_xboole_0(k9_xtuple_0(2^[]),1^[])]]),ext([k3_xboole_0(1^[],k9_xtuple_0(2^[]))=_842470,[- (k3_xboole_0(_842496,_842498)=k3_xboole_0(_842498,_842496))]]-[k3_xboole_0(1^[],k9_xtuple_0(2^[]))=k3_xboole_0(k9_xtuple_0(2^[]),1^[]),[- (k3_xboole_0(1^[],k9_xtuple_0(2^[]))=k3_xboole_0(k9_xtuple_0(2^[]),1^[]))]]),red([#,- #]-[#,- #]),ext([r1_tarski(1^[],_842538),[-r1_tarski(1^[],k9_xtuple_0(2^[])),#]]-[r1_tarski(1^[],k9_xtuple_0(2^[])),[-r1_tarski(1^[],k9_xtuple_0(2^[])),#]]),ext([_842564=1^[],[- (k3_xboole_0(_842592,_842594)=_842592),r1_tarski(_842592,_842594)]]-[k3_xboole_0(1^[],k9_xtuple_0(2^[]))=1^[],[- (k3_xboole_0(1^[],k9_xtuple_0(2^[]))=1^[]),r1_tarski(1^[],k9_xtuple_0(2^[]))]]),ext([1^[]=_842634,[- (_842654=_842656),_842656=_842654]]-[1^[]=k3_xboole_0(1^[],k9_xtuple_0(2^[])),[- (1^[]=k3_xboole_0(1^[],k9_xtuple_0(2^[]))),k3_xboole_0(1^[],k9_xtuple_0(2^[]))=1^[]]]),ext([1^[]=_842696,[- (_842716=_842718),_842716=_842730,_842730=_842718]]-[1^[]=k3_xboole_0(k9_xtuple_0(2^[]),1^[]),[- (1^[]=k3_xboole_0(k9_xtuple_0(2^[]),1^[])),1^[]=k3_xboole_0(1^[],k9_xtuple_0(2^[])),k3_xboole_0(1^[],k9_xtuple_0(2^[]))=k3_xboole_0(k9_xtuple_0(2^[]),1^[])]]),ext([1^[]=k1_xboole_0,[- (_842784=_842786),_842784=_842798,_842798=_842786]]-[1^[]=k1_xboole_0,[- (1^[]=k1_xboole_0),1^[]=k3_xboole_0(k9_xtuple_0(2^[]),1^[]),k3_xboole_0(k9_xtuple_0(2^[]),1^[])=k1_xboole_0]]),ext([- #,[#,1^[]=k1_xboole_0]]-[- #,[#,1^[]=k1_xboole_0]]),init(-# - -#)],0)state([v1_relat_1(2^[]),k7_relat_1(2^[],1^[])=k1_xboole_0],[r1_xboole_0(k9_xtuple_0(2^[]),1^[]),k3_xboole_0(k9_xtuple_0(2^[]),1^[])=k1_xboole_0,1^[]=k1_xboole_0,- #],[1^[]=k3_xboole_0(k9_xtuple_0(2^[]),1^[])],[ext(-v1_relat_1(2^[]),[#],g),ext(-v1_relat_1(_842942),[_842952=_842942,v1_relat_1(_842952)],n)],[],[ext([r1_xboole_0(k9_xtuple_0(2^[]),1^[]),[-r1_xboole_0(k9_xtuple_0(_842876),_842872),v1_relat_1(_842876),k7_relat_1(_842876,_842872)=k1_xboole_0]]-[r1_xboole_0(k9_xtuple_0(2^[]),1^[]),[-r1_xboole_0(k9_xtuple_0(2^[]),1^[]),v1_relat_1(2^[]),k7_relat_1(2^[],1^[])=k1_xboole_0]]),ext([k3_xboole_0(k9_xtuple_0(2^[]),1^[])=k1_xboole_0,[- (k3_xboole_0(_842428,_842430)=k1_xboole_0),r1_xboole_0(_842428,_842430)]]-[k3_xboole_0(k9_xtuple_0(2^[]),1^[])=k1_xboole_0,[- (k3_xboole_0(k9_xtuple_0(2^[]),1^[])=k1_xboole_0),r1_xboole_0(k9_xtuple_0(2^[]),1^[])]]),ext([k3_xboole_0(1^[],k9_xtuple_0(2^[]))=_842470,[- (k3_xboole_0(_842496,_842498)=k3_xboole_0(_842498,_842496))]]-[k3_xboole_0(1^[],k9_xtuple_0(2^[]))=k3_xboole_0(k9_xtuple_0(2^[]),1^[]),[- (k3_xboole_0(1^[],k9_xtuple_0(2^[]))=k3_xboole_0(k9_xtuple_0(2^[]),1^[]))]]),red([#,- #]-[#,- #]),ext([r1_tarski(1^[],_842538),[-r1_tarski(1^[],k9_xtuple_0(2^[])),#]]-[r1_tarski(1^[],k9_xtuple_0(2^[])),[-r1_tarski(1^[],k9_xtuple_0(2^[])),#]]),ext([_842564=1^[],[- (k3_xboole_0(_842592,_842594)=_842592),r1_tarski(_842592,_842594)]]-[k3_xboole_0(1^[],k9_xtuple_0(2^[]))=1^[],[- (k3_xboole_0(1^[],k9_xtuple_0(2^[]))=1^[]),r1_tarski(1^[],k9_xtuple_0(2^[]))]]),ext([1^[]=_842634,[- (_842654=_842656),_842656=_842654]]-[1^[]=k3_xboole_0(1^[],k9_xtuple_0(2^[])),[- (1^[]=k3_xboole_0(1^[],k9_xtuple_0(2^[]))),k3_xboole_0(1^[],k9_xtuple_0(2^[]))=1^[]]]),ext([1^[]=_842696,[- (_842716=_842718),_842716=_842730,_842730=_842718]]-[1^[]=k3_xboole_0(k9_xtuple_0(2^[]),1^[]),[- (1^[]=k3_xboole_0(k9_xtuple_0(2^[]),1^[])),1^[]=k3_xboole_0(1^[],k9_xtuple_0(2^[])),k3_xboole_0(1^[],k9_xtuple_0(2^[]))=k3_xboole_0(k9_xtuple_0(2^[]),1^[])]]),ext([1^[]=k1_xboole_0,[- (_842784=_842786),_842784=_842798,_842798=_842786]]-[1^[]=k1_xboole_0,[- (1^[]=k1_xboole_0),1^[]=k3_xboole_0(k9_xtuple_0(2^[]),1^[]),k3_xboole_0(k9_xtuple_0(2^[]),1^[])=k1_xboole_0]]),ext([- #,[#,1^[]=k1_xboole_0]]-[- #,[#,1^[]=k1_xboole_0]]),init(-# - -#)],0)state([r1_xboole_0(k9_xtuple_0(2^[]),1^[])],[k3_xboole_0(k9_xtuple_0(2^[]),1^[])=k1_xboole_0,1^[]=k1_xboole_0,- #],[1^[]=k3_xboole_0(k9_xtuple_0(2^[]),1^[])],[ext(-r1_xboole_0(_104204,_104206),[k3_xboole_0(_104204,_104206)=k1_xboole_0],n),ext(-r1_xboole_0(k9_xtuple_0(_104160),_104156),[v1_relat_1(_104160),k7_relat_1(_104160,_104156)=k1_xboole_0],n),ext(-r1_xboole_0(_104100,_104102),[r1_xboole_0(_104112,_104114),_104112=_104100,_104114=_104102],n)],[],[ext([k3_xboole_0(k9_xtuple_0(2^[]),1^[])=k1_xboole_0,[- (k3_xboole_0(_104048,_104050)=k1_xboole_0),r1_xboole_0(_104048,_104050)]]-[k3_xboole_0(k9_xtuple_0(2^[]),1^[])=k1_xboole_0,[- (k3_xboole_0(k9_xtuple_0(2^[]),1^[])=k1_xboole_0),r1_xboole_0(k9_xtuple_0(2^[]),1^[])]]),ext([k3_xboole_0(1^[],k9_xtuple_0(2^[]))=_103642,[- (k3_xboole_0(_103668,_103670)=k3_xboole_0(_103670,_103668))]]-[k3_xboole_0(1^[],k9_xtuple_0(2^[]))=k3_xboole_0(k9_xtuple_0(2^[]),1^[]),[- (k3_xboole_0(1^[],k9_xtuple_0(2^[]))=k3_xboole_0(k9_xtuple_0(2^[]),1^[]))]]),red([#,- #]-[#,- #]),ext([r1_tarski(1^[],_103710),[-r1_tarski(1^[],k9_xtuple_0(2^[])),#]]-[r1_tarski(1^[],k9_xtuple_0(2^[])),[-r1_tarski(1^[],k9_xtuple_0(2^[])),#]]),ext([_103736=1^[],[- (k3_xboole_0(_103764,_103766)=_103764),r1_tarski(_103764,_103766)]]-[k3_xboole_0(1^[],k9_xtuple_0(2^[]))=1^[],[- (k3_xboole_0(1^[],k9_xtuple_0(2^[]))=1^[]),r1_tarski(1^[],k9_xtuple_0(2^[]))]]),ext([1^[]=_103806,[- (_103826=_103828),_103828=_103826]]-[1^[]=k3_xboole_0(1^[],k9_xtuple_0(2^[])),[- (1^[]=k3_xboole_0(1^[],k9_xtuple_0(2^[]))),k3_xboole_0(1^[],k9_xtuple_0(2^[]))=1^[]]]),ext([1^[]=_103868,[- (_103888=_103890),_103888=_103902,_103902=_103890]]-[1^[]=k3_xboole_0(k9_xtuple_0(2^[]),1^[]),[- (1^[]=k3_xboole_0(k9_xtuple_0(2^[]),1^[])),1^[]=k3_xboole_0(1^[],k9_xtuple_0(2^[])),k3_xboole_0(1^[],k9_xtuple_0(2^[]))=k3_xboole_0(k9_xtuple_0(2^[]),1^[])]]),ext([1^[]=k1_xboole_0,[- (_103956=_103958),_103956=_103970,_103970=_103958]]-[1^[]=k1_xboole_0,[- (1^[]=k1_xboole_0),1^[]=k3_xboole_0(k9_xtuple_0(2^[]),1^[]),k3_xboole_0(k9_xtuple_0(2^[]),1^[])=k1_xboole_0]]),ext([- #,[#,1^[]=k1_xboole_0]]-[- #,[#,1^[]=k1_xboole_0]]),init(-# - -#)],0)state([r1_xboole_0(k9_xtuple_0(2^[]),1^[])],[k3_xboole_0(k9_xtuple_0(2^[]),1^[])=k1_xboole_0,1^[]=k1_xboole_0,- #],[1^[]=k3_xboole_0(k9_xtuple_0(2^[]),1^[])],[ext(-r1_xboole_0(_104204,_104206),[k3_xboole_0(_104204,_104206)=k1_xboole_0],n),ext(-r1_xboole_0(k9_xtuple_0(_104160),_104156),[v1_relat_1(_104160),k7_relat_1(_104160,_104156)=k1_xboole_0],n),ext(-r1_xboole_0(_104100,_104102),[r1_xboole_0(_104112,_104114),_104112=_104100,_104114=_104102],n)],[],[ext([k3_xboole_0(k9_xtuple_0(2^[]),1^[])=k1_xboole_0,[- (k3_xboole_0(_104048,_104050)=k1_xboole_0),r1_xboole_0(_104048,_104050)]]-[k3_xboole_0(k9_xtuple_0(2^[]),1^[])=k1_xboole_0,[- (k3_xboole_0(k9_xtuple_0(2^[]),1^[])=k1_xboole_0),r1_xboole_0(k9_xtuple_0(2^[]),1^[])]]),ext([k3_xboole_0(1^[],k9_xtuple_0(2^[]))=_103642,[- (k3_xboole_0(_103668,_103670)=k3_xboole_0(_103670,_103668))]]-[k3_xboole_0(1^[],k9_xtuple_0(2^[]))=k3_xboole_0(k9_xtuple_0(2^[]),1^[]),[- (k3_xboole_0(1^[],k9_xtuple_0(2^[]))=k3_xboole_0(k9_xtuple_0(2^[]),1^[]))]]),red([#,- #]-[#,- #]),ext([r1_tarski(1^[],_103710),[-r1_tarski(1^[],k9_xtuple_0(2^[])),#]]-[r1_tarski(1^[],k9_xtuple_0(2^[])),[-r1_tarski(1^[],k9_xtuple_0(2^[])),#]]),ext([_103736=1^[],[- (k3_xboole_0(_103764,_103766)=_103764),r1_tarski(_103764,_103766)]]-[k3_xboole_0(1^[],k9_xtuple_0(2^[]))=1^[],[- (k3_xboole_0(1^[],k9_xtuple_0(2^[]))=1^[]),r1_tarski(1^[],k9_xtuple_0(2^[]))]]),ext([1^[]=_103806,[- (_103826=_103828),_103828=_103826]]-[1^[]=k3_xboole_0(1^[],k9_xtuple_0(2^[])),[- (1^[]=k3_xboole_0(1^[],k9_xtuple_0(2^[]))),k3_xboole_0(1^[],k9_xtuple_0(2^[]))=1^[]]]),ext([1^[]=_103868,[- (_103888=_103890),_103888=_103902,_103902=_103890]]-[1^[]=k3_xboole_0(k9_xtuple_0(2^[]),1^[]),[- (1^[]=k3_xboole_0(k9_xtuple_0(2^[]),1^[])),1^[]=k3_xboole_0(1^[],k9_xtuple_0(2^[])),k3_xboole_0(1^[],k9_xtuple_0(2^[]))=k3_xboole_0(k9_xtuple_0(2^[]),1^[])]]),ext([1^[]=k1_xboole_0,[- (_103956=_103958),_103956=_103970,_103970=_103958]]-[1^[]=k1_xboole_0,[- (1^[]=k1_xboole_0),1^[]=k3_xboole_0(k9_xtuple_0(2^[]),1^[]),k3_xboole_0(k9_xtuple_0(2^[]),1^[])=k1_xboole_0]]),ext([- #,[#,1^[]=k1_xboole_0]]-[- #,[#,1^[]=k1_xboole_0]]),init(-# - -#)],0)state([r1_xboole_0(k9_xtuple_0(2^[]),1^[])],[k3_xboole_0(k9_xtuple_0(2^[]),1^[])=k1_xboole_0,1^[]=k1_xboole_0,- #],[1^[]=k3_xboole_0(k9_xtuple_0(2^[]),1^[])],[ext(-r1_xboole_0(_104204,_104206),[k3_xboole_0(_104204,_104206)=k1_xboole_0],n),ext(-r1_xboole_0(k9_xtuple_0(_104160),_104156),[v1_relat_1(_104160),k7_relat_1(_104160,_104156)=k1_xboole_0],n),ext(-r1_xboole_0(_104100,_104102),[r1_xboole_0(_104112,_104114),_104112=_104100,_104114=_104102],n)],[],[ext([k3_xboole_0(k9_xtuple_0(2^[]),1^[])=k1_xboole_0,[- (k3_xboole_0(_104048,_104050)=k1_xboole_0),r1_xboole_0(_104048,_104050)]]-[k3_xboole_0(k9_xtuple_0(2^[]),1^[])=k1_xboole_0,[- (k3_xboole_0(k9_xtuple_0(2^[]),1^[])=k1_xboole_0),r1_xboole_0(k9_xtuple_0(2^[]),1^[])]]),ext([k3_xboole_0(1^[],k9_xtuple_0(2^[]))=_103642,[- (k3_xboole_0(_103668,_103670)=k3_xboole_0(_103670,_103668))]]-[k3_xboole_0(1^[],k9_xtuple_0(2^[]))=k3_xboole_0(k9_xtuple_0(2^[]),1^[]),[- (k3_xboole_0(1^[],k9_xtuple_0(2^[]))=k3_xboole_0(k9_xtuple_0(2^[]),1^[]))]]),red([#,- #]-[#,- #]),ext([r1_tarski(1^[],_103710),[-r1_tarski(1^[],k9_xtuple_0(2^[])),#]]-[r1_tarski(1^[],k9_xtuple_0(2^[])),[-r1_tarski(1^[],k9_xtuple_0(2^[])),#]]),ext([_103736=1^[],[- (k3_xboole_0(_103764,_103766)=_103764),r1_tarski(_103764,_103766)]]-[k3_xboole_0(1^[],k9_xtuple_0(2^[]))=1^[],[- (k3_xboole_0(1^[],k9_xtuple_0(2^[]))=1^[]),r1_tarski(1^[],k9_xtuple_0(2^[]))]]),ext([1^[]=_103806,[- (_103826=_103828),_103828=_103826]]-[1^[]=k3_xboole_0(1^[],k9_xtuple_0(2^[])),[- (1^[]=k3_xboole_0(1^[],k9_xtuple_0(2^[]))),k3_xboole_0(1^[],k9_xtuple_0(2^[]))=1^[]]]),ext([1^[]=_103868,[- (_103888=_103890),_103888=_103902,_103902=_103890]]-[1^[]=k3_xboole_0(k9_xtuple_0(2^[]),1^[]),[- (1^[]=k3_xboole_0(k9_xtuple_0(2^[]),1^[])),1^[]=k3_xboole_0(1^[],k9_xtuple_0(2^[])),k3_xboole_0(1^[],k9_xtuple_0(2^[]))=k3_xboole_0(k9_xtuple_0(2^[]),1^[])]]),ext([1^[]=k1_xboole_0,[- (_103956=_103958),_103956=_103970,_103970=_103958]]-[1^[]=k1_xboole_0,[- (1^[]=k1_xboole_0),1^[]=k3_xboole_0(k9_xtuple_0(2^[]),1^[]),k3_xboole_0(k9_xtuple_0(2^[]),1^[])=k1_xboole_0]]),ext([- #,[#,1^[]=k1_xboole_0]]-[- #,[#,1^[]=k1_xboole_0]]),init(-# - -#)],0)state([k3_xboole_0(k9_xtuple_0(2^[]),1^[])=k1_xboole_0],[1^[]=k1_xboole_0,- #],[1^[]=k3_xboole_0(k9_xtuple_0(2^[]),1^[])],[ext(- (k3_xboole_0(_103226,_103228)=k1_xboole_0),[r1_xboole_0(_103226,_103228)],n),ext(- (_103190=_103192),[_103192=_103190],n),ext(- (_103148=_103150),[_103148=_103162,_103162=_103150],n),para([1],k7_relat_1(2^[],1^[]),k1_xboole_0,[#],r2l),para([0],k3_xboole_0(_103364,_103366),k3_xboole_0(_103366,_103364),[],l2r),para([0],k3_xboole_0(_103334,_103336),k3_xboole_0(_103336,_103334),[],r2l),para([0],k3_xboole_0(_103298,_103300),k1_xboole_0,[r1_xboole_0(_103298,_103300)],l2r),para([0],k3_xboole_0(_103248,_103264),_103248,[r1_tarski(_103248,_103264)],l2r)],[],[ext([k3_xboole_0(1^[],k9_xtuple_0(2^[]))=_103082,[- (k3_xboole_0(_103108,_103110)=k3_xboole_0(_103110,_103108))]]-[k3_xboole_0(1^[],k9_xtuple_0(2^[]))=k3_xboole_0(k9_xtuple_0(2^[]),1^[]),[- (k3_xboole_0(1^[],k9_xtuple_0(2^[]))=k3_xboole_0(k9_xtuple_0(2^[]),1^[]))]]),red([#,- #]-[#,- #]),ext([r1_tarski(1^[],_102706),[-r1_tarski(1^[],k9_xtuple_0(2^[])),#]]-[r1_tarski(1^[],k9_xtuple_0(2^[])),[-r1_tarski(1^[],k9_xtuple_0(2^[])),#]]),ext([_102732=1^[],[- (k3_xboole_0(_102760,_102762)=_102760),r1_tarski(_102760,_102762)]]-[k3_xboole_0(1^[],k9_xtuple_0(2^[]))=1^[],[- (k3_xboole_0(1^[],k9_xtuple_0(2^[]))=1^[]),r1_tarski(1^[],k9_xtuple_0(2^[]))]]),ext([1^[]=_102802,[- (_102822=_102824),_102824=_102822]]-[1^[]=k3_xboole_0(1^[],k9_xtuple_0(2^[])),[- (1^[]=k3_xboole_0(1^[],k9_xtuple_0(2^[]))),k3_xboole_0(1^[],k9_xtuple_0(2^[]))=1^[]]]),ext([1^[]=_102864,[- (_102884=_102886),_102884=_102898,_102898=_102886]]-[1^[]=k3_xboole_0(k9_xtuple_0(2^[]),1^[]),[- (1^[]=k3_xboole_0(k9_xtuple_0(2^[]),1^[])),1^[]=k3_xboole_0(1^[],k9_xtuple_0(2^[])),k3_xboole_0(1^[],k9_xtuple_0(2^[]))=k3_xboole_0(k9_xtuple_0(2^[]),1^[])]]),ext([1^[]=k1_xboole_0,[- (_102986=_102988),_102986=_103000,_103000=_102988]]-[1^[]=k1_xboole_0,[- (1^[]=k1_xboole_0),1^[]=k3_xboole_0(k9_xtuple_0(2^[]),1^[]),k3_xboole_0(k9_xtuple_0(2^[]),1^[])=k1_xboole_0]]),ext([- #,[#,1^[]=k1_xboole_0]]-[- #,[#,1^[]=k1_xboole_0]]),init(-# - -#)],0)state([k3_xboole_0(1^[],k9_xtuple_0(2^[]))=_101464],[1^[]=_101464,1^[]=k1_xboole_0,- #],[1^[]=k3_xboole_0(1^[],k9_xtuple_0(2^[]))],[ext(- (k3_xboole_0(_102248,_102250)=k3_xboole_0(_102250,_102248)),[],n),ext(- (k3_xboole_0(_102212,_102214)=k1_xboole_0),[r1_xboole_0(_102212,_102214)],n),ext(- (k3_xboole_0(_102172,_102178)=_102172),[r1_tarski(_102172,_102178)],n),ext(- (k3_xboole_0(_102122,_102124)=k3_xboole_0(_102128,_102130)),[_102122=_102128,_102124=_102130],n),ext(- (_102098=_102098),[],n),ext(- (_102068=_102070),[_102070=_102068],n),ext(- (_102026=_102028),[_102026=_102040,_102040=_102028],n),para([0],k3_xboole_0(_102380,_102382),k3_xboole_0(_102382,_102380),[],l2r),para([0],k3_xboole_0(_102350,_102352),k3_xboole_0(_102352,_102350),[],r2l),para([0],k3_xboole_0(_102314,_102316),k1_xboole_0,[r1_xboole_0(_102314,_102316)],l2r),para([0],k3_xboole_0(_102264,_102280),_102264,[r1_tarski(_102264,_102280)],l2r)],[[[_101464=k1_xboole_0],[1^[]=k1_xboole_0,- #],[1^[]=_101464]]],[red([#,- #]-[#,- #]),ext([r1_tarski(1^[],_101962),[-r1_tarski(1^[],k9_xtuple_0(2^[])),#]]-[r1_tarski(1^[],k9_xtuple_0(2^[])),[-r1_tarski(1^[],k9_xtuple_0(2^[])),#]]),ext([_101550=1^[],[- (k3_xboole_0(_101578,_101580)=_101578),r1_tarski(_101578,_101580)]]-[k3_xboole_0(1^[],k9_xtuple_0(2^[]))=1^[],[- (k3_xboole_0(1^[],k9_xtuple_0(2^[]))=1^[]),r1_tarski(1^[],k9_xtuple_0(2^[]))]]),ext([1^[]=_101648,[- (_101668=_101670),_101670=_101668]]-[1^[]=k3_xboole_0(1^[],k9_xtuple_0(2^[])),[- (1^[]=k3_xboole_0(1^[],k9_xtuple_0(2^[]))),k3_xboole_0(1^[],k9_xtuple_0(2^[]))=1^[]]]),ext([1^[]=_101744,[- (_101764=_101766),_101764=_101778,_101778=_101766]]-[1^[]=_101464,[- (1^[]=_101464),1^[]=k3_xboole_0(1^[],k9_xtuple_0(2^[])),k3_xboole_0(1^[],k9_xtuple_0(2^[]))=_101464]]),ext([1^[]=k1_xboole_0,[- (_101866=_101868),_101866=_101880,_101880=_101868]]-[1^[]=k1_xboole_0,[- (1^[]=k1_xboole_0),1^[]=_101464,_101464=k1_xboole_0]]),ext([- #,[#,1^[]=k1_xboole_0]]-[- #,[#,1^[]=k1_xboole_0]]),init(-# - -#)],0)state([r1_tarski(1^[],_100772)],[k3_xboole_0(1^[],_100772)=1^[],1^[]=k3_xboole_0(1^[],_100772),1^[]=_100756,1^[]=k1_xboole_0,- #],[],[ext(-r1_tarski(1^[],k9_xtuple_0(2^[])),[#],g),ext(-r1_tarski(_101282,_101284),[r1_tarski(_101294,_101296),_101294=_101282,_101296=_101284],n)],[[[k3_xboole_0(1^[],_100772)=_100756],[1^[]=_100756,1^[]=k1_xboole_0,- #],[1^[]=k3_xboole_0(1^[],_100772)]],[[_100756=k1_xboole_0],[1^[]=k1_xboole_0,- #],[1^[]=_100756]]],[ext([_101202=1^[],[- (k3_xboole_0(_101230,_101232)=_101230),r1_tarski(_101230,_101232)]]-[k3_xboole_0(1^[],_100772)=1^[],[- (k3_xboole_0(1^[],_100772)=1^[]),r1_tarski(1^[],_100772)]]),ext([1^[]=_100896,[- (_100916=_100918),_100918=_100916]]-[1^[]=k3_xboole_0(1^[],_100772),[- (1^[]=k3_xboole_0(1^[],_100772)),k3_xboole_0(1^[],_100772)=1^[]]]),ext([1^[]=_100986,[- (_101006=_101008),_101006=_101020,_101020=_101008]]-[1^[]=_100756,[- (1^[]=_100756),1^[]=k3_xboole_0(1^[],_100772),k3_xboole_0(1^[],_100772)=_100756]]),ext([1^[]=k1_xboole_0,[- (_101108=_101110),_101108=_101122,_101122=_101110]]-[1^[]=k1_xboole_0,[- (1^[]=k1_xboole_0),1^[]=_100756,_100756=k1_xboole_0]]),ext([- #,[#,1^[]=k1_xboole_0]]-[- #,[#,1^[]=k1_xboole_0]]),init(-# - -#)],0)state([r1_tarski(1^[],_100772)],[k3_xboole_0(1^[],_100772)=1^[],1^[]=k3_xboole_0(1^[],_100772),1^[]=_100756,1^[]=k1_xboole_0,- #],[],[ext(-r1_tarski(1^[],k9_xtuple_0(2^[])),[#],g),ext(-r1_tarski(_101282,_101284),[r1_tarski(_101294,_101296),_101294=_101282,_101296=_101284],n)],[[[k3_xboole_0(1^[],_100772)=_100756],[1^[]=_100756,1^[]=k1_xboole_0,- #],[1^[]=k3_xboole_0(1^[],_100772)]],[[_100756=k1_xboole_0],[1^[]=k1_xboole_0,- #],[1^[]=_100756]]],[ext([_101202=1^[],[- (k3_xboole_0(_101230,_101232)=_101230),r1_tarski(_101230,_101232)]]-[k3_xboole_0(1^[],_100772)=1^[],[- (k3_xboole_0(1^[],_100772)=1^[]),r1_tarski(1^[],_100772)]]),ext([1^[]=_100896,[- (_100916=_100918),_100918=_100916]]-[1^[]=k3_xboole_0(1^[],_100772),[- (1^[]=k3_xboole_0(1^[],_100772)),k3_xboole_0(1^[],_100772)=1^[]]]),ext([1^[]=_100986,[- (_101006=_101008),_101006=_101020,_101020=_101008]]-[1^[]=_100756,[- (1^[]=_100756),1^[]=k3_xboole_0(1^[],_100772),k3_xboole_0(1^[],_100772)=_100756]]),ext([1^[]=k1_xboole_0,[- (_101108=_101110),_101108=_101122,_101122=_101110]]-[1^[]=k1_xboole_0,[- (1^[]=k1_xboole_0),1^[]=_100756,_100756=k1_xboole_0]]),ext([- #,[#,1^[]=k1_xboole_0]]-[- #,[#,1^[]=k1_xboole_0]]),init(-# - -#)],0)state([_100082=1^[]],[1^[]=_100082,1^[]=_100094,1^[]=k1_xboole_0,- #],[],[ext(- (k3_xboole_0(_100604,_100610)=_100604),[r1_tarski(_100604,_100610)],n),ext(- (_100584=_100584),[],n),ext(- (_100554=_100556),[_100556=_100554],n),ext(- (_100512=_100514),[_100512=_100526,_100526=_100514],n)],[[[_100082=_100094],[1^[]=_100094,1^[]=k1_xboole_0,- #],[1^[]=_100082]],[[_100094=k1_xboole_0],[1^[]=k1_xboole_0,- #],[1^[]=_100094]]],[ext([1^[]=_100410,[- (_100430=_100432),_100432=_100430]]-[1^[]=_100082,[- (1^[]=_100082),_100082=1^[]]]),ext([1^[]=_100198,[- (_100218=_100220),_100218=_100232,_100232=_100220]]-[1^[]=_100094,[- (1^[]=_100094),1^[]=_100082,_100082=_100094]]),ext([1^[]=k1_xboole_0,[- (_100314=_100316),_100314=_100328,_100328=_100316]]-[1^[]=k1_xboole_0,[- (1^[]=k1_xboole_0),1^[]=_100094,_100094=k1_xboole_0]]),ext([- #,[#,1^[]=k1_xboole_0]]-[- #,[#,1^[]=k1_xboole_0]]),init(-# - -#)],0)state([_99432=1^[]],[1^[]=_99432,1^[]=_99444,1^[]=k1_xboole_0,- #],[],[ext(- (k3_xboole_0(_99954,_99960)=_99954),[r1_tarski(_99954,_99960)],n),ext(- (_99934=_99934),[],n),ext(- (_99904=_99906),[_99906=_99904],n),ext(- (_99862=_99864),[_99862=_99876,_99876=_99864],n)],[[[_99432=_99444],[1^[]=_99444,1^[]=k1_xboole_0,- #],[1^[]=_99432]],[[_99444=k1_xboole_0],[1^[]=k1_xboole_0,- #],[1^[]=_99444]]],[ext([1^[]=_99760,[- (_99780=_99782),_99782=_99780]]-[1^[]=_99432,[- (1^[]=_99432),_99432=1^[]]]),ext([1^[]=_99548,[- (_99568=_99570),_99568=_99582,_99582=_99570]]-[1^[]=_99444,[- (1^[]=_99444),1^[]=_99432,_99432=_99444]]),ext([1^[]=k1_xboole_0,[- (_99664=_99666),_99664=_99678,_99678=_99666]]-[1^[]=k1_xboole_0,[- (1^[]=k1_xboole_0),1^[]=_99444,_99444=k1_xboole_0]]),ext([- #,[#,1^[]=k1_xboole_0]]-[- #,[#,1^[]=k1_xboole_0]]),init(-# - -#)],0)state([_99432=1^[]],[1^[]=_99432,1^[]=_99444,1^[]=k1_xboole_0,- #],[],[ext(- (k3_xboole_0(_99954,_99960)=_99954),[r1_tarski(_99954,_99960)],n),ext(- (_99934=_99934),[],n),ext(- (_99904=_99906),[_99906=_99904],n),ext(- (_99862=_99864),[_99862=_99876,_99876=_99864],n)],[[[_99432=_99444],[1^[]=_99444,1^[]=k1_xboole_0,- #],[1^[]=_99432]],[[_99444=k1_xboole_0],[1^[]=k1_xboole_0,- #],[1^[]=_99444]]],[ext([1^[]=_99760,[- (_99780=_99782),_99782=_99780]]-[1^[]=_99432,[- (1^[]=_99432),_99432=1^[]]]),ext([1^[]=_99548,[- (_99568=_99570),_99568=_99582,_99582=_99570]]-[1^[]=_99444,[- (1^[]=_99444),1^[]=_99432,_99432=_99444]]),ext([1^[]=k1_xboole_0,[- (_99664=_99666),_99664=_99678,_99678=_99666]]-[1^[]=k1_xboole_0,[- (1^[]=k1_xboole_0),1^[]=_99444,_99444=k1_xboole_0]]),ext([- #,[#,1^[]=k1_xboole_0]]-[- #,[#,1^[]=k1_xboole_0]]),init(-# - -#)],0)state([_99432=1^[]],[1^[]=_99432,1^[]=_99444,1^[]=k1_xboole_0,- #],[],[ext(- (k3_xboole_0(_99954,_99960)=_99954),[r1_tarski(_99954,_99960)],n),ext(- (_99934=_99934),[],n),ext(- (_99904=_99906),[_99906=_99904],n),ext(- (_99862=_99864),[_99862=_99876,_99876=_99864],n)],[[[_99432=_99444],[1^[]=_99444,1^[]=k1_xboole_0,- #],[1^[]=_99432]],[[_99444=k1_xboole_0],[1^[]=k1_xboole_0,- #],[1^[]=_99444]]],[ext([1^[]=_99760,[- (_99780=_99782),_99782=_99780]]-[1^[]=_99432,[- (1^[]=_99432),_99432=1^[]]]),ext([1^[]=_99548,[- (_99568=_99570),_99568=_99582,_99582=_99570]]-[1^[]=_99444,[- (1^[]=_99444),1^[]=_99432,_99432=_99444]]),ext([1^[]=k1_xboole_0,[- (_99664=_99666),_99664=_99678,_99678=_99666]]-[1^[]=k1_xboole_0,[- (1^[]=k1_xboole_0),1^[]=_99444,_99444=k1_xboole_0]]),ext([- #,[#,1^[]=k1_xboole_0]]-[- #,[#,1^[]=k1_xboole_0]]),init(-# - -#)],0)state([1^[]=_65684,_65684=_65650],[1^[]=_65650,1^[]=k1_xboole_0,- #],[],[ext(- (_66014=_66014),[],n),ext(- (_65984=_65986),[_65986=_65984],n),ext(- (_65942=_65944),[_65942=_65956,_65956=_65944],n)],[[[_65650=k1_xboole_0],[1^[]=k1_xboole_0,- #],[1^[]=_65650]]],[ext([1^[]=_65828,[- (_65848=_65850),_65848=_65862,_65862=_65850]]-[1^[]=_65650,[- (1^[]=_65650),1^[]=_65684,_65684=_65650]]),ext([1^[]=k1_xboole_0,[- (_65738=_65740),_65738=_65752,_65752=_65740]]-[1^[]=k1_xboole_0,[- (1^[]=k1_xboole_0),1^[]=_65650,_65650=k1_xboole_0]]),ext([- #,[#,1^[]=k1_xboole_0]]-[- #,[#,1^[]=k1_xboole_0]]),init(-# - -#)],0)state([1^[]=_65684,_65684=_65650],[1^[]=_65650,1^[]=k1_xboole_0,- #],[],[ext(- (_66014=_66014),[],n),ext(- (_65984=_65986),[_65986=_65984],n),ext(- (_65942=_65944),[_65942=_65956,_65956=_65944],n)],[[[_65650=k1_xboole_0],[1^[]=k1_xboole_0,- #],[1^[]=_65650]]],[ext([1^[]=_65828,[- (_65848=_65850),_65848=_65862,_65862=_65850]]-[1^[]=_65650,[- (1^[]=_65650),1^[]=_65684,_65684=_65650]]),ext([1^[]=k1_xboole_0,[- (_65738=_65740),_65738=_65752,_65752=_65740]]-[1^[]=k1_xboole_0,[- (1^[]=k1_xboole_0),1^[]=_65650,_65650=k1_xboole_0]]),ext([- #,[#,1^[]=k1_xboole_0]]-[- #,[#,1^[]=k1_xboole_0]]),init(-# - -#)],0)state([1^[]=_65684,_65684=_65650],[1^[]=_65650,1^[]=k1_xboole_0,- #],[],[ext(- (_66014=_66014),[],n),ext(- (_65984=_65986),[_65986=_65984],n),ext(- (_65942=_65944),[_65942=_65956,_65956=_65944],n)],[[[_65650=k1_xboole_0],[1^[]=k1_xboole_0,- #],[1^[]=_65650]]],[ext([1^[]=_65828,[- (_65848=_65850),_65848=_65862,_65862=_65850]]-[1^[]=_65650,[- (1^[]=_65650),1^[]=_65684,_65684=_65650]]),ext([1^[]=k1_xboole_0,[- (_65738=_65740),_65738=_65752,_65752=_65740]]-[1^[]=k1_xboole_0,[- (1^[]=k1_xboole_0),1^[]=_65650,_65650=k1_xboole_0]]),ext([- #,[#,1^[]=k1_xboole_0]]-[- #,[#,1^[]=k1_xboole_0]]),init(-# - -#)],0)state([1^[]=_12120,_12120=k1_xboole_0],[1^[]=k1_xboole_0,- #],[],[ext(- (_12328=_12328),[],n),ext(- (_12298=_12300),[_12300=_12298],n),ext(- (_12256=_12258),[_12256=_12270,_12270=_12258],n)],[],[ext([1^[]=k1_xboole_0,[- (_12192=_12194),_12192=_12206,_12206=_12194]]-[1^[]=k1_xboole_0,[- (1^[]=k1_xboole_0),1^[]=_12120,_12120=k1_xboole_0]]),ext([- #,[#,1^[]=k1_xboole_0]]-[- #,[#,1^[]=k1_xboole_0]]),init(-# - -#)],0)state([1^[]=_12120,_12120=k1_xboole_0],[1^[]=k1_xboole_0,- #],[],[ext(- (_12328=_12328),[],n),ext(- (_12298=_12300),[_12300=_12298],n),ext(- (_12256=_12258),[_12256=_12270,_12270=_12258],n)],[],[ext([1^[]=k1_xboole_0,[- (_12192=_12194),_12192=_12206,_12206=_12194]]-[1^[]=k1_xboole_0,[- (1^[]=k1_xboole_0),1^[]=_12120,_12120=k1_xboole_0]]),ext([- #,[#,1^[]=k1_xboole_0]]-[- #,[#,1^[]=k1_xboole_0]]),init(-# - -#)],0)state([1^[]=_12120,_12120=k1_xboole_0],[1^[]=k1_xboole_0,- #],[],[ext(- (_12328=_12328),[],n),ext(- (_12298=_12300),[_12300=_12298],n),ext(- (_12256=_12258),[_12256=_12270,_12270=_12258],n)],[],[ext([1^[]=k1_xboole_0,[- (_12192=_12194),_12192=_12206,_12206=_12194]]-[1^[]=k1_xboole_0,[- (1^[]=k1_xboole_0),1^[]=_12120,_12120=k1_xboole_0]]),ext([- #,[#,1^[]=k1_xboole_0]]-[- #,[#,1^[]=k1_xboole_0]]),init(-# - -#)],0)state([1^[]=k1_xboole_0],[- #],[],[ext(- (_10758=_10760),[_10760=_10758],n),ext(- (_10716=_10718),[_10716=_10730,_10730=_10718],n),para([1],k7_relat_1(2^[],1^[]),k1_xboole_0,[#],r2l)],[],[ext([- #,[#,1^[]=k1_xboole_0]]-[- #,[#,1^[]=k1_xboole_0]]),init(-# - -#)],0)state([1^[]=k1_xboole_0],[- #],[],[ext(- (_10758=_10760),[_10760=_10758],n),ext(- (_10716=_10718),[_10716=_10730,_10730=_10718],n),para([1],k7_relat_1(2^[],1^[]),k1_xboole_0,[#],r2l)],[],[ext([- #,[#,1^[]=k1_xboole_0]]-[- #,[#,1^[]=k1_xboole_0]]),init(-# - -#)],0)state([1^[]=k1_xboole_0],[- #],[],[ext(- (_10758=_10760),[_10760=_10758],n),ext(- (_10716=_10718),[_10716=_10730,_10730=_10718],n),para([1],k7_relat_1(2^[],1^[]),k1_xboole_0,[#],r2l)],[],[ext([- #,[#,1^[]=k1_xboole_0]]-[- #,[#,1^[]=k1_xboole_0]]),init(-# - -#)],0)state([- #],[],[],[ext(#,[-v1_relat_1(2^[])],g),ext(#,[1^[]=k1_xboole_0],g),ext(#,[-r1_tarski(1^[],k9_xtuple_0(2^[]))],g),ext(#,[- (k7_relat_1(2^[],1^[])=k1_xboole_0)],g)],[],[init(-# - -#)],0)state([- #],[],[],[ext(#,[-v1_relat_1(2^[])],g),ext(#,[1^[]=k1_xboole_0],g),ext(#,[-r1_tarski(1^[],k9_xtuple_0(2^[]))],g),ext(#,[- (k7_relat_1(2^[],1^[])=k1_xboole_0)],g)],[],[init(-# - -#)],0)state([- #],[],[],[ext(#,[-v1_relat_1(2^[])],g),ext(#,[1^[]=k1_xboole_0],g),ext(#,[-r1_tarski(1^[],k9_xtuple_0(2^[]))],g),ext(#,[- (k7_relat_1(2^[],1^[])=k1_xboole_0)],g)],[],[init(-# - -#)],0)state([- #],[],[],[ext(#,[-v1_relat_1(2^[])],g),ext(#,[1^[]=k1_xboole_0],g),ext(#,[-r1_tarski(1^[],k9_xtuple_0(2^[]))],g),ext(#,[- (k7_relat_1(2^[],1^[])=k1_xboole_0)],g)],[],[init(-# - -#)],0)Policy data saved
Training data saved
Execution time: 22.38 sec
Full query: 
 swipl -g '["core/montecarlo.pl"], mc_run("theorems/m2np/t119_relat_1.p",[guided(0),cp(1),sim_depth(0),playout_count(200000),min_visit_count(1),n_dim(10000),playout_time(300), output_format(svmlight), leancop_settings([conj,nodef,comp(1000),eager_reduction(1),paramodulation(1)]),return_to_root(0),save_all_proofs(0),temperature(2),save_all_policy(0),save_all_value(1),lemma_features(0),inference_limit(200000),collapse_vars(0),bigstep_frequency(2000)],"results/plcop_paramodulation/train_value","results/plcop_paramodulation/train_policy","results/plcop_paramodulation/clauses","results/plcop_paramodulation/proofs",ExecutionTime), halt.'
