Prolog query: 
 mc_run("theorems/m2np/t11_orders_2.p",[guided(0),cp(1),sim_depth(0),playout_count(200000),min_visit_count(1),n_dim(10000),playout_time(300), output_format(svmlight), leancop_settings([conj,nodef,comp(1000),eager_reduction(1),paramodulation(1)]),return_to_root(0),save_all_proofs(0),temperature(2),save_all_policy(0),save_all_value(1),lemma_features(0),inference_limit(200000),collapse_vars(0),bigstep_frequency(2000)],"results/plcop_paramodulation/train_value","results/plcop_paramodulation/train_policy","results/plcop_paramodulation/clauses","results/plcop_paramodulation/proofs",ExecutionTime)
Trying to open file theorems/m2np/t11_orders_2.p...
Successfully opened file theorems/m2np/t11_orders_2.p
200000 playouts remaining
Moving root from 0 to 1
Moving root from 1 to 2
195000 playouts remaining
Moving root from 2 to 2256
Moving root from 2256 to 3257
Moving root from 3257 to 5039
190000 playouts remaining
Moving root from 5039 to 5694
Moving root from 5694 to 7541
185000 playouts remaining
Moving root from 7541 to 9471
Moving root from 9471 to 10311
Moving root from 10311 to 13626
180000 playouts remaining
Moving root from 13626 to 16591
Moving root from 16591 to 18587
175000 playouts remaining
Full query: 
 swipl -g '["core/montecarlo.pl"], mc_run("theorems/m2np/t11_orders_2.p",[guided(0),cp(1),sim_depth(0),playout_count(200000),min_visit_count(1),n_dim(10000),playout_time(300), output_format(svmlight), leancop_settings([conj,nodef,comp(1000),eager_reduction(1),paramodulation(1)]),return_to_root(0),save_all_proofs(0),temperature(2),save_all_policy(0),save_all_value(1),lemma_features(0),inference_limit(200000),collapse_vars(0),bigstep_frequency(2000)],"results/plcop_paramodulation/train_value","results/plcop_paramodulation/train_policy","results/plcop_paramodulation/clauses","results/plcop_paramodulation/proofs",ExecutionTime), halt.'
