Prolog query: 
 mc_run("theorems/m2np/t128_zfmisc_1.p",[guided(0),cp(1),sim_depth(0),playout_count(200000),min_visit_count(1),n_dim(10000),playout_time(300), output_format(svmlight), leancop_settings([conj,nodef,comp(1000),eager_reduction(1),paramodulation(1)]),return_to_root(0),save_all_proofs(0),temperature(2),save_all_policy(0),save_all_value(1),lemma_features(0),inference_limit(200000),collapse_vars(0),bigstep_frequency(2000)],"results/plcop_paramodulation/train_value","results/plcop_paramodulation/train_policy","results/plcop_paramodulation/clauses","results/plcop_paramodulation/proofs",ExecutionTime)
Trying to open file theorems/m2np/t128_zfmisc_1.p...
Successfully opened file theorems/m2np/t128_zfmisc_1.p
200000 playouts remaining
SUCCESS
   Init: 	-#
   Extension: 	[- #,[#,r2_hidden(k4_tarski(2^[],k1_tarski(2^[])),k2_zfmisc_1(k1_tarski(2^[]),k4_tarski(2^[],k1_tarski(2^[]))))]]
   Extension: 	[r2_hidden(k4_tarski(2^[],k1_tarski(2^[])),k2_zfmisc_1(k1_tarski(2^[]),k4_tarski(2^[],k1_tarski(2^[])))),[-r2_hidden(k4_tarski(A,B),k2_zfmisc_1(k1_tarski(C),D)),A=C,r2_hidden(B,D)]]
   Extension: 	[2^[]=2^[],[- (A=A)]]
   Extension: 	[r2_hidden(k1_tarski(2^[]),k4_tarski(2^[],k1_tarski(2^[]))),[-r2_hidden(A,B),B=k2_tarski(_,C),A=C]]
   Extension: 	[k4_tarski(2^[],k1_tarski(2^[]))=k2_tarski(_,_),[- (k4_tarski(A,B)=k2_tarski(k2_tarski(A,B),k1_tarski(A)))]]
   Extension: 	[k1_tarski(2^[])=k1_tarski(2^[]),[- (A=A)]]
Created leancop proof

FIRST PROOF FOUND AFTER 485 STEPS

Moving root from 0 to 1
Moving root from 1 to 9
195000 playouts remaining
Moving root from 9 to 85
Moving root from 85 to 129
Moving root from 129 to 130
190000 playouts remaining
Moving root from 130 to 475
Unable to move root from 475
185000 playouts remaining
Unable to move root from 475
Unable to move root from 475
Unable to move root from 475
180000 playouts remaining
Unable to move root from 475
Unable to move root from 475
175000 playouts remaining
Unable to move root from 475
Unable to move root from 475
Unable to move root from 475
170000 playouts remaining
Unable to move root from 475
Unable to move root from 475
165000 playouts remaining
Unable to move root from 475
Unable to move root from 475
Unable to move root from 475
160000 playouts remaining
Unable to move root from 475
Unable to move root from 475
155000 playouts remaining
Unable to move root from 475
Unable to move root from 475
Unable to move root from 475
150000 playouts remaining
Unable to move root from 475
Unable to move root from 475
145000 playouts remaining
Unable to move root from 475
Unable to move root from 475
Unable to move root from 475
140000 playouts remaining
Unable to move root from 475
Unable to move root from 475
135000 playouts remaining
Unable to move root from 475
Unable to move root from 475
Unable to move root from 475
130000 playouts remaining
Unable to move root from 475
Unable to move root from 475
125000 playouts remaining
Unable to move root from 475
Unable to move root from 475
Unable to move root from 475
120000 playouts remaining
Unable to move root from 475
Unable to move root from 475
115000 playouts remaining
Unable to move root from 475
Unable to move root from 475
Unable to move root from 475
110000 playouts remaining
Unable to move root from 475
Unable to move root from 475
105000 playouts remaining
Unable to move root from 475
Unable to move root from 475
Unable to move root from 475
100000 playouts remaining
Unable to move root from 475
Unable to move root from 475
95000 playouts remaining
Unable to move root from 475
Unable to move root from 475
Unable to move root from 475
90000 playouts remaining
Unable to move root from 475
Unable to move root from 475
85000 playouts remaining
Unable to move root from 475
Unable to move root from 475
Unable to move root from 475
80000 playouts remaining
Unable to move root from 475
Unable to move root from 475
75000 playouts remaining
Unable to move root from 475
Unable to move root from 475
Unable to move root from 475
70000 playouts remaining
Unable to move root from 475
Unable to move root from 475
65000 playouts remaining
Unable to move root from 475
Unable to move root from 475
Unable to move root from 475
60000 playouts remaining
Unable to move root from 475
Unable to move root from 475
55000 playouts remaining
Unable to move root from 475
Unable to move root from 475
Unable to move root from 475
50000 playouts remaining
Unable to move root from 475
Unable to move root from 475
45000 playouts remaining
Unable to move root from 475
Unable to move root from 475
Unable to move root from 475
40000 playouts remaining
Unable to move root from 475
Unable to move root from 475
35000 playouts remaining
Unable to move root from 475
Unable to move root from 475
Unable to move root from 475
30000 playouts remaining
Unable to move root from 475
Unable to move root from 475
25000 playouts remaining
Unable to move root from 475
Unable to move root from 475
Unable to move root from 475
20000 playouts remaining
Unable to move root from 475
Unable to move root from 475
15000 playouts remaining
Unable to move root from 475
Unable to move root from 475
Unable to move root from 475
10000 playouts remaining
Unable to move root from 475
Unable to move root from 475
5000 playouts remaining
Unable to move root from 475
Unable to move root from 475
Unable to move root from 475
Created 476 nodes
Performed 42885 inferences
Bigstep Nodes: 7, [0,1,9,85,129,130,475]
Training data collected
state([success],[],[],[],[],[ext([k1_tarski(2^[])=k1_tarski(2^[]),[- (_3001792=_3001792)]]-[k1_tarski(2^[])=k1_tarski(2^[]),[- (k1_tarski(2^[])=k1_tarski(2^[]))]]),ext([k4_tarski(2^[],k1_tarski(2^[]))=k2_tarski(_3001484,_3001486),[- (k4_tarski(_3001512,_3001514)=k2_tarski(k2_tarski(_3001512,_3001514),k1_tarski(_3001512)))]]-[k4_tarski(2^[],k1_tarski(2^[]))=k2_tarski(k2_tarski(2^[],k1_tarski(2^[])),k1_tarski(2^[])),[- (k4_tarski(2^[],k1_tarski(2^[]))=k2_tarski(k2_tarski(2^[],k1_tarski(2^[])),k1_tarski(2^[])))]]),ext([r2_hidden(k1_tarski(2^[]),k4_tarski(2^[],k1_tarski(2^[]))),[-r2_hidden(_3001572,_3001574),_3001574=k2_tarski(_3001590,_3001592),_3001572=_3001592]]-[r2_hidden(k1_tarski(2^[]),k4_tarski(2^[],k1_tarski(2^[]))),[-r2_hidden(k1_tarski(2^[]),k4_tarski(2^[],k1_tarski(2^[]))),k4_tarski(2^[],k1_tarski(2^[]))=k2_tarski(k2_tarski(2^[],k1_tarski(2^[])),k1_tarski(2^[])),k1_tarski(2^[])=k1_tarski(2^[])]]),ext([2^[]=2^[],[- (_3001646=_3001646)]]-[2^[]=2^[],[- (2^[]=2^[])]]),ext([r2_hidden(k4_tarski(2^[],k1_tarski(2^[])),k2_zfmisc_1(k1_tarski(2^[]),k4_tarski(2^[],k1_tarski(2^[])))),[-r2_hidden(k4_tarski(_3001696,_3001698),k2_zfmisc_1(k1_tarski(_3001708),_3001704)),_3001696=_3001708,r2_hidden(_3001698,_3001704)]]-[r2_hidden(k4_tarski(2^[],k1_tarski(2^[])),k2_zfmisc_1(k1_tarski(2^[]),k4_tarski(2^[],k1_tarski(2^[])))),[-r2_hidden(k4_tarski(2^[],k1_tarski(2^[])),k2_zfmisc_1(k1_tarski(2^[]),k4_tarski(2^[],k1_tarski(2^[])))),2^[]=2^[],r2_hidden(k1_tarski(2^[]),k4_tarski(2^[],k1_tarski(2^[])))]]),ext([- #,[#,r2_hidden(k4_tarski(2^[],k1_tarski(2^[])),k2_zfmisc_1(k1_tarski(2^[]),k4_tarski(2^[],k1_tarski(2^[]))))]]-[- #,[#,r2_hidden(k4_tarski(2^[],k1_tarski(2^[])),k2_zfmisc_1(k1_tarski(2^[]),k4_tarski(2^[],k1_tarski(2^[]))))]]),init(-# - -#)],1)state([k1_tarski(2^[])=k1_tarski(2^[])],[r2_hidden(k1_tarski(2^[]),k4_tarski(2^[],k1_tarski(2^[]))),r2_hidden(k4_tarski(2^[],k1_tarski(2^[])),k2_zfmisc_1(k1_tarski(2^[]),k4_tarski(2^[],k1_tarski(2^[])))),- #],[k4_tarski(2^[],k1_tarski(2^[]))=k2_tarski(k2_tarski(2^[],k1_tarski(2^[])),k1_tarski(2^[])),2^[]=2^[]],[ext(- (_609180=_609182),[r2_hidden(k4_tarski(_609180,_609200),k2_zfmisc_1(k1_tarski(_609182),_609206))],n),ext(- (_609116=_609118),[_609128=k2_tarski(_609118,_609136),r2_hidden(_609116,_609128),- (_609116=_609136)],n),ext(- (_609052=_609054),[_609064=k2_tarski(_609070,_609054),r2_hidden(_609052,_609064),- (_609052=_609070)],n),ext(- (_609034=_609034),[],n),ext(- (_609004=_609006),[_609006=_609004],n),ext(- (_608962=_608964),[_608962=_608976,_608976=_608964],n),ext(- (k1_tarski(_608930)=k1_tarski(_608934)),[_608930=_608934],n)],[],[ext([k4_tarski(2^[],k1_tarski(2^[]))=k2_tarski(_608840,_608842),[- (k4_tarski(_608868,_608870)=k2_tarski(k2_tarski(_608868,_608870),k1_tarski(_608868)))]]-[k4_tarski(2^[],k1_tarski(2^[]))=k2_tarski(k2_tarski(2^[],k1_tarski(2^[])),k1_tarski(2^[])),[- (k4_tarski(2^[],k1_tarski(2^[]))=k2_tarski(k2_tarski(2^[],k1_tarski(2^[])),k1_tarski(2^[])))]]),ext([r2_hidden(k1_tarski(2^[]),k4_tarski(2^[],k1_tarski(2^[]))),[-r2_hidden(_608612,_608614),_608614=k2_tarski(_608630,_608632),_608612=_608632]]-[r2_hidden(k1_tarski(2^[]),k4_tarski(2^[],k1_tarski(2^[]))),[-r2_hidden(k1_tarski(2^[]),k4_tarski(2^[],k1_tarski(2^[]))),k4_tarski(2^[],k1_tarski(2^[]))=k2_tarski(k2_tarski(2^[],k1_tarski(2^[])),k1_tarski(2^[])),k1_tarski(2^[])=k1_tarski(2^[])]]),ext([2^[]=2^[],[- (_608704=_608704)]]-[2^[]=2^[],[- (2^[]=2^[])]]),ext([r2_hidden(k4_tarski(2^[],k1_tarski(2^[])),k2_zfmisc_1(k1_tarski(2^[]),k4_tarski(2^[],k1_tarski(2^[])))),[-r2_hidden(k4_tarski(_608754,_608756),k2_zfmisc_1(k1_tarski(_608766),_608762)),_608754=_608766,r2_hidden(_608756,_608762)]]-[r2_hidden(k4_tarski(2^[],k1_tarski(2^[])),k2_zfmisc_1(k1_tarski(2^[]),k4_tarski(2^[],k1_tarski(2^[])))),[-r2_hidden(k4_tarski(2^[],k1_tarski(2^[])),k2_zfmisc_1(k1_tarski(2^[]),k4_tarski(2^[],k1_tarski(2^[])))),2^[]=2^[],r2_hidden(k1_tarski(2^[]),k4_tarski(2^[],k1_tarski(2^[])))]]),ext([- #,[#,r2_hidden(k4_tarski(2^[],k1_tarski(2^[])),k2_zfmisc_1(k1_tarski(2^[]),k4_tarski(2^[],k1_tarski(2^[]))))]]-[- #,[#,r2_hidden(k4_tarski(2^[],k1_tarski(2^[])),k2_zfmisc_1(k1_tarski(2^[]),k4_tarski(2^[],k1_tarski(2^[]))))]]),init(-# - -#)],0)state([k4_tarski(2^[],k1_tarski(2^[]))=k2_tarski(_606652,_606654),k1_tarski(2^[])=_606654],[r2_hidden(k1_tarski(2^[]),k4_tarski(2^[],k1_tarski(2^[]))),r2_hidden(k4_tarski(2^[],k1_tarski(2^[])),k2_zfmisc_1(k1_tarski(2^[]),k4_tarski(2^[],k1_tarski(2^[])))),- #],[2^[]=2^[]],[ext(- (k4_tarski(_607512,_607514)=k2_tarski(k2_tarski(_607512,_607514),k1_tarski(_607512))),[],n),ext(- (_607460=_607462),[r2_hidden(k4_tarski(_607460,_607480),k2_zfmisc_1(k1_tarski(_607462),_607486))],n),ext(- (_607396=_607398),[_607408=k2_tarski(_607398,_607416),r2_hidden(_607396,_607408),- (_607396=_607416)],n),ext(- (_607332=_607334),[_607344=k2_tarski(_607350,_607334),r2_hidden(_607332,_607344),- (_607332=_607350)],n),ext(- (_607236=k2_tarski(_607242,_607244)),[r2_hidden(1^[_607236,_607244,_607242],_607236),1^[_607236,_607244,_607242]=_607242],n),ext(- (_607140=k2_tarski(_607146,_607148)),[r2_hidden(1^[_607140,_607148,_607146],_607140),1^[_607140,_607148,_607146]=_607148],n),ext(- (_606996=k2_tarski(_607002,_607004)),[-r2_hidden(1^[_606996,_607004,_607002],_606996),- (1^[_606996,_607004,_607002]=_607002),- (1^[_606996,_607004,_607002]=_607004)],n),ext(- (_606966=_606968),[_606968=_606966],n),ext(- (_606924=_606926),[_606924=_606938,_606938=_606926],n),para([0],k4_tarski(_608192,_608194),k2_tarski(k2_tarski(_608192,_608194),k1_tarski(_608192)),[],l2r),para([1],k4_tarski(_608152,_608154),k2_tarski(k2_tarski(_608152,_608154),k1_tarski(_608152)),[],r2l),para([1,0],1^[_608014,_608020,_607988],_607988,[- (_608014=k2_tarski(_607988,_608020)),-r2_hidden(1^[_608014,_608020,_607988],_608014),- (1^[_608014,_608020,_607988]=_608020)],l2r),para([1,1],1^[_607864,_607870,_607838],_607838,[- (_607864=k2_tarski(_607838,_607870)),-r2_hidden(1^[_607864,_607870,_607838],_607864),- (1^[_607864,_607870,_607838]=_607870)],l2r),para([1,0],1^[_607714,_607688,_607726],_607688,[- (_607714=k2_tarski(_607726,_607688)),-r2_hidden(1^[_607714,_607688,_607726],_607714),- (1^[_607714,_607688,_607726]=_607726)],l2r),para([1,1],1^[_607564,_607538,_607576],_607538,[- (_607564=k2_tarski(_607576,_607538)),-r2_hidden(1^[_607564,_607538,_607576],_607564),- (1^[_607564,_607538,_607576]=_607576)],l2r)],[],[ext([r2_hidden(k1_tarski(2^[]),k4_tarski(2^[],k1_tarski(2^[]))),[-r2_hidden(_606854,_606856),_606856=k2_tarski(_606872,_606874),_606854=_606874]]-[r2_hidden(k1_tarski(2^[]),k4_tarski(2^[],k1_tarski(2^[]))),[-r2_hidden(k1_tarski(2^[]),k4_tarski(2^[],k1_tarski(2^[]))),k4_tarski(2^[],k1_tarski(2^[]))=k2_tarski(_606652,_606654),k1_tarski(2^[])=_606654]]),ext([2^[]=2^[],[- (_606708=_606708)]]-[2^[]=2^[],[- (2^[]=2^[])]]),ext([r2_hidden(k4_tarski(2^[],k1_tarski(2^[])),k2_zfmisc_1(k1_tarski(2^[]),k4_tarski(2^[],k1_tarski(2^[])))),[-r2_hidden(k4_tarski(_606758,_606760),k2_zfmisc_1(k1_tarski(_606770),_606766)),_606758=_606770,r2_hidden(_606760,_606766)]]-[r2_hidden(k4_tarski(2^[],k1_tarski(2^[])),k2_zfmisc_1(k1_tarski(2^[]),k4_tarski(2^[],k1_tarski(2^[])))),[-r2_hidden(k4_tarski(2^[],k1_tarski(2^[])),k2_zfmisc_1(k1_tarski(2^[]),k4_tarski(2^[],k1_tarski(2^[])))),2^[]=2^[],r2_hidden(k1_tarski(2^[]),k4_tarski(2^[],k1_tarski(2^[])))]]),ext([- #,[#,r2_hidden(k4_tarski(2^[],k1_tarski(2^[])),k2_zfmisc_1(k1_tarski(2^[]),k4_tarski(2^[],k1_tarski(2^[]))))]]-[- #,[#,r2_hidden(k4_tarski(2^[],k1_tarski(2^[])),k2_zfmisc_1(k1_tarski(2^[]),k4_tarski(2^[],k1_tarski(2^[]))))]]),init(-# - -#)],0)state([r2_hidden(k1_tarski(2^[]),k4_tarski(2^[],k1_tarski(2^[])))],[r2_hidden(k4_tarski(2^[],k1_tarski(2^[])),k2_zfmisc_1(k1_tarski(2^[]),k4_tarski(2^[],k1_tarski(2^[])))),- #],[2^[]=2^[]],[ext(-r2_hidden(_388376,_388378),[r2_hidden(k4_tarski(_388394,_388376),k2_zfmisc_1(k1_tarski(_388406),_388378))],n),ext(-r2_hidden(_388328,_388330),[_388330=k2_tarski(_388346,_388348),_388328=_388346],n),ext(-r2_hidden(_388280,_388282),[_388282=k2_tarski(_388298,_388300),_388280=_388300],n),ext(-r2_hidden(_388226,_388228),[r2_hidden(_388238,_388240),_388238=_388226,_388240=_388228],n),para([1],k4_tarski(_388428,_388430),k2_tarski(k2_tarski(_388428,_388430),k1_tarski(_388428)),[],l2r)],[],[ext([2^[]=2^[],[- (_388186=_388186)]]-[2^[]=2^[],[- (2^[]=2^[])]]),ext([r2_hidden(k4_tarski(2^[],k1_tarski(2^[])),k2_zfmisc_1(k1_tarski(2^[]),k4_tarski(2^[],k1_tarski(2^[])))),[-r2_hidden(k4_tarski(_388090,_388092),k2_zfmisc_1(k1_tarski(_388102),_388098)),_388090=_388102,r2_hidden(_388092,_388098)]]-[r2_hidden(k4_tarski(2^[],k1_tarski(2^[])),k2_zfmisc_1(k1_tarski(2^[]),k4_tarski(2^[],k1_tarski(2^[])))),[-r2_hidden(k4_tarski(2^[],k1_tarski(2^[])),k2_zfmisc_1(k1_tarski(2^[]),k4_tarski(2^[],k1_tarski(2^[])))),2^[]=2^[],r2_hidden(k1_tarski(2^[]),k4_tarski(2^[],k1_tarski(2^[])))]]),ext([- #,[#,r2_hidden(k4_tarski(2^[],k1_tarski(2^[])),k2_zfmisc_1(k1_tarski(2^[]),k4_tarski(2^[],k1_tarski(2^[]))))]]-[- #,[#,r2_hidden(k4_tarski(2^[],k1_tarski(2^[])),k2_zfmisc_1(k1_tarski(2^[]),k4_tarski(2^[],k1_tarski(2^[]))))]]),init(-# - -#)],0)state([2^[]=2^[],r2_hidden(k1_tarski(2^[]),k4_tarski(2^[],k1_tarski(2^[])))],[r2_hidden(k4_tarski(2^[],k1_tarski(2^[])),k2_zfmisc_1(k1_tarski(2^[]),k4_tarski(2^[],k1_tarski(2^[])))),- #],[],[ext(- (_33588=_33590),[r2_hidden(k4_tarski(_33588,_33608),k2_zfmisc_1(k1_tarski(_33590),_33614))],n),ext(- (_33524=_33526),[_33536=k2_tarski(_33526,_33544),r2_hidden(_33524,_33536),- (_33524=_33544)],n),ext(- (_33460=_33462),[_33472=k2_tarski(_33478,_33462),r2_hidden(_33460,_33472),- (_33460=_33478)],n),ext(- (_33442=_33442),[],n),ext(- (_33412=_33414),[_33414=_33412],n),ext(- (_33370=_33372),[_33370=_33384,_33384=_33372],n)],[],[ext([r2_hidden(k4_tarski(2^[],k1_tarski(2^[])),k2_zfmisc_1(k1_tarski(2^[]),k4_tarski(2^[],k1_tarski(2^[])))),[-r2_hidden(k4_tarski(_33296,_33298),k2_zfmisc_1(k1_tarski(_33308),_33304)),_33296=_33308,r2_hidden(_33298,_33304)]]-[r2_hidden(k4_tarski(2^[],k1_tarski(2^[])),k2_zfmisc_1(k1_tarski(2^[]),k4_tarski(2^[],k1_tarski(2^[])))),[-r2_hidden(k4_tarski(2^[],k1_tarski(2^[])),k2_zfmisc_1(k1_tarski(2^[]),k4_tarski(2^[],k1_tarski(2^[])))),2^[]=2^[],r2_hidden(k1_tarski(2^[]),k4_tarski(2^[],k1_tarski(2^[])))]]),ext([- #,[#,r2_hidden(k4_tarski(2^[],k1_tarski(2^[])),k2_zfmisc_1(k1_tarski(2^[]),k4_tarski(2^[],k1_tarski(2^[]))))]]-[- #,[#,r2_hidden(k4_tarski(2^[],k1_tarski(2^[])),k2_zfmisc_1(k1_tarski(2^[]),k4_tarski(2^[],k1_tarski(2^[]))))]]),init(-# - -#)],0)state([r2_hidden(k4_tarski(2^[],k1_tarski(2^[])),k2_zfmisc_1(k1_tarski(2^[]),k4_tarski(2^[],k1_tarski(2^[]))))],[- #],[],[ext(-r2_hidden(_1870,_1872),[r2_hidden(k4_tarski(_1888,_1870),k2_zfmisc_1(k1_tarski(_1900),_1872))],n),ext(-r2_hidden(k4_tarski(_1818,_1820),k2_zfmisc_1(k1_tarski(_1830),_1826)),[_1818=_1830,r2_hidden(_1820,_1826)],n),ext(-r2_hidden(_1764,_1766),[_1766=k2_tarski(_1782,_1784),_1764=_1782],n),ext(-r2_hidden(_1716,_1718),[_1718=k2_tarski(_1734,_1736),_1716=_1736],n),ext(-r2_hidden(_1662,_1664),[r2_hidden(_1674,_1676),_1674=_1662,_1676=_1664],n),para([0],k4_tarski(_1968,_1970),k2_tarski(k2_tarski(_1968,_1970),k1_tarski(_1968)),[],l2r),para([1,1],k4_tarski(_1928,_1930),k2_tarski(k2_tarski(_1928,_1930),k1_tarski(_1928)),[],l2r)],[],[ext([- #,[#,r2_hidden(k4_tarski(2^[],k1_tarski(2^[])),k2_zfmisc_1(k1_tarski(2^[]),k4_tarski(2^[],k1_tarski(2^[]))))]]-[- #,[#,r2_hidden(k4_tarski(2^[],k1_tarski(2^[])),k2_zfmisc_1(k1_tarski(2^[]),k4_tarski(2^[],k1_tarski(2^[]))))]]),init(-# - -#)],0)state([- #],[],[],[ext(#,[r2_hidden(k4_tarski(2^[],k1_tarski(2^[])),k2_zfmisc_1(k1_tarski(2^[]),k4_tarski(2^[],k1_tarski(2^[]))))],g)],[],[init(-# - -#)],0)Value data saved
state([k1_tarski(2^[])=k1_tarski(2^[])],[r2_hidden(k1_tarski(2^[]),k4_tarski(2^[],k1_tarski(2^[]))),r2_hidden(k4_tarski(2^[],k1_tarski(2^[])),k2_zfmisc_1(k1_tarski(2^[]),k4_tarski(2^[],k1_tarski(2^[])))),- #],[k4_tarski(2^[],k1_tarski(2^[]))=k2_tarski(k2_tarski(2^[],k1_tarski(2^[])),k1_tarski(2^[])),2^[]=2^[]],[ext(- (_609180=_609182),[r2_hidden(k4_tarski(_609180,_609200),k2_zfmisc_1(k1_tarski(_609182),_609206))],n),ext(- (_609116=_609118),[_609128=k2_tarski(_609118,_609136),r2_hidden(_609116,_609128),- (_609116=_609136)],n),ext(- (_609052=_609054),[_609064=k2_tarski(_609070,_609054),r2_hidden(_609052,_609064),- (_609052=_609070)],n),ext(- (_609034=_609034),[],n),ext(- (_609004=_609006),[_609006=_609004],n),ext(- (_608962=_608964),[_608962=_608976,_608976=_608964],n),ext(- (k1_tarski(_608930)=k1_tarski(_608934)),[_608930=_608934],n)],[],[ext([k4_tarski(2^[],k1_tarski(2^[]))=k2_tarski(_608840,_608842),[- (k4_tarski(_608868,_608870)=k2_tarski(k2_tarski(_608868,_608870),k1_tarski(_608868)))]]-[k4_tarski(2^[],k1_tarski(2^[]))=k2_tarski(k2_tarski(2^[],k1_tarski(2^[])),k1_tarski(2^[])),[- (k4_tarski(2^[],k1_tarski(2^[]))=k2_tarski(k2_tarski(2^[],k1_tarski(2^[])),k1_tarski(2^[])))]]),ext([r2_hidden(k1_tarski(2^[]),k4_tarski(2^[],k1_tarski(2^[]))),[-r2_hidden(_608612,_608614),_608614=k2_tarski(_608630,_608632),_608612=_608632]]-[r2_hidden(k1_tarski(2^[]),k4_tarski(2^[],k1_tarski(2^[]))),[-r2_hidden(k1_tarski(2^[]),k4_tarski(2^[],k1_tarski(2^[]))),k4_tarski(2^[],k1_tarski(2^[]))=k2_tarski(k2_tarski(2^[],k1_tarski(2^[])),k1_tarski(2^[])),k1_tarski(2^[])=k1_tarski(2^[])]]),ext([2^[]=2^[],[- (_608704=_608704)]]-[2^[]=2^[],[- (2^[]=2^[])]]),ext([r2_hidden(k4_tarski(2^[],k1_tarski(2^[])),k2_zfmisc_1(k1_tarski(2^[]),k4_tarski(2^[],k1_tarski(2^[])))),[-r2_hidden(k4_tarski(_608754,_608756),k2_zfmisc_1(k1_tarski(_608766),_608762)),_608754=_608766,r2_hidden(_608756,_608762)]]-[r2_hidden(k4_tarski(2^[],k1_tarski(2^[])),k2_zfmisc_1(k1_tarski(2^[]),k4_tarski(2^[],k1_tarski(2^[])))),[-r2_hidden(k4_tarski(2^[],k1_tarski(2^[])),k2_zfmisc_1(k1_tarski(2^[]),k4_tarski(2^[],k1_tarski(2^[])))),2^[]=2^[],r2_hidden(k1_tarski(2^[]),k4_tarski(2^[],k1_tarski(2^[])))]]),ext([- #,[#,r2_hidden(k4_tarski(2^[],k1_tarski(2^[])),k2_zfmisc_1(k1_tarski(2^[]),k4_tarski(2^[],k1_tarski(2^[]))))]]-[- #,[#,r2_hidden(k4_tarski(2^[],k1_tarski(2^[])),k2_zfmisc_1(k1_tarski(2^[]),k4_tarski(2^[],k1_tarski(2^[]))))]]),init(-# - -#)],0)state([k1_tarski(2^[])=k1_tarski(2^[])],[r2_hidden(k1_tarski(2^[]),k4_tarski(2^[],k1_tarski(2^[]))),r2_hidden(k4_tarski(2^[],k1_tarski(2^[])),k2_zfmisc_1(k1_tarski(2^[]),k4_tarski(2^[],k1_tarski(2^[])))),- #],[k4_tarski(2^[],k1_tarski(2^[]))=k2_tarski(k2_tarski(2^[],k1_tarski(2^[])),k1_tarski(2^[])),2^[]=2^[]],[ext(- (_609180=_609182),[r2_hidden(k4_tarski(_609180,_609200),k2_zfmisc_1(k1_tarski(_609182),_609206))],n),ext(- (_609116=_609118),[_609128=k2_tarski(_609118,_609136),r2_hidden(_609116,_609128),- (_609116=_609136)],n),ext(- (_609052=_609054),[_609064=k2_tarski(_609070,_609054),r2_hidden(_609052,_609064),- (_609052=_609070)],n),ext(- (_609034=_609034),[],n),ext(- (_609004=_609006),[_609006=_609004],n),ext(- (_608962=_608964),[_608962=_608976,_608976=_608964],n),ext(- (k1_tarski(_608930)=k1_tarski(_608934)),[_608930=_608934],n)],[],[ext([k4_tarski(2^[],k1_tarski(2^[]))=k2_tarski(_608840,_608842),[- (k4_tarski(_608868,_608870)=k2_tarski(k2_tarski(_608868,_608870),k1_tarski(_608868)))]]-[k4_tarski(2^[],k1_tarski(2^[]))=k2_tarski(k2_tarski(2^[],k1_tarski(2^[])),k1_tarski(2^[])),[- (k4_tarski(2^[],k1_tarski(2^[]))=k2_tarski(k2_tarski(2^[],k1_tarski(2^[])),k1_tarski(2^[])))]]),ext([r2_hidden(k1_tarski(2^[]),k4_tarski(2^[],k1_tarski(2^[]))),[-r2_hidden(_608612,_608614),_608614=k2_tarski(_608630,_608632),_608612=_608632]]-[r2_hidden(k1_tarski(2^[]),k4_tarski(2^[],k1_tarski(2^[]))),[-r2_hidden(k1_tarski(2^[]),k4_tarski(2^[],k1_tarski(2^[]))),k4_tarski(2^[],k1_tarski(2^[]))=k2_tarski(k2_tarski(2^[],k1_tarski(2^[])),k1_tarski(2^[])),k1_tarski(2^[])=k1_tarski(2^[])]]),ext([2^[]=2^[],[- (_608704=_608704)]]-[2^[]=2^[],[- (2^[]=2^[])]]),ext([r2_hidden(k4_tarski(2^[],k1_tarski(2^[])),k2_zfmisc_1(k1_tarski(2^[]),k4_tarski(2^[],k1_tarski(2^[])))),[-r2_hidden(k4_tarski(_608754,_608756),k2_zfmisc_1(k1_tarski(_608766),_608762)),_608754=_608766,r2_hidden(_608756,_608762)]]-[r2_hidden(k4_tarski(2^[],k1_tarski(2^[])),k2_zfmisc_1(k1_tarski(2^[]),k4_tarski(2^[],k1_tarski(2^[])))),[-r2_hidden(k4_tarski(2^[],k1_tarski(2^[])),k2_zfmisc_1(k1_tarski(2^[]),k4_tarski(2^[],k1_tarski(2^[])))),2^[]=2^[],r2_hidden(k1_tarski(2^[]),k4_tarski(2^[],k1_tarski(2^[])))]]),ext([- #,[#,r2_hidden(k4_tarski(2^[],k1_tarski(2^[])),k2_zfmisc_1(k1_tarski(2^[]),k4_tarski(2^[],k1_tarski(2^[]))))]]-[- #,[#,r2_hidden(k4_tarski(2^[],k1_tarski(2^[])),k2_zfmisc_1(k1_tarski(2^[]),k4_tarski(2^[],k1_tarski(2^[]))))]]),init(-# - -#)],0)state([k1_tarski(2^[])=k1_tarski(2^[])],[r2_hidden(k1_tarski(2^[]),k4_tarski(2^[],k1_tarski(2^[]))),r2_hidden(k4_tarski(2^[],k1_tarski(2^[])),k2_zfmisc_1(k1_tarski(2^[]),k4_tarski(2^[],k1_tarski(2^[])))),- #],[k4_tarski(2^[],k1_tarski(2^[]))=k2_tarski(k2_tarski(2^[],k1_tarski(2^[])),k1_tarski(2^[])),2^[]=2^[]],[ext(- (_609180=_609182),[r2_hidden(k4_tarski(_609180,_609200),k2_zfmisc_1(k1_tarski(_609182),_609206))],n),ext(- (_609116=_609118),[_609128=k2_tarski(_609118,_609136),r2_hidden(_609116,_609128),- (_609116=_609136)],n),ext(- (_609052=_609054),[_609064=k2_tarski(_609070,_609054),r2_hidden(_609052,_609064),- (_609052=_609070)],n),ext(- (_609034=_609034),[],n),ext(- (_609004=_609006),[_609006=_609004],n),ext(- (_608962=_608964),[_608962=_608976,_608976=_608964],n),ext(- (k1_tarski(_608930)=k1_tarski(_608934)),[_608930=_608934],n)],[],[ext([k4_tarski(2^[],k1_tarski(2^[]))=k2_tarski(_608840,_608842),[- (k4_tarski(_608868,_608870)=k2_tarski(k2_tarski(_608868,_608870),k1_tarski(_608868)))]]-[k4_tarski(2^[],k1_tarski(2^[]))=k2_tarski(k2_tarski(2^[],k1_tarski(2^[])),k1_tarski(2^[])),[- (k4_tarski(2^[],k1_tarski(2^[]))=k2_tarski(k2_tarski(2^[],k1_tarski(2^[])),k1_tarski(2^[])))]]),ext([r2_hidden(k1_tarski(2^[]),k4_tarski(2^[],k1_tarski(2^[]))),[-r2_hidden(_608612,_608614),_608614=k2_tarski(_608630,_608632),_608612=_608632]]-[r2_hidden(k1_tarski(2^[]),k4_tarski(2^[],k1_tarski(2^[]))),[-r2_hidden(k1_tarski(2^[]),k4_tarski(2^[],k1_tarski(2^[]))),k4_tarski(2^[],k1_tarski(2^[]))=k2_tarski(k2_tarski(2^[],k1_tarski(2^[])),k1_tarski(2^[])),k1_tarski(2^[])=k1_tarski(2^[])]]),ext([2^[]=2^[],[- (_608704=_608704)]]-[2^[]=2^[],[- (2^[]=2^[])]]),ext([r2_hidden(k4_tarski(2^[],k1_tarski(2^[])),k2_zfmisc_1(k1_tarski(2^[]),k4_tarski(2^[],k1_tarski(2^[])))),[-r2_hidden(k4_tarski(_608754,_608756),k2_zfmisc_1(k1_tarski(_608766),_608762)),_608754=_608766,r2_hidden(_608756,_608762)]]-[r2_hidden(k4_tarski(2^[],k1_tarski(2^[])),k2_zfmisc_1(k1_tarski(2^[]),k4_tarski(2^[],k1_tarski(2^[])))),[-r2_hidden(k4_tarski(2^[],k1_tarski(2^[])),k2_zfmisc_1(k1_tarski(2^[]),k4_tarski(2^[],k1_tarski(2^[])))),2^[]=2^[],r2_hidden(k1_tarski(2^[]),k4_tarski(2^[],k1_tarski(2^[])))]]),ext([- #,[#,r2_hidden(k4_tarski(2^[],k1_tarski(2^[])),k2_zfmisc_1(k1_tarski(2^[]),k4_tarski(2^[],k1_tarski(2^[]))))]]-[- #,[#,r2_hidden(k4_tarski(2^[],k1_tarski(2^[])),k2_zfmisc_1(k1_tarski(2^[]),k4_tarski(2^[],k1_tarski(2^[]))))]]),init(-# - -#)],0)state([k1_tarski(2^[])=k1_tarski(2^[])],[r2_hidden(k1_tarski(2^[]),k4_tarski(2^[],k1_tarski(2^[]))),r2_hidden(k4_tarski(2^[],k1_tarski(2^[])),k2_zfmisc_1(k1_tarski(2^[]),k4_tarski(2^[],k1_tarski(2^[])))),- #],[k4_tarski(2^[],k1_tarski(2^[]))=k2_tarski(k2_tarski(2^[],k1_tarski(2^[])),k1_tarski(2^[])),2^[]=2^[]],[ext(- (_609180=_609182),[r2_hidden(k4_tarski(_609180,_609200),k2_zfmisc_1(k1_tarski(_609182),_609206))],n),ext(- (_609116=_609118),[_609128=k2_tarski(_609118,_609136),r2_hidden(_609116,_609128),- (_609116=_609136)],n),ext(- (_609052=_609054),[_609064=k2_tarski(_609070,_609054),r2_hidden(_609052,_609064),- (_609052=_609070)],n),ext(- (_609034=_609034),[],n),ext(- (_609004=_609006),[_609006=_609004],n),ext(- (_608962=_608964),[_608962=_608976,_608976=_608964],n),ext(- (k1_tarski(_608930)=k1_tarski(_608934)),[_608930=_608934],n)],[],[ext([k4_tarski(2^[],k1_tarski(2^[]))=k2_tarski(_608840,_608842),[- (k4_tarski(_608868,_608870)=k2_tarski(k2_tarski(_608868,_608870),k1_tarski(_608868)))]]-[k4_tarski(2^[],k1_tarski(2^[]))=k2_tarski(k2_tarski(2^[],k1_tarski(2^[])),k1_tarski(2^[])),[- (k4_tarski(2^[],k1_tarski(2^[]))=k2_tarski(k2_tarski(2^[],k1_tarski(2^[])),k1_tarski(2^[])))]]),ext([r2_hidden(k1_tarski(2^[]),k4_tarski(2^[],k1_tarski(2^[]))),[-r2_hidden(_608612,_608614),_608614=k2_tarski(_608630,_608632),_608612=_608632]]-[r2_hidden(k1_tarski(2^[]),k4_tarski(2^[],k1_tarski(2^[]))),[-r2_hidden(k1_tarski(2^[]),k4_tarski(2^[],k1_tarski(2^[]))),k4_tarski(2^[],k1_tarski(2^[]))=k2_tarski(k2_tarski(2^[],k1_tarski(2^[])),k1_tarski(2^[])),k1_tarski(2^[])=k1_tarski(2^[])]]),ext([2^[]=2^[],[- (_608704=_608704)]]-[2^[]=2^[],[- (2^[]=2^[])]]),ext([r2_hidden(k4_tarski(2^[],k1_tarski(2^[])),k2_zfmisc_1(k1_tarski(2^[]),k4_tarski(2^[],k1_tarski(2^[])))),[-r2_hidden(k4_tarski(_608754,_608756),k2_zfmisc_1(k1_tarski(_608766),_608762)),_608754=_608766,r2_hidden(_608756,_608762)]]-[r2_hidden(k4_tarski(2^[],k1_tarski(2^[])),k2_zfmisc_1(k1_tarski(2^[]),k4_tarski(2^[],k1_tarski(2^[])))),[-r2_hidden(k4_tarski(2^[],k1_tarski(2^[])),k2_zfmisc_1(k1_tarski(2^[]),k4_tarski(2^[],k1_tarski(2^[])))),2^[]=2^[],r2_hidden(k1_tarski(2^[]),k4_tarski(2^[],k1_tarski(2^[])))]]),ext([- #,[#,r2_hidden(k4_tarski(2^[],k1_tarski(2^[])),k2_zfmisc_1(k1_tarski(2^[]),k4_tarski(2^[],k1_tarski(2^[]))))]]-[- #,[#,r2_hidden(k4_tarski(2^[],k1_tarski(2^[])),k2_zfmisc_1(k1_tarski(2^[]),k4_tarski(2^[],k1_tarski(2^[]))))]]),init(-# - -#)],0)state([k4_tarski(2^[],k1_tarski(2^[]))=k2_tarski(_606652,_606654),k1_tarski(2^[])=_606654],[r2_hidden(k1_tarski(2^[]),k4_tarski(2^[],k1_tarski(2^[]))),r2_hidden(k4_tarski(2^[],k1_tarski(2^[])),k2_zfmisc_1(k1_tarski(2^[]),k4_tarski(2^[],k1_tarski(2^[])))),- #],[2^[]=2^[]],[ext(- (k4_tarski(_607512,_607514)=k2_tarski(k2_tarski(_607512,_607514),k1_tarski(_607512))),[],n),ext(- (_607460=_607462),[r2_hidden(k4_tarski(_607460,_607480),k2_zfmisc_1(k1_tarski(_607462),_607486))],n),ext(- (_607396=_607398),[_607408=k2_tarski(_607398,_607416),r2_hidden(_607396,_607408),- (_607396=_607416)],n),ext(- (_607332=_607334),[_607344=k2_tarski(_607350,_607334),r2_hidden(_607332,_607344),- (_607332=_607350)],n),ext(- (_607236=k2_tarski(_607242,_607244)),[r2_hidden(1^[_607236,_607244,_607242],_607236),1^[_607236,_607244,_607242]=_607242],n),ext(- (_607140=k2_tarski(_607146,_607148)),[r2_hidden(1^[_607140,_607148,_607146],_607140),1^[_607140,_607148,_607146]=_607148],n),ext(- (_606996=k2_tarski(_607002,_607004)),[-r2_hidden(1^[_606996,_607004,_607002],_606996),- (1^[_606996,_607004,_607002]=_607002),- (1^[_606996,_607004,_607002]=_607004)],n),ext(- (_606966=_606968),[_606968=_606966],n),ext(- (_606924=_606926),[_606924=_606938,_606938=_606926],n),para([0],k4_tarski(_608192,_608194),k2_tarski(k2_tarski(_608192,_608194),k1_tarski(_608192)),[],l2r),para([1],k4_tarski(_608152,_608154),k2_tarski(k2_tarski(_608152,_608154),k1_tarski(_608152)),[],r2l),para([1,0],1^[_608014,_608020,_607988],_607988,[- (_608014=k2_tarski(_607988,_608020)),-r2_hidden(1^[_608014,_608020,_607988],_608014),- (1^[_608014,_608020,_607988]=_608020)],l2r),para([1,1],1^[_607864,_607870,_607838],_607838,[- (_607864=k2_tarski(_607838,_607870)),-r2_hidden(1^[_607864,_607870,_607838],_607864),- (1^[_607864,_607870,_607838]=_607870)],l2r),para([1,0],1^[_607714,_607688,_607726],_607688,[- (_607714=k2_tarski(_607726,_607688)),-r2_hidden(1^[_607714,_607688,_607726],_607714),- (1^[_607714,_607688,_607726]=_607726)],l2r),para([1,1],1^[_607564,_607538,_607576],_607538,[- (_607564=k2_tarski(_607576,_607538)),-r2_hidden(1^[_607564,_607538,_607576],_607564),- (1^[_607564,_607538,_607576]=_607576)],l2r)],[],[ext([r2_hidden(k1_tarski(2^[]),k4_tarski(2^[],k1_tarski(2^[]))),[-r2_hidden(_606854,_606856),_606856=k2_tarski(_606872,_606874),_606854=_606874]]-[r2_hidden(k1_tarski(2^[]),k4_tarski(2^[],k1_tarski(2^[]))),[-r2_hidden(k1_tarski(2^[]),k4_tarski(2^[],k1_tarski(2^[]))),k4_tarski(2^[],k1_tarski(2^[]))=k2_tarski(_606652,_606654),k1_tarski(2^[])=_606654]]),ext([2^[]=2^[],[- (_606708=_606708)]]-[2^[]=2^[],[- (2^[]=2^[])]]),ext([r2_hidden(k4_tarski(2^[],k1_tarski(2^[])),k2_zfmisc_1(k1_tarski(2^[]),k4_tarski(2^[],k1_tarski(2^[])))),[-r2_hidden(k4_tarski(_606758,_606760),k2_zfmisc_1(k1_tarski(_606770),_606766)),_606758=_606770,r2_hidden(_606760,_606766)]]-[r2_hidden(k4_tarski(2^[],k1_tarski(2^[])),k2_zfmisc_1(k1_tarski(2^[]),k4_tarski(2^[],k1_tarski(2^[])))),[-r2_hidden(k4_tarski(2^[],k1_tarski(2^[])),k2_zfmisc_1(k1_tarski(2^[]),k4_tarski(2^[],k1_tarski(2^[])))),2^[]=2^[],r2_hidden(k1_tarski(2^[]),k4_tarski(2^[],k1_tarski(2^[])))]]),ext([- #,[#,r2_hidden(k4_tarski(2^[],k1_tarski(2^[])),k2_zfmisc_1(k1_tarski(2^[]),k4_tarski(2^[],k1_tarski(2^[]))))]]-[- #,[#,r2_hidden(k4_tarski(2^[],k1_tarski(2^[])),k2_zfmisc_1(k1_tarski(2^[]),k4_tarski(2^[],k1_tarski(2^[]))))]]),init(-# - -#)],0)state([r2_hidden(k1_tarski(2^[]),k4_tarski(2^[],k1_tarski(2^[])))],[r2_hidden(k4_tarski(2^[],k1_tarski(2^[])),k2_zfmisc_1(k1_tarski(2^[]),k4_tarski(2^[],k1_tarski(2^[])))),- #],[2^[]=2^[]],[ext(-r2_hidden(_388376,_388378),[r2_hidden(k4_tarski(_388394,_388376),k2_zfmisc_1(k1_tarski(_388406),_388378))],n),ext(-r2_hidden(_388328,_388330),[_388330=k2_tarski(_388346,_388348),_388328=_388346],n),ext(-r2_hidden(_388280,_388282),[_388282=k2_tarski(_388298,_388300),_388280=_388300],n),ext(-r2_hidden(_388226,_388228),[r2_hidden(_388238,_388240),_388238=_388226,_388240=_388228],n),para([1],k4_tarski(_388428,_388430),k2_tarski(k2_tarski(_388428,_388430),k1_tarski(_388428)),[],l2r)],[],[ext([2^[]=2^[],[- (_388186=_388186)]]-[2^[]=2^[],[- (2^[]=2^[])]]),ext([r2_hidden(k4_tarski(2^[],k1_tarski(2^[])),k2_zfmisc_1(k1_tarski(2^[]),k4_tarski(2^[],k1_tarski(2^[])))),[-r2_hidden(k4_tarski(_388090,_388092),k2_zfmisc_1(k1_tarski(_388102),_388098)),_388090=_388102,r2_hidden(_388092,_388098)]]-[r2_hidden(k4_tarski(2^[],k1_tarski(2^[])),k2_zfmisc_1(k1_tarski(2^[]),k4_tarski(2^[],k1_tarski(2^[])))),[-r2_hidden(k4_tarski(2^[],k1_tarski(2^[])),k2_zfmisc_1(k1_tarski(2^[]),k4_tarski(2^[],k1_tarski(2^[])))),2^[]=2^[],r2_hidden(k1_tarski(2^[]),k4_tarski(2^[],k1_tarski(2^[])))]]),ext([- #,[#,r2_hidden(k4_tarski(2^[],k1_tarski(2^[])),k2_zfmisc_1(k1_tarski(2^[]),k4_tarski(2^[],k1_tarski(2^[]))))]]-[- #,[#,r2_hidden(k4_tarski(2^[],k1_tarski(2^[])),k2_zfmisc_1(k1_tarski(2^[]),k4_tarski(2^[],k1_tarski(2^[]))))]]),init(-# - -#)],0)state([r2_hidden(k1_tarski(2^[]),k4_tarski(2^[],k1_tarski(2^[])))],[r2_hidden(k4_tarski(2^[],k1_tarski(2^[])),k2_zfmisc_1(k1_tarski(2^[]),k4_tarski(2^[],k1_tarski(2^[])))),- #],[2^[]=2^[]],[ext(-r2_hidden(_388376,_388378),[r2_hidden(k4_tarski(_388394,_388376),k2_zfmisc_1(k1_tarski(_388406),_388378))],n),ext(-r2_hidden(_388328,_388330),[_388330=k2_tarski(_388346,_388348),_388328=_388346],n),ext(-r2_hidden(_388280,_388282),[_388282=k2_tarski(_388298,_388300),_388280=_388300],n),ext(-r2_hidden(_388226,_388228),[r2_hidden(_388238,_388240),_388238=_388226,_388240=_388228],n),para([1],k4_tarski(_388428,_388430),k2_tarski(k2_tarski(_388428,_388430),k1_tarski(_388428)),[],l2r)],[],[ext([2^[]=2^[],[- (_388186=_388186)]]-[2^[]=2^[],[- (2^[]=2^[])]]),ext([r2_hidden(k4_tarski(2^[],k1_tarski(2^[])),k2_zfmisc_1(k1_tarski(2^[]),k4_tarski(2^[],k1_tarski(2^[])))),[-r2_hidden(k4_tarski(_388090,_388092),k2_zfmisc_1(k1_tarski(_388102),_388098)),_388090=_388102,r2_hidden(_388092,_388098)]]-[r2_hidden(k4_tarski(2^[],k1_tarski(2^[])),k2_zfmisc_1(k1_tarski(2^[]),k4_tarski(2^[],k1_tarski(2^[])))),[-r2_hidden(k4_tarski(2^[],k1_tarski(2^[])),k2_zfmisc_1(k1_tarski(2^[]),k4_tarski(2^[],k1_tarski(2^[])))),2^[]=2^[],r2_hidden(k1_tarski(2^[]),k4_tarski(2^[],k1_tarski(2^[])))]]),ext([- #,[#,r2_hidden(k4_tarski(2^[],k1_tarski(2^[])),k2_zfmisc_1(k1_tarski(2^[]),k4_tarski(2^[],k1_tarski(2^[]))))]]-[- #,[#,r2_hidden(k4_tarski(2^[],k1_tarski(2^[])),k2_zfmisc_1(k1_tarski(2^[]),k4_tarski(2^[],k1_tarski(2^[]))))]]),init(-# - -#)],0)state([r2_hidden(k1_tarski(2^[]),k4_tarski(2^[],k1_tarski(2^[])))],[r2_hidden(k4_tarski(2^[],k1_tarski(2^[])),k2_zfmisc_1(k1_tarski(2^[]),k4_tarski(2^[],k1_tarski(2^[])))),- #],[2^[]=2^[]],[ext(-r2_hidden(_388376,_388378),[r2_hidden(k4_tarski(_388394,_388376),k2_zfmisc_1(k1_tarski(_388406),_388378))],n),ext(-r2_hidden(_388328,_388330),[_388330=k2_tarski(_388346,_388348),_388328=_388346],n),ext(-r2_hidden(_388280,_388282),[_388282=k2_tarski(_388298,_388300),_388280=_388300],n),ext(-r2_hidden(_388226,_388228),[r2_hidden(_388238,_388240),_388238=_388226,_388240=_388228],n),para([1],k4_tarski(_388428,_388430),k2_tarski(k2_tarski(_388428,_388430),k1_tarski(_388428)),[],l2r)],[],[ext([2^[]=2^[],[- (_388186=_388186)]]-[2^[]=2^[],[- (2^[]=2^[])]]),ext([r2_hidden(k4_tarski(2^[],k1_tarski(2^[])),k2_zfmisc_1(k1_tarski(2^[]),k4_tarski(2^[],k1_tarski(2^[])))),[-r2_hidden(k4_tarski(_388090,_388092),k2_zfmisc_1(k1_tarski(_388102),_388098)),_388090=_388102,r2_hidden(_388092,_388098)]]-[r2_hidden(k4_tarski(2^[],k1_tarski(2^[])),k2_zfmisc_1(k1_tarski(2^[]),k4_tarski(2^[],k1_tarski(2^[])))),[-r2_hidden(k4_tarski(2^[],k1_tarski(2^[])),k2_zfmisc_1(k1_tarski(2^[]),k4_tarski(2^[],k1_tarski(2^[])))),2^[]=2^[],r2_hidden(k1_tarski(2^[]),k4_tarski(2^[],k1_tarski(2^[])))]]),ext([- #,[#,r2_hidden(k4_tarski(2^[],k1_tarski(2^[])),k2_zfmisc_1(k1_tarski(2^[]),k4_tarski(2^[],k1_tarski(2^[]))))]]-[- #,[#,r2_hidden(k4_tarski(2^[],k1_tarski(2^[])),k2_zfmisc_1(k1_tarski(2^[]),k4_tarski(2^[],k1_tarski(2^[]))))]]),init(-# - -#)],0)state([r2_hidden(k1_tarski(2^[]),k4_tarski(2^[],k1_tarski(2^[])))],[r2_hidden(k4_tarski(2^[],k1_tarski(2^[])),k2_zfmisc_1(k1_tarski(2^[]),k4_tarski(2^[],k1_tarski(2^[])))),- #],[2^[]=2^[]],[ext(-r2_hidden(_388376,_388378),[r2_hidden(k4_tarski(_388394,_388376),k2_zfmisc_1(k1_tarski(_388406),_388378))],n),ext(-r2_hidden(_388328,_388330),[_388330=k2_tarski(_388346,_388348),_388328=_388346],n),ext(-r2_hidden(_388280,_388282),[_388282=k2_tarski(_388298,_388300),_388280=_388300],n),ext(-r2_hidden(_388226,_388228),[r2_hidden(_388238,_388240),_388238=_388226,_388240=_388228],n),para([1],k4_tarski(_388428,_388430),k2_tarski(k2_tarski(_388428,_388430),k1_tarski(_388428)),[],l2r)],[],[ext([2^[]=2^[],[- (_388186=_388186)]]-[2^[]=2^[],[- (2^[]=2^[])]]),ext([r2_hidden(k4_tarski(2^[],k1_tarski(2^[])),k2_zfmisc_1(k1_tarski(2^[]),k4_tarski(2^[],k1_tarski(2^[])))),[-r2_hidden(k4_tarski(_388090,_388092),k2_zfmisc_1(k1_tarski(_388102),_388098)),_388090=_388102,r2_hidden(_388092,_388098)]]-[r2_hidden(k4_tarski(2^[],k1_tarski(2^[])),k2_zfmisc_1(k1_tarski(2^[]),k4_tarski(2^[],k1_tarski(2^[])))),[-r2_hidden(k4_tarski(2^[],k1_tarski(2^[])),k2_zfmisc_1(k1_tarski(2^[]),k4_tarski(2^[],k1_tarski(2^[])))),2^[]=2^[],r2_hidden(k1_tarski(2^[]),k4_tarski(2^[],k1_tarski(2^[])))]]),ext([- #,[#,r2_hidden(k4_tarski(2^[],k1_tarski(2^[])),k2_zfmisc_1(k1_tarski(2^[]),k4_tarski(2^[],k1_tarski(2^[]))))]]-[- #,[#,r2_hidden(k4_tarski(2^[],k1_tarski(2^[])),k2_zfmisc_1(k1_tarski(2^[]),k4_tarski(2^[],k1_tarski(2^[]))))]]),init(-# - -#)],0)state([r2_hidden(k1_tarski(2^[]),k4_tarski(2^[],k1_tarski(2^[])))],[r2_hidden(k4_tarski(2^[],k1_tarski(2^[])),k2_zfmisc_1(k1_tarski(2^[]),k4_tarski(2^[],k1_tarski(2^[])))),- #],[2^[]=2^[]],[ext(-r2_hidden(_388376,_388378),[r2_hidden(k4_tarski(_388394,_388376),k2_zfmisc_1(k1_tarski(_388406),_388378))],n),ext(-r2_hidden(_388328,_388330),[_388330=k2_tarski(_388346,_388348),_388328=_388346],n),ext(-r2_hidden(_388280,_388282),[_388282=k2_tarski(_388298,_388300),_388280=_388300],n),ext(-r2_hidden(_388226,_388228),[r2_hidden(_388238,_388240),_388238=_388226,_388240=_388228],n),para([1],k4_tarski(_388428,_388430),k2_tarski(k2_tarski(_388428,_388430),k1_tarski(_388428)),[],l2r)],[],[ext([2^[]=2^[],[- (_388186=_388186)]]-[2^[]=2^[],[- (2^[]=2^[])]]),ext([r2_hidden(k4_tarski(2^[],k1_tarski(2^[])),k2_zfmisc_1(k1_tarski(2^[]),k4_tarski(2^[],k1_tarski(2^[])))),[-r2_hidden(k4_tarski(_388090,_388092),k2_zfmisc_1(k1_tarski(_388102),_388098)),_388090=_388102,r2_hidden(_388092,_388098)]]-[r2_hidden(k4_tarski(2^[],k1_tarski(2^[])),k2_zfmisc_1(k1_tarski(2^[]),k4_tarski(2^[],k1_tarski(2^[])))),[-r2_hidden(k4_tarski(2^[],k1_tarski(2^[])),k2_zfmisc_1(k1_tarski(2^[]),k4_tarski(2^[],k1_tarski(2^[])))),2^[]=2^[],r2_hidden(k1_tarski(2^[]),k4_tarski(2^[],k1_tarski(2^[])))]]),ext([- #,[#,r2_hidden(k4_tarski(2^[],k1_tarski(2^[])),k2_zfmisc_1(k1_tarski(2^[]),k4_tarski(2^[],k1_tarski(2^[]))))]]-[- #,[#,r2_hidden(k4_tarski(2^[],k1_tarski(2^[])),k2_zfmisc_1(k1_tarski(2^[]),k4_tarski(2^[],k1_tarski(2^[]))))]]),init(-# - -#)],0)state([2^[]=2^[],r2_hidden(k1_tarski(2^[]),k4_tarski(2^[],k1_tarski(2^[])))],[r2_hidden(k4_tarski(2^[],k1_tarski(2^[])),k2_zfmisc_1(k1_tarski(2^[]),k4_tarski(2^[],k1_tarski(2^[])))),- #],[],[ext(- (_33588=_33590),[r2_hidden(k4_tarski(_33588,_33608),k2_zfmisc_1(k1_tarski(_33590),_33614))],n),ext(- (_33524=_33526),[_33536=k2_tarski(_33526,_33544),r2_hidden(_33524,_33536),- (_33524=_33544)],n),ext(- (_33460=_33462),[_33472=k2_tarski(_33478,_33462),r2_hidden(_33460,_33472),- (_33460=_33478)],n),ext(- (_33442=_33442),[],n),ext(- (_33412=_33414),[_33414=_33412],n),ext(- (_33370=_33372),[_33370=_33384,_33384=_33372],n)],[],[ext([r2_hidden(k4_tarski(2^[],k1_tarski(2^[])),k2_zfmisc_1(k1_tarski(2^[]),k4_tarski(2^[],k1_tarski(2^[])))),[-r2_hidden(k4_tarski(_33296,_33298),k2_zfmisc_1(k1_tarski(_33308),_33304)),_33296=_33308,r2_hidden(_33298,_33304)]]-[r2_hidden(k4_tarski(2^[],k1_tarski(2^[])),k2_zfmisc_1(k1_tarski(2^[]),k4_tarski(2^[],k1_tarski(2^[])))),[-r2_hidden(k4_tarski(2^[],k1_tarski(2^[])),k2_zfmisc_1(k1_tarski(2^[]),k4_tarski(2^[],k1_tarski(2^[])))),2^[]=2^[],r2_hidden(k1_tarski(2^[]),k4_tarski(2^[],k1_tarski(2^[])))]]),ext([- #,[#,r2_hidden(k4_tarski(2^[],k1_tarski(2^[])),k2_zfmisc_1(k1_tarski(2^[]),k4_tarski(2^[],k1_tarski(2^[]))))]]-[- #,[#,r2_hidden(k4_tarski(2^[],k1_tarski(2^[])),k2_zfmisc_1(k1_tarski(2^[]),k4_tarski(2^[],k1_tarski(2^[]))))]]),init(-# - -#)],0)state([2^[]=2^[],r2_hidden(k1_tarski(2^[]),k4_tarski(2^[],k1_tarski(2^[])))],[r2_hidden(k4_tarski(2^[],k1_tarski(2^[])),k2_zfmisc_1(k1_tarski(2^[]),k4_tarski(2^[],k1_tarski(2^[])))),- #],[],[ext(- (_33588=_33590),[r2_hidden(k4_tarski(_33588,_33608),k2_zfmisc_1(k1_tarski(_33590),_33614))],n),ext(- (_33524=_33526),[_33536=k2_tarski(_33526,_33544),r2_hidden(_33524,_33536),- (_33524=_33544)],n),ext(- (_33460=_33462),[_33472=k2_tarski(_33478,_33462),r2_hidden(_33460,_33472),- (_33460=_33478)],n),ext(- (_33442=_33442),[],n),ext(- (_33412=_33414),[_33414=_33412],n),ext(- (_33370=_33372),[_33370=_33384,_33384=_33372],n)],[],[ext([r2_hidden(k4_tarski(2^[],k1_tarski(2^[])),k2_zfmisc_1(k1_tarski(2^[]),k4_tarski(2^[],k1_tarski(2^[])))),[-r2_hidden(k4_tarski(_33296,_33298),k2_zfmisc_1(k1_tarski(_33308),_33304)),_33296=_33308,r2_hidden(_33298,_33304)]]-[r2_hidden(k4_tarski(2^[],k1_tarski(2^[])),k2_zfmisc_1(k1_tarski(2^[]),k4_tarski(2^[],k1_tarski(2^[])))),[-r2_hidden(k4_tarski(2^[],k1_tarski(2^[])),k2_zfmisc_1(k1_tarski(2^[]),k4_tarski(2^[],k1_tarski(2^[])))),2^[]=2^[],r2_hidden(k1_tarski(2^[]),k4_tarski(2^[],k1_tarski(2^[])))]]),ext([- #,[#,r2_hidden(k4_tarski(2^[],k1_tarski(2^[])),k2_zfmisc_1(k1_tarski(2^[]),k4_tarski(2^[],k1_tarski(2^[]))))]]-[- #,[#,r2_hidden(k4_tarski(2^[],k1_tarski(2^[])),k2_zfmisc_1(k1_tarski(2^[]),k4_tarski(2^[],k1_tarski(2^[]))))]]),init(-# - -#)],0)state([2^[]=2^[],r2_hidden(k1_tarski(2^[]),k4_tarski(2^[],k1_tarski(2^[])))],[r2_hidden(k4_tarski(2^[],k1_tarski(2^[])),k2_zfmisc_1(k1_tarski(2^[]),k4_tarski(2^[],k1_tarski(2^[])))),- #],[],[ext(- (_33588=_33590),[r2_hidden(k4_tarski(_33588,_33608),k2_zfmisc_1(k1_tarski(_33590),_33614))],n),ext(- (_33524=_33526),[_33536=k2_tarski(_33526,_33544),r2_hidden(_33524,_33536),- (_33524=_33544)],n),ext(- (_33460=_33462),[_33472=k2_tarski(_33478,_33462),r2_hidden(_33460,_33472),- (_33460=_33478)],n),ext(- (_33442=_33442),[],n),ext(- (_33412=_33414),[_33414=_33412],n),ext(- (_33370=_33372),[_33370=_33384,_33384=_33372],n)],[],[ext([r2_hidden(k4_tarski(2^[],k1_tarski(2^[])),k2_zfmisc_1(k1_tarski(2^[]),k4_tarski(2^[],k1_tarski(2^[])))),[-r2_hidden(k4_tarski(_33296,_33298),k2_zfmisc_1(k1_tarski(_33308),_33304)),_33296=_33308,r2_hidden(_33298,_33304)]]-[r2_hidden(k4_tarski(2^[],k1_tarski(2^[])),k2_zfmisc_1(k1_tarski(2^[]),k4_tarski(2^[],k1_tarski(2^[])))),[-r2_hidden(k4_tarski(2^[],k1_tarski(2^[])),k2_zfmisc_1(k1_tarski(2^[]),k4_tarski(2^[],k1_tarski(2^[])))),2^[]=2^[],r2_hidden(k1_tarski(2^[]),k4_tarski(2^[],k1_tarski(2^[])))]]),ext([- #,[#,r2_hidden(k4_tarski(2^[],k1_tarski(2^[])),k2_zfmisc_1(k1_tarski(2^[]),k4_tarski(2^[],k1_tarski(2^[]))))]]-[- #,[#,r2_hidden(k4_tarski(2^[],k1_tarski(2^[])),k2_zfmisc_1(k1_tarski(2^[]),k4_tarski(2^[],k1_tarski(2^[]))))]]),init(-# - -#)],0)state([2^[]=2^[],r2_hidden(k1_tarski(2^[]),k4_tarski(2^[],k1_tarski(2^[])))],[r2_hidden(k4_tarski(2^[],k1_tarski(2^[])),k2_zfmisc_1(k1_tarski(2^[]),k4_tarski(2^[],k1_tarski(2^[])))),- #],[],[ext(- (_33588=_33590),[r2_hidden(k4_tarski(_33588,_33608),k2_zfmisc_1(k1_tarski(_33590),_33614))],n),ext(- (_33524=_33526),[_33536=k2_tarski(_33526,_33544),r2_hidden(_33524,_33536),- (_33524=_33544)],n),ext(- (_33460=_33462),[_33472=k2_tarski(_33478,_33462),r2_hidden(_33460,_33472),- (_33460=_33478)],n),ext(- (_33442=_33442),[],n),ext(- (_33412=_33414),[_33414=_33412],n),ext(- (_33370=_33372),[_33370=_33384,_33384=_33372],n)],[],[ext([r2_hidden(k4_tarski(2^[],k1_tarski(2^[])),k2_zfmisc_1(k1_tarski(2^[]),k4_tarski(2^[],k1_tarski(2^[])))),[-r2_hidden(k4_tarski(_33296,_33298),k2_zfmisc_1(k1_tarski(_33308),_33304)),_33296=_33308,r2_hidden(_33298,_33304)]]-[r2_hidden(k4_tarski(2^[],k1_tarski(2^[])),k2_zfmisc_1(k1_tarski(2^[]),k4_tarski(2^[],k1_tarski(2^[])))),[-r2_hidden(k4_tarski(2^[],k1_tarski(2^[])),k2_zfmisc_1(k1_tarski(2^[]),k4_tarski(2^[],k1_tarski(2^[])))),2^[]=2^[],r2_hidden(k1_tarski(2^[]),k4_tarski(2^[],k1_tarski(2^[])))]]),ext([- #,[#,r2_hidden(k4_tarski(2^[],k1_tarski(2^[])),k2_zfmisc_1(k1_tarski(2^[]),k4_tarski(2^[],k1_tarski(2^[]))))]]-[- #,[#,r2_hidden(k4_tarski(2^[],k1_tarski(2^[])),k2_zfmisc_1(k1_tarski(2^[]),k4_tarski(2^[],k1_tarski(2^[]))))]]),init(-# - -#)],0)state([2^[]=2^[],r2_hidden(k1_tarski(2^[]),k4_tarski(2^[],k1_tarski(2^[])))],[r2_hidden(k4_tarski(2^[],k1_tarski(2^[])),k2_zfmisc_1(k1_tarski(2^[]),k4_tarski(2^[],k1_tarski(2^[])))),- #],[],[ext(- (_33588=_33590),[r2_hidden(k4_tarski(_33588,_33608),k2_zfmisc_1(k1_tarski(_33590),_33614))],n),ext(- (_33524=_33526),[_33536=k2_tarski(_33526,_33544),r2_hidden(_33524,_33536),- (_33524=_33544)],n),ext(- (_33460=_33462),[_33472=k2_tarski(_33478,_33462),r2_hidden(_33460,_33472),- (_33460=_33478)],n),ext(- (_33442=_33442),[],n),ext(- (_33412=_33414),[_33414=_33412],n),ext(- (_33370=_33372),[_33370=_33384,_33384=_33372],n)],[],[ext([r2_hidden(k4_tarski(2^[],k1_tarski(2^[])),k2_zfmisc_1(k1_tarski(2^[]),k4_tarski(2^[],k1_tarski(2^[])))),[-r2_hidden(k4_tarski(_33296,_33298),k2_zfmisc_1(k1_tarski(_33308),_33304)),_33296=_33308,r2_hidden(_33298,_33304)]]-[r2_hidden(k4_tarski(2^[],k1_tarski(2^[])),k2_zfmisc_1(k1_tarski(2^[]),k4_tarski(2^[],k1_tarski(2^[])))),[-r2_hidden(k4_tarski(2^[],k1_tarski(2^[])),k2_zfmisc_1(k1_tarski(2^[]),k4_tarski(2^[],k1_tarski(2^[])))),2^[]=2^[],r2_hidden(k1_tarski(2^[]),k4_tarski(2^[],k1_tarski(2^[])))]]),ext([- #,[#,r2_hidden(k4_tarski(2^[],k1_tarski(2^[])),k2_zfmisc_1(k1_tarski(2^[]),k4_tarski(2^[],k1_tarski(2^[]))))]]-[- #,[#,r2_hidden(k4_tarski(2^[],k1_tarski(2^[])),k2_zfmisc_1(k1_tarski(2^[]),k4_tarski(2^[],k1_tarski(2^[]))))]]),init(-# - -#)],0)state([2^[]=2^[],r2_hidden(k1_tarski(2^[]),k4_tarski(2^[],k1_tarski(2^[])))],[r2_hidden(k4_tarski(2^[],k1_tarski(2^[])),k2_zfmisc_1(k1_tarski(2^[]),k4_tarski(2^[],k1_tarski(2^[])))),- #],[],[ext(- (_33588=_33590),[r2_hidden(k4_tarski(_33588,_33608),k2_zfmisc_1(k1_tarski(_33590),_33614))],n),ext(- (_33524=_33526),[_33536=k2_tarski(_33526,_33544),r2_hidden(_33524,_33536),- (_33524=_33544)],n),ext(- (_33460=_33462),[_33472=k2_tarski(_33478,_33462),r2_hidden(_33460,_33472),- (_33460=_33478)],n),ext(- (_33442=_33442),[],n),ext(- (_33412=_33414),[_33414=_33412],n),ext(- (_33370=_33372),[_33370=_33384,_33384=_33372],n)],[],[ext([r2_hidden(k4_tarski(2^[],k1_tarski(2^[])),k2_zfmisc_1(k1_tarski(2^[]),k4_tarski(2^[],k1_tarski(2^[])))),[-r2_hidden(k4_tarski(_33296,_33298),k2_zfmisc_1(k1_tarski(_33308),_33304)),_33296=_33308,r2_hidden(_33298,_33304)]]-[r2_hidden(k4_tarski(2^[],k1_tarski(2^[])),k2_zfmisc_1(k1_tarski(2^[]),k4_tarski(2^[],k1_tarski(2^[])))),[-r2_hidden(k4_tarski(2^[],k1_tarski(2^[])),k2_zfmisc_1(k1_tarski(2^[]),k4_tarski(2^[],k1_tarski(2^[])))),2^[]=2^[],r2_hidden(k1_tarski(2^[]),k4_tarski(2^[],k1_tarski(2^[])))]]),ext([- #,[#,r2_hidden(k4_tarski(2^[],k1_tarski(2^[])),k2_zfmisc_1(k1_tarski(2^[]),k4_tarski(2^[],k1_tarski(2^[]))))]]-[- #,[#,r2_hidden(k4_tarski(2^[],k1_tarski(2^[])),k2_zfmisc_1(k1_tarski(2^[]),k4_tarski(2^[],k1_tarski(2^[]))))]]),init(-# - -#)],0)state([r2_hidden(k4_tarski(2^[],k1_tarski(2^[])),k2_zfmisc_1(k1_tarski(2^[]),k4_tarski(2^[],k1_tarski(2^[]))))],[- #],[],[ext(-r2_hidden(_1870,_1872),[r2_hidden(k4_tarski(_1888,_1870),k2_zfmisc_1(k1_tarski(_1900),_1872))],n),ext(-r2_hidden(k4_tarski(_1818,_1820),k2_zfmisc_1(k1_tarski(_1830),_1826)),[_1818=_1830,r2_hidden(_1820,_1826)],n),ext(-r2_hidden(_1764,_1766),[_1766=k2_tarski(_1782,_1784),_1764=_1782],n),ext(-r2_hidden(_1716,_1718),[_1718=k2_tarski(_1734,_1736),_1716=_1736],n),ext(-r2_hidden(_1662,_1664),[r2_hidden(_1674,_1676),_1674=_1662,_1676=_1664],n),para([0],k4_tarski(_1968,_1970),k2_tarski(k2_tarski(_1968,_1970),k1_tarski(_1968)),[],l2r),para([1,1],k4_tarski(_1928,_1930),k2_tarski(k2_tarski(_1928,_1930),k1_tarski(_1928)),[],l2r)],[],[ext([- #,[#,r2_hidden(k4_tarski(2^[],k1_tarski(2^[])),k2_zfmisc_1(k1_tarski(2^[]),k4_tarski(2^[],k1_tarski(2^[]))))]]-[- #,[#,r2_hidden(k4_tarski(2^[],k1_tarski(2^[])),k2_zfmisc_1(k1_tarski(2^[]),k4_tarski(2^[],k1_tarski(2^[]))))]]),init(-# - -#)],0)state([r2_hidden(k4_tarski(2^[],k1_tarski(2^[])),k2_zfmisc_1(k1_tarski(2^[]),k4_tarski(2^[],k1_tarski(2^[]))))],[- #],[],[ext(-r2_hidden(_1870,_1872),[r2_hidden(k4_tarski(_1888,_1870),k2_zfmisc_1(k1_tarski(_1900),_1872))],n),ext(-r2_hidden(k4_tarski(_1818,_1820),k2_zfmisc_1(k1_tarski(_1830),_1826)),[_1818=_1830,r2_hidden(_1820,_1826)],n),ext(-r2_hidden(_1764,_1766),[_1766=k2_tarski(_1782,_1784),_1764=_1782],n),ext(-r2_hidden(_1716,_1718),[_1718=k2_tarski(_1734,_1736),_1716=_1736],n),ext(-r2_hidden(_1662,_1664),[r2_hidden(_1674,_1676),_1674=_1662,_1676=_1664],n),para([0],k4_tarski(_1968,_1970),k2_tarski(k2_tarski(_1968,_1970),k1_tarski(_1968)),[],l2r),para([1,1],k4_tarski(_1928,_1930),k2_tarski(k2_tarski(_1928,_1930),k1_tarski(_1928)),[],l2r)],[],[ext([- #,[#,r2_hidden(k4_tarski(2^[],k1_tarski(2^[])),k2_zfmisc_1(k1_tarski(2^[]),k4_tarski(2^[],k1_tarski(2^[]))))]]-[- #,[#,r2_hidden(k4_tarski(2^[],k1_tarski(2^[])),k2_zfmisc_1(k1_tarski(2^[]),k4_tarski(2^[],k1_tarski(2^[]))))]]),init(-# - -#)],0)state([r2_hidden(k4_tarski(2^[],k1_tarski(2^[])),k2_zfmisc_1(k1_tarski(2^[]),k4_tarski(2^[],k1_tarski(2^[]))))],[- #],[],[ext(-r2_hidden(_1870,_1872),[r2_hidden(k4_tarski(_1888,_1870),k2_zfmisc_1(k1_tarski(_1900),_1872))],n),ext(-r2_hidden(k4_tarski(_1818,_1820),k2_zfmisc_1(k1_tarski(_1830),_1826)),[_1818=_1830,r2_hidden(_1820,_1826)],n),ext(-r2_hidden(_1764,_1766),[_1766=k2_tarski(_1782,_1784),_1764=_1782],n),ext(-r2_hidden(_1716,_1718),[_1718=k2_tarski(_1734,_1736),_1716=_1736],n),ext(-r2_hidden(_1662,_1664),[r2_hidden(_1674,_1676),_1674=_1662,_1676=_1664],n),para([0],k4_tarski(_1968,_1970),k2_tarski(k2_tarski(_1968,_1970),k1_tarski(_1968)),[],l2r),para([1,1],k4_tarski(_1928,_1930),k2_tarski(k2_tarski(_1928,_1930),k1_tarski(_1928)),[],l2r)],[],[ext([- #,[#,r2_hidden(k4_tarski(2^[],k1_tarski(2^[])),k2_zfmisc_1(k1_tarski(2^[]),k4_tarski(2^[],k1_tarski(2^[]))))]]-[- #,[#,r2_hidden(k4_tarski(2^[],k1_tarski(2^[])),k2_zfmisc_1(k1_tarski(2^[]),k4_tarski(2^[],k1_tarski(2^[]))))]]),init(-# - -#)],0)state([r2_hidden(k4_tarski(2^[],k1_tarski(2^[])),k2_zfmisc_1(k1_tarski(2^[]),k4_tarski(2^[],k1_tarski(2^[]))))],[- #],[],[ext(-r2_hidden(_1870,_1872),[r2_hidden(k4_tarski(_1888,_1870),k2_zfmisc_1(k1_tarski(_1900),_1872))],n),ext(-r2_hidden(k4_tarski(_1818,_1820),k2_zfmisc_1(k1_tarski(_1830),_1826)),[_1818=_1830,r2_hidden(_1820,_1826)],n),ext(-r2_hidden(_1764,_1766),[_1766=k2_tarski(_1782,_1784),_1764=_1782],n),ext(-r2_hidden(_1716,_1718),[_1718=k2_tarski(_1734,_1736),_1716=_1736],n),ext(-r2_hidden(_1662,_1664),[r2_hidden(_1674,_1676),_1674=_1662,_1676=_1664],n),para([0],k4_tarski(_1968,_1970),k2_tarski(k2_tarski(_1968,_1970),k1_tarski(_1968)),[],l2r),para([1,1],k4_tarski(_1928,_1930),k2_tarski(k2_tarski(_1928,_1930),k1_tarski(_1928)),[],l2r)],[],[ext([- #,[#,r2_hidden(k4_tarski(2^[],k1_tarski(2^[])),k2_zfmisc_1(k1_tarski(2^[]),k4_tarski(2^[],k1_tarski(2^[]))))]]-[- #,[#,r2_hidden(k4_tarski(2^[],k1_tarski(2^[])),k2_zfmisc_1(k1_tarski(2^[]),k4_tarski(2^[],k1_tarski(2^[]))))]]),init(-# - -#)],0)state([r2_hidden(k4_tarski(2^[],k1_tarski(2^[])),k2_zfmisc_1(k1_tarski(2^[]),k4_tarski(2^[],k1_tarski(2^[]))))],[- #],[],[ext(-r2_hidden(_1870,_1872),[r2_hidden(k4_tarski(_1888,_1870),k2_zfmisc_1(k1_tarski(_1900),_1872))],n),ext(-r2_hidden(k4_tarski(_1818,_1820),k2_zfmisc_1(k1_tarski(_1830),_1826)),[_1818=_1830,r2_hidden(_1820,_1826)],n),ext(-r2_hidden(_1764,_1766),[_1766=k2_tarski(_1782,_1784),_1764=_1782],n),ext(-r2_hidden(_1716,_1718),[_1718=k2_tarski(_1734,_1736),_1716=_1736],n),ext(-r2_hidden(_1662,_1664),[r2_hidden(_1674,_1676),_1674=_1662,_1676=_1664],n),para([0],k4_tarski(_1968,_1970),k2_tarski(k2_tarski(_1968,_1970),k1_tarski(_1968)),[],l2r),para([1,1],k4_tarski(_1928,_1930),k2_tarski(k2_tarski(_1928,_1930),k1_tarski(_1928)),[],l2r)],[],[ext([- #,[#,r2_hidden(k4_tarski(2^[],k1_tarski(2^[])),k2_zfmisc_1(k1_tarski(2^[]),k4_tarski(2^[],k1_tarski(2^[]))))]]-[- #,[#,r2_hidden(k4_tarski(2^[],k1_tarski(2^[])),k2_zfmisc_1(k1_tarski(2^[]),k4_tarski(2^[],k1_tarski(2^[]))))]]),init(-# - -#)],0)state([r2_hidden(k4_tarski(2^[],k1_tarski(2^[])),k2_zfmisc_1(k1_tarski(2^[]),k4_tarski(2^[],k1_tarski(2^[]))))],[- #],[],[ext(-r2_hidden(_1870,_1872),[r2_hidden(k4_tarski(_1888,_1870),k2_zfmisc_1(k1_tarski(_1900),_1872))],n),ext(-r2_hidden(k4_tarski(_1818,_1820),k2_zfmisc_1(k1_tarski(_1830),_1826)),[_1818=_1830,r2_hidden(_1820,_1826)],n),ext(-r2_hidden(_1764,_1766),[_1766=k2_tarski(_1782,_1784),_1764=_1782],n),ext(-r2_hidden(_1716,_1718),[_1718=k2_tarski(_1734,_1736),_1716=_1736],n),ext(-r2_hidden(_1662,_1664),[r2_hidden(_1674,_1676),_1674=_1662,_1676=_1664],n),para([0],k4_tarski(_1968,_1970),k2_tarski(k2_tarski(_1968,_1970),k1_tarski(_1968)),[],l2r),para([1,1],k4_tarski(_1928,_1930),k2_tarski(k2_tarski(_1928,_1930),k1_tarski(_1928)),[],l2r)],[],[ext([- #,[#,r2_hidden(k4_tarski(2^[],k1_tarski(2^[])),k2_zfmisc_1(k1_tarski(2^[]),k4_tarski(2^[],k1_tarski(2^[]))))]]-[- #,[#,r2_hidden(k4_tarski(2^[],k1_tarski(2^[])),k2_zfmisc_1(k1_tarski(2^[]),k4_tarski(2^[],k1_tarski(2^[]))))]]),init(-# - -#)],0)state([r2_hidden(k4_tarski(2^[],k1_tarski(2^[])),k2_zfmisc_1(k1_tarski(2^[]),k4_tarski(2^[],k1_tarski(2^[]))))],[- #],[],[ext(-r2_hidden(_1870,_1872),[r2_hidden(k4_tarski(_1888,_1870),k2_zfmisc_1(k1_tarski(_1900),_1872))],n),ext(-r2_hidden(k4_tarski(_1818,_1820),k2_zfmisc_1(k1_tarski(_1830),_1826)),[_1818=_1830,r2_hidden(_1820,_1826)],n),ext(-r2_hidden(_1764,_1766),[_1766=k2_tarski(_1782,_1784),_1764=_1782],n),ext(-r2_hidden(_1716,_1718),[_1718=k2_tarski(_1734,_1736),_1716=_1736],n),ext(-r2_hidden(_1662,_1664),[r2_hidden(_1674,_1676),_1674=_1662,_1676=_1664],n),para([0],k4_tarski(_1968,_1970),k2_tarski(k2_tarski(_1968,_1970),k1_tarski(_1968)),[],l2r),para([1,1],k4_tarski(_1928,_1930),k2_tarski(k2_tarski(_1928,_1930),k1_tarski(_1928)),[],l2r)],[],[ext([- #,[#,r2_hidden(k4_tarski(2^[],k1_tarski(2^[])),k2_zfmisc_1(k1_tarski(2^[]),k4_tarski(2^[],k1_tarski(2^[]))))]]-[- #,[#,r2_hidden(k4_tarski(2^[],k1_tarski(2^[])),k2_zfmisc_1(k1_tarski(2^[]),k4_tarski(2^[],k1_tarski(2^[]))))]]),init(-# - -#)],0)state([- #],[],[],[ext(#,[r2_hidden(k4_tarski(2^[],k1_tarski(2^[])),k2_zfmisc_1(k1_tarski(2^[]),k4_tarski(2^[],k1_tarski(2^[]))))],g)],[],[init(-# - -#)],0)Policy data saved
Training data saved
Execution time: 8.172 sec
Full query: 
 swipl -g '["core/montecarlo.pl"], mc_run("theorems/m2np/t128_zfmisc_1.p",[guided(0),cp(1),sim_depth(0),playout_count(200000),min_visit_count(1),n_dim(10000),playout_time(300), output_format(svmlight), leancop_settings([conj,nodef,comp(1000),eager_reduction(1),paramodulation(1)]),return_to_root(0),save_all_proofs(0),temperature(2),save_all_policy(0),save_all_value(1),lemma_features(0),inference_limit(200000),collapse_vars(0),bigstep_frequency(2000)],"results/plcop_paramodulation/train_value","results/plcop_paramodulation/train_policy","results/plcop_paramodulation/clauses","results/plcop_paramodulation/proofs",ExecutionTime), halt.'
