Prolog query: 
 mc_run("theorems/m2np/t12_zfmisc_1.p",[guided(0),cp(1),sim_depth(0),playout_count(200000),min_visit_count(1),n_dim(10000),playout_time(300), output_format(svmlight), leancop_settings([conj,nodef,comp(1000),eager_reduction(1),paramodulation(1)]),return_to_root(0),save_all_proofs(0),temperature(2),save_all_policy(0),save_all_value(1),lemma_features(0),inference_limit(200000),collapse_vars(0),bigstep_frequency(2000)],"results/plcop_paramodulation/train_value","results/plcop_paramodulation/train_policy","results/plcop_paramodulation/clauses","results/plcop_paramodulation/proofs",ExecutionTime)
Trying to open file theorems/m2np/t12_zfmisc_1.p...
Successfully opened file theorems/m2np/t12_zfmisc_1.p
200000 playouts remaining
Moving root from 0 to 1
SUCCESS
   Init: 	-#
   Extension: 	[- #,[#,- (k3_xboole_0(k1_tarski(2^[]),k1_tarski(3^[]))=k1_tarski(2^[]))]]
   Paramodulation: 	[- (k3_xboole_0(k1_tarski(2^[]),k1_tarski(3^[]))=k1_tarski(2^[])),[0,0],k3_xboole_0(A,B),k3_xboole_0(B,A),[],l2r]
   Extension: 	[- (k3_xboole_0(k1_tarski(3^[]),k1_tarski(2^[]))=k1_tarski(2^[])),[k3_xboole_0(A,k1_tarski(B))=k1_tarski(B),-r2_hidden(B,A)]]
   Extension: 	[-r2_hidden(2^[],k1_tarski(3^[])),[r2_hidden(A,B),B=k1_tarski(C),- (A=C)]]
   Extension: 	[k1_tarski(3^[])=k1_tarski(_),[- (A=A)]]
   Extension: 	[- (2^[]=3^[]),[2^[]=3^[],#]]
   Reduction: 	[#,- #]
Created leancop proof

FIRST PROOF FOUND AFTER 2197 STEPS

Moving root from 1 to 1651
195000 playouts remaining
Moving root from 1651 to 1652
Moving root from 1652 to 1653
Moving root from 1653 to 2118
190000 playouts remaining
Moving root from 2118 to 2119
Unable to move root from 2119
185000 playouts remaining
Unable to move root from 2119
Unable to move root from 2119
Unable to move root from 2119
180000 playouts remaining
Unable to move root from 2119
Unable to move root from 2119
175000 playouts remaining
Unable to move root from 2119
Unable to move root from 2119
Unable to move root from 2119
170000 playouts remaining
Unable to move root from 2119
Unable to move root from 2119
165000 playouts remaining
Unable to move root from 2119
Unable to move root from 2119
Unable to move root from 2119
160000 playouts remaining
Unable to move root from 2119
Unable to move root from 2119
155000 playouts remaining
Unable to move root from 2119
Unable to move root from 2119
Unable to move root from 2119
150000 playouts remaining
Unable to move root from 2119
Unable to move root from 2119
145000 playouts remaining
Unable to move root from 2119
Unable to move root from 2119
Unable to move root from 2119
140000 playouts remaining
Unable to move root from 2119
Unable to move root from 2119
135000 playouts remaining
Unable to move root from 2119
Unable to move root from 2119
Unable to move root from 2119
130000 playouts remaining
Unable to move root from 2119
Unable to move root from 2119
125000 playouts remaining
Unable to move root from 2119
Unable to move root from 2119
Unable to move root from 2119
120000 playouts remaining
Unable to move root from 2119
Unable to move root from 2119
115000 playouts remaining
Unable to move root from 2119
Unable to move root from 2119
Unable to move root from 2119
110000 playouts remaining
Unable to move root from 2119
Unable to move root from 2119
105000 playouts remaining
Unable to move root from 2119
Unable to move root from 2119
Unable to move root from 2119
100000 playouts remaining
Unable to move root from 2119
Unable to move root from 2119
95000 playouts remaining
Unable to move root from 2119
Unable to move root from 2119
Unable to move root from 2119
90000 playouts remaining
Unable to move root from 2119
Unable to move root from 2119
85000 playouts remaining
Unable to move root from 2119
Unable to move root from 2119
Unable to move root from 2119
80000 playouts remaining
Unable to move root from 2119
Unable to move root from 2119
75000 playouts remaining
Unable to move root from 2119
Unable to move root from 2119
Unable to move root from 2119
70000 playouts remaining
Unable to move root from 2119
Unable to move root from 2119
65000 playouts remaining
Unable to move root from 2119
Unable to move root from 2119
Unable to move root from 2119
60000 playouts remaining
Unable to move root from 2119
Unable to move root from 2119
55000 playouts remaining
Unable to move root from 2119
Unable to move root from 2119
Unable to move root from 2119
50000 playouts remaining
Unable to move root from 2119
Unable to move root from 2119
45000 playouts remaining
Unable to move root from 2119
Unable to move root from 2119
Unable to move root from 2119
40000 playouts remaining
Unable to move root from 2119
Unable to move root from 2119
35000 playouts remaining
Unable to move root from 2119
Unable to move root from 2119
Unable to move root from 2119
30000 playouts remaining
Unable to move root from 2119
Unable to move root from 2119
25000 playouts remaining
Unable to move root from 2119
Unable to move root from 2119
Unable to move root from 2119
20000 playouts remaining
Unable to move root from 2119
Unable to move root from 2119
15000 playouts remaining
Unable to move root from 2119
Unable to move root from 2119
Unable to move root from 2119
10000 playouts remaining
Unable to move root from 2119
Unable to move root from 2119
5000 playouts remaining
Unable to move root from 2119
Unable to move root from 2119
Unable to move root from 2119
Created 2120 nodes
Performed 46035 inferences
Bigstep Nodes: 7, [0,1,1651,1652,1653,2118,2119]
Training data collected
state([success],[],[],[],[],[red([#,- #]-[#,- #]),ext([- (2^[]=3^[]),[2^[]=3^[],#]]-[- (2^[]=3^[]),[2^[]=3^[],#]]),ext([k1_tarski(3^[])=k1_tarski(_3886000),[- (_3886020=_3886020)]]-[k1_tarski(3^[])=k1_tarski(3^[]),[- (k1_tarski(3^[])=k1_tarski(3^[]))]]),ext([-r2_hidden(2^[],k1_tarski(3^[])),[r2_hidden(_3886060,_3886062),_3886062=k1_tarski(_3886078),- (_3886060=_3886078)]]-[-r2_hidden(2^[],k1_tarski(3^[])),[r2_hidden(2^[],k1_tarski(3^[])),k1_tarski(3^[])=k1_tarski(3^[]),- (2^[]=3^[])]]),ext([- (k3_xboole_0(k1_tarski(3^[]),k1_tarski(2^[]))=k1_tarski(2^[])),[k3_xboole_0(_3886138,k1_tarski(_3886144))=k1_tarski(_3886144),-r2_hidden(_3886144,_3886138)]]-[- (k3_xboole_0(k1_tarski(3^[]),k1_tarski(2^[]))=k1_tarski(2^[])),[k3_xboole_0(k1_tarski(3^[]),k1_tarski(2^[]))=k1_tarski(2^[]),-r2_hidden(2^[],k1_tarski(3^[]))]]),para([- (k3_xboole_0(k1_tarski(2^[]),k1_tarski(3^[]))=k1_tarski(2^[])),[0,0],k3_xboole_0(_3886202,_3886204),k3_xboole_0(_3886204,_3886202),[],l2r]-[- (k3_xboole_0(k1_tarski(2^[]),k1_tarski(3^[]))=k1_tarski(2^[])),[0,0],k3_xboole_0(k1_tarski(2^[]),k1_tarski(3^[])),k3_xboole_0(k1_tarski(3^[]),k1_tarski(2^[])),[],l2r]),ext([- #,[#,- (k3_xboole_0(k1_tarski(2^[]),k1_tarski(3^[]))=k1_tarski(2^[]))]]-[- #,[#,- (k3_xboole_0(k1_tarski(2^[]),k1_tarski(3^[]))=k1_tarski(2^[]))]]),init(-# - -#)],1)state([- (2^[]=3^[])],[-r2_hidden(2^[],k1_tarski(3^[])),- (k3_xboole_0(k1_tarski(3^[]),k1_tarski(2^[]))=k1_tarski(2^[])),- (k3_xboole_0(k1_tarski(2^[]),k1_tarski(3^[]))=k1_tarski(2^[])),- #],[k1_tarski(3^[])=k1_tarski(3^[])],[ext(2^[]=3^[],[#],g),ext(_3885650=_3885652,[_3885662=k1_tarski(_3885652),-r2_hidden(_3885650,_3885662)],n),ext(_3885612=_3885614,[- (k1_tarski(_3885612)=k1_tarski(_3885614))],n),ext(_3885558=_3885560,[- (k3_xboole_0(_3885558,_3885582)=k3_xboole_0(_3885560,_3885588)),_3885582=_3885588],n),ext(_3885504=_3885506,[- (k3_xboole_0(_3885526,_3885504)=k3_xboole_0(_3885532,_3885506)),_3885526=_3885532],n),ext(_3885450=_3885452,[-r2_hidden(_3885452,_3885468),r2_hidden(_3885450,_3885480),_3885480=_3885468],n),ext(_3885396=_3885398,[-r2_hidden(_3885412,_3885398),r2_hidden(_3885424,_3885396),_3885424=_3885412],n),ext(_3885366=_3885368,[- (_3885368=_3885366)],n),ext(_3885324=_3885326,[- (_3885324=_3885342),_3885326=_3885342],n),ext(_3885282=_3885284,[- (_3885298=_3885284),_3885298=_3885282],n)],[],[ext([k1_tarski(3^[])=k1_tarski(_3885226),[- (_3885246=_3885246)]]-[k1_tarski(3^[])=k1_tarski(3^[]),[- (k1_tarski(3^[])=k1_tarski(3^[]))]]),ext([-r2_hidden(2^[],k1_tarski(3^[])),[r2_hidden(_3885002,_3885004),_3885004=k1_tarski(_3885020),- (_3885002=_3885020)]]-[-r2_hidden(2^[],k1_tarski(3^[])),[r2_hidden(2^[],k1_tarski(3^[])),k1_tarski(3^[])=k1_tarski(3^[]),- (2^[]=3^[])]]),ext([- (k3_xboole_0(k1_tarski(3^[]),k1_tarski(2^[]))=k1_tarski(2^[])),[k3_xboole_0(_3885098,k1_tarski(_3885104))=k1_tarski(_3885104),-r2_hidden(_3885104,_3885098)]]-[- (k3_xboole_0(k1_tarski(3^[]),k1_tarski(2^[]))=k1_tarski(2^[])),[k3_xboole_0(k1_tarski(3^[]),k1_tarski(2^[]))=k1_tarski(2^[]),-r2_hidden(2^[],k1_tarski(3^[]))]]),para([- (k3_xboole_0(k1_tarski(2^[]),k1_tarski(3^[]))=k1_tarski(2^[])),[0,0],k3_xboole_0(_3885162,_3885164),k3_xboole_0(_3885164,_3885162),[],l2r]-[- (k3_xboole_0(k1_tarski(2^[]),k1_tarski(3^[]))=k1_tarski(2^[])),[0,0],k3_xboole_0(k1_tarski(2^[]),k1_tarski(3^[])),k3_xboole_0(k1_tarski(3^[]),k1_tarski(2^[])),[],l2r]),ext([- #,[#,- (k3_xboole_0(k1_tarski(2^[]),k1_tarski(3^[]))=k1_tarski(2^[]))]]-[- #,[#,- (k3_xboole_0(k1_tarski(2^[]),k1_tarski(3^[]))=k1_tarski(2^[]))]]),init(-# - -#)],0)state([k1_tarski(3^[])=k1_tarski(_2911940),- (2^[]=_2911940)],[-r2_hidden(2^[],k1_tarski(3^[])),- (k3_xboole_0(k1_tarski(3^[]),k1_tarski(2^[]))=k1_tarski(2^[])),- (k3_xboole_0(k1_tarski(2^[]),k1_tarski(3^[]))=k1_tarski(2^[])),- #],[],[ext(- (_2912506=_2912508),[_2912518=k1_tarski(_2912508),r2_hidden(_2912506,_2912518)],n),ext(- (_2912424=k1_tarski(_2912430)),[r2_hidden(1^[_2912424,_2912430],_2912424),1^[_2912424,_2912430]=_2912430],n),ext(- (_2912334=k1_tarski(_2912340)),[-r2_hidden(1^[_2912334,_2912340],_2912334),- (1^[_2912334,_2912340]=_2912340)],n),ext(- (k1_tarski(_2912302)=k1_tarski(_2912306)),[_2912302=_2912306],n),ext(- (_2912278=_2912278),[],n),ext(- (_2912248=_2912250),[_2912250=_2912248],n),ext(- (_2912206=_2912208),[_2912206=_2912220,_2912220=_2912208],n),para([1],k3_xboole_0(k1_tarski(2^[]),k1_tarski(3^[])),k1_tarski(2^[]),[#],r2l),para([1,0],1^[_2912570,_2912544],_2912544,[- (_2912570=k1_tarski(_2912544)),-r2_hidden(1^[_2912570,_2912544],_2912570)],l2r)],[],[ext([-r2_hidden(2^[],k1_tarski(3^[])),[r2_hidden(_2912134,_2912136),_2912136=k1_tarski(_2912152),- (_2912134=_2912152)]]-[-r2_hidden(2^[],k1_tarski(3^[])),[r2_hidden(2^[],k1_tarski(3^[])),k1_tarski(3^[])=k1_tarski(_2911940),- (2^[]=_2911940)]]),ext([- (k3_xboole_0(k1_tarski(3^[]),k1_tarski(2^[]))=k1_tarski(2^[])),[k3_xboole_0(_2912000,k1_tarski(_2912006))=k1_tarski(_2912006),-r2_hidden(_2912006,_2912000)]]-[- (k3_xboole_0(k1_tarski(3^[]),k1_tarski(2^[]))=k1_tarski(2^[])),[k3_xboole_0(k1_tarski(3^[]),k1_tarski(2^[]))=k1_tarski(2^[]),-r2_hidden(2^[],k1_tarski(3^[]))]]),para([- (k3_xboole_0(k1_tarski(2^[]),k1_tarski(3^[]))=k1_tarski(2^[])),[0,0],k3_xboole_0(_2912064,_2912066),k3_xboole_0(_2912066,_2912064),[],l2r]-[- (k3_xboole_0(k1_tarski(2^[]),k1_tarski(3^[]))=k1_tarski(2^[])),[0,0],k3_xboole_0(k1_tarski(2^[]),k1_tarski(3^[])),k3_xboole_0(k1_tarski(3^[]),k1_tarski(2^[])),[],l2r]),ext([- #,[#,- (k3_xboole_0(k1_tarski(2^[]),k1_tarski(3^[]))=k1_tarski(2^[]))]]-[- #,[#,- (k3_xboole_0(k1_tarski(2^[]),k1_tarski(3^[]))=k1_tarski(2^[]))]]),init(-# - -#)],0)state([-r2_hidden(2^[],k1_tarski(3^[]))],[- (k3_xboole_0(k1_tarski(3^[]),k1_tarski(2^[]))=k1_tarski(2^[])),- (k3_xboole_0(k1_tarski(2^[]),k1_tarski(3^[]))=k1_tarski(2^[])),- #],[],[ext(r2_hidden(_2911822,_2911824),[_2911824=k1_tarski(_2911840),- (_2911822=_2911840)],n),ext(r2_hidden(_2911768,_2911770),[-r2_hidden(_2911784,_2911786),_2911768=_2911784,_2911770=_2911786],n)],[],[ext([- (k3_xboole_0(k1_tarski(3^[]),k1_tarski(2^[]))=k1_tarski(2^[])),[k3_xboole_0(_2911708,k1_tarski(_2911714))=k1_tarski(_2911714),-r2_hidden(_2911714,_2911708)]]-[- (k3_xboole_0(k1_tarski(3^[]),k1_tarski(2^[]))=k1_tarski(2^[])),[k3_xboole_0(k1_tarski(3^[]),k1_tarski(2^[]))=k1_tarski(2^[]),-r2_hidden(2^[],k1_tarski(3^[]))]]),para([- (k3_xboole_0(k1_tarski(2^[]),k1_tarski(3^[]))=k1_tarski(2^[])),[0,0],k3_xboole_0(_2911632,_2911634),k3_xboole_0(_2911634,_2911632),[],l2r]-[- (k3_xboole_0(k1_tarski(2^[]),k1_tarski(3^[]))=k1_tarski(2^[])),[0,0],k3_xboole_0(k1_tarski(2^[]),k1_tarski(3^[])),k3_xboole_0(k1_tarski(3^[]),k1_tarski(2^[])),[],l2r]),ext([- #,[#,- (k3_xboole_0(k1_tarski(2^[]),k1_tarski(3^[]))=k1_tarski(2^[]))]]-[- #,[#,- (k3_xboole_0(k1_tarski(2^[]),k1_tarski(3^[]))=k1_tarski(2^[]))]]),init(-# - -#)],0)state([- (k3_xboole_0(k1_tarski(3^[]),k1_tarski(2^[]))=k1_tarski(2^[]))],[- (k3_xboole_0(k1_tarski(2^[]),k1_tarski(3^[]))=k1_tarski(2^[])),- #],[],[ext(k3_xboole_0(_2911006,k1_tarski(_2911012))=k1_tarski(_2911012),[-r2_hidden(_2911012,_2911006)],n),ext(_2910954=k1_tarski(_2910960),[r2_hidden(_2910970,_2910954),- (_2910970=_2910960)],n),ext(_2910908=k1_tarski(_2910914),[-r2_hidden(_2910928,_2910908),_2910928=_2910914],n),ext(_2910862=_2910864,[_2910874=k1_tarski(_2910864),-r2_hidden(_2910862,_2910874)],n),ext(_2910824=_2910826,[- (k1_tarski(_2910824)=k1_tarski(_2910826))],n),ext(_2910770=_2910772,[- (k3_xboole_0(_2910770,_2910794)=k3_xboole_0(_2910772,_2910800)),_2910794=_2910800],n),ext(_2910716=_2910718,[- (k3_xboole_0(_2910738,_2910716)=k3_xboole_0(_2910744,_2910718)),_2910738=_2910744],n),ext(_2910662=_2910664,[-r2_hidden(_2910664,_2910680),r2_hidden(_2910662,_2910692),_2910692=_2910680],n),ext(_2910608=_2910610,[-r2_hidden(_2910624,_2910610),r2_hidden(_2910636,_2910608),_2910636=_2910624],n),ext(_2910578=_2910580,[- (_2910580=_2910578)],n),ext(_2910536=_2910538,[- (_2910536=_2910554),_2910538=_2910554],n),ext(_2910494=_2910496,[- (_2910510=_2910496),_2910510=_2910494],n),para([0,0,1],k3_xboole_0(k1_tarski(2^[]),k1_tarski(3^[])),k1_tarski(2^[]),[#],r2l),para([0,1],k3_xboole_0(k1_tarski(2^[]),k1_tarski(3^[])),k1_tarski(2^[]),[#],r2l),para([0,0],k3_xboole_0(_2911096,_2911098),k3_xboole_0(_2911098,_2911096),[],l2r),para([0,0],k3_xboole_0(_2911060,_2911062),k3_xboole_0(_2911062,_2911060),[],r2l)],[],[para([- (k3_xboole_0(k1_tarski(2^[]),k1_tarski(3^[]))=k1_tarski(2^[])),[0,0],k3_xboole_0(_2910430,_2910432),k3_xboole_0(_2910432,_2910430),[],l2r]-[- (k3_xboole_0(k1_tarski(2^[]),k1_tarski(3^[]))=k1_tarski(2^[])),[0,0],k3_xboole_0(k1_tarski(2^[]),k1_tarski(3^[])),k3_xboole_0(k1_tarski(3^[]),k1_tarski(2^[])),[],l2r]),ext([- #,[#,- (k3_xboole_0(k1_tarski(2^[]),k1_tarski(3^[]))=k1_tarski(2^[]))]]-[- #,[#,- (k3_xboole_0(k1_tarski(2^[]),k1_tarski(3^[]))=k1_tarski(2^[]))]]),init(-# - -#)],0)state([- (k3_xboole_0(k1_tarski(2^[]),k1_tarski(3^[]))=k1_tarski(2^[]))],[- #],[],[ext(_1876=k1_tarski(_1882),[r2_hidden(_1892,_1876),- (_1892=_1882)],n),ext(_1830=k1_tarski(_1836),[-r2_hidden(_1850,_1830),_1850=_1836],n),ext(_1784=_1786,[_1796=k1_tarski(_1786),-r2_hidden(_1784,_1796)],n),ext(_1746=_1748,[- (k1_tarski(_1746)=k1_tarski(_1748))],n),ext(_1692=_1694,[- (k3_xboole_0(_1692,_1716)=k3_xboole_0(_1694,_1722)),_1716=_1722],n),ext(_1638=_1640,[- (k3_xboole_0(_1660,_1638)=k3_xboole_0(_1666,_1640)),_1660=_1666],n),ext(_1584=_1586,[-r2_hidden(_1586,_1602),r2_hidden(_1584,_1614),_1614=_1602],n),ext(_1530=_1532,[-r2_hidden(_1546,_1532),r2_hidden(_1558,_1530),_1558=_1546],n),ext(_1500=_1502,[- (_1502=_1500)],n),ext(_1458=_1460,[- (_1458=_1476),_1460=_1476],n),ext(_1416=_1418,[- (_1432=_1418),_1432=_1416],n),para([0,0],k3_xboole_0(k1_tarski(2^[]),k1_tarski(3^[])),k1_tarski(2^[]),[#],l2r),para([0,0,0],k3_xboole_0(k1_tarski(2^[]),k1_tarski(3^[])),k1_tarski(2^[]),[#],r2l),para([0,1],k3_xboole_0(k1_tarski(2^[]),k1_tarski(3^[])),k1_tarski(2^[]),[#],r2l),para([0,0],k3_xboole_0(_1974,_1976),k3_xboole_0(_1976,_1974),[],l2r),para([0,0],k3_xboole_0(_1938,_1940),k3_xboole_0(_1940,_1938),[],r2l)],[],[ext([- #,[#,- (k3_xboole_0(k1_tarski(2^[]),k1_tarski(3^[]))=k1_tarski(2^[]))]]-[- #,[#,- (k3_xboole_0(k1_tarski(2^[]),k1_tarski(3^[]))=k1_tarski(2^[]))]]),init(-# - -#)],0)state([- #],[],[],[ext(#,[- (k3_xboole_0(k1_tarski(2^[]),k1_tarski(3^[]))=k1_tarski(2^[]))],g),ext(#,[2^[]=3^[]],g)],[],[init(-# - -#)],0)Value data saved
state([- (2^[]=3^[])],[-r2_hidden(2^[],k1_tarski(3^[])),- (k3_xboole_0(k1_tarski(3^[]),k1_tarski(2^[]))=k1_tarski(2^[])),- (k3_xboole_0(k1_tarski(2^[]),k1_tarski(3^[]))=k1_tarski(2^[])),- #],[k1_tarski(3^[])=k1_tarski(3^[])],[ext(2^[]=3^[],[#],g),ext(_3885650=_3885652,[_3885662=k1_tarski(_3885652),-r2_hidden(_3885650,_3885662)],n),ext(_3885612=_3885614,[- (k1_tarski(_3885612)=k1_tarski(_3885614))],n),ext(_3885558=_3885560,[- (k3_xboole_0(_3885558,_3885582)=k3_xboole_0(_3885560,_3885588)),_3885582=_3885588],n),ext(_3885504=_3885506,[- (k3_xboole_0(_3885526,_3885504)=k3_xboole_0(_3885532,_3885506)),_3885526=_3885532],n),ext(_3885450=_3885452,[-r2_hidden(_3885452,_3885468),r2_hidden(_3885450,_3885480),_3885480=_3885468],n),ext(_3885396=_3885398,[-r2_hidden(_3885412,_3885398),r2_hidden(_3885424,_3885396),_3885424=_3885412],n),ext(_3885366=_3885368,[- (_3885368=_3885366)],n),ext(_3885324=_3885326,[- (_3885324=_3885342),_3885326=_3885342],n),ext(_3885282=_3885284,[- (_3885298=_3885284),_3885298=_3885282],n)],[],[ext([k1_tarski(3^[])=k1_tarski(_3885226),[- (_3885246=_3885246)]]-[k1_tarski(3^[])=k1_tarski(3^[]),[- (k1_tarski(3^[])=k1_tarski(3^[]))]]),ext([-r2_hidden(2^[],k1_tarski(3^[])),[r2_hidden(_3885002,_3885004),_3885004=k1_tarski(_3885020),- (_3885002=_3885020)]]-[-r2_hidden(2^[],k1_tarski(3^[])),[r2_hidden(2^[],k1_tarski(3^[])),k1_tarski(3^[])=k1_tarski(3^[]),- (2^[]=3^[])]]),ext([- (k3_xboole_0(k1_tarski(3^[]),k1_tarski(2^[]))=k1_tarski(2^[])),[k3_xboole_0(_3885098,k1_tarski(_3885104))=k1_tarski(_3885104),-r2_hidden(_3885104,_3885098)]]-[- (k3_xboole_0(k1_tarski(3^[]),k1_tarski(2^[]))=k1_tarski(2^[])),[k3_xboole_0(k1_tarski(3^[]),k1_tarski(2^[]))=k1_tarski(2^[]),-r2_hidden(2^[],k1_tarski(3^[]))]]),para([- (k3_xboole_0(k1_tarski(2^[]),k1_tarski(3^[]))=k1_tarski(2^[])),[0,0],k3_xboole_0(_3885162,_3885164),k3_xboole_0(_3885164,_3885162),[],l2r]-[- (k3_xboole_0(k1_tarski(2^[]),k1_tarski(3^[]))=k1_tarski(2^[])),[0,0],k3_xboole_0(k1_tarski(2^[]),k1_tarski(3^[])),k3_xboole_0(k1_tarski(3^[]),k1_tarski(2^[])),[],l2r]),ext([- #,[#,- (k3_xboole_0(k1_tarski(2^[]),k1_tarski(3^[]))=k1_tarski(2^[]))]]-[- #,[#,- (k3_xboole_0(k1_tarski(2^[]),k1_tarski(3^[]))=k1_tarski(2^[]))]]),init(-# - -#)],0)state([k1_tarski(3^[])=k1_tarski(_2911940),- (2^[]=_2911940)],[-r2_hidden(2^[],k1_tarski(3^[])),- (k3_xboole_0(k1_tarski(3^[]),k1_tarski(2^[]))=k1_tarski(2^[])),- (k3_xboole_0(k1_tarski(2^[]),k1_tarski(3^[]))=k1_tarski(2^[])),- #],[],[ext(- (_2912506=_2912508),[_2912518=k1_tarski(_2912508),r2_hidden(_2912506,_2912518)],n),ext(- (_2912424=k1_tarski(_2912430)),[r2_hidden(1^[_2912424,_2912430],_2912424),1^[_2912424,_2912430]=_2912430],n),ext(- (_2912334=k1_tarski(_2912340)),[-r2_hidden(1^[_2912334,_2912340],_2912334),- (1^[_2912334,_2912340]=_2912340)],n),ext(- (k1_tarski(_2912302)=k1_tarski(_2912306)),[_2912302=_2912306],n),ext(- (_2912278=_2912278),[],n),ext(- (_2912248=_2912250),[_2912250=_2912248],n),ext(- (_2912206=_2912208),[_2912206=_2912220,_2912220=_2912208],n),para([1],k3_xboole_0(k1_tarski(2^[]),k1_tarski(3^[])),k1_tarski(2^[]),[#],r2l),para([1,0],1^[_2912570,_2912544],_2912544,[- (_2912570=k1_tarski(_2912544)),-r2_hidden(1^[_2912570,_2912544],_2912570)],l2r)],[],[ext([-r2_hidden(2^[],k1_tarski(3^[])),[r2_hidden(_2912134,_2912136),_2912136=k1_tarski(_2912152),- (_2912134=_2912152)]]-[-r2_hidden(2^[],k1_tarski(3^[])),[r2_hidden(2^[],k1_tarski(3^[])),k1_tarski(3^[])=k1_tarski(_2911940),- (2^[]=_2911940)]]),ext([- (k3_xboole_0(k1_tarski(3^[]),k1_tarski(2^[]))=k1_tarski(2^[])),[k3_xboole_0(_2912000,k1_tarski(_2912006))=k1_tarski(_2912006),-r2_hidden(_2912006,_2912000)]]-[- (k3_xboole_0(k1_tarski(3^[]),k1_tarski(2^[]))=k1_tarski(2^[])),[k3_xboole_0(k1_tarski(3^[]),k1_tarski(2^[]))=k1_tarski(2^[]),-r2_hidden(2^[],k1_tarski(3^[]))]]),para([- (k3_xboole_0(k1_tarski(2^[]),k1_tarski(3^[]))=k1_tarski(2^[])),[0,0],k3_xboole_0(_2912064,_2912066),k3_xboole_0(_2912066,_2912064),[],l2r]-[- (k3_xboole_0(k1_tarski(2^[]),k1_tarski(3^[]))=k1_tarski(2^[])),[0,0],k3_xboole_0(k1_tarski(2^[]),k1_tarski(3^[])),k3_xboole_0(k1_tarski(3^[]),k1_tarski(2^[])),[],l2r]),ext([- #,[#,- (k3_xboole_0(k1_tarski(2^[]),k1_tarski(3^[]))=k1_tarski(2^[]))]]-[- #,[#,- (k3_xboole_0(k1_tarski(2^[]),k1_tarski(3^[]))=k1_tarski(2^[]))]]),init(-# - -#)],0)state([k1_tarski(3^[])=k1_tarski(_2911940),- (2^[]=_2911940)],[-r2_hidden(2^[],k1_tarski(3^[])),- (k3_xboole_0(k1_tarski(3^[]),k1_tarski(2^[]))=k1_tarski(2^[])),- (k3_xboole_0(k1_tarski(2^[]),k1_tarski(3^[]))=k1_tarski(2^[])),- #],[],[ext(- (_2912506=_2912508),[_2912518=k1_tarski(_2912508),r2_hidden(_2912506,_2912518)],n),ext(- (_2912424=k1_tarski(_2912430)),[r2_hidden(1^[_2912424,_2912430],_2912424),1^[_2912424,_2912430]=_2912430],n),ext(- (_2912334=k1_tarski(_2912340)),[-r2_hidden(1^[_2912334,_2912340],_2912334),- (1^[_2912334,_2912340]=_2912340)],n),ext(- (k1_tarski(_2912302)=k1_tarski(_2912306)),[_2912302=_2912306],n),ext(- (_2912278=_2912278),[],n),ext(- (_2912248=_2912250),[_2912250=_2912248],n),ext(- (_2912206=_2912208),[_2912206=_2912220,_2912220=_2912208],n),para([1],k3_xboole_0(k1_tarski(2^[]),k1_tarski(3^[])),k1_tarski(2^[]),[#],r2l),para([1,0],1^[_2912570,_2912544],_2912544,[- (_2912570=k1_tarski(_2912544)),-r2_hidden(1^[_2912570,_2912544],_2912570)],l2r)],[],[ext([-r2_hidden(2^[],k1_tarski(3^[])),[r2_hidden(_2912134,_2912136),_2912136=k1_tarski(_2912152),- (_2912134=_2912152)]]-[-r2_hidden(2^[],k1_tarski(3^[])),[r2_hidden(2^[],k1_tarski(3^[])),k1_tarski(3^[])=k1_tarski(_2911940),- (2^[]=_2911940)]]),ext([- (k3_xboole_0(k1_tarski(3^[]),k1_tarski(2^[]))=k1_tarski(2^[])),[k3_xboole_0(_2912000,k1_tarski(_2912006))=k1_tarski(_2912006),-r2_hidden(_2912006,_2912000)]]-[- (k3_xboole_0(k1_tarski(3^[]),k1_tarski(2^[]))=k1_tarski(2^[])),[k3_xboole_0(k1_tarski(3^[]),k1_tarski(2^[]))=k1_tarski(2^[]),-r2_hidden(2^[],k1_tarski(3^[]))]]),para([- (k3_xboole_0(k1_tarski(2^[]),k1_tarski(3^[]))=k1_tarski(2^[])),[0,0],k3_xboole_0(_2912064,_2912066),k3_xboole_0(_2912066,_2912064),[],l2r]-[- (k3_xboole_0(k1_tarski(2^[]),k1_tarski(3^[]))=k1_tarski(2^[])),[0,0],k3_xboole_0(k1_tarski(2^[]),k1_tarski(3^[])),k3_xboole_0(k1_tarski(3^[]),k1_tarski(2^[])),[],l2r]),ext([- #,[#,- (k3_xboole_0(k1_tarski(2^[]),k1_tarski(3^[]))=k1_tarski(2^[]))]]-[- #,[#,- (k3_xboole_0(k1_tarski(2^[]),k1_tarski(3^[]))=k1_tarski(2^[]))]]),init(-# - -#)],0)state([k1_tarski(3^[])=k1_tarski(_2911940),- (2^[]=_2911940)],[-r2_hidden(2^[],k1_tarski(3^[])),- (k3_xboole_0(k1_tarski(3^[]),k1_tarski(2^[]))=k1_tarski(2^[])),- (k3_xboole_0(k1_tarski(2^[]),k1_tarski(3^[]))=k1_tarski(2^[])),- #],[],[ext(- (_2912506=_2912508),[_2912518=k1_tarski(_2912508),r2_hidden(_2912506,_2912518)],n),ext(- (_2912424=k1_tarski(_2912430)),[r2_hidden(1^[_2912424,_2912430],_2912424),1^[_2912424,_2912430]=_2912430],n),ext(- (_2912334=k1_tarski(_2912340)),[-r2_hidden(1^[_2912334,_2912340],_2912334),- (1^[_2912334,_2912340]=_2912340)],n),ext(- (k1_tarski(_2912302)=k1_tarski(_2912306)),[_2912302=_2912306],n),ext(- (_2912278=_2912278),[],n),ext(- (_2912248=_2912250),[_2912250=_2912248],n),ext(- (_2912206=_2912208),[_2912206=_2912220,_2912220=_2912208],n),para([1],k3_xboole_0(k1_tarski(2^[]),k1_tarski(3^[])),k1_tarski(2^[]),[#],r2l),para([1,0],1^[_2912570,_2912544],_2912544,[- (_2912570=k1_tarski(_2912544)),-r2_hidden(1^[_2912570,_2912544],_2912570)],l2r)],[],[ext([-r2_hidden(2^[],k1_tarski(3^[])),[r2_hidden(_2912134,_2912136),_2912136=k1_tarski(_2912152),- (_2912134=_2912152)]]-[-r2_hidden(2^[],k1_tarski(3^[])),[r2_hidden(2^[],k1_tarski(3^[])),k1_tarski(3^[])=k1_tarski(_2911940),- (2^[]=_2911940)]]),ext([- (k3_xboole_0(k1_tarski(3^[]),k1_tarski(2^[]))=k1_tarski(2^[])),[k3_xboole_0(_2912000,k1_tarski(_2912006))=k1_tarski(_2912006),-r2_hidden(_2912006,_2912000)]]-[- (k3_xboole_0(k1_tarski(3^[]),k1_tarski(2^[]))=k1_tarski(2^[])),[k3_xboole_0(k1_tarski(3^[]),k1_tarski(2^[]))=k1_tarski(2^[]),-r2_hidden(2^[],k1_tarski(3^[]))]]),para([- (k3_xboole_0(k1_tarski(2^[]),k1_tarski(3^[]))=k1_tarski(2^[])),[0,0],k3_xboole_0(_2912064,_2912066),k3_xboole_0(_2912066,_2912064),[],l2r]-[- (k3_xboole_0(k1_tarski(2^[]),k1_tarski(3^[]))=k1_tarski(2^[])),[0,0],k3_xboole_0(k1_tarski(2^[]),k1_tarski(3^[])),k3_xboole_0(k1_tarski(3^[]),k1_tarski(2^[])),[],l2r]),ext([- #,[#,- (k3_xboole_0(k1_tarski(2^[]),k1_tarski(3^[]))=k1_tarski(2^[]))]]-[- #,[#,- (k3_xboole_0(k1_tarski(2^[]),k1_tarski(3^[]))=k1_tarski(2^[]))]]),init(-# - -#)],0)state([k1_tarski(3^[])=k1_tarski(_2911940),- (2^[]=_2911940)],[-r2_hidden(2^[],k1_tarski(3^[])),- (k3_xboole_0(k1_tarski(3^[]),k1_tarski(2^[]))=k1_tarski(2^[])),- (k3_xboole_0(k1_tarski(2^[]),k1_tarski(3^[]))=k1_tarski(2^[])),- #],[],[ext(- (_2912506=_2912508),[_2912518=k1_tarski(_2912508),r2_hidden(_2912506,_2912518)],n),ext(- (_2912424=k1_tarski(_2912430)),[r2_hidden(1^[_2912424,_2912430],_2912424),1^[_2912424,_2912430]=_2912430],n),ext(- (_2912334=k1_tarski(_2912340)),[-r2_hidden(1^[_2912334,_2912340],_2912334),- (1^[_2912334,_2912340]=_2912340)],n),ext(- (k1_tarski(_2912302)=k1_tarski(_2912306)),[_2912302=_2912306],n),ext(- (_2912278=_2912278),[],n),ext(- (_2912248=_2912250),[_2912250=_2912248],n),ext(- (_2912206=_2912208),[_2912206=_2912220,_2912220=_2912208],n),para([1],k3_xboole_0(k1_tarski(2^[]),k1_tarski(3^[])),k1_tarski(2^[]),[#],r2l),para([1,0],1^[_2912570,_2912544],_2912544,[- (_2912570=k1_tarski(_2912544)),-r2_hidden(1^[_2912570,_2912544],_2912570)],l2r)],[],[ext([-r2_hidden(2^[],k1_tarski(3^[])),[r2_hidden(_2912134,_2912136),_2912136=k1_tarski(_2912152),- (_2912134=_2912152)]]-[-r2_hidden(2^[],k1_tarski(3^[])),[r2_hidden(2^[],k1_tarski(3^[])),k1_tarski(3^[])=k1_tarski(_2911940),- (2^[]=_2911940)]]),ext([- (k3_xboole_0(k1_tarski(3^[]),k1_tarski(2^[]))=k1_tarski(2^[])),[k3_xboole_0(_2912000,k1_tarski(_2912006))=k1_tarski(_2912006),-r2_hidden(_2912006,_2912000)]]-[- (k3_xboole_0(k1_tarski(3^[]),k1_tarski(2^[]))=k1_tarski(2^[])),[k3_xboole_0(k1_tarski(3^[]),k1_tarski(2^[]))=k1_tarski(2^[]),-r2_hidden(2^[],k1_tarski(3^[]))]]),para([- (k3_xboole_0(k1_tarski(2^[]),k1_tarski(3^[]))=k1_tarski(2^[])),[0,0],k3_xboole_0(_2912064,_2912066),k3_xboole_0(_2912066,_2912064),[],l2r]-[- (k3_xboole_0(k1_tarski(2^[]),k1_tarski(3^[]))=k1_tarski(2^[])),[0,0],k3_xboole_0(k1_tarski(2^[]),k1_tarski(3^[])),k3_xboole_0(k1_tarski(3^[]),k1_tarski(2^[])),[],l2r]),ext([- #,[#,- (k3_xboole_0(k1_tarski(2^[]),k1_tarski(3^[]))=k1_tarski(2^[]))]]-[- #,[#,- (k3_xboole_0(k1_tarski(2^[]),k1_tarski(3^[]))=k1_tarski(2^[]))]]),init(-# - -#)],0)state([k1_tarski(3^[])=k1_tarski(_2911940),- (2^[]=_2911940)],[-r2_hidden(2^[],k1_tarski(3^[])),- (k3_xboole_0(k1_tarski(3^[]),k1_tarski(2^[]))=k1_tarski(2^[])),- (k3_xboole_0(k1_tarski(2^[]),k1_tarski(3^[]))=k1_tarski(2^[])),- #],[],[ext(- (_2912506=_2912508),[_2912518=k1_tarski(_2912508),r2_hidden(_2912506,_2912518)],n),ext(- (_2912424=k1_tarski(_2912430)),[r2_hidden(1^[_2912424,_2912430],_2912424),1^[_2912424,_2912430]=_2912430],n),ext(- (_2912334=k1_tarski(_2912340)),[-r2_hidden(1^[_2912334,_2912340],_2912334),- (1^[_2912334,_2912340]=_2912340)],n),ext(- (k1_tarski(_2912302)=k1_tarski(_2912306)),[_2912302=_2912306],n),ext(- (_2912278=_2912278),[],n),ext(- (_2912248=_2912250),[_2912250=_2912248],n),ext(- (_2912206=_2912208),[_2912206=_2912220,_2912220=_2912208],n),para([1],k3_xboole_0(k1_tarski(2^[]),k1_tarski(3^[])),k1_tarski(2^[]),[#],r2l),para([1,0],1^[_2912570,_2912544],_2912544,[- (_2912570=k1_tarski(_2912544)),-r2_hidden(1^[_2912570,_2912544],_2912570)],l2r)],[],[ext([-r2_hidden(2^[],k1_tarski(3^[])),[r2_hidden(_2912134,_2912136),_2912136=k1_tarski(_2912152),- (_2912134=_2912152)]]-[-r2_hidden(2^[],k1_tarski(3^[])),[r2_hidden(2^[],k1_tarski(3^[])),k1_tarski(3^[])=k1_tarski(_2911940),- (2^[]=_2911940)]]),ext([- (k3_xboole_0(k1_tarski(3^[]),k1_tarski(2^[]))=k1_tarski(2^[])),[k3_xboole_0(_2912000,k1_tarski(_2912006))=k1_tarski(_2912006),-r2_hidden(_2912006,_2912000)]]-[- (k3_xboole_0(k1_tarski(3^[]),k1_tarski(2^[]))=k1_tarski(2^[])),[k3_xboole_0(k1_tarski(3^[]),k1_tarski(2^[]))=k1_tarski(2^[]),-r2_hidden(2^[],k1_tarski(3^[]))]]),para([- (k3_xboole_0(k1_tarski(2^[]),k1_tarski(3^[]))=k1_tarski(2^[])),[0,0],k3_xboole_0(_2912064,_2912066),k3_xboole_0(_2912066,_2912064),[],l2r]-[- (k3_xboole_0(k1_tarski(2^[]),k1_tarski(3^[]))=k1_tarski(2^[])),[0,0],k3_xboole_0(k1_tarski(2^[]),k1_tarski(3^[])),k3_xboole_0(k1_tarski(3^[]),k1_tarski(2^[])),[],l2r]),ext([- #,[#,- (k3_xboole_0(k1_tarski(2^[]),k1_tarski(3^[]))=k1_tarski(2^[]))]]-[- #,[#,- (k3_xboole_0(k1_tarski(2^[]),k1_tarski(3^[]))=k1_tarski(2^[]))]]),init(-# - -#)],0)state([-r2_hidden(2^[],k1_tarski(3^[]))],[- (k3_xboole_0(k1_tarski(3^[]),k1_tarski(2^[]))=k1_tarski(2^[])),- (k3_xboole_0(k1_tarski(2^[]),k1_tarski(3^[]))=k1_tarski(2^[])),- #],[],[ext(r2_hidden(_2911822,_2911824),[_2911824=k1_tarski(_2911840),- (_2911822=_2911840)],n),ext(r2_hidden(_2911768,_2911770),[-r2_hidden(_2911784,_2911786),_2911768=_2911784,_2911770=_2911786],n)],[],[ext([- (k3_xboole_0(k1_tarski(3^[]),k1_tarski(2^[]))=k1_tarski(2^[])),[k3_xboole_0(_2911708,k1_tarski(_2911714))=k1_tarski(_2911714),-r2_hidden(_2911714,_2911708)]]-[- (k3_xboole_0(k1_tarski(3^[]),k1_tarski(2^[]))=k1_tarski(2^[])),[k3_xboole_0(k1_tarski(3^[]),k1_tarski(2^[]))=k1_tarski(2^[]),-r2_hidden(2^[],k1_tarski(3^[]))]]),para([- (k3_xboole_0(k1_tarski(2^[]),k1_tarski(3^[]))=k1_tarski(2^[])),[0,0],k3_xboole_0(_2911632,_2911634),k3_xboole_0(_2911634,_2911632),[],l2r]-[- (k3_xboole_0(k1_tarski(2^[]),k1_tarski(3^[]))=k1_tarski(2^[])),[0,0],k3_xboole_0(k1_tarski(2^[]),k1_tarski(3^[])),k3_xboole_0(k1_tarski(3^[]),k1_tarski(2^[])),[],l2r]),ext([- #,[#,- (k3_xboole_0(k1_tarski(2^[]),k1_tarski(3^[]))=k1_tarski(2^[]))]]-[- #,[#,- (k3_xboole_0(k1_tarski(2^[]),k1_tarski(3^[]))=k1_tarski(2^[]))]]),init(-# - -#)],0)state([-r2_hidden(2^[],k1_tarski(3^[]))],[- (k3_xboole_0(k1_tarski(3^[]),k1_tarski(2^[]))=k1_tarski(2^[])),- (k3_xboole_0(k1_tarski(2^[]),k1_tarski(3^[]))=k1_tarski(2^[])),- #],[],[ext(r2_hidden(_2911822,_2911824),[_2911824=k1_tarski(_2911840),- (_2911822=_2911840)],n),ext(r2_hidden(_2911768,_2911770),[-r2_hidden(_2911784,_2911786),_2911768=_2911784,_2911770=_2911786],n)],[],[ext([- (k3_xboole_0(k1_tarski(3^[]),k1_tarski(2^[]))=k1_tarski(2^[])),[k3_xboole_0(_2911708,k1_tarski(_2911714))=k1_tarski(_2911714),-r2_hidden(_2911714,_2911708)]]-[- (k3_xboole_0(k1_tarski(3^[]),k1_tarski(2^[]))=k1_tarski(2^[])),[k3_xboole_0(k1_tarski(3^[]),k1_tarski(2^[]))=k1_tarski(2^[]),-r2_hidden(2^[],k1_tarski(3^[]))]]),para([- (k3_xboole_0(k1_tarski(2^[]),k1_tarski(3^[]))=k1_tarski(2^[])),[0,0],k3_xboole_0(_2911632,_2911634),k3_xboole_0(_2911634,_2911632),[],l2r]-[- (k3_xboole_0(k1_tarski(2^[]),k1_tarski(3^[]))=k1_tarski(2^[])),[0,0],k3_xboole_0(k1_tarski(2^[]),k1_tarski(3^[])),k3_xboole_0(k1_tarski(3^[]),k1_tarski(2^[])),[],l2r]),ext([- #,[#,- (k3_xboole_0(k1_tarski(2^[]),k1_tarski(3^[]))=k1_tarski(2^[]))]]-[- #,[#,- (k3_xboole_0(k1_tarski(2^[]),k1_tarski(3^[]))=k1_tarski(2^[]))]]),init(-# - -#)],0)state([- (k3_xboole_0(k1_tarski(3^[]),k1_tarski(2^[]))=k1_tarski(2^[]))],[- (k3_xboole_0(k1_tarski(2^[]),k1_tarski(3^[]))=k1_tarski(2^[])),- #],[],[ext(k3_xboole_0(_2911006,k1_tarski(_2911012))=k1_tarski(_2911012),[-r2_hidden(_2911012,_2911006)],n),ext(_2910954=k1_tarski(_2910960),[r2_hidden(_2910970,_2910954),- (_2910970=_2910960)],n),ext(_2910908=k1_tarski(_2910914),[-r2_hidden(_2910928,_2910908),_2910928=_2910914],n),ext(_2910862=_2910864,[_2910874=k1_tarski(_2910864),-r2_hidden(_2910862,_2910874)],n),ext(_2910824=_2910826,[- (k1_tarski(_2910824)=k1_tarski(_2910826))],n),ext(_2910770=_2910772,[- (k3_xboole_0(_2910770,_2910794)=k3_xboole_0(_2910772,_2910800)),_2910794=_2910800],n),ext(_2910716=_2910718,[- (k3_xboole_0(_2910738,_2910716)=k3_xboole_0(_2910744,_2910718)),_2910738=_2910744],n),ext(_2910662=_2910664,[-r2_hidden(_2910664,_2910680),r2_hidden(_2910662,_2910692),_2910692=_2910680],n),ext(_2910608=_2910610,[-r2_hidden(_2910624,_2910610),r2_hidden(_2910636,_2910608),_2910636=_2910624],n),ext(_2910578=_2910580,[- (_2910580=_2910578)],n),ext(_2910536=_2910538,[- (_2910536=_2910554),_2910538=_2910554],n),ext(_2910494=_2910496,[- (_2910510=_2910496),_2910510=_2910494],n),para([0,0,1],k3_xboole_0(k1_tarski(2^[]),k1_tarski(3^[])),k1_tarski(2^[]),[#],r2l),para([0,1],k3_xboole_0(k1_tarski(2^[]),k1_tarski(3^[])),k1_tarski(2^[]),[#],r2l),para([0,0],k3_xboole_0(_2911096,_2911098),k3_xboole_0(_2911098,_2911096),[],l2r),para([0,0],k3_xboole_0(_2911060,_2911062),k3_xboole_0(_2911062,_2911060),[],r2l)],[],[para([- (k3_xboole_0(k1_tarski(2^[]),k1_tarski(3^[]))=k1_tarski(2^[])),[0,0],k3_xboole_0(_2910430,_2910432),k3_xboole_0(_2910432,_2910430),[],l2r]-[- (k3_xboole_0(k1_tarski(2^[]),k1_tarski(3^[]))=k1_tarski(2^[])),[0,0],k3_xboole_0(k1_tarski(2^[]),k1_tarski(3^[])),k3_xboole_0(k1_tarski(3^[]),k1_tarski(2^[])),[],l2r]),ext([- #,[#,- (k3_xboole_0(k1_tarski(2^[]),k1_tarski(3^[]))=k1_tarski(2^[]))]]-[- #,[#,- (k3_xboole_0(k1_tarski(2^[]),k1_tarski(3^[]))=k1_tarski(2^[]))]]),init(-# - -#)],0)state([- (k3_xboole_0(k1_tarski(2^[]),k1_tarski(3^[]))=k1_tarski(2^[]))],[- #],[],[ext(_1876=k1_tarski(_1882),[r2_hidden(_1892,_1876),- (_1892=_1882)],n),ext(_1830=k1_tarski(_1836),[-r2_hidden(_1850,_1830),_1850=_1836],n),ext(_1784=_1786,[_1796=k1_tarski(_1786),-r2_hidden(_1784,_1796)],n),ext(_1746=_1748,[- (k1_tarski(_1746)=k1_tarski(_1748))],n),ext(_1692=_1694,[- (k3_xboole_0(_1692,_1716)=k3_xboole_0(_1694,_1722)),_1716=_1722],n),ext(_1638=_1640,[- (k3_xboole_0(_1660,_1638)=k3_xboole_0(_1666,_1640)),_1660=_1666],n),ext(_1584=_1586,[-r2_hidden(_1586,_1602),r2_hidden(_1584,_1614),_1614=_1602],n),ext(_1530=_1532,[-r2_hidden(_1546,_1532),r2_hidden(_1558,_1530),_1558=_1546],n),ext(_1500=_1502,[- (_1502=_1500)],n),ext(_1458=_1460,[- (_1458=_1476),_1460=_1476],n),ext(_1416=_1418,[- (_1432=_1418),_1432=_1416],n),para([0,0],k3_xboole_0(k1_tarski(2^[]),k1_tarski(3^[])),k1_tarski(2^[]),[#],l2r),para([0,0,0],k3_xboole_0(k1_tarski(2^[]),k1_tarski(3^[])),k1_tarski(2^[]),[#],r2l),para([0,1],k3_xboole_0(k1_tarski(2^[]),k1_tarski(3^[])),k1_tarski(2^[]),[#],r2l),para([0,0],k3_xboole_0(_1974,_1976),k3_xboole_0(_1976,_1974),[],l2r),para([0,0],k3_xboole_0(_1938,_1940),k3_xboole_0(_1940,_1938),[],r2l)],[],[ext([- #,[#,- (k3_xboole_0(k1_tarski(2^[]),k1_tarski(3^[]))=k1_tarski(2^[]))]]-[- #,[#,- (k3_xboole_0(k1_tarski(2^[]),k1_tarski(3^[]))=k1_tarski(2^[]))]]),init(-# - -#)],0)state([- (k3_xboole_0(k1_tarski(2^[]),k1_tarski(3^[]))=k1_tarski(2^[]))],[- #],[],[ext(_1876=k1_tarski(_1882),[r2_hidden(_1892,_1876),- (_1892=_1882)],n),ext(_1830=k1_tarski(_1836),[-r2_hidden(_1850,_1830),_1850=_1836],n),ext(_1784=_1786,[_1796=k1_tarski(_1786),-r2_hidden(_1784,_1796)],n),ext(_1746=_1748,[- (k1_tarski(_1746)=k1_tarski(_1748))],n),ext(_1692=_1694,[- (k3_xboole_0(_1692,_1716)=k3_xboole_0(_1694,_1722)),_1716=_1722],n),ext(_1638=_1640,[- (k3_xboole_0(_1660,_1638)=k3_xboole_0(_1666,_1640)),_1660=_1666],n),ext(_1584=_1586,[-r2_hidden(_1586,_1602),r2_hidden(_1584,_1614),_1614=_1602],n),ext(_1530=_1532,[-r2_hidden(_1546,_1532),r2_hidden(_1558,_1530),_1558=_1546],n),ext(_1500=_1502,[- (_1502=_1500)],n),ext(_1458=_1460,[- (_1458=_1476),_1460=_1476],n),ext(_1416=_1418,[- (_1432=_1418),_1432=_1416],n),para([0,0],k3_xboole_0(k1_tarski(2^[]),k1_tarski(3^[])),k1_tarski(2^[]),[#],l2r),para([0,0,0],k3_xboole_0(k1_tarski(2^[]),k1_tarski(3^[])),k1_tarski(2^[]),[#],r2l),para([0,1],k3_xboole_0(k1_tarski(2^[]),k1_tarski(3^[])),k1_tarski(2^[]),[#],r2l),para([0,0],k3_xboole_0(_1974,_1976),k3_xboole_0(_1976,_1974),[],l2r),para([0,0],k3_xboole_0(_1938,_1940),k3_xboole_0(_1940,_1938),[],r2l)],[],[ext([- #,[#,- (k3_xboole_0(k1_tarski(2^[]),k1_tarski(3^[]))=k1_tarski(2^[]))]]-[- #,[#,- (k3_xboole_0(k1_tarski(2^[]),k1_tarski(3^[]))=k1_tarski(2^[]))]]),init(-# - -#)],0)state([- (k3_xboole_0(k1_tarski(2^[]),k1_tarski(3^[]))=k1_tarski(2^[]))],[- #],[],[ext(_1876=k1_tarski(_1882),[r2_hidden(_1892,_1876),- (_1892=_1882)],n),ext(_1830=k1_tarski(_1836),[-r2_hidden(_1850,_1830),_1850=_1836],n),ext(_1784=_1786,[_1796=k1_tarski(_1786),-r2_hidden(_1784,_1796)],n),ext(_1746=_1748,[- (k1_tarski(_1746)=k1_tarski(_1748))],n),ext(_1692=_1694,[- (k3_xboole_0(_1692,_1716)=k3_xboole_0(_1694,_1722)),_1716=_1722],n),ext(_1638=_1640,[- (k3_xboole_0(_1660,_1638)=k3_xboole_0(_1666,_1640)),_1660=_1666],n),ext(_1584=_1586,[-r2_hidden(_1586,_1602),r2_hidden(_1584,_1614),_1614=_1602],n),ext(_1530=_1532,[-r2_hidden(_1546,_1532),r2_hidden(_1558,_1530),_1558=_1546],n),ext(_1500=_1502,[- (_1502=_1500)],n),ext(_1458=_1460,[- (_1458=_1476),_1460=_1476],n),ext(_1416=_1418,[- (_1432=_1418),_1432=_1416],n),para([0,0],k3_xboole_0(k1_tarski(2^[]),k1_tarski(3^[])),k1_tarski(2^[]),[#],l2r),para([0,0,0],k3_xboole_0(k1_tarski(2^[]),k1_tarski(3^[])),k1_tarski(2^[]),[#],r2l),para([0,1],k3_xboole_0(k1_tarski(2^[]),k1_tarski(3^[])),k1_tarski(2^[]),[#],r2l),para([0,0],k3_xboole_0(_1974,_1976),k3_xboole_0(_1976,_1974),[],l2r),para([0,0],k3_xboole_0(_1938,_1940),k3_xboole_0(_1940,_1938),[],r2l)],[],[ext([- #,[#,- (k3_xboole_0(k1_tarski(2^[]),k1_tarski(3^[]))=k1_tarski(2^[]))]]-[- #,[#,- (k3_xboole_0(k1_tarski(2^[]),k1_tarski(3^[]))=k1_tarski(2^[]))]]),init(-# - -#)],0)state([- (k3_xboole_0(k1_tarski(2^[]),k1_tarski(3^[]))=k1_tarski(2^[]))],[- #],[],[ext(_1876=k1_tarski(_1882),[r2_hidden(_1892,_1876),- (_1892=_1882)],n),ext(_1830=k1_tarski(_1836),[-r2_hidden(_1850,_1830),_1850=_1836],n),ext(_1784=_1786,[_1796=k1_tarski(_1786),-r2_hidden(_1784,_1796)],n),ext(_1746=_1748,[- (k1_tarski(_1746)=k1_tarski(_1748))],n),ext(_1692=_1694,[- (k3_xboole_0(_1692,_1716)=k3_xboole_0(_1694,_1722)),_1716=_1722],n),ext(_1638=_1640,[- (k3_xboole_0(_1660,_1638)=k3_xboole_0(_1666,_1640)),_1660=_1666],n),ext(_1584=_1586,[-r2_hidden(_1586,_1602),r2_hidden(_1584,_1614),_1614=_1602],n),ext(_1530=_1532,[-r2_hidden(_1546,_1532),r2_hidden(_1558,_1530),_1558=_1546],n),ext(_1500=_1502,[- (_1502=_1500)],n),ext(_1458=_1460,[- (_1458=_1476),_1460=_1476],n),ext(_1416=_1418,[- (_1432=_1418),_1432=_1416],n),para([0,0],k3_xboole_0(k1_tarski(2^[]),k1_tarski(3^[])),k1_tarski(2^[]),[#],l2r),para([0,0,0],k3_xboole_0(k1_tarski(2^[]),k1_tarski(3^[])),k1_tarski(2^[]),[#],r2l),para([0,1],k3_xboole_0(k1_tarski(2^[]),k1_tarski(3^[])),k1_tarski(2^[]),[#],r2l),para([0,0],k3_xboole_0(_1974,_1976),k3_xboole_0(_1976,_1974),[],l2r),para([0,0],k3_xboole_0(_1938,_1940),k3_xboole_0(_1940,_1938),[],r2l)],[],[ext([- #,[#,- (k3_xboole_0(k1_tarski(2^[]),k1_tarski(3^[]))=k1_tarski(2^[]))]]-[- #,[#,- (k3_xboole_0(k1_tarski(2^[]),k1_tarski(3^[]))=k1_tarski(2^[]))]]),init(-# - -#)],0)state([- (k3_xboole_0(k1_tarski(2^[]),k1_tarski(3^[]))=k1_tarski(2^[]))],[- #],[],[ext(_1876=k1_tarski(_1882),[r2_hidden(_1892,_1876),- (_1892=_1882)],n),ext(_1830=k1_tarski(_1836),[-r2_hidden(_1850,_1830),_1850=_1836],n),ext(_1784=_1786,[_1796=k1_tarski(_1786),-r2_hidden(_1784,_1796)],n),ext(_1746=_1748,[- (k1_tarski(_1746)=k1_tarski(_1748))],n),ext(_1692=_1694,[- (k3_xboole_0(_1692,_1716)=k3_xboole_0(_1694,_1722)),_1716=_1722],n),ext(_1638=_1640,[- (k3_xboole_0(_1660,_1638)=k3_xboole_0(_1666,_1640)),_1660=_1666],n),ext(_1584=_1586,[-r2_hidden(_1586,_1602),r2_hidden(_1584,_1614),_1614=_1602],n),ext(_1530=_1532,[-r2_hidden(_1546,_1532),r2_hidden(_1558,_1530),_1558=_1546],n),ext(_1500=_1502,[- (_1502=_1500)],n),ext(_1458=_1460,[- (_1458=_1476),_1460=_1476],n),ext(_1416=_1418,[- (_1432=_1418),_1432=_1416],n),para([0,0],k3_xboole_0(k1_tarski(2^[]),k1_tarski(3^[])),k1_tarski(2^[]),[#],l2r),para([0,0,0],k3_xboole_0(k1_tarski(2^[]),k1_tarski(3^[])),k1_tarski(2^[]),[#],r2l),para([0,1],k3_xboole_0(k1_tarski(2^[]),k1_tarski(3^[])),k1_tarski(2^[]),[#],r2l),para([0,0],k3_xboole_0(_1974,_1976),k3_xboole_0(_1976,_1974),[],l2r),para([0,0],k3_xboole_0(_1938,_1940),k3_xboole_0(_1940,_1938),[],r2l)],[],[ext([- #,[#,- (k3_xboole_0(k1_tarski(2^[]),k1_tarski(3^[]))=k1_tarski(2^[]))]]-[- #,[#,- (k3_xboole_0(k1_tarski(2^[]),k1_tarski(3^[]))=k1_tarski(2^[]))]]),init(-# - -#)],0)state([- (k3_xboole_0(k1_tarski(2^[]),k1_tarski(3^[]))=k1_tarski(2^[]))],[- #],[],[ext(_1876=k1_tarski(_1882),[r2_hidden(_1892,_1876),- (_1892=_1882)],n),ext(_1830=k1_tarski(_1836),[-r2_hidden(_1850,_1830),_1850=_1836],n),ext(_1784=_1786,[_1796=k1_tarski(_1786),-r2_hidden(_1784,_1796)],n),ext(_1746=_1748,[- (k1_tarski(_1746)=k1_tarski(_1748))],n),ext(_1692=_1694,[- (k3_xboole_0(_1692,_1716)=k3_xboole_0(_1694,_1722)),_1716=_1722],n),ext(_1638=_1640,[- (k3_xboole_0(_1660,_1638)=k3_xboole_0(_1666,_1640)),_1660=_1666],n),ext(_1584=_1586,[-r2_hidden(_1586,_1602),r2_hidden(_1584,_1614),_1614=_1602],n),ext(_1530=_1532,[-r2_hidden(_1546,_1532),r2_hidden(_1558,_1530),_1558=_1546],n),ext(_1500=_1502,[- (_1502=_1500)],n),ext(_1458=_1460,[- (_1458=_1476),_1460=_1476],n),ext(_1416=_1418,[- (_1432=_1418),_1432=_1416],n),para([0,0],k3_xboole_0(k1_tarski(2^[]),k1_tarski(3^[])),k1_tarski(2^[]),[#],l2r),para([0,0,0],k3_xboole_0(k1_tarski(2^[]),k1_tarski(3^[])),k1_tarski(2^[]),[#],r2l),para([0,1],k3_xboole_0(k1_tarski(2^[]),k1_tarski(3^[])),k1_tarski(2^[]),[#],r2l),para([0,0],k3_xboole_0(_1974,_1976),k3_xboole_0(_1976,_1974),[],l2r),para([0,0],k3_xboole_0(_1938,_1940),k3_xboole_0(_1940,_1938),[],r2l)],[],[ext([- #,[#,- (k3_xboole_0(k1_tarski(2^[]),k1_tarski(3^[]))=k1_tarski(2^[]))]]-[- #,[#,- (k3_xboole_0(k1_tarski(2^[]),k1_tarski(3^[]))=k1_tarski(2^[]))]]),init(-# - -#)],0)state([- (k3_xboole_0(k1_tarski(2^[]),k1_tarski(3^[]))=k1_tarski(2^[]))],[- #],[],[ext(_1876=k1_tarski(_1882),[r2_hidden(_1892,_1876),- (_1892=_1882)],n),ext(_1830=k1_tarski(_1836),[-r2_hidden(_1850,_1830),_1850=_1836],n),ext(_1784=_1786,[_1796=k1_tarski(_1786),-r2_hidden(_1784,_1796)],n),ext(_1746=_1748,[- (k1_tarski(_1746)=k1_tarski(_1748))],n),ext(_1692=_1694,[- (k3_xboole_0(_1692,_1716)=k3_xboole_0(_1694,_1722)),_1716=_1722],n),ext(_1638=_1640,[- (k3_xboole_0(_1660,_1638)=k3_xboole_0(_1666,_1640)),_1660=_1666],n),ext(_1584=_1586,[-r2_hidden(_1586,_1602),r2_hidden(_1584,_1614),_1614=_1602],n),ext(_1530=_1532,[-r2_hidden(_1546,_1532),r2_hidden(_1558,_1530),_1558=_1546],n),ext(_1500=_1502,[- (_1502=_1500)],n),ext(_1458=_1460,[- (_1458=_1476),_1460=_1476],n),ext(_1416=_1418,[- (_1432=_1418),_1432=_1416],n),para([0,0],k3_xboole_0(k1_tarski(2^[]),k1_tarski(3^[])),k1_tarski(2^[]),[#],l2r),para([0,0,0],k3_xboole_0(k1_tarski(2^[]),k1_tarski(3^[])),k1_tarski(2^[]),[#],r2l),para([0,1],k3_xboole_0(k1_tarski(2^[]),k1_tarski(3^[])),k1_tarski(2^[]),[#],r2l),para([0,0],k3_xboole_0(_1974,_1976),k3_xboole_0(_1976,_1974),[],l2r),para([0,0],k3_xboole_0(_1938,_1940),k3_xboole_0(_1940,_1938),[],r2l)],[],[ext([- #,[#,- (k3_xboole_0(k1_tarski(2^[]),k1_tarski(3^[]))=k1_tarski(2^[]))]]-[- #,[#,- (k3_xboole_0(k1_tarski(2^[]),k1_tarski(3^[]))=k1_tarski(2^[]))]]),init(-# - -#)],0)state([- (k3_xboole_0(k1_tarski(2^[]),k1_tarski(3^[]))=k1_tarski(2^[]))],[- #],[],[ext(_1876=k1_tarski(_1882),[r2_hidden(_1892,_1876),- (_1892=_1882)],n),ext(_1830=k1_tarski(_1836),[-r2_hidden(_1850,_1830),_1850=_1836],n),ext(_1784=_1786,[_1796=k1_tarski(_1786),-r2_hidden(_1784,_1796)],n),ext(_1746=_1748,[- (k1_tarski(_1746)=k1_tarski(_1748))],n),ext(_1692=_1694,[- (k3_xboole_0(_1692,_1716)=k3_xboole_0(_1694,_1722)),_1716=_1722],n),ext(_1638=_1640,[- (k3_xboole_0(_1660,_1638)=k3_xboole_0(_1666,_1640)),_1660=_1666],n),ext(_1584=_1586,[-r2_hidden(_1586,_1602),r2_hidden(_1584,_1614),_1614=_1602],n),ext(_1530=_1532,[-r2_hidden(_1546,_1532),r2_hidden(_1558,_1530),_1558=_1546],n),ext(_1500=_1502,[- (_1502=_1500)],n),ext(_1458=_1460,[- (_1458=_1476),_1460=_1476],n),ext(_1416=_1418,[- (_1432=_1418),_1432=_1416],n),para([0,0],k3_xboole_0(k1_tarski(2^[]),k1_tarski(3^[])),k1_tarski(2^[]),[#],l2r),para([0,0,0],k3_xboole_0(k1_tarski(2^[]),k1_tarski(3^[])),k1_tarski(2^[]),[#],r2l),para([0,1],k3_xboole_0(k1_tarski(2^[]),k1_tarski(3^[])),k1_tarski(2^[]),[#],r2l),para([0,0],k3_xboole_0(_1974,_1976),k3_xboole_0(_1976,_1974),[],l2r),para([0,0],k3_xboole_0(_1938,_1940),k3_xboole_0(_1940,_1938),[],r2l)],[],[ext([- #,[#,- (k3_xboole_0(k1_tarski(2^[]),k1_tarski(3^[]))=k1_tarski(2^[]))]]-[- #,[#,- (k3_xboole_0(k1_tarski(2^[]),k1_tarski(3^[]))=k1_tarski(2^[]))]]),init(-# - -#)],0)state([- (k3_xboole_0(k1_tarski(2^[]),k1_tarski(3^[]))=k1_tarski(2^[]))],[- #],[],[ext(_1876=k1_tarski(_1882),[r2_hidden(_1892,_1876),- (_1892=_1882)],n),ext(_1830=k1_tarski(_1836),[-r2_hidden(_1850,_1830),_1850=_1836],n),ext(_1784=_1786,[_1796=k1_tarski(_1786),-r2_hidden(_1784,_1796)],n),ext(_1746=_1748,[- (k1_tarski(_1746)=k1_tarski(_1748))],n),ext(_1692=_1694,[- (k3_xboole_0(_1692,_1716)=k3_xboole_0(_1694,_1722)),_1716=_1722],n),ext(_1638=_1640,[- (k3_xboole_0(_1660,_1638)=k3_xboole_0(_1666,_1640)),_1660=_1666],n),ext(_1584=_1586,[-r2_hidden(_1586,_1602),r2_hidden(_1584,_1614),_1614=_1602],n),ext(_1530=_1532,[-r2_hidden(_1546,_1532),r2_hidden(_1558,_1530),_1558=_1546],n),ext(_1500=_1502,[- (_1502=_1500)],n),ext(_1458=_1460,[- (_1458=_1476),_1460=_1476],n),ext(_1416=_1418,[- (_1432=_1418),_1432=_1416],n),para([0,0],k3_xboole_0(k1_tarski(2^[]),k1_tarski(3^[])),k1_tarski(2^[]),[#],l2r),para([0,0,0],k3_xboole_0(k1_tarski(2^[]),k1_tarski(3^[])),k1_tarski(2^[]),[#],r2l),para([0,1],k3_xboole_0(k1_tarski(2^[]),k1_tarski(3^[])),k1_tarski(2^[]),[#],r2l),para([0,0],k3_xboole_0(_1974,_1976),k3_xboole_0(_1976,_1974),[],l2r),para([0,0],k3_xboole_0(_1938,_1940),k3_xboole_0(_1940,_1938),[],r2l)],[],[ext([- #,[#,- (k3_xboole_0(k1_tarski(2^[]),k1_tarski(3^[]))=k1_tarski(2^[]))]]-[- #,[#,- (k3_xboole_0(k1_tarski(2^[]),k1_tarski(3^[]))=k1_tarski(2^[]))]]),init(-# - -#)],0)state([- (k3_xboole_0(k1_tarski(2^[]),k1_tarski(3^[]))=k1_tarski(2^[]))],[- #],[],[ext(_1876=k1_tarski(_1882),[r2_hidden(_1892,_1876),- (_1892=_1882)],n),ext(_1830=k1_tarski(_1836),[-r2_hidden(_1850,_1830),_1850=_1836],n),ext(_1784=_1786,[_1796=k1_tarski(_1786),-r2_hidden(_1784,_1796)],n),ext(_1746=_1748,[- (k1_tarski(_1746)=k1_tarski(_1748))],n),ext(_1692=_1694,[- (k3_xboole_0(_1692,_1716)=k3_xboole_0(_1694,_1722)),_1716=_1722],n),ext(_1638=_1640,[- (k3_xboole_0(_1660,_1638)=k3_xboole_0(_1666,_1640)),_1660=_1666],n),ext(_1584=_1586,[-r2_hidden(_1586,_1602),r2_hidden(_1584,_1614),_1614=_1602],n),ext(_1530=_1532,[-r2_hidden(_1546,_1532),r2_hidden(_1558,_1530),_1558=_1546],n),ext(_1500=_1502,[- (_1502=_1500)],n),ext(_1458=_1460,[- (_1458=_1476),_1460=_1476],n),ext(_1416=_1418,[- (_1432=_1418),_1432=_1416],n),para([0,0],k3_xboole_0(k1_tarski(2^[]),k1_tarski(3^[])),k1_tarski(2^[]),[#],l2r),para([0,0,0],k3_xboole_0(k1_tarski(2^[]),k1_tarski(3^[])),k1_tarski(2^[]),[#],r2l),para([0,1],k3_xboole_0(k1_tarski(2^[]),k1_tarski(3^[])),k1_tarski(2^[]),[#],r2l),para([0,0],k3_xboole_0(_1974,_1976),k3_xboole_0(_1976,_1974),[],l2r),para([0,0],k3_xboole_0(_1938,_1940),k3_xboole_0(_1940,_1938),[],r2l)],[],[ext([- #,[#,- (k3_xboole_0(k1_tarski(2^[]),k1_tarski(3^[]))=k1_tarski(2^[]))]]-[- #,[#,- (k3_xboole_0(k1_tarski(2^[]),k1_tarski(3^[]))=k1_tarski(2^[]))]]),init(-# - -#)],0)state([- (k3_xboole_0(k1_tarski(2^[]),k1_tarski(3^[]))=k1_tarski(2^[]))],[- #],[],[ext(_1876=k1_tarski(_1882),[r2_hidden(_1892,_1876),- (_1892=_1882)],n),ext(_1830=k1_tarski(_1836),[-r2_hidden(_1850,_1830),_1850=_1836],n),ext(_1784=_1786,[_1796=k1_tarski(_1786),-r2_hidden(_1784,_1796)],n),ext(_1746=_1748,[- (k1_tarski(_1746)=k1_tarski(_1748))],n),ext(_1692=_1694,[- (k3_xboole_0(_1692,_1716)=k3_xboole_0(_1694,_1722)),_1716=_1722],n),ext(_1638=_1640,[- (k3_xboole_0(_1660,_1638)=k3_xboole_0(_1666,_1640)),_1660=_1666],n),ext(_1584=_1586,[-r2_hidden(_1586,_1602),r2_hidden(_1584,_1614),_1614=_1602],n),ext(_1530=_1532,[-r2_hidden(_1546,_1532),r2_hidden(_1558,_1530),_1558=_1546],n),ext(_1500=_1502,[- (_1502=_1500)],n),ext(_1458=_1460,[- (_1458=_1476),_1460=_1476],n),ext(_1416=_1418,[- (_1432=_1418),_1432=_1416],n),para([0,0],k3_xboole_0(k1_tarski(2^[]),k1_tarski(3^[])),k1_tarski(2^[]),[#],l2r),para([0,0,0],k3_xboole_0(k1_tarski(2^[]),k1_tarski(3^[])),k1_tarski(2^[]),[#],r2l),para([0,1],k3_xboole_0(k1_tarski(2^[]),k1_tarski(3^[])),k1_tarski(2^[]),[#],r2l),para([0,0],k3_xboole_0(_1974,_1976),k3_xboole_0(_1976,_1974),[],l2r),para([0,0],k3_xboole_0(_1938,_1940),k3_xboole_0(_1940,_1938),[],r2l)],[],[ext([- #,[#,- (k3_xboole_0(k1_tarski(2^[]),k1_tarski(3^[]))=k1_tarski(2^[]))]]-[- #,[#,- (k3_xboole_0(k1_tarski(2^[]),k1_tarski(3^[]))=k1_tarski(2^[]))]]),init(-# - -#)],0)state([- (k3_xboole_0(k1_tarski(2^[]),k1_tarski(3^[]))=k1_tarski(2^[]))],[- #],[],[ext(_1876=k1_tarski(_1882),[r2_hidden(_1892,_1876),- (_1892=_1882)],n),ext(_1830=k1_tarski(_1836),[-r2_hidden(_1850,_1830),_1850=_1836],n),ext(_1784=_1786,[_1796=k1_tarski(_1786),-r2_hidden(_1784,_1796)],n),ext(_1746=_1748,[- (k1_tarski(_1746)=k1_tarski(_1748))],n),ext(_1692=_1694,[- (k3_xboole_0(_1692,_1716)=k3_xboole_0(_1694,_1722)),_1716=_1722],n),ext(_1638=_1640,[- (k3_xboole_0(_1660,_1638)=k3_xboole_0(_1666,_1640)),_1660=_1666],n),ext(_1584=_1586,[-r2_hidden(_1586,_1602),r2_hidden(_1584,_1614),_1614=_1602],n),ext(_1530=_1532,[-r2_hidden(_1546,_1532),r2_hidden(_1558,_1530),_1558=_1546],n),ext(_1500=_1502,[- (_1502=_1500)],n),ext(_1458=_1460,[- (_1458=_1476),_1460=_1476],n),ext(_1416=_1418,[- (_1432=_1418),_1432=_1416],n),para([0,0],k3_xboole_0(k1_tarski(2^[]),k1_tarski(3^[])),k1_tarski(2^[]),[#],l2r),para([0,0,0],k3_xboole_0(k1_tarski(2^[]),k1_tarski(3^[])),k1_tarski(2^[]),[#],r2l),para([0,1],k3_xboole_0(k1_tarski(2^[]),k1_tarski(3^[])),k1_tarski(2^[]),[#],r2l),para([0,0],k3_xboole_0(_1974,_1976),k3_xboole_0(_1976,_1974),[],l2r),para([0,0],k3_xboole_0(_1938,_1940),k3_xboole_0(_1940,_1938),[],r2l)],[],[ext([- #,[#,- (k3_xboole_0(k1_tarski(2^[]),k1_tarski(3^[]))=k1_tarski(2^[]))]]-[- #,[#,- (k3_xboole_0(k1_tarski(2^[]),k1_tarski(3^[]))=k1_tarski(2^[]))]]),init(-# - -#)],0)state([- (k3_xboole_0(k1_tarski(2^[]),k1_tarski(3^[]))=k1_tarski(2^[]))],[- #],[],[ext(_1876=k1_tarski(_1882),[r2_hidden(_1892,_1876),- (_1892=_1882)],n),ext(_1830=k1_tarski(_1836),[-r2_hidden(_1850,_1830),_1850=_1836],n),ext(_1784=_1786,[_1796=k1_tarski(_1786),-r2_hidden(_1784,_1796)],n),ext(_1746=_1748,[- (k1_tarski(_1746)=k1_tarski(_1748))],n),ext(_1692=_1694,[- (k3_xboole_0(_1692,_1716)=k3_xboole_0(_1694,_1722)),_1716=_1722],n),ext(_1638=_1640,[- (k3_xboole_0(_1660,_1638)=k3_xboole_0(_1666,_1640)),_1660=_1666],n),ext(_1584=_1586,[-r2_hidden(_1586,_1602),r2_hidden(_1584,_1614),_1614=_1602],n),ext(_1530=_1532,[-r2_hidden(_1546,_1532),r2_hidden(_1558,_1530),_1558=_1546],n),ext(_1500=_1502,[- (_1502=_1500)],n),ext(_1458=_1460,[- (_1458=_1476),_1460=_1476],n),ext(_1416=_1418,[- (_1432=_1418),_1432=_1416],n),para([0,0],k3_xboole_0(k1_tarski(2^[]),k1_tarski(3^[])),k1_tarski(2^[]),[#],l2r),para([0,0,0],k3_xboole_0(k1_tarski(2^[]),k1_tarski(3^[])),k1_tarski(2^[]),[#],r2l),para([0,1],k3_xboole_0(k1_tarski(2^[]),k1_tarski(3^[])),k1_tarski(2^[]),[#],r2l),para([0,0],k3_xboole_0(_1974,_1976),k3_xboole_0(_1976,_1974),[],l2r),para([0,0],k3_xboole_0(_1938,_1940),k3_xboole_0(_1940,_1938),[],r2l)],[],[ext([- #,[#,- (k3_xboole_0(k1_tarski(2^[]),k1_tarski(3^[]))=k1_tarski(2^[]))]]-[- #,[#,- (k3_xboole_0(k1_tarski(2^[]),k1_tarski(3^[]))=k1_tarski(2^[]))]]),init(-# - -#)],0)state([- (k3_xboole_0(k1_tarski(2^[]),k1_tarski(3^[]))=k1_tarski(2^[]))],[- #],[],[ext(_1876=k1_tarski(_1882),[r2_hidden(_1892,_1876),- (_1892=_1882)],n),ext(_1830=k1_tarski(_1836),[-r2_hidden(_1850,_1830),_1850=_1836],n),ext(_1784=_1786,[_1796=k1_tarski(_1786),-r2_hidden(_1784,_1796)],n),ext(_1746=_1748,[- (k1_tarski(_1746)=k1_tarski(_1748))],n),ext(_1692=_1694,[- (k3_xboole_0(_1692,_1716)=k3_xboole_0(_1694,_1722)),_1716=_1722],n),ext(_1638=_1640,[- (k3_xboole_0(_1660,_1638)=k3_xboole_0(_1666,_1640)),_1660=_1666],n),ext(_1584=_1586,[-r2_hidden(_1586,_1602),r2_hidden(_1584,_1614),_1614=_1602],n),ext(_1530=_1532,[-r2_hidden(_1546,_1532),r2_hidden(_1558,_1530),_1558=_1546],n),ext(_1500=_1502,[- (_1502=_1500)],n),ext(_1458=_1460,[- (_1458=_1476),_1460=_1476],n),ext(_1416=_1418,[- (_1432=_1418),_1432=_1416],n),para([0,0],k3_xboole_0(k1_tarski(2^[]),k1_tarski(3^[])),k1_tarski(2^[]),[#],l2r),para([0,0,0],k3_xboole_0(k1_tarski(2^[]),k1_tarski(3^[])),k1_tarski(2^[]),[#],r2l),para([0,1],k3_xboole_0(k1_tarski(2^[]),k1_tarski(3^[])),k1_tarski(2^[]),[#],r2l),para([0,0],k3_xboole_0(_1974,_1976),k3_xboole_0(_1976,_1974),[],l2r),para([0,0],k3_xboole_0(_1938,_1940),k3_xboole_0(_1940,_1938),[],r2l)],[],[ext([- #,[#,- (k3_xboole_0(k1_tarski(2^[]),k1_tarski(3^[]))=k1_tarski(2^[]))]]-[- #,[#,- (k3_xboole_0(k1_tarski(2^[]),k1_tarski(3^[]))=k1_tarski(2^[]))]]),init(-# - -#)],0)state([- (k3_xboole_0(k1_tarski(2^[]),k1_tarski(3^[]))=k1_tarski(2^[]))],[- #],[],[ext(_1876=k1_tarski(_1882),[r2_hidden(_1892,_1876),- (_1892=_1882)],n),ext(_1830=k1_tarski(_1836),[-r2_hidden(_1850,_1830),_1850=_1836],n),ext(_1784=_1786,[_1796=k1_tarski(_1786),-r2_hidden(_1784,_1796)],n),ext(_1746=_1748,[- (k1_tarski(_1746)=k1_tarski(_1748))],n),ext(_1692=_1694,[- (k3_xboole_0(_1692,_1716)=k3_xboole_0(_1694,_1722)),_1716=_1722],n),ext(_1638=_1640,[- (k3_xboole_0(_1660,_1638)=k3_xboole_0(_1666,_1640)),_1660=_1666],n),ext(_1584=_1586,[-r2_hidden(_1586,_1602),r2_hidden(_1584,_1614),_1614=_1602],n),ext(_1530=_1532,[-r2_hidden(_1546,_1532),r2_hidden(_1558,_1530),_1558=_1546],n),ext(_1500=_1502,[- (_1502=_1500)],n),ext(_1458=_1460,[- (_1458=_1476),_1460=_1476],n),ext(_1416=_1418,[- (_1432=_1418),_1432=_1416],n),para([0,0],k3_xboole_0(k1_tarski(2^[]),k1_tarski(3^[])),k1_tarski(2^[]),[#],l2r),para([0,0,0],k3_xboole_0(k1_tarski(2^[]),k1_tarski(3^[])),k1_tarski(2^[]),[#],r2l),para([0,1],k3_xboole_0(k1_tarski(2^[]),k1_tarski(3^[])),k1_tarski(2^[]),[#],r2l),para([0,0],k3_xboole_0(_1974,_1976),k3_xboole_0(_1976,_1974),[],l2r),para([0,0],k3_xboole_0(_1938,_1940),k3_xboole_0(_1940,_1938),[],r2l)],[],[ext([- #,[#,- (k3_xboole_0(k1_tarski(2^[]),k1_tarski(3^[]))=k1_tarski(2^[]))]]-[- #,[#,- (k3_xboole_0(k1_tarski(2^[]),k1_tarski(3^[]))=k1_tarski(2^[]))]]),init(-# - -#)],0)state([- (k3_xboole_0(k1_tarski(2^[]),k1_tarski(3^[]))=k1_tarski(2^[]))],[- #],[],[ext(_1876=k1_tarski(_1882),[r2_hidden(_1892,_1876),- (_1892=_1882)],n),ext(_1830=k1_tarski(_1836),[-r2_hidden(_1850,_1830),_1850=_1836],n),ext(_1784=_1786,[_1796=k1_tarski(_1786),-r2_hidden(_1784,_1796)],n),ext(_1746=_1748,[- (k1_tarski(_1746)=k1_tarski(_1748))],n),ext(_1692=_1694,[- (k3_xboole_0(_1692,_1716)=k3_xboole_0(_1694,_1722)),_1716=_1722],n),ext(_1638=_1640,[- (k3_xboole_0(_1660,_1638)=k3_xboole_0(_1666,_1640)),_1660=_1666],n),ext(_1584=_1586,[-r2_hidden(_1586,_1602),r2_hidden(_1584,_1614),_1614=_1602],n),ext(_1530=_1532,[-r2_hidden(_1546,_1532),r2_hidden(_1558,_1530),_1558=_1546],n),ext(_1500=_1502,[- (_1502=_1500)],n),ext(_1458=_1460,[- (_1458=_1476),_1460=_1476],n),ext(_1416=_1418,[- (_1432=_1418),_1432=_1416],n),para([0,0],k3_xboole_0(k1_tarski(2^[]),k1_tarski(3^[])),k1_tarski(2^[]),[#],l2r),para([0,0,0],k3_xboole_0(k1_tarski(2^[]),k1_tarski(3^[])),k1_tarski(2^[]),[#],r2l),para([0,1],k3_xboole_0(k1_tarski(2^[]),k1_tarski(3^[])),k1_tarski(2^[]),[#],r2l),para([0,0],k3_xboole_0(_1974,_1976),k3_xboole_0(_1976,_1974),[],l2r),para([0,0],k3_xboole_0(_1938,_1940),k3_xboole_0(_1940,_1938),[],r2l)],[],[ext([- #,[#,- (k3_xboole_0(k1_tarski(2^[]),k1_tarski(3^[]))=k1_tarski(2^[]))]]-[- #,[#,- (k3_xboole_0(k1_tarski(2^[]),k1_tarski(3^[]))=k1_tarski(2^[]))]]),init(-# - -#)],0)state([- #],[],[],[ext(#,[- (k3_xboole_0(k1_tarski(2^[]),k1_tarski(3^[]))=k1_tarski(2^[]))],g),ext(#,[2^[]=3^[]],g)],[],[init(-# - -#)],0)state([- #],[],[],[ext(#,[- (k3_xboole_0(k1_tarski(2^[]),k1_tarski(3^[]))=k1_tarski(2^[]))],g),ext(#,[2^[]=3^[]],g)],[],[init(-# - -#)],0)Policy data saved
Training data saved
Execution time: 7.468 sec
Full query: 
 swipl -g '["core/montecarlo.pl"], mc_run("theorems/m2np/t12_zfmisc_1.p",[guided(0),cp(1),sim_depth(0),playout_count(200000),min_visit_count(1),n_dim(10000),playout_time(300), output_format(svmlight), leancop_settings([conj,nodef,comp(1000),eager_reduction(1),paramodulation(1)]),return_to_root(0),save_all_proofs(0),temperature(2),save_all_policy(0),save_all_value(1),lemma_features(0),inference_limit(200000),collapse_vars(0),bigstep_frequency(2000)],"results/plcop_paramodulation/train_value","results/plcop_paramodulation/train_policy","results/plcop_paramodulation/clauses","results/plcop_paramodulation/proofs",ExecutionTime), halt.'
