Prolog query: 
 mc_run("theorems/m2np/t13_relset_1.p",[guided(0),cp(1),sim_depth(0),playout_count(200000),min_visit_count(1),n_dim(10000),playout_time(300), output_format(svmlight), leancop_settings([conj,nodef,comp(1000),eager_reduction(1),paramodulation(1)]),return_to_root(0),save_all_proofs(0),temperature(2),save_all_policy(0),save_all_value(1),lemma_features(0),inference_limit(200000),collapse_vars(0),bigstep_frequency(2000)],"results/plcop_paramodulation/train_value","results/plcop_paramodulation/train_policy","results/plcop_paramodulation/clauses","results/plcop_paramodulation/proofs",ExecutionTime)
Trying to open file theorems/m2np/t13_relset_1.p...
Successfully opened file theorems/m2np/t13_relset_1.p
200000 playouts remaining
SUCCESS
   Init: 	-#
   Extension: 	[- #,[#,r1_tarski(k4_relat_1(1^[]),k2_zfmisc_1(1^[],1^[]))]]
   Extension: 	[r1_tarski(k4_relat_1(1^[]),k2_zfmisc_1(1^[],1^[])),[-r1_tarski(A,k2_zfmisc_1(B,C)),v1_relat_1(A),v4_relat_1(A,B),v5_relat_1(A,C)]]
   Extension: 	[v1_relat_1(k4_relat_1(1^[])),[-v1_relat_1(k4_relat_1(_))]]
   Extension: 	[v4_relat_1(k4_relat_1(1^[]),1^[]),[-v4_relat_1(k4_relat_1(A),A)]]
   Extension: 	[v5_relat_1(k4_relat_1(1^[]),1^[]),[-v5_relat_1(k4_relat_1(A),A)]]
Created leancop proof

FIRST PROOF FOUND AFTER 4 STEPS

Moving root from 0 to 1
Moving root from 1 to 2
195000 playouts remaining
Moving root from 2 to 3
Moving root from 3 to 4
Moving root from 4 to 5
190000 playouts remaining
Unable to move root from 5
Unable to move root from 5
185000 playouts remaining
Unable to move root from 5
Unable to move root from 5
Unable to move root from 5
180000 playouts remaining
Unable to move root from 5
Unable to move root from 5
175000 playouts remaining
Unable to move root from 5
Unable to move root from 5
Unable to move root from 5
170000 playouts remaining
Unable to move root from 5
Unable to move root from 5
165000 playouts remaining
Unable to move root from 5
Unable to move root from 5
Unable to move root from 5
160000 playouts remaining
Unable to move root from 5
Unable to move root from 5
155000 playouts remaining
Unable to move root from 5
Unable to move root from 5
Unable to move root from 5
150000 playouts remaining
Unable to move root from 5
Unable to move root from 5
145000 playouts remaining
Unable to move root from 5
Unable to move root from 5
Unable to move root from 5
140000 playouts remaining
Unable to move root from 5
Unable to move root from 5
135000 playouts remaining
Unable to move root from 5
Unable to move root from 5
Unable to move root from 5
130000 playouts remaining
Unable to move root from 5
Unable to move root from 5
125000 playouts remaining
Unable to move root from 5
Unable to move root from 5
Unable to move root from 5
120000 playouts remaining
Unable to move root from 5
Unable to move root from 5
115000 playouts remaining
Unable to move root from 5
Unable to move root from 5
Unable to move root from 5
110000 playouts remaining
Unable to move root from 5
Unable to move root from 5
105000 playouts remaining
Unable to move root from 5
Unable to move root from 5
Unable to move root from 5
100000 playouts remaining
Unable to move root from 5
Unable to move root from 5
95000 playouts remaining
Unable to move root from 5
Unable to move root from 5
Unable to move root from 5
90000 playouts remaining
Unable to move root from 5
Unable to move root from 5
85000 playouts remaining
Unable to move root from 5
Unable to move root from 5
Unable to move root from 5
80000 playouts remaining
Unable to move root from 5
Unable to move root from 5
75000 playouts remaining
Unable to move root from 5
Unable to move root from 5
Unable to move root from 5
70000 playouts remaining
Unable to move root from 5
Unable to move root from 5
65000 playouts remaining
Unable to move root from 5
Unable to move root from 5
Unable to move root from 5
60000 playouts remaining
Unable to move root from 5
Unable to move root from 5
55000 playouts remaining
Unable to move root from 5
Unable to move root from 5
Unable to move root from 5
50000 playouts remaining
Unable to move root from 5
Unable to move root from 5
45000 playouts remaining
Unable to move root from 5
Unable to move root from 5
Unable to move root from 5
40000 playouts remaining
Unable to move root from 5
Unable to move root from 5
35000 playouts remaining
Unable to move root from 5
Unable to move root from 5
Unable to move root from 5
30000 playouts remaining
Unable to move root from 5
Unable to move root from 5
25000 playouts remaining
Unable to move root from 5
Unable to move root from 5
Unable to move root from 5
20000 playouts remaining
Unable to move root from 5
Unable to move root from 5
15000 playouts remaining
Unable to move root from 5
Unable to move root from 5
Unable to move root from 5
10000 playouts remaining
Unable to move root from 5
Unable to move root from 5
5000 playouts remaining
Unable to move root from 5
Unable to move root from 5
Unable to move root from 5
Created 6 nodes
Performed 29990 inferences
Bigstep Nodes: 6, [0,1,2,3,4,5]
Training data collected
state([success],[],[],[],[],[ext([v5_relat_1(k4_relat_1(1^[]),1^[]),[-v5_relat_1(k4_relat_1(_2348),_2348)]]-[v5_relat_1(k4_relat_1(1^[]),1^[]),[-v5_relat_1(k4_relat_1(1^[]),1^[])]]),ext([v4_relat_1(k4_relat_1(1^[]),1^[]),[-v4_relat_1(k4_relat_1(_2152),_2152)]]-[v4_relat_1(k4_relat_1(1^[]),1^[]),[-v4_relat_1(k4_relat_1(1^[]),1^[])]]),ext([v1_relat_1(k4_relat_1(1^[])),[-v1_relat_1(k4_relat_1(_2198))]]-[v1_relat_1(k4_relat_1(1^[])),[-v1_relat_1(k4_relat_1(1^[]))]]),ext([r1_tarski(k4_relat_1(1^[]),k2_zfmisc_1(1^[],1^[])),[-r1_tarski(_2240,k2_zfmisc_1(_2246,_2248)),v1_relat_1(_2240),v4_relat_1(_2240,_2246),v5_relat_1(_2240,_2248)]]-[r1_tarski(k4_relat_1(1^[]),k2_zfmisc_1(1^[],1^[])),[-r1_tarski(k4_relat_1(1^[]),k2_zfmisc_1(1^[],1^[])),v1_relat_1(k4_relat_1(1^[])),v4_relat_1(k4_relat_1(1^[]),1^[]),v5_relat_1(k4_relat_1(1^[]),1^[])]]),ext([- #,[#,r1_tarski(k4_relat_1(1^[]),k2_zfmisc_1(1^[],1^[]))]]-[- #,[#,r1_tarski(k4_relat_1(1^[]),k2_zfmisc_1(1^[],1^[]))]]),init(-# - -#)],1)state([v5_relat_1(k4_relat_1(1^[]),1^[])],[r1_tarski(k4_relat_1(1^[]),k2_zfmisc_1(1^[],1^[])),- #],[v4_relat_1(k4_relat_1(1^[]),1^[]),v1_relat_1(k4_relat_1(1^[]))],[ext(-v5_relat_1(k4_relat_1(_2008),_2008),[],n)],[],[ext([v4_relat_1(k4_relat_1(1^[]),1^[]),[-v4_relat_1(k4_relat_1(_1968),_1968)]]-[v4_relat_1(k4_relat_1(1^[]),1^[]),[-v4_relat_1(k4_relat_1(1^[]),1^[])]]),ext([v1_relat_1(k4_relat_1(1^[])),[-v1_relat_1(k4_relat_1(_1818))]]-[v1_relat_1(k4_relat_1(1^[])),[-v1_relat_1(k4_relat_1(1^[]))]]),ext([r1_tarski(k4_relat_1(1^[]),k2_zfmisc_1(1^[],1^[])),[-r1_tarski(_1860,k2_zfmisc_1(_1866,_1868)),v1_relat_1(_1860),v4_relat_1(_1860,_1866),v5_relat_1(_1860,_1868)]]-[r1_tarski(k4_relat_1(1^[]),k2_zfmisc_1(1^[],1^[])),[-r1_tarski(k4_relat_1(1^[]),k2_zfmisc_1(1^[],1^[])),v1_relat_1(k4_relat_1(1^[])),v4_relat_1(k4_relat_1(1^[]),1^[]),v5_relat_1(k4_relat_1(1^[]),1^[])]]),ext([- #,[#,r1_tarski(k4_relat_1(1^[]),k2_zfmisc_1(1^[],1^[]))]]-[- #,[#,r1_tarski(k4_relat_1(1^[]),k2_zfmisc_1(1^[],1^[]))]]),init(-# - -#)],0)state([v4_relat_1(k4_relat_1(1^[]),1^[]),v5_relat_1(k4_relat_1(1^[]),1^[])],[r1_tarski(k4_relat_1(1^[]),k2_zfmisc_1(1^[],1^[])),- #],[v1_relat_1(k4_relat_1(1^[]))],[ext(-v4_relat_1(k4_relat_1(_1680),_1680),[],n)],[],[ext([v1_relat_1(k4_relat_1(1^[])),[-v1_relat_1(k4_relat_1(_1640))]]-[v1_relat_1(k4_relat_1(1^[])),[-v1_relat_1(k4_relat_1(1^[]))]]),ext([r1_tarski(k4_relat_1(1^[]),k2_zfmisc_1(1^[],1^[])),[-r1_tarski(_1534,k2_zfmisc_1(_1540,_1542)),v1_relat_1(_1534),v4_relat_1(_1534,_1540),v5_relat_1(_1534,_1542)]]-[r1_tarski(k4_relat_1(1^[]),k2_zfmisc_1(1^[],1^[])),[-r1_tarski(k4_relat_1(1^[]),k2_zfmisc_1(1^[],1^[])),v1_relat_1(k4_relat_1(1^[])),v4_relat_1(k4_relat_1(1^[]),1^[]),v5_relat_1(k4_relat_1(1^[]),1^[])]]),ext([- #,[#,r1_tarski(k4_relat_1(1^[]),k2_zfmisc_1(1^[],1^[]))]]-[- #,[#,r1_tarski(k4_relat_1(1^[]),k2_zfmisc_1(1^[],1^[]))]]),init(-# - -#)],0)state([v1_relat_1(k4_relat_1(1^[])),v4_relat_1(k4_relat_1(1^[]),1^[]),v5_relat_1(k4_relat_1(1^[]),1^[])],[r1_tarski(k4_relat_1(1^[]),k2_zfmisc_1(1^[],1^[])),- #],[],[ext(-v1_relat_1(k4_relat_1(_1406)),[],n)],[],[ext([r1_tarski(k4_relat_1(1^[]),k2_zfmisc_1(1^[],1^[])),[-r1_tarski(_1322,k2_zfmisc_1(_1328,_1330)),v1_relat_1(_1322),v4_relat_1(_1322,_1328),v5_relat_1(_1322,_1330)]]-[r1_tarski(k4_relat_1(1^[]),k2_zfmisc_1(1^[],1^[])),[-r1_tarski(k4_relat_1(1^[]),k2_zfmisc_1(1^[],1^[])),v1_relat_1(k4_relat_1(1^[])),v4_relat_1(k4_relat_1(1^[]),1^[]),v5_relat_1(k4_relat_1(1^[]),1^[])]]),ext([- #,[#,r1_tarski(k4_relat_1(1^[]),k2_zfmisc_1(1^[],1^[]))]]-[- #,[#,r1_tarski(k4_relat_1(1^[]),k2_zfmisc_1(1^[],1^[]))]]),init(-# - -#)],0)state([r1_tarski(k4_relat_1(1^[]),k2_zfmisc_1(1^[],1^[]))],[- #],[],[ext(-r1_tarski(_1096,k2_zfmisc_1(_1102,_1104)),[v1_relat_1(_1096),v4_relat_1(_1096,_1102),v5_relat_1(_1096,_1104)],n)],[],[ext([- #,[#,r1_tarski(k4_relat_1(1^[]),k2_zfmisc_1(1^[],1^[]))]]-[- #,[#,r1_tarski(k4_relat_1(1^[]),k2_zfmisc_1(1^[],1^[]))]]),init(-# - -#)],0)state([- #],[],[],[ext(#,[r1_tarski(k4_relat_1(1^[]),k2_zfmisc_1(1^[],1^[]))],g)],[],[init(-# - -#)],0)Value data saved
state([v5_relat_1(k4_relat_1(1^[]),1^[])],[r1_tarski(k4_relat_1(1^[]),k2_zfmisc_1(1^[],1^[])),- #],[v4_relat_1(k4_relat_1(1^[]),1^[]),v1_relat_1(k4_relat_1(1^[]))],[ext(-v5_relat_1(k4_relat_1(_1874),_1874),[],n)],[],[ext([v4_relat_1(k4_relat_1(1^[]),1^[]),[-v4_relat_1(k4_relat_1(_1834),_1834)]]-[v4_relat_1(k4_relat_1(1^[]),1^[]),[-v4_relat_1(k4_relat_1(1^[]),1^[])]]),ext([v1_relat_1(k4_relat_1(1^[])),[-v1_relat_1(k4_relat_1(_1684))]]-[v1_relat_1(k4_relat_1(1^[])),[-v1_relat_1(k4_relat_1(1^[]))]]),ext([r1_tarski(k4_relat_1(1^[]),k2_zfmisc_1(1^[],1^[])),[-r1_tarski(_1726,k2_zfmisc_1(_1732,_1734)),v1_relat_1(_1726),v4_relat_1(_1726,_1732),v5_relat_1(_1726,_1734)]]-[r1_tarski(k4_relat_1(1^[]),k2_zfmisc_1(1^[],1^[])),[-r1_tarski(k4_relat_1(1^[]),k2_zfmisc_1(1^[],1^[])),v1_relat_1(k4_relat_1(1^[])),v4_relat_1(k4_relat_1(1^[]),1^[]),v5_relat_1(k4_relat_1(1^[]),1^[])]]),ext([- #,[#,r1_tarski(k4_relat_1(1^[]),k2_zfmisc_1(1^[],1^[]))]]-[- #,[#,r1_tarski(k4_relat_1(1^[]),k2_zfmisc_1(1^[],1^[]))]]),init(-# - -#)],0)state([v4_relat_1(k4_relat_1(1^[]),1^[]),v5_relat_1(k4_relat_1(1^[]),1^[])],[r1_tarski(k4_relat_1(1^[]),k2_zfmisc_1(1^[],1^[])),- #],[v1_relat_1(k4_relat_1(1^[]))],[ext(-v4_relat_1(k4_relat_1(_1564),_1564),[],n)],[],[ext([v1_relat_1(k4_relat_1(1^[])),[-v1_relat_1(k4_relat_1(_1524))]]-[v1_relat_1(k4_relat_1(1^[])),[-v1_relat_1(k4_relat_1(1^[]))]]),ext([r1_tarski(k4_relat_1(1^[]),k2_zfmisc_1(1^[],1^[])),[-r1_tarski(_1418,k2_zfmisc_1(_1424,_1426)),v1_relat_1(_1418),v4_relat_1(_1418,_1424),v5_relat_1(_1418,_1426)]]-[r1_tarski(k4_relat_1(1^[]),k2_zfmisc_1(1^[],1^[])),[-r1_tarski(k4_relat_1(1^[]),k2_zfmisc_1(1^[],1^[])),v1_relat_1(k4_relat_1(1^[])),v4_relat_1(k4_relat_1(1^[]),1^[]),v5_relat_1(k4_relat_1(1^[]),1^[])]]),ext([- #,[#,r1_tarski(k4_relat_1(1^[]),k2_zfmisc_1(1^[],1^[]))]]-[- #,[#,r1_tarski(k4_relat_1(1^[]),k2_zfmisc_1(1^[],1^[]))]]),init(-# - -#)],0)state([v1_relat_1(k4_relat_1(1^[])),v4_relat_1(k4_relat_1(1^[]),1^[]),v5_relat_1(k4_relat_1(1^[]),1^[])],[r1_tarski(k4_relat_1(1^[]),k2_zfmisc_1(1^[],1^[])),- #],[],[ext(-v1_relat_1(k4_relat_1(_1308)),[],n)],[],[ext([r1_tarski(k4_relat_1(1^[]),k2_zfmisc_1(1^[],1^[])),[-r1_tarski(_1224,k2_zfmisc_1(_1230,_1232)),v1_relat_1(_1224),v4_relat_1(_1224,_1230),v5_relat_1(_1224,_1232)]]-[r1_tarski(k4_relat_1(1^[]),k2_zfmisc_1(1^[],1^[])),[-r1_tarski(k4_relat_1(1^[]),k2_zfmisc_1(1^[],1^[])),v1_relat_1(k4_relat_1(1^[])),v4_relat_1(k4_relat_1(1^[]),1^[]),v5_relat_1(k4_relat_1(1^[]),1^[])]]),ext([- #,[#,r1_tarski(k4_relat_1(1^[]),k2_zfmisc_1(1^[],1^[]))]]-[- #,[#,r1_tarski(k4_relat_1(1^[]),k2_zfmisc_1(1^[],1^[]))]]),init(-# - -#)],0)state([r1_tarski(k4_relat_1(1^[]),k2_zfmisc_1(1^[],1^[]))],[- #],[],[ext(-r1_tarski(_1016,k2_zfmisc_1(_1022,_1024)),[v1_relat_1(_1016),v4_relat_1(_1016,_1022),v5_relat_1(_1016,_1024)],n)],[],[ext([- #,[#,r1_tarski(k4_relat_1(1^[]),k2_zfmisc_1(1^[],1^[]))]]-[- #,[#,r1_tarski(k4_relat_1(1^[]),k2_zfmisc_1(1^[],1^[]))]]),init(-# - -#)],0)state([- #],[],[],[ext(#,[r1_tarski(k4_relat_1(1^[]),k2_zfmisc_1(1^[],1^[]))],g)],[],[init(-# - -#)],0)Policy data saved
Training data saved
Execution time: 5.519 sec
Full query: 
 swipl -g '["core/montecarlo.pl"], mc_run("theorems/m2np/t13_relset_1.p",[guided(0),cp(1),sim_depth(0),playout_count(200000),min_visit_count(1),n_dim(10000),playout_time(300), output_format(svmlight), leancop_settings([conj,nodef,comp(1000),eager_reduction(1),paramodulation(1)]),return_to_root(0),save_all_proofs(0),temperature(2),save_all_policy(0),save_all_value(1),lemma_features(0),inference_limit(200000),collapse_vars(0),bigstep_frequency(2000)],"results/plcop_paramodulation/train_value","results/plcop_paramodulation/train_policy","results/plcop_paramodulation/clauses","results/plcop_paramodulation/proofs",ExecutionTime), halt.'
