Prolog query: 
 mc_run("theorems/m2np/t13_wellord1.p",[guided(0),cp(1),sim_depth(0),playout_count(200000),min_visit_count(1),n_dim(10000),playout_time(300), output_format(svmlight), leancop_settings([conj,nodef,comp(1000),eager_reduction(1),paramodulation(1)]),return_to_root(0),save_all_proofs(0),temperature(2),save_all_policy(0),save_all_value(1),lemma_features(0),inference_limit(200000),collapse_vars(0),bigstep_frequency(2000)],"results/plcop_paramodulation/train_value","results/plcop_paramodulation/train_policy","results/plcop_paramodulation/clauses","results/plcop_paramodulation/proofs",ExecutionTime)
Trying to open file theorems/m2np/t13_wellord1.p...
Successfully opened file theorems/m2np/t13_wellord1.p
200000 playouts remaining
SUCCESS
   Init: 	-#
   Extension: 	[- #,[#,r1_tarski(k1_relat_1(k2_wellord1(3^[],2^[])),k1_relat_1(3^[])),r1_tarski(k1_relat_1(k2_wellord1(3^[],2^[])),2^[])]]
   Extension: 	[r1_tarski(k1_relat_1(k2_wellord1(3^[],2^[])),k1_relat_1(3^[])),[-r1_tarski(A,B),-r2_hidden(1^[B,A],A)]]
   Extension: 	[-r2_hidden(1^[k1_relat_1(3^[]),k1_relat_1(k2_wellord1(3^[],2^[]))],k1_relat_1(k2_wellord1(3^[],2^[]))),[r2_hidden(A,k1_relat_1(k2_wellord1(B,_))),v1_relat_1(B),-r2_hidden(A,k1_relat_1(B))]]
   Extension: 	[v1_relat_1(3^[]),[-v1_relat_1(3^[]),#]]
   Reduction: 	[#,- #]
   Extension: 	[-r2_hidden(1^[k1_relat_1(3^[]),k1_relat_1(k2_wellord1(3^[],2^[]))],k1_relat_1(3^[])),[r2_hidden(1^[A,B],A),-r1_tarski(B,A)]]
   Reduction: 	[-r1_tarski(k1_relat_1(k2_wellord1(3^[],2^[])),k1_relat_1(3^[])),r1_tarski(k1_relat_1(k2_wellord1(3^[],2^[])),k1_relat_1(3^[]))]
   Extension: 	[r1_tarski(k1_relat_1(k2_wellord1(3^[],2^[])),2^[]),[-r1_tarski(A,B),-r2_hidden(1^[B,A],A)]]
   Extension: 	[-r2_hidden(1^[2^[],k1_relat_1(k2_wellord1(3^[],2^[]))],k1_relat_1(k2_wellord1(3^[],2^[]))),[r2_hidden(A,k1_relat_1(k2_wellord1(B,C))),v1_relat_1(B),-r2_hidden(A,C)]]
   Extension: 	[v1_relat_1(3^[]),[-v1_relat_1(3^[]),#]]
   Reduction: 	[#,- #]
   Extension: 	[-r2_hidden(1^[2^[],k1_relat_1(k2_wellord1(3^[],2^[]))],2^[]),[r2_hidden(1^[A,B],A),-r1_tarski(B,A)]]
   Reduction: 	[-r1_tarski(k1_relat_1(k2_wellord1(3^[],2^[])),2^[]),r1_tarski(k1_relat_1(k2_wellord1(3^[],2^[])),2^[])]
Created leancop proof

FIRST PROOF FOUND AFTER 156 STEPS

Moving root from 0 to 4
Moving root from 4 to 5
195000 playouts remaining
Moving root from 5 to 6
Moving root from 6 to 9
Moving root from 9 to 18
190000 playouts remaining
Moving root from 18 to 19
Moving root from 19 to 113
185000 playouts remaining
Moving root from 113 to 134
Moving root from 134 to 135
Unable to move root from 135
180000 playouts remaining
Unable to move root from 135
Unable to move root from 135
175000 playouts remaining
Unable to move root from 135
Unable to move root from 135
Unable to move root from 135
170000 playouts remaining
Unable to move root from 135
Unable to move root from 135
165000 playouts remaining
Unable to move root from 135
Unable to move root from 135
Unable to move root from 135
160000 playouts remaining
Unable to move root from 135
Unable to move root from 135
155000 playouts remaining
Unable to move root from 135
Unable to move root from 135
Unable to move root from 135
150000 playouts remaining
Unable to move root from 135
Unable to move root from 135
145000 playouts remaining
Unable to move root from 135
Unable to move root from 135
Unable to move root from 135
140000 playouts remaining
Unable to move root from 135
Unable to move root from 135
135000 playouts remaining
Unable to move root from 135
Unable to move root from 135
Unable to move root from 135
130000 playouts remaining
Unable to move root from 135
Unable to move root from 135
125000 playouts remaining
Unable to move root from 135
Unable to move root from 135
Unable to move root from 135
120000 playouts remaining
Unable to move root from 135
Unable to move root from 135
115000 playouts remaining
Unable to move root from 135
Unable to move root from 135
Unable to move root from 135
110000 playouts remaining
Unable to move root from 135
Unable to move root from 135
105000 playouts remaining
Unable to move root from 135
Unable to move root from 135
Unable to move root from 135
100000 playouts remaining
Unable to move root from 135
Unable to move root from 135
95000 playouts remaining
Unable to move root from 135
Unable to move root from 135
Unable to move root from 135
90000 playouts remaining
Unable to move root from 135
Unable to move root from 135
85000 playouts remaining
Unable to move root from 135
Unable to move root from 135
Unable to move root from 135
80000 playouts remaining
Unable to move root from 135
Unable to move root from 135
75000 playouts remaining
Unable to move root from 135
Unable to move root from 135
Unable to move root from 135
70000 playouts remaining
Unable to move root from 135
Unable to move root from 135
65000 playouts remaining
Unable to move root from 135
Unable to move root from 135
Unable to move root from 135
60000 playouts remaining
Unable to move root from 135
Unable to move root from 135
55000 playouts remaining
Unable to move root from 135
Unable to move root from 135
Unable to move root from 135
50000 playouts remaining
Unable to move root from 135
Unable to move root from 135
45000 playouts remaining
Unable to move root from 135
Unable to move root from 135
Unable to move root from 135
40000 playouts remaining
Unable to move root from 135
Unable to move root from 135
35000 playouts remaining
Unable to move root from 135
Unable to move root from 135
Unable to move root from 135
30000 playouts remaining
Unable to move root from 135
Unable to move root from 135
25000 playouts remaining
Unable to move root from 135
Unable to move root from 135
Unable to move root from 135
20000 playouts remaining
Unable to move root from 135
Unable to move root from 135
15000 playouts remaining
Unable to move root from 135
Unable to move root from 135
Unable to move root from 135
10000 playouts remaining
Unable to move root from 135
Unable to move root from 135
5000 playouts remaining
Unable to move root from 135
Unable to move root from 135
Unable to move root from 135
Created 142 nodes
Performed 89411 inferences
Bigstep Nodes: 10, [0,4,5,6,9,18,19,113,134,135]
Training data collected
state([success],[],[],[],[],[red([-r1_tarski(k1_relat_1(k2_wellord1(3^[],2^[])),2^[]),r1_tarski(k1_relat_1(k2_wellord1(3^[],2^[])),2^[])]-[-r1_tarski(k1_relat_1(k2_wellord1(3^[],2^[])),2^[]),r1_tarski(k1_relat_1(k2_wellord1(3^[],2^[])),2^[])]),ext([-r2_hidden(1^[2^[],k1_relat_1(k2_wellord1(3^[],2^[]))],2^[]),[r2_hidden(1^[_95510,_95516],_95510),-r1_tarski(_95516,_95510)]]-[-r2_hidden(1^[2^[],k1_relat_1(k2_wellord1(3^[],2^[]))],2^[]),[r2_hidden(1^[2^[],k1_relat_1(k2_wellord1(3^[],2^[]))],2^[]),-r1_tarski(k1_relat_1(k2_wellord1(3^[],2^[])),2^[])]]),red([#,- #]-[#,- #]),ext([v1_relat_1(3^[]),[-v1_relat_1(3^[]),#]]-[v1_relat_1(3^[]),[-v1_relat_1(3^[]),#]]),ext([-r2_hidden(1^[2^[],k1_relat_1(k2_wellord1(3^[],2^[]))],k1_relat_1(k2_wellord1(3^[],2^[]))),[r2_hidden(_95076,k1_relat_1(k2_wellord1(_95086,_95088))),v1_relat_1(_95086),-r2_hidden(_95076,_95088)]]-[-r2_hidden(1^[2^[],k1_relat_1(k2_wellord1(3^[],2^[]))],k1_relat_1(k2_wellord1(3^[],2^[]))),[r2_hidden(1^[2^[],k1_relat_1(k2_wellord1(3^[],2^[]))],k1_relat_1(k2_wellord1(3^[],2^[]))),v1_relat_1(3^[]),-r2_hidden(1^[2^[],k1_relat_1(k2_wellord1(3^[],2^[]))],2^[])]]),ext([r1_tarski(k1_relat_1(k2_wellord1(3^[],2^[])),2^[]),[-r1_tarski(_95156,_95158),-r2_hidden(1^[_95158,_95156],_95156)]]-[r1_tarski(k1_relat_1(k2_wellord1(3^[],2^[])),2^[]),[-r1_tarski(k1_relat_1(k2_wellord1(3^[],2^[])),2^[]),-r2_hidden(1^[2^[],k1_relat_1(k2_wellord1(3^[],2^[]))],k1_relat_1(k2_wellord1(3^[],2^[])))]]),red([-r1_tarski(k1_relat_1(k2_wellord1(3^[],2^[])),k1_relat_1(3^[])),r1_tarski(k1_relat_1(k2_wellord1(3^[],2^[])),k1_relat_1(3^[]))]-[-r1_tarski(k1_relat_1(k2_wellord1(3^[],2^[])),k1_relat_1(3^[])),r1_tarski(k1_relat_1(k2_wellord1(3^[],2^[])),k1_relat_1(3^[]))]),ext([-r2_hidden(1^[k1_relat_1(3^[]),k1_relat_1(k2_wellord1(3^[],2^[]))],k1_relat_1(3^[])),[r2_hidden(1^[_95248,_95254],_95248),-r1_tarski(_95254,_95248)]]-[-r2_hidden(1^[k1_relat_1(3^[]),k1_relat_1(k2_wellord1(3^[],2^[]))],k1_relat_1(3^[])),[r2_hidden(1^[k1_relat_1(3^[]),k1_relat_1(k2_wellord1(3^[],2^[]))],k1_relat_1(3^[])),-r1_tarski(k1_relat_1(k2_wellord1(3^[],2^[])),k1_relat_1(3^[]))]]),red([#,- #]-[#,- #]),ext([v1_relat_1(3^[]),[-v1_relat_1(3^[]),#]]-[v1_relat_1(3^[]),[-v1_relat_1(3^[]),#]]),ext([-r2_hidden(1^[k1_relat_1(3^[]),k1_relat_1(k2_wellord1(3^[],2^[]))],k1_relat_1(k2_wellord1(3^[],2^[]))),[r2_hidden(_95322,k1_relat_1(k2_wellord1(_95332,_95334))),v1_relat_1(_95332),-r2_hidden(_95322,k1_relat_1(_95332))]]-[-r2_hidden(1^[k1_relat_1(3^[]),k1_relat_1(k2_wellord1(3^[],2^[]))],k1_relat_1(k2_wellord1(3^[],2^[]))),[r2_hidden(1^[k1_relat_1(3^[]),k1_relat_1(k2_wellord1(3^[],2^[]))],k1_relat_1(k2_wellord1(3^[],2^[]))),v1_relat_1(3^[]),-r2_hidden(1^[k1_relat_1(3^[]),k1_relat_1(k2_wellord1(3^[],2^[]))],k1_relat_1(3^[]))]]),ext([r1_tarski(k1_relat_1(k2_wellord1(3^[],2^[])),k1_relat_1(3^[])),[-r1_tarski(_95406,_95408),-r2_hidden(1^[_95408,_95406],_95406)]]-[r1_tarski(k1_relat_1(k2_wellord1(3^[],2^[])),k1_relat_1(3^[])),[-r1_tarski(k1_relat_1(k2_wellord1(3^[],2^[])),k1_relat_1(3^[])),-r2_hidden(1^[k1_relat_1(3^[]),k1_relat_1(k2_wellord1(3^[],2^[]))],k1_relat_1(k2_wellord1(3^[],2^[])))]]),ext([- #,[#,r1_tarski(k1_relat_1(k2_wellord1(3^[],2^[])),k1_relat_1(3^[])),r1_tarski(k1_relat_1(k2_wellord1(3^[],2^[])),2^[])]]-[- #,[#,r1_tarski(k1_relat_1(k2_wellord1(3^[],2^[])),k1_relat_1(3^[])),r1_tarski(k1_relat_1(k2_wellord1(3^[],2^[])),2^[])]]),init(-# - -#)],1)state([-r2_hidden(1^[2^[],k1_relat_1(k2_wellord1(3^[],2^[]))],2^[])],[-r2_hidden(1^[2^[],k1_relat_1(k2_wellord1(3^[],2^[]))],k1_relat_1(k2_wellord1(3^[],2^[]))),r1_tarski(k1_relat_1(k2_wellord1(3^[],2^[])),2^[]),- #],[v1_relat_1(3^[]),r1_tarski(k1_relat_1(k2_wellord1(3^[],2^[])),k1_relat_1(3^[]))],[ext(r2_hidden(1^[_94844,_94860],_94844),[-r1_tarski(_94860,_94844)],n),ext(r2_hidden(_94800,_94802),[r1_tarski(_94802,_94814),-r2_hidden(_94800,_94814)],n)],[],[red([#,- #]-[#,- #]),ext([v1_relat_1(3^[]),[-v1_relat_1(3^[]),#]]-[v1_relat_1(3^[]),[-v1_relat_1(3^[]),#]]),ext([-r2_hidden(1^[2^[],k1_relat_1(k2_wellord1(3^[],2^[]))],k1_relat_1(k2_wellord1(3^[],2^[]))),[r2_hidden(_94334,k1_relat_1(k2_wellord1(_94344,_94346))),v1_relat_1(_94344),-r2_hidden(_94334,_94346)]]-[-r2_hidden(1^[2^[],k1_relat_1(k2_wellord1(3^[],2^[]))],k1_relat_1(k2_wellord1(3^[],2^[]))),[r2_hidden(1^[2^[],k1_relat_1(k2_wellord1(3^[],2^[]))],k1_relat_1(k2_wellord1(3^[],2^[]))),v1_relat_1(3^[]),-r2_hidden(1^[2^[],k1_relat_1(k2_wellord1(3^[],2^[]))],2^[])]]),ext([r1_tarski(k1_relat_1(k2_wellord1(3^[],2^[])),2^[]),[-r1_tarski(_94414,_94416),-r2_hidden(1^[_94416,_94414],_94414)]]-[r1_tarski(k1_relat_1(k2_wellord1(3^[],2^[])),2^[]),[-r1_tarski(k1_relat_1(k2_wellord1(3^[],2^[])),2^[]),-r2_hidden(1^[2^[],k1_relat_1(k2_wellord1(3^[],2^[]))],k1_relat_1(k2_wellord1(3^[],2^[])))]]),red([-r1_tarski(k1_relat_1(k2_wellord1(3^[],2^[])),k1_relat_1(3^[])),r1_tarski(k1_relat_1(k2_wellord1(3^[],2^[])),k1_relat_1(3^[]))]-[-r1_tarski(k1_relat_1(k2_wellord1(3^[],2^[])),k1_relat_1(3^[])),r1_tarski(k1_relat_1(k2_wellord1(3^[],2^[])),k1_relat_1(3^[]))]),ext([-r2_hidden(1^[k1_relat_1(3^[]),k1_relat_1(k2_wellord1(3^[],2^[]))],k1_relat_1(3^[])),[r2_hidden(1^[_94506,_94512],_94506),-r1_tarski(_94512,_94506)]]-[-r2_hidden(1^[k1_relat_1(3^[]),k1_relat_1(k2_wellord1(3^[],2^[]))],k1_relat_1(3^[])),[r2_hidden(1^[k1_relat_1(3^[]),k1_relat_1(k2_wellord1(3^[],2^[]))],k1_relat_1(3^[])),-r1_tarski(k1_relat_1(k2_wellord1(3^[],2^[])),k1_relat_1(3^[]))]]),red([#,- #]-[#,- #]),ext([v1_relat_1(3^[]),[-v1_relat_1(3^[]),#]]-[v1_relat_1(3^[]),[-v1_relat_1(3^[]),#]]),ext([-r2_hidden(1^[k1_relat_1(3^[]),k1_relat_1(k2_wellord1(3^[],2^[]))],k1_relat_1(k2_wellord1(3^[],2^[]))),[r2_hidden(_94580,k1_relat_1(k2_wellord1(_94590,_94592))),v1_relat_1(_94590),-r2_hidden(_94580,k1_relat_1(_94590))]]-[-r2_hidden(1^[k1_relat_1(3^[]),k1_relat_1(k2_wellord1(3^[],2^[]))],k1_relat_1(k2_wellord1(3^[],2^[]))),[r2_hidden(1^[k1_relat_1(3^[]),k1_relat_1(k2_wellord1(3^[],2^[]))],k1_relat_1(k2_wellord1(3^[],2^[]))),v1_relat_1(3^[]),-r2_hidden(1^[k1_relat_1(3^[]),k1_relat_1(k2_wellord1(3^[],2^[]))],k1_relat_1(3^[]))]]),ext([r1_tarski(k1_relat_1(k2_wellord1(3^[],2^[])),k1_relat_1(3^[])),[-r1_tarski(_94664,_94666),-r2_hidden(1^[_94666,_94664],_94664)]]-[r1_tarski(k1_relat_1(k2_wellord1(3^[],2^[])),k1_relat_1(3^[])),[-r1_tarski(k1_relat_1(k2_wellord1(3^[],2^[])),k1_relat_1(3^[])),-r2_hidden(1^[k1_relat_1(3^[]),k1_relat_1(k2_wellord1(3^[],2^[]))],k1_relat_1(k2_wellord1(3^[],2^[])))]]),ext([- #,[#,r1_tarski(k1_relat_1(k2_wellord1(3^[],2^[])),k1_relat_1(3^[])),r1_tarski(k1_relat_1(k2_wellord1(3^[],2^[])),2^[])]]-[- #,[#,r1_tarski(k1_relat_1(k2_wellord1(3^[],2^[])),k1_relat_1(3^[])),r1_tarski(k1_relat_1(k2_wellord1(3^[],2^[])),2^[])]]),init(-# - -#)],0)state([v1_relat_1(3^[]),-r2_hidden(1^[2^[],k1_relat_1(k2_wellord1(3^[],2^[]))],2^[])],[-r2_hidden(1^[2^[],k1_relat_1(k2_wellord1(3^[],2^[]))],k1_relat_1(k2_wellord1(3^[],2^[]))),r1_tarski(k1_relat_1(k2_wellord1(3^[],2^[])),2^[]),- #],[r1_tarski(k1_relat_1(k2_wellord1(3^[],2^[])),k1_relat_1(3^[]))],[ext(-v1_relat_1(3^[]),[#],g)],[],[ext([-r2_hidden(1^[2^[],k1_relat_1(k2_wellord1(3^[],2^[]))],k1_relat_1(k2_wellord1(3^[],2^[]))),[r2_hidden(_72646,k1_relat_1(k2_wellord1(_72656,_72658))),v1_relat_1(_72656),-r2_hidden(_72646,_72658)]]-[-r2_hidden(1^[2^[],k1_relat_1(k2_wellord1(3^[],2^[]))],k1_relat_1(k2_wellord1(3^[],2^[]))),[r2_hidden(1^[2^[],k1_relat_1(k2_wellord1(3^[],2^[]))],k1_relat_1(k2_wellord1(3^[],2^[]))),v1_relat_1(3^[]),-r2_hidden(1^[2^[],k1_relat_1(k2_wellord1(3^[],2^[]))],2^[])]]),ext([r1_tarski(k1_relat_1(k2_wellord1(3^[],2^[])),2^[]),[-r1_tarski(_72304,_72306),-r2_hidden(1^[_72306,_72304],_72304)]]-[r1_tarski(k1_relat_1(k2_wellord1(3^[],2^[])),2^[]),[-r1_tarski(k1_relat_1(k2_wellord1(3^[],2^[])),2^[]),-r2_hidden(1^[2^[],k1_relat_1(k2_wellord1(3^[],2^[]))],k1_relat_1(k2_wellord1(3^[],2^[])))]]),red([-r1_tarski(k1_relat_1(k2_wellord1(3^[],2^[])),k1_relat_1(3^[])),r1_tarski(k1_relat_1(k2_wellord1(3^[],2^[])),k1_relat_1(3^[]))]-[-r1_tarski(k1_relat_1(k2_wellord1(3^[],2^[])),k1_relat_1(3^[])),r1_tarski(k1_relat_1(k2_wellord1(3^[],2^[])),k1_relat_1(3^[]))]),ext([-r2_hidden(1^[k1_relat_1(3^[]),k1_relat_1(k2_wellord1(3^[],2^[]))],k1_relat_1(3^[])),[r2_hidden(1^[_72396,_72402],_72396),-r1_tarski(_72402,_72396)]]-[-r2_hidden(1^[k1_relat_1(3^[]),k1_relat_1(k2_wellord1(3^[],2^[]))],k1_relat_1(3^[])),[r2_hidden(1^[k1_relat_1(3^[]),k1_relat_1(k2_wellord1(3^[],2^[]))],k1_relat_1(3^[])),-r1_tarski(k1_relat_1(k2_wellord1(3^[],2^[])),k1_relat_1(3^[]))]]),red([#,- #]-[#,- #]),ext([v1_relat_1(3^[]),[-v1_relat_1(3^[]),#]]-[v1_relat_1(3^[]),[-v1_relat_1(3^[]),#]]),ext([-r2_hidden(1^[k1_relat_1(3^[]),k1_relat_1(k2_wellord1(3^[],2^[]))],k1_relat_1(k2_wellord1(3^[],2^[]))),[r2_hidden(_72470,k1_relat_1(k2_wellord1(_72480,_72482))),v1_relat_1(_72480),-r2_hidden(_72470,k1_relat_1(_72480))]]-[-r2_hidden(1^[k1_relat_1(3^[]),k1_relat_1(k2_wellord1(3^[],2^[]))],k1_relat_1(k2_wellord1(3^[],2^[]))),[r2_hidden(1^[k1_relat_1(3^[]),k1_relat_1(k2_wellord1(3^[],2^[]))],k1_relat_1(k2_wellord1(3^[],2^[]))),v1_relat_1(3^[]),-r2_hidden(1^[k1_relat_1(3^[]),k1_relat_1(k2_wellord1(3^[],2^[]))],k1_relat_1(3^[]))]]),ext([r1_tarski(k1_relat_1(k2_wellord1(3^[],2^[])),k1_relat_1(3^[])),[-r1_tarski(_72554,_72556),-r2_hidden(1^[_72556,_72554],_72554)]]-[r1_tarski(k1_relat_1(k2_wellord1(3^[],2^[])),k1_relat_1(3^[])),[-r1_tarski(k1_relat_1(k2_wellord1(3^[],2^[])),k1_relat_1(3^[])),-r2_hidden(1^[k1_relat_1(3^[]),k1_relat_1(k2_wellord1(3^[],2^[]))],k1_relat_1(k2_wellord1(3^[],2^[])))]]),ext([- #,[#,r1_tarski(k1_relat_1(k2_wellord1(3^[],2^[])),k1_relat_1(3^[])),r1_tarski(k1_relat_1(k2_wellord1(3^[],2^[])),2^[])]]-[- #,[#,r1_tarski(k1_relat_1(k2_wellord1(3^[],2^[])),k1_relat_1(3^[])),r1_tarski(k1_relat_1(k2_wellord1(3^[],2^[])),2^[])]]),init(-# - -#)],0)state([-r2_hidden(1^[2^[],k1_relat_1(k2_wellord1(3^[],2^[]))],k1_relat_1(k2_wellord1(3^[],2^[])))],[r1_tarski(k1_relat_1(k2_wellord1(3^[],2^[])),2^[]),- #],[r1_tarski(k1_relat_1(k2_wellord1(3^[],2^[])),k1_relat_1(3^[]))],[ext(r2_hidden(_9332,k1_relat_1(k2_wellord1(_9342,_9344))),[v1_relat_1(_9342),-r2_hidden(_9332,k1_relat_1(_9342))],n),ext(r2_hidden(_9282,k1_relat_1(k2_wellord1(_9292,_9294))),[v1_relat_1(_9292),-r2_hidden(_9282,_9294)],n),ext(r2_hidden(_9240,_9242),[r1_tarski(_9242,_9254),-r2_hidden(_9240,_9254)],n)],[],[ext([r1_tarski(k1_relat_1(k2_wellord1(3^[],2^[])),2^[]),[-r1_tarski(_9170,_9172),-r2_hidden(1^[_9172,_9170],_9170)]]-[r1_tarski(k1_relat_1(k2_wellord1(3^[],2^[])),2^[]),[-r1_tarski(k1_relat_1(k2_wellord1(3^[],2^[])),2^[]),-r2_hidden(1^[2^[],k1_relat_1(k2_wellord1(3^[],2^[]))],k1_relat_1(k2_wellord1(3^[],2^[])))]]),red([-r1_tarski(k1_relat_1(k2_wellord1(3^[],2^[])),k1_relat_1(3^[])),r1_tarski(k1_relat_1(k2_wellord1(3^[],2^[])),k1_relat_1(3^[]))]-[-r1_tarski(k1_relat_1(k2_wellord1(3^[],2^[])),k1_relat_1(3^[])),r1_tarski(k1_relat_1(k2_wellord1(3^[],2^[])),k1_relat_1(3^[]))]),ext([-r2_hidden(1^[k1_relat_1(3^[]),k1_relat_1(k2_wellord1(3^[],2^[]))],k1_relat_1(3^[])),[r2_hidden(1^[_8916,_8922],_8916),-r1_tarski(_8922,_8916)]]-[-r2_hidden(1^[k1_relat_1(3^[]),k1_relat_1(k2_wellord1(3^[],2^[]))],k1_relat_1(3^[])),[r2_hidden(1^[k1_relat_1(3^[]),k1_relat_1(k2_wellord1(3^[],2^[]))],k1_relat_1(3^[])),-r1_tarski(k1_relat_1(k2_wellord1(3^[],2^[])),k1_relat_1(3^[]))]]),red([#,- #]-[#,- #]),ext([v1_relat_1(3^[]),[-v1_relat_1(3^[]),#]]-[v1_relat_1(3^[]),[-v1_relat_1(3^[]),#]]),ext([-r2_hidden(1^[k1_relat_1(3^[]),k1_relat_1(k2_wellord1(3^[],2^[]))],k1_relat_1(k2_wellord1(3^[],2^[]))),[r2_hidden(_8990,k1_relat_1(k2_wellord1(_9000,_9002))),v1_relat_1(_9000),-r2_hidden(_8990,k1_relat_1(_9000))]]-[-r2_hidden(1^[k1_relat_1(3^[]),k1_relat_1(k2_wellord1(3^[],2^[]))],k1_relat_1(k2_wellord1(3^[],2^[]))),[r2_hidden(1^[k1_relat_1(3^[]),k1_relat_1(k2_wellord1(3^[],2^[]))],k1_relat_1(k2_wellord1(3^[],2^[]))),v1_relat_1(3^[]),-r2_hidden(1^[k1_relat_1(3^[]),k1_relat_1(k2_wellord1(3^[],2^[]))],k1_relat_1(3^[]))]]),ext([r1_tarski(k1_relat_1(k2_wellord1(3^[],2^[])),k1_relat_1(3^[])),[-r1_tarski(_9074,_9076),-r2_hidden(1^[_9076,_9074],_9074)]]-[r1_tarski(k1_relat_1(k2_wellord1(3^[],2^[])),k1_relat_1(3^[])),[-r1_tarski(k1_relat_1(k2_wellord1(3^[],2^[])),k1_relat_1(3^[])),-r2_hidden(1^[k1_relat_1(3^[]),k1_relat_1(k2_wellord1(3^[],2^[]))],k1_relat_1(k2_wellord1(3^[],2^[])))]]),ext([- #,[#,r1_tarski(k1_relat_1(k2_wellord1(3^[],2^[])),k1_relat_1(3^[])),r1_tarski(k1_relat_1(k2_wellord1(3^[],2^[])),2^[])]]-[- #,[#,r1_tarski(k1_relat_1(k2_wellord1(3^[],2^[])),k1_relat_1(3^[])),r1_tarski(k1_relat_1(k2_wellord1(3^[],2^[])),2^[])]]),init(-# - -#)],0)state([r1_tarski(k1_relat_1(k2_wellord1(3^[],2^[])),2^[])],[- #],[r1_tarski(k1_relat_1(k2_wellord1(3^[],2^[])),k1_relat_1(3^[]))],[ext(-r1_tarski(_8718,_8720),[-r2_hidden(1^[_8720,_8718],_8718)],n),ext(-r1_tarski(_8670,_8672),[r2_hidden(1^[_8672,_8670],_8672)],n)],[],[red([-r1_tarski(k1_relat_1(k2_wellord1(3^[],2^[])),k1_relat_1(3^[])),r1_tarski(k1_relat_1(k2_wellord1(3^[],2^[])),k1_relat_1(3^[]))]-[-r1_tarski(k1_relat_1(k2_wellord1(3^[],2^[])),k1_relat_1(3^[])),r1_tarski(k1_relat_1(k2_wellord1(3^[],2^[])),k1_relat_1(3^[]))]),ext([-r2_hidden(1^[k1_relat_1(3^[]),k1_relat_1(k2_wellord1(3^[],2^[]))],k1_relat_1(3^[])),[r2_hidden(1^[_8586,_8592],_8586),-r1_tarski(_8592,_8586)]]-[-r2_hidden(1^[k1_relat_1(3^[]),k1_relat_1(k2_wellord1(3^[],2^[]))],k1_relat_1(3^[])),[r2_hidden(1^[k1_relat_1(3^[]),k1_relat_1(k2_wellord1(3^[],2^[]))],k1_relat_1(3^[])),-r1_tarski(k1_relat_1(k2_wellord1(3^[],2^[])),k1_relat_1(3^[]))]]),red([#,- #]-[#,- #]),ext([v1_relat_1(3^[]),[-v1_relat_1(3^[]),#]]-[v1_relat_1(3^[]),[-v1_relat_1(3^[]),#]]),ext([-r2_hidden(1^[k1_relat_1(3^[]),k1_relat_1(k2_wellord1(3^[],2^[]))],k1_relat_1(k2_wellord1(3^[],2^[]))),[r2_hidden(_8398,k1_relat_1(k2_wellord1(_8408,_8410))),v1_relat_1(_8408),-r2_hidden(_8398,k1_relat_1(_8408))]]-[-r2_hidden(1^[k1_relat_1(3^[]),k1_relat_1(k2_wellord1(3^[],2^[]))],k1_relat_1(k2_wellord1(3^[],2^[]))),[r2_hidden(1^[k1_relat_1(3^[]),k1_relat_1(k2_wellord1(3^[],2^[]))],k1_relat_1(k2_wellord1(3^[],2^[]))),v1_relat_1(3^[]),-r2_hidden(1^[k1_relat_1(3^[]),k1_relat_1(k2_wellord1(3^[],2^[]))],k1_relat_1(3^[]))]]),ext([r1_tarski(k1_relat_1(k2_wellord1(3^[],2^[])),k1_relat_1(3^[])),[-r1_tarski(_8482,_8484),-r2_hidden(1^[_8484,_8482],_8482)]]-[r1_tarski(k1_relat_1(k2_wellord1(3^[],2^[])),k1_relat_1(3^[])),[-r1_tarski(k1_relat_1(k2_wellord1(3^[],2^[])),k1_relat_1(3^[])),-r2_hidden(1^[k1_relat_1(3^[]),k1_relat_1(k2_wellord1(3^[],2^[]))],k1_relat_1(k2_wellord1(3^[],2^[])))]]),ext([- #,[#,r1_tarski(k1_relat_1(k2_wellord1(3^[],2^[])),k1_relat_1(3^[])),r1_tarski(k1_relat_1(k2_wellord1(3^[],2^[])),2^[])]]-[- #,[#,r1_tarski(k1_relat_1(k2_wellord1(3^[],2^[])),k1_relat_1(3^[])),r1_tarski(k1_relat_1(k2_wellord1(3^[],2^[])),2^[])]]),init(-# - -#)],0)state([-r2_hidden(1^[k1_relat_1(3^[]),k1_relat_1(k2_wellord1(3^[],2^[]))],k1_relat_1(3^[]))],[-r2_hidden(1^[k1_relat_1(3^[]),k1_relat_1(k2_wellord1(3^[],2^[]))],k1_relat_1(k2_wellord1(3^[],2^[]))),r1_tarski(k1_relat_1(k2_wellord1(3^[],2^[])),k1_relat_1(3^[])),- #],[v1_relat_1(3^[])],[ext(r2_hidden(1^[_4124,_4140],_4124),[-r1_tarski(_4140,_4124)],n),ext(r2_hidden(_4080,_4082),[r1_tarski(_4082,_4094),-r2_hidden(_4080,_4094)],n)],[[[r1_tarski(k1_relat_1(k2_wellord1(3^[],2^[])),2^[])],[- #],[r1_tarski(k1_relat_1(k2_wellord1(3^[],2^[])),k1_relat_1(3^[]))]]],[red([#,- #]-[#,- #]),ext([v1_relat_1(3^[]),[-v1_relat_1(3^[]),#]]-[v1_relat_1(3^[]),[-v1_relat_1(3^[]),#]]),ext([-r2_hidden(1^[k1_relat_1(3^[]),k1_relat_1(k2_wellord1(3^[],2^[]))],k1_relat_1(k2_wellord1(3^[],2^[]))),[r2_hidden(_3860,k1_relat_1(k2_wellord1(_3870,_3872))),v1_relat_1(_3870),-r2_hidden(_3860,k1_relat_1(_3870))]]-[-r2_hidden(1^[k1_relat_1(3^[]),k1_relat_1(k2_wellord1(3^[],2^[]))],k1_relat_1(k2_wellord1(3^[],2^[]))),[r2_hidden(1^[k1_relat_1(3^[]),k1_relat_1(k2_wellord1(3^[],2^[]))],k1_relat_1(k2_wellord1(3^[],2^[]))),v1_relat_1(3^[]),-r2_hidden(1^[k1_relat_1(3^[]),k1_relat_1(k2_wellord1(3^[],2^[]))],k1_relat_1(3^[]))]]),ext([r1_tarski(k1_relat_1(k2_wellord1(3^[],2^[])),k1_relat_1(3^[])),[-r1_tarski(_3944,_3946),-r2_hidden(1^[_3946,_3944],_3944)]]-[r1_tarski(k1_relat_1(k2_wellord1(3^[],2^[])),k1_relat_1(3^[])),[-r1_tarski(k1_relat_1(k2_wellord1(3^[],2^[])),k1_relat_1(3^[])),-r2_hidden(1^[k1_relat_1(3^[]),k1_relat_1(k2_wellord1(3^[],2^[]))],k1_relat_1(k2_wellord1(3^[],2^[])))]]),ext([- #,[#,r1_tarski(k1_relat_1(k2_wellord1(3^[],2^[])),k1_relat_1(3^[])),r1_tarski(k1_relat_1(k2_wellord1(3^[],2^[])),2^[])]]-[- #,[#,r1_tarski(k1_relat_1(k2_wellord1(3^[],2^[])),k1_relat_1(3^[])),r1_tarski(k1_relat_1(k2_wellord1(3^[],2^[])),2^[])]]),init(-# - -#)],0)state([v1_relat_1(3^[]),-r2_hidden(1^[k1_relat_1(3^[]),k1_relat_1(k2_wellord1(3^[],2^[]))],k1_relat_1(3^[]))],[-r2_hidden(1^[k1_relat_1(3^[]),k1_relat_1(k2_wellord1(3^[],2^[]))],k1_relat_1(k2_wellord1(3^[],2^[]))),r1_tarski(k1_relat_1(k2_wellord1(3^[],2^[])),k1_relat_1(3^[])),- #],[],[ext(-v1_relat_1(3^[]),[#],g)],[[[r1_tarski(k1_relat_1(k2_wellord1(3^[],2^[])),2^[])],[- #],[r1_tarski(k1_relat_1(k2_wellord1(3^[],2^[])),k1_relat_1(3^[]))]]],[ext([-r2_hidden(1^[k1_relat_1(3^[]),k1_relat_1(k2_wellord1(3^[],2^[]))],k1_relat_1(k2_wellord1(3^[],2^[]))),[r2_hidden(_2900,k1_relat_1(k2_wellord1(_2910,_2912))),v1_relat_1(_2910),-r2_hidden(_2900,k1_relat_1(_2910))]]-[-r2_hidden(1^[k1_relat_1(3^[]),k1_relat_1(k2_wellord1(3^[],2^[]))],k1_relat_1(k2_wellord1(3^[],2^[]))),[r2_hidden(1^[k1_relat_1(3^[]),k1_relat_1(k2_wellord1(3^[],2^[]))],k1_relat_1(k2_wellord1(3^[],2^[]))),v1_relat_1(3^[]),-r2_hidden(1^[k1_relat_1(3^[]),k1_relat_1(k2_wellord1(3^[],2^[]))],k1_relat_1(3^[]))]]),ext([r1_tarski(k1_relat_1(k2_wellord1(3^[],2^[])),k1_relat_1(3^[])),[-r1_tarski(_2808,_2810),-r2_hidden(1^[_2810,_2808],_2808)]]-[r1_tarski(k1_relat_1(k2_wellord1(3^[],2^[])),k1_relat_1(3^[])),[-r1_tarski(k1_relat_1(k2_wellord1(3^[],2^[])),k1_relat_1(3^[])),-r2_hidden(1^[k1_relat_1(3^[]),k1_relat_1(k2_wellord1(3^[],2^[]))],k1_relat_1(k2_wellord1(3^[],2^[])))]]),ext([- #,[#,r1_tarski(k1_relat_1(k2_wellord1(3^[],2^[])),k1_relat_1(3^[])),r1_tarski(k1_relat_1(k2_wellord1(3^[],2^[])),2^[])]]-[- #,[#,r1_tarski(k1_relat_1(k2_wellord1(3^[],2^[])),k1_relat_1(3^[])),r1_tarski(k1_relat_1(k2_wellord1(3^[],2^[])),2^[])]]),init(-# - -#)],0)state([-r2_hidden(1^[k1_relat_1(3^[]),k1_relat_1(k2_wellord1(3^[],2^[]))],k1_relat_1(k2_wellord1(3^[],2^[])))],[r1_tarski(k1_relat_1(k2_wellord1(3^[],2^[])),k1_relat_1(3^[])),- #],[],[ext(r2_hidden(_2598,k1_relat_1(k2_wellord1(_2608,_2610))),[v1_relat_1(_2608),-r2_hidden(_2598,k1_relat_1(_2608))],n),ext(r2_hidden(_2548,k1_relat_1(k2_wellord1(_2558,_2560))),[v1_relat_1(_2558),-r2_hidden(_2548,_2560)],n),ext(r2_hidden(_2506,_2508),[r1_tarski(_2508,_2520),-r2_hidden(_2506,_2520)],n)],[[[r1_tarski(k1_relat_1(k2_wellord1(3^[],2^[])),2^[])],[- #],[r1_tarski(k1_relat_1(k2_wellord1(3^[],2^[])),k1_relat_1(3^[]))]]],[ext([r1_tarski(k1_relat_1(k2_wellord1(3^[],2^[])),k1_relat_1(3^[])),[-r1_tarski(_2406,_2408),-r2_hidden(1^[_2408,_2406],_2406)]]-[r1_tarski(k1_relat_1(k2_wellord1(3^[],2^[])),k1_relat_1(3^[])),[-r1_tarski(k1_relat_1(k2_wellord1(3^[],2^[])),k1_relat_1(3^[])),-r2_hidden(1^[k1_relat_1(3^[]),k1_relat_1(k2_wellord1(3^[],2^[]))],k1_relat_1(k2_wellord1(3^[],2^[])))]]),ext([- #,[#,r1_tarski(k1_relat_1(k2_wellord1(3^[],2^[])),k1_relat_1(3^[])),r1_tarski(k1_relat_1(k2_wellord1(3^[],2^[])),2^[])]]-[- #,[#,r1_tarski(k1_relat_1(k2_wellord1(3^[],2^[])),k1_relat_1(3^[])),r1_tarski(k1_relat_1(k2_wellord1(3^[],2^[])),2^[])]]),init(-# - -#)],0)state([r1_tarski(k1_relat_1(k2_wellord1(3^[],2^[])),k1_relat_1(3^[])),r1_tarski(k1_relat_1(k2_wellord1(3^[],2^[])),2^[])],[- #],[],[ext(-r1_tarski(_2204,_2206),[-r2_hidden(1^[_2206,_2204],_2204)],n),ext(-r1_tarski(_2156,_2158),[r2_hidden(1^[_2158,_2156],_2158)],n)],[],[ext([- #,[#,r1_tarski(k1_relat_1(k2_wellord1(3^[],2^[])),k1_relat_1(3^[])),r1_tarski(k1_relat_1(k2_wellord1(3^[],2^[])),2^[])]]-[- #,[#,r1_tarski(k1_relat_1(k2_wellord1(3^[],2^[])),k1_relat_1(3^[])),r1_tarski(k1_relat_1(k2_wellord1(3^[],2^[])),2^[])]]),init(-# - -#)],0)state([- #],[],[],[ext(#,[-v1_relat_1(3^[])],g),ext(#,[r1_tarski(k1_relat_1(k2_wellord1(3^[],2^[])),k1_relat_1(3^[])),r1_tarski(k1_relat_1(k2_wellord1(3^[],2^[])),2^[])],g)],[],[init(-# - -#)],0)Value data saved
state([-r2_hidden(1^[2^[],k1_relat_1(k2_wellord1(3^[],2^[]))],2^[])],[-r2_hidden(1^[2^[],k1_relat_1(k2_wellord1(3^[],2^[]))],k1_relat_1(k2_wellord1(3^[],2^[]))),r1_tarski(k1_relat_1(k2_wellord1(3^[],2^[])),2^[]),- #],[v1_relat_1(3^[]),r1_tarski(k1_relat_1(k2_wellord1(3^[],2^[])),k1_relat_1(3^[]))],[ext(r2_hidden(1^[_94844,_94860],_94844),[-r1_tarski(_94860,_94844)],n),ext(r2_hidden(_94800,_94802),[r1_tarski(_94802,_94814),-r2_hidden(_94800,_94814)],n)],[],[red([#,- #]-[#,- #]),ext([v1_relat_1(3^[]),[-v1_relat_1(3^[]),#]]-[v1_relat_1(3^[]),[-v1_relat_1(3^[]),#]]),ext([-r2_hidden(1^[2^[],k1_relat_1(k2_wellord1(3^[],2^[]))],k1_relat_1(k2_wellord1(3^[],2^[]))),[r2_hidden(_94334,k1_relat_1(k2_wellord1(_94344,_94346))),v1_relat_1(_94344),-r2_hidden(_94334,_94346)]]-[-r2_hidden(1^[2^[],k1_relat_1(k2_wellord1(3^[],2^[]))],k1_relat_1(k2_wellord1(3^[],2^[]))),[r2_hidden(1^[2^[],k1_relat_1(k2_wellord1(3^[],2^[]))],k1_relat_1(k2_wellord1(3^[],2^[]))),v1_relat_1(3^[]),-r2_hidden(1^[2^[],k1_relat_1(k2_wellord1(3^[],2^[]))],2^[])]]),ext([r1_tarski(k1_relat_1(k2_wellord1(3^[],2^[])),2^[]),[-r1_tarski(_94414,_94416),-r2_hidden(1^[_94416,_94414],_94414)]]-[r1_tarski(k1_relat_1(k2_wellord1(3^[],2^[])),2^[]),[-r1_tarski(k1_relat_1(k2_wellord1(3^[],2^[])),2^[]),-r2_hidden(1^[2^[],k1_relat_1(k2_wellord1(3^[],2^[]))],k1_relat_1(k2_wellord1(3^[],2^[])))]]),red([-r1_tarski(k1_relat_1(k2_wellord1(3^[],2^[])),k1_relat_1(3^[])),r1_tarski(k1_relat_1(k2_wellord1(3^[],2^[])),k1_relat_1(3^[]))]-[-r1_tarski(k1_relat_1(k2_wellord1(3^[],2^[])),k1_relat_1(3^[])),r1_tarski(k1_relat_1(k2_wellord1(3^[],2^[])),k1_relat_1(3^[]))]),ext([-r2_hidden(1^[k1_relat_1(3^[]),k1_relat_1(k2_wellord1(3^[],2^[]))],k1_relat_1(3^[])),[r2_hidden(1^[_94506,_94512],_94506),-r1_tarski(_94512,_94506)]]-[-r2_hidden(1^[k1_relat_1(3^[]),k1_relat_1(k2_wellord1(3^[],2^[]))],k1_relat_1(3^[])),[r2_hidden(1^[k1_relat_1(3^[]),k1_relat_1(k2_wellord1(3^[],2^[]))],k1_relat_1(3^[])),-r1_tarski(k1_relat_1(k2_wellord1(3^[],2^[])),k1_relat_1(3^[]))]]),red([#,- #]-[#,- #]),ext([v1_relat_1(3^[]),[-v1_relat_1(3^[]),#]]-[v1_relat_1(3^[]),[-v1_relat_1(3^[]),#]]),ext([-r2_hidden(1^[k1_relat_1(3^[]),k1_relat_1(k2_wellord1(3^[],2^[]))],k1_relat_1(k2_wellord1(3^[],2^[]))),[r2_hidden(_94580,k1_relat_1(k2_wellord1(_94590,_94592))),v1_relat_1(_94590),-r2_hidden(_94580,k1_relat_1(_94590))]]-[-r2_hidden(1^[k1_relat_1(3^[]),k1_relat_1(k2_wellord1(3^[],2^[]))],k1_relat_1(k2_wellord1(3^[],2^[]))),[r2_hidden(1^[k1_relat_1(3^[]),k1_relat_1(k2_wellord1(3^[],2^[]))],k1_relat_1(k2_wellord1(3^[],2^[]))),v1_relat_1(3^[]),-r2_hidden(1^[k1_relat_1(3^[]),k1_relat_1(k2_wellord1(3^[],2^[]))],k1_relat_1(3^[]))]]),ext([r1_tarski(k1_relat_1(k2_wellord1(3^[],2^[])),k1_relat_1(3^[])),[-r1_tarski(_94664,_94666),-r2_hidden(1^[_94666,_94664],_94664)]]-[r1_tarski(k1_relat_1(k2_wellord1(3^[],2^[])),k1_relat_1(3^[])),[-r1_tarski(k1_relat_1(k2_wellord1(3^[],2^[])),k1_relat_1(3^[])),-r2_hidden(1^[k1_relat_1(3^[]),k1_relat_1(k2_wellord1(3^[],2^[]))],k1_relat_1(k2_wellord1(3^[],2^[])))]]),ext([- #,[#,r1_tarski(k1_relat_1(k2_wellord1(3^[],2^[])),k1_relat_1(3^[])),r1_tarski(k1_relat_1(k2_wellord1(3^[],2^[])),2^[])]]-[- #,[#,r1_tarski(k1_relat_1(k2_wellord1(3^[],2^[])),k1_relat_1(3^[])),r1_tarski(k1_relat_1(k2_wellord1(3^[],2^[])),2^[])]]),init(-# - -#)],0)state([-r2_hidden(1^[2^[],k1_relat_1(k2_wellord1(3^[],2^[]))],2^[])],[-r2_hidden(1^[2^[],k1_relat_1(k2_wellord1(3^[],2^[]))],k1_relat_1(k2_wellord1(3^[],2^[]))),r1_tarski(k1_relat_1(k2_wellord1(3^[],2^[])),2^[]),- #],[v1_relat_1(3^[]),r1_tarski(k1_relat_1(k2_wellord1(3^[],2^[])),k1_relat_1(3^[]))],[ext(r2_hidden(1^[_94844,_94860],_94844),[-r1_tarski(_94860,_94844)],n),ext(r2_hidden(_94800,_94802),[r1_tarski(_94802,_94814),-r2_hidden(_94800,_94814)],n)],[],[red([#,- #]-[#,- #]),ext([v1_relat_1(3^[]),[-v1_relat_1(3^[]),#]]-[v1_relat_1(3^[]),[-v1_relat_1(3^[]),#]]),ext([-r2_hidden(1^[2^[],k1_relat_1(k2_wellord1(3^[],2^[]))],k1_relat_1(k2_wellord1(3^[],2^[]))),[r2_hidden(_94334,k1_relat_1(k2_wellord1(_94344,_94346))),v1_relat_1(_94344),-r2_hidden(_94334,_94346)]]-[-r2_hidden(1^[2^[],k1_relat_1(k2_wellord1(3^[],2^[]))],k1_relat_1(k2_wellord1(3^[],2^[]))),[r2_hidden(1^[2^[],k1_relat_1(k2_wellord1(3^[],2^[]))],k1_relat_1(k2_wellord1(3^[],2^[]))),v1_relat_1(3^[]),-r2_hidden(1^[2^[],k1_relat_1(k2_wellord1(3^[],2^[]))],2^[])]]),ext([r1_tarski(k1_relat_1(k2_wellord1(3^[],2^[])),2^[]),[-r1_tarski(_94414,_94416),-r2_hidden(1^[_94416,_94414],_94414)]]-[r1_tarski(k1_relat_1(k2_wellord1(3^[],2^[])),2^[]),[-r1_tarski(k1_relat_1(k2_wellord1(3^[],2^[])),2^[]),-r2_hidden(1^[2^[],k1_relat_1(k2_wellord1(3^[],2^[]))],k1_relat_1(k2_wellord1(3^[],2^[])))]]),red([-r1_tarski(k1_relat_1(k2_wellord1(3^[],2^[])),k1_relat_1(3^[])),r1_tarski(k1_relat_1(k2_wellord1(3^[],2^[])),k1_relat_1(3^[]))]-[-r1_tarski(k1_relat_1(k2_wellord1(3^[],2^[])),k1_relat_1(3^[])),r1_tarski(k1_relat_1(k2_wellord1(3^[],2^[])),k1_relat_1(3^[]))]),ext([-r2_hidden(1^[k1_relat_1(3^[]),k1_relat_1(k2_wellord1(3^[],2^[]))],k1_relat_1(3^[])),[r2_hidden(1^[_94506,_94512],_94506),-r1_tarski(_94512,_94506)]]-[-r2_hidden(1^[k1_relat_1(3^[]),k1_relat_1(k2_wellord1(3^[],2^[]))],k1_relat_1(3^[])),[r2_hidden(1^[k1_relat_1(3^[]),k1_relat_1(k2_wellord1(3^[],2^[]))],k1_relat_1(3^[])),-r1_tarski(k1_relat_1(k2_wellord1(3^[],2^[])),k1_relat_1(3^[]))]]),red([#,- #]-[#,- #]),ext([v1_relat_1(3^[]),[-v1_relat_1(3^[]),#]]-[v1_relat_1(3^[]),[-v1_relat_1(3^[]),#]]),ext([-r2_hidden(1^[k1_relat_1(3^[]),k1_relat_1(k2_wellord1(3^[],2^[]))],k1_relat_1(k2_wellord1(3^[],2^[]))),[r2_hidden(_94580,k1_relat_1(k2_wellord1(_94590,_94592))),v1_relat_1(_94590),-r2_hidden(_94580,k1_relat_1(_94590))]]-[-r2_hidden(1^[k1_relat_1(3^[]),k1_relat_1(k2_wellord1(3^[],2^[]))],k1_relat_1(k2_wellord1(3^[],2^[]))),[r2_hidden(1^[k1_relat_1(3^[]),k1_relat_1(k2_wellord1(3^[],2^[]))],k1_relat_1(k2_wellord1(3^[],2^[]))),v1_relat_1(3^[]),-r2_hidden(1^[k1_relat_1(3^[]),k1_relat_1(k2_wellord1(3^[],2^[]))],k1_relat_1(3^[]))]]),ext([r1_tarski(k1_relat_1(k2_wellord1(3^[],2^[])),k1_relat_1(3^[])),[-r1_tarski(_94664,_94666),-r2_hidden(1^[_94666,_94664],_94664)]]-[r1_tarski(k1_relat_1(k2_wellord1(3^[],2^[])),k1_relat_1(3^[])),[-r1_tarski(k1_relat_1(k2_wellord1(3^[],2^[])),k1_relat_1(3^[])),-r2_hidden(1^[k1_relat_1(3^[]),k1_relat_1(k2_wellord1(3^[],2^[]))],k1_relat_1(k2_wellord1(3^[],2^[])))]]),ext([- #,[#,r1_tarski(k1_relat_1(k2_wellord1(3^[],2^[])),k1_relat_1(3^[])),r1_tarski(k1_relat_1(k2_wellord1(3^[],2^[])),2^[])]]-[- #,[#,r1_tarski(k1_relat_1(k2_wellord1(3^[],2^[])),k1_relat_1(3^[])),r1_tarski(k1_relat_1(k2_wellord1(3^[],2^[])),2^[])]]),init(-# - -#)],0)state([v1_relat_1(3^[]),-r2_hidden(1^[2^[],k1_relat_1(k2_wellord1(3^[],2^[]))],2^[])],[-r2_hidden(1^[2^[],k1_relat_1(k2_wellord1(3^[],2^[]))],k1_relat_1(k2_wellord1(3^[],2^[]))),r1_tarski(k1_relat_1(k2_wellord1(3^[],2^[])),2^[]),- #],[r1_tarski(k1_relat_1(k2_wellord1(3^[],2^[])),k1_relat_1(3^[]))],[ext(-v1_relat_1(3^[]),[#],g)],[],[ext([-r2_hidden(1^[2^[],k1_relat_1(k2_wellord1(3^[],2^[]))],k1_relat_1(k2_wellord1(3^[],2^[]))),[r2_hidden(_72646,k1_relat_1(k2_wellord1(_72656,_72658))),v1_relat_1(_72656),-r2_hidden(_72646,_72658)]]-[-r2_hidden(1^[2^[],k1_relat_1(k2_wellord1(3^[],2^[]))],k1_relat_1(k2_wellord1(3^[],2^[]))),[r2_hidden(1^[2^[],k1_relat_1(k2_wellord1(3^[],2^[]))],k1_relat_1(k2_wellord1(3^[],2^[]))),v1_relat_1(3^[]),-r2_hidden(1^[2^[],k1_relat_1(k2_wellord1(3^[],2^[]))],2^[])]]),ext([r1_tarski(k1_relat_1(k2_wellord1(3^[],2^[])),2^[]),[-r1_tarski(_72304,_72306),-r2_hidden(1^[_72306,_72304],_72304)]]-[r1_tarski(k1_relat_1(k2_wellord1(3^[],2^[])),2^[]),[-r1_tarski(k1_relat_1(k2_wellord1(3^[],2^[])),2^[]),-r2_hidden(1^[2^[],k1_relat_1(k2_wellord1(3^[],2^[]))],k1_relat_1(k2_wellord1(3^[],2^[])))]]),red([-r1_tarski(k1_relat_1(k2_wellord1(3^[],2^[])),k1_relat_1(3^[])),r1_tarski(k1_relat_1(k2_wellord1(3^[],2^[])),k1_relat_1(3^[]))]-[-r1_tarski(k1_relat_1(k2_wellord1(3^[],2^[])),k1_relat_1(3^[])),r1_tarski(k1_relat_1(k2_wellord1(3^[],2^[])),k1_relat_1(3^[]))]),ext([-r2_hidden(1^[k1_relat_1(3^[]),k1_relat_1(k2_wellord1(3^[],2^[]))],k1_relat_1(3^[])),[r2_hidden(1^[_72396,_72402],_72396),-r1_tarski(_72402,_72396)]]-[-r2_hidden(1^[k1_relat_1(3^[]),k1_relat_1(k2_wellord1(3^[],2^[]))],k1_relat_1(3^[])),[r2_hidden(1^[k1_relat_1(3^[]),k1_relat_1(k2_wellord1(3^[],2^[]))],k1_relat_1(3^[])),-r1_tarski(k1_relat_1(k2_wellord1(3^[],2^[])),k1_relat_1(3^[]))]]),red([#,- #]-[#,- #]),ext([v1_relat_1(3^[]),[-v1_relat_1(3^[]),#]]-[v1_relat_1(3^[]),[-v1_relat_1(3^[]),#]]),ext([-r2_hidden(1^[k1_relat_1(3^[]),k1_relat_1(k2_wellord1(3^[],2^[]))],k1_relat_1(k2_wellord1(3^[],2^[]))),[r2_hidden(_72470,k1_relat_1(k2_wellord1(_72480,_72482))),v1_relat_1(_72480),-r2_hidden(_72470,k1_relat_1(_72480))]]-[-r2_hidden(1^[k1_relat_1(3^[]),k1_relat_1(k2_wellord1(3^[],2^[]))],k1_relat_1(k2_wellord1(3^[],2^[]))),[r2_hidden(1^[k1_relat_1(3^[]),k1_relat_1(k2_wellord1(3^[],2^[]))],k1_relat_1(k2_wellord1(3^[],2^[]))),v1_relat_1(3^[]),-r2_hidden(1^[k1_relat_1(3^[]),k1_relat_1(k2_wellord1(3^[],2^[]))],k1_relat_1(3^[]))]]),ext([r1_tarski(k1_relat_1(k2_wellord1(3^[],2^[])),k1_relat_1(3^[])),[-r1_tarski(_72554,_72556),-r2_hidden(1^[_72556,_72554],_72554)]]-[r1_tarski(k1_relat_1(k2_wellord1(3^[],2^[])),k1_relat_1(3^[])),[-r1_tarski(k1_relat_1(k2_wellord1(3^[],2^[])),k1_relat_1(3^[])),-r2_hidden(1^[k1_relat_1(3^[]),k1_relat_1(k2_wellord1(3^[],2^[]))],k1_relat_1(k2_wellord1(3^[],2^[])))]]),ext([- #,[#,r1_tarski(k1_relat_1(k2_wellord1(3^[],2^[])),k1_relat_1(3^[])),r1_tarski(k1_relat_1(k2_wellord1(3^[],2^[])),2^[])]]-[- #,[#,r1_tarski(k1_relat_1(k2_wellord1(3^[],2^[])),k1_relat_1(3^[])),r1_tarski(k1_relat_1(k2_wellord1(3^[],2^[])),2^[])]]),init(-# - -#)],0)state([-r2_hidden(1^[2^[],k1_relat_1(k2_wellord1(3^[],2^[]))],k1_relat_1(k2_wellord1(3^[],2^[])))],[r1_tarski(k1_relat_1(k2_wellord1(3^[],2^[])),2^[]),- #],[r1_tarski(k1_relat_1(k2_wellord1(3^[],2^[])),k1_relat_1(3^[]))],[ext(r2_hidden(_9332,k1_relat_1(k2_wellord1(_9342,_9344))),[v1_relat_1(_9342),-r2_hidden(_9332,k1_relat_1(_9342))],n),ext(r2_hidden(_9282,k1_relat_1(k2_wellord1(_9292,_9294))),[v1_relat_1(_9292),-r2_hidden(_9282,_9294)],n),ext(r2_hidden(_9240,_9242),[r1_tarski(_9242,_9254),-r2_hidden(_9240,_9254)],n)],[],[ext([r1_tarski(k1_relat_1(k2_wellord1(3^[],2^[])),2^[]),[-r1_tarski(_9170,_9172),-r2_hidden(1^[_9172,_9170],_9170)]]-[r1_tarski(k1_relat_1(k2_wellord1(3^[],2^[])),2^[]),[-r1_tarski(k1_relat_1(k2_wellord1(3^[],2^[])),2^[]),-r2_hidden(1^[2^[],k1_relat_1(k2_wellord1(3^[],2^[]))],k1_relat_1(k2_wellord1(3^[],2^[])))]]),red([-r1_tarski(k1_relat_1(k2_wellord1(3^[],2^[])),k1_relat_1(3^[])),r1_tarski(k1_relat_1(k2_wellord1(3^[],2^[])),k1_relat_1(3^[]))]-[-r1_tarski(k1_relat_1(k2_wellord1(3^[],2^[])),k1_relat_1(3^[])),r1_tarski(k1_relat_1(k2_wellord1(3^[],2^[])),k1_relat_1(3^[]))]),ext([-r2_hidden(1^[k1_relat_1(3^[]),k1_relat_1(k2_wellord1(3^[],2^[]))],k1_relat_1(3^[])),[r2_hidden(1^[_8916,_8922],_8916),-r1_tarski(_8922,_8916)]]-[-r2_hidden(1^[k1_relat_1(3^[]),k1_relat_1(k2_wellord1(3^[],2^[]))],k1_relat_1(3^[])),[r2_hidden(1^[k1_relat_1(3^[]),k1_relat_1(k2_wellord1(3^[],2^[]))],k1_relat_1(3^[])),-r1_tarski(k1_relat_1(k2_wellord1(3^[],2^[])),k1_relat_1(3^[]))]]),red([#,- #]-[#,- #]),ext([v1_relat_1(3^[]),[-v1_relat_1(3^[]),#]]-[v1_relat_1(3^[]),[-v1_relat_1(3^[]),#]]),ext([-r2_hidden(1^[k1_relat_1(3^[]),k1_relat_1(k2_wellord1(3^[],2^[]))],k1_relat_1(k2_wellord1(3^[],2^[]))),[r2_hidden(_8990,k1_relat_1(k2_wellord1(_9000,_9002))),v1_relat_1(_9000),-r2_hidden(_8990,k1_relat_1(_9000))]]-[-r2_hidden(1^[k1_relat_1(3^[]),k1_relat_1(k2_wellord1(3^[],2^[]))],k1_relat_1(k2_wellord1(3^[],2^[]))),[r2_hidden(1^[k1_relat_1(3^[]),k1_relat_1(k2_wellord1(3^[],2^[]))],k1_relat_1(k2_wellord1(3^[],2^[]))),v1_relat_1(3^[]),-r2_hidden(1^[k1_relat_1(3^[]),k1_relat_1(k2_wellord1(3^[],2^[]))],k1_relat_1(3^[]))]]),ext([r1_tarski(k1_relat_1(k2_wellord1(3^[],2^[])),k1_relat_1(3^[])),[-r1_tarski(_9074,_9076),-r2_hidden(1^[_9076,_9074],_9074)]]-[r1_tarski(k1_relat_1(k2_wellord1(3^[],2^[])),k1_relat_1(3^[])),[-r1_tarski(k1_relat_1(k2_wellord1(3^[],2^[])),k1_relat_1(3^[])),-r2_hidden(1^[k1_relat_1(3^[]),k1_relat_1(k2_wellord1(3^[],2^[]))],k1_relat_1(k2_wellord1(3^[],2^[])))]]),ext([- #,[#,r1_tarski(k1_relat_1(k2_wellord1(3^[],2^[])),k1_relat_1(3^[])),r1_tarski(k1_relat_1(k2_wellord1(3^[],2^[])),2^[])]]-[- #,[#,r1_tarski(k1_relat_1(k2_wellord1(3^[],2^[])),k1_relat_1(3^[])),r1_tarski(k1_relat_1(k2_wellord1(3^[],2^[])),2^[])]]),init(-# - -#)],0)state([-r2_hidden(1^[2^[],k1_relat_1(k2_wellord1(3^[],2^[]))],k1_relat_1(k2_wellord1(3^[],2^[])))],[r1_tarski(k1_relat_1(k2_wellord1(3^[],2^[])),2^[]),- #],[r1_tarski(k1_relat_1(k2_wellord1(3^[],2^[])),k1_relat_1(3^[]))],[ext(r2_hidden(_9144,k1_relat_1(k2_wellord1(_9154,_9156))),[v1_relat_1(_9154),-r2_hidden(_9144,k1_relat_1(_9154))],n),ext(r2_hidden(_9094,k1_relat_1(k2_wellord1(_9104,_9106))),[v1_relat_1(_9104),-r2_hidden(_9094,_9106)],n),ext(r2_hidden(_9052,_9054),[r1_tarski(_9054,_9066),-r2_hidden(_9052,_9066)],n)],[],[ext([r1_tarski(k1_relat_1(k2_wellord1(3^[],2^[])),2^[]),[-r1_tarski(_8982,_8984),-r2_hidden(1^[_8984,_8982],_8982)]]-[r1_tarski(k1_relat_1(k2_wellord1(3^[],2^[])),2^[]),[-r1_tarski(k1_relat_1(k2_wellord1(3^[],2^[])),2^[]),-r2_hidden(1^[2^[],k1_relat_1(k2_wellord1(3^[],2^[]))],k1_relat_1(k2_wellord1(3^[],2^[])))]]),red([-r1_tarski(k1_relat_1(k2_wellord1(3^[],2^[])),k1_relat_1(3^[])),r1_tarski(k1_relat_1(k2_wellord1(3^[],2^[])),k1_relat_1(3^[]))]-[-r1_tarski(k1_relat_1(k2_wellord1(3^[],2^[])),k1_relat_1(3^[])),r1_tarski(k1_relat_1(k2_wellord1(3^[],2^[])),k1_relat_1(3^[]))]),ext([-r2_hidden(1^[k1_relat_1(3^[]),k1_relat_1(k2_wellord1(3^[],2^[]))],k1_relat_1(3^[])),[r2_hidden(1^[_8728,_8734],_8728),-r1_tarski(_8734,_8728)]]-[-r2_hidden(1^[k1_relat_1(3^[]),k1_relat_1(k2_wellord1(3^[],2^[]))],k1_relat_1(3^[])),[r2_hidden(1^[k1_relat_1(3^[]),k1_relat_1(k2_wellord1(3^[],2^[]))],k1_relat_1(3^[])),-r1_tarski(k1_relat_1(k2_wellord1(3^[],2^[])),k1_relat_1(3^[]))]]),red([#,- #]-[#,- #]),ext([v1_relat_1(3^[]),[-v1_relat_1(3^[]),#]]-[v1_relat_1(3^[]),[-v1_relat_1(3^[]),#]]),ext([-r2_hidden(1^[k1_relat_1(3^[]),k1_relat_1(k2_wellord1(3^[],2^[]))],k1_relat_1(k2_wellord1(3^[],2^[]))),[r2_hidden(_8802,k1_relat_1(k2_wellord1(_8812,_8814))),v1_relat_1(_8812),-r2_hidden(_8802,k1_relat_1(_8812))]]-[-r2_hidden(1^[k1_relat_1(3^[]),k1_relat_1(k2_wellord1(3^[],2^[]))],k1_relat_1(k2_wellord1(3^[],2^[]))),[r2_hidden(1^[k1_relat_1(3^[]),k1_relat_1(k2_wellord1(3^[],2^[]))],k1_relat_1(k2_wellord1(3^[],2^[]))),v1_relat_1(3^[]),-r2_hidden(1^[k1_relat_1(3^[]),k1_relat_1(k2_wellord1(3^[],2^[]))],k1_relat_1(3^[]))]]),ext([r1_tarski(k1_relat_1(k2_wellord1(3^[],2^[])),k1_relat_1(3^[])),[-r1_tarski(_8886,_8888),-r2_hidden(1^[_8888,_8886],_8886)]]-[r1_tarski(k1_relat_1(k2_wellord1(3^[],2^[])),k1_relat_1(3^[])),[-r1_tarski(k1_relat_1(k2_wellord1(3^[],2^[])),k1_relat_1(3^[])),-r2_hidden(1^[k1_relat_1(3^[]),k1_relat_1(k2_wellord1(3^[],2^[]))],k1_relat_1(k2_wellord1(3^[],2^[])))]]),ext([- #,[#,r1_tarski(k1_relat_1(k2_wellord1(3^[],2^[])),k1_relat_1(3^[])),r1_tarski(k1_relat_1(k2_wellord1(3^[],2^[])),2^[])]]-[- #,[#,r1_tarski(k1_relat_1(k2_wellord1(3^[],2^[])),k1_relat_1(3^[])),r1_tarski(k1_relat_1(k2_wellord1(3^[],2^[])),2^[])]]),init(-# - -#)],0)state([-r2_hidden(1^[2^[],k1_relat_1(k2_wellord1(3^[],2^[]))],k1_relat_1(k2_wellord1(3^[],2^[])))],[r1_tarski(k1_relat_1(k2_wellord1(3^[],2^[])),2^[]),- #],[r1_tarski(k1_relat_1(k2_wellord1(3^[],2^[])),k1_relat_1(3^[]))],[ext(r2_hidden(_9144,k1_relat_1(k2_wellord1(_9154,_9156))),[v1_relat_1(_9154),-r2_hidden(_9144,k1_relat_1(_9154))],n),ext(r2_hidden(_9094,k1_relat_1(k2_wellord1(_9104,_9106))),[v1_relat_1(_9104),-r2_hidden(_9094,_9106)],n),ext(r2_hidden(_9052,_9054),[r1_tarski(_9054,_9066),-r2_hidden(_9052,_9066)],n)],[],[ext([r1_tarski(k1_relat_1(k2_wellord1(3^[],2^[])),2^[]),[-r1_tarski(_8982,_8984),-r2_hidden(1^[_8984,_8982],_8982)]]-[r1_tarski(k1_relat_1(k2_wellord1(3^[],2^[])),2^[]),[-r1_tarski(k1_relat_1(k2_wellord1(3^[],2^[])),2^[]),-r2_hidden(1^[2^[],k1_relat_1(k2_wellord1(3^[],2^[]))],k1_relat_1(k2_wellord1(3^[],2^[])))]]),red([-r1_tarski(k1_relat_1(k2_wellord1(3^[],2^[])),k1_relat_1(3^[])),r1_tarski(k1_relat_1(k2_wellord1(3^[],2^[])),k1_relat_1(3^[]))]-[-r1_tarski(k1_relat_1(k2_wellord1(3^[],2^[])),k1_relat_1(3^[])),r1_tarski(k1_relat_1(k2_wellord1(3^[],2^[])),k1_relat_1(3^[]))]),ext([-r2_hidden(1^[k1_relat_1(3^[]),k1_relat_1(k2_wellord1(3^[],2^[]))],k1_relat_1(3^[])),[r2_hidden(1^[_8728,_8734],_8728),-r1_tarski(_8734,_8728)]]-[-r2_hidden(1^[k1_relat_1(3^[]),k1_relat_1(k2_wellord1(3^[],2^[]))],k1_relat_1(3^[])),[r2_hidden(1^[k1_relat_1(3^[]),k1_relat_1(k2_wellord1(3^[],2^[]))],k1_relat_1(3^[])),-r1_tarski(k1_relat_1(k2_wellord1(3^[],2^[])),k1_relat_1(3^[]))]]),red([#,- #]-[#,- #]),ext([v1_relat_1(3^[]),[-v1_relat_1(3^[]),#]]-[v1_relat_1(3^[]),[-v1_relat_1(3^[]),#]]),ext([-r2_hidden(1^[k1_relat_1(3^[]),k1_relat_1(k2_wellord1(3^[],2^[]))],k1_relat_1(k2_wellord1(3^[],2^[]))),[r2_hidden(_8802,k1_relat_1(k2_wellord1(_8812,_8814))),v1_relat_1(_8812),-r2_hidden(_8802,k1_relat_1(_8812))]]-[-r2_hidden(1^[k1_relat_1(3^[]),k1_relat_1(k2_wellord1(3^[],2^[]))],k1_relat_1(k2_wellord1(3^[],2^[]))),[r2_hidden(1^[k1_relat_1(3^[]),k1_relat_1(k2_wellord1(3^[],2^[]))],k1_relat_1(k2_wellord1(3^[],2^[]))),v1_relat_1(3^[]),-r2_hidden(1^[k1_relat_1(3^[]),k1_relat_1(k2_wellord1(3^[],2^[]))],k1_relat_1(3^[]))]]),ext([r1_tarski(k1_relat_1(k2_wellord1(3^[],2^[])),k1_relat_1(3^[])),[-r1_tarski(_8886,_8888),-r2_hidden(1^[_8888,_8886],_8886)]]-[r1_tarski(k1_relat_1(k2_wellord1(3^[],2^[])),k1_relat_1(3^[])),[-r1_tarski(k1_relat_1(k2_wellord1(3^[],2^[])),k1_relat_1(3^[])),-r2_hidden(1^[k1_relat_1(3^[]),k1_relat_1(k2_wellord1(3^[],2^[]))],k1_relat_1(k2_wellord1(3^[],2^[])))]]),ext([- #,[#,r1_tarski(k1_relat_1(k2_wellord1(3^[],2^[])),k1_relat_1(3^[])),r1_tarski(k1_relat_1(k2_wellord1(3^[],2^[])),2^[])]]-[- #,[#,r1_tarski(k1_relat_1(k2_wellord1(3^[],2^[])),k1_relat_1(3^[])),r1_tarski(k1_relat_1(k2_wellord1(3^[],2^[])),2^[])]]),init(-# - -#)],0)state([r1_tarski(k1_relat_1(k2_wellord1(3^[],2^[])),2^[])],[- #],[r1_tarski(k1_relat_1(k2_wellord1(3^[],2^[])),k1_relat_1(3^[]))],[ext(-r1_tarski(_8536,_8538),[-r2_hidden(1^[_8538,_8536],_8536)],n),ext(-r1_tarski(_8488,_8490),[r2_hidden(1^[_8490,_8488],_8490)],n)],[],[red([-r1_tarski(k1_relat_1(k2_wellord1(3^[],2^[])),k1_relat_1(3^[])),r1_tarski(k1_relat_1(k2_wellord1(3^[],2^[])),k1_relat_1(3^[]))]-[-r1_tarski(k1_relat_1(k2_wellord1(3^[],2^[])),k1_relat_1(3^[])),r1_tarski(k1_relat_1(k2_wellord1(3^[],2^[])),k1_relat_1(3^[]))]),ext([-r2_hidden(1^[k1_relat_1(3^[]),k1_relat_1(k2_wellord1(3^[],2^[]))],k1_relat_1(3^[])),[r2_hidden(1^[_8404,_8410],_8404),-r1_tarski(_8410,_8404)]]-[-r2_hidden(1^[k1_relat_1(3^[]),k1_relat_1(k2_wellord1(3^[],2^[]))],k1_relat_1(3^[])),[r2_hidden(1^[k1_relat_1(3^[]),k1_relat_1(k2_wellord1(3^[],2^[]))],k1_relat_1(3^[])),-r1_tarski(k1_relat_1(k2_wellord1(3^[],2^[])),k1_relat_1(3^[]))]]),red([#,- #]-[#,- #]),ext([v1_relat_1(3^[]),[-v1_relat_1(3^[]),#]]-[v1_relat_1(3^[]),[-v1_relat_1(3^[]),#]]),ext([-r2_hidden(1^[k1_relat_1(3^[]),k1_relat_1(k2_wellord1(3^[],2^[]))],k1_relat_1(k2_wellord1(3^[],2^[]))),[r2_hidden(_8216,k1_relat_1(k2_wellord1(_8226,_8228))),v1_relat_1(_8226),-r2_hidden(_8216,k1_relat_1(_8226))]]-[-r2_hidden(1^[k1_relat_1(3^[]),k1_relat_1(k2_wellord1(3^[],2^[]))],k1_relat_1(k2_wellord1(3^[],2^[]))),[r2_hidden(1^[k1_relat_1(3^[]),k1_relat_1(k2_wellord1(3^[],2^[]))],k1_relat_1(k2_wellord1(3^[],2^[]))),v1_relat_1(3^[]),-r2_hidden(1^[k1_relat_1(3^[]),k1_relat_1(k2_wellord1(3^[],2^[]))],k1_relat_1(3^[]))]]),ext([r1_tarski(k1_relat_1(k2_wellord1(3^[],2^[])),k1_relat_1(3^[])),[-r1_tarski(_8300,_8302),-r2_hidden(1^[_8302,_8300],_8300)]]-[r1_tarski(k1_relat_1(k2_wellord1(3^[],2^[])),k1_relat_1(3^[])),[-r1_tarski(k1_relat_1(k2_wellord1(3^[],2^[])),k1_relat_1(3^[])),-r2_hidden(1^[k1_relat_1(3^[]),k1_relat_1(k2_wellord1(3^[],2^[]))],k1_relat_1(k2_wellord1(3^[],2^[])))]]),ext([- #,[#,r1_tarski(k1_relat_1(k2_wellord1(3^[],2^[])),k1_relat_1(3^[])),r1_tarski(k1_relat_1(k2_wellord1(3^[],2^[])),2^[])]]-[- #,[#,r1_tarski(k1_relat_1(k2_wellord1(3^[],2^[])),k1_relat_1(3^[])),r1_tarski(k1_relat_1(k2_wellord1(3^[],2^[])),2^[])]]),init(-# - -#)],0)state([r1_tarski(k1_relat_1(k2_wellord1(3^[],2^[])),2^[])],[- #],[r1_tarski(k1_relat_1(k2_wellord1(3^[],2^[])),k1_relat_1(3^[]))],[ext(-r1_tarski(_8536,_8538),[-r2_hidden(1^[_8538,_8536],_8536)],n),ext(-r1_tarski(_8488,_8490),[r2_hidden(1^[_8490,_8488],_8490)],n)],[],[red([-r1_tarski(k1_relat_1(k2_wellord1(3^[],2^[])),k1_relat_1(3^[])),r1_tarski(k1_relat_1(k2_wellord1(3^[],2^[])),k1_relat_1(3^[]))]-[-r1_tarski(k1_relat_1(k2_wellord1(3^[],2^[])),k1_relat_1(3^[])),r1_tarski(k1_relat_1(k2_wellord1(3^[],2^[])),k1_relat_1(3^[]))]),ext([-r2_hidden(1^[k1_relat_1(3^[]),k1_relat_1(k2_wellord1(3^[],2^[]))],k1_relat_1(3^[])),[r2_hidden(1^[_8404,_8410],_8404),-r1_tarski(_8410,_8404)]]-[-r2_hidden(1^[k1_relat_1(3^[]),k1_relat_1(k2_wellord1(3^[],2^[]))],k1_relat_1(3^[])),[r2_hidden(1^[k1_relat_1(3^[]),k1_relat_1(k2_wellord1(3^[],2^[]))],k1_relat_1(3^[])),-r1_tarski(k1_relat_1(k2_wellord1(3^[],2^[])),k1_relat_1(3^[]))]]),red([#,- #]-[#,- #]),ext([v1_relat_1(3^[]),[-v1_relat_1(3^[]),#]]-[v1_relat_1(3^[]),[-v1_relat_1(3^[]),#]]),ext([-r2_hidden(1^[k1_relat_1(3^[]),k1_relat_1(k2_wellord1(3^[],2^[]))],k1_relat_1(k2_wellord1(3^[],2^[]))),[r2_hidden(_8216,k1_relat_1(k2_wellord1(_8226,_8228))),v1_relat_1(_8226),-r2_hidden(_8216,k1_relat_1(_8226))]]-[-r2_hidden(1^[k1_relat_1(3^[]),k1_relat_1(k2_wellord1(3^[],2^[]))],k1_relat_1(k2_wellord1(3^[],2^[]))),[r2_hidden(1^[k1_relat_1(3^[]),k1_relat_1(k2_wellord1(3^[],2^[]))],k1_relat_1(k2_wellord1(3^[],2^[]))),v1_relat_1(3^[]),-r2_hidden(1^[k1_relat_1(3^[]),k1_relat_1(k2_wellord1(3^[],2^[]))],k1_relat_1(3^[]))]]),ext([r1_tarski(k1_relat_1(k2_wellord1(3^[],2^[])),k1_relat_1(3^[])),[-r1_tarski(_8300,_8302),-r2_hidden(1^[_8302,_8300],_8300)]]-[r1_tarski(k1_relat_1(k2_wellord1(3^[],2^[])),k1_relat_1(3^[])),[-r1_tarski(k1_relat_1(k2_wellord1(3^[],2^[])),k1_relat_1(3^[])),-r2_hidden(1^[k1_relat_1(3^[]),k1_relat_1(k2_wellord1(3^[],2^[]))],k1_relat_1(k2_wellord1(3^[],2^[])))]]),ext([- #,[#,r1_tarski(k1_relat_1(k2_wellord1(3^[],2^[])),k1_relat_1(3^[])),r1_tarski(k1_relat_1(k2_wellord1(3^[],2^[])),2^[])]]-[- #,[#,r1_tarski(k1_relat_1(k2_wellord1(3^[],2^[])),k1_relat_1(3^[])),r1_tarski(k1_relat_1(k2_wellord1(3^[],2^[])),2^[])]]),init(-# - -#)],0)state([-r2_hidden(1^[k1_relat_1(3^[]),k1_relat_1(k2_wellord1(3^[],2^[]))],k1_relat_1(3^[]))],[-r2_hidden(1^[k1_relat_1(3^[]),k1_relat_1(k2_wellord1(3^[],2^[]))],k1_relat_1(k2_wellord1(3^[],2^[]))),r1_tarski(k1_relat_1(k2_wellord1(3^[],2^[])),k1_relat_1(3^[])),- #],[v1_relat_1(3^[])],[ext(r2_hidden(1^[_3996,_4012],_3996),[-r1_tarski(_4012,_3996)],n),ext(r2_hidden(_3952,_3954),[r1_tarski(_3954,_3966),-r2_hidden(_3952,_3966)],n)],[[[r1_tarski(k1_relat_1(k2_wellord1(3^[],2^[])),2^[])],[- #],[r1_tarski(k1_relat_1(k2_wellord1(3^[],2^[])),k1_relat_1(3^[]))]]],[red([#,- #]-[#,- #]),ext([v1_relat_1(3^[]),[-v1_relat_1(3^[]),#]]-[v1_relat_1(3^[]),[-v1_relat_1(3^[]),#]]),ext([-r2_hidden(1^[k1_relat_1(3^[]),k1_relat_1(k2_wellord1(3^[],2^[]))],k1_relat_1(k2_wellord1(3^[],2^[]))),[r2_hidden(_3732,k1_relat_1(k2_wellord1(_3742,_3744))),v1_relat_1(_3742),-r2_hidden(_3732,k1_relat_1(_3742))]]-[-r2_hidden(1^[k1_relat_1(3^[]),k1_relat_1(k2_wellord1(3^[],2^[]))],k1_relat_1(k2_wellord1(3^[],2^[]))),[r2_hidden(1^[k1_relat_1(3^[]),k1_relat_1(k2_wellord1(3^[],2^[]))],k1_relat_1(k2_wellord1(3^[],2^[]))),v1_relat_1(3^[]),-r2_hidden(1^[k1_relat_1(3^[]),k1_relat_1(k2_wellord1(3^[],2^[]))],k1_relat_1(3^[]))]]),ext([r1_tarski(k1_relat_1(k2_wellord1(3^[],2^[])),k1_relat_1(3^[])),[-r1_tarski(_3816,_3818),-r2_hidden(1^[_3818,_3816],_3816)]]-[r1_tarski(k1_relat_1(k2_wellord1(3^[],2^[])),k1_relat_1(3^[])),[-r1_tarski(k1_relat_1(k2_wellord1(3^[],2^[])),k1_relat_1(3^[])),-r2_hidden(1^[k1_relat_1(3^[]),k1_relat_1(k2_wellord1(3^[],2^[]))],k1_relat_1(k2_wellord1(3^[],2^[])))]]),ext([- #,[#,r1_tarski(k1_relat_1(k2_wellord1(3^[],2^[])),k1_relat_1(3^[])),r1_tarski(k1_relat_1(k2_wellord1(3^[],2^[])),2^[])]]-[- #,[#,r1_tarski(k1_relat_1(k2_wellord1(3^[],2^[])),k1_relat_1(3^[])),r1_tarski(k1_relat_1(k2_wellord1(3^[],2^[])),2^[])]]),init(-# - -#)],0)state([-r2_hidden(1^[k1_relat_1(3^[]),k1_relat_1(k2_wellord1(3^[],2^[]))],k1_relat_1(3^[]))],[-r2_hidden(1^[k1_relat_1(3^[]),k1_relat_1(k2_wellord1(3^[],2^[]))],k1_relat_1(k2_wellord1(3^[],2^[]))),r1_tarski(k1_relat_1(k2_wellord1(3^[],2^[])),k1_relat_1(3^[])),- #],[v1_relat_1(3^[])],[ext(r2_hidden(1^[_3996,_4012],_3996),[-r1_tarski(_4012,_3996)],n),ext(r2_hidden(_3952,_3954),[r1_tarski(_3954,_3966),-r2_hidden(_3952,_3966)],n)],[[[r1_tarski(k1_relat_1(k2_wellord1(3^[],2^[])),2^[])],[- #],[r1_tarski(k1_relat_1(k2_wellord1(3^[],2^[])),k1_relat_1(3^[]))]]],[red([#,- #]-[#,- #]),ext([v1_relat_1(3^[]),[-v1_relat_1(3^[]),#]]-[v1_relat_1(3^[]),[-v1_relat_1(3^[]),#]]),ext([-r2_hidden(1^[k1_relat_1(3^[]),k1_relat_1(k2_wellord1(3^[],2^[]))],k1_relat_1(k2_wellord1(3^[],2^[]))),[r2_hidden(_3732,k1_relat_1(k2_wellord1(_3742,_3744))),v1_relat_1(_3742),-r2_hidden(_3732,k1_relat_1(_3742))]]-[-r2_hidden(1^[k1_relat_1(3^[]),k1_relat_1(k2_wellord1(3^[],2^[]))],k1_relat_1(k2_wellord1(3^[],2^[]))),[r2_hidden(1^[k1_relat_1(3^[]),k1_relat_1(k2_wellord1(3^[],2^[]))],k1_relat_1(k2_wellord1(3^[],2^[]))),v1_relat_1(3^[]),-r2_hidden(1^[k1_relat_1(3^[]),k1_relat_1(k2_wellord1(3^[],2^[]))],k1_relat_1(3^[]))]]),ext([r1_tarski(k1_relat_1(k2_wellord1(3^[],2^[])),k1_relat_1(3^[])),[-r1_tarski(_3816,_3818),-r2_hidden(1^[_3818,_3816],_3816)]]-[r1_tarski(k1_relat_1(k2_wellord1(3^[],2^[])),k1_relat_1(3^[])),[-r1_tarski(k1_relat_1(k2_wellord1(3^[],2^[])),k1_relat_1(3^[])),-r2_hidden(1^[k1_relat_1(3^[]),k1_relat_1(k2_wellord1(3^[],2^[]))],k1_relat_1(k2_wellord1(3^[],2^[])))]]),ext([- #,[#,r1_tarski(k1_relat_1(k2_wellord1(3^[],2^[])),k1_relat_1(3^[])),r1_tarski(k1_relat_1(k2_wellord1(3^[],2^[])),2^[])]]-[- #,[#,r1_tarski(k1_relat_1(k2_wellord1(3^[],2^[])),k1_relat_1(3^[])),r1_tarski(k1_relat_1(k2_wellord1(3^[],2^[])),2^[])]]),init(-# - -#)],0)state([v1_relat_1(3^[]),-r2_hidden(1^[k1_relat_1(3^[]),k1_relat_1(k2_wellord1(3^[],2^[]))],k1_relat_1(3^[]))],[-r2_hidden(1^[k1_relat_1(3^[]),k1_relat_1(k2_wellord1(3^[],2^[]))],k1_relat_1(k2_wellord1(3^[],2^[]))),r1_tarski(k1_relat_1(k2_wellord1(3^[],2^[])),k1_relat_1(3^[])),- #],[],[ext(-v1_relat_1(3^[]),[#],g)],[[[r1_tarski(k1_relat_1(k2_wellord1(3^[],2^[])),2^[])],[- #],[r1_tarski(k1_relat_1(k2_wellord1(3^[],2^[])),k1_relat_1(3^[]))]]],[ext([-r2_hidden(1^[k1_relat_1(3^[]),k1_relat_1(k2_wellord1(3^[],2^[]))],k1_relat_1(k2_wellord1(3^[],2^[]))),[r2_hidden(_2790,k1_relat_1(k2_wellord1(_2800,_2802))),v1_relat_1(_2800),-r2_hidden(_2790,k1_relat_1(_2800))]]-[-r2_hidden(1^[k1_relat_1(3^[]),k1_relat_1(k2_wellord1(3^[],2^[]))],k1_relat_1(k2_wellord1(3^[],2^[]))),[r2_hidden(1^[k1_relat_1(3^[]),k1_relat_1(k2_wellord1(3^[],2^[]))],k1_relat_1(k2_wellord1(3^[],2^[]))),v1_relat_1(3^[]),-r2_hidden(1^[k1_relat_1(3^[]),k1_relat_1(k2_wellord1(3^[],2^[]))],k1_relat_1(3^[]))]]),ext([r1_tarski(k1_relat_1(k2_wellord1(3^[],2^[])),k1_relat_1(3^[])),[-r1_tarski(_2698,_2700),-r2_hidden(1^[_2700,_2698],_2698)]]-[r1_tarski(k1_relat_1(k2_wellord1(3^[],2^[])),k1_relat_1(3^[])),[-r1_tarski(k1_relat_1(k2_wellord1(3^[],2^[])),k1_relat_1(3^[])),-r2_hidden(1^[k1_relat_1(3^[]),k1_relat_1(k2_wellord1(3^[],2^[]))],k1_relat_1(k2_wellord1(3^[],2^[])))]]),ext([- #,[#,r1_tarski(k1_relat_1(k2_wellord1(3^[],2^[])),k1_relat_1(3^[])),r1_tarski(k1_relat_1(k2_wellord1(3^[],2^[])),2^[])]]-[- #,[#,r1_tarski(k1_relat_1(k2_wellord1(3^[],2^[])),k1_relat_1(3^[])),r1_tarski(k1_relat_1(k2_wellord1(3^[],2^[])),2^[])]]),init(-# - -#)],0)state([-r2_hidden(1^[k1_relat_1(3^[]),k1_relat_1(k2_wellord1(3^[],2^[]))],k1_relat_1(k2_wellord1(3^[],2^[])))],[r1_tarski(k1_relat_1(k2_wellord1(3^[],2^[])),k1_relat_1(3^[])),- #],[],[ext(r2_hidden(_2494,k1_relat_1(k2_wellord1(_2504,_2506))),[v1_relat_1(_2504),-r2_hidden(_2494,k1_relat_1(_2504))],n),ext(r2_hidden(_2444,k1_relat_1(k2_wellord1(_2454,_2456))),[v1_relat_1(_2454),-r2_hidden(_2444,_2456)],n),ext(r2_hidden(_2402,_2404),[r1_tarski(_2404,_2416),-r2_hidden(_2402,_2416)],n)],[[[r1_tarski(k1_relat_1(k2_wellord1(3^[],2^[])),2^[])],[- #],[r1_tarski(k1_relat_1(k2_wellord1(3^[],2^[])),k1_relat_1(3^[]))]]],[ext([r1_tarski(k1_relat_1(k2_wellord1(3^[],2^[])),k1_relat_1(3^[])),[-r1_tarski(_2302,_2304),-r2_hidden(1^[_2304,_2302],_2302)]]-[r1_tarski(k1_relat_1(k2_wellord1(3^[],2^[])),k1_relat_1(3^[])),[-r1_tarski(k1_relat_1(k2_wellord1(3^[],2^[])),k1_relat_1(3^[])),-r2_hidden(1^[k1_relat_1(3^[]),k1_relat_1(k2_wellord1(3^[],2^[]))],k1_relat_1(k2_wellord1(3^[],2^[])))]]),ext([- #,[#,r1_tarski(k1_relat_1(k2_wellord1(3^[],2^[])),k1_relat_1(3^[])),r1_tarski(k1_relat_1(k2_wellord1(3^[],2^[])),2^[])]]-[- #,[#,r1_tarski(k1_relat_1(k2_wellord1(3^[],2^[])),k1_relat_1(3^[])),r1_tarski(k1_relat_1(k2_wellord1(3^[],2^[])),2^[])]]),init(-# - -#)],0)state([-r2_hidden(1^[k1_relat_1(3^[]),k1_relat_1(k2_wellord1(3^[],2^[]))],k1_relat_1(k2_wellord1(3^[],2^[])))],[r1_tarski(k1_relat_1(k2_wellord1(3^[],2^[])),k1_relat_1(3^[])),- #],[],[ext(r2_hidden(_2494,k1_relat_1(k2_wellord1(_2504,_2506))),[v1_relat_1(_2504),-r2_hidden(_2494,k1_relat_1(_2504))],n),ext(r2_hidden(_2444,k1_relat_1(k2_wellord1(_2454,_2456))),[v1_relat_1(_2454),-r2_hidden(_2444,_2456)],n),ext(r2_hidden(_2402,_2404),[r1_tarski(_2404,_2416),-r2_hidden(_2402,_2416)],n)],[[[r1_tarski(k1_relat_1(k2_wellord1(3^[],2^[])),2^[])],[- #],[r1_tarski(k1_relat_1(k2_wellord1(3^[],2^[])),k1_relat_1(3^[]))]]],[ext([r1_tarski(k1_relat_1(k2_wellord1(3^[],2^[])),k1_relat_1(3^[])),[-r1_tarski(_2302,_2304),-r2_hidden(1^[_2304,_2302],_2302)]]-[r1_tarski(k1_relat_1(k2_wellord1(3^[],2^[])),k1_relat_1(3^[])),[-r1_tarski(k1_relat_1(k2_wellord1(3^[],2^[])),k1_relat_1(3^[])),-r2_hidden(1^[k1_relat_1(3^[]),k1_relat_1(k2_wellord1(3^[],2^[]))],k1_relat_1(k2_wellord1(3^[],2^[])))]]),ext([- #,[#,r1_tarski(k1_relat_1(k2_wellord1(3^[],2^[])),k1_relat_1(3^[])),r1_tarski(k1_relat_1(k2_wellord1(3^[],2^[])),2^[])]]-[- #,[#,r1_tarski(k1_relat_1(k2_wellord1(3^[],2^[])),k1_relat_1(3^[])),r1_tarski(k1_relat_1(k2_wellord1(3^[],2^[])),2^[])]]),init(-# - -#)],0)state([-r2_hidden(1^[k1_relat_1(3^[]),k1_relat_1(k2_wellord1(3^[],2^[]))],k1_relat_1(k2_wellord1(3^[],2^[])))],[r1_tarski(k1_relat_1(k2_wellord1(3^[],2^[])),k1_relat_1(3^[])),- #],[],[ext(r2_hidden(_2494,k1_relat_1(k2_wellord1(_2504,_2506))),[v1_relat_1(_2504),-r2_hidden(_2494,k1_relat_1(_2504))],n),ext(r2_hidden(_2444,k1_relat_1(k2_wellord1(_2454,_2456))),[v1_relat_1(_2454),-r2_hidden(_2444,_2456)],n),ext(r2_hidden(_2402,_2404),[r1_tarski(_2404,_2416),-r2_hidden(_2402,_2416)],n)],[[[r1_tarski(k1_relat_1(k2_wellord1(3^[],2^[])),2^[])],[- #],[r1_tarski(k1_relat_1(k2_wellord1(3^[],2^[])),k1_relat_1(3^[]))]]],[ext([r1_tarski(k1_relat_1(k2_wellord1(3^[],2^[])),k1_relat_1(3^[])),[-r1_tarski(_2302,_2304),-r2_hidden(1^[_2304,_2302],_2302)]]-[r1_tarski(k1_relat_1(k2_wellord1(3^[],2^[])),k1_relat_1(3^[])),[-r1_tarski(k1_relat_1(k2_wellord1(3^[],2^[])),k1_relat_1(3^[])),-r2_hidden(1^[k1_relat_1(3^[]),k1_relat_1(k2_wellord1(3^[],2^[]))],k1_relat_1(k2_wellord1(3^[],2^[])))]]),ext([- #,[#,r1_tarski(k1_relat_1(k2_wellord1(3^[],2^[])),k1_relat_1(3^[])),r1_tarski(k1_relat_1(k2_wellord1(3^[],2^[])),2^[])]]-[- #,[#,r1_tarski(k1_relat_1(k2_wellord1(3^[],2^[])),k1_relat_1(3^[])),r1_tarski(k1_relat_1(k2_wellord1(3^[],2^[])),2^[])]]),init(-# - -#)],0)state([r1_tarski(k1_relat_1(k2_wellord1(3^[],2^[])),k1_relat_1(3^[])),r1_tarski(k1_relat_1(k2_wellord1(3^[],2^[])),2^[])],[- #],[],[ext(-r1_tarski(_2106,_2108),[-r2_hidden(1^[_2108,_2106],_2106)],n),ext(-r1_tarski(_2058,_2060),[r2_hidden(1^[_2060,_2058],_2060)],n)],[],[ext([- #,[#,r1_tarski(k1_relat_1(k2_wellord1(3^[],2^[])),k1_relat_1(3^[])),r1_tarski(k1_relat_1(k2_wellord1(3^[],2^[])),2^[])]]-[- #,[#,r1_tarski(k1_relat_1(k2_wellord1(3^[],2^[])),k1_relat_1(3^[])),r1_tarski(k1_relat_1(k2_wellord1(3^[],2^[])),2^[])]]),init(-# - -#)],0)state([r1_tarski(k1_relat_1(k2_wellord1(3^[],2^[])),k1_relat_1(3^[])),r1_tarski(k1_relat_1(k2_wellord1(3^[],2^[])),2^[])],[- #],[],[ext(-r1_tarski(_2106,_2108),[-r2_hidden(1^[_2108,_2106],_2106)],n),ext(-r1_tarski(_2058,_2060),[r2_hidden(1^[_2060,_2058],_2060)],n)],[],[ext([- #,[#,r1_tarski(k1_relat_1(k2_wellord1(3^[],2^[])),k1_relat_1(3^[])),r1_tarski(k1_relat_1(k2_wellord1(3^[],2^[])),2^[])]]-[- #,[#,r1_tarski(k1_relat_1(k2_wellord1(3^[],2^[])),k1_relat_1(3^[])),r1_tarski(k1_relat_1(k2_wellord1(3^[],2^[])),2^[])]]),init(-# - -#)],0)state([- #],[],[],[ext(#,[-v1_relat_1(3^[])],g),ext(#,[r1_tarski(k1_relat_1(k2_wellord1(3^[],2^[])),k1_relat_1(3^[])),r1_tarski(k1_relat_1(k2_wellord1(3^[],2^[])),2^[])],g)],[],[init(-# - -#)],0)state([- #],[],[],[ext(#,[-v1_relat_1(3^[])],g),ext(#,[r1_tarski(k1_relat_1(k2_wellord1(3^[],2^[])),k1_relat_1(3^[])),r1_tarski(k1_relat_1(k2_wellord1(3^[],2^[])),2^[])],g)],[],[init(-# - -#)],0)Policy data saved
Training data saved
Execution time: 9.986 sec
Full query: 
 swipl -g '["core/montecarlo.pl"], mc_run("theorems/m2np/t13_wellord1.p",[guided(0),cp(1),sim_depth(0),playout_count(200000),min_visit_count(1),n_dim(10000),playout_time(300), output_format(svmlight), leancop_settings([conj,nodef,comp(1000),eager_reduction(1),paramodulation(1)]),return_to_root(0),save_all_proofs(0),temperature(2),save_all_policy(0),save_all_value(1),lemma_features(0),inference_limit(200000),collapse_vars(0),bigstep_frequency(2000)],"results/plcop_paramodulation/train_value","results/plcop_paramodulation/train_policy","results/plcop_paramodulation/clauses","results/plcop_paramodulation/proofs",ExecutionTime), halt.'
