Prolog query: 
 mc_run("theorems/m2np/t154_relat_1.p",[guided(0),cp(1),sim_depth(0),playout_count(200000),min_visit_count(1),n_dim(10000),playout_time(300), output_format(svmlight), leancop_settings([conj,nodef,comp(1000),eager_reduction(1),paramodulation(1)]),return_to_root(0),save_all_proofs(0),temperature(2),save_all_policy(0),save_all_value(1),lemma_features(0),inference_limit(200000),collapse_vars(0),bigstep_frequency(2000)],"results/plcop_paramodulation/train_value","results/plcop_paramodulation/train_policy","results/plcop_paramodulation/clauses","results/plcop_paramodulation/proofs",ExecutionTime)
Trying to open file theorems/m2np/t154_relat_1.p...
Successfully opened file theorems/m2np/t154_relat_1.p
200000 playouts remaining
Moving root from 0 to 7
Moving root from 7 to 8
195000 playouts remaining
Moving root from 8 to 508
Moving root from 508 to 2224
Moving root from 2224 to 4272
190000 playouts remaining
Moving root from 4272 to 6929
Moving root from 6929 to 7521
185000 playouts remaining
Moving root from 7521 to 10186
Moving root from 10186 to 11815
Moving root from 11815 to 12058
180000 playouts remaining
Moving root from 12058 to 16081
Moving root from 16081 to 17798
175000 playouts remaining
Moving root from 17798 to 19576
Moving root from 19576 to 21431
Moving root from 21431 to 23625
170000 playouts remaining
Moving root from 23625 to 25444
Full query: 
 swipl -g '["core/montecarlo.pl"], mc_run("theorems/m2np/t154_relat_1.p",[guided(0),cp(1),sim_depth(0),playout_count(200000),min_visit_count(1),n_dim(10000),playout_time(300), output_format(svmlight), leancop_settings([conj,nodef,comp(1000),eager_reduction(1),paramodulation(1)]),return_to_root(0),save_all_proofs(0),temperature(2),save_all_policy(0),save_all_value(1),lemma_features(0),inference_limit(200000),collapse_vars(0),bigstep_frequency(2000)],"results/plcop_paramodulation/train_value","results/plcop_paramodulation/train_policy","results/plcop_paramodulation/clauses","results/plcop_paramodulation/proofs",ExecutionTime), halt.'
