Prolog query: 
 mc_run("theorems/m2np/t181_relat_1.p",[guided(0),cp(1),sim_depth(0),playout_count(200000),min_visit_count(1),n_dim(10000),playout_time(300), output_format(svmlight), leancop_settings([conj,nodef,comp(1000),eager_reduction(1),paramodulation(1)]),return_to_root(0),save_all_proofs(0),temperature(2),save_all_policy(0),save_all_value(1),lemma_features(0),inference_limit(200000),collapse_vars(0),bigstep_frequency(2000)],"results/plcop_paramodulation/train_value","results/plcop_paramodulation/train_policy","results/plcop_paramodulation/clauses","results/plcop_paramodulation/proofs",ExecutionTime)
Trying to open file theorems/m2np/t181_relat_1.p...
Successfully opened file theorems/m2np/t181_relat_1.p
200000 playouts remaining
SUCCESS
   Init: 	-#
   Extension: 	[- #,[#,-r1_tarski(1^[],2^[])]]
   Extension: 	[-r1_tarski(1^[],2^[]),[r1_tarski(A,B),-r1_xboole_0(A,k4_xboole_0(_,B))]]
   Paramodulation: 	[-r1_xboole_0(1^[],k4_xboole_0(_,2^[])),[0,1],k6_subset_1(A,B),k4_xboole_0(A,B),[],r2l]
   Paramodulation: 	[-r1_xboole_0(1^[],k6_subset_1(_,2^[])),[0,1],k9_xtuple_0(k6_subset_1(A,k5_relat_1(A,B))),k6_subset_1(k9_xtuple_0(A),B),[v1_relat_1(A)],r2l]
   Extension: 	[-r1_xboole_0(1^[],k9_xtuple_0(k6_subset_1(A,k5_relat_1(A,2^[])))),[r1_xboole_0(B,k9_xtuple_0(C)),v1_relat_1(C),- (k5_relat_1(C,B)=k1_xboole_0)]]
   Paramodulation: 	[v1_relat_1(k6_subset_1(A,k5_relat_1(A,2^[]))),[0],k6_subset_1(B,C),k4_xboole_0(B,C),[],l2r]
   Extension: 	[v1_relat_1(k4_xboole_0(A,k5_relat_1(A,2^[]))),[-v1_relat_1(k4_xboole_0(B,_)),v1_relat_1(B)]]
   Extension: 	[v1_relat_1(_),[-v1_relat_1(3^[]),#]]
   Reduction: 	[#,- #]
   Extension: 	[- (k5_relat_1(k6_subset_1(3^[],k5_relat_1(3^[],2^[])),1^[])=k1_xboole_0),[k5_relat_1(k6_subset_1(3^[],k5_relat_1(3^[],2^[])),1^[])=k1_xboole_0,#]]
   Reduction: 	[#,- #]
   Extension: 	[v1_relat_1(3^[]),[-v1_relat_1(3^[]),#]]
   Reduction: 	[#,- #]
Created leancop proof

FIRST PROOF FOUND AFTER 362 STEPS

Moving root from 0 to 12
Moving root from 12 to 13
195000 playouts remaining
Moving root from 13 to 33
Moving root from 33 to 114
Moving root from 114 to 115
190000 playouts remaining
Moving root from 115 to 278
Moving root from 278 to 337
185000 playouts remaining
Moving root from 337 to 338
Moving root from 338 to 357
Moving root from 357 to 358
180000 playouts remaining
Unable to move root from 358
Unable to move root from 358
175000 playouts remaining
Unable to move root from 358
Unable to move root from 358
Unable to move root from 358
170000 playouts remaining
Unable to move root from 358
Unable to move root from 358
165000 playouts remaining
Unable to move root from 358
Unable to move root from 358
Unable to move root from 358
160000 playouts remaining
Unable to move root from 358
Unable to move root from 358
155000 playouts remaining
Unable to move root from 358
Unable to move root from 358
Unable to move root from 358
150000 playouts remaining
Unable to move root from 358
Unable to move root from 358
145000 playouts remaining
Unable to move root from 358
Unable to move root from 358
Unable to move root from 358
140000 playouts remaining
Unable to move root from 358
Unable to move root from 358
135000 playouts remaining
Unable to move root from 358
Unable to move root from 358
Unable to move root from 358
130000 playouts remaining
Unable to move root from 358
Unable to move root from 358
125000 playouts remaining
Unable to move root from 358
Unable to move root from 358
Unable to move root from 358
120000 playouts remaining
Unable to move root from 358
Unable to move root from 358
115000 playouts remaining
Unable to move root from 358
Unable to move root from 358
Unable to move root from 358
110000 playouts remaining
Unable to move root from 358
Unable to move root from 358
105000 playouts remaining
Unable to move root from 358
Unable to move root from 358
Unable to move root from 358
100000 playouts remaining
Unable to move root from 358
Unable to move root from 358
95000 playouts remaining
Unable to move root from 358
Unable to move root from 358
Unable to move root from 358
90000 playouts remaining
Unable to move root from 358
Unable to move root from 358
85000 playouts remaining
Unable to move root from 358
Unable to move root from 358
Unable to move root from 358
80000 playouts remaining
Unable to move root from 358
Unable to move root from 358
75000 playouts remaining
Unable to move root from 358
Unable to move root from 358
Unable to move root from 358
70000 playouts remaining
Unable to move root from 358
Unable to move root from 358
65000 playouts remaining
Unable to move root from 358
Unable to move root from 358
Unable to move root from 358
60000 playouts remaining
Unable to move root from 358
Unable to move root from 358
55000 playouts remaining
Unable to move root from 358
Unable to move root from 358
Unable to move root from 358
50000 playouts remaining
Unable to move root from 358
Unable to move root from 358
45000 playouts remaining
Unable to move root from 358
Unable to move root from 358
Unable to move root from 358
40000 playouts remaining
Unable to move root from 358
Unable to move root from 358
35000 playouts remaining
Unable to move root from 358
Unable to move root from 358
Unable to move root from 358
30000 playouts remaining
Unable to move root from 358
Unable to move root from 358
25000 playouts remaining
Unable to move root from 358
Unable to move root from 358
Unable to move root from 358
20000 playouts remaining
Unable to move root from 358
Unable to move root from 358
15000 playouts remaining
Unable to move root from 358
Unable to move root from 358
Unable to move root from 358
10000 playouts remaining
Unable to move root from 358
Unable to move root from 358
5000 playouts remaining
Unable to move root from 358
Unable to move root from 358
Unable to move root from 358
Created 367 nodes
Performed 108799 inferences
Bigstep Nodes: 11, [0,12,13,33,114,115,278,337,338,357,358]
Training data collected
state([success],[],[],[],[],[red([#,- #]-[#,- #]),ext([v1_relat_1(3^[]),[-v1_relat_1(3^[]),#]]-[v1_relat_1(3^[]),[-v1_relat_1(3^[]),#]]),red([#,- #]-[#,- #]),ext([- (k5_relat_1(k6_subset_1(3^[],k5_relat_1(3^[],2^[])),1^[])=k1_xboole_0),[k5_relat_1(k6_subset_1(3^[],k5_relat_1(3^[],2^[])),1^[])=k1_xboole_0,#]]-[- (k5_relat_1(k6_subset_1(3^[],k5_relat_1(3^[],2^[])),1^[])=k1_xboole_0),[k5_relat_1(k6_subset_1(3^[],k5_relat_1(3^[],2^[])),1^[])=k1_xboole_0,#]]),red([#,- #]-[#,- #]),ext([v1_relat_1(_563166),[-v1_relat_1(3^[]),#]]-[v1_relat_1(3^[]),[-v1_relat_1(3^[]),#]]),ext([v1_relat_1(k4_xboole_0(_563196,k5_relat_1(_563196,2^[]))),[-v1_relat_1(k4_xboole_0(_563228,_563230)),v1_relat_1(_563228)]]-[v1_relat_1(k4_xboole_0(3^[],k5_relat_1(3^[],2^[]))),[-v1_relat_1(k4_xboole_0(3^[],k5_relat_1(3^[],2^[]))),v1_relat_1(3^[])]]),para([v1_relat_1(k6_subset_1(_563270,k5_relat_1(_563270,2^[]))),[0],k6_subset_1(_563294,_563296),k4_xboole_0(_563294,_563296),[],l2r]-[v1_relat_1(k6_subset_1(3^[],k5_relat_1(3^[],2^[]))),[0],k6_subset_1(3^[],k5_relat_1(3^[],2^[])),k4_xboole_0(3^[],k5_relat_1(3^[],2^[])),[],l2r]),ext([-r1_xboole_0(1^[],k9_xtuple_0(k6_subset_1(_563348,k5_relat_1(_563348,2^[])))),[r1_xboole_0(_563372,k9_xtuple_0(_563378)),v1_relat_1(_563378),- (k5_relat_1(_563378,_563372)=k1_xboole_0)]]-[-r1_xboole_0(1^[],k9_xtuple_0(k6_subset_1(3^[],k5_relat_1(3^[],2^[])))),[r1_xboole_0(1^[],k9_xtuple_0(k6_subset_1(3^[],k5_relat_1(3^[],2^[])))),v1_relat_1(k6_subset_1(3^[],k5_relat_1(3^[],2^[]))),- (k5_relat_1(k6_subset_1(3^[],k5_relat_1(3^[],2^[])),1^[])=k1_xboole_0)]]),para([-r1_xboole_0(1^[],k6_subset_1(_563446,2^[])),[0,1],k9_xtuple_0(k6_subset_1(_563468,k5_relat_1(_563468,_563476))),k6_subset_1(k9_xtuple_0(_563468),_563476),[v1_relat_1(_563468)],r2l]-[-r1_xboole_0(1^[],k6_subset_1(k9_xtuple_0(3^[]),2^[])),[0,1],k9_xtuple_0(k6_subset_1(3^[],k5_relat_1(3^[],2^[]))),k6_subset_1(k9_xtuple_0(3^[]),2^[]),[v1_relat_1(3^[])],r2l]),para([-r1_xboole_0(1^[],k4_xboole_0(_563544,2^[])),[0,1],k6_subset_1(_563562,_563564),k4_xboole_0(_563562,_563564),[],r2l]-[-r1_xboole_0(1^[],k4_xboole_0(k9_xtuple_0(3^[]),2^[])),[0,1],k6_subset_1(k9_xtuple_0(3^[]),2^[]),k4_xboole_0(k9_xtuple_0(3^[]),2^[]),[],r2l]),ext([-r1_tarski(1^[],2^[]),[r1_tarski(_563614,_563616),-r1_xboole_0(_563614,k4_xboole_0(_563636,_563616))]]-[-r1_tarski(1^[],2^[]),[r1_tarski(1^[],2^[]),-r1_xboole_0(1^[],k4_xboole_0(k9_xtuple_0(3^[]),2^[]))]]),ext([- #,[#,-r1_tarski(1^[],2^[])]]-[- #,[#,-r1_tarski(1^[],2^[])]]),init(-# - -#)],1)state([v1_relat_1(3^[])],[-r1_xboole_0(1^[],k6_subset_1(k9_xtuple_0(3^[]),2^[])),-r1_xboole_0(1^[],k4_xboole_0(k9_xtuple_0(3^[]),2^[])),-r1_tarski(1^[],2^[]),- #],[-r1_xboole_0(1^[],k9_xtuple_0(k6_subset_1(3^[],k5_relat_1(3^[],2^[]))))],[ext(-v1_relat_1(3^[]),[#],g),ext(-v1_relat_1(_562964),[_562974=_562964,v1_relat_1(_562974)],n)],[],[red([#,- #]-[#,- #]),ext([- (k5_relat_1(k6_subset_1(3^[],k5_relat_1(3^[],2^[])),1^[])=k1_xboole_0),[k5_relat_1(k6_subset_1(3^[],k5_relat_1(3^[],2^[])),1^[])=k1_xboole_0,#]]-[- (k5_relat_1(k6_subset_1(3^[],k5_relat_1(3^[],2^[])),1^[])=k1_xboole_0),[k5_relat_1(k6_subset_1(3^[],k5_relat_1(3^[],2^[])),1^[])=k1_xboole_0,#]]),red([#,- #]-[#,- #]),ext([v1_relat_1(_562394),[-v1_relat_1(3^[]),#]]-[v1_relat_1(3^[]),[-v1_relat_1(3^[]),#]]),ext([v1_relat_1(k4_xboole_0(_562424,k5_relat_1(_562424,2^[]))),[-v1_relat_1(k4_xboole_0(_562456,_562458)),v1_relat_1(_562456)]]-[v1_relat_1(k4_xboole_0(3^[],k5_relat_1(3^[],2^[]))),[-v1_relat_1(k4_xboole_0(3^[],k5_relat_1(3^[],2^[]))),v1_relat_1(3^[])]]),para([v1_relat_1(k6_subset_1(_562498,k5_relat_1(_562498,2^[]))),[0],k6_subset_1(_562522,_562524),k4_xboole_0(_562522,_562524),[],l2r]-[v1_relat_1(k6_subset_1(3^[],k5_relat_1(3^[],2^[]))),[0],k6_subset_1(3^[],k5_relat_1(3^[],2^[])),k4_xboole_0(3^[],k5_relat_1(3^[],2^[])),[],l2r]),ext([-r1_xboole_0(1^[],k9_xtuple_0(k6_subset_1(_562576,k5_relat_1(_562576,2^[])))),[r1_xboole_0(_562600,k9_xtuple_0(_562606)),v1_relat_1(_562606),- (k5_relat_1(_562606,_562600)=k1_xboole_0)]]-[-r1_xboole_0(1^[],k9_xtuple_0(k6_subset_1(3^[],k5_relat_1(3^[],2^[])))),[r1_xboole_0(1^[],k9_xtuple_0(k6_subset_1(3^[],k5_relat_1(3^[],2^[])))),v1_relat_1(k6_subset_1(3^[],k5_relat_1(3^[],2^[]))),- (k5_relat_1(k6_subset_1(3^[],k5_relat_1(3^[],2^[])),1^[])=k1_xboole_0)]]),para([-r1_xboole_0(1^[],k6_subset_1(_562674,2^[])),[0,1],k9_xtuple_0(k6_subset_1(_562696,k5_relat_1(_562696,_562704))),k6_subset_1(k9_xtuple_0(_562696),_562704),[v1_relat_1(_562696)],r2l]-[-r1_xboole_0(1^[],k6_subset_1(k9_xtuple_0(3^[]),2^[])),[0,1],k9_xtuple_0(k6_subset_1(3^[],k5_relat_1(3^[],2^[]))),k6_subset_1(k9_xtuple_0(3^[]),2^[]),[v1_relat_1(3^[])],r2l]),para([-r1_xboole_0(1^[],k4_xboole_0(_562772,2^[])),[0,1],k6_subset_1(_562790,_562792),k4_xboole_0(_562790,_562792),[],r2l]-[-r1_xboole_0(1^[],k4_xboole_0(k9_xtuple_0(3^[]),2^[])),[0,1],k6_subset_1(k9_xtuple_0(3^[]),2^[]),k4_xboole_0(k9_xtuple_0(3^[]),2^[]),[],r2l]),ext([-r1_tarski(1^[],2^[]),[r1_tarski(_562842,_562844),-r1_xboole_0(_562842,k4_xboole_0(_562864,_562844))]]-[-r1_tarski(1^[],2^[]),[r1_tarski(1^[],2^[]),-r1_xboole_0(1^[],k4_xboole_0(k9_xtuple_0(3^[]),2^[]))]]),ext([- #,[#,-r1_tarski(1^[],2^[])]]-[- #,[#,-r1_tarski(1^[],2^[])]]),init(-# - -#)],0)state([- (k5_relat_1(k6_subset_1(3^[],k5_relat_1(3^[],2^[])),1^[])=k1_xboole_0)],[-r1_xboole_0(1^[],k9_xtuple_0(k6_subset_1(3^[],k5_relat_1(3^[],2^[])))),-r1_xboole_0(1^[],k6_subset_1(k9_xtuple_0(3^[]),2^[])),-r1_xboole_0(1^[],k4_xboole_0(k9_xtuple_0(3^[]),2^[])),-r1_tarski(1^[],2^[]),- #],[v1_relat_1(k6_subset_1(3^[],k5_relat_1(3^[],2^[])))],[ext(k5_relat_1(k6_subset_1(3^[],k5_relat_1(3^[],2^[])),1^[])=k1_xboole_0,[#],g),ext(_522432=_522434,[- (k9_xtuple_0(_522432)=k9_xtuple_0(_522434))],n),ext(_522378=_522380,[- (k4_xboole_0(_522378,_522402)=k4_xboole_0(_522380,_522408)),_522402=_522408],n),ext(_522324=_522326,[- (k4_xboole_0(_522346,_522324)=k4_xboole_0(_522352,_522326)),_522346=_522352],n),ext(_522270=_522272,[- (k6_subset_1(_522270,_522294)=k6_subset_1(_522272,_522300)),_522294=_522300],n),ext(_522216=_522218,[- (k6_subset_1(_522238,_522216)=k6_subset_1(_522244,_522218)),_522238=_522244],n),ext(_522162=_522164,[- (k5_relat_1(_522162,_522186)=k5_relat_1(_522164,_522192)),_522186=_522192],n),ext(_522108=_522110,[- (k5_relat_1(_522130,_522108)=k5_relat_1(_522136,_522110)),_522130=_522136],n),ext(_522078=_522080,[- (_522080=_522078)],n),ext(_522036=_522038,[- (_522036=_522054),_522038=_522054],n),ext(_521994=_521996,[- (_522010=_521996),_522010=_521994],n),ext(_521940=_521942,[-r1_xboole_0(_521942,_521958),r1_xboole_0(_521940,_521970),_521970=_521958],n),ext(_521886=_521888,[-r1_xboole_0(_521902,_521888),r1_xboole_0(_521914,_521886),_521914=_521902],n),ext(_521848=_521850,[-v1_relat_1(_521850),v1_relat_1(_521848)],n),ext(_521794=_521796,[-r1_tarski(_521796,_521812),r1_tarski(_521794,_521824),_521824=_521812],n),ext(_521740=_521742,[-r1_tarski(_521756,_521742),r1_tarski(_521768,_521740),_521768=_521756],n),para([0,0,0],k6_subset_1(_522678,_522680),k4_xboole_0(_522678,_522680),[],l2r),para([0,0],k5_relat_1(_522616,_522618),k1_xboole_0,[v1_relat_1(_522616),r1_xboole_0(_522618,k9_xtuple_0(_522616))],l2r),para([0,0,0,1],k5_relat_1(_522560,_522562),k1_xboole_0,[v1_relat_1(_522560),r1_xboole_0(_522562,k9_xtuple_0(_522560))],l2r)],[[[v1_relat_1(3^[])],[-r1_xboole_0(1^[],k6_subset_1(k9_xtuple_0(3^[]),2^[])),-r1_xboole_0(1^[],k4_xboole_0(k9_xtuple_0(3^[]),2^[])),-r1_tarski(1^[],2^[]),- #],[-r1_xboole_0(1^[],k9_xtuple_0(k6_subset_1(3^[],k5_relat_1(3^[],2^[]))))]]],[red([#,- #]-[#,- #]),ext([v1_relat_1(_521680),[-v1_relat_1(3^[]),#]]-[v1_relat_1(3^[]),[-v1_relat_1(3^[]),#]]),ext([v1_relat_1(k4_xboole_0(_521008,k5_relat_1(_521008,2^[]))),[-v1_relat_1(k4_xboole_0(_521040,_521042)),v1_relat_1(_521040)]]-[v1_relat_1(k4_xboole_0(3^[],k5_relat_1(3^[],2^[]))),[-v1_relat_1(k4_xboole_0(3^[],k5_relat_1(3^[],2^[]))),v1_relat_1(3^[])]]),para([v1_relat_1(k6_subset_1(_521114,k5_relat_1(_521114,2^[]))),[0],k6_subset_1(_521138,_521140),k4_xboole_0(_521138,_521140),[],l2r]-[v1_relat_1(k6_subset_1(3^[],k5_relat_1(3^[],2^[]))),[0],k6_subset_1(3^[],k5_relat_1(3^[],2^[])),k4_xboole_0(3^[],k5_relat_1(3^[],2^[])),[],l2r]),ext([-r1_xboole_0(1^[],k9_xtuple_0(k6_subset_1(_521222,k5_relat_1(_521222,2^[])))),[r1_xboole_0(_521246,k9_xtuple_0(_521252)),v1_relat_1(_521252),- (k5_relat_1(_521252,_521246)=k1_xboole_0)]]-[-r1_xboole_0(1^[],k9_xtuple_0(k6_subset_1(3^[],k5_relat_1(3^[],2^[])))),[r1_xboole_0(1^[],k9_xtuple_0(k6_subset_1(3^[],k5_relat_1(3^[],2^[])))),v1_relat_1(k6_subset_1(3^[],k5_relat_1(3^[],2^[]))),- (k5_relat_1(k6_subset_1(3^[],k5_relat_1(3^[],2^[])),1^[])=k1_xboole_0)]]),para([-r1_xboole_0(1^[],k6_subset_1(_521354,2^[])),[0,1],k9_xtuple_0(k6_subset_1(_521376,k5_relat_1(_521376,_521384))),k6_subset_1(k9_xtuple_0(_521376),_521384),[v1_relat_1(_521376)],r2l]-[-r1_xboole_0(1^[],k6_subset_1(k9_xtuple_0(3^[]),2^[])),[0,1],k9_xtuple_0(k6_subset_1(3^[],k5_relat_1(3^[],2^[]))),k6_subset_1(k9_xtuple_0(3^[]),2^[]),[v1_relat_1(3^[])],r2l]),para([-r1_xboole_0(1^[],k4_xboole_0(_521488,2^[])),[0,1],k6_subset_1(_521506,_521508),k4_xboole_0(_521506,_521508),[],r2l]-[-r1_xboole_0(1^[],k4_xboole_0(k9_xtuple_0(3^[]),2^[])),[0,1],k6_subset_1(k9_xtuple_0(3^[]),2^[]),k4_xboole_0(k9_xtuple_0(3^[]),2^[]),[],r2l]),ext([-r1_tarski(1^[],2^[]),[r1_tarski(_521588,_521590),-r1_xboole_0(_521588,k4_xboole_0(_521610,_521590))]]-[-r1_tarski(1^[],2^[]),[r1_tarski(1^[],2^[]),-r1_xboole_0(1^[],k4_xboole_0(k9_xtuple_0(3^[]),2^[]))]]),ext([- #,[#,-r1_tarski(1^[],2^[])]]-[- #,[#,-r1_tarski(1^[],2^[])]]),init(-# - -#)],0)state([v1_relat_1(_519718)],[v1_relat_1(k4_xboole_0(_519718,k5_relat_1(_519718,2^[]))),v1_relat_1(k6_subset_1(_519718,k5_relat_1(_519718,2^[]))),-r1_xboole_0(1^[],k9_xtuple_0(k6_subset_1(_519718,k5_relat_1(_519718,2^[])))),-r1_xboole_0(1^[],k6_subset_1(k9_xtuple_0(_519718),2^[])),-r1_xboole_0(1^[],k4_xboole_0(k9_xtuple_0(_519718),2^[])),-r1_tarski(1^[],2^[]),- #],[],[ext(-v1_relat_1(3^[]),[#],g),ext(-v1_relat_1(k4_xboole_0(_520650,_520652)),[v1_relat_1(_520650)],n),ext(-v1_relat_1(_520608),[_520618=_520608,v1_relat_1(_520618)],n)],[[[- (k5_relat_1(k6_subset_1(_519718,k5_relat_1(_519718,2^[])),1^[])=k1_xboole_0)],[-r1_xboole_0(1^[],k9_xtuple_0(k6_subset_1(_519718,k5_relat_1(_519718,2^[])))),-r1_xboole_0(1^[],k6_subset_1(k9_xtuple_0(_519718),2^[])),-r1_xboole_0(1^[],k4_xboole_0(k9_xtuple_0(_519718),2^[])),-r1_tarski(1^[],2^[]),- #],[v1_relat_1(k6_subset_1(_519718,k5_relat_1(_519718,2^[])))]],[[v1_relat_1(_519718)],[-r1_xboole_0(1^[],k6_subset_1(k9_xtuple_0(_519718),2^[])),-r1_xboole_0(1^[],k4_xboole_0(k9_xtuple_0(_519718),2^[])),-r1_tarski(1^[],2^[]),- #],[-r1_xboole_0(1^[],k9_xtuple_0(k6_subset_1(_519718,k5_relat_1(_519718,2^[]))))]]],[ext([v1_relat_1(k4_xboole_0(_520526,k5_relat_1(_520526,2^[]))),[-v1_relat_1(k4_xboole_0(_520558,_520560)),v1_relat_1(_520558)]]-[v1_relat_1(k4_xboole_0(_519718,k5_relat_1(_519718,2^[]))),[-v1_relat_1(k4_xboole_0(_519718,k5_relat_1(_519718,2^[]))),v1_relat_1(_519718)]]),para([v1_relat_1(k6_subset_1(_519956,k5_relat_1(_519956,2^[]))),[0],k6_subset_1(_519980,_519982),k4_xboole_0(_519980,_519982),[],l2r]-[v1_relat_1(k6_subset_1(_519718,k5_relat_1(_519718,2^[]))),[0],k6_subset_1(_519718,k5_relat_1(_519718,2^[])),k4_xboole_0(_519718,k5_relat_1(_519718,2^[])),[],l2r]),ext([-r1_xboole_0(1^[],k9_xtuple_0(k6_subset_1(_520064,k5_relat_1(_520064,2^[])))),[r1_xboole_0(_520088,k9_xtuple_0(_520094)),v1_relat_1(_520094),- (k5_relat_1(_520094,_520088)=k1_xboole_0)]]-[-r1_xboole_0(1^[],k9_xtuple_0(k6_subset_1(_519718,k5_relat_1(_519718,2^[])))),[r1_xboole_0(1^[],k9_xtuple_0(k6_subset_1(_519718,k5_relat_1(_519718,2^[])))),v1_relat_1(k6_subset_1(_519718,k5_relat_1(_519718,2^[]))),- (k5_relat_1(k6_subset_1(_519718,k5_relat_1(_519718,2^[])),1^[])=k1_xboole_0)]]),para([-r1_xboole_0(1^[],k6_subset_1(_520196,2^[])),[0,1],k9_xtuple_0(k6_subset_1(_520218,k5_relat_1(_520218,_520226))),k6_subset_1(k9_xtuple_0(_520218),_520226),[v1_relat_1(_520218)],r2l]-[-r1_xboole_0(1^[],k6_subset_1(k9_xtuple_0(_519718),2^[])),[0,1],k9_xtuple_0(k6_subset_1(_519718,k5_relat_1(_519718,2^[]))),k6_subset_1(k9_xtuple_0(_519718),2^[]),[v1_relat_1(_519718)],r2l]),para([-r1_xboole_0(1^[],k4_xboole_0(_520330,2^[])),[0,1],k6_subset_1(_520348,_520350),k4_xboole_0(_520348,_520350),[],r2l]-[-r1_xboole_0(1^[],k4_xboole_0(k9_xtuple_0(_519718),2^[])),[0,1],k6_subset_1(k9_xtuple_0(_519718),2^[]),k4_xboole_0(k9_xtuple_0(_519718),2^[]),[],r2l]),ext([-r1_tarski(1^[],2^[]),[r1_tarski(_520430,_520432),-r1_xboole_0(_520430,k4_xboole_0(_520452,_520432))]]-[-r1_tarski(1^[],2^[]),[r1_tarski(1^[],2^[]),-r1_xboole_0(1^[],k4_xboole_0(k9_xtuple_0(_519718),2^[]))]]),ext([- #,[#,-r1_tarski(1^[],2^[])]]-[- #,[#,-r1_tarski(1^[],2^[])]]),init(-# - -#)],0)state([v1_relat_1(k4_xboole_0(_409784,k5_relat_1(_409784,2^[])))],[v1_relat_1(k6_subset_1(_409784,k5_relat_1(_409784,2^[]))),-r1_xboole_0(1^[],k9_xtuple_0(k6_subset_1(_409784,k5_relat_1(_409784,2^[])))),-r1_xboole_0(1^[],k6_subset_1(k9_xtuple_0(_409784),2^[])),-r1_xboole_0(1^[],k4_xboole_0(k9_xtuple_0(_409784),2^[])),-r1_tarski(1^[],2^[]),- #],[],[ext(-v1_relat_1(k4_xboole_0(_410606,_410608)),[v1_relat_1(_410606)],n),ext(-v1_relat_1(_410564),[_410574=_410564,v1_relat_1(_410574)],n),para([0],k6_subset_1(_410696,_410698),k4_xboole_0(_410696,_410698),[],r2l),para([0,1],k5_relat_1(_410646,_410648),k1_xboole_0,[v1_relat_1(_410646),r1_xboole_0(_410648,k9_xtuple_0(_410646))],l2r)],[[[- (k5_relat_1(k6_subset_1(_409784,k5_relat_1(_409784,2^[])),1^[])=k1_xboole_0)],[-r1_xboole_0(1^[],k9_xtuple_0(k6_subset_1(_409784,k5_relat_1(_409784,2^[])))),-r1_xboole_0(1^[],k6_subset_1(k9_xtuple_0(_409784),2^[])),-r1_xboole_0(1^[],k4_xboole_0(k9_xtuple_0(_409784),2^[])),-r1_tarski(1^[],2^[]),- #],[v1_relat_1(k6_subset_1(_409784,k5_relat_1(_409784,2^[])))]],[[v1_relat_1(_409784)],[-r1_xboole_0(1^[],k6_subset_1(k9_xtuple_0(_409784),2^[])),-r1_xboole_0(1^[],k4_xboole_0(k9_xtuple_0(_409784),2^[])),-r1_tarski(1^[],2^[]),- #],[-r1_xboole_0(1^[],k9_xtuple_0(k6_subset_1(_409784,k5_relat_1(_409784,2^[]))))]]],[para([v1_relat_1(k6_subset_1(_410448,k5_relat_1(_410448,2^[]))),[0],k6_subset_1(_410472,_410474),k4_xboole_0(_410472,_410474),[],l2r]-[v1_relat_1(k6_subset_1(_409784,k5_relat_1(_409784,2^[]))),[0],k6_subset_1(_409784,k5_relat_1(_409784,2^[])),k4_xboole_0(_409784,k5_relat_1(_409784,2^[])),[],l2r]),ext([-r1_xboole_0(1^[],k9_xtuple_0(k6_subset_1(_409974,k5_relat_1(_409974,2^[])))),[r1_xboole_0(_409998,k9_xtuple_0(_410004)),v1_relat_1(_410004),- (k5_relat_1(_410004,_409998)=k1_xboole_0)]]-[-r1_xboole_0(1^[],k9_xtuple_0(k6_subset_1(_409784,k5_relat_1(_409784,2^[])))),[r1_xboole_0(1^[],k9_xtuple_0(k6_subset_1(_409784,k5_relat_1(_409784,2^[])))),v1_relat_1(k6_subset_1(_409784,k5_relat_1(_409784,2^[]))),- (k5_relat_1(k6_subset_1(_409784,k5_relat_1(_409784,2^[])),1^[])=k1_xboole_0)]]),para([-r1_xboole_0(1^[],k6_subset_1(_410100,2^[])),[0,1],k9_xtuple_0(k6_subset_1(_410122,k5_relat_1(_410122,_410130))),k6_subset_1(k9_xtuple_0(_410122),_410130),[v1_relat_1(_410122)],r2l]-[-r1_xboole_0(1^[],k6_subset_1(k9_xtuple_0(_409784),2^[])),[0,1],k9_xtuple_0(k6_subset_1(_409784,k5_relat_1(_409784,2^[]))),k6_subset_1(k9_xtuple_0(_409784),2^[]),[v1_relat_1(_409784)],r2l]),para([-r1_xboole_0(1^[],k4_xboole_0(_410234,2^[])),[0,1],k6_subset_1(_410252,_410254),k4_xboole_0(_410252,_410254),[],r2l]-[-r1_xboole_0(1^[],k4_xboole_0(k9_xtuple_0(_409784),2^[])),[0,1],k6_subset_1(k9_xtuple_0(_409784),2^[]),k4_xboole_0(k9_xtuple_0(_409784),2^[]),[],r2l]),ext([-r1_tarski(1^[],2^[]),[r1_tarski(_410334,_410336),-r1_xboole_0(_410334,k4_xboole_0(_410356,_410336))]]-[-r1_tarski(1^[],2^[]),[r1_tarski(1^[],2^[]),-r1_xboole_0(1^[],k4_xboole_0(k9_xtuple_0(_409784),2^[]))]]),ext([- #,[#,-r1_tarski(1^[],2^[])]]-[- #,[#,-r1_tarski(1^[],2^[])]]),init(-# - -#)],0)state([v1_relat_1(k6_subset_1(_144278,k5_relat_1(_144278,2^[]))),- (k5_relat_1(k6_subset_1(_144278,k5_relat_1(_144278,2^[])),1^[])=k1_xboole_0)],[-r1_xboole_0(1^[],k9_xtuple_0(k6_subset_1(_144278,k5_relat_1(_144278,2^[])))),-r1_xboole_0(1^[],k6_subset_1(k9_xtuple_0(_144278),2^[])),-r1_xboole_0(1^[],k4_xboole_0(k9_xtuple_0(_144278),2^[])),-r1_tarski(1^[],2^[]),- #],[],[ext(-v1_relat_1(_144892),[_144902=_144892,v1_relat_1(_144902)],n),para([0],k6_subset_1(_145046,_145048),k4_xboole_0(_145046,_145048),[],l2r),para([0,1],k5_relat_1(_144996,_144998),k1_xboole_0,[v1_relat_1(_144996),r1_xboole_0(_144998,k9_xtuple_0(_144996))],l2r),para([0],k9_xtuple_0(k6_subset_1(_144940,k5_relat_1(_144940,_144948))),k6_subset_1(k9_xtuple_0(_144940),_144948),[v1_relat_1(_144940)],r2l)],[[[v1_relat_1(_144278)],[-r1_xboole_0(1^[],k6_subset_1(k9_xtuple_0(_144278),2^[])),-r1_xboole_0(1^[],k4_xboole_0(k9_xtuple_0(_144278),2^[])),-r1_tarski(1^[],2^[]),- #],[-r1_xboole_0(1^[],k9_xtuple_0(k6_subset_1(_144278,k5_relat_1(_144278,2^[]))))]]],[ext([-r1_xboole_0(1^[],k9_xtuple_0(k6_subset_1(_144762,k5_relat_1(_144762,2^[])))),[r1_xboole_0(_144786,k9_xtuple_0(_144792)),v1_relat_1(_144792),- (k5_relat_1(_144792,_144786)=k1_xboole_0)]]-[-r1_xboole_0(1^[],k9_xtuple_0(k6_subset_1(_144278,k5_relat_1(_144278,2^[])))),[r1_xboole_0(1^[],k9_xtuple_0(k6_subset_1(_144278,k5_relat_1(_144278,2^[])))),v1_relat_1(k6_subset_1(_144278,k5_relat_1(_144278,2^[]))),- (k5_relat_1(k6_subset_1(_144278,k5_relat_1(_144278,2^[])),1^[])=k1_xboole_0)]]),para([-r1_xboole_0(1^[],k6_subset_1(_144422,2^[])),[0,1],k9_xtuple_0(k6_subset_1(_144444,k5_relat_1(_144444,_144452))),k6_subset_1(k9_xtuple_0(_144444),_144452),[v1_relat_1(_144444)],r2l]-[-r1_xboole_0(1^[],k6_subset_1(k9_xtuple_0(_144278),2^[])),[0,1],k9_xtuple_0(k6_subset_1(_144278,k5_relat_1(_144278,2^[]))),k6_subset_1(k9_xtuple_0(_144278),2^[]),[v1_relat_1(_144278)],r2l]),para([-r1_xboole_0(1^[],k4_xboole_0(_144556,2^[])),[0,1],k6_subset_1(_144574,_144576),k4_xboole_0(_144574,_144576),[],r2l]-[-r1_xboole_0(1^[],k4_xboole_0(k9_xtuple_0(_144278),2^[])),[0,1],k6_subset_1(k9_xtuple_0(_144278),2^[]),k4_xboole_0(k9_xtuple_0(_144278),2^[]),[],r2l]),ext([-r1_tarski(1^[],2^[]),[r1_tarski(_144656,_144658),-r1_xboole_0(_144656,k4_xboole_0(_144678,_144658))]]-[-r1_tarski(1^[],2^[]),[r1_tarski(1^[],2^[]),-r1_xboole_0(1^[],k4_xboole_0(k9_xtuple_0(_144278),2^[]))]]),ext([- #,[#,-r1_tarski(1^[],2^[])]]-[- #,[#,-r1_tarski(1^[],2^[])]]),init(-# - -#)],0)state([-r1_xboole_0(1^[],k9_xtuple_0(k6_subset_1(_143400,k5_relat_1(_143400,2^[])))),v1_relat_1(_143400)],[-r1_xboole_0(1^[],k6_subset_1(k9_xtuple_0(_143400),2^[])),-r1_xboole_0(1^[],k4_xboole_0(k9_xtuple_0(_143400),2^[])),-r1_tarski(1^[],2^[]),- #],[],[ext(r1_xboole_0(_143850,k9_xtuple_0(_143856)),[v1_relat_1(_143856),- (k5_relat_1(_143856,_143850)=k1_xboole_0)],n),ext(r1_xboole_0(_143796,_143798),[-r1_xboole_0(_143812,_143814),_143796=_143812,_143798=_143814],n),para([0,1,0],k6_subset_1(_144116,_144118),k4_xboole_0(_144116,_144118),[],l2r),para([0,1,0,1],k5_relat_1(_144054,_144056),k1_xboole_0,[v1_relat_1(_144054),r1_xboole_0(_144056,k9_xtuple_0(_144054))],l2r),para([0,1],k9_xtuple_0(k6_subset_1(_143986,k5_relat_1(_143986,_143994))),k6_subset_1(k9_xtuple_0(_143986),_143994),[v1_relat_1(_143986)],l2r),para([0,1,0],k9_xtuple_0(k6_subset_1(_143926,k5_relat_1(_143926,_143934))),k6_subset_1(k9_xtuple_0(_143926),_143934),[v1_relat_1(_143926)],r2l)],[],[para([-r1_xboole_0(1^[],k6_subset_1(_143684,2^[])),[0,1],k9_xtuple_0(k6_subset_1(_143706,k5_relat_1(_143706,_143714))),k6_subset_1(k9_xtuple_0(_143706),_143714),[v1_relat_1(_143706)],r2l]-[-r1_xboole_0(1^[],k6_subset_1(k9_xtuple_0(_143400),2^[])),[0,1],k9_xtuple_0(k6_subset_1(_143400,k5_relat_1(_143400,2^[]))),k6_subset_1(k9_xtuple_0(_143400),2^[]),[v1_relat_1(_143400)],r2l]),para([-r1_xboole_0(1^[],k4_xboole_0(_143464,2^[])),[0,1],k6_subset_1(_143482,_143484),k4_xboole_0(_143482,_143484),[],r2l]-[-r1_xboole_0(1^[],k4_xboole_0(k9_xtuple_0(_143400),2^[])),[0,1],k6_subset_1(k9_xtuple_0(_143400),2^[]),k4_xboole_0(k9_xtuple_0(_143400),2^[]),[],r2l]),ext([-r1_tarski(1^[],2^[]),[r1_tarski(_143564,_143566),-r1_xboole_0(_143564,k4_xboole_0(_143586,_143566))]]-[-r1_tarski(1^[],2^[]),[r1_tarski(1^[],2^[]),-r1_xboole_0(1^[],k4_xboole_0(k9_xtuple_0(_143400),2^[]))]]),ext([- #,[#,-r1_tarski(1^[],2^[])]]-[- #,[#,-r1_tarski(1^[],2^[])]]),init(-# - -#)],0)state([-r1_xboole_0(1^[],k6_subset_1(_37750,2^[]))],[-r1_xboole_0(1^[],k4_xboole_0(_37750,2^[])),-r1_tarski(1^[],2^[]),- #],[],[ext(r1_xboole_0(_37998,_38000),[-r1_xboole_0(_38014,_38016),_37998=_38014,_38000=_38016],n),para([0,1],k6_subset_1(_38128,_38130),k4_xboole_0(_38128,_38130),[],l2r),para([0,1],k9_xtuple_0(k6_subset_1(_38072,k5_relat_1(_38072,_38080))),k6_subset_1(k9_xtuple_0(_38072),_38080),[v1_relat_1(_38072)],r2l)],[],[para([-r1_xboole_0(1^[],k4_xboole_0(_37916,2^[])),[0,1],k6_subset_1(_37934,_37936),k4_xboole_0(_37934,_37936),[],r2l]-[-r1_xboole_0(1^[],k4_xboole_0(_37750,2^[])),[0,1],k6_subset_1(_37750,2^[]),k4_xboole_0(_37750,2^[]),[],r2l]),ext([-r1_tarski(1^[],2^[]),[r1_tarski(_37802,_37804),-r1_xboole_0(_37802,k4_xboole_0(_37824,_37804))]]-[-r1_tarski(1^[],2^[]),[r1_tarski(1^[],2^[]),-r1_xboole_0(1^[],k4_xboole_0(_37750,2^[]))]]),ext([- #,[#,-r1_tarski(1^[],2^[])]]-[- #,[#,-r1_tarski(1^[],2^[])]]),init(-# - -#)],0)state([-r1_xboole_0(1^[],k4_xboole_0(_16162,2^[]))],[-r1_tarski(1^[],2^[]),- #],[],[ext(r1_xboole_0(_16278,_16280),[-r1_xboole_0(_16294,_16296),_16278=_16294,_16280=_16296],n),para([0,1],k6_subset_1(_16348,_16350),k4_xboole_0(_16348,_16350),[],r2l)],[],[ext([-r1_tarski(1^[],2^[]),[r1_tarski(_16220,_16222),-r1_xboole_0(_16220,k4_xboole_0(_16242,_16222))]]-[-r1_tarski(1^[],2^[]),[r1_tarski(1^[],2^[]),-r1_xboole_0(1^[],k4_xboole_0(_16162,2^[]))]]),ext([- #,[#,-r1_tarski(1^[],2^[])]]-[- #,[#,-r1_tarski(1^[],2^[])]]),init(-# - -#)],0)state([-r1_tarski(1^[],2^[])],[- #],[],[ext(r1_tarski(_16050,_16052),[-r1_xboole_0(_16050,k4_xboole_0(_16072,_16052))],n),ext(r1_tarski(_15996,_15998),[-r1_tarski(_16012,_16014),_15996=_16012,_15998=_16014],n)],[],[ext([- #,[#,-r1_tarski(1^[],2^[])]]-[- #,[#,-r1_tarski(1^[],2^[])]]),init(-# - -#)],0)state([- #],[],[],[ext(#,[-v1_relat_1(3^[])],g),ext(#,[-r1_tarski(1^[],2^[])],g),ext(#,[k5_relat_1(k6_subset_1(3^[],k5_relat_1(3^[],2^[])),1^[])=k1_xboole_0],g)],[],[init(-# - -#)],0)Value data saved
state([v1_relat_1(3^[])],[-r1_xboole_0(1^[],k6_subset_1(k9_xtuple_0(3^[]),2^[])),-r1_xboole_0(1^[],k4_xboole_0(k9_xtuple_0(3^[]),2^[])),-r1_tarski(1^[],2^[]),- #],[-r1_xboole_0(1^[],k9_xtuple_0(k6_subset_1(3^[],k5_relat_1(3^[],2^[]))))],[ext(-v1_relat_1(3^[]),[#],g),ext(-v1_relat_1(_562964),[_562974=_562964,v1_relat_1(_562974)],n)],[],[red([#,- #]-[#,- #]),ext([- (k5_relat_1(k6_subset_1(3^[],k5_relat_1(3^[],2^[])),1^[])=k1_xboole_0),[k5_relat_1(k6_subset_1(3^[],k5_relat_1(3^[],2^[])),1^[])=k1_xboole_0,#]]-[- (k5_relat_1(k6_subset_1(3^[],k5_relat_1(3^[],2^[])),1^[])=k1_xboole_0),[k5_relat_1(k6_subset_1(3^[],k5_relat_1(3^[],2^[])),1^[])=k1_xboole_0,#]]),red([#,- #]-[#,- #]),ext([v1_relat_1(_562394),[-v1_relat_1(3^[]),#]]-[v1_relat_1(3^[]),[-v1_relat_1(3^[]),#]]),ext([v1_relat_1(k4_xboole_0(_562424,k5_relat_1(_562424,2^[]))),[-v1_relat_1(k4_xboole_0(_562456,_562458)),v1_relat_1(_562456)]]-[v1_relat_1(k4_xboole_0(3^[],k5_relat_1(3^[],2^[]))),[-v1_relat_1(k4_xboole_0(3^[],k5_relat_1(3^[],2^[]))),v1_relat_1(3^[])]]),para([v1_relat_1(k6_subset_1(_562498,k5_relat_1(_562498,2^[]))),[0],k6_subset_1(_562522,_562524),k4_xboole_0(_562522,_562524),[],l2r]-[v1_relat_1(k6_subset_1(3^[],k5_relat_1(3^[],2^[]))),[0],k6_subset_1(3^[],k5_relat_1(3^[],2^[])),k4_xboole_0(3^[],k5_relat_1(3^[],2^[])),[],l2r]),ext([-r1_xboole_0(1^[],k9_xtuple_0(k6_subset_1(_562576,k5_relat_1(_562576,2^[])))),[r1_xboole_0(_562600,k9_xtuple_0(_562606)),v1_relat_1(_562606),- (k5_relat_1(_562606,_562600)=k1_xboole_0)]]-[-r1_xboole_0(1^[],k9_xtuple_0(k6_subset_1(3^[],k5_relat_1(3^[],2^[])))),[r1_xboole_0(1^[],k9_xtuple_0(k6_subset_1(3^[],k5_relat_1(3^[],2^[])))),v1_relat_1(k6_subset_1(3^[],k5_relat_1(3^[],2^[]))),- (k5_relat_1(k6_subset_1(3^[],k5_relat_1(3^[],2^[])),1^[])=k1_xboole_0)]]),para([-r1_xboole_0(1^[],k6_subset_1(_562674,2^[])),[0,1],k9_xtuple_0(k6_subset_1(_562696,k5_relat_1(_562696,_562704))),k6_subset_1(k9_xtuple_0(_562696),_562704),[v1_relat_1(_562696)],r2l]-[-r1_xboole_0(1^[],k6_subset_1(k9_xtuple_0(3^[]),2^[])),[0,1],k9_xtuple_0(k6_subset_1(3^[],k5_relat_1(3^[],2^[]))),k6_subset_1(k9_xtuple_0(3^[]),2^[]),[v1_relat_1(3^[])],r2l]),para([-r1_xboole_0(1^[],k4_xboole_0(_562772,2^[])),[0,1],k6_subset_1(_562790,_562792),k4_xboole_0(_562790,_562792),[],r2l]-[-r1_xboole_0(1^[],k4_xboole_0(k9_xtuple_0(3^[]),2^[])),[0,1],k6_subset_1(k9_xtuple_0(3^[]),2^[]),k4_xboole_0(k9_xtuple_0(3^[]),2^[]),[],r2l]),ext([-r1_tarski(1^[],2^[]),[r1_tarski(_562842,_562844),-r1_xboole_0(_562842,k4_xboole_0(_562864,_562844))]]-[-r1_tarski(1^[],2^[]),[r1_tarski(1^[],2^[]),-r1_xboole_0(1^[],k4_xboole_0(k9_xtuple_0(3^[]),2^[]))]]),ext([- #,[#,-r1_tarski(1^[],2^[])]]-[- #,[#,-r1_tarski(1^[],2^[])]]),init(-# - -#)],0)state([v1_relat_1(3^[])],[-r1_xboole_0(1^[],k6_subset_1(k9_xtuple_0(3^[]),2^[])),-r1_xboole_0(1^[],k4_xboole_0(k9_xtuple_0(3^[]),2^[])),-r1_tarski(1^[],2^[]),- #],[-r1_xboole_0(1^[],k9_xtuple_0(k6_subset_1(3^[],k5_relat_1(3^[],2^[]))))],[ext(-v1_relat_1(3^[]),[#],g),ext(-v1_relat_1(_562964),[_562974=_562964,v1_relat_1(_562974)],n)],[],[red([#,- #]-[#,- #]),ext([- (k5_relat_1(k6_subset_1(3^[],k5_relat_1(3^[],2^[])),1^[])=k1_xboole_0),[k5_relat_1(k6_subset_1(3^[],k5_relat_1(3^[],2^[])),1^[])=k1_xboole_0,#]]-[- (k5_relat_1(k6_subset_1(3^[],k5_relat_1(3^[],2^[])),1^[])=k1_xboole_0),[k5_relat_1(k6_subset_1(3^[],k5_relat_1(3^[],2^[])),1^[])=k1_xboole_0,#]]),red([#,- #]-[#,- #]),ext([v1_relat_1(_562394),[-v1_relat_1(3^[]),#]]-[v1_relat_1(3^[]),[-v1_relat_1(3^[]),#]]),ext([v1_relat_1(k4_xboole_0(_562424,k5_relat_1(_562424,2^[]))),[-v1_relat_1(k4_xboole_0(_562456,_562458)),v1_relat_1(_562456)]]-[v1_relat_1(k4_xboole_0(3^[],k5_relat_1(3^[],2^[]))),[-v1_relat_1(k4_xboole_0(3^[],k5_relat_1(3^[],2^[]))),v1_relat_1(3^[])]]),para([v1_relat_1(k6_subset_1(_562498,k5_relat_1(_562498,2^[]))),[0],k6_subset_1(_562522,_562524),k4_xboole_0(_562522,_562524),[],l2r]-[v1_relat_1(k6_subset_1(3^[],k5_relat_1(3^[],2^[]))),[0],k6_subset_1(3^[],k5_relat_1(3^[],2^[])),k4_xboole_0(3^[],k5_relat_1(3^[],2^[])),[],l2r]),ext([-r1_xboole_0(1^[],k9_xtuple_0(k6_subset_1(_562576,k5_relat_1(_562576,2^[])))),[r1_xboole_0(_562600,k9_xtuple_0(_562606)),v1_relat_1(_562606),- (k5_relat_1(_562606,_562600)=k1_xboole_0)]]-[-r1_xboole_0(1^[],k9_xtuple_0(k6_subset_1(3^[],k5_relat_1(3^[],2^[])))),[r1_xboole_0(1^[],k9_xtuple_0(k6_subset_1(3^[],k5_relat_1(3^[],2^[])))),v1_relat_1(k6_subset_1(3^[],k5_relat_1(3^[],2^[]))),- (k5_relat_1(k6_subset_1(3^[],k5_relat_1(3^[],2^[])),1^[])=k1_xboole_0)]]),para([-r1_xboole_0(1^[],k6_subset_1(_562674,2^[])),[0,1],k9_xtuple_0(k6_subset_1(_562696,k5_relat_1(_562696,_562704))),k6_subset_1(k9_xtuple_0(_562696),_562704),[v1_relat_1(_562696)],r2l]-[-r1_xboole_0(1^[],k6_subset_1(k9_xtuple_0(3^[]),2^[])),[0,1],k9_xtuple_0(k6_subset_1(3^[],k5_relat_1(3^[],2^[]))),k6_subset_1(k9_xtuple_0(3^[]),2^[]),[v1_relat_1(3^[])],r2l]),para([-r1_xboole_0(1^[],k4_xboole_0(_562772,2^[])),[0,1],k6_subset_1(_562790,_562792),k4_xboole_0(_562790,_562792),[],r2l]-[-r1_xboole_0(1^[],k4_xboole_0(k9_xtuple_0(3^[]),2^[])),[0,1],k6_subset_1(k9_xtuple_0(3^[]),2^[]),k4_xboole_0(k9_xtuple_0(3^[]),2^[]),[],r2l]),ext([-r1_tarski(1^[],2^[]),[r1_tarski(_562842,_562844),-r1_xboole_0(_562842,k4_xboole_0(_562864,_562844))]]-[-r1_tarski(1^[],2^[]),[r1_tarski(1^[],2^[]),-r1_xboole_0(1^[],k4_xboole_0(k9_xtuple_0(3^[]),2^[]))]]),ext([- #,[#,-r1_tarski(1^[],2^[])]]-[- #,[#,-r1_tarski(1^[],2^[])]]),init(-# - -#)],0)state([- (k5_relat_1(k6_subset_1(3^[],k5_relat_1(3^[],2^[])),1^[])=k1_xboole_0)],[-r1_xboole_0(1^[],k9_xtuple_0(k6_subset_1(3^[],k5_relat_1(3^[],2^[])))),-r1_xboole_0(1^[],k6_subset_1(k9_xtuple_0(3^[]),2^[])),-r1_xboole_0(1^[],k4_xboole_0(k9_xtuple_0(3^[]),2^[])),-r1_tarski(1^[],2^[]),- #],[v1_relat_1(k6_subset_1(3^[],k5_relat_1(3^[],2^[])))],[ext(k5_relat_1(k6_subset_1(3^[],k5_relat_1(3^[],2^[])),1^[])=k1_xboole_0,[#],g),ext(_522432=_522434,[- (k9_xtuple_0(_522432)=k9_xtuple_0(_522434))],n),ext(_522378=_522380,[- (k4_xboole_0(_522378,_522402)=k4_xboole_0(_522380,_522408)),_522402=_522408],n),ext(_522324=_522326,[- (k4_xboole_0(_522346,_522324)=k4_xboole_0(_522352,_522326)),_522346=_522352],n),ext(_522270=_522272,[- (k6_subset_1(_522270,_522294)=k6_subset_1(_522272,_522300)),_522294=_522300],n),ext(_522216=_522218,[- (k6_subset_1(_522238,_522216)=k6_subset_1(_522244,_522218)),_522238=_522244],n),ext(_522162=_522164,[- (k5_relat_1(_522162,_522186)=k5_relat_1(_522164,_522192)),_522186=_522192],n),ext(_522108=_522110,[- (k5_relat_1(_522130,_522108)=k5_relat_1(_522136,_522110)),_522130=_522136],n),ext(_522078=_522080,[- (_522080=_522078)],n),ext(_522036=_522038,[- (_522036=_522054),_522038=_522054],n),ext(_521994=_521996,[- (_522010=_521996),_522010=_521994],n),ext(_521940=_521942,[-r1_xboole_0(_521942,_521958),r1_xboole_0(_521940,_521970),_521970=_521958],n),ext(_521886=_521888,[-r1_xboole_0(_521902,_521888),r1_xboole_0(_521914,_521886),_521914=_521902],n),ext(_521848=_521850,[-v1_relat_1(_521850),v1_relat_1(_521848)],n),ext(_521794=_521796,[-r1_tarski(_521796,_521812),r1_tarski(_521794,_521824),_521824=_521812],n),ext(_521740=_521742,[-r1_tarski(_521756,_521742),r1_tarski(_521768,_521740),_521768=_521756],n),para([0,0,0],k6_subset_1(_522678,_522680),k4_xboole_0(_522678,_522680),[],l2r),para([0,0],k5_relat_1(_522616,_522618),k1_xboole_0,[v1_relat_1(_522616),r1_xboole_0(_522618,k9_xtuple_0(_522616))],l2r),para([0,0,0,1],k5_relat_1(_522560,_522562),k1_xboole_0,[v1_relat_1(_522560),r1_xboole_0(_522562,k9_xtuple_0(_522560))],l2r)],[[[v1_relat_1(3^[])],[-r1_xboole_0(1^[],k6_subset_1(k9_xtuple_0(3^[]),2^[])),-r1_xboole_0(1^[],k4_xboole_0(k9_xtuple_0(3^[]),2^[])),-r1_tarski(1^[],2^[]),- #],[-r1_xboole_0(1^[],k9_xtuple_0(k6_subset_1(3^[],k5_relat_1(3^[],2^[]))))]]],[red([#,- #]-[#,- #]),ext([v1_relat_1(_521680),[-v1_relat_1(3^[]),#]]-[v1_relat_1(3^[]),[-v1_relat_1(3^[]),#]]),ext([v1_relat_1(k4_xboole_0(_521008,k5_relat_1(_521008,2^[]))),[-v1_relat_1(k4_xboole_0(_521040,_521042)),v1_relat_1(_521040)]]-[v1_relat_1(k4_xboole_0(3^[],k5_relat_1(3^[],2^[]))),[-v1_relat_1(k4_xboole_0(3^[],k5_relat_1(3^[],2^[]))),v1_relat_1(3^[])]]),para([v1_relat_1(k6_subset_1(_521114,k5_relat_1(_521114,2^[]))),[0],k6_subset_1(_521138,_521140),k4_xboole_0(_521138,_521140),[],l2r]-[v1_relat_1(k6_subset_1(3^[],k5_relat_1(3^[],2^[]))),[0],k6_subset_1(3^[],k5_relat_1(3^[],2^[])),k4_xboole_0(3^[],k5_relat_1(3^[],2^[])),[],l2r]),ext([-r1_xboole_0(1^[],k9_xtuple_0(k6_subset_1(_521222,k5_relat_1(_521222,2^[])))),[r1_xboole_0(_521246,k9_xtuple_0(_521252)),v1_relat_1(_521252),- (k5_relat_1(_521252,_521246)=k1_xboole_0)]]-[-r1_xboole_0(1^[],k9_xtuple_0(k6_subset_1(3^[],k5_relat_1(3^[],2^[])))),[r1_xboole_0(1^[],k9_xtuple_0(k6_subset_1(3^[],k5_relat_1(3^[],2^[])))),v1_relat_1(k6_subset_1(3^[],k5_relat_1(3^[],2^[]))),- (k5_relat_1(k6_subset_1(3^[],k5_relat_1(3^[],2^[])),1^[])=k1_xboole_0)]]),para([-r1_xboole_0(1^[],k6_subset_1(_521354,2^[])),[0,1],k9_xtuple_0(k6_subset_1(_521376,k5_relat_1(_521376,_521384))),k6_subset_1(k9_xtuple_0(_521376),_521384),[v1_relat_1(_521376)],r2l]-[-r1_xboole_0(1^[],k6_subset_1(k9_xtuple_0(3^[]),2^[])),[0,1],k9_xtuple_0(k6_subset_1(3^[],k5_relat_1(3^[],2^[]))),k6_subset_1(k9_xtuple_0(3^[]),2^[]),[v1_relat_1(3^[])],r2l]),para([-r1_xboole_0(1^[],k4_xboole_0(_521488,2^[])),[0,1],k6_subset_1(_521506,_521508),k4_xboole_0(_521506,_521508),[],r2l]-[-r1_xboole_0(1^[],k4_xboole_0(k9_xtuple_0(3^[]),2^[])),[0,1],k6_subset_1(k9_xtuple_0(3^[]),2^[]),k4_xboole_0(k9_xtuple_0(3^[]),2^[]),[],r2l]),ext([-r1_tarski(1^[],2^[]),[r1_tarski(_521588,_521590),-r1_xboole_0(_521588,k4_xboole_0(_521610,_521590))]]-[-r1_tarski(1^[],2^[]),[r1_tarski(1^[],2^[]),-r1_xboole_0(1^[],k4_xboole_0(k9_xtuple_0(3^[]),2^[]))]]),ext([- #,[#,-r1_tarski(1^[],2^[])]]-[- #,[#,-r1_tarski(1^[],2^[])]]),init(-# - -#)],0)state([v1_relat_1(_519718)],[v1_relat_1(k4_xboole_0(_519718,k5_relat_1(_519718,2^[]))),v1_relat_1(k6_subset_1(_519718,k5_relat_1(_519718,2^[]))),-r1_xboole_0(1^[],k9_xtuple_0(k6_subset_1(_519718,k5_relat_1(_519718,2^[])))),-r1_xboole_0(1^[],k6_subset_1(k9_xtuple_0(_519718),2^[])),-r1_xboole_0(1^[],k4_xboole_0(k9_xtuple_0(_519718),2^[])),-r1_tarski(1^[],2^[]),- #],[],[ext(-v1_relat_1(3^[]),[#],g),ext(-v1_relat_1(k4_xboole_0(_520650,_520652)),[v1_relat_1(_520650)],n),ext(-v1_relat_1(_520608),[_520618=_520608,v1_relat_1(_520618)],n)],[[[- (k5_relat_1(k6_subset_1(_519718,k5_relat_1(_519718,2^[])),1^[])=k1_xboole_0)],[-r1_xboole_0(1^[],k9_xtuple_0(k6_subset_1(_519718,k5_relat_1(_519718,2^[])))),-r1_xboole_0(1^[],k6_subset_1(k9_xtuple_0(_519718),2^[])),-r1_xboole_0(1^[],k4_xboole_0(k9_xtuple_0(_519718),2^[])),-r1_tarski(1^[],2^[]),- #],[v1_relat_1(k6_subset_1(_519718,k5_relat_1(_519718,2^[])))]],[[v1_relat_1(_519718)],[-r1_xboole_0(1^[],k6_subset_1(k9_xtuple_0(_519718),2^[])),-r1_xboole_0(1^[],k4_xboole_0(k9_xtuple_0(_519718),2^[])),-r1_tarski(1^[],2^[]),- #],[-r1_xboole_0(1^[],k9_xtuple_0(k6_subset_1(_519718,k5_relat_1(_519718,2^[]))))]]],[ext([v1_relat_1(k4_xboole_0(_520526,k5_relat_1(_520526,2^[]))),[-v1_relat_1(k4_xboole_0(_520558,_520560)),v1_relat_1(_520558)]]-[v1_relat_1(k4_xboole_0(_519718,k5_relat_1(_519718,2^[]))),[-v1_relat_1(k4_xboole_0(_519718,k5_relat_1(_519718,2^[]))),v1_relat_1(_519718)]]),para([v1_relat_1(k6_subset_1(_519956,k5_relat_1(_519956,2^[]))),[0],k6_subset_1(_519980,_519982),k4_xboole_0(_519980,_519982),[],l2r]-[v1_relat_1(k6_subset_1(_519718,k5_relat_1(_519718,2^[]))),[0],k6_subset_1(_519718,k5_relat_1(_519718,2^[])),k4_xboole_0(_519718,k5_relat_1(_519718,2^[])),[],l2r]),ext([-r1_xboole_0(1^[],k9_xtuple_0(k6_subset_1(_520064,k5_relat_1(_520064,2^[])))),[r1_xboole_0(_520088,k9_xtuple_0(_520094)),v1_relat_1(_520094),- (k5_relat_1(_520094,_520088)=k1_xboole_0)]]-[-r1_xboole_0(1^[],k9_xtuple_0(k6_subset_1(_519718,k5_relat_1(_519718,2^[])))),[r1_xboole_0(1^[],k9_xtuple_0(k6_subset_1(_519718,k5_relat_1(_519718,2^[])))),v1_relat_1(k6_subset_1(_519718,k5_relat_1(_519718,2^[]))),- (k5_relat_1(k6_subset_1(_519718,k5_relat_1(_519718,2^[])),1^[])=k1_xboole_0)]]),para([-r1_xboole_0(1^[],k6_subset_1(_520196,2^[])),[0,1],k9_xtuple_0(k6_subset_1(_520218,k5_relat_1(_520218,_520226))),k6_subset_1(k9_xtuple_0(_520218),_520226),[v1_relat_1(_520218)],r2l]-[-r1_xboole_0(1^[],k6_subset_1(k9_xtuple_0(_519718),2^[])),[0,1],k9_xtuple_0(k6_subset_1(_519718,k5_relat_1(_519718,2^[]))),k6_subset_1(k9_xtuple_0(_519718),2^[]),[v1_relat_1(_519718)],r2l]),para([-r1_xboole_0(1^[],k4_xboole_0(_520330,2^[])),[0,1],k6_subset_1(_520348,_520350),k4_xboole_0(_520348,_520350),[],r2l]-[-r1_xboole_0(1^[],k4_xboole_0(k9_xtuple_0(_519718),2^[])),[0,1],k6_subset_1(k9_xtuple_0(_519718),2^[]),k4_xboole_0(k9_xtuple_0(_519718),2^[]),[],r2l]),ext([-r1_tarski(1^[],2^[]),[r1_tarski(_520430,_520432),-r1_xboole_0(_520430,k4_xboole_0(_520452,_520432))]]-[-r1_tarski(1^[],2^[]),[r1_tarski(1^[],2^[]),-r1_xboole_0(1^[],k4_xboole_0(k9_xtuple_0(_519718),2^[]))]]),ext([- #,[#,-r1_tarski(1^[],2^[])]]-[- #,[#,-r1_tarski(1^[],2^[])]]),init(-# - -#)],0)state([v1_relat_1(_519718)],[v1_relat_1(k4_xboole_0(_519718,k5_relat_1(_519718,2^[]))),v1_relat_1(k6_subset_1(_519718,k5_relat_1(_519718,2^[]))),-r1_xboole_0(1^[],k9_xtuple_0(k6_subset_1(_519718,k5_relat_1(_519718,2^[])))),-r1_xboole_0(1^[],k6_subset_1(k9_xtuple_0(_519718),2^[])),-r1_xboole_0(1^[],k4_xboole_0(k9_xtuple_0(_519718),2^[])),-r1_tarski(1^[],2^[]),- #],[],[ext(-v1_relat_1(3^[]),[#],g),ext(-v1_relat_1(k4_xboole_0(_520650,_520652)),[v1_relat_1(_520650)],n),ext(-v1_relat_1(_520608),[_520618=_520608,v1_relat_1(_520618)],n)],[[[- (k5_relat_1(k6_subset_1(_519718,k5_relat_1(_519718,2^[])),1^[])=k1_xboole_0)],[-r1_xboole_0(1^[],k9_xtuple_0(k6_subset_1(_519718,k5_relat_1(_519718,2^[])))),-r1_xboole_0(1^[],k6_subset_1(k9_xtuple_0(_519718),2^[])),-r1_xboole_0(1^[],k4_xboole_0(k9_xtuple_0(_519718),2^[])),-r1_tarski(1^[],2^[]),- #],[v1_relat_1(k6_subset_1(_519718,k5_relat_1(_519718,2^[])))]],[[v1_relat_1(_519718)],[-r1_xboole_0(1^[],k6_subset_1(k9_xtuple_0(_519718),2^[])),-r1_xboole_0(1^[],k4_xboole_0(k9_xtuple_0(_519718),2^[])),-r1_tarski(1^[],2^[]),- #],[-r1_xboole_0(1^[],k9_xtuple_0(k6_subset_1(_519718,k5_relat_1(_519718,2^[]))))]]],[ext([v1_relat_1(k4_xboole_0(_520526,k5_relat_1(_520526,2^[]))),[-v1_relat_1(k4_xboole_0(_520558,_520560)),v1_relat_1(_520558)]]-[v1_relat_1(k4_xboole_0(_519718,k5_relat_1(_519718,2^[]))),[-v1_relat_1(k4_xboole_0(_519718,k5_relat_1(_519718,2^[]))),v1_relat_1(_519718)]]),para([v1_relat_1(k6_subset_1(_519956,k5_relat_1(_519956,2^[]))),[0],k6_subset_1(_519980,_519982),k4_xboole_0(_519980,_519982),[],l2r]-[v1_relat_1(k6_subset_1(_519718,k5_relat_1(_519718,2^[]))),[0],k6_subset_1(_519718,k5_relat_1(_519718,2^[])),k4_xboole_0(_519718,k5_relat_1(_519718,2^[])),[],l2r]),ext([-r1_xboole_0(1^[],k9_xtuple_0(k6_subset_1(_520064,k5_relat_1(_520064,2^[])))),[r1_xboole_0(_520088,k9_xtuple_0(_520094)),v1_relat_1(_520094),- (k5_relat_1(_520094,_520088)=k1_xboole_0)]]-[-r1_xboole_0(1^[],k9_xtuple_0(k6_subset_1(_519718,k5_relat_1(_519718,2^[])))),[r1_xboole_0(1^[],k9_xtuple_0(k6_subset_1(_519718,k5_relat_1(_519718,2^[])))),v1_relat_1(k6_subset_1(_519718,k5_relat_1(_519718,2^[]))),- (k5_relat_1(k6_subset_1(_519718,k5_relat_1(_519718,2^[])),1^[])=k1_xboole_0)]]),para([-r1_xboole_0(1^[],k6_subset_1(_520196,2^[])),[0,1],k9_xtuple_0(k6_subset_1(_520218,k5_relat_1(_520218,_520226))),k6_subset_1(k9_xtuple_0(_520218),_520226),[v1_relat_1(_520218)],r2l]-[-r1_xboole_0(1^[],k6_subset_1(k9_xtuple_0(_519718),2^[])),[0,1],k9_xtuple_0(k6_subset_1(_519718,k5_relat_1(_519718,2^[]))),k6_subset_1(k9_xtuple_0(_519718),2^[]),[v1_relat_1(_519718)],r2l]),para([-r1_xboole_0(1^[],k4_xboole_0(_520330,2^[])),[0,1],k6_subset_1(_520348,_520350),k4_xboole_0(_520348,_520350),[],r2l]-[-r1_xboole_0(1^[],k4_xboole_0(k9_xtuple_0(_519718),2^[])),[0,1],k6_subset_1(k9_xtuple_0(_519718),2^[]),k4_xboole_0(k9_xtuple_0(_519718),2^[]),[],r2l]),ext([-r1_tarski(1^[],2^[]),[r1_tarski(_520430,_520432),-r1_xboole_0(_520430,k4_xboole_0(_520452,_520432))]]-[-r1_tarski(1^[],2^[]),[r1_tarski(1^[],2^[]),-r1_xboole_0(1^[],k4_xboole_0(k9_xtuple_0(_519718),2^[]))]]),ext([- #,[#,-r1_tarski(1^[],2^[])]]-[- #,[#,-r1_tarski(1^[],2^[])]]),init(-# - -#)],0)state([v1_relat_1(_519718)],[v1_relat_1(k4_xboole_0(_519718,k5_relat_1(_519718,2^[]))),v1_relat_1(k6_subset_1(_519718,k5_relat_1(_519718,2^[]))),-r1_xboole_0(1^[],k9_xtuple_0(k6_subset_1(_519718,k5_relat_1(_519718,2^[])))),-r1_xboole_0(1^[],k6_subset_1(k9_xtuple_0(_519718),2^[])),-r1_xboole_0(1^[],k4_xboole_0(k9_xtuple_0(_519718),2^[])),-r1_tarski(1^[],2^[]),- #],[],[ext(-v1_relat_1(3^[]),[#],g),ext(-v1_relat_1(k4_xboole_0(_520650,_520652)),[v1_relat_1(_520650)],n),ext(-v1_relat_1(_520608),[_520618=_520608,v1_relat_1(_520618)],n)],[[[- (k5_relat_1(k6_subset_1(_519718,k5_relat_1(_519718,2^[])),1^[])=k1_xboole_0)],[-r1_xboole_0(1^[],k9_xtuple_0(k6_subset_1(_519718,k5_relat_1(_519718,2^[])))),-r1_xboole_0(1^[],k6_subset_1(k9_xtuple_0(_519718),2^[])),-r1_xboole_0(1^[],k4_xboole_0(k9_xtuple_0(_519718),2^[])),-r1_tarski(1^[],2^[]),- #],[v1_relat_1(k6_subset_1(_519718,k5_relat_1(_519718,2^[])))]],[[v1_relat_1(_519718)],[-r1_xboole_0(1^[],k6_subset_1(k9_xtuple_0(_519718),2^[])),-r1_xboole_0(1^[],k4_xboole_0(k9_xtuple_0(_519718),2^[])),-r1_tarski(1^[],2^[]),- #],[-r1_xboole_0(1^[],k9_xtuple_0(k6_subset_1(_519718,k5_relat_1(_519718,2^[]))))]]],[ext([v1_relat_1(k4_xboole_0(_520526,k5_relat_1(_520526,2^[]))),[-v1_relat_1(k4_xboole_0(_520558,_520560)),v1_relat_1(_520558)]]-[v1_relat_1(k4_xboole_0(_519718,k5_relat_1(_519718,2^[]))),[-v1_relat_1(k4_xboole_0(_519718,k5_relat_1(_519718,2^[]))),v1_relat_1(_519718)]]),para([v1_relat_1(k6_subset_1(_519956,k5_relat_1(_519956,2^[]))),[0],k6_subset_1(_519980,_519982),k4_xboole_0(_519980,_519982),[],l2r]-[v1_relat_1(k6_subset_1(_519718,k5_relat_1(_519718,2^[]))),[0],k6_subset_1(_519718,k5_relat_1(_519718,2^[])),k4_xboole_0(_519718,k5_relat_1(_519718,2^[])),[],l2r]),ext([-r1_xboole_0(1^[],k9_xtuple_0(k6_subset_1(_520064,k5_relat_1(_520064,2^[])))),[r1_xboole_0(_520088,k9_xtuple_0(_520094)),v1_relat_1(_520094),- (k5_relat_1(_520094,_520088)=k1_xboole_0)]]-[-r1_xboole_0(1^[],k9_xtuple_0(k6_subset_1(_519718,k5_relat_1(_519718,2^[])))),[r1_xboole_0(1^[],k9_xtuple_0(k6_subset_1(_519718,k5_relat_1(_519718,2^[])))),v1_relat_1(k6_subset_1(_519718,k5_relat_1(_519718,2^[]))),- (k5_relat_1(k6_subset_1(_519718,k5_relat_1(_519718,2^[])),1^[])=k1_xboole_0)]]),para([-r1_xboole_0(1^[],k6_subset_1(_520196,2^[])),[0,1],k9_xtuple_0(k6_subset_1(_520218,k5_relat_1(_520218,_520226))),k6_subset_1(k9_xtuple_0(_520218),_520226),[v1_relat_1(_520218)],r2l]-[-r1_xboole_0(1^[],k6_subset_1(k9_xtuple_0(_519718),2^[])),[0,1],k9_xtuple_0(k6_subset_1(_519718,k5_relat_1(_519718,2^[]))),k6_subset_1(k9_xtuple_0(_519718),2^[]),[v1_relat_1(_519718)],r2l]),para([-r1_xboole_0(1^[],k4_xboole_0(_520330,2^[])),[0,1],k6_subset_1(_520348,_520350),k4_xboole_0(_520348,_520350),[],r2l]-[-r1_xboole_0(1^[],k4_xboole_0(k9_xtuple_0(_519718),2^[])),[0,1],k6_subset_1(k9_xtuple_0(_519718),2^[]),k4_xboole_0(k9_xtuple_0(_519718),2^[]),[],r2l]),ext([-r1_tarski(1^[],2^[]),[r1_tarski(_520430,_520432),-r1_xboole_0(_520430,k4_xboole_0(_520452,_520432))]]-[-r1_tarski(1^[],2^[]),[r1_tarski(1^[],2^[]),-r1_xboole_0(1^[],k4_xboole_0(k9_xtuple_0(_519718),2^[]))]]),ext([- #,[#,-r1_tarski(1^[],2^[])]]-[- #,[#,-r1_tarski(1^[],2^[])]]),init(-# - -#)],0)state([v1_relat_1(k4_xboole_0(_409784,k5_relat_1(_409784,2^[])))],[v1_relat_1(k6_subset_1(_409784,k5_relat_1(_409784,2^[]))),-r1_xboole_0(1^[],k9_xtuple_0(k6_subset_1(_409784,k5_relat_1(_409784,2^[])))),-r1_xboole_0(1^[],k6_subset_1(k9_xtuple_0(_409784),2^[])),-r1_xboole_0(1^[],k4_xboole_0(k9_xtuple_0(_409784),2^[])),-r1_tarski(1^[],2^[]),- #],[],[ext(-v1_relat_1(k4_xboole_0(_410606,_410608)),[v1_relat_1(_410606)],n),ext(-v1_relat_1(_410564),[_410574=_410564,v1_relat_1(_410574)],n),para([0],k6_subset_1(_410696,_410698),k4_xboole_0(_410696,_410698),[],r2l),para([0,1],k5_relat_1(_410646,_410648),k1_xboole_0,[v1_relat_1(_410646),r1_xboole_0(_410648,k9_xtuple_0(_410646))],l2r)],[[[- (k5_relat_1(k6_subset_1(_409784,k5_relat_1(_409784,2^[])),1^[])=k1_xboole_0)],[-r1_xboole_0(1^[],k9_xtuple_0(k6_subset_1(_409784,k5_relat_1(_409784,2^[])))),-r1_xboole_0(1^[],k6_subset_1(k9_xtuple_0(_409784),2^[])),-r1_xboole_0(1^[],k4_xboole_0(k9_xtuple_0(_409784),2^[])),-r1_tarski(1^[],2^[]),- #],[v1_relat_1(k6_subset_1(_409784,k5_relat_1(_409784,2^[])))]],[[v1_relat_1(_409784)],[-r1_xboole_0(1^[],k6_subset_1(k9_xtuple_0(_409784),2^[])),-r1_xboole_0(1^[],k4_xboole_0(k9_xtuple_0(_409784),2^[])),-r1_tarski(1^[],2^[]),- #],[-r1_xboole_0(1^[],k9_xtuple_0(k6_subset_1(_409784,k5_relat_1(_409784,2^[]))))]]],[para([v1_relat_1(k6_subset_1(_410448,k5_relat_1(_410448,2^[]))),[0],k6_subset_1(_410472,_410474),k4_xboole_0(_410472,_410474),[],l2r]-[v1_relat_1(k6_subset_1(_409784,k5_relat_1(_409784,2^[]))),[0],k6_subset_1(_409784,k5_relat_1(_409784,2^[])),k4_xboole_0(_409784,k5_relat_1(_409784,2^[])),[],l2r]),ext([-r1_xboole_0(1^[],k9_xtuple_0(k6_subset_1(_409974,k5_relat_1(_409974,2^[])))),[r1_xboole_0(_409998,k9_xtuple_0(_410004)),v1_relat_1(_410004),- (k5_relat_1(_410004,_409998)=k1_xboole_0)]]-[-r1_xboole_0(1^[],k9_xtuple_0(k6_subset_1(_409784,k5_relat_1(_409784,2^[])))),[r1_xboole_0(1^[],k9_xtuple_0(k6_subset_1(_409784,k5_relat_1(_409784,2^[])))),v1_relat_1(k6_subset_1(_409784,k5_relat_1(_409784,2^[]))),- (k5_relat_1(k6_subset_1(_409784,k5_relat_1(_409784,2^[])),1^[])=k1_xboole_0)]]),para([-r1_xboole_0(1^[],k6_subset_1(_410100,2^[])),[0,1],k9_xtuple_0(k6_subset_1(_410122,k5_relat_1(_410122,_410130))),k6_subset_1(k9_xtuple_0(_410122),_410130),[v1_relat_1(_410122)],r2l]-[-r1_xboole_0(1^[],k6_subset_1(k9_xtuple_0(_409784),2^[])),[0,1],k9_xtuple_0(k6_subset_1(_409784,k5_relat_1(_409784,2^[]))),k6_subset_1(k9_xtuple_0(_409784),2^[]),[v1_relat_1(_409784)],r2l]),para([-r1_xboole_0(1^[],k4_xboole_0(_410234,2^[])),[0,1],k6_subset_1(_410252,_410254),k4_xboole_0(_410252,_410254),[],r2l]-[-r1_xboole_0(1^[],k4_xboole_0(k9_xtuple_0(_409784),2^[])),[0,1],k6_subset_1(k9_xtuple_0(_409784),2^[]),k4_xboole_0(k9_xtuple_0(_409784),2^[]),[],r2l]),ext([-r1_tarski(1^[],2^[]),[r1_tarski(_410334,_410336),-r1_xboole_0(_410334,k4_xboole_0(_410356,_410336))]]-[-r1_tarski(1^[],2^[]),[r1_tarski(1^[],2^[]),-r1_xboole_0(1^[],k4_xboole_0(k9_xtuple_0(_409784),2^[]))]]),ext([- #,[#,-r1_tarski(1^[],2^[])]]-[- #,[#,-r1_tarski(1^[],2^[])]]),init(-# - -#)],0)state([v1_relat_1(k6_subset_1(_144278,k5_relat_1(_144278,2^[]))),- (k5_relat_1(k6_subset_1(_144278,k5_relat_1(_144278,2^[])),1^[])=k1_xboole_0)],[-r1_xboole_0(1^[],k9_xtuple_0(k6_subset_1(_144278,k5_relat_1(_144278,2^[])))),-r1_xboole_0(1^[],k6_subset_1(k9_xtuple_0(_144278),2^[])),-r1_xboole_0(1^[],k4_xboole_0(k9_xtuple_0(_144278),2^[])),-r1_tarski(1^[],2^[]),- #],[],[ext(-v1_relat_1(_144892),[_144902=_144892,v1_relat_1(_144902)],n),para([0],k6_subset_1(_145046,_145048),k4_xboole_0(_145046,_145048),[],l2r),para([0,1],k5_relat_1(_144996,_144998),k1_xboole_0,[v1_relat_1(_144996),r1_xboole_0(_144998,k9_xtuple_0(_144996))],l2r),para([0],k9_xtuple_0(k6_subset_1(_144940,k5_relat_1(_144940,_144948))),k6_subset_1(k9_xtuple_0(_144940),_144948),[v1_relat_1(_144940)],r2l)],[[[v1_relat_1(_144278)],[-r1_xboole_0(1^[],k6_subset_1(k9_xtuple_0(_144278),2^[])),-r1_xboole_0(1^[],k4_xboole_0(k9_xtuple_0(_144278),2^[])),-r1_tarski(1^[],2^[]),- #],[-r1_xboole_0(1^[],k9_xtuple_0(k6_subset_1(_144278,k5_relat_1(_144278,2^[]))))]]],[ext([-r1_xboole_0(1^[],k9_xtuple_0(k6_subset_1(_144762,k5_relat_1(_144762,2^[])))),[r1_xboole_0(_144786,k9_xtuple_0(_144792)),v1_relat_1(_144792),- (k5_relat_1(_144792,_144786)=k1_xboole_0)]]-[-r1_xboole_0(1^[],k9_xtuple_0(k6_subset_1(_144278,k5_relat_1(_144278,2^[])))),[r1_xboole_0(1^[],k9_xtuple_0(k6_subset_1(_144278,k5_relat_1(_144278,2^[])))),v1_relat_1(k6_subset_1(_144278,k5_relat_1(_144278,2^[]))),- (k5_relat_1(k6_subset_1(_144278,k5_relat_1(_144278,2^[])),1^[])=k1_xboole_0)]]),para([-r1_xboole_0(1^[],k6_subset_1(_144422,2^[])),[0,1],k9_xtuple_0(k6_subset_1(_144444,k5_relat_1(_144444,_144452))),k6_subset_1(k9_xtuple_0(_144444),_144452),[v1_relat_1(_144444)],r2l]-[-r1_xboole_0(1^[],k6_subset_1(k9_xtuple_0(_144278),2^[])),[0,1],k9_xtuple_0(k6_subset_1(_144278,k5_relat_1(_144278,2^[]))),k6_subset_1(k9_xtuple_0(_144278),2^[]),[v1_relat_1(_144278)],r2l]),para([-r1_xboole_0(1^[],k4_xboole_0(_144556,2^[])),[0,1],k6_subset_1(_144574,_144576),k4_xboole_0(_144574,_144576),[],r2l]-[-r1_xboole_0(1^[],k4_xboole_0(k9_xtuple_0(_144278),2^[])),[0,1],k6_subset_1(k9_xtuple_0(_144278),2^[]),k4_xboole_0(k9_xtuple_0(_144278),2^[]),[],r2l]),ext([-r1_tarski(1^[],2^[]),[r1_tarski(_144656,_144658),-r1_xboole_0(_144656,k4_xboole_0(_144678,_144658))]]-[-r1_tarski(1^[],2^[]),[r1_tarski(1^[],2^[]),-r1_xboole_0(1^[],k4_xboole_0(k9_xtuple_0(_144278),2^[]))]]),ext([- #,[#,-r1_tarski(1^[],2^[])]]-[- #,[#,-r1_tarski(1^[],2^[])]]),init(-# - -#)],0)state([v1_relat_1(k6_subset_1(_144278,k5_relat_1(_144278,2^[]))),- (k5_relat_1(k6_subset_1(_144278,k5_relat_1(_144278,2^[])),1^[])=k1_xboole_0)],[-r1_xboole_0(1^[],k9_xtuple_0(k6_subset_1(_144278,k5_relat_1(_144278,2^[])))),-r1_xboole_0(1^[],k6_subset_1(k9_xtuple_0(_144278),2^[])),-r1_xboole_0(1^[],k4_xboole_0(k9_xtuple_0(_144278),2^[])),-r1_tarski(1^[],2^[]),- #],[],[ext(-v1_relat_1(_144892),[_144902=_144892,v1_relat_1(_144902)],n),para([0],k6_subset_1(_145046,_145048),k4_xboole_0(_145046,_145048),[],l2r),para([0,1],k5_relat_1(_144996,_144998),k1_xboole_0,[v1_relat_1(_144996),r1_xboole_0(_144998,k9_xtuple_0(_144996))],l2r),para([0],k9_xtuple_0(k6_subset_1(_144940,k5_relat_1(_144940,_144948))),k6_subset_1(k9_xtuple_0(_144940),_144948),[v1_relat_1(_144940)],r2l)],[[[v1_relat_1(_144278)],[-r1_xboole_0(1^[],k6_subset_1(k9_xtuple_0(_144278),2^[])),-r1_xboole_0(1^[],k4_xboole_0(k9_xtuple_0(_144278),2^[])),-r1_tarski(1^[],2^[]),- #],[-r1_xboole_0(1^[],k9_xtuple_0(k6_subset_1(_144278,k5_relat_1(_144278,2^[]))))]]],[ext([-r1_xboole_0(1^[],k9_xtuple_0(k6_subset_1(_144762,k5_relat_1(_144762,2^[])))),[r1_xboole_0(_144786,k9_xtuple_0(_144792)),v1_relat_1(_144792),- (k5_relat_1(_144792,_144786)=k1_xboole_0)]]-[-r1_xboole_0(1^[],k9_xtuple_0(k6_subset_1(_144278,k5_relat_1(_144278,2^[])))),[r1_xboole_0(1^[],k9_xtuple_0(k6_subset_1(_144278,k5_relat_1(_144278,2^[])))),v1_relat_1(k6_subset_1(_144278,k5_relat_1(_144278,2^[]))),- (k5_relat_1(k6_subset_1(_144278,k5_relat_1(_144278,2^[])),1^[])=k1_xboole_0)]]),para([-r1_xboole_0(1^[],k6_subset_1(_144422,2^[])),[0,1],k9_xtuple_0(k6_subset_1(_144444,k5_relat_1(_144444,_144452))),k6_subset_1(k9_xtuple_0(_144444),_144452),[v1_relat_1(_144444)],r2l]-[-r1_xboole_0(1^[],k6_subset_1(k9_xtuple_0(_144278),2^[])),[0,1],k9_xtuple_0(k6_subset_1(_144278,k5_relat_1(_144278,2^[]))),k6_subset_1(k9_xtuple_0(_144278),2^[]),[v1_relat_1(_144278)],r2l]),para([-r1_xboole_0(1^[],k4_xboole_0(_144556,2^[])),[0,1],k6_subset_1(_144574,_144576),k4_xboole_0(_144574,_144576),[],r2l]-[-r1_xboole_0(1^[],k4_xboole_0(k9_xtuple_0(_144278),2^[])),[0,1],k6_subset_1(k9_xtuple_0(_144278),2^[]),k4_xboole_0(k9_xtuple_0(_144278),2^[]),[],r2l]),ext([-r1_tarski(1^[],2^[]),[r1_tarski(_144656,_144658),-r1_xboole_0(_144656,k4_xboole_0(_144678,_144658))]]-[-r1_tarski(1^[],2^[]),[r1_tarski(1^[],2^[]),-r1_xboole_0(1^[],k4_xboole_0(k9_xtuple_0(_144278),2^[]))]]),ext([- #,[#,-r1_tarski(1^[],2^[])]]-[- #,[#,-r1_tarski(1^[],2^[])]]),init(-# - -#)],0)state([-r1_xboole_0(1^[],k9_xtuple_0(k6_subset_1(_143400,k5_relat_1(_143400,2^[])))),v1_relat_1(_143400)],[-r1_xboole_0(1^[],k6_subset_1(k9_xtuple_0(_143400),2^[])),-r1_xboole_0(1^[],k4_xboole_0(k9_xtuple_0(_143400),2^[])),-r1_tarski(1^[],2^[]),- #],[],[ext(r1_xboole_0(_143850,k9_xtuple_0(_143856)),[v1_relat_1(_143856),- (k5_relat_1(_143856,_143850)=k1_xboole_0)],n),ext(r1_xboole_0(_143796,_143798),[-r1_xboole_0(_143812,_143814),_143796=_143812,_143798=_143814],n),para([0,1,0],k6_subset_1(_144116,_144118),k4_xboole_0(_144116,_144118),[],l2r),para([0,1,0,1],k5_relat_1(_144054,_144056),k1_xboole_0,[v1_relat_1(_144054),r1_xboole_0(_144056,k9_xtuple_0(_144054))],l2r),para([0,1],k9_xtuple_0(k6_subset_1(_143986,k5_relat_1(_143986,_143994))),k6_subset_1(k9_xtuple_0(_143986),_143994),[v1_relat_1(_143986)],l2r),para([0,1,0],k9_xtuple_0(k6_subset_1(_143926,k5_relat_1(_143926,_143934))),k6_subset_1(k9_xtuple_0(_143926),_143934),[v1_relat_1(_143926)],r2l)],[],[para([-r1_xboole_0(1^[],k6_subset_1(_143684,2^[])),[0,1],k9_xtuple_0(k6_subset_1(_143706,k5_relat_1(_143706,_143714))),k6_subset_1(k9_xtuple_0(_143706),_143714),[v1_relat_1(_143706)],r2l]-[-r1_xboole_0(1^[],k6_subset_1(k9_xtuple_0(_143400),2^[])),[0,1],k9_xtuple_0(k6_subset_1(_143400,k5_relat_1(_143400,2^[]))),k6_subset_1(k9_xtuple_0(_143400),2^[]),[v1_relat_1(_143400)],r2l]),para([-r1_xboole_0(1^[],k4_xboole_0(_143464,2^[])),[0,1],k6_subset_1(_143482,_143484),k4_xboole_0(_143482,_143484),[],r2l]-[-r1_xboole_0(1^[],k4_xboole_0(k9_xtuple_0(_143400),2^[])),[0,1],k6_subset_1(k9_xtuple_0(_143400),2^[]),k4_xboole_0(k9_xtuple_0(_143400),2^[]),[],r2l]),ext([-r1_tarski(1^[],2^[]),[r1_tarski(_143564,_143566),-r1_xboole_0(_143564,k4_xboole_0(_143586,_143566))]]-[-r1_tarski(1^[],2^[]),[r1_tarski(1^[],2^[]),-r1_xboole_0(1^[],k4_xboole_0(k9_xtuple_0(_143400),2^[]))]]),ext([- #,[#,-r1_tarski(1^[],2^[])]]-[- #,[#,-r1_tarski(1^[],2^[])]]),init(-# - -#)],0)state([-r1_xboole_0(1^[],k6_subset_1(_37478,2^[]))],[-r1_xboole_0(1^[],k4_xboole_0(_37478,2^[])),-r1_tarski(1^[],2^[]),- #],[],[ext(r1_xboole_0(_37726,_37728),[-r1_xboole_0(_37742,_37744),_37726=_37742,_37728=_37744],n),para([0,1],k6_subset_1(_37856,_37858),k4_xboole_0(_37856,_37858),[],l2r),para([0,1],k9_xtuple_0(k6_subset_1(_37800,k5_relat_1(_37800,_37808))),k6_subset_1(k9_xtuple_0(_37800),_37808),[v1_relat_1(_37800)],r2l)],[],[para([-r1_xboole_0(1^[],k4_xboole_0(_37644,2^[])),[0,1],k6_subset_1(_37662,_37664),k4_xboole_0(_37662,_37664),[],r2l]-[-r1_xboole_0(1^[],k4_xboole_0(_37478,2^[])),[0,1],k6_subset_1(_37478,2^[]),k4_xboole_0(_37478,2^[]),[],r2l]),ext([-r1_tarski(1^[],2^[]),[r1_tarski(_37530,_37532),-r1_xboole_0(_37530,k4_xboole_0(_37552,_37532))]]-[-r1_tarski(1^[],2^[]),[r1_tarski(1^[],2^[]),-r1_xboole_0(1^[],k4_xboole_0(_37478,2^[]))]]),ext([- #,[#,-r1_tarski(1^[],2^[])]]-[- #,[#,-r1_tarski(1^[],2^[])]]),init(-# - -#)],0)state([-r1_xboole_0(1^[],k6_subset_1(_37478,2^[]))],[-r1_xboole_0(1^[],k4_xboole_0(_37478,2^[])),-r1_tarski(1^[],2^[]),- #],[],[ext(r1_xboole_0(_37726,_37728),[-r1_xboole_0(_37742,_37744),_37726=_37742,_37728=_37744],n),para([0,1],k6_subset_1(_37856,_37858),k4_xboole_0(_37856,_37858),[],l2r),para([0,1],k9_xtuple_0(k6_subset_1(_37800,k5_relat_1(_37800,_37808))),k6_subset_1(k9_xtuple_0(_37800),_37808),[v1_relat_1(_37800)],r2l)],[],[para([-r1_xboole_0(1^[],k4_xboole_0(_37644,2^[])),[0,1],k6_subset_1(_37662,_37664),k4_xboole_0(_37662,_37664),[],r2l]-[-r1_xboole_0(1^[],k4_xboole_0(_37478,2^[])),[0,1],k6_subset_1(_37478,2^[]),k4_xboole_0(_37478,2^[]),[],r2l]),ext([-r1_tarski(1^[],2^[]),[r1_tarski(_37530,_37532),-r1_xboole_0(_37530,k4_xboole_0(_37552,_37532))]]-[-r1_tarski(1^[],2^[]),[r1_tarski(1^[],2^[]),-r1_xboole_0(1^[],k4_xboole_0(_37478,2^[]))]]),ext([- #,[#,-r1_tarski(1^[],2^[])]]-[- #,[#,-r1_tarski(1^[],2^[])]]),init(-# - -#)],0)state([-r1_xboole_0(1^[],k6_subset_1(_37478,2^[]))],[-r1_xboole_0(1^[],k4_xboole_0(_37478,2^[])),-r1_tarski(1^[],2^[]),- #],[],[ext(r1_xboole_0(_37726,_37728),[-r1_xboole_0(_37742,_37744),_37726=_37742,_37728=_37744],n),para([0,1],k6_subset_1(_37856,_37858),k4_xboole_0(_37856,_37858),[],l2r),para([0,1],k9_xtuple_0(k6_subset_1(_37800,k5_relat_1(_37800,_37808))),k6_subset_1(k9_xtuple_0(_37800),_37808),[v1_relat_1(_37800)],r2l)],[],[para([-r1_xboole_0(1^[],k4_xboole_0(_37644,2^[])),[0,1],k6_subset_1(_37662,_37664),k4_xboole_0(_37662,_37664),[],r2l]-[-r1_xboole_0(1^[],k4_xboole_0(_37478,2^[])),[0,1],k6_subset_1(_37478,2^[]),k4_xboole_0(_37478,2^[]),[],r2l]),ext([-r1_tarski(1^[],2^[]),[r1_tarski(_37530,_37532),-r1_xboole_0(_37530,k4_xboole_0(_37552,_37532))]]-[-r1_tarski(1^[],2^[]),[r1_tarski(1^[],2^[]),-r1_xboole_0(1^[],k4_xboole_0(_37478,2^[]))]]),ext([- #,[#,-r1_tarski(1^[],2^[])]]-[- #,[#,-r1_tarski(1^[],2^[])]]),init(-# - -#)],0)state([-r1_xboole_0(1^[],k4_xboole_0(_16010,2^[]))],[-r1_tarski(1^[],2^[]),- #],[],[ext(r1_xboole_0(_16126,_16128),[-r1_xboole_0(_16142,_16144),_16126=_16142,_16128=_16144],n),para([0,1],k6_subset_1(_16196,_16198),k4_xboole_0(_16196,_16198),[],r2l)],[],[ext([-r1_tarski(1^[],2^[]),[r1_tarski(_16068,_16070),-r1_xboole_0(_16068,k4_xboole_0(_16090,_16070))]]-[-r1_tarski(1^[],2^[]),[r1_tarski(1^[],2^[]),-r1_xboole_0(1^[],k4_xboole_0(_16010,2^[]))]]),ext([- #,[#,-r1_tarski(1^[],2^[])]]-[- #,[#,-r1_tarski(1^[],2^[])]]),init(-# - -#)],0)state([-r1_xboole_0(1^[],k4_xboole_0(_16010,2^[]))],[-r1_tarski(1^[],2^[]),- #],[],[ext(r1_xboole_0(_16126,_16128),[-r1_xboole_0(_16142,_16144),_16126=_16142,_16128=_16144],n),para([0,1],k6_subset_1(_16196,_16198),k4_xboole_0(_16196,_16198),[],r2l)],[],[ext([-r1_tarski(1^[],2^[]),[r1_tarski(_16068,_16070),-r1_xboole_0(_16068,k4_xboole_0(_16090,_16070))]]-[-r1_tarski(1^[],2^[]),[r1_tarski(1^[],2^[]),-r1_xboole_0(1^[],k4_xboole_0(_16010,2^[]))]]),ext([- #,[#,-r1_tarski(1^[],2^[])]]-[- #,[#,-r1_tarski(1^[],2^[])]]),init(-# - -#)],0)state([-r1_tarski(1^[],2^[])],[- #],[],[ext(r1_tarski(_15904,_15906),[-r1_xboole_0(_15904,k4_xboole_0(_15926,_15906))],n),ext(r1_tarski(_15850,_15852),[-r1_tarski(_15866,_15868),_15850=_15866,_15852=_15868],n)],[],[ext([- #,[#,-r1_tarski(1^[],2^[])]]-[- #,[#,-r1_tarski(1^[],2^[])]]),init(-# - -#)],0)state([-r1_tarski(1^[],2^[])],[- #],[],[ext(r1_tarski(_15904,_15906),[-r1_xboole_0(_15904,k4_xboole_0(_15926,_15906))],n),ext(r1_tarski(_15850,_15852),[-r1_tarski(_15866,_15868),_15850=_15866,_15852=_15868],n)],[],[ext([- #,[#,-r1_tarski(1^[],2^[])]]-[- #,[#,-r1_tarski(1^[],2^[])]]),init(-# - -#)],0)state([- #],[],[],[ext(#,[-v1_relat_1(3^[])],g),ext(#,[-r1_tarski(1^[],2^[])],g),ext(#,[k5_relat_1(k6_subset_1(3^[],k5_relat_1(3^[],2^[])),1^[])=k1_xboole_0],g)],[],[init(-# - -#)],0)state([- #],[],[],[ext(#,[-v1_relat_1(3^[])],g),ext(#,[-r1_tarski(1^[],2^[])],g),ext(#,[k5_relat_1(k6_subset_1(3^[],k5_relat_1(3^[],2^[])),1^[])=k1_xboole_0],g)],[],[init(-# - -#)],0)state([- #],[],[],[ext(#,[-v1_relat_1(3^[])],g),ext(#,[-r1_tarski(1^[],2^[])],g),ext(#,[k5_relat_1(k6_subset_1(3^[],k5_relat_1(3^[],2^[])),1^[])=k1_xboole_0],g)],[],[init(-# - -#)],0)Policy data saved
Training data saved
Execution time: 11.601 sec
Full query: 
 swipl -g '["core/montecarlo.pl"], mc_run("theorems/m2np/t181_relat_1.p",[guided(0),cp(1),sim_depth(0),playout_count(200000),min_visit_count(1),n_dim(10000),playout_time(300), output_format(svmlight), leancop_settings([conj,nodef,comp(1000),eager_reduction(1),paramodulation(1)]),return_to_root(0),save_all_proofs(0),temperature(2),save_all_policy(0),save_all_value(1),lemma_features(0),inference_limit(200000),collapse_vars(0),bigstep_frequency(2000)],"results/plcop_paramodulation/train_value","results/plcop_paramodulation/train_policy","results/plcop_paramodulation/clauses","results/plcop_paramodulation/proofs",ExecutionTime), halt.'
