Prolog query: 
 mc_run("theorems/m2np/t27_enumset1.p",[guided(0),cp(1),sim_depth(0),playout_count(200000),min_visit_count(1),n_dim(10000),playout_time(300), output_format(svmlight), leancop_settings([conj,nodef,comp(1000),eager_reduction(1),paramodulation(1)]),return_to_root(0),save_all_proofs(0),temperature(2),save_all_policy(0),save_all_value(1),lemma_features(0),inference_limit(200000),collapse_vars(0),bigstep_frequency(2000)],"results/plcop_paramodulation/train_value","results/plcop_paramodulation/train_policy","results/plcop_paramodulation/clauses","results/plcop_paramodulation/proofs",ExecutionTime)
Trying to open file theorems/m2np/t27_enumset1.p...
Successfully opened file theorems/m2np/t27_enumset1.p
200000 playouts remaining
SUCCESS
   Init: 	-#
   Extension: 	[- #,[#,k6_enumset1(1^[],2^[],3^[],4^[],5^[],6^[],7^[],8^[])=k2_xboole_0(k4_enumset1(1^[],2^[],3^[],4^[],5^[],6^[]),k2_tarski(7^[],8^[]))]]
   Paramodulation: 	[k6_enumset1(1^[],2^[],3^[],4^[],5^[],6^[],7^[],8^[])=k2_xboole_0(k4_enumset1(1^[],2^[],3^[],4^[],5^[],6^[]),k2_tarski(7^[],8^[])),[1,0],k4_enumset1(A,B,C,D,E,F),k2_xboole_0(k2_enumset1(A,B,C,D),k2_tarski(E,F)),[],l2r]
   Paramodulation: 	[k6_enumset1(1^[],2^[],3^[],4^[],5^[],6^[],7^[],8^[])=k2_xboole_0(k2_xboole_0(k2_enumset1(1^[],2^[],3^[],4^[]),k2_tarski(5^[],6^[])),k2_tarski(7^[],8^[])),[1],k2_xboole_0(k2_xboole_0(A,B),C),k2_xboole_0(A,k2_xboole_0(B,C)),[],l2r]
   Paramodulation: 	[k6_enumset1(1^[],2^[],3^[],4^[],5^[],6^[],7^[],8^[])=k2_xboole_0(k2_enumset1(1^[],2^[],3^[],4^[]),k2_xboole_0(k2_tarski(5^[],6^[]),k2_tarski(7^[],8^[]))),[1,1],k2_enumset1(A,B,C,D),k2_xboole_0(k2_tarski(A,B),k2_tarski(C,D)),[],r2l]
   Extension: 	[k6_enumset1(1^[],2^[],3^[],4^[],5^[],6^[],7^[],8^[])=k2_xboole_0(k2_enumset1(1^[],2^[],3^[],4^[]),k2_enumset1(5^[],6^[],7^[],8^[])),[- (k6_enumset1(A,B,C,D,E,F,G,H)=k2_xboole_0(k2_enumset1(A,B,C,D),k2_enumset1(E,F,G,H)))]]
Created leancop proof

FIRST PROOF FOUND AFTER 835 STEPS

Moving root from 0 to 1
Moving root from 1 to 16
195000 playouts remaining
Moving root from 16 to 120
Moving root from 120 to 658
Moving root from 658 to 659
190000 playouts remaining
Unable to move root from 659
Unable to move root from 659
185000 playouts remaining
Unable to move root from 659
Unable to move root from 659
Unable to move root from 659
180000 playouts remaining
Unable to move root from 659
Unable to move root from 659
175000 playouts remaining
Unable to move root from 659
Unable to move root from 659
Unable to move root from 659
170000 playouts remaining
Unable to move root from 659
Unable to move root from 659
165000 playouts remaining
Unable to move root from 659
Unable to move root from 659
Unable to move root from 659
160000 playouts remaining
Unable to move root from 659
Unable to move root from 659
155000 playouts remaining
Unable to move root from 659
Unable to move root from 659
Unable to move root from 659
150000 playouts remaining
Unable to move root from 659
Unable to move root from 659
145000 playouts remaining
Unable to move root from 659
Unable to move root from 659
Unable to move root from 659
140000 playouts remaining
Unable to move root from 659
Unable to move root from 659
135000 playouts remaining
Unable to move root from 659
Unable to move root from 659
Unable to move root from 659
130000 playouts remaining
Unable to move root from 659
Unable to move root from 659
125000 playouts remaining
Unable to move root from 659
Unable to move root from 659
Unable to move root from 659
120000 playouts remaining
Unable to move root from 659
Unable to move root from 659
115000 playouts remaining
Unable to move root from 659
Unable to move root from 659
Unable to move root from 659
110000 playouts remaining
Unable to move root from 659
Unable to move root from 659
105000 playouts remaining
Unable to move root from 659
Unable to move root from 659
Unable to move root from 659
100000 playouts remaining
Unable to move root from 659
Unable to move root from 659
95000 playouts remaining
Unable to move root from 659
Unable to move root from 659
Unable to move root from 659
90000 playouts remaining
Unable to move root from 659
Unable to move root from 659
85000 playouts remaining
Unable to move root from 659
Unable to move root from 659
Unable to move root from 659
80000 playouts remaining
Unable to move root from 659
Unable to move root from 659
75000 playouts remaining
Unable to move root from 659
Unable to move root from 659
Unable to move root from 659
70000 playouts remaining
Unable to move root from 659
Unable to move root from 659
65000 playouts remaining
Unable to move root from 659
Unable to move root from 659
Unable to move root from 659
60000 playouts remaining
Unable to move root from 659
Unable to move root from 659
55000 playouts remaining
Unable to move root from 659
Unable to move root from 659
Unable to move root from 659
50000 playouts remaining
Unable to move root from 659
Unable to move root from 659
45000 playouts remaining
Unable to move root from 659
Unable to move root from 659
Unable to move root from 659
40000 playouts remaining
Unable to move root from 659
Unable to move root from 659
35000 playouts remaining
Unable to move root from 659
Unable to move root from 659
Unable to move root from 659
30000 playouts remaining
Unable to move root from 659
Unable to move root from 659
25000 playouts remaining
Unable to move root from 659
Unable to move root from 659
Unable to move root from 659
20000 playouts remaining
Unable to move root from 659
Unable to move root from 659
15000 playouts remaining
Unable to move root from 659
Unable to move root from 659
Unable to move root from 659
10000 playouts remaining
Unable to move root from 659
Unable to move root from 659
5000 playouts remaining
Unable to move root from 659
Unable to move root from 659
Unable to move root from 659
Created 660 nodes
Performed 29828 inferences
Bigstep Nodes: 6, [0,1,16,120,658,659]
Training data collected
state([success],[],[],[],[],[ext([k6_enumset1(1^[],2^[],3^[],4^[],5^[],6^[],7^[],8^[])=k2_xboole_0(k2_enumset1(1^[],2^[],3^[],4^[]),k2_enumset1(5^[],6^[],7^[],8^[])),[- (k6_enumset1(_558312,_558314,_558316,_558318,_558320,_558322,_558324,_558326)=k2_xboole_0(k2_enumset1(_558312,_558314,_558316,_558318),k2_enumset1(_558320,_558322,_558324,_558326)))]]-[k6_enumset1(1^[],2^[],3^[],4^[],5^[],6^[],7^[],8^[])=k2_xboole_0(k2_enumset1(1^[],2^[],3^[],4^[]),k2_enumset1(5^[],6^[],7^[],8^[])),[- (k6_enumset1(1^[],2^[],3^[],4^[],5^[],6^[],7^[],8^[])=k2_xboole_0(k2_enumset1(1^[],2^[],3^[],4^[]),k2_enumset1(5^[],6^[],7^[],8^[])))]]),para([k6_enumset1(1^[],2^[],3^[],4^[],5^[],6^[],7^[],8^[])=k2_xboole_0(k2_enumset1(1^[],2^[],3^[],4^[]),k2_xboole_0(k2_tarski(5^[],6^[]),k2_tarski(7^[],8^[]))),[1,1],k2_enumset1(_558076,_558078,_558080,_558082),k2_xboole_0(k2_tarski(_558076,_558078),k2_tarski(_558080,_558082)),[],r2l]-[k6_enumset1(1^[],2^[],3^[],4^[],5^[],6^[],7^[],8^[])=k2_xboole_0(k2_enumset1(1^[],2^[],3^[],4^[]),k2_xboole_0(k2_tarski(5^[],6^[]),k2_tarski(7^[],8^[]))),[1,1],k2_enumset1(5^[],6^[],7^[],8^[]),k2_xboole_0(k2_tarski(5^[],6^[]),k2_tarski(7^[],8^[])),[],r2l]),para([k6_enumset1(1^[],2^[],3^[],4^[],5^[],6^[],7^[],8^[])=k2_xboole_0(k2_xboole_0(k2_enumset1(1^[],2^[],3^[],4^[]),k2_tarski(5^[],6^[])),k2_tarski(7^[],8^[])),[1],k2_xboole_0(k2_xboole_0(_558150,_558152),_558146),k2_xboole_0(_558150,k2_xboole_0(_558152,_558146)),[],l2r]-[k6_enumset1(1^[],2^[],3^[],4^[],5^[],6^[],7^[],8^[])=k2_xboole_0(k2_xboole_0(k2_enumset1(1^[],2^[],3^[],4^[]),k2_tarski(5^[],6^[])),k2_tarski(7^[],8^[])),[1],k2_xboole_0(k2_xboole_0(k2_enumset1(1^[],2^[],3^[],4^[]),k2_tarski(5^[],6^[])),k2_tarski(7^[],8^[])),k2_xboole_0(k2_enumset1(1^[],2^[],3^[],4^[]),k2_xboole_0(k2_tarski(5^[],6^[]),k2_tarski(7^[],8^[]))),[],l2r]),para([k6_enumset1(1^[],2^[],3^[],4^[],5^[],6^[],7^[],8^[])=k2_xboole_0(k4_enumset1(1^[],2^[],3^[],4^[],5^[],6^[]),k2_tarski(7^[],8^[])),[1,0],k4_enumset1(_558208,_558210,_558212,_558214,_558216,_558218),k2_xboole_0(k2_enumset1(_558208,_558210,_558212,_558214),k2_tarski(_558216,_558218)),[],l2r]-[k6_enumset1(1^[],2^[],3^[],4^[],5^[],6^[],7^[],8^[])=k2_xboole_0(k4_enumset1(1^[],2^[],3^[],4^[],5^[],6^[]),k2_tarski(7^[],8^[])),[1,0],k4_enumset1(1^[],2^[],3^[],4^[],5^[],6^[]),k2_xboole_0(k2_enumset1(1^[],2^[],3^[],4^[]),k2_tarski(5^[],6^[])),[],l2r]),ext([- #,[#,k6_enumset1(1^[],2^[],3^[],4^[],5^[],6^[],7^[],8^[])=k2_xboole_0(k4_enumset1(1^[],2^[],3^[],4^[],5^[],6^[]),k2_tarski(7^[],8^[]))]]-[- #,[#,k6_enumset1(1^[],2^[],3^[],4^[],5^[],6^[],7^[],8^[])=k2_xboole_0(k4_enumset1(1^[],2^[],3^[],4^[],5^[],6^[]),k2_tarski(7^[],8^[]))]]),init(-# - -#)],1)state([k6_enumset1(1^[],2^[],3^[],4^[],5^[],6^[],7^[],8^[])=k2_xboole_0(k2_enumset1(1^[],2^[],3^[],4^[]),k2_enumset1(5^[],6^[],7^[],8^[]))],[k6_enumset1(1^[],2^[],3^[],4^[],5^[],6^[],7^[],8^[])=k2_xboole_0(k2_enumset1(1^[],2^[],3^[],4^[]),k2_xboole_0(k2_tarski(5^[],6^[]),k2_tarski(7^[],8^[]))),k6_enumset1(1^[],2^[],3^[],4^[],5^[],6^[],7^[],8^[])=k2_xboole_0(k2_xboole_0(k2_enumset1(1^[],2^[],3^[],4^[]),k2_tarski(5^[],6^[])),k2_tarski(7^[],8^[])),k6_enumset1(1^[],2^[],3^[],4^[],5^[],6^[],7^[],8^[])=k2_xboole_0(k4_enumset1(1^[],2^[],3^[],4^[],5^[],6^[]),k2_tarski(7^[],8^[])),- #],[],[ext(- (k6_enumset1(_557516,_557518,_557520,_557522,_557524,_557526,_557528,_557530)=k2_xboole_0(k2_enumset1(_557516,_557518,_557520,_557522),k2_enumset1(_557524,_557526,_557528,_557530))),[],n),ext(- (_557480=_557482),[_557482=_557480],n),ext(- (_557438=_557440),[_557438=_557452,_557452=_557440],n),para([1,0],k2_enumset1(_557760,_557762,_557764,_557766),k2_xboole_0(k2_tarski(_557760,_557762),k2_tarski(_557764,_557766)),[],l2r),para([1,1],k2_enumset1(_557708,_557710,_557712,_557714),k2_xboole_0(k2_tarski(_557708,_557710),k2_tarski(_557712,_557714)),[],l2r),para([0],k6_enumset1(_557640,_557642,_557644,_557646,_557648,_557650,_557652,_557654),k2_xboole_0(k2_enumset1(_557640,_557642,_557644,_557646),k2_enumset1(_557648,_557650,_557652,_557654)),[],l2r),para([1],k6_enumset1(_557578,_557580,_557582,_557584,_557586,_557588,_557590,_557592),k2_xboole_0(k2_enumset1(_557578,_557580,_557582,_557584),k2_enumset1(_557586,_557588,_557590,_557592)),[],r2l)],[],[para([k6_enumset1(1^[],2^[],3^[],4^[],5^[],6^[],7^[],8^[])=k2_xboole_0(k2_enumset1(1^[],2^[],3^[],4^[]),k2_xboole_0(k2_tarski(5^[],6^[]),k2_tarski(7^[],8^[]))),[1,1],k2_enumset1(_557352,_557354,_557356,_557358),k2_xboole_0(k2_tarski(_557352,_557354),k2_tarski(_557356,_557358)),[],r2l]-[k6_enumset1(1^[],2^[],3^[],4^[],5^[],6^[],7^[],8^[])=k2_xboole_0(k2_enumset1(1^[],2^[],3^[],4^[]),k2_xboole_0(k2_tarski(5^[],6^[]),k2_tarski(7^[],8^[]))),[1,1],k2_enumset1(5^[],6^[],7^[],8^[]),k2_xboole_0(k2_tarski(5^[],6^[]),k2_tarski(7^[],8^[])),[],r2l]),para([k6_enumset1(1^[],2^[],3^[],4^[],5^[],6^[],7^[],8^[])=k2_xboole_0(k2_xboole_0(k2_enumset1(1^[],2^[],3^[],4^[]),k2_tarski(5^[],6^[])),k2_tarski(7^[],8^[])),[1],k2_xboole_0(k2_xboole_0(_557182,_557184),_557178),k2_xboole_0(_557182,k2_xboole_0(_557184,_557178)),[],l2r]-[k6_enumset1(1^[],2^[],3^[],4^[],5^[],6^[],7^[],8^[])=k2_xboole_0(k2_xboole_0(k2_enumset1(1^[],2^[],3^[],4^[]),k2_tarski(5^[],6^[])),k2_tarski(7^[],8^[])),[1],k2_xboole_0(k2_xboole_0(k2_enumset1(1^[],2^[],3^[],4^[]),k2_tarski(5^[],6^[])),k2_tarski(7^[],8^[])),k2_xboole_0(k2_enumset1(1^[],2^[],3^[],4^[]),k2_xboole_0(k2_tarski(5^[],6^[]),k2_tarski(7^[],8^[]))),[],l2r]),para([k6_enumset1(1^[],2^[],3^[],4^[],5^[],6^[],7^[],8^[])=k2_xboole_0(k4_enumset1(1^[],2^[],3^[],4^[],5^[],6^[]),k2_tarski(7^[],8^[])),[1,0],k4_enumset1(_557240,_557242,_557244,_557246,_557248,_557250),k2_xboole_0(k2_enumset1(_557240,_557242,_557244,_557246),k2_tarski(_557248,_557250)),[],l2r]-[k6_enumset1(1^[],2^[],3^[],4^[],5^[],6^[],7^[],8^[])=k2_xboole_0(k4_enumset1(1^[],2^[],3^[],4^[],5^[],6^[]),k2_tarski(7^[],8^[])),[1,0],k4_enumset1(1^[],2^[],3^[],4^[],5^[],6^[]),k2_xboole_0(k2_enumset1(1^[],2^[],3^[],4^[]),k2_tarski(5^[],6^[])),[],l2r]),ext([- #,[#,k6_enumset1(1^[],2^[],3^[],4^[],5^[],6^[],7^[],8^[])=k2_xboole_0(k4_enumset1(1^[],2^[],3^[],4^[],5^[],6^[]),k2_tarski(7^[],8^[]))]]-[- #,[#,k6_enumset1(1^[],2^[],3^[],4^[],5^[],6^[],7^[],8^[])=k2_xboole_0(k4_enumset1(1^[],2^[],3^[],4^[],5^[],6^[]),k2_tarski(7^[],8^[]))]]),init(-# - -#)],0)state([k6_enumset1(1^[],2^[],3^[],4^[],5^[],6^[],7^[],8^[])=k2_xboole_0(k2_enumset1(1^[],2^[],3^[],4^[]),k2_xboole_0(k2_tarski(5^[],6^[]),k2_tarski(7^[],8^[])))],[k6_enumset1(1^[],2^[],3^[],4^[],5^[],6^[],7^[],8^[])=k2_xboole_0(k2_xboole_0(k2_enumset1(1^[],2^[],3^[],4^[]),k2_tarski(5^[],6^[])),k2_tarski(7^[],8^[])),k6_enumset1(1^[],2^[],3^[],4^[],5^[],6^[],7^[],8^[])=k2_xboole_0(k4_enumset1(1^[],2^[],3^[],4^[],5^[],6^[]),k2_tarski(7^[],8^[])),- #],[],[ext(- (_81594=_81596),[_81596=_81594],n),ext(- (_81552=_81554),[_81552=_81566,_81566=_81554],n),para([1,1,0],k2_tarski(_81976,_81978),k2_tarski(_81978,_81976),[],l2r),para([1,1,0],k2_tarski(_81934,_81936),k2_tarski(_81936,_81934),[],r2l),para([1,1,1],k2_tarski(_81892,_81894),k2_tarski(_81894,_81892),[],l2r),para([1,1,1],k2_tarski(_81850,_81852),k2_tarski(_81852,_81850),[],r2l),para([1,0],k2_enumset1(_81792,_81794,_81796,_81798),k2_xboole_0(k2_tarski(_81792,_81794),k2_tarski(_81796,_81798)),[],l2r),para([1,1],k2_enumset1(_81740,_81742,_81744,_81746),k2_xboole_0(k2_tarski(_81740,_81742),k2_tarski(_81744,_81746)),[],r2l),para([0],k6_enumset1(_81672,_81674,_81676,_81678,_81680,_81682,_81684,_81686),k2_xboole_0(k2_enumset1(_81672,_81674,_81676,_81678),k2_enumset1(_81680,_81682,_81684,_81686)),[],l2r),para([1],k2_xboole_0(k2_xboole_0(_81636,_81638),_81632),k2_xboole_0(_81636,k2_xboole_0(_81638,_81632)),[],r2l)],[],[para([k6_enumset1(1^[],2^[],3^[],4^[],5^[],6^[],7^[],8^[])=k2_xboole_0(k2_xboole_0(k2_enumset1(1^[],2^[],3^[],4^[]),k2_tarski(5^[],6^[])),k2_tarski(7^[],8^[])),[1],k2_xboole_0(k2_xboole_0(_81482,_81484),_81478),k2_xboole_0(_81482,k2_xboole_0(_81484,_81478)),[],l2r]-[k6_enumset1(1^[],2^[],3^[],4^[],5^[],6^[],7^[],8^[])=k2_xboole_0(k2_xboole_0(k2_enumset1(1^[],2^[],3^[],4^[]),k2_tarski(5^[],6^[])),k2_tarski(7^[],8^[])),[1],k2_xboole_0(k2_xboole_0(k2_enumset1(1^[],2^[],3^[],4^[]),k2_tarski(5^[],6^[])),k2_tarski(7^[],8^[])),k2_xboole_0(k2_enumset1(1^[],2^[],3^[],4^[]),k2_xboole_0(k2_tarski(5^[],6^[]),k2_tarski(7^[],8^[]))),[],l2r]),para([k6_enumset1(1^[],2^[],3^[],4^[],5^[],6^[],7^[],8^[])=k2_xboole_0(k4_enumset1(1^[],2^[],3^[],4^[],5^[],6^[]),k2_tarski(7^[],8^[])),[1,0],k4_enumset1(_81364,_81366,_81368,_81370,_81372,_81374),k2_xboole_0(k2_enumset1(_81364,_81366,_81368,_81370),k2_tarski(_81372,_81374)),[],l2r]-[k6_enumset1(1^[],2^[],3^[],4^[],5^[],6^[],7^[],8^[])=k2_xboole_0(k4_enumset1(1^[],2^[],3^[],4^[],5^[],6^[]),k2_tarski(7^[],8^[])),[1,0],k4_enumset1(1^[],2^[],3^[],4^[],5^[],6^[]),k2_xboole_0(k2_enumset1(1^[],2^[],3^[],4^[]),k2_tarski(5^[],6^[])),[],l2r]),ext([- #,[#,k6_enumset1(1^[],2^[],3^[],4^[],5^[],6^[],7^[],8^[])=k2_xboole_0(k4_enumset1(1^[],2^[],3^[],4^[],5^[],6^[]),k2_tarski(7^[],8^[]))]]-[- #,[#,k6_enumset1(1^[],2^[],3^[],4^[],5^[],6^[],7^[],8^[])=k2_xboole_0(k4_enumset1(1^[],2^[],3^[],4^[],5^[],6^[]),k2_tarski(7^[],8^[]))]]),init(-# - -#)],0)state([k6_enumset1(1^[],2^[],3^[],4^[],5^[],6^[],7^[],8^[])=k2_xboole_0(k2_xboole_0(k2_enumset1(1^[],2^[],3^[],4^[]),k2_tarski(5^[],6^[])),k2_tarski(7^[],8^[]))],[k6_enumset1(1^[],2^[],3^[],4^[],5^[],6^[],7^[],8^[])=k2_xboole_0(k4_enumset1(1^[],2^[],3^[],4^[],5^[],6^[]),k2_tarski(7^[],8^[])),- #],[],[ext(- (_10356=_10358),[_10358=_10356],n),ext(- (_10314=_10316),[_10314=_10328,_10328=_10316],n),para([1,0,1],k2_tarski(_10740,_10742),k2_tarski(_10742,_10740),[],l2r),para([1,0,1],k2_tarski(_10698,_10700),k2_tarski(_10700,_10698),[],r2l),para([1,1],k2_tarski(_10656,_10658),k2_tarski(_10658,_10656),[],l2r),para([1,1],k2_tarski(_10620,_10622),k2_tarski(_10622,_10620),[],r2l),para([1,0,0],k2_enumset1(_10568,_10570,_10572,_10574),k2_xboole_0(k2_tarski(_10568,_10570),k2_tarski(_10572,_10574)),[],l2r),para([0],k6_enumset1(_10494,_10496,_10498,_10500,_10502,_10504,_10506,_10508),k2_xboole_0(k2_enumset1(_10494,_10496,_10498,_10500),k2_enumset1(_10502,_10504,_10506,_10508)),[],l2r),para([1,0],k4_enumset1(_10440,_10442,_10444,_10446,_10448,_10450),k2_xboole_0(k2_enumset1(_10440,_10442,_10444,_10446),k2_tarski(_10448,_10450)),[],r2l),para([1],k2_xboole_0(k2_xboole_0(_10398,_10400),_10394),k2_xboole_0(_10398,k2_xboole_0(_10400,_10394)),[],l2r)],[],[para([k6_enumset1(1^[],2^[],3^[],4^[],5^[],6^[],7^[],8^[])=k2_xboole_0(k4_enumset1(1^[],2^[],3^[],4^[],5^[],6^[]),k2_tarski(7^[],8^[])),[1,0],k4_enumset1(_10220,_10222,_10224,_10226,_10228,_10230),k2_xboole_0(k2_enumset1(_10220,_10222,_10224,_10226),k2_tarski(_10228,_10230)),[],l2r]-[k6_enumset1(1^[],2^[],3^[],4^[],5^[],6^[],7^[],8^[])=k2_xboole_0(k4_enumset1(1^[],2^[],3^[],4^[],5^[],6^[]),k2_tarski(7^[],8^[])),[1,0],k4_enumset1(1^[],2^[],3^[],4^[],5^[],6^[]),k2_xboole_0(k2_enumset1(1^[],2^[],3^[],4^[]),k2_tarski(5^[],6^[])),[],l2r]),ext([- #,[#,k6_enumset1(1^[],2^[],3^[],4^[],5^[],6^[],7^[],8^[])=k2_xboole_0(k4_enumset1(1^[],2^[],3^[],4^[],5^[],6^[]),k2_tarski(7^[],8^[]))]]-[- #,[#,k6_enumset1(1^[],2^[],3^[],4^[],5^[],6^[],7^[],8^[])=k2_xboole_0(k4_enumset1(1^[],2^[],3^[],4^[],5^[],6^[]),k2_tarski(7^[],8^[]))]]),init(-# - -#)],0)state([k6_enumset1(1^[],2^[],3^[],4^[],5^[],6^[],7^[],8^[])=k2_xboole_0(k4_enumset1(1^[],2^[],3^[],4^[],5^[],6^[]),k2_tarski(7^[],8^[]))],[- #],[],[ext(- (_1962=_1964),[_1964=_1962],n),ext(- (_1920=_1922),[_1920=_1934,_1934=_1922],n),para([1,1],k2_tarski(_2162,_2164),k2_tarski(_2164,_2162),[],l2r),para([1,1],k2_tarski(_2126,_2128),k2_tarski(_2128,_2126),[],r2l),para([0],k6_enumset1(_2058,_2060,_2062,_2064,_2066,_2068,_2070,_2072),k2_xboole_0(k2_enumset1(_2058,_2060,_2062,_2064),k2_enumset1(_2066,_2068,_2070,_2072)),[],l2r),para([1,0],k4_enumset1(_2004,_2006,_2008,_2010,_2012,_2014),k2_xboole_0(k2_enumset1(_2004,_2006,_2008,_2010),k2_tarski(_2012,_2014)),[],l2r)],[],[ext([- #,[#,k6_enumset1(1^[],2^[],3^[],4^[],5^[],6^[],7^[],8^[])=k2_xboole_0(k4_enumset1(1^[],2^[],3^[],4^[],5^[],6^[]),k2_tarski(7^[],8^[]))]]-[- #,[#,k6_enumset1(1^[],2^[],3^[],4^[],5^[],6^[],7^[],8^[])=k2_xboole_0(k4_enumset1(1^[],2^[],3^[],4^[],5^[],6^[]),k2_tarski(7^[],8^[]))]]),init(-# - -#)],0)state([- #],[],[],[ext(#,[k6_enumset1(1^[],2^[],3^[],4^[],5^[],6^[],7^[],8^[])=k2_xboole_0(k4_enumset1(1^[],2^[],3^[],4^[],5^[],6^[]),k2_tarski(7^[],8^[]))],g)],[],[init(-# - -#)],0)Value data saved
state([k6_enumset1(1^[],2^[],3^[],4^[],5^[],6^[],7^[],8^[])=k2_xboole_0(k2_enumset1(1^[],2^[],3^[],4^[]),k2_enumset1(5^[],6^[],7^[],8^[]))],[k6_enumset1(1^[],2^[],3^[],4^[],5^[],6^[],7^[],8^[])=k2_xboole_0(k2_enumset1(1^[],2^[],3^[],4^[]),k2_xboole_0(k2_tarski(5^[],6^[]),k2_tarski(7^[],8^[]))),k6_enumset1(1^[],2^[],3^[],4^[],5^[],6^[],7^[],8^[])=k2_xboole_0(k2_xboole_0(k2_enumset1(1^[],2^[],3^[],4^[]),k2_tarski(5^[],6^[])),k2_tarski(7^[],8^[])),k6_enumset1(1^[],2^[],3^[],4^[],5^[],6^[],7^[],8^[])=k2_xboole_0(k4_enumset1(1^[],2^[],3^[],4^[],5^[],6^[]),k2_tarski(7^[],8^[])),- #],[],[ext(- (k6_enumset1(_557516,_557518,_557520,_557522,_557524,_557526,_557528,_557530)=k2_xboole_0(k2_enumset1(_557516,_557518,_557520,_557522),k2_enumset1(_557524,_557526,_557528,_557530))),[],n),ext(- (_557480=_557482),[_557482=_557480],n),ext(- (_557438=_557440),[_557438=_557452,_557452=_557440],n),para([1,0],k2_enumset1(_557760,_557762,_557764,_557766),k2_xboole_0(k2_tarski(_557760,_557762),k2_tarski(_557764,_557766)),[],l2r),para([1,1],k2_enumset1(_557708,_557710,_557712,_557714),k2_xboole_0(k2_tarski(_557708,_557710),k2_tarski(_557712,_557714)),[],l2r),para([0],k6_enumset1(_557640,_557642,_557644,_557646,_557648,_557650,_557652,_557654),k2_xboole_0(k2_enumset1(_557640,_557642,_557644,_557646),k2_enumset1(_557648,_557650,_557652,_557654)),[],l2r),para([1],k6_enumset1(_557578,_557580,_557582,_557584,_557586,_557588,_557590,_557592),k2_xboole_0(k2_enumset1(_557578,_557580,_557582,_557584),k2_enumset1(_557586,_557588,_557590,_557592)),[],r2l)],[],[para([k6_enumset1(1^[],2^[],3^[],4^[],5^[],6^[],7^[],8^[])=k2_xboole_0(k2_enumset1(1^[],2^[],3^[],4^[]),k2_xboole_0(k2_tarski(5^[],6^[]),k2_tarski(7^[],8^[]))),[1,1],k2_enumset1(_557352,_557354,_557356,_557358),k2_xboole_0(k2_tarski(_557352,_557354),k2_tarski(_557356,_557358)),[],r2l]-[k6_enumset1(1^[],2^[],3^[],4^[],5^[],6^[],7^[],8^[])=k2_xboole_0(k2_enumset1(1^[],2^[],3^[],4^[]),k2_xboole_0(k2_tarski(5^[],6^[]),k2_tarski(7^[],8^[]))),[1,1],k2_enumset1(5^[],6^[],7^[],8^[]),k2_xboole_0(k2_tarski(5^[],6^[]),k2_tarski(7^[],8^[])),[],r2l]),para([k6_enumset1(1^[],2^[],3^[],4^[],5^[],6^[],7^[],8^[])=k2_xboole_0(k2_xboole_0(k2_enumset1(1^[],2^[],3^[],4^[]),k2_tarski(5^[],6^[])),k2_tarski(7^[],8^[])),[1],k2_xboole_0(k2_xboole_0(_557182,_557184),_557178),k2_xboole_0(_557182,k2_xboole_0(_557184,_557178)),[],l2r]-[k6_enumset1(1^[],2^[],3^[],4^[],5^[],6^[],7^[],8^[])=k2_xboole_0(k2_xboole_0(k2_enumset1(1^[],2^[],3^[],4^[]),k2_tarski(5^[],6^[])),k2_tarski(7^[],8^[])),[1],k2_xboole_0(k2_xboole_0(k2_enumset1(1^[],2^[],3^[],4^[]),k2_tarski(5^[],6^[])),k2_tarski(7^[],8^[])),k2_xboole_0(k2_enumset1(1^[],2^[],3^[],4^[]),k2_xboole_0(k2_tarski(5^[],6^[]),k2_tarski(7^[],8^[]))),[],l2r]),para([k6_enumset1(1^[],2^[],3^[],4^[],5^[],6^[],7^[],8^[])=k2_xboole_0(k4_enumset1(1^[],2^[],3^[],4^[],5^[],6^[]),k2_tarski(7^[],8^[])),[1,0],k4_enumset1(_557240,_557242,_557244,_557246,_557248,_557250),k2_xboole_0(k2_enumset1(_557240,_557242,_557244,_557246),k2_tarski(_557248,_557250)),[],l2r]-[k6_enumset1(1^[],2^[],3^[],4^[],5^[],6^[],7^[],8^[])=k2_xboole_0(k4_enumset1(1^[],2^[],3^[],4^[],5^[],6^[]),k2_tarski(7^[],8^[])),[1,0],k4_enumset1(1^[],2^[],3^[],4^[],5^[],6^[]),k2_xboole_0(k2_enumset1(1^[],2^[],3^[],4^[]),k2_tarski(5^[],6^[])),[],l2r]),ext([- #,[#,k6_enumset1(1^[],2^[],3^[],4^[],5^[],6^[],7^[],8^[])=k2_xboole_0(k4_enumset1(1^[],2^[],3^[],4^[],5^[],6^[]),k2_tarski(7^[],8^[]))]]-[- #,[#,k6_enumset1(1^[],2^[],3^[],4^[],5^[],6^[],7^[],8^[])=k2_xboole_0(k4_enumset1(1^[],2^[],3^[],4^[],5^[],6^[]),k2_tarski(7^[],8^[]))]]),init(-# - -#)],0)state([k6_enumset1(1^[],2^[],3^[],4^[],5^[],6^[],7^[],8^[])=k2_xboole_0(k2_enumset1(1^[],2^[],3^[],4^[]),k2_xboole_0(k2_tarski(5^[],6^[]),k2_tarski(7^[],8^[])))],[k6_enumset1(1^[],2^[],3^[],4^[],5^[],6^[],7^[],8^[])=k2_xboole_0(k2_xboole_0(k2_enumset1(1^[],2^[],3^[],4^[]),k2_tarski(5^[],6^[])),k2_tarski(7^[],8^[])),k6_enumset1(1^[],2^[],3^[],4^[],5^[],6^[],7^[],8^[])=k2_xboole_0(k4_enumset1(1^[],2^[],3^[],4^[],5^[],6^[]),k2_tarski(7^[],8^[])),- #],[],[ext(- (_81594=_81596),[_81596=_81594],n),ext(- (_81552=_81554),[_81552=_81566,_81566=_81554],n),para([1,1,0],k2_tarski(_81976,_81978),k2_tarski(_81978,_81976),[],l2r),para([1,1,0],k2_tarski(_81934,_81936),k2_tarski(_81936,_81934),[],r2l),para([1,1,1],k2_tarski(_81892,_81894),k2_tarski(_81894,_81892),[],l2r),para([1,1,1],k2_tarski(_81850,_81852),k2_tarski(_81852,_81850),[],r2l),para([1,0],k2_enumset1(_81792,_81794,_81796,_81798),k2_xboole_0(k2_tarski(_81792,_81794),k2_tarski(_81796,_81798)),[],l2r),para([1,1],k2_enumset1(_81740,_81742,_81744,_81746),k2_xboole_0(k2_tarski(_81740,_81742),k2_tarski(_81744,_81746)),[],r2l),para([0],k6_enumset1(_81672,_81674,_81676,_81678,_81680,_81682,_81684,_81686),k2_xboole_0(k2_enumset1(_81672,_81674,_81676,_81678),k2_enumset1(_81680,_81682,_81684,_81686)),[],l2r),para([1],k2_xboole_0(k2_xboole_0(_81636,_81638),_81632),k2_xboole_0(_81636,k2_xboole_0(_81638,_81632)),[],r2l)],[],[para([k6_enumset1(1^[],2^[],3^[],4^[],5^[],6^[],7^[],8^[])=k2_xboole_0(k2_xboole_0(k2_enumset1(1^[],2^[],3^[],4^[]),k2_tarski(5^[],6^[])),k2_tarski(7^[],8^[])),[1],k2_xboole_0(k2_xboole_0(_81482,_81484),_81478),k2_xboole_0(_81482,k2_xboole_0(_81484,_81478)),[],l2r]-[k6_enumset1(1^[],2^[],3^[],4^[],5^[],6^[],7^[],8^[])=k2_xboole_0(k2_xboole_0(k2_enumset1(1^[],2^[],3^[],4^[]),k2_tarski(5^[],6^[])),k2_tarski(7^[],8^[])),[1],k2_xboole_0(k2_xboole_0(k2_enumset1(1^[],2^[],3^[],4^[]),k2_tarski(5^[],6^[])),k2_tarski(7^[],8^[])),k2_xboole_0(k2_enumset1(1^[],2^[],3^[],4^[]),k2_xboole_0(k2_tarski(5^[],6^[]),k2_tarski(7^[],8^[]))),[],l2r]),para([k6_enumset1(1^[],2^[],3^[],4^[],5^[],6^[],7^[],8^[])=k2_xboole_0(k4_enumset1(1^[],2^[],3^[],4^[],5^[],6^[]),k2_tarski(7^[],8^[])),[1,0],k4_enumset1(_81364,_81366,_81368,_81370,_81372,_81374),k2_xboole_0(k2_enumset1(_81364,_81366,_81368,_81370),k2_tarski(_81372,_81374)),[],l2r]-[k6_enumset1(1^[],2^[],3^[],4^[],5^[],6^[],7^[],8^[])=k2_xboole_0(k4_enumset1(1^[],2^[],3^[],4^[],5^[],6^[]),k2_tarski(7^[],8^[])),[1,0],k4_enumset1(1^[],2^[],3^[],4^[],5^[],6^[]),k2_xboole_0(k2_enumset1(1^[],2^[],3^[],4^[]),k2_tarski(5^[],6^[])),[],l2r]),ext([- #,[#,k6_enumset1(1^[],2^[],3^[],4^[],5^[],6^[],7^[],8^[])=k2_xboole_0(k4_enumset1(1^[],2^[],3^[],4^[],5^[],6^[]),k2_tarski(7^[],8^[]))]]-[- #,[#,k6_enumset1(1^[],2^[],3^[],4^[],5^[],6^[],7^[],8^[])=k2_xboole_0(k4_enumset1(1^[],2^[],3^[],4^[],5^[],6^[]),k2_tarski(7^[],8^[]))]]),init(-# - -#)],0)state([k6_enumset1(1^[],2^[],3^[],4^[],5^[],6^[],7^[],8^[])=k2_xboole_0(k2_enumset1(1^[],2^[],3^[],4^[]),k2_xboole_0(k2_tarski(5^[],6^[]),k2_tarski(7^[],8^[])))],[k6_enumset1(1^[],2^[],3^[],4^[],5^[],6^[],7^[],8^[])=k2_xboole_0(k2_xboole_0(k2_enumset1(1^[],2^[],3^[],4^[]),k2_tarski(5^[],6^[])),k2_tarski(7^[],8^[])),k6_enumset1(1^[],2^[],3^[],4^[],5^[],6^[],7^[],8^[])=k2_xboole_0(k4_enumset1(1^[],2^[],3^[],4^[],5^[],6^[]),k2_tarski(7^[],8^[])),- #],[],[ext(- (_81594=_81596),[_81596=_81594],n),ext(- (_81552=_81554),[_81552=_81566,_81566=_81554],n),para([1,1,0],k2_tarski(_81976,_81978),k2_tarski(_81978,_81976),[],l2r),para([1,1,0],k2_tarski(_81934,_81936),k2_tarski(_81936,_81934),[],r2l),para([1,1,1],k2_tarski(_81892,_81894),k2_tarski(_81894,_81892),[],l2r),para([1,1,1],k2_tarski(_81850,_81852),k2_tarski(_81852,_81850),[],r2l),para([1,0],k2_enumset1(_81792,_81794,_81796,_81798),k2_xboole_0(k2_tarski(_81792,_81794),k2_tarski(_81796,_81798)),[],l2r),para([1,1],k2_enumset1(_81740,_81742,_81744,_81746),k2_xboole_0(k2_tarski(_81740,_81742),k2_tarski(_81744,_81746)),[],r2l),para([0],k6_enumset1(_81672,_81674,_81676,_81678,_81680,_81682,_81684,_81686),k2_xboole_0(k2_enumset1(_81672,_81674,_81676,_81678),k2_enumset1(_81680,_81682,_81684,_81686)),[],l2r),para([1],k2_xboole_0(k2_xboole_0(_81636,_81638),_81632),k2_xboole_0(_81636,k2_xboole_0(_81638,_81632)),[],r2l)],[],[para([k6_enumset1(1^[],2^[],3^[],4^[],5^[],6^[],7^[],8^[])=k2_xboole_0(k2_xboole_0(k2_enumset1(1^[],2^[],3^[],4^[]),k2_tarski(5^[],6^[])),k2_tarski(7^[],8^[])),[1],k2_xboole_0(k2_xboole_0(_81482,_81484),_81478),k2_xboole_0(_81482,k2_xboole_0(_81484,_81478)),[],l2r]-[k6_enumset1(1^[],2^[],3^[],4^[],5^[],6^[],7^[],8^[])=k2_xboole_0(k2_xboole_0(k2_enumset1(1^[],2^[],3^[],4^[]),k2_tarski(5^[],6^[])),k2_tarski(7^[],8^[])),[1],k2_xboole_0(k2_xboole_0(k2_enumset1(1^[],2^[],3^[],4^[]),k2_tarski(5^[],6^[])),k2_tarski(7^[],8^[])),k2_xboole_0(k2_enumset1(1^[],2^[],3^[],4^[]),k2_xboole_0(k2_tarski(5^[],6^[]),k2_tarski(7^[],8^[]))),[],l2r]),para([k6_enumset1(1^[],2^[],3^[],4^[],5^[],6^[],7^[],8^[])=k2_xboole_0(k4_enumset1(1^[],2^[],3^[],4^[],5^[],6^[]),k2_tarski(7^[],8^[])),[1,0],k4_enumset1(_81364,_81366,_81368,_81370,_81372,_81374),k2_xboole_0(k2_enumset1(_81364,_81366,_81368,_81370),k2_tarski(_81372,_81374)),[],l2r]-[k6_enumset1(1^[],2^[],3^[],4^[],5^[],6^[],7^[],8^[])=k2_xboole_0(k4_enumset1(1^[],2^[],3^[],4^[],5^[],6^[]),k2_tarski(7^[],8^[])),[1,0],k4_enumset1(1^[],2^[],3^[],4^[],5^[],6^[]),k2_xboole_0(k2_enumset1(1^[],2^[],3^[],4^[]),k2_tarski(5^[],6^[])),[],l2r]),ext([- #,[#,k6_enumset1(1^[],2^[],3^[],4^[],5^[],6^[],7^[],8^[])=k2_xboole_0(k4_enumset1(1^[],2^[],3^[],4^[],5^[],6^[]),k2_tarski(7^[],8^[]))]]-[- #,[#,k6_enumset1(1^[],2^[],3^[],4^[],5^[],6^[],7^[],8^[])=k2_xboole_0(k4_enumset1(1^[],2^[],3^[],4^[],5^[],6^[]),k2_tarski(7^[],8^[]))]]),init(-# - -#)],0)state([k6_enumset1(1^[],2^[],3^[],4^[],5^[],6^[],7^[],8^[])=k2_xboole_0(k2_enumset1(1^[],2^[],3^[],4^[]),k2_xboole_0(k2_tarski(5^[],6^[]),k2_tarski(7^[],8^[])))],[k6_enumset1(1^[],2^[],3^[],4^[],5^[],6^[],7^[],8^[])=k2_xboole_0(k2_xboole_0(k2_enumset1(1^[],2^[],3^[],4^[]),k2_tarski(5^[],6^[])),k2_tarski(7^[],8^[])),k6_enumset1(1^[],2^[],3^[],4^[],5^[],6^[],7^[],8^[])=k2_xboole_0(k4_enumset1(1^[],2^[],3^[],4^[],5^[],6^[]),k2_tarski(7^[],8^[])),- #],[],[ext(- (_81594=_81596),[_81596=_81594],n),ext(- (_81552=_81554),[_81552=_81566,_81566=_81554],n),para([1,1,0],k2_tarski(_81976,_81978),k2_tarski(_81978,_81976),[],l2r),para([1,1,0],k2_tarski(_81934,_81936),k2_tarski(_81936,_81934),[],r2l),para([1,1,1],k2_tarski(_81892,_81894),k2_tarski(_81894,_81892),[],l2r),para([1,1,1],k2_tarski(_81850,_81852),k2_tarski(_81852,_81850),[],r2l),para([1,0],k2_enumset1(_81792,_81794,_81796,_81798),k2_xboole_0(k2_tarski(_81792,_81794),k2_tarski(_81796,_81798)),[],l2r),para([1,1],k2_enumset1(_81740,_81742,_81744,_81746),k2_xboole_0(k2_tarski(_81740,_81742),k2_tarski(_81744,_81746)),[],r2l),para([0],k6_enumset1(_81672,_81674,_81676,_81678,_81680,_81682,_81684,_81686),k2_xboole_0(k2_enumset1(_81672,_81674,_81676,_81678),k2_enumset1(_81680,_81682,_81684,_81686)),[],l2r),para([1],k2_xboole_0(k2_xboole_0(_81636,_81638),_81632),k2_xboole_0(_81636,k2_xboole_0(_81638,_81632)),[],r2l)],[],[para([k6_enumset1(1^[],2^[],3^[],4^[],5^[],6^[],7^[],8^[])=k2_xboole_0(k2_xboole_0(k2_enumset1(1^[],2^[],3^[],4^[]),k2_tarski(5^[],6^[])),k2_tarski(7^[],8^[])),[1],k2_xboole_0(k2_xboole_0(_81482,_81484),_81478),k2_xboole_0(_81482,k2_xboole_0(_81484,_81478)),[],l2r]-[k6_enumset1(1^[],2^[],3^[],4^[],5^[],6^[],7^[],8^[])=k2_xboole_0(k2_xboole_0(k2_enumset1(1^[],2^[],3^[],4^[]),k2_tarski(5^[],6^[])),k2_tarski(7^[],8^[])),[1],k2_xboole_0(k2_xboole_0(k2_enumset1(1^[],2^[],3^[],4^[]),k2_tarski(5^[],6^[])),k2_tarski(7^[],8^[])),k2_xboole_0(k2_enumset1(1^[],2^[],3^[],4^[]),k2_xboole_0(k2_tarski(5^[],6^[]),k2_tarski(7^[],8^[]))),[],l2r]),para([k6_enumset1(1^[],2^[],3^[],4^[],5^[],6^[],7^[],8^[])=k2_xboole_0(k4_enumset1(1^[],2^[],3^[],4^[],5^[],6^[]),k2_tarski(7^[],8^[])),[1,0],k4_enumset1(_81364,_81366,_81368,_81370,_81372,_81374),k2_xboole_0(k2_enumset1(_81364,_81366,_81368,_81370),k2_tarski(_81372,_81374)),[],l2r]-[k6_enumset1(1^[],2^[],3^[],4^[],5^[],6^[],7^[],8^[])=k2_xboole_0(k4_enumset1(1^[],2^[],3^[],4^[],5^[],6^[]),k2_tarski(7^[],8^[])),[1,0],k4_enumset1(1^[],2^[],3^[],4^[],5^[],6^[]),k2_xboole_0(k2_enumset1(1^[],2^[],3^[],4^[]),k2_tarski(5^[],6^[])),[],l2r]),ext([- #,[#,k6_enumset1(1^[],2^[],3^[],4^[],5^[],6^[],7^[],8^[])=k2_xboole_0(k4_enumset1(1^[],2^[],3^[],4^[],5^[],6^[]),k2_tarski(7^[],8^[]))]]-[- #,[#,k6_enumset1(1^[],2^[],3^[],4^[],5^[],6^[],7^[],8^[])=k2_xboole_0(k4_enumset1(1^[],2^[],3^[],4^[],5^[],6^[]),k2_tarski(7^[],8^[]))]]),init(-# - -#)],0)state([k6_enumset1(1^[],2^[],3^[],4^[],5^[],6^[],7^[],8^[])=k2_xboole_0(k2_enumset1(1^[],2^[],3^[],4^[]),k2_xboole_0(k2_tarski(5^[],6^[]),k2_tarski(7^[],8^[])))],[k6_enumset1(1^[],2^[],3^[],4^[],5^[],6^[],7^[],8^[])=k2_xboole_0(k2_xboole_0(k2_enumset1(1^[],2^[],3^[],4^[]),k2_tarski(5^[],6^[])),k2_tarski(7^[],8^[])),k6_enumset1(1^[],2^[],3^[],4^[],5^[],6^[],7^[],8^[])=k2_xboole_0(k4_enumset1(1^[],2^[],3^[],4^[],5^[],6^[]),k2_tarski(7^[],8^[])),- #],[],[ext(- (_81594=_81596),[_81596=_81594],n),ext(- (_81552=_81554),[_81552=_81566,_81566=_81554],n),para([1,1,0],k2_tarski(_81976,_81978),k2_tarski(_81978,_81976),[],l2r),para([1,1,0],k2_tarski(_81934,_81936),k2_tarski(_81936,_81934),[],r2l),para([1,1,1],k2_tarski(_81892,_81894),k2_tarski(_81894,_81892),[],l2r),para([1,1,1],k2_tarski(_81850,_81852),k2_tarski(_81852,_81850),[],r2l),para([1,0],k2_enumset1(_81792,_81794,_81796,_81798),k2_xboole_0(k2_tarski(_81792,_81794),k2_tarski(_81796,_81798)),[],l2r),para([1,1],k2_enumset1(_81740,_81742,_81744,_81746),k2_xboole_0(k2_tarski(_81740,_81742),k2_tarski(_81744,_81746)),[],r2l),para([0],k6_enumset1(_81672,_81674,_81676,_81678,_81680,_81682,_81684,_81686),k2_xboole_0(k2_enumset1(_81672,_81674,_81676,_81678),k2_enumset1(_81680,_81682,_81684,_81686)),[],l2r),para([1],k2_xboole_0(k2_xboole_0(_81636,_81638),_81632),k2_xboole_0(_81636,k2_xboole_0(_81638,_81632)),[],r2l)],[],[para([k6_enumset1(1^[],2^[],3^[],4^[],5^[],6^[],7^[],8^[])=k2_xboole_0(k2_xboole_0(k2_enumset1(1^[],2^[],3^[],4^[]),k2_tarski(5^[],6^[])),k2_tarski(7^[],8^[])),[1],k2_xboole_0(k2_xboole_0(_81482,_81484),_81478),k2_xboole_0(_81482,k2_xboole_0(_81484,_81478)),[],l2r]-[k6_enumset1(1^[],2^[],3^[],4^[],5^[],6^[],7^[],8^[])=k2_xboole_0(k2_xboole_0(k2_enumset1(1^[],2^[],3^[],4^[]),k2_tarski(5^[],6^[])),k2_tarski(7^[],8^[])),[1],k2_xboole_0(k2_xboole_0(k2_enumset1(1^[],2^[],3^[],4^[]),k2_tarski(5^[],6^[])),k2_tarski(7^[],8^[])),k2_xboole_0(k2_enumset1(1^[],2^[],3^[],4^[]),k2_xboole_0(k2_tarski(5^[],6^[]),k2_tarski(7^[],8^[]))),[],l2r]),para([k6_enumset1(1^[],2^[],3^[],4^[],5^[],6^[],7^[],8^[])=k2_xboole_0(k4_enumset1(1^[],2^[],3^[],4^[],5^[],6^[]),k2_tarski(7^[],8^[])),[1,0],k4_enumset1(_81364,_81366,_81368,_81370,_81372,_81374),k2_xboole_0(k2_enumset1(_81364,_81366,_81368,_81370),k2_tarski(_81372,_81374)),[],l2r]-[k6_enumset1(1^[],2^[],3^[],4^[],5^[],6^[],7^[],8^[])=k2_xboole_0(k4_enumset1(1^[],2^[],3^[],4^[],5^[],6^[]),k2_tarski(7^[],8^[])),[1,0],k4_enumset1(1^[],2^[],3^[],4^[],5^[],6^[]),k2_xboole_0(k2_enumset1(1^[],2^[],3^[],4^[]),k2_tarski(5^[],6^[])),[],l2r]),ext([- #,[#,k6_enumset1(1^[],2^[],3^[],4^[],5^[],6^[],7^[],8^[])=k2_xboole_0(k4_enumset1(1^[],2^[],3^[],4^[],5^[],6^[]),k2_tarski(7^[],8^[]))]]-[- #,[#,k6_enumset1(1^[],2^[],3^[],4^[],5^[],6^[],7^[],8^[])=k2_xboole_0(k4_enumset1(1^[],2^[],3^[],4^[],5^[],6^[]),k2_tarski(7^[],8^[]))]]),init(-# - -#)],0)state([k6_enumset1(1^[],2^[],3^[],4^[],5^[],6^[],7^[],8^[])=k2_xboole_0(k2_enumset1(1^[],2^[],3^[],4^[]),k2_xboole_0(k2_tarski(5^[],6^[]),k2_tarski(7^[],8^[])))],[k6_enumset1(1^[],2^[],3^[],4^[],5^[],6^[],7^[],8^[])=k2_xboole_0(k2_xboole_0(k2_enumset1(1^[],2^[],3^[],4^[]),k2_tarski(5^[],6^[])),k2_tarski(7^[],8^[])),k6_enumset1(1^[],2^[],3^[],4^[],5^[],6^[],7^[],8^[])=k2_xboole_0(k4_enumset1(1^[],2^[],3^[],4^[],5^[],6^[]),k2_tarski(7^[],8^[])),- #],[],[ext(- (_81594=_81596),[_81596=_81594],n),ext(- (_81552=_81554),[_81552=_81566,_81566=_81554],n),para([1,1,0],k2_tarski(_81976,_81978),k2_tarski(_81978,_81976),[],l2r),para([1,1,0],k2_tarski(_81934,_81936),k2_tarski(_81936,_81934),[],r2l),para([1,1,1],k2_tarski(_81892,_81894),k2_tarski(_81894,_81892),[],l2r),para([1,1,1],k2_tarski(_81850,_81852),k2_tarski(_81852,_81850),[],r2l),para([1,0],k2_enumset1(_81792,_81794,_81796,_81798),k2_xboole_0(k2_tarski(_81792,_81794),k2_tarski(_81796,_81798)),[],l2r),para([1,1],k2_enumset1(_81740,_81742,_81744,_81746),k2_xboole_0(k2_tarski(_81740,_81742),k2_tarski(_81744,_81746)),[],r2l),para([0],k6_enumset1(_81672,_81674,_81676,_81678,_81680,_81682,_81684,_81686),k2_xboole_0(k2_enumset1(_81672,_81674,_81676,_81678),k2_enumset1(_81680,_81682,_81684,_81686)),[],l2r),para([1],k2_xboole_0(k2_xboole_0(_81636,_81638),_81632),k2_xboole_0(_81636,k2_xboole_0(_81638,_81632)),[],r2l)],[],[para([k6_enumset1(1^[],2^[],3^[],4^[],5^[],6^[],7^[],8^[])=k2_xboole_0(k2_xboole_0(k2_enumset1(1^[],2^[],3^[],4^[]),k2_tarski(5^[],6^[])),k2_tarski(7^[],8^[])),[1],k2_xboole_0(k2_xboole_0(_81482,_81484),_81478),k2_xboole_0(_81482,k2_xboole_0(_81484,_81478)),[],l2r]-[k6_enumset1(1^[],2^[],3^[],4^[],5^[],6^[],7^[],8^[])=k2_xboole_0(k2_xboole_0(k2_enumset1(1^[],2^[],3^[],4^[]),k2_tarski(5^[],6^[])),k2_tarski(7^[],8^[])),[1],k2_xboole_0(k2_xboole_0(k2_enumset1(1^[],2^[],3^[],4^[]),k2_tarski(5^[],6^[])),k2_tarski(7^[],8^[])),k2_xboole_0(k2_enumset1(1^[],2^[],3^[],4^[]),k2_xboole_0(k2_tarski(5^[],6^[]),k2_tarski(7^[],8^[]))),[],l2r]),para([k6_enumset1(1^[],2^[],3^[],4^[],5^[],6^[],7^[],8^[])=k2_xboole_0(k4_enumset1(1^[],2^[],3^[],4^[],5^[],6^[]),k2_tarski(7^[],8^[])),[1,0],k4_enumset1(_81364,_81366,_81368,_81370,_81372,_81374),k2_xboole_0(k2_enumset1(_81364,_81366,_81368,_81370),k2_tarski(_81372,_81374)),[],l2r]-[k6_enumset1(1^[],2^[],3^[],4^[],5^[],6^[],7^[],8^[])=k2_xboole_0(k4_enumset1(1^[],2^[],3^[],4^[],5^[],6^[]),k2_tarski(7^[],8^[])),[1,0],k4_enumset1(1^[],2^[],3^[],4^[],5^[],6^[]),k2_xboole_0(k2_enumset1(1^[],2^[],3^[],4^[]),k2_tarski(5^[],6^[])),[],l2r]),ext([- #,[#,k6_enumset1(1^[],2^[],3^[],4^[],5^[],6^[],7^[],8^[])=k2_xboole_0(k4_enumset1(1^[],2^[],3^[],4^[],5^[],6^[]),k2_tarski(7^[],8^[]))]]-[- #,[#,k6_enumset1(1^[],2^[],3^[],4^[],5^[],6^[],7^[],8^[])=k2_xboole_0(k4_enumset1(1^[],2^[],3^[],4^[],5^[],6^[]),k2_tarski(7^[],8^[]))]]),init(-# - -#)],0)state([k6_enumset1(1^[],2^[],3^[],4^[],5^[],6^[],7^[],8^[])=k2_xboole_0(k2_enumset1(1^[],2^[],3^[],4^[]),k2_xboole_0(k2_tarski(5^[],6^[]),k2_tarski(7^[],8^[])))],[k6_enumset1(1^[],2^[],3^[],4^[],5^[],6^[],7^[],8^[])=k2_xboole_0(k2_xboole_0(k2_enumset1(1^[],2^[],3^[],4^[]),k2_tarski(5^[],6^[])),k2_tarski(7^[],8^[])),k6_enumset1(1^[],2^[],3^[],4^[],5^[],6^[],7^[],8^[])=k2_xboole_0(k4_enumset1(1^[],2^[],3^[],4^[],5^[],6^[]),k2_tarski(7^[],8^[])),- #],[],[ext(- (_81594=_81596),[_81596=_81594],n),ext(- (_81552=_81554),[_81552=_81566,_81566=_81554],n),para([1,1,0],k2_tarski(_81976,_81978),k2_tarski(_81978,_81976),[],l2r),para([1,1,0],k2_tarski(_81934,_81936),k2_tarski(_81936,_81934),[],r2l),para([1,1,1],k2_tarski(_81892,_81894),k2_tarski(_81894,_81892),[],l2r),para([1,1,1],k2_tarski(_81850,_81852),k2_tarski(_81852,_81850),[],r2l),para([1,0],k2_enumset1(_81792,_81794,_81796,_81798),k2_xboole_0(k2_tarski(_81792,_81794),k2_tarski(_81796,_81798)),[],l2r),para([1,1],k2_enumset1(_81740,_81742,_81744,_81746),k2_xboole_0(k2_tarski(_81740,_81742),k2_tarski(_81744,_81746)),[],r2l),para([0],k6_enumset1(_81672,_81674,_81676,_81678,_81680,_81682,_81684,_81686),k2_xboole_0(k2_enumset1(_81672,_81674,_81676,_81678),k2_enumset1(_81680,_81682,_81684,_81686)),[],l2r),para([1],k2_xboole_0(k2_xboole_0(_81636,_81638),_81632),k2_xboole_0(_81636,k2_xboole_0(_81638,_81632)),[],r2l)],[],[para([k6_enumset1(1^[],2^[],3^[],4^[],5^[],6^[],7^[],8^[])=k2_xboole_0(k2_xboole_0(k2_enumset1(1^[],2^[],3^[],4^[]),k2_tarski(5^[],6^[])),k2_tarski(7^[],8^[])),[1],k2_xboole_0(k2_xboole_0(_81482,_81484),_81478),k2_xboole_0(_81482,k2_xboole_0(_81484,_81478)),[],l2r]-[k6_enumset1(1^[],2^[],3^[],4^[],5^[],6^[],7^[],8^[])=k2_xboole_0(k2_xboole_0(k2_enumset1(1^[],2^[],3^[],4^[]),k2_tarski(5^[],6^[])),k2_tarski(7^[],8^[])),[1],k2_xboole_0(k2_xboole_0(k2_enumset1(1^[],2^[],3^[],4^[]),k2_tarski(5^[],6^[])),k2_tarski(7^[],8^[])),k2_xboole_0(k2_enumset1(1^[],2^[],3^[],4^[]),k2_xboole_0(k2_tarski(5^[],6^[]),k2_tarski(7^[],8^[]))),[],l2r]),para([k6_enumset1(1^[],2^[],3^[],4^[],5^[],6^[],7^[],8^[])=k2_xboole_0(k4_enumset1(1^[],2^[],3^[],4^[],5^[],6^[]),k2_tarski(7^[],8^[])),[1,0],k4_enumset1(_81364,_81366,_81368,_81370,_81372,_81374),k2_xboole_0(k2_enumset1(_81364,_81366,_81368,_81370),k2_tarski(_81372,_81374)),[],l2r]-[k6_enumset1(1^[],2^[],3^[],4^[],5^[],6^[],7^[],8^[])=k2_xboole_0(k4_enumset1(1^[],2^[],3^[],4^[],5^[],6^[]),k2_tarski(7^[],8^[])),[1,0],k4_enumset1(1^[],2^[],3^[],4^[],5^[],6^[]),k2_xboole_0(k2_enumset1(1^[],2^[],3^[],4^[]),k2_tarski(5^[],6^[])),[],l2r]),ext([- #,[#,k6_enumset1(1^[],2^[],3^[],4^[],5^[],6^[],7^[],8^[])=k2_xboole_0(k4_enumset1(1^[],2^[],3^[],4^[],5^[],6^[]),k2_tarski(7^[],8^[]))]]-[- #,[#,k6_enumset1(1^[],2^[],3^[],4^[],5^[],6^[],7^[],8^[])=k2_xboole_0(k4_enumset1(1^[],2^[],3^[],4^[],5^[],6^[]),k2_tarski(7^[],8^[]))]]),init(-# - -#)],0)state([k6_enumset1(1^[],2^[],3^[],4^[],5^[],6^[],7^[],8^[])=k2_xboole_0(k2_enumset1(1^[],2^[],3^[],4^[]),k2_xboole_0(k2_tarski(5^[],6^[]),k2_tarski(7^[],8^[])))],[k6_enumset1(1^[],2^[],3^[],4^[],5^[],6^[],7^[],8^[])=k2_xboole_0(k2_xboole_0(k2_enumset1(1^[],2^[],3^[],4^[]),k2_tarski(5^[],6^[])),k2_tarski(7^[],8^[])),k6_enumset1(1^[],2^[],3^[],4^[],5^[],6^[],7^[],8^[])=k2_xboole_0(k4_enumset1(1^[],2^[],3^[],4^[],5^[],6^[]),k2_tarski(7^[],8^[])),- #],[],[ext(- (_81594=_81596),[_81596=_81594],n),ext(- (_81552=_81554),[_81552=_81566,_81566=_81554],n),para([1,1,0],k2_tarski(_81976,_81978),k2_tarski(_81978,_81976),[],l2r),para([1,1,0],k2_tarski(_81934,_81936),k2_tarski(_81936,_81934),[],r2l),para([1,1,1],k2_tarski(_81892,_81894),k2_tarski(_81894,_81892),[],l2r),para([1,1,1],k2_tarski(_81850,_81852),k2_tarski(_81852,_81850),[],r2l),para([1,0],k2_enumset1(_81792,_81794,_81796,_81798),k2_xboole_0(k2_tarski(_81792,_81794),k2_tarski(_81796,_81798)),[],l2r),para([1,1],k2_enumset1(_81740,_81742,_81744,_81746),k2_xboole_0(k2_tarski(_81740,_81742),k2_tarski(_81744,_81746)),[],r2l),para([0],k6_enumset1(_81672,_81674,_81676,_81678,_81680,_81682,_81684,_81686),k2_xboole_0(k2_enumset1(_81672,_81674,_81676,_81678),k2_enumset1(_81680,_81682,_81684,_81686)),[],l2r),para([1],k2_xboole_0(k2_xboole_0(_81636,_81638),_81632),k2_xboole_0(_81636,k2_xboole_0(_81638,_81632)),[],r2l)],[],[para([k6_enumset1(1^[],2^[],3^[],4^[],5^[],6^[],7^[],8^[])=k2_xboole_0(k2_xboole_0(k2_enumset1(1^[],2^[],3^[],4^[]),k2_tarski(5^[],6^[])),k2_tarski(7^[],8^[])),[1],k2_xboole_0(k2_xboole_0(_81482,_81484),_81478),k2_xboole_0(_81482,k2_xboole_0(_81484,_81478)),[],l2r]-[k6_enumset1(1^[],2^[],3^[],4^[],5^[],6^[],7^[],8^[])=k2_xboole_0(k2_xboole_0(k2_enumset1(1^[],2^[],3^[],4^[]),k2_tarski(5^[],6^[])),k2_tarski(7^[],8^[])),[1],k2_xboole_0(k2_xboole_0(k2_enumset1(1^[],2^[],3^[],4^[]),k2_tarski(5^[],6^[])),k2_tarski(7^[],8^[])),k2_xboole_0(k2_enumset1(1^[],2^[],3^[],4^[]),k2_xboole_0(k2_tarski(5^[],6^[]),k2_tarski(7^[],8^[]))),[],l2r]),para([k6_enumset1(1^[],2^[],3^[],4^[],5^[],6^[],7^[],8^[])=k2_xboole_0(k4_enumset1(1^[],2^[],3^[],4^[],5^[],6^[]),k2_tarski(7^[],8^[])),[1,0],k4_enumset1(_81364,_81366,_81368,_81370,_81372,_81374),k2_xboole_0(k2_enumset1(_81364,_81366,_81368,_81370),k2_tarski(_81372,_81374)),[],l2r]-[k6_enumset1(1^[],2^[],3^[],4^[],5^[],6^[],7^[],8^[])=k2_xboole_0(k4_enumset1(1^[],2^[],3^[],4^[],5^[],6^[]),k2_tarski(7^[],8^[])),[1,0],k4_enumset1(1^[],2^[],3^[],4^[],5^[],6^[]),k2_xboole_0(k2_enumset1(1^[],2^[],3^[],4^[]),k2_tarski(5^[],6^[])),[],l2r]),ext([- #,[#,k6_enumset1(1^[],2^[],3^[],4^[],5^[],6^[],7^[],8^[])=k2_xboole_0(k4_enumset1(1^[],2^[],3^[],4^[],5^[],6^[]),k2_tarski(7^[],8^[]))]]-[- #,[#,k6_enumset1(1^[],2^[],3^[],4^[],5^[],6^[],7^[],8^[])=k2_xboole_0(k4_enumset1(1^[],2^[],3^[],4^[],5^[],6^[]),k2_tarski(7^[],8^[]))]]),init(-# - -#)],0)state([k6_enumset1(1^[],2^[],3^[],4^[],5^[],6^[],7^[],8^[])=k2_xboole_0(k2_enumset1(1^[],2^[],3^[],4^[]),k2_xboole_0(k2_tarski(5^[],6^[]),k2_tarski(7^[],8^[])))],[k6_enumset1(1^[],2^[],3^[],4^[],5^[],6^[],7^[],8^[])=k2_xboole_0(k2_xboole_0(k2_enumset1(1^[],2^[],3^[],4^[]),k2_tarski(5^[],6^[])),k2_tarski(7^[],8^[])),k6_enumset1(1^[],2^[],3^[],4^[],5^[],6^[],7^[],8^[])=k2_xboole_0(k4_enumset1(1^[],2^[],3^[],4^[],5^[],6^[]),k2_tarski(7^[],8^[])),- #],[],[ext(- (_81594=_81596),[_81596=_81594],n),ext(- (_81552=_81554),[_81552=_81566,_81566=_81554],n),para([1,1,0],k2_tarski(_81976,_81978),k2_tarski(_81978,_81976),[],l2r),para([1,1,0],k2_tarski(_81934,_81936),k2_tarski(_81936,_81934),[],r2l),para([1,1,1],k2_tarski(_81892,_81894),k2_tarski(_81894,_81892),[],l2r),para([1,1,1],k2_tarski(_81850,_81852),k2_tarski(_81852,_81850),[],r2l),para([1,0],k2_enumset1(_81792,_81794,_81796,_81798),k2_xboole_0(k2_tarski(_81792,_81794),k2_tarski(_81796,_81798)),[],l2r),para([1,1],k2_enumset1(_81740,_81742,_81744,_81746),k2_xboole_0(k2_tarski(_81740,_81742),k2_tarski(_81744,_81746)),[],r2l),para([0],k6_enumset1(_81672,_81674,_81676,_81678,_81680,_81682,_81684,_81686),k2_xboole_0(k2_enumset1(_81672,_81674,_81676,_81678),k2_enumset1(_81680,_81682,_81684,_81686)),[],l2r),para([1],k2_xboole_0(k2_xboole_0(_81636,_81638),_81632),k2_xboole_0(_81636,k2_xboole_0(_81638,_81632)),[],r2l)],[],[para([k6_enumset1(1^[],2^[],3^[],4^[],5^[],6^[],7^[],8^[])=k2_xboole_0(k2_xboole_0(k2_enumset1(1^[],2^[],3^[],4^[]),k2_tarski(5^[],6^[])),k2_tarski(7^[],8^[])),[1],k2_xboole_0(k2_xboole_0(_81482,_81484),_81478),k2_xboole_0(_81482,k2_xboole_0(_81484,_81478)),[],l2r]-[k6_enumset1(1^[],2^[],3^[],4^[],5^[],6^[],7^[],8^[])=k2_xboole_0(k2_xboole_0(k2_enumset1(1^[],2^[],3^[],4^[]),k2_tarski(5^[],6^[])),k2_tarski(7^[],8^[])),[1],k2_xboole_0(k2_xboole_0(k2_enumset1(1^[],2^[],3^[],4^[]),k2_tarski(5^[],6^[])),k2_tarski(7^[],8^[])),k2_xboole_0(k2_enumset1(1^[],2^[],3^[],4^[]),k2_xboole_0(k2_tarski(5^[],6^[]),k2_tarski(7^[],8^[]))),[],l2r]),para([k6_enumset1(1^[],2^[],3^[],4^[],5^[],6^[],7^[],8^[])=k2_xboole_0(k4_enumset1(1^[],2^[],3^[],4^[],5^[],6^[]),k2_tarski(7^[],8^[])),[1,0],k4_enumset1(_81364,_81366,_81368,_81370,_81372,_81374),k2_xboole_0(k2_enumset1(_81364,_81366,_81368,_81370),k2_tarski(_81372,_81374)),[],l2r]-[k6_enumset1(1^[],2^[],3^[],4^[],5^[],6^[],7^[],8^[])=k2_xboole_0(k4_enumset1(1^[],2^[],3^[],4^[],5^[],6^[]),k2_tarski(7^[],8^[])),[1,0],k4_enumset1(1^[],2^[],3^[],4^[],5^[],6^[]),k2_xboole_0(k2_enumset1(1^[],2^[],3^[],4^[]),k2_tarski(5^[],6^[])),[],l2r]),ext([- #,[#,k6_enumset1(1^[],2^[],3^[],4^[],5^[],6^[],7^[],8^[])=k2_xboole_0(k4_enumset1(1^[],2^[],3^[],4^[],5^[],6^[]),k2_tarski(7^[],8^[]))]]-[- #,[#,k6_enumset1(1^[],2^[],3^[],4^[],5^[],6^[],7^[],8^[])=k2_xboole_0(k4_enumset1(1^[],2^[],3^[],4^[],5^[],6^[]),k2_tarski(7^[],8^[]))]]),init(-# - -#)],0)state([k6_enumset1(1^[],2^[],3^[],4^[],5^[],6^[],7^[],8^[])=k2_xboole_0(k2_xboole_0(k2_enumset1(1^[],2^[],3^[],4^[]),k2_tarski(5^[],6^[])),k2_tarski(7^[],8^[]))],[k6_enumset1(1^[],2^[],3^[],4^[],5^[],6^[],7^[],8^[])=k2_xboole_0(k4_enumset1(1^[],2^[],3^[],4^[],5^[],6^[]),k2_tarski(7^[],8^[])),- #],[],[ext(- (_10356=_10358),[_10358=_10356],n),ext(- (_10314=_10316),[_10314=_10328,_10328=_10316],n),para([1,0,1],k2_tarski(_10740,_10742),k2_tarski(_10742,_10740),[],l2r),para([1,0,1],k2_tarski(_10698,_10700),k2_tarski(_10700,_10698),[],r2l),para([1,1],k2_tarski(_10656,_10658),k2_tarski(_10658,_10656),[],l2r),para([1,1],k2_tarski(_10620,_10622),k2_tarski(_10622,_10620),[],r2l),para([1,0,0],k2_enumset1(_10568,_10570,_10572,_10574),k2_xboole_0(k2_tarski(_10568,_10570),k2_tarski(_10572,_10574)),[],l2r),para([0],k6_enumset1(_10494,_10496,_10498,_10500,_10502,_10504,_10506,_10508),k2_xboole_0(k2_enumset1(_10494,_10496,_10498,_10500),k2_enumset1(_10502,_10504,_10506,_10508)),[],l2r),para([1,0],k4_enumset1(_10440,_10442,_10444,_10446,_10448,_10450),k2_xboole_0(k2_enumset1(_10440,_10442,_10444,_10446),k2_tarski(_10448,_10450)),[],r2l),para([1],k2_xboole_0(k2_xboole_0(_10398,_10400),_10394),k2_xboole_0(_10398,k2_xboole_0(_10400,_10394)),[],l2r)],[],[para([k6_enumset1(1^[],2^[],3^[],4^[],5^[],6^[],7^[],8^[])=k2_xboole_0(k4_enumset1(1^[],2^[],3^[],4^[],5^[],6^[]),k2_tarski(7^[],8^[])),[1,0],k4_enumset1(_10220,_10222,_10224,_10226,_10228,_10230),k2_xboole_0(k2_enumset1(_10220,_10222,_10224,_10226),k2_tarski(_10228,_10230)),[],l2r]-[k6_enumset1(1^[],2^[],3^[],4^[],5^[],6^[],7^[],8^[])=k2_xboole_0(k4_enumset1(1^[],2^[],3^[],4^[],5^[],6^[]),k2_tarski(7^[],8^[])),[1,0],k4_enumset1(1^[],2^[],3^[],4^[],5^[],6^[]),k2_xboole_0(k2_enumset1(1^[],2^[],3^[],4^[]),k2_tarski(5^[],6^[])),[],l2r]),ext([- #,[#,k6_enumset1(1^[],2^[],3^[],4^[],5^[],6^[],7^[],8^[])=k2_xboole_0(k4_enumset1(1^[],2^[],3^[],4^[],5^[],6^[]),k2_tarski(7^[],8^[]))]]-[- #,[#,k6_enumset1(1^[],2^[],3^[],4^[],5^[],6^[],7^[],8^[])=k2_xboole_0(k4_enumset1(1^[],2^[],3^[],4^[],5^[],6^[]),k2_tarski(7^[],8^[]))]]),init(-# - -#)],0)state([k6_enumset1(1^[],2^[],3^[],4^[],5^[],6^[],7^[],8^[])=k2_xboole_0(k2_xboole_0(k2_enumset1(1^[],2^[],3^[],4^[]),k2_tarski(5^[],6^[])),k2_tarski(7^[],8^[]))],[k6_enumset1(1^[],2^[],3^[],4^[],5^[],6^[],7^[],8^[])=k2_xboole_0(k4_enumset1(1^[],2^[],3^[],4^[],5^[],6^[]),k2_tarski(7^[],8^[])),- #],[],[ext(- (_10356=_10358),[_10358=_10356],n),ext(- (_10314=_10316),[_10314=_10328,_10328=_10316],n),para([1,0,1],k2_tarski(_10740,_10742),k2_tarski(_10742,_10740),[],l2r),para([1,0,1],k2_tarski(_10698,_10700),k2_tarski(_10700,_10698),[],r2l),para([1,1],k2_tarski(_10656,_10658),k2_tarski(_10658,_10656),[],l2r),para([1,1],k2_tarski(_10620,_10622),k2_tarski(_10622,_10620),[],r2l),para([1,0,0],k2_enumset1(_10568,_10570,_10572,_10574),k2_xboole_0(k2_tarski(_10568,_10570),k2_tarski(_10572,_10574)),[],l2r),para([0],k6_enumset1(_10494,_10496,_10498,_10500,_10502,_10504,_10506,_10508),k2_xboole_0(k2_enumset1(_10494,_10496,_10498,_10500),k2_enumset1(_10502,_10504,_10506,_10508)),[],l2r),para([1,0],k4_enumset1(_10440,_10442,_10444,_10446,_10448,_10450),k2_xboole_0(k2_enumset1(_10440,_10442,_10444,_10446),k2_tarski(_10448,_10450)),[],r2l),para([1],k2_xboole_0(k2_xboole_0(_10398,_10400),_10394),k2_xboole_0(_10398,k2_xboole_0(_10400,_10394)),[],l2r)],[],[para([k6_enumset1(1^[],2^[],3^[],4^[],5^[],6^[],7^[],8^[])=k2_xboole_0(k4_enumset1(1^[],2^[],3^[],4^[],5^[],6^[]),k2_tarski(7^[],8^[])),[1,0],k4_enumset1(_10220,_10222,_10224,_10226,_10228,_10230),k2_xboole_0(k2_enumset1(_10220,_10222,_10224,_10226),k2_tarski(_10228,_10230)),[],l2r]-[k6_enumset1(1^[],2^[],3^[],4^[],5^[],6^[],7^[],8^[])=k2_xboole_0(k4_enumset1(1^[],2^[],3^[],4^[],5^[],6^[]),k2_tarski(7^[],8^[])),[1,0],k4_enumset1(1^[],2^[],3^[],4^[],5^[],6^[]),k2_xboole_0(k2_enumset1(1^[],2^[],3^[],4^[]),k2_tarski(5^[],6^[])),[],l2r]),ext([- #,[#,k6_enumset1(1^[],2^[],3^[],4^[],5^[],6^[],7^[],8^[])=k2_xboole_0(k4_enumset1(1^[],2^[],3^[],4^[],5^[],6^[]),k2_tarski(7^[],8^[]))]]-[- #,[#,k6_enumset1(1^[],2^[],3^[],4^[],5^[],6^[],7^[],8^[])=k2_xboole_0(k4_enumset1(1^[],2^[],3^[],4^[],5^[],6^[]),k2_tarski(7^[],8^[]))]]),init(-# - -#)],0)state([k6_enumset1(1^[],2^[],3^[],4^[],5^[],6^[],7^[],8^[])=k2_xboole_0(k2_xboole_0(k2_enumset1(1^[],2^[],3^[],4^[]),k2_tarski(5^[],6^[])),k2_tarski(7^[],8^[]))],[k6_enumset1(1^[],2^[],3^[],4^[],5^[],6^[],7^[],8^[])=k2_xboole_0(k4_enumset1(1^[],2^[],3^[],4^[],5^[],6^[]),k2_tarski(7^[],8^[])),- #],[],[ext(- (_10356=_10358),[_10358=_10356],n),ext(- (_10314=_10316),[_10314=_10328,_10328=_10316],n),para([1,0,1],k2_tarski(_10740,_10742),k2_tarski(_10742,_10740),[],l2r),para([1,0,1],k2_tarski(_10698,_10700),k2_tarski(_10700,_10698),[],r2l),para([1,1],k2_tarski(_10656,_10658),k2_tarski(_10658,_10656),[],l2r),para([1,1],k2_tarski(_10620,_10622),k2_tarski(_10622,_10620),[],r2l),para([1,0,0],k2_enumset1(_10568,_10570,_10572,_10574),k2_xboole_0(k2_tarski(_10568,_10570),k2_tarski(_10572,_10574)),[],l2r),para([0],k6_enumset1(_10494,_10496,_10498,_10500,_10502,_10504,_10506,_10508),k2_xboole_0(k2_enumset1(_10494,_10496,_10498,_10500),k2_enumset1(_10502,_10504,_10506,_10508)),[],l2r),para([1,0],k4_enumset1(_10440,_10442,_10444,_10446,_10448,_10450),k2_xboole_0(k2_enumset1(_10440,_10442,_10444,_10446),k2_tarski(_10448,_10450)),[],r2l),para([1],k2_xboole_0(k2_xboole_0(_10398,_10400),_10394),k2_xboole_0(_10398,k2_xboole_0(_10400,_10394)),[],l2r)],[],[para([k6_enumset1(1^[],2^[],3^[],4^[],5^[],6^[],7^[],8^[])=k2_xboole_0(k4_enumset1(1^[],2^[],3^[],4^[],5^[],6^[]),k2_tarski(7^[],8^[])),[1,0],k4_enumset1(_10220,_10222,_10224,_10226,_10228,_10230),k2_xboole_0(k2_enumset1(_10220,_10222,_10224,_10226),k2_tarski(_10228,_10230)),[],l2r]-[k6_enumset1(1^[],2^[],3^[],4^[],5^[],6^[],7^[],8^[])=k2_xboole_0(k4_enumset1(1^[],2^[],3^[],4^[],5^[],6^[]),k2_tarski(7^[],8^[])),[1,0],k4_enumset1(1^[],2^[],3^[],4^[],5^[],6^[]),k2_xboole_0(k2_enumset1(1^[],2^[],3^[],4^[]),k2_tarski(5^[],6^[])),[],l2r]),ext([- #,[#,k6_enumset1(1^[],2^[],3^[],4^[],5^[],6^[],7^[],8^[])=k2_xboole_0(k4_enumset1(1^[],2^[],3^[],4^[],5^[],6^[]),k2_tarski(7^[],8^[]))]]-[- #,[#,k6_enumset1(1^[],2^[],3^[],4^[],5^[],6^[],7^[],8^[])=k2_xboole_0(k4_enumset1(1^[],2^[],3^[],4^[],5^[],6^[]),k2_tarski(7^[],8^[]))]]),init(-# - -#)],0)state([k6_enumset1(1^[],2^[],3^[],4^[],5^[],6^[],7^[],8^[])=k2_xboole_0(k2_xboole_0(k2_enumset1(1^[],2^[],3^[],4^[]),k2_tarski(5^[],6^[])),k2_tarski(7^[],8^[]))],[k6_enumset1(1^[],2^[],3^[],4^[],5^[],6^[],7^[],8^[])=k2_xboole_0(k4_enumset1(1^[],2^[],3^[],4^[],5^[],6^[]),k2_tarski(7^[],8^[])),- #],[],[ext(- (_10356=_10358),[_10358=_10356],n),ext(- (_10314=_10316),[_10314=_10328,_10328=_10316],n),para([1,0,1],k2_tarski(_10740,_10742),k2_tarski(_10742,_10740),[],l2r),para([1,0,1],k2_tarski(_10698,_10700),k2_tarski(_10700,_10698),[],r2l),para([1,1],k2_tarski(_10656,_10658),k2_tarski(_10658,_10656),[],l2r),para([1,1],k2_tarski(_10620,_10622),k2_tarski(_10622,_10620),[],r2l),para([1,0,0],k2_enumset1(_10568,_10570,_10572,_10574),k2_xboole_0(k2_tarski(_10568,_10570),k2_tarski(_10572,_10574)),[],l2r),para([0],k6_enumset1(_10494,_10496,_10498,_10500,_10502,_10504,_10506,_10508),k2_xboole_0(k2_enumset1(_10494,_10496,_10498,_10500),k2_enumset1(_10502,_10504,_10506,_10508)),[],l2r),para([1,0],k4_enumset1(_10440,_10442,_10444,_10446,_10448,_10450),k2_xboole_0(k2_enumset1(_10440,_10442,_10444,_10446),k2_tarski(_10448,_10450)),[],r2l),para([1],k2_xboole_0(k2_xboole_0(_10398,_10400),_10394),k2_xboole_0(_10398,k2_xboole_0(_10400,_10394)),[],l2r)],[],[para([k6_enumset1(1^[],2^[],3^[],4^[],5^[],6^[],7^[],8^[])=k2_xboole_0(k4_enumset1(1^[],2^[],3^[],4^[],5^[],6^[]),k2_tarski(7^[],8^[])),[1,0],k4_enumset1(_10220,_10222,_10224,_10226,_10228,_10230),k2_xboole_0(k2_enumset1(_10220,_10222,_10224,_10226),k2_tarski(_10228,_10230)),[],l2r]-[k6_enumset1(1^[],2^[],3^[],4^[],5^[],6^[],7^[],8^[])=k2_xboole_0(k4_enumset1(1^[],2^[],3^[],4^[],5^[],6^[]),k2_tarski(7^[],8^[])),[1,0],k4_enumset1(1^[],2^[],3^[],4^[],5^[],6^[]),k2_xboole_0(k2_enumset1(1^[],2^[],3^[],4^[]),k2_tarski(5^[],6^[])),[],l2r]),ext([- #,[#,k6_enumset1(1^[],2^[],3^[],4^[],5^[],6^[],7^[],8^[])=k2_xboole_0(k4_enumset1(1^[],2^[],3^[],4^[],5^[],6^[]),k2_tarski(7^[],8^[]))]]-[- #,[#,k6_enumset1(1^[],2^[],3^[],4^[],5^[],6^[],7^[],8^[])=k2_xboole_0(k4_enumset1(1^[],2^[],3^[],4^[],5^[],6^[]),k2_tarski(7^[],8^[]))]]),init(-# - -#)],0)state([k6_enumset1(1^[],2^[],3^[],4^[],5^[],6^[],7^[],8^[])=k2_xboole_0(k2_xboole_0(k2_enumset1(1^[],2^[],3^[],4^[]),k2_tarski(5^[],6^[])),k2_tarski(7^[],8^[]))],[k6_enumset1(1^[],2^[],3^[],4^[],5^[],6^[],7^[],8^[])=k2_xboole_0(k4_enumset1(1^[],2^[],3^[],4^[],5^[],6^[]),k2_tarski(7^[],8^[])),- #],[],[ext(- (_10356=_10358),[_10358=_10356],n),ext(- (_10314=_10316),[_10314=_10328,_10328=_10316],n),para([1,0,1],k2_tarski(_10740,_10742),k2_tarski(_10742,_10740),[],l2r),para([1,0,1],k2_tarski(_10698,_10700),k2_tarski(_10700,_10698),[],r2l),para([1,1],k2_tarski(_10656,_10658),k2_tarski(_10658,_10656),[],l2r),para([1,1],k2_tarski(_10620,_10622),k2_tarski(_10622,_10620),[],r2l),para([1,0,0],k2_enumset1(_10568,_10570,_10572,_10574),k2_xboole_0(k2_tarski(_10568,_10570),k2_tarski(_10572,_10574)),[],l2r),para([0],k6_enumset1(_10494,_10496,_10498,_10500,_10502,_10504,_10506,_10508),k2_xboole_0(k2_enumset1(_10494,_10496,_10498,_10500),k2_enumset1(_10502,_10504,_10506,_10508)),[],l2r),para([1,0],k4_enumset1(_10440,_10442,_10444,_10446,_10448,_10450),k2_xboole_0(k2_enumset1(_10440,_10442,_10444,_10446),k2_tarski(_10448,_10450)),[],r2l),para([1],k2_xboole_0(k2_xboole_0(_10398,_10400),_10394),k2_xboole_0(_10398,k2_xboole_0(_10400,_10394)),[],l2r)],[],[para([k6_enumset1(1^[],2^[],3^[],4^[],5^[],6^[],7^[],8^[])=k2_xboole_0(k4_enumset1(1^[],2^[],3^[],4^[],5^[],6^[]),k2_tarski(7^[],8^[])),[1,0],k4_enumset1(_10220,_10222,_10224,_10226,_10228,_10230),k2_xboole_0(k2_enumset1(_10220,_10222,_10224,_10226),k2_tarski(_10228,_10230)),[],l2r]-[k6_enumset1(1^[],2^[],3^[],4^[],5^[],6^[],7^[],8^[])=k2_xboole_0(k4_enumset1(1^[],2^[],3^[],4^[],5^[],6^[]),k2_tarski(7^[],8^[])),[1,0],k4_enumset1(1^[],2^[],3^[],4^[],5^[],6^[]),k2_xboole_0(k2_enumset1(1^[],2^[],3^[],4^[]),k2_tarski(5^[],6^[])),[],l2r]),ext([- #,[#,k6_enumset1(1^[],2^[],3^[],4^[],5^[],6^[],7^[],8^[])=k2_xboole_0(k4_enumset1(1^[],2^[],3^[],4^[],5^[],6^[]),k2_tarski(7^[],8^[]))]]-[- #,[#,k6_enumset1(1^[],2^[],3^[],4^[],5^[],6^[],7^[],8^[])=k2_xboole_0(k4_enumset1(1^[],2^[],3^[],4^[],5^[],6^[]),k2_tarski(7^[],8^[]))]]),init(-# - -#)],0)state([k6_enumset1(1^[],2^[],3^[],4^[],5^[],6^[],7^[],8^[])=k2_xboole_0(k2_xboole_0(k2_enumset1(1^[],2^[],3^[],4^[]),k2_tarski(5^[],6^[])),k2_tarski(7^[],8^[]))],[k6_enumset1(1^[],2^[],3^[],4^[],5^[],6^[],7^[],8^[])=k2_xboole_0(k4_enumset1(1^[],2^[],3^[],4^[],5^[],6^[]),k2_tarski(7^[],8^[])),- #],[],[ext(- (_10356=_10358),[_10358=_10356],n),ext(- (_10314=_10316),[_10314=_10328,_10328=_10316],n),para([1,0,1],k2_tarski(_10740,_10742),k2_tarski(_10742,_10740),[],l2r),para([1,0,1],k2_tarski(_10698,_10700),k2_tarski(_10700,_10698),[],r2l),para([1,1],k2_tarski(_10656,_10658),k2_tarski(_10658,_10656),[],l2r),para([1,1],k2_tarski(_10620,_10622),k2_tarski(_10622,_10620),[],r2l),para([1,0,0],k2_enumset1(_10568,_10570,_10572,_10574),k2_xboole_0(k2_tarski(_10568,_10570),k2_tarski(_10572,_10574)),[],l2r),para([0],k6_enumset1(_10494,_10496,_10498,_10500,_10502,_10504,_10506,_10508),k2_xboole_0(k2_enumset1(_10494,_10496,_10498,_10500),k2_enumset1(_10502,_10504,_10506,_10508)),[],l2r),para([1,0],k4_enumset1(_10440,_10442,_10444,_10446,_10448,_10450),k2_xboole_0(k2_enumset1(_10440,_10442,_10444,_10446),k2_tarski(_10448,_10450)),[],r2l),para([1],k2_xboole_0(k2_xboole_0(_10398,_10400),_10394),k2_xboole_0(_10398,k2_xboole_0(_10400,_10394)),[],l2r)],[],[para([k6_enumset1(1^[],2^[],3^[],4^[],5^[],6^[],7^[],8^[])=k2_xboole_0(k4_enumset1(1^[],2^[],3^[],4^[],5^[],6^[]),k2_tarski(7^[],8^[])),[1,0],k4_enumset1(_10220,_10222,_10224,_10226,_10228,_10230),k2_xboole_0(k2_enumset1(_10220,_10222,_10224,_10226),k2_tarski(_10228,_10230)),[],l2r]-[k6_enumset1(1^[],2^[],3^[],4^[],5^[],6^[],7^[],8^[])=k2_xboole_0(k4_enumset1(1^[],2^[],3^[],4^[],5^[],6^[]),k2_tarski(7^[],8^[])),[1,0],k4_enumset1(1^[],2^[],3^[],4^[],5^[],6^[]),k2_xboole_0(k2_enumset1(1^[],2^[],3^[],4^[]),k2_tarski(5^[],6^[])),[],l2r]),ext([- #,[#,k6_enumset1(1^[],2^[],3^[],4^[],5^[],6^[],7^[],8^[])=k2_xboole_0(k4_enumset1(1^[],2^[],3^[],4^[],5^[],6^[]),k2_tarski(7^[],8^[]))]]-[- #,[#,k6_enumset1(1^[],2^[],3^[],4^[],5^[],6^[],7^[],8^[])=k2_xboole_0(k4_enumset1(1^[],2^[],3^[],4^[],5^[],6^[]),k2_tarski(7^[],8^[]))]]),init(-# - -#)],0)state([k6_enumset1(1^[],2^[],3^[],4^[],5^[],6^[],7^[],8^[])=k2_xboole_0(k2_xboole_0(k2_enumset1(1^[],2^[],3^[],4^[]),k2_tarski(5^[],6^[])),k2_tarski(7^[],8^[]))],[k6_enumset1(1^[],2^[],3^[],4^[],5^[],6^[],7^[],8^[])=k2_xboole_0(k4_enumset1(1^[],2^[],3^[],4^[],5^[],6^[]),k2_tarski(7^[],8^[])),- #],[],[ext(- (_10356=_10358),[_10358=_10356],n),ext(- (_10314=_10316),[_10314=_10328,_10328=_10316],n),para([1,0,1],k2_tarski(_10740,_10742),k2_tarski(_10742,_10740),[],l2r),para([1,0,1],k2_tarski(_10698,_10700),k2_tarski(_10700,_10698),[],r2l),para([1,1],k2_tarski(_10656,_10658),k2_tarski(_10658,_10656),[],l2r),para([1,1],k2_tarski(_10620,_10622),k2_tarski(_10622,_10620),[],r2l),para([1,0,0],k2_enumset1(_10568,_10570,_10572,_10574),k2_xboole_0(k2_tarski(_10568,_10570),k2_tarski(_10572,_10574)),[],l2r),para([0],k6_enumset1(_10494,_10496,_10498,_10500,_10502,_10504,_10506,_10508),k2_xboole_0(k2_enumset1(_10494,_10496,_10498,_10500),k2_enumset1(_10502,_10504,_10506,_10508)),[],l2r),para([1,0],k4_enumset1(_10440,_10442,_10444,_10446,_10448,_10450),k2_xboole_0(k2_enumset1(_10440,_10442,_10444,_10446),k2_tarski(_10448,_10450)),[],r2l),para([1],k2_xboole_0(k2_xboole_0(_10398,_10400),_10394),k2_xboole_0(_10398,k2_xboole_0(_10400,_10394)),[],l2r)],[],[para([k6_enumset1(1^[],2^[],3^[],4^[],5^[],6^[],7^[],8^[])=k2_xboole_0(k4_enumset1(1^[],2^[],3^[],4^[],5^[],6^[]),k2_tarski(7^[],8^[])),[1,0],k4_enumset1(_10220,_10222,_10224,_10226,_10228,_10230),k2_xboole_0(k2_enumset1(_10220,_10222,_10224,_10226),k2_tarski(_10228,_10230)),[],l2r]-[k6_enumset1(1^[],2^[],3^[],4^[],5^[],6^[],7^[],8^[])=k2_xboole_0(k4_enumset1(1^[],2^[],3^[],4^[],5^[],6^[]),k2_tarski(7^[],8^[])),[1,0],k4_enumset1(1^[],2^[],3^[],4^[],5^[],6^[]),k2_xboole_0(k2_enumset1(1^[],2^[],3^[],4^[]),k2_tarski(5^[],6^[])),[],l2r]),ext([- #,[#,k6_enumset1(1^[],2^[],3^[],4^[],5^[],6^[],7^[],8^[])=k2_xboole_0(k4_enumset1(1^[],2^[],3^[],4^[],5^[],6^[]),k2_tarski(7^[],8^[]))]]-[- #,[#,k6_enumset1(1^[],2^[],3^[],4^[],5^[],6^[],7^[],8^[])=k2_xboole_0(k4_enumset1(1^[],2^[],3^[],4^[],5^[],6^[]),k2_tarski(7^[],8^[]))]]),init(-# - -#)],0)state([k6_enumset1(1^[],2^[],3^[],4^[],5^[],6^[],7^[],8^[])=k2_xboole_0(k2_xboole_0(k2_enumset1(1^[],2^[],3^[],4^[]),k2_tarski(5^[],6^[])),k2_tarski(7^[],8^[]))],[k6_enumset1(1^[],2^[],3^[],4^[],5^[],6^[],7^[],8^[])=k2_xboole_0(k4_enumset1(1^[],2^[],3^[],4^[],5^[],6^[]),k2_tarski(7^[],8^[])),- #],[],[ext(- (_10356=_10358),[_10358=_10356],n),ext(- (_10314=_10316),[_10314=_10328,_10328=_10316],n),para([1,0,1],k2_tarski(_10740,_10742),k2_tarski(_10742,_10740),[],l2r),para([1,0,1],k2_tarski(_10698,_10700),k2_tarski(_10700,_10698),[],r2l),para([1,1],k2_tarski(_10656,_10658),k2_tarski(_10658,_10656),[],l2r),para([1,1],k2_tarski(_10620,_10622),k2_tarski(_10622,_10620),[],r2l),para([1,0,0],k2_enumset1(_10568,_10570,_10572,_10574),k2_xboole_0(k2_tarski(_10568,_10570),k2_tarski(_10572,_10574)),[],l2r),para([0],k6_enumset1(_10494,_10496,_10498,_10500,_10502,_10504,_10506,_10508),k2_xboole_0(k2_enumset1(_10494,_10496,_10498,_10500),k2_enumset1(_10502,_10504,_10506,_10508)),[],l2r),para([1,0],k4_enumset1(_10440,_10442,_10444,_10446,_10448,_10450),k2_xboole_0(k2_enumset1(_10440,_10442,_10444,_10446),k2_tarski(_10448,_10450)),[],r2l),para([1],k2_xboole_0(k2_xboole_0(_10398,_10400),_10394),k2_xboole_0(_10398,k2_xboole_0(_10400,_10394)),[],l2r)],[],[para([k6_enumset1(1^[],2^[],3^[],4^[],5^[],6^[],7^[],8^[])=k2_xboole_0(k4_enumset1(1^[],2^[],3^[],4^[],5^[],6^[]),k2_tarski(7^[],8^[])),[1,0],k4_enumset1(_10220,_10222,_10224,_10226,_10228,_10230),k2_xboole_0(k2_enumset1(_10220,_10222,_10224,_10226),k2_tarski(_10228,_10230)),[],l2r]-[k6_enumset1(1^[],2^[],3^[],4^[],5^[],6^[],7^[],8^[])=k2_xboole_0(k4_enumset1(1^[],2^[],3^[],4^[],5^[],6^[]),k2_tarski(7^[],8^[])),[1,0],k4_enumset1(1^[],2^[],3^[],4^[],5^[],6^[]),k2_xboole_0(k2_enumset1(1^[],2^[],3^[],4^[]),k2_tarski(5^[],6^[])),[],l2r]),ext([- #,[#,k6_enumset1(1^[],2^[],3^[],4^[],5^[],6^[],7^[],8^[])=k2_xboole_0(k4_enumset1(1^[],2^[],3^[],4^[],5^[],6^[]),k2_tarski(7^[],8^[]))]]-[- #,[#,k6_enumset1(1^[],2^[],3^[],4^[],5^[],6^[],7^[],8^[])=k2_xboole_0(k4_enumset1(1^[],2^[],3^[],4^[],5^[],6^[]),k2_tarski(7^[],8^[]))]]),init(-# - -#)],0)state([k6_enumset1(1^[],2^[],3^[],4^[],5^[],6^[],7^[],8^[])=k2_xboole_0(k2_xboole_0(k2_enumset1(1^[],2^[],3^[],4^[]),k2_tarski(5^[],6^[])),k2_tarski(7^[],8^[]))],[k6_enumset1(1^[],2^[],3^[],4^[],5^[],6^[],7^[],8^[])=k2_xboole_0(k4_enumset1(1^[],2^[],3^[],4^[],5^[],6^[]),k2_tarski(7^[],8^[])),- #],[],[ext(- (_10356=_10358),[_10358=_10356],n),ext(- (_10314=_10316),[_10314=_10328,_10328=_10316],n),para([1,0,1],k2_tarski(_10740,_10742),k2_tarski(_10742,_10740),[],l2r),para([1,0,1],k2_tarski(_10698,_10700),k2_tarski(_10700,_10698),[],r2l),para([1,1],k2_tarski(_10656,_10658),k2_tarski(_10658,_10656),[],l2r),para([1,1],k2_tarski(_10620,_10622),k2_tarski(_10622,_10620),[],r2l),para([1,0,0],k2_enumset1(_10568,_10570,_10572,_10574),k2_xboole_0(k2_tarski(_10568,_10570),k2_tarski(_10572,_10574)),[],l2r),para([0],k6_enumset1(_10494,_10496,_10498,_10500,_10502,_10504,_10506,_10508),k2_xboole_0(k2_enumset1(_10494,_10496,_10498,_10500),k2_enumset1(_10502,_10504,_10506,_10508)),[],l2r),para([1,0],k4_enumset1(_10440,_10442,_10444,_10446,_10448,_10450),k2_xboole_0(k2_enumset1(_10440,_10442,_10444,_10446),k2_tarski(_10448,_10450)),[],r2l),para([1],k2_xboole_0(k2_xboole_0(_10398,_10400),_10394),k2_xboole_0(_10398,k2_xboole_0(_10400,_10394)),[],l2r)],[],[para([k6_enumset1(1^[],2^[],3^[],4^[],5^[],6^[],7^[],8^[])=k2_xboole_0(k4_enumset1(1^[],2^[],3^[],4^[],5^[],6^[]),k2_tarski(7^[],8^[])),[1,0],k4_enumset1(_10220,_10222,_10224,_10226,_10228,_10230),k2_xboole_0(k2_enumset1(_10220,_10222,_10224,_10226),k2_tarski(_10228,_10230)),[],l2r]-[k6_enumset1(1^[],2^[],3^[],4^[],5^[],6^[],7^[],8^[])=k2_xboole_0(k4_enumset1(1^[],2^[],3^[],4^[],5^[],6^[]),k2_tarski(7^[],8^[])),[1,0],k4_enumset1(1^[],2^[],3^[],4^[],5^[],6^[]),k2_xboole_0(k2_enumset1(1^[],2^[],3^[],4^[]),k2_tarski(5^[],6^[])),[],l2r]),ext([- #,[#,k6_enumset1(1^[],2^[],3^[],4^[],5^[],6^[],7^[],8^[])=k2_xboole_0(k4_enumset1(1^[],2^[],3^[],4^[],5^[],6^[]),k2_tarski(7^[],8^[]))]]-[- #,[#,k6_enumset1(1^[],2^[],3^[],4^[],5^[],6^[],7^[],8^[])=k2_xboole_0(k4_enumset1(1^[],2^[],3^[],4^[],5^[],6^[]),k2_tarski(7^[],8^[]))]]),init(-# - -#)],0)state([k6_enumset1(1^[],2^[],3^[],4^[],5^[],6^[],7^[],8^[])=k2_xboole_0(k2_xboole_0(k2_enumset1(1^[],2^[],3^[],4^[]),k2_tarski(5^[],6^[])),k2_tarski(7^[],8^[]))],[k6_enumset1(1^[],2^[],3^[],4^[],5^[],6^[],7^[],8^[])=k2_xboole_0(k4_enumset1(1^[],2^[],3^[],4^[],5^[],6^[]),k2_tarski(7^[],8^[])),- #],[],[ext(- (_10356=_10358),[_10358=_10356],n),ext(- (_10314=_10316),[_10314=_10328,_10328=_10316],n),para([1,0,1],k2_tarski(_10740,_10742),k2_tarski(_10742,_10740),[],l2r),para([1,0,1],k2_tarski(_10698,_10700),k2_tarski(_10700,_10698),[],r2l),para([1,1],k2_tarski(_10656,_10658),k2_tarski(_10658,_10656),[],l2r),para([1,1],k2_tarski(_10620,_10622),k2_tarski(_10622,_10620),[],r2l),para([1,0,0],k2_enumset1(_10568,_10570,_10572,_10574),k2_xboole_0(k2_tarski(_10568,_10570),k2_tarski(_10572,_10574)),[],l2r),para([0],k6_enumset1(_10494,_10496,_10498,_10500,_10502,_10504,_10506,_10508),k2_xboole_0(k2_enumset1(_10494,_10496,_10498,_10500),k2_enumset1(_10502,_10504,_10506,_10508)),[],l2r),para([1,0],k4_enumset1(_10440,_10442,_10444,_10446,_10448,_10450),k2_xboole_0(k2_enumset1(_10440,_10442,_10444,_10446),k2_tarski(_10448,_10450)),[],r2l),para([1],k2_xboole_0(k2_xboole_0(_10398,_10400),_10394),k2_xboole_0(_10398,k2_xboole_0(_10400,_10394)),[],l2r)],[],[para([k6_enumset1(1^[],2^[],3^[],4^[],5^[],6^[],7^[],8^[])=k2_xboole_0(k4_enumset1(1^[],2^[],3^[],4^[],5^[],6^[]),k2_tarski(7^[],8^[])),[1,0],k4_enumset1(_10220,_10222,_10224,_10226,_10228,_10230),k2_xboole_0(k2_enumset1(_10220,_10222,_10224,_10226),k2_tarski(_10228,_10230)),[],l2r]-[k6_enumset1(1^[],2^[],3^[],4^[],5^[],6^[],7^[],8^[])=k2_xboole_0(k4_enumset1(1^[],2^[],3^[],4^[],5^[],6^[]),k2_tarski(7^[],8^[])),[1,0],k4_enumset1(1^[],2^[],3^[],4^[],5^[],6^[]),k2_xboole_0(k2_enumset1(1^[],2^[],3^[],4^[]),k2_tarski(5^[],6^[])),[],l2r]),ext([- #,[#,k6_enumset1(1^[],2^[],3^[],4^[],5^[],6^[],7^[],8^[])=k2_xboole_0(k4_enumset1(1^[],2^[],3^[],4^[],5^[],6^[]),k2_tarski(7^[],8^[]))]]-[- #,[#,k6_enumset1(1^[],2^[],3^[],4^[],5^[],6^[],7^[],8^[])=k2_xboole_0(k4_enumset1(1^[],2^[],3^[],4^[],5^[],6^[]),k2_tarski(7^[],8^[]))]]),init(-# - -#)],0)state([k6_enumset1(1^[],2^[],3^[],4^[],5^[],6^[],7^[],8^[])=k2_xboole_0(k4_enumset1(1^[],2^[],3^[],4^[],5^[],6^[]),k2_tarski(7^[],8^[]))],[- #],[],[ext(- (_1962=_1964),[_1964=_1962],n),ext(- (_1920=_1922),[_1920=_1934,_1934=_1922],n),para([1,1],k2_tarski(_2162,_2164),k2_tarski(_2164,_2162),[],l2r),para([1,1],k2_tarski(_2126,_2128),k2_tarski(_2128,_2126),[],r2l),para([0],k6_enumset1(_2058,_2060,_2062,_2064,_2066,_2068,_2070,_2072),k2_xboole_0(k2_enumset1(_2058,_2060,_2062,_2064),k2_enumset1(_2066,_2068,_2070,_2072)),[],l2r),para([1,0],k4_enumset1(_2004,_2006,_2008,_2010,_2012,_2014),k2_xboole_0(k2_enumset1(_2004,_2006,_2008,_2010),k2_tarski(_2012,_2014)),[],l2r)],[],[ext([- #,[#,k6_enumset1(1^[],2^[],3^[],4^[],5^[],6^[],7^[],8^[])=k2_xboole_0(k4_enumset1(1^[],2^[],3^[],4^[],5^[],6^[]),k2_tarski(7^[],8^[]))]]-[- #,[#,k6_enumset1(1^[],2^[],3^[],4^[],5^[],6^[],7^[],8^[])=k2_xboole_0(k4_enumset1(1^[],2^[],3^[],4^[],5^[],6^[]),k2_tarski(7^[],8^[]))]]),init(-# - -#)],0)state([k6_enumset1(1^[],2^[],3^[],4^[],5^[],6^[],7^[],8^[])=k2_xboole_0(k4_enumset1(1^[],2^[],3^[],4^[],5^[],6^[]),k2_tarski(7^[],8^[]))],[- #],[],[ext(- (_1962=_1964),[_1964=_1962],n),ext(- (_1920=_1922),[_1920=_1934,_1934=_1922],n),para([1,1],k2_tarski(_2162,_2164),k2_tarski(_2164,_2162),[],l2r),para([1,1],k2_tarski(_2126,_2128),k2_tarski(_2128,_2126),[],r2l),para([0],k6_enumset1(_2058,_2060,_2062,_2064,_2066,_2068,_2070,_2072),k2_xboole_0(k2_enumset1(_2058,_2060,_2062,_2064),k2_enumset1(_2066,_2068,_2070,_2072)),[],l2r),para([1,0],k4_enumset1(_2004,_2006,_2008,_2010,_2012,_2014),k2_xboole_0(k2_enumset1(_2004,_2006,_2008,_2010),k2_tarski(_2012,_2014)),[],l2r)],[],[ext([- #,[#,k6_enumset1(1^[],2^[],3^[],4^[],5^[],6^[],7^[],8^[])=k2_xboole_0(k4_enumset1(1^[],2^[],3^[],4^[],5^[],6^[]),k2_tarski(7^[],8^[]))]]-[- #,[#,k6_enumset1(1^[],2^[],3^[],4^[],5^[],6^[],7^[],8^[])=k2_xboole_0(k4_enumset1(1^[],2^[],3^[],4^[],5^[],6^[]),k2_tarski(7^[],8^[]))]]),init(-# - -#)],0)state([k6_enumset1(1^[],2^[],3^[],4^[],5^[],6^[],7^[],8^[])=k2_xboole_0(k4_enumset1(1^[],2^[],3^[],4^[],5^[],6^[]),k2_tarski(7^[],8^[]))],[- #],[],[ext(- (_1962=_1964),[_1964=_1962],n),ext(- (_1920=_1922),[_1920=_1934,_1934=_1922],n),para([1,1],k2_tarski(_2162,_2164),k2_tarski(_2164,_2162),[],l2r),para([1,1],k2_tarski(_2126,_2128),k2_tarski(_2128,_2126),[],r2l),para([0],k6_enumset1(_2058,_2060,_2062,_2064,_2066,_2068,_2070,_2072),k2_xboole_0(k2_enumset1(_2058,_2060,_2062,_2064),k2_enumset1(_2066,_2068,_2070,_2072)),[],l2r),para([1,0],k4_enumset1(_2004,_2006,_2008,_2010,_2012,_2014),k2_xboole_0(k2_enumset1(_2004,_2006,_2008,_2010),k2_tarski(_2012,_2014)),[],l2r)],[],[ext([- #,[#,k6_enumset1(1^[],2^[],3^[],4^[],5^[],6^[],7^[],8^[])=k2_xboole_0(k4_enumset1(1^[],2^[],3^[],4^[],5^[],6^[]),k2_tarski(7^[],8^[]))]]-[- #,[#,k6_enumset1(1^[],2^[],3^[],4^[],5^[],6^[],7^[],8^[])=k2_xboole_0(k4_enumset1(1^[],2^[],3^[],4^[],5^[],6^[]),k2_tarski(7^[],8^[]))]]),init(-# - -#)],0)state([k6_enumset1(1^[],2^[],3^[],4^[],5^[],6^[],7^[],8^[])=k2_xboole_0(k4_enumset1(1^[],2^[],3^[],4^[],5^[],6^[]),k2_tarski(7^[],8^[]))],[- #],[],[ext(- (_1962=_1964),[_1964=_1962],n),ext(- (_1920=_1922),[_1920=_1934,_1934=_1922],n),para([1,1],k2_tarski(_2162,_2164),k2_tarski(_2164,_2162),[],l2r),para([1,1],k2_tarski(_2126,_2128),k2_tarski(_2128,_2126),[],r2l),para([0],k6_enumset1(_2058,_2060,_2062,_2064,_2066,_2068,_2070,_2072),k2_xboole_0(k2_enumset1(_2058,_2060,_2062,_2064),k2_enumset1(_2066,_2068,_2070,_2072)),[],l2r),para([1,0],k4_enumset1(_2004,_2006,_2008,_2010,_2012,_2014),k2_xboole_0(k2_enumset1(_2004,_2006,_2008,_2010),k2_tarski(_2012,_2014)),[],l2r)],[],[ext([- #,[#,k6_enumset1(1^[],2^[],3^[],4^[],5^[],6^[],7^[],8^[])=k2_xboole_0(k4_enumset1(1^[],2^[],3^[],4^[],5^[],6^[]),k2_tarski(7^[],8^[]))]]-[- #,[#,k6_enumset1(1^[],2^[],3^[],4^[],5^[],6^[],7^[],8^[])=k2_xboole_0(k4_enumset1(1^[],2^[],3^[],4^[],5^[],6^[]),k2_tarski(7^[],8^[]))]]),init(-# - -#)],0)state([k6_enumset1(1^[],2^[],3^[],4^[],5^[],6^[],7^[],8^[])=k2_xboole_0(k4_enumset1(1^[],2^[],3^[],4^[],5^[],6^[]),k2_tarski(7^[],8^[]))],[- #],[],[ext(- (_1962=_1964),[_1964=_1962],n),ext(- (_1920=_1922),[_1920=_1934,_1934=_1922],n),para([1,1],k2_tarski(_2162,_2164),k2_tarski(_2164,_2162),[],l2r),para([1,1],k2_tarski(_2126,_2128),k2_tarski(_2128,_2126),[],r2l),para([0],k6_enumset1(_2058,_2060,_2062,_2064,_2066,_2068,_2070,_2072),k2_xboole_0(k2_enumset1(_2058,_2060,_2062,_2064),k2_enumset1(_2066,_2068,_2070,_2072)),[],l2r),para([1,0],k4_enumset1(_2004,_2006,_2008,_2010,_2012,_2014),k2_xboole_0(k2_enumset1(_2004,_2006,_2008,_2010),k2_tarski(_2012,_2014)),[],l2r)],[],[ext([- #,[#,k6_enumset1(1^[],2^[],3^[],4^[],5^[],6^[],7^[],8^[])=k2_xboole_0(k4_enumset1(1^[],2^[],3^[],4^[],5^[],6^[]),k2_tarski(7^[],8^[]))]]-[- #,[#,k6_enumset1(1^[],2^[],3^[],4^[],5^[],6^[],7^[],8^[])=k2_xboole_0(k4_enumset1(1^[],2^[],3^[],4^[],5^[],6^[]),k2_tarski(7^[],8^[]))]]),init(-# - -#)],0)state([k6_enumset1(1^[],2^[],3^[],4^[],5^[],6^[],7^[],8^[])=k2_xboole_0(k4_enumset1(1^[],2^[],3^[],4^[],5^[],6^[]),k2_tarski(7^[],8^[]))],[- #],[],[ext(- (_1962=_1964),[_1964=_1962],n),ext(- (_1920=_1922),[_1920=_1934,_1934=_1922],n),para([1,1],k2_tarski(_2162,_2164),k2_tarski(_2164,_2162),[],l2r),para([1,1],k2_tarski(_2126,_2128),k2_tarski(_2128,_2126),[],r2l),para([0],k6_enumset1(_2058,_2060,_2062,_2064,_2066,_2068,_2070,_2072),k2_xboole_0(k2_enumset1(_2058,_2060,_2062,_2064),k2_enumset1(_2066,_2068,_2070,_2072)),[],l2r),para([1,0],k4_enumset1(_2004,_2006,_2008,_2010,_2012,_2014),k2_xboole_0(k2_enumset1(_2004,_2006,_2008,_2010),k2_tarski(_2012,_2014)),[],l2r)],[],[ext([- #,[#,k6_enumset1(1^[],2^[],3^[],4^[],5^[],6^[],7^[],8^[])=k2_xboole_0(k4_enumset1(1^[],2^[],3^[],4^[],5^[],6^[]),k2_tarski(7^[],8^[]))]]-[- #,[#,k6_enumset1(1^[],2^[],3^[],4^[],5^[],6^[],7^[],8^[])=k2_xboole_0(k4_enumset1(1^[],2^[],3^[],4^[],5^[],6^[]),k2_tarski(7^[],8^[]))]]),init(-# - -#)],0)state([- #],[],[],[ext(#,[k6_enumset1(1^[],2^[],3^[],4^[],5^[],6^[],7^[],8^[])=k2_xboole_0(k4_enumset1(1^[],2^[],3^[],4^[],5^[],6^[]),k2_tarski(7^[],8^[]))],g)],[],[init(-# - -#)],0)Policy data saved
Training data saved
Execution time: 6.367 sec
Full query: 
 swipl -g '["core/montecarlo.pl"], mc_run("theorems/m2np/t27_enumset1.p",[guided(0),cp(1),sim_depth(0),playout_count(200000),min_visit_count(1),n_dim(10000),playout_time(300), output_format(svmlight), leancop_settings([conj,nodef,comp(1000),eager_reduction(1),paramodulation(1)]),return_to_root(0),save_all_proofs(0),temperature(2),save_all_policy(0),save_all_value(1),lemma_features(0),inference_limit(200000),collapse_vars(0),bigstep_frequency(2000)],"results/plcop_paramodulation/train_value","results/plcop_paramodulation/train_policy","results/plcop_paramodulation/clauses","results/plcop_paramodulation/proofs",ExecutionTime), halt.'
