Prolog query: 
 mc_run("theorems/m2np/t29_tops_2.p",[guided(0),cp(1),sim_depth(0),playout_count(200000),min_visit_count(1),n_dim(10000),playout_time(300), output_format(svmlight), leancop_settings([conj,nodef,comp(1000),eager_reduction(1),paramodulation(1)]),return_to_root(0),save_all_proofs(0),temperature(2),save_all_policy(0),save_all_value(1),lemma_features(0),inference_limit(200000),collapse_vars(0),bigstep_frequency(2000)],"results/plcop_paramodulation/train_value","results/plcop_paramodulation/train_policy","results/plcop_paramodulation/clauses","results/plcop_paramodulation/proofs",ExecutionTime)
Trying to open file theorems/m2np/t29_tops_2.p...
Successfully opened file theorems/m2np/t29_tops_2.p
200000 playouts remaining
SUCCESS
   Init: 	-#
   Extension: 	[- #,[#,m1_subset_1(k9_subset_1(u1_struct_0(1^[]),2^[],3^[]),k1_zfmisc_1(u1_struct_0(k1_pre_topc(1^[],3^[]))))]]
   Paramodulation: 	[m1_subset_1(k9_subset_1(u1_struct_0(1^[]),2^[],3^[]),k1_zfmisc_1(u1_struct_0(k1_pre_topc(1^[],3^[])))),[1,0],u1_struct_0(k1_pre_topc(A,B)),B,[l1_pre_topc(A),m1_subset_1(B,k1_zfmisc_1(u1_struct_0(A)))],l2r]
   Paramodulation: 	[m1_subset_1(k9_subset_1(u1_struct_0(1^[]),2^[],3^[]),k1_zfmisc_1(3^[])),[0],k9_subset_1(A,B,C),k3_xboole_0(B,C),[m1_subset_1(C,k1_zfmisc_1(A))],l2r]
   Paramodulation: 	[m1_subset_1(k3_xboole_0(2^[],3^[]),k1_zfmisc_1(3^[])),[0],k3_xboole_0(A,B),k3_xboole_0(B,A),[],l2r]
   Extension: 	[m1_subset_1(k3_xboole_0(3^[],2^[]),k1_zfmisc_1(3^[])),[-m1_subset_1(A,k1_zfmisc_1(B)),r1_tarski(A,B)]]
   Extension: 	[r1_tarski(k3_xboole_0(3^[],2^[]),3^[]),[-r1_tarski(k3_xboole_0(A,_),A)]]
   Extension: 	[m1_subset_1(3^[],k1_zfmisc_1(u1_struct_0(1^[]))),[-m1_subset_1(3^[],k1_zfmisc_1(u1_struct_0(1^[]))),#]]
   Reduction: 	[#,- #]
   Extension: 	[l1_pre_topc(1^[]),[-l1_pre_topc(1^[]),#]]
   Reduction: 	[#,- #]
   Extension: 	[m1_subset_1(3^[],k1_zfmisc_1(u1_struct_0(1^[]))),[-m1_subset_1(3^[],k1_zfmisc_1(u1_struct_0(1^[]))),#]]
   Reduction: 	[#,- #]
Created leancop proof

FIRST PROOF FOUND AFTER 1011 STEPS

Moving root from 0 to 26
Moving root from 26 to 130
195000 playouts remaining
Moving root from 130 to 304
Moving root from 304 to 907
Moving root from 907 to 936
190000 playouts remaining
Moving root from 936 to 943
Moving root from 943 to 944
185000 playouts remaining
Moving root from 944 to 945
Moving root from 945 to 946
Unable to move root from 946
180000 playouts remaining
Unable to move root from 946
Unable to move root from 946
175000 playouts remaining
Unable to move root from 946
Unable to move root from 946
Unable to move root from 946
170000 playouts remaining
Unable to move root from 946
Unable to move root from 946
165000 playouts remaining
Unable to move root from 946
Unable to move root from 946
Unable to move root from 946
160000 playouts remaining
Unable to move root from 946
Unable to move root from 946
155000 playouts remaining
Unable to move root from 946
Unable to move root from 946
Unable to move root from 946
150000 playouts remaining
Unable to move root from 946
Unable to move root from 946
145000 playouts remaining
Unable to move root from 946
Unable to move root from 946
Unable to move root from 946
140000 playouts remaining
Unable to move root from 946
Unable to move root from 946
135000 playouts remaining
Unable to move root from 946
Unable to move root from 946
Unable to move root from 946
130000 playouts remaining
Unable to move root from 946
Unable to move root from 946
125000 playouts remaining
Unable to move root from 946
Unable to move root from 946
Unable to move root from 946
120000 playouts remaining
Unable to move root from 946
Unable to move root from 946
115000 playouts remaining
Unable to move root from 946
Unable to move root from 946
Unable to move root from 946
110000 playouts remaining
Unable to move root from 946
Unable to move root from 946
105000 playouts remaining
Unable to move root from 946
Unable to move root from 946
Unable to move root from 946
100000 playouts remaining
Unable to move root from 946
Unable to move root from 946
95000 playouts remaining
Unable to move root from 946
Unable to move root from 946
Unable to move root from 946
90000 playouts remaining
Unable to move root from 946
Unable to move root from 946
85000 playouts remaining
Unable to move root from 946
Unable to move root from 946
Unable to move root from 946
80000 playouts remaining
Unable to move root from 946
Unable to move root from 946
75000 playouts remaining
Unable to move root from 946
Unable to move root from 946
Unable to move root from 946
70000 playouts remaining
Unable to move root from 946
Unable to move root from 946
65000 playouts remaining
Unable to move root from 946
Unable to move root from 946
Unable to move root from 946
60000 playouts remaining
Unable to move root from 946
Unable to move root from 946
55000 playouts remaining
Unable to move root from 946
Unable to move root from 946
Unable to move root from 946
50000 playouts remaining
Unable to move root from 946
Unable to move root from 946
45000 playouts remaining
Unable to move root from 946
Unable to move root from 946
Unable to move root from 946
40000 playouts remaining
Unable to move root from 946
Unable to move root from 946
35000 playouts remaining
Unable to move root from 946
Unable to move root from 946
Unable to move root from 946
30000 playouts remaining
Unable to move root from 946
Unable to move root from 946
25000 playouts remaining
Unable to move root from 946
Unable to move root from 946
Unable to move root from 946
20000 playouts remaining
Unable to move root from 946
Unable to move root from 946
15000 playouts remaining
Unable to move root from 946
Unable to move root from 946
Unable to move root from 946
10000 playouts remaining
Unable to move root from 946
Unable to move root from 946
5000 playouts remaining
Unable to move root from 946
Unable to move root from 946
Unable to move root from 946
Created 960 nodes
Performed 88850 inferences
Bigstep Nodes: 10, [0,26,130,304,907,936,943,944,945,946]
Training data collected
state([success],[],[],[],[],[red([#,- #]-[#,- #]),ext([m1_subset_1(3^[],k1_zfmisc_1(u1_struct_0(1^[]))),[-m1_subset_1(3^[],k1_zfmisc_1(u1_struct_0(1^[]))),#]]-[m1_subset_1(3^[],k1_zfmisc_1(u1_struct_0(1^[]))),[-m1_subset_1(3^[],k1_zfmisc_1(u1_struct_0(1^[]))),#]]),red([#,- #]-[#,- #]),ext([l1_pre_topc(1^[]),[-l1_pre_topc(1^[]),#]]-[l1_pre_topc(1^[]),[-l1_pre_topc(1^[]),#]]),red([#,- #]-[#,- #]),ext([m1_subset_1(3^[],k1_zfmisc_1(u1_struct_0(1^[]))),[-m1_subset_1(3^[],k1_zfmisc_1(u1_struct_0(1^[]))),#]]-[m1_subset_1(3^[],k1_zfmisc_1(u1_struct_0(1^[]))),[-m1_subset_1(3^[],k1_zfmisc_1(u1_struct_0(1^[]))),#]]),ext([r1_tarski(k3_xboole_0(3^[],2^[]),3^[]),[-r1_tarski(k3_xboole_0(_2899326,_2899328),_2899326)]]-[r1_tarski(k3_xboole_0(3^[],2^[]),3^[]),[-r1_tarski(k3_xboole_0(3^[],2^[]),3^[])]]),ext([m1_subset_1(k3_xboole_0(3^[],2^[]),k1_zfmisc_1(3^[])),[-m1_subset_1(_2899370,k1_zfmisc_1(_2899376)),r1_tarski(_2899370,_2899376)]]-[m1_subset_1(k3_xboole_0(3^[],2^[]),k1_zfmisc_1(3^[])),[-m1_subset_1(k3_xboole_0(3^[],2^[]),k1_zfmisc_1(3^[])),r1_tarski(k3_xboole_0(3^[],2^[]),3^[])]]),para([m1_subset_1(k3_xboole_0(2^[],3^[]),k1_zfmisc_1(3^[])),[0],k3_xboole_0(_2899426,_2899428),k3_xboole_0(_2899428,_2899426),[],l2r]-[m1_subset_1(k3_xboole_0(2^[],3^[]),k1_zfmisc_1(3^[])),[0],k3_xboole_0(2^[],3^[]),k3_xboole_0(3^[],2^[]),[],l2r]),para([m1_subset_1(k9_subset_1(u1_struct_0(1^[]),2^[],3^[]),k1_zfmisc_1(3^[])),[0],k9_subset_1(_2899478,_2899480,_2899482),k3_xboole_0(_2899480,_2899482),[m1_subset_1(_2899482,k1_zfmisc_1(_2899478))],l2r]-[m1_subset_1(k9_subset_1(u1_struct_0(1^[]),2^[],3^[]),k1_zfmisc_1(3^[])),[0],k9_subset_1(u1_struct_0(1^[]),2^[],3^[]),k3_xboole_0(2^[],3^[]),[m1_subset_1(3^[],k1_zfmisc_1(u1_struct_0(1^[])))],l2r]),para([m1_subset_1(k9_subset_1(u1_struct_0(1^[]),2^[],3^[]),k1_zfmisc_1(u1_struct_0(k1_pre_topc(1^[],3^[])))),[1,0],u1_struct_0(k1_pre_topc(_2899558,_2899560)),_2899560,[l1_pre_topc(_2899558),m1_subset_1(_2899560,k1_zfmisc_1(u1_struct_0(_2899558)))],l2r]-[m1_subset_1(k9_subset_1(u1_struct_0(1^[]),2^[],3^[]),k1_zfmisc_1(u1_struct_0(k1_pre_topc(1^[],3^[])))),[1,0],u1_struct_0(k1_pre_topc(1^[],3^[])),3^[],[l1_pre_topc(1^[]),m1_subset_1(3^[],k1_zfmisc_1(u1_struct_0(1^[])))],l2r]),ext([- #,[#,m1_subset_1(k9_subset_1(u1_struct_0(1^[]),2^[],3^[]),k1_zfmisc_1(u1_struct_0(k1_pre_topc(1^[],3^[]))))]]-[- #,[#,m1_subset_1(k9_subset_1(u1_struct_0(1^[]),2^[],3^[]),k1_zfmisc_1(u1_struct_0(k1_pre_topc(1^[],3^[]))))]]),init(-# - -#)],1)state([m1_subset_1(3^[],k1_zfmisc_1(u1_struct_0(1^[])))],[m1_subset_1(k9_subset_1(u1_struct_0(1^[]),2^[],3^[]),k1_zfmisc_1(u1_struct_0(k1_pre_topc(1^[],3^[])))),- #],[l1_pre_topc(1^[]),m1_subset_1(k9_subset_1(u1_struct_0(1^[]),2^[],3^[]),k1_zfmisc_1(3^[]))],[ext(-m1_subset_1(3^[],k1_zfmisc_1(u1_struct_0(1^[]))),[#],g),ext(-m1_subset_1(_2899066,k1_zfmisc_1(_2899072)),[r1_tarski(_2899066,_2899072)],n),ext(-m1_subset_1(_2899012,_2899014),[m1_subset_1(_2899024,_2899026),_2899024=_2899012,_2899026=_2899014],n)],[],[red([#,- #]-[#,- #]),ext([l1_pre_topc(1^[]),[-l1_pre_topc(1^[]),#]]-[l1_pre_topc(1^[]),[-l1_pre_topc(1^[]),#]]),red([#,- #]-[#,- #]),ext([m1_subset_1(3^[],k1_zfmisc_1(u1_struct_0(1^[]))),[-m1_subset_1(3^[],k1_zfmisc_1(u1_struct_0(1^[]))),#]]-[m1_subset_1(3^[],k1_zfmisc_1(u1_struct_0(1^[]))),[-m1_subset_1(3^[],k1_zfmisc_1(u1_struct_0(1^[]))),#]]),ext([r1_tarski(k3_xboole_0(3^[],2^[]),3^[]),[-r1_tarski(k3_xboole_0(_2898632,_2898634),_2898632)]]-[r1_tarski(k3_xboole_0(3^[],2^[]),3^[]),[-r1_tarski(k3_xboole_0(3^[],2^[]),3^[])]]),ext([m1_subset_1(k3_xboole_0(3^[],2^[]),k1_zfmisc_1(3^[])),[-m1_subset_1(_2898676,k1_zfmisc_1(_2898682)),r1_tarski(_2898676,_2898682)]]-[m1_subset_1(k3_xboole_0(3^[],2^[]),k1_zfmisc_1(3^[])),[-m1_subset_1(k3_xboole_0(3^[],2^[]),k1_zfmisc_1(3^[])),r1_tarski(k3_xboole_0(3^[],2^[]),3^[])]]),para([m1_subset_1(k3_xboole_0(2^[],3^[]),k1_zfmisc_1(3^[])),[0],k3_xboole_0(_2898732,_2898734),k3_xboole_0(_2898734,_2898732),[],l2r]-[m1_subset_1(k3_xboole_0(2^[],3^[]),k1_zfmisc_1(3^[])),[0],k3_xboole_0(2^[],3^[]),k3_xboole_0(3^[],2^[]),[],l2r]),para([m1_subset_1(k9_subset_1(u1_struct_0(1^[]),2^[],3^[]),k1_zfmisc_1(3^[])),[0],k9_subset_1(_2898784,_2898786,_2898788),k3_xboole_0(_2898786,_2898788),[m1_subset_1(_2898788,k1_zfmisc_1(_2898784))],l2r]-[m1_subset_1(k9_subset_1(u1_struct_0(1^[]),2^[],3^[]),k1_zfmisc_1(3^[])),[0],k9_subset_1(u1_struct_0(1^[]),2^[],3^[]),k3_xboole_0(2^[],3^[]),[m1_subset_1(3^[],k1_zfmisc_1(u1_struct_0(1^[])))],l2r]),para([m1_subset_1(k9_subset_1(u1_struct_0(1^[]),2^[],3^[]),k1_zfmisc_1(u1_struct_0(k1_pre_topc(1^[],3^[])))),[1,0],u1_struct_0(k1_pre_topc(_2898864,_2898866)),_2898866,[l1_pre_topc(_2898864),m1_subset_1(_2898866,k1_zfmisc_1(u1_struct_0(_2898864)))],l2r]-[m1_subset_1(k9_subset_1(u1_struct_0(1^[]),2^[],3^[]),k1_zfmisc_1(u1_struct_0(k1_pre_topc(1^[],3^[])))),[1,0],u1_struct_0(k1_pre_topc(1^[],3^[])),3^[],[l1_pre_topc(1^[]),m1_subset_1(3^[],k1_zfmisc_1(u1_struct_0(1^[])))],l2r]),ext([- #,[#,m1_subset_1(k9_subset_1(u1_struct_0(1^[]),2^[],3^[]),k1_zfmisc_1(u1_struct_0(k1_pre_topc(1^[],3^[]))))]]-[- #,[#,m1_subset_1(k9_subset_1(u1_struct_0(1^[]),2^[],3^[]),k1_zfmisc_1(u1_struct_0(k1_pre_topc(1^[],3^[]))))]]),init(-# - -#)],0)state([l1_pre_topc(1^[]),m1_subset_1(3^[],k1_zfmisc_1(u1_struct_0(1^[])))],[m1_subset_1(k9_subset_1(u1_struct_0(1^[]),2^[],3^[]),k1_zfmisc_1(u1_struct_0(k1_pre_topc(1^[],3^[])))),- #],[m1_subset_1(k9_subset_1(u1_struct_0(1^[]),2^[],3^[]),k1_zfmisc_1(3^[]))],[ext(-l1_pre_topc(1^[]),[#],g),ext(-l1_pre_topc(_2898424),[_2898434=_2898424,l1_pre_topc(_2898434)],n)],[],[red([#,- #]-[#,- #]),ext([m1_subset_1(3^[],k1_zfmisc_1(u1_struct_0(1^[]))),[-m1_subset_1(3^[],k1_zfmisc_1(u1_struct_0(1^[]))),#]]-[m1_subset_1(3^[],k1_zfmisc_1(u1_struct_0(1^[]))),[-m1_subset_1(3^[],k1_zfmisc_1(u1_struct_0(1^[]))),#]]),ext([r1_tarski(k3_xboole_0(3^[],2^[]),3^[]),[-r1_tarski(k3_xboole_0(_2898050,_2898052),_2898050)]]-[r1_tarski(k3_xboole_0(3^[],2^[]),3^[]),[-r1_tarski(k3_xboole_0(3^[],2^[]),3^[])]]),ext([m1_subset_1(k3_xboole_0(3^[],2^[]),k1_zfmisc_1(3^[])),[-m1_subset_1(_2898094,k1_zfmisc_1(_2898100)),r1_tarski(_2898094,_2898100)]]-[m1_subset_1(k3_xboole_0(3^[],2^[]),k1_zfmisc_1(3^[])),[-m1_subset_1(k3_xboole_0(3^[],2^[]),k1_zfmisc_1(3^[])),r1_tarski(k3_xboole_0(3^[],2^[]),3^[])]]),para([m1_subset_1(k3_xboole_0(2^[],3^[]),k1_zfmisc_1(3^[])),[0],k3_xboole_0(_2898150,_2898152),k3_xboole_0(_2898152,_2898150),[],l2r]-[m1_subset_1(k3_xboole_0(2^[],3^[]),k1_zfmisc_1(3^[])),[0],k3_xboole_0(2^[],3^[]),k3_xboole_0(3^[],2^[]),[],l2r]),para([m1_subset_1(k9_subset_1(u1_struct_0(1^[]),2^[],3^[]),k1_zfmisc_1(3^[])),[0],k9_subset_1(_2898202,_2898204,_2898206),k3_xboole_0(_2898204,_2898206),[m1_subset_1(_2898206,k1_zfmisc_1(_2898202))],l2r]-[m1_subset_1(k9_subset_1(u1_struct_0(1^[]),2^[],3^[]),k1_zfmisc_1(3^[])),[0],k9_subset_1(u1_struct_0(1^[]),2^[],3^[]),k3_xboole_0(2^[],3^[]),[m1_subset_1(3^[],k1_zfmisc_1(u1_struct_0(1^[])))],l2r]),para([m1_subset_1(k9_subset_1(u1_struct_0(1^[]),2^[],3^[]),k1_zfmisc_1(u1_struct_0(k1_pre_topc(1^[],3^[])))),[1,0],u1_struct_0(k1_pre_topc(_2898282,_2898284)),_2898284,[l1_pre_topc(_2898282),m1_subset_1(_2898284,k1_zfmisc_1(u1_struct_0(_2898282)))],l2r]-[m1_subset_1(k9_subset_1(u1_struct_0(1^[]),2^[],3^[]),k1_zfmisc_1(u1_struct_0(k1_pre_topc(1^[],3^[])))),[1,0],u1_struct_0(k1_pre_topc(1^[],3^[])),3^[],[l1_pre_topc(1^[]),m1_subset_1(3^[],k1_zfmisc_1(u1_struct_0(1^[])))],l2r]),ext([- #,[#,m1_subset_1(k9_subset_1(u1_struct_0(1^[]),2^[],3^[]),k1_zfmisc_1(u1_struct_0(k1_pre_topc(1^[],3^[]))))]]-[- #,[#,m1_subset_1(k9_subset_1(u1_struct_0(1^[]),2^[],3^[]),k1_zfmisc_1(u1_struct_0(k1_pre_topc(1^[],3^[]))))]]),init(-# - -#)],0)state([m1_subset_1(3^[],k1_zfmisc_1(u1_struct_0(1^[])))],[m1_subset_1(k9_subset_1(u1_struct_0(1^[]),2^[],3^[]),k1_zfmisc_1(3^[])),m1_subset_1(k9_subset_1(u1_struct_0(1^[]),2^[],3^[]),k1_zfmisc_1(u1_struct_0(k1_pre_topc(1^[],3^[])))),- #],[m1_subset_1(k3_xboole_0(2^[],3^[]),k1_zfmisc_1(3^[]))],[ext(-m1_subset_1(3^[],k1_zfmisc_1(u1_struct_0(1^[]))),[#],g),ext(-m1_subset_1(_2897824,k1_zfmisc_1(_2897830)),[r1_tarski(_2897824,_2897830)],n),ext(-m1_subset_1(_2897770,_2897772),[m1_subset_1(_2897782,_2897784),_2897782=_2897770,_2897784=_2897772],n)],[[[l1_pre_topc(1^[]),m1_subset_1(3^[],k1_zfmisc_1(u1_struct_0(1^[])))],[m1_subset_1(k9_subset_1(u1_struct_0(1^[]),2^[],3^[]),k1_zfmisc_1(u1_struct_0(k1_pre_topc(1^[],3^[])))),- #],[m1_subset_1(k9_subset_1(u1_struct_0(1^[]),2^[],3^[]),k1_zfmisc_1(3^[]))]]],[ext([r1_tarski(k3_xboole_0(3^[],2^[]),3^[]),[-r1_tarski(k3_xboole_0(_2897736,_2897738),_2897736)]]-[r1_tarski(k3_xboole_0(3^[],2^[]),3^[]),[-r1_tarski(k3_xboole_0(3^[],2^[]),3^[])]]),ext([m1_subset_1(k3_xboole_0(3^[],2^[]),k1_zfmisc_1(3^[])),[-m1_subset_1(_2897438,k1_zfmisc_1(_2897444)),r1_tarski(_2897438,_2897444)]]-[m1_subset_1(k3_xboole_0(3^[],2^[]),k1_zfmisc_1(3^[])),[-m1_subset_1(k3_xboole_0(3^[],2^[]),k1_zfmisc_1(3^[])),r1_tarski(k3_xboole_0(3^[],2^[]),3^[])]]),para([m1_subset_1(k3_xboole_0(2^[],3^[]),k1_zfmisc_1(3^[])),[0],k3_xboole_0(_2897494,_2897496),k3_xboole_0(_2897496,_2897494),[],l2r]-[m1_subset_1(k3_xboole_0(2^[],3^[]),k1_zfmisc_1(3^[])),[0],k3_xboole_0(2^[],3^[]),k3_xboole_0(3^[],2^[]),[],l2r]),para([m1_subset_1(k9_subset_1(u1_struct_0(1^[]),2^[],3^[]),k1_zfmisc_1(3^[])),[0],k9_subset_1(_2897546,_2897548,_2897550),k3_xboole_0(_2897548,_2897550),[m1_subset_1(_2897550,k1_zfmisc_1(_2897546))],l2r]-[m1_subset_1(k9_subset_1(u1_struct_0(1^[]),2^[],3^[]),k1_zfmisc_1(3^[])),[0],k9_subset_1(u1_struct_0(1^[]),2^[],3^[]),k3_xboole_0(2^[],3^[]),[m1_subset_1(3^[],k1_zfmisc_1(u1_struct_0(1^[])))],l2r]),para([m1_subset_1(k9_subset_1(u1_struct_0(1^[]),2^[],3^[]),k1_zfmisc_1(u1_struct_0(k1_pre_topc(1^[],3^[])))),[1,0],u1_struct_0(k1_pre_topc(_2897626,_2897628)),_2897628,[l1_pre_topc(_2897626),m1_subset_1(_2897628,k1_zfmisc_1(u1_struct_0(_2897626)))],l2r]-[m1_subset_1(k9_subset_1(u1_struct_0(1^[]),2^[],3^[]),k1_zfmisc_1(u1_struct_0(k1_pre_topc(1^[],3^[])))),[1,0],u1_struct_0(k1_pre_topc(1^[],3^[])),3^[],[l1_pre_topc(1^[]),m1_subset_1(3^[],k1_zfmisc_1(u1_struct_0(1^[])))],l2r]),ext([- #,[#,m1_subset_1(k9_subset_1(u1_struct_0(1^[]),2^[],3^[]),k1_zfmisc_1(u1_struct_0(k1_pre_topc(1^[],3^[]))))]]-[- #,[#,m1_subset_1(k9_subset_1(u1_struct_0(1^[]),2^[],3^[]),k1_zfmisc_1(u1_struct_0(k1_pre_topc(1^[],3^[]))))]]),init(-# - -#)],0)state([r1_tarski(k3_xboole_0(3^[],2^[]),3^[])],[m1_subset_1(k3_xboole_0(3^[],2^[]),k1_zfmisc_1(3^[])),m1_subset_1(k3_xboole_0(2^[],3^[]),k1_zfmisc_1(3^[])),m1_subset_1(k9_subset_1(u1_struct_0(1^[]),2^[],3^[]),k1_zfmisc_1(3^[])),m1_subset_1(k9_subset_1(u1_struct_0(1^[]),2^[],3^[]),k1_zfmisc_1(u1_struct_0(k1_pre_topc(1^[],3^[])))),- #],[],[ext(-r1_tarski(k3_xboole_0(_2876182,_2876188),_2876182),[],n),ext(-r1_tarski(_2876146,_2876148),[m1_subset_1(_2876146,k1_zfmisc_1(_2876148))],n),ext(-r1_tarski(_2876092,_2876094),[r1_tarski(_2876104,_2876106),_2876104=_2876092,_2876106=_2876094],n),para([0],k3_xboole_0(_2876240,_2876242),k3_xboole_0(_2876242,_2876240),[],l2r),para([0],k3_xboole_0(_2876210,_2876212),k3_xboole_0(_2876212,_2876210),[],r2l)],[[[m1_subset_1(3^[],k1_zfmisc_1(u1_struct_0(1^[])))],[m1_subset_1(k9_subset_1(u1_struct_0(1^[]),2^[],3^[]),k1_zfmisc_1(3^[])),m1_subset_1(k9_subset_1(u1_struct_0(1^[]),2^[],3^[]),k1_zfmisc_1(u1_struct_0(k1_pre_topc(1^[],3^[])))),- #],[m1_subset_1(k3_xboole_0(2^[],3^[]),k1_zfmisc_1(3^[]))]],[[l1_pre_topc(1^[]),m1_subset_1(3^[],k1_zfmisc_1(u1_struct_0(1^[])))],[m1_subset_1(k9_subset_1(u1_struct_0(1^[]),2^[],3^[]),k1_zfmisc_1(u1_struct_0(k1_pre_topc(1^[],3^[])))),- #],[m1_subset_1(k9_subset_1(u1_struct_0(1^[]),2^[],3^[]),k1_zfmisc_1(3^[]))]]],[ext([m1_subset_1(k3_xboole_0(3^[],2^[]),k1_zfmisc_1(3^[])),[-m1_subset_1(_2876036,k1_zfmisc_1(_2876042)),r1_tarski(_2876036,_2876042)]]-[m1_subset_1(k3_xboole_0(3^[],2^[]),k1_zfmisc_1(3^[])),[-m1_subset_1(k3_xboole_0(3^[],2^[]),k1_zfmisc_1(3^[])),r1_tarski(k3_xboole_0(3^[],2^[]),3^[])]]),para([m1_subset_1(k3_xboole_0(2^[],3^[]),k1_zfmisc_1(3^[])),[0],k3_xboole_0(_2875800,_2875802),k3_xboole_0(_2875802,_2875800),[],l2r]-[m1_subset_1(k3_xboole_0(2^[],3^[]),k1_zfmisc_1(3^[])),[0],k3_xboole_0(2^[],3^[]),k3_xboole_0(3^[],2^[]),[],l2r]),para([m1_subset_1(k9_subset_1(u1_struct_0(1^[]),2^[],3^[]),k1_zfmisc_1(3^[])),[0],k9_subset_1(_2875852,_2875854,_2875856),k3_xboole_0(_2875854,_2875856),[m1_subset_1(_2875856,k1_zfmisc_1(_2875852))],l2r]-[m1_subset_1(k9_subset_1(u1_struct_0(1^[]),2^[],3^[]),k1_zfmisc_1(3^[])),[0],k9_subset_1(u1_struct_0(1^[]),2^[],3^[]),k3_xboole_0(2^[],3^[]),[m1_subset_1(3^[],k1_zfmisc_1(u1_struct_0(1^[])))],l2r]),para([m1_subset_1(k9_subset_1(u1_struct_0(1^[]),2^[],3^[]),k1_zfmisc_1(u1_struct_0(k1_pre_topc(1^[],3^[])))),[1,0],u1_struct_0(k1_pre_topc(_2875932,_2875934)),_2875934,[l1_pre_topc(_2875932),m1_subset_1(_2875934,k1_zfmisc_1(u1_struct_0(_2875932)))],l2r]-[m1_subset_1(k9_subset_1(u1_struct_0(1^[]),2^[],3^[]),k1_zfmisc_1(u1_struct_0(k1_pre_topc(1^[],3^[])))),[1,0],u1_struct_0(k1_pre_topc(1^[],3^[])),3^[],[l1_pre_topc(1^[]),m1_subset_1(3^[],k1_zfmisc_1(u1_struct_0(1^[])))],l2r]),ext([- #,[#,m1_subset_1(k9_subset_1(u1_struct_0(1^[]),2^[],3^[]),k1_zfmisc_1(u1_struct_0(k1_pre_topc(1^[],3^[]))))]]-[- #,[#,m1_subset_1(k9_subset_1(u1_struct_0(1^[]),2^[],3^[]),k1_zfmisc_1(u1_struct_0(k1_pre_topc(1^[],3^[]))))]]),init(-# - -#)],0)state([m1_subset_1(k3_xboole_0(3^[],2^[]),k1_zfmisc_1(3^[]))],[m1_subset_1(k3_xboole_0(2^[],3^[]),k1_zfmisc_1(3^[])),m1_subset_1(k9_subset_1(u1_struct_0(1^[]),2^[],3^[]),k1_zfmisc_1(3^[])),m1_subset_1(k9_subset_1(u1_struct_0(1^[]),2^[],3^[]),k1_zfmisc_1(u1_struct_0(k1_pre_topc(1^[],3^[])))),- #],[],[ext(-m1_subset_1(_2701698,k1_zfmisc_1(_2701704)),[r1_tarski(_2701698,_2701704)],n),ext(-m1_subset_1(_2701644,_2701646),[m1_subset_1(_2701656,_2701658),_2701656=_2701644,_2701658=_2701646],n),para([0],k3_xboole_0(_2701768,_2701770),k3_xboole_0(_2701770,_2701768),[],l2r),para([0],k3_xboole_0(_2701738,_2701740),k3_xboole_0(_2701740,_2701738),[],r2l)],[[[m1_subset_1(3^[],k1_zfmisc_1(u1_struct_0(1^[])))],[m1_subset_1(k9_subset_1(u1_struct_0(1^[]),2^[],3^[]),k1_zfmisc_1(3^[])),m1_subset_1(k9_subset_1(u1_struct_0(1^[]),2^[],3^[]),k1_zfmisc_1(u1_struct_0(k1_pre_topc(1^[],3^[])))),- #],[m1_subset_1(k3_xboole_0(2^[],3^[]),k1_zfmisc_1(3^[]))]],[[l1_pre_topc(1^[]),m1_subset_1(3^[],k1_zfmisc_1(u1_struct_0(1^[])))],[m1_subset_1(k9_subset_1(u1_struct_0(1^[]),2^[],3^[]),k1_zfmisc_1(u1_struct_0(k1_pre_topc(1^[],3^[])))),- #],[m1_subset_1(k9_subset_1(u1_struct_0(1^[]),2^[],3^[]),k1_zfmisc_1(3^[]))]]],[para([m1_subset_1(k3_xboole_0(2^[],3^[]),k1_zfmisc_1(3^[])),[0],k3_xboole_0(_2701550,_2701552),k3_xboole_0(_2701552,_2701550),[],l2r]-[m1_subset_1(k3_xboole_0(2^[],3^[]),k1_zfmisc_1(3^[])),[0],k3_xboole_0(2^[],3^[]),k3_xboole_0(3^[],2^[]),[],l2r]),para([m1_subset_1(k9_subset_1(u1_struct_0(1^[]),2^[],3^[]),k1_zfmisc_1(3^[])),[0],k9_subset_1(_2701352,_2701354,_2701356),k3_xboole_0(_2701354,_2701356),[m1_subset_1(_2701356,k1_zfmisc_1(_2701352))],l2r]-[m1_subset_1(k9_subset_1(u1_struct_0(1^[]),2^[],3^[]),k1_zfmisc_1(3^[])),[0],k9_subset_1(u1_struct_0(1^[]),2^[],3^[]),k3_xboole_0(2^[],3^[]),[m1_subset_1(3^[],k1_zfmisc_1(u1_struct_0(1^[])))],l2r]),para([m1_subset_1(k9_subset_1(u1_struct_0(1^[]),2^[],3^[]),k1_zfmisc_1(u1_struct_0(k1_pre_topc(1^[],3^[])))),[1,0],u1_struct_0(k1_pre_topc(_2701432,_2701434)),_2701434,[l1_pre_topc(_2701432),m1_subset_1(_2701434,k1_zfmisc_1(u1_struct_0(_2701432)))],l2r]-[m1_subset_1(k9_subset_1(u1_struct_0(1^[]),2^[],3^[]),k1_zfmisc_1(u1_struct_0(k1_pre_topc(1^[],3^[])))),[1,0],u1_struct_0(k1_pre_topc(1^[],3^[])),3^[],[l1_pre_topc(1^[]),m1_subset_1(3^[],k1_zfmisc_1(u1_struct_0(1^[])))],l2r]),ext([- #,[#,m1_subset_1(k9_subset_1(u1_struct_0(1^[]),2^[],3^[]),k1_zfmisc_1(u1_struct_0(k1_pre_topc(1^[],3^[]))))]]-[- #,[#,m1_subset_1(k9_subset_1(u1_struct_0(1^[]),2^[],3^[]),k1_zfmisc_1(u1_struct_0(k1_pre_topc(1^[],3^[]))))]]),init(-# - -#)],0)state([m1_subset_1(k3_xboole_0(2^[],3^[]),k1_zfmisc_1(3^[])),m1_subset_1(3^[],k1_zfmisc_1(u1_struct_0(1^[])))],[m1_subset_1(k9_subset_1(u1_struct_0(1^[]),2^[],3^[]),k1_zfmisc_1(3^[])),m1_subset_1(k9_subset_1(u1_struct_0(1^[]),2^[],3^[]),k1_zfmisc_1(u1_struct_0(k1_pre_topc(1^[],3^[])))),- #],[],[ext(-m1_subset_1(_572318,k1_zfmisc_1(_572324)),[r1_tarski(_572318,_572324)],n),ext(-m1_subset_1(_572264,_572266),[m1_subset_1(_572276,_572278),_572276=_572264,_572278=_572266],n),para([0],k3_xboole_0(_572388,_572390),k3_xboole_0(_572390,_572388),[],l2r),para([0],k3_xboole_0(_572358,_572360),k3_xboole_0(_572360,_572358),[],r2l)],[[[l1_pre_topc(1^[]),m1_subset_1(3^[],k1_zfmisc_1(u1_struct_0(1^[])))],[m1_subset_1(k9_subset_1(u1_struct_0(1^[]),2^[],3^[]),k1_zfmisc_1(u1_struct_0(k1_pre_topc(1^[],3^[])))),- #],[m1_subset_1(k9_subset_1(u1_struct_0(1^[]),2^[],3^[]),k1_zfmisc_1(3^[]))]]],[para([m1_subset_1(k9_subset_1(u1_struct_0(1^[]),2^[],3^[]),k1_zfmisc_1(3^[])),[0],k9_subset_1(_572146,_572148,_572150),k3_xboole_0(_572148,_572150),[m1_subset_1(_572150,k1_zfmisc_1(_572146))],l2r]-[m1_subset_1(k9_subset_1(u1_struct_0(1^[]),2^[],3^[]),k1_zfmisc_1(3^[])),[0],k9_subset_1(u1_struct_0(1^[]),2^[],3^[]),k3_xboole_0(2^[],3^[]),[m1_subset_1(3^[],k1_zfmisc_1(u1_struct_0(1^[])))],l2r]),para([m1_subset_1(k9_subset_1(u1_struct_0(1^[]),2^[],3^[]),k1_zfmisc_1(u1_struct_0(k1_pre_topc(1^[],3^[])))),[1,0],u1_struct_0(k1_pre_topc(_572028,_572030)),_572030,[l1_pre_topc(_572028),m1_subset_1(_572030,k1_zfmisc_1(u1_struct_0(_572028)))],l2r]-[m1_subset_1(k9_subset_1(u1_struct_0(1^[]),2^[],3^[]),k1_zfmisc_1(u1_struct_0(k1_pre_topc(1^[],3^[])))),[1,0],u1_struct_0(k1_pre_topc(1^[],3^[])),3^[],[l1_pre_topc(1^[]),m1_subset_1(3^[],k1_zfmisc_1(u1_struct_0(1^[])))],l2r]),ext([- #,[#,m1_subset_1(k9_subset_1(u1_struct_0(1^[]),2^[],3^[]),k1_zfmisc_1(u1_struct_0(k1_pre_topc(1^[],3^[]))))]]-[- #,[#,m1_subset_1(k9_subset_1(u1_struct_0(1^[]),2^[],3^[]),k1_zfmisc_1(u1_struct_0(k1_pre_topc(1^[],3^[]))))]]),init(-# - -#)],0)state([m1_subset_1(k9_subset_1(u1_struct_0(1^[]),2^[],3^[]),k1_zfmisc_1(3^[])),l1_pre_topc(1^[]),m1_subset_1(3^[],k1_zfmisc_1(u1_struct_0(1^[])))],[m1_subset_1(k9_subset_1(u1_struct_0(1^[]),2^[],3^[]),k1_zfmisc_1(u1_struct_0(k1_pre_topc(1^[],3^[])))),- #],[],[ext(-m1_subset_1(_193988,k1_zfmisc_1(_193994)),[r1_tarski(_193988,_193994)],n),ext(-m1_subset_1(_193934,_193936),[m1_subset_1(_193946,_193948),_193946=_193934,_193948=_193936],n),para([0],k9_subset_1(_194028,_194030,_194032),k3_xboole_0(_194030,_194032),[m1_subset_1(_194032,k1_zfmisc_1(_194028))],l2r)],[],[para([m1_subset_1(k9_subset_1(u1_struct_0(1^[]),2^[],3^[]),k1_zfmisc_1(u1_struct_0(k1_pre_topc(1^[],3^[])))),[1,0],u1_struct_0(k1_pre_topc(_193836,_193838)),_193838,[l1_pre_topc(_193836),m1_subset_1(_193838,k1_zfmisc_1(u1_struct_0(_193836)))],l2r]-[m1_subset_1(k9_subset_1(u1_struct_0(1^[]),2^[],3^[]),k1_zfmisc_1(u1_struct_0(k1_pre_topc(1^[],3^[])))),[1,0],u1_struct_0(k1_pre_topc(1^[],3^[])),3^[],[l1_pre_topc(1^[]),m1_subset_1(3^[],k1_zfmisc_1(u1_struct_0(1^[])))],l2r]),ext([- #,[#,m1_subset_1(k9_subset_1(u1_struct_0(1^[]),2^[],3^[]),k1_zfmisc_1(u1_struct_0(k1_pre_topc(1^[],3^[]))))]]-[- #,[#,m1_subset_1(k9_subset_1(u1_struct_0(1^[]),2^[],3^[]),k1_zfmisc_1(u1_struct_0(k1_pre_topc(1^[],3^[]))))]]),init(-# - -#)],0)state([m1_subset_1(k9_subset_1(u1_struct_0(1^[]),2^[],3^[]),k1_zfmisc_1(u1_struct_0(k1_pre_topc(1^[],3^[]))))],[- #],[],[ext(-m1_subset_1(_43994,k1_zfmisc_1(_44000)),[r1_tarski(_43994,_44000)],n),ext(-m1_subset_1(_43940,_43942),[m1_subset_1(_43952,_43954),_43952=_43940,_43954=_43942],n),para([0],k9_subset_1(_44098,_44100,_44102),k3_xboole_0(_44100,_44102),[m1_subset_1(_44102,k1_zfmisc_1(_44098))],l2r),para([1,0],u1_struct_0(k1_pre_topc(_44044,_44020)),_44020,[l1_pre_topc(_44044),m1_subset_1(_44020,k1_zfmisc_1(u1_struct_0(_44044)))],l2r)],[],[ext([- #,[#,m1_subset_1(k9_subset_1(u1_struct_0(1^[]),2^[],3^[]),k1_zfmisc_1(u1_struct_0(k1_pre_topc(1^[],3^[]))))]]-[- #,[#,m1_subset_1(k9_subset_1(u1_struct_0(1^[]),2^[],3^[]),k1_zfmisc_1(u1_struct_0(k1_pre_topc(1^[],3^[]))))]]),init(-# - -#)],0)state([- #],[],[],[ext(#,[-l1_pre_topc(1^[])],g),ext(#,[-m1_subset_1(2^[],k1_zfmisc_1(u1_struct_0(1^[])))],g),ext(#,[-m1_subset_1(3^[],k1_zfmisc_1(u1_struct_0(1^[])))],g),ext(#,[m1_subset_1(k9_subset_1(u1_struct_0(1^[]),2^[],3^[]),k1_zfmisc_1(u1_struct_0(k1_pre_topc(1^[],3^[]))))],g)],[],[init(-# - -#)],0)Value data saved
state([m1_subset_1(3^[],k1_zfmisc_1(u1_struct_0(1^[])))],[m1_subset_1(k9_subset_1(u1_struct_0(1^[]),2^[],3^[]),k1_zfmisc_1(u1_struct_0(k1_pre_topc(1^[],3^[])))),- #],[l1_pre_topc(1^[]),m1_subset_1(k9_subset_1(u1_struct_0(1^[]),2^[],3^[]),k1_zfmisc_1(3^[]))],[ext(-m1_subset_1(3^[],k1_zfmisc_1(u1_struct_0(1^[]))),[#],g),ext(-m1_subset_1(_2899066,k1_zfmisc_1(_2899072)),[r1_tarski(_2899066,_2899072)],n),ext(-m1_subset_1(_2899012,_2899014),[m1_subset_1(_2899024,_2899026),_2899024=_2899012,_2899026=_2899014],n)],[],[red([#,- #]-[#,- #]),ext([l1_pre_topc(1^[]),[-l1_pre_topc(1^[]),#]]-[l1_pre_topc(1^[]),[-l1_pre_topc(1^[]),#]]),red([#,- #]-[#,- #]),ext([m1_subset_1(3^[],k1_zfmisc_1(u1_struct_0(1^[]))),[-m1_subset_1(3^[],k1_zfmisc_1(u1_struct_0(1^[]))),#]]-[m1_subset_1(3^[],k1_zfmisc_1(u1_struct_0(1^[]))),[-m1_subset_1(3^[],k1_zfmisc_1(u1_struct_0(1^[]))),#]]),ext([r1_tarski(k3_xboole_0(3^[],2^[]),3^[]),[-r1_tarski(k3_xboole_0(_2898632,_2898634),_2898632)]]-[r1_tarski(k3_xboole_0(3^[],2^[]),3^[]),[-r1_tarski(k3_xboole_0(3^[],2^[]),3^[])]]),ext([m1_subset_1(k3_xboole_0(3^[],2^[]),k1_zfmisc_1(3^[])),[-m1_subset_1(_2898676,k1_zfmisc_1(_2898682)),r1_tarski(_2898676,_2898682)]]-[m1_subset_1(k3_xboole_0(3^[],2^[]),k1_zfmisc_1(3^[])),[-m1_subset_1(k3_xboole_0(3^[],2^[]),k1_zfmisc_1(3^[])),r1_tarski(k3_xboole_0(3^[],2^[]),3^[])]]),para([m1_subset_1(k3_xboole_0(2^[],3^[]),k1_zfmisc_1(3^[])),[0],k3_xboole_0(_2898732,_2898734),k3_xboole_0(_2898734,_2898732),[],l2r]-[m1_subset_1(k3_xboole_0(2^[],3^[]),k1_zfmisc_1(3^[])),[0],k3_xboole_0(2^[],3^[]),k3_xboole_0(3^[],2^[]),[],l2r]),para([m1_subset_1(k9_subset_1(u1_struct_0(1^[]),2^[],3^[]),k1_zfmisc_1(3^[])),[0],k9_subset_1(_2898784,_2898786,_2898788),k3_xboole_0(_2898786,_2898788),[m1_subset_1(_2898788,k1_zfmisc_1(_2898784))],l2r]-[m1_subset_1(k9_subset_1(u1_struct_0(1^[]),2^[],3^[]),k1_zfmisc_1(3^[])),[0],k9_subset_1(u1_struct_0(1^[]),2^[],3^[]),k3_xboole_0(2^[],3^[]),[m1_subset_1(3^[],k1_zfmisc_1(u1_struct_0(1^[])))],l2r]),para([m1_subset_1(k9_subset_1(u1_struct_0(1^[]),2^[],3^[]),k1_zfmisc_1(u1_struct_0(k1_pre_topc(1^[],3^[])))),[1,0],u1_struct_0(k1_pre_topc(_2898864,_2898866)),_2898866,[l1_pre_topc(_2898864),m1_subset_1(_2898866,k1_zfmisc_1(u1_struct_0(_2898864)))],l2r]-[m1_subset_1(k9_subset_1(u1_struct_0(1^[]),2^[],3^[]),k1_zfmisc_1(u1_struct_0(k1_pre_topc(1^[],3^[])))),[1,0],u1_struct_0(k1_pre_topc(1^[],3^[])),3^[],[l1_pre_topc(1^[]),m1_subset_1(3^[],k1_zfmisc_1(u1_struct_0(1^[])))],l2r]),ext([- #,[#,m1_subset_1(k9_subset_1(u1_struct_0(1^[]),2^[],3^[]),k1_zfmisc_1(u1_struct_0(k1_pre_topc(1^[],3^[]))))]]-[- #,[#,m1_subset_1(k9_subset_1(u1_struct_0(1^[]),2^[],3^[]),k1_zfmisc_1(u1_struct_0(k1_pre_topc(1^[],3^[]))))]]),init(-# - -#)],0)state([m1_subset_1(3^[],k1_zfmisc_1(u1_struct_0(1^[])))],[m1_subset_1(k9_subset_1(u1_struct_0(1^[]),2^[],3^[]),k1_zfmisc_1(u1_struct_0(k1_pre_topc(1^[],3^[])))),- #],[l1_pre_topc(1^[]),m1_subset_1(k9_subset_1(u1_struct_0(1^[]),2^[],3^[]),k1_zfmisc_1(3^[]))],[ext(-m1_subset_1(3^[],k1_zfmisc_1(u1_struct_0(1^[]))),[#],g),ext(-m1_subset_1(_2899066,k1_zfmisc_1(_2899072)),[r1_tarski(_2899066,_2899072)],n),ext(-m1_subset_1(_2899012,_2899014),[m1_subset_1(_2899024,_2899026),_2899024=_2899012,_2899026=_2899014],n)],[],[red([#,- #]-[#,- #]),ext([l1_pre_topc(1^[]),[-l1_pre_topc(1^[]),#]]-[l1_pre_topc(1^[]),[-l1_pre_topc(1^[]),#]]),red([#,- #]-[#,- #]),ext([m1_subset_1(3^[],k1_zfmisc_1(u1_struct_0(1^[]))),[-m1_subset_1(3^[],k1_zfmisc_1(u1_struct_0(1^[]))),#]]-[m1_subset_1(3^[],k1_zfmisc_1(u1_struct_0(1^[]))),[-m1_subset_1(3^[],k1_zfmisc_1(u1_struct_0(1^[]))),#]]),ext([r1_tarski(k3_xboole_0(3^[],2^[]),3^[]),[-r1_tarski(k3_xboole_0(_2898632,_2898634),_2898632)]]-[r1_tarski(k3_xboole_0(3^[],2^[]),3^[]),[-r1_tarski(k3_xboole_0(3^[],2^[]),3^[])]]),ext([m1_subset_1(k3_xboole_0(3^[],2^[]),k1_zfmisc_1(3^[])),[-m1_subset_1(_2898676,k1_zfmisc_1(_2898682)),r1_tarski(_2898676,_2898682)]]-[m1_subset_1(k3_xboole_0(3^[],2^[]),k1_zfmisc_1(3^[])),[-m1_subset_1(k3_xboole_0(3^[],2^[]),k1_zfmisc_1(3^[])),r1_tarski(k3_xboole_0(3^[],2^[]),3^[])]]),para([m1_subset_1(k3_xboole_0(2^[],3^[]),k1_zfmisc_1(3^[])),[0],k3_xboole_0(_2898732,_2898734),k3_xboole_0(_2898734,_2898732),[],l2r]-[m1_subset_1(k3_xboole_0(2^[],3^[]),k1_zfmisc_1(3^[])),[0],k3_xboole_0(2^[],3^[]),k3_xboole_0(3^[],2^[]),[],l2r]),para([m1_subset_1(k9_subset_1(u1_struct_0(1^[]),2^[],3^[]),k1_zfmisc_1(3^[])),[0],k9_subset_1(_2898784,_2898786,_2898788),k3_xboole_0(_2898786,_2898788),[m1_subset_1(_2898788,k1_zfmisc_1(_2898784))],l2r]-[m1_subset_1(k9_subset_1(u1_struct_0(1^[]),2^[],3^[]),k1_zfmisc_1(3^[])),[0],k9_subset_1(u1_struct_0(1^[]),2^[],3^[]),k3_xboole_0(2^[],3^[]),[m1_subset_1(3^[],k1_zfmisc_1(u1_struct_0(1^[])))],l2r]),para([m1_subset_1(k9_subset_1(u1_struct_0(1^[]),2^[],3^[]),k1_zfmisc_1(u1_struct_0(k1_pre_topc(1^[],3^[])))),[1,0],u1_struct_0(k1_pre_topc(_2898864,_2898866)),_2898866,[l1_pre_topc(_2898864),m1_subset_1(_2898866,k1_zfmisc_1(u1_struct_0(_2898864)))],l2r]-[m1_subset_1(k9_subset_1(u1_struct_0(1^[]),2^[],3^[]),k1_zfmisc_1(u1_struct_0(k1_pre_topc(1^[],3^[])))),[1,0],u1_struct_0(k1_pre_topc(1^[],3^[])),3^[],[l1_pre_topc(1^[]),m1_subset_1(3^[],k1_zfmisc_1(u1_struct_0(1^[])))],l2r]),ext([- #,[#,m1_subset_1(k9_subset_1(u1_struct_0(1^[]),2^[],3^[]),k1_zfmisc_1(u1_struct_0(k1_pre_topc(1^[],3^[]))))]]-[- #,[#,m1_subset_1(k9_subset_1(u1_struct_0(1^[]),2^[],3^[]),k1_zfmisc_1(u1_struct_0(k1_pre_topc(1^[],3^[]))))]]),init(-# - -#)],0)state([m1_subset_1(3^[],k1_zfmisc_1(u1_struct_0(1^[])))],[m1_subset_1(k9_subset_1(u1_struct_0(1^[]),2^[],3^[]),k1_zfmisc_1(u1_struct_0(k1_pre_topc(1^[],3^[])))),- #],[l1_pre_topc(1^[]),m1_subset_1(k9_subset_1(u1_struct_0(1^[]),2^[],3^[]),k1_zfmisc_1(3^[]))],[ext(-m1_subset_1(3^[],k1_zfmisc_1(u1_struct_0(1^[]))),[#],g),ext(-m1_subset_1(_2899066,k1_zfmisc_1(_2899072)),[r1_tarski(_2899066,_2899072)],n),ext(-m1_subset_1(_2899012,_2899014),[m1_subset_1(_2899024,_2899026),_2899024=_2899012,_2899026=_2899014],n)],[],[red([#,- #]-[#,- #]),ext([l1_pre_topc(1^[]),[-l1_pre_topc(1^[]),#]]-[l1_pre_topc(1^[]),[-l1_pre_topc(1^[]),#]]),red([#,- #]-[#,- #]),ext([m1_subset_1(3^[],k1_zfmisc_1(u1_struct_0(1^[]))),[-m1_subset_1(3^[],k1_zfmisc_1(u1_struct_0(1^[]))),#]]-[m1_subset_1(3^[],k1_zfmisc_1(u1_struct_0(1^[]))),[-m1_subset_1(3^[],k1_zfmisc_1(u1_struct_0(1^[]))),#]]),ext([r1_tarski(k3_xboole_0(3^[],2^[]),3^[]),[-r1_tarski(k3_xboole_0(_2898632,_2898634),_2898632)]]-[r1_tarski(k3_xboole_0(3^[],2^[]),3^[]),[-r1_tarski(k3_xboole_0(3^[],2^[]),3^[])]]),ext([m1_subset_1(k3_xboole_0(3^[],2^[]),k1_zfmisc_1(3^[])),[-m1_subset_1(_2898676,k1_zfmisc_1(_2898682)),r1_tarski(_2898676,_2898682)]]-[m1_subset_1(k3_xboole_0(3^[],2^[]),k1_zfmisc_1(3^[])),[-m1_subset_1(k3_xboole_0(3^[],2^[]),k1_zfmisc_1(3^[])),r1_tarski(k3_xboole_0(3^[],2^[]),3^[])]]),para([m1_subset_1(k3_xboole_0(2^[],3^[]),k1_zfmisc_1(3^[])),[0],k3_xboole_0(_2898732,_2898734),k3_xboole_0(_2898734,_2898732),[],l2r]-[m1_subset_1(k3_xboole_0(2^[],3^[]),k1_zfmisc_1(3^[])),[0],k3_xboole_0(2^[],3^[]),k3_xboole_0(3^[],2^[]),[],l2r]),para([m1_subset_1(k9_subset_1(u1_struct_0(1^[]),2^[],3^[]),k1_zfmisc_1(3^[])),[0],k9_subset_1(_2898784,_2898786,_2898788),k3_xboole_0(_2898786,_2898788),[m1_subset_1(_2898788,k1_zfmisc_1(_2898784))],l2r]-[m1_subset_1(k9_subset_1(u1_struct_0(1^[]),2^[],3^[]),k1_zfmisc_1(3^[])),[0],k9_subset_1(u1_struct_0(1^[]),2^[],3^[]),k3_xboole_0(2^[],3^[]),[m1_subset_1(3^[],k1_zfmisc_1(u1_struct_0(1^[])))],l2r]),para([m1_subset_1(k9_subset_1(u1_struct_0(1^[]),2^[],3^[]),k1_zfmisc_1(u1_struct_0(k1_pre_topc(1^[],3^[])))),[1,0],u1_struct_0(k1_pre_topc(_2898864,_2898866)),_2898866,[l1_pre_topc(_2898864),m1_subset_1(_2898866,k1_zfmisc_1(u1_struct_0(_2898864)))],l2r]-[m1_subset_1(k9_subset_1(u1_struct_0(1^[]),2^[],3^[]),k1_zfmisc_1(u1_struct_0(k1_pre_topc(1^[],3^[])))),[1,0],u1_struct_0(k1_pre_topc(1^[],3^[])),3^[],[l1_pre_topc(1^[]),m1_subset_1(3^[],k1_zfmisc_1(u1_struct_0(1^[])))],l2r]),ext([- #,[#,m1_subset_1(k9_subset_1(u1_struct_0(1^[]),2^[],3^[]),k1_zfmisc_1(u1_struct_0(k1_pre_topc(1^[],3^[]))))]]-[- #,[#,m1_subset_1(k9_subset_1(u1_struct_0(1^[]),2^[],3^[]),k1_zfmisc_1(u1_struct_0(k1_pre_topc(1^[],3^[]))))]]),init(-# - -#)],0)state([l1_pre_topc(1^[]),m1_subset_1(3^[],k1_zfmisc_1(u1_struct_0(1^[])))],[m1_subset_1(k9_subset_1(u1_struct_0(1^[]),2^[],3^[]),k1_zfmisc_1(u1_struct_0(k1_pre_topc(1^[],3^[])))),- #],[m1_subset_1(k9_subset_1(u1_struct_0(1^[]),2^[],3^[]),k1_zfmisc_1(3^[]))],[ext(-l1_pre_topc(1^[]),[#],g),ext(-l1_pre_topc(_2898424),[_2898434=_2898424,l1_pre_topc(_2898434)],n)],[],[red([#,- #]-[#,- #]),ext([m1_subset_1(3^[],k1_zfmisc_1(u1_struct_0(1^[]))),[-m1_subset_1(3^[],k1_zfmisc_1(u1_struct_0(1^[]))),#]]-[m1_subset_1(3^[],k1_zfmisc_1(u1_struct_0(1^[]))),[-m1_subset_1(3^[],k1_zfmisc_1(u1_struct_0(1^[]))),#]]),ext([r1_tarski(k3_xboole_0(3^[],2^[]),3^[]),[-r1_tarski(k3_xboole_0(_2898050,_2898052),_2898050)]]-[r1_tarski(k3_xboole_0(3^[],2^[]),3^[]),[-r1_tarski(k3_xboole_0(3^[],2^[]),3^[])]]),ext([m1_subset_1(k3_xboole_0(3^[],2^[]),k1_zfmisc_1(3^[])),[-m1_subset_1(_2898094,k1_zfmisc_1(_2898100)),r1_tarski(_2898094,_2898100)]]-[m1_subset_1(k3_xboole_0(3^[],2^[]),k1_zfmisc_1(3^[])),[-m1_subset_1(k3_xboole_0(3^[],2^[]),k1_zfmisc_1(3^[])),r1_tarski(k3_xboole_0(3^[],2^[]),3^[])]]),para([m1_subset_1(k3_xboole_0(2^[],3^[]),k1_zfmisc_1(3^[])),[0],k3_xboole_0(_2898150,_2898152),k3_xboole_0(_2898152,_2898150),[],l2r]-[m1_subset_1(k3_xboole_0(2^[],3^[]),k1_zfmisc_1(3^[])),[0],k3_xboole_0(2^[],3^[]),k3_xboole_0(3^[],2^[]),[],l2r]),para([m1_subset_1(k9_subset_1(u1_struct_0(1^[]),2^[],3^[]),k1_zfmisc_1(3^[])),[0],k9_subset_1(_2898202,_2898204,_2898206),k3_xboole_0(_2898204,_2898206),[m1_subset_1(_2898206,k1_zfmisc_1(_2898202))],l2r]-[m1_subset_1(k9_subset_1(u1_struct_0(1^[]),2^[],3^[]),k1_zfmisc_1(3^[])),[0],k9_subset_1(u1_struct_0(1^[]),2^[],3^[]),k3_xboole_0(2^[],3^[]),[m1_subset_1(3^[],k1_zfmisc_1(u1_struct_0(1^[])))],l2r]),para([m1_subset_1(k9_subset_1(u1_struct_0(1^[]),2^[],3^[]),k1_zfmisc_1(u1_struct_0(k1_pre_topc(1^[],3^[])))),[1,0],u1_struct_0(k1_pre_topc(_2898282,_2898284)),_2898284,[l1_pre_topc(_2898282),m1_subset_1(_2898284,k1_zfmisc_1(u1_struct_0(_2898282)))],l2r]-[m1_subset_1(k9_subset_1(u1_struct_0(1^[]),2^[],3^[]),k1_zfmisc_1(u1_struct_0(k1_pre_topc(1^[],3^[])))),[1,0],u1_struct_0(k1_pre_topc(1^[],3^[])),3^[],[l1_pre_topc(1^[]),m1_subset_1(3^[],k1_zfmisc_1(u1_struct_0(1^[])))],l2r]),ext([- #,[#,m1_subset_1(k9_subset_1(u1_struct_0(1^[]),2^[],3^[]),k1_zfmisc_1(u1_struct_0(k1_pre_topc(1^[],3^[]))))]]-[- #,[#,m1_subset_1(k9_subset_1(u1_struct_0(1^[]),2^[],3^[]),k1_zfmisc_1(u1_struct_0(k1_pre_topc(1^[],3^[]))))]]),init(-# - -#)],0)state([l1_pre_topc(1^[]),m1_subset_1(3^[],k1_zfmisc_1(u1_struct_0(1^[])))],[m1_subset_1(k9_subset_1(u1_struct_0(1^[]),2^[],3^[]),k1_zfmisc_1(u1_struct_0(k1_pre_topc(1^[],3^[])))),- #],[m1_subset_1(k9_subset_1(u1_struct_0(1^[]),2^[],3^[]),k1_zfmisc_1(3^[]))],[ext(-l1_pre_topc(1^[]),[#],g),ext(-l1_pre_topc(_2898424),[_2898434=_2898424,l1_pre_topc(_2898434)],n)],[],[red([#,- #]-[#,- #]),ext([m1_subset_1(3^[],k1_zfmisc_1(u1_struct_0(1^[]))),[-m1_subset_1(3^[],k1_zfmisc_1(u1_struct_0(1^[]))),#]]-[m1_subset_1(3^[],k1_zfmisc_1(u1_struct_0(1^[]))),[-m1_subset_1(3^[],k1_zfmisc_1(u1_struct_0(1^[]))),#]]),ext([r1_tarski(k3_xboole_0(3^[],2^[]),3^[]),[-r1_tarski(k3_xboole_0(_2898050,_2898052),_2898050)]]-[r1_tarski(k3_xboole_0(3^[],2^[]),3^[]),[-r1_tarski(k3_xboole_0(3^[],2^[]),3^[])]]),ext([m1_subset_1(k3_xboole_0(3^[],2^[]),k1_zfmisc_1(3^[])),[-m1_subset_1(_2898094,k1_zfmisc_1(_2898100)),r1_tarski(_2898094,_2898100)]]-[m1_subset_1(k3_xboole_0(3^[],2^[]),k1_zfmisc_1(3^[])),[-m1_subset_1(k3_xboole_0(3^[],2^[]),k1_zfmisc_1(3^[])),r1_tarski(k3_xboole_0(3^[],2^[]),3^[])]]),para([m1_subset_1(k3_xboole_0(2^[],3^[]),k1_zfmisc_1(3^[])),[0],k3_xboole_0(_2898150,_2898152),k3_xboole_0(_2898152,_2898150),[],l2r]-[m1_subset_1(k3_xboole_0(2^[],3^[]),k1_zfmisc_1(3^[])),[0],k3_xboole_0(2^[],3^[]),k3_xboole_0(3^[],2^[]),[],l2r]),para([m1_subset_1(k9_subset_1(u1_struct_0(1^[]),2^[],3^[]),k1_zfmisc_1(3^[])),[0],k9_subset_1(_2898202,_2898204,_2898206),k3_xboole_0(_2898204,_2898206),[m1_subset_1(_2898206,k1_zfmisc_1(_2898202))],l2r]-[m1_subset_1(k9_subset_1(u1_struct_0(1^[]),2^[],3^[]),k1_zfmisc_1(3^[])),[0],k9_subset_1(u1_struct_0(1^[]),2^[],3^[]),k3_xboole_0(2^[],3^[]),[m1_subset_1(3^[],k1_zfmisc_1(u1_struct_0(1^[])))],l2r]),para([m1_subset_1(k9_subset_1(u1_struct_0(1^[]),2^[],3^[]),k1_zfmisc_1(u1_struct_0(k1_pre_topc(1^[],3^[])))),[1,0],u1_struct_0(k1_pre_topc(_2898282,_2898284)),_2898284,[l1_pre_topc(_2898282),m1_subset_1(_2898284,k1_zfmisc_1(u1_struct_0(_2898282)))],l2r]-[m1_subset_1(k9_subset_1(u1_struct_0(1^[]),2^[],3^[]),k1_zfmisc_1(u1_struct_0(k1_pre_topc(1^[],3^[])))),[1,0],u1_struct_0(k1_pre_topc(1^[],3^[])),3^[],[l1_pre_topc(1^[]),m1_subset_1(3^[],k1_zfmisc_1(u1_struct_0(1^[])))],l2r]),ext([- #,[#,m1_subset_1(k9_subset_1(u1_struct_0(1^[]),2^[],3^[]),k1_zfmisc_1(u1_struct_0(k1_pre_topc(1^[],3^[]))))]]-[- #,[#,m1_subset_1(k9_subset_1(u1_struct_0(1^[]),2^[],3^[]),k1_zfmisc_1(u1_struct_0(k1_pre_topc(1^[],3^[]))))]]),init(-# - -#)],0)state([m1_subset_1(3^[],k1_zfmisc_1(u1_struct_0(1^[])))],[m1_subset_1(k9_subset_1(u1_struct_0(1^[]),2^[],3^[]),k1_zfmisc_1(3^[])),m1_subset_1(k9_subset_1(u1_struct_0(1^[]),2^[],3^[]),k1_zfmisc_1(u1_struct_0(k1_pre_topc(1^[],3^[])))),- #],[m1_subset_1(k3_xboole_0(2^[],3^[]),k1_zfmisc_1(3^[]))],[ext(-m1_subset_1(3^[],k1_zfmisc_1(u1_struct_0(1^[]))),[#],g),ext(-m1_subset_1(_2897824,k1_zfmisc_1(_2897830)),[r1_tarski(_2897824,_2897830)],n),ext(-m1_subset_1(_2897770,_2897772),[m1_subset_1(_2897782,_2897784),_2897782=_2897770,_2897784=_2897772],n)],[[[l1_pre_topc(1^[]),m1_subset_1(3^[],k1_zfmisc_1(u1_struct_0(1^[])))],[m1_subset_1(k9_subset_1(u1_struct_0(1^[]),2^[],3^[]),k1_zfmisc_1(u1_struct_0(k1_pre_topc(1^[],3^[])))),- #],[m1_subset_1(k9_subset_1(u1_struct_0(1^[]),2^[],3^[]),k1_zfmisc_1(3^[]))]]],[ext([r1_tarski(k3_xboole_0(3^[],2^[]),3^[]),[-r1_tarski(k3_xboole_0(_2897736,_2897738),_2897736)]]-[r1_tarski(k3_xboole_0(3^[],2^[]),3^[]),[-r1_tarski(k3_xboole_0(3^[],2^[]),3^[])]]),ext([m1_subset_1(k3_xboole_0(3^[],2^[]),k1_zfmisc_1(3^[])),[-m1_subset_1(_2897438,k1_zfmisc_1(_2897444)),r1_tarski(_2897438,_2897444)]]-[m1_subset_1(k3_xboole_0(3^[],2^[]),k1_zfmisc_1(3^[])),[-m1_subset_1(k3_xboole_0(3^[],2^[]),k1_zfmisc_1(3^[])),r1_tarski(k3_xboole_0(3^[],2^[]),3^[])]]),para([m1_subset_1(k3_xboole_0(2^[],3^[]),k1_zfmisc_1(3^[])),[0],k3_xboole_0(_2897494,_2897496),k3_xboole_0(_2897496,_2897494),[],l2r]-[m1_subset_1(k3_xboole_0(2^[],3^[]),k1_zfmisc_1(3^[])),[0],k3_xboole_0(2^[],3^[]),k3_xboole_0(3^[],2^[]),[],l2r]),para([m1_subset_1(k9_subset_1(u1_struct_0(1^[]),2^[],3^[]),k1_zfmisc_1(3^[])),[0],k9_subset_1(_2897546,_2897548,_2897550),k3_xboole_0(_2897548,_2897550),[m1_subset_1(_2897550,k1_zfmisc_1(_2897546))],l2r]-[m1_subset_1(k9_subset_1(u1_struct_0(1^[]),2^[],3^[]),k1_zfmisc_1(3^[])),[0],k9_subset_1(u1_struct_0(1^[]),2^[],3^[]),k3_xboole_0(2^[],3^[]),[m1_subset_1(3^[],k1_zfmisc_1(u1_struct_0(1^[])))],l2r]),para([m1_subset_1(k9_subset_1(u1_struct_0(1^[]),2^[],3^[]),k1_zfmisc_1(u1_struct_0(k1_pre_topc(1^[],3^[])))),[1,0],u1_struct_0(k1_pre_topc(_2897626,_2897628)),_2897628,[l1_pre_topc(_2897626),m1_subset_1(_2897628,k1_zfmisc_1(u1_struct_0(_2897626)))],l2r]-[m1_subset_1(k9_subset_1(u1_struct_0(1^[]),2^[],3^[]),k1_zfmisc_1(u1_struct_0(k1_pre_topc(1^[],3^[])))),[1,0],u1_struct_0(k1_pre_topc(1^[],3^[])),3^[],[l1_pre_topc(1^[]),m1_subset_1(3^[],k1_zfmisc_1(u1_struct_0(1^[])))],l2r]),ext([- #,[#,m1_subset_1(k9_subset_1(u1_struct_0(1^[]),2^[],3^[]),k1_zfmisc_1(u1_struct_0(k1_pre_topc(1^[],3^[]))))]]-[- #,[#,m1_subset_1(k9_subset_1(u1_struct_0(1^[]),2^[],3^[]),k1_zfmisc_1(u1_struct_0(k1_pre_topc(1^[],3^[]))))]]),init(-# - -#)],0)state([m1_subset_1(3^[],k1_zfmisc_1(u1_struct_0(1^[])))],[m1_subset_1(k9_subset_1(u1_struct_0(1^[]),2^[],3^[]),k1_zfmisc_1(3^[])),m1_subset_1(k9_subset_1(u1_struct_0(1^[]),2^[],3^[]),k1_zfmisc_1(u1_struct_0(k1_pre_topc(1^[],3^[])))),- #],[m1_subset_1(k3_xboole_0(2^[],3^[]),k1_zfmisc_1(3^[]))],[ext(-m1_subset_1(3^[],k1_zfmisc_1(u1_struct_0(1^[]))),[#],g),ext(-m1_subset_1(_2897824,k1_zfmisc_1(_2897830)),[r1_tarski(_2897824,_2897830)],n),ext(-m1_subset_1(_2897770,_2897772),[m1_subset_1(_2897782,_2897784),_2897782=_2897770,_2897784=_2897772],n)],[[[l1_pre_topc(1^[]),m1_subset_1(3^[],k1_zfmisc_1(u1_struct_0(1^[])))],[m1_subset_1(k9_subset_1(u1_struct_0(1^[]),2^[],3^[]),k1_zfmisc_1(u1_struct_0(k1_pre_topc(1^[],3^[])))),- #],[m1_subset_1(k9_subset_1(u1_struct_0(1^[]),2^[],3^[]),k1_zfmisc_1(3^[]))]]],[ext([r1_tarski(k3_xboole_0(3^[],2^[]),3^[]),[-r1_tarski(k3_xboole_0(_2897736,_2897738),_2897736)]]-[r1_tarski(k3_xboole_0(3^[],2^[]),3^[]),[-r1_tarski(k3_xboole_0(3^[],2^[]),3^[])]]),ext([m1_subset_1(k3_xboole_0(3^[],2^[]),k1_zfmisc_1(3^[])),[-m1_subset_1(_2897438,k1_zfmisc_1(_2897444)),r1_tarski(_2897438,_2897444)]]-[m1_subset_1(k3_xboole_0(3^[],2^[]),k1_zfmisc_1(3^[])),[-m1_subset_1(k3_xboole_0(3^[],2^[]),k1_zfmisc_1(3^[])),r1_tarski(k3_xboole_0(3^[],2^[]),3^[])]]),para([m1_subset_1(k3_xboole_0(2^[],3^[]),k1_zfmisc_1(3^[])),[0],k3_xboole_0(_2897494,_2897496),k3_xboole_0(_2897496,_2897494),[],l2r]-[m1_subset_1(k3_xboole_0(2^[],3^[]),k1_zfmisc_1(3^[])),[0],k3_xboole_0(2^[],3^[]),k3_xboole_0(3^[],2^[]),[],l2r]),para([m1_subset_1(k9_subset_1(u1_struct_0(1^[]),2^[],3^[]),k1_zfmisc_1(3^[])),[0],k9_subset_1(_2897546,_2897548,_2897550),k3_xboole_0(_2897548,_2897550),[m1_subset_1(_2897550,k1_zfmisc_1(_2897546))],l2r]-[m1_subset_1(k9_subset_1(u1_struct_0(1^[]),2^[],3^[]),k1_zfmisc_1(3^[])),[0],k9_subset_1(u1_struct_0(1^[]),2^[],3^[]),k3_xboole_0(2^[],3^[]),[m1_subset_1(3^[],k1_zfmisc_1(u1_struct_0(1^[])))],l2r]),para([m1_subset_1(k9_subset_1(u1_struct_0(1^[]),2^[],3^[]),k1_zfmisc_1(u1_struct_0(k1_pre_topc(1^[],3^[])))),[1,0],u1_struct_0(k1_pre_topc(_2897626,_2897628)),_2897628,[l1_pre_topc(_2897626),m1_subset_1(_2897628,k1_zfmisc_1(u1_struct_0(_2897626)))],l2r]-[m1_subset_1(k9_subset_1(u1_struct_0(1^[]),2^[],3^[]),k1_zfmisc_1(u1_struct_0(k1_pre_topc(1^[],3^[])))),[1,0],u1_struct_0(k1_pre_topc(1^[],3^[])),3^[],[l1_pre_topc(1^[]),m1_subset_1(3^[],k1_zfmisc_1(u1_struct_0(1^[])))],l2r]),ext([- #,[#,m1_subset_1(k9_subset_1(u1_struct_0(1^[]),2^[],3^[]),k1_zfmisc_1(u1_struct_0(k1_pre_topc(1^[],3^[]))))]]-[- #,[#,m1_subset_1(k9_subset_1(u1_struct_0(1^[]),2^[],3^[]),k1_zfmisc_1(u1_struct_0(k1_pre_topc(1^[],3^[]))))]]),init(-# - -#)],0)state([m1_subset_1(3^[],k1_zfmisc_1(u1_struct_0(1^[])))],[m1_subset_1(k9_subset_1(u1_struct_0(1^[]),2^[],3^[]),k1_zfmisc_1(3^[])),m1_subset_1(k9_subset_1(u1_struct_0(1^[]),2^[],3^[]),k1_zfmisc_1(u1_struct_0(k1_pre_topc(1^[],3^[])))),- #],[m1_subset_1(k3_xboole_0(2^[],3^[]),k1_zfmisc_1(3^[]))],[ext(-m1_subset_1(3^[],k1_zfmisc_1(u1_struct_0(1^[]))),[#],g),ext(-m1_subset_1(_2897824,k1_zfmisc_1(_2897830)),[r1_tarski(_2897824,_2897830)],n),ext(-m1_subset_1(_2897770,_2897772),[m1_subset_1(_2897782,_2897784),_2897782=_2897770,_2897784=_2897772],n)],[[[l1_pre_topc(1^[]),m1_subset_1(3^[],k1_zfmisc_1(u1_struct_0(1^[])))],[m1_subset_1(k9_subset_1(u1_struct_0(1^[]),2^[],3^[]),k1_zfmisc_1(u1_struct_0(k1_pre_topc(1^[],3^[])))),- #],[m1_subset_1(k9_subset_1(u1_struct_0(1^[]),2^[],3^[]),k1_zfmisc_1(3^[]))]]],[ext([r1_tarski(k3_xboole_0(3^[],2^[]),3^[]),[-r1_tarski(k3_xboole_0(_2897736,_2897738),_2897736)]]-[r1_tarski(k3_xboole_0(3^[],2^[]),3^[]),[-r1_tarski(k3_xboole_0(3^[],2^[]),3^[])]]),ext([m1_subset_1(k3_xboole_0(3^[],2^[]),k1_zfmisc_1(3^[])),[-m1_subset_1(_2897438,k1_zfmisc_1(_2897444)),r1_tarski(_2897438,_2897444)]]-[m1_subset_1(k3_xboole_0(3^[],2^[]),k1_zfmisc_1(3^[])),[-m1_subset_1(k3_xboole_0(3^[],2^[]),k1_zfmisc_1(3^[])),r1_tarski(k3_xboole_0(3^[],2^[]),3^[])]]),para([m1_subset_1(k3_xboole_0(2^[],3^[]),k1_zfmisc_1(3^[])),[0],k3_xboole_0(_2897494,_2897496),k3_xboole_0(_2897496,_2897494),[],l2r]-[m1_subset_1(k3_xboole_0(2^[],3^[]),k1_zfmisc_1(3^[])),[0],k3_xboole_0(2^[],3^[]),k3_xboole_0(3^[],2^[]),[],l2r]),para([m1_subset_1(k9_subset_1(u1_struct_0(1^[]),2^[],3^[]),k1_zfmisc_1(3^[])),[0],k9_subset_1(_2897546,_2897548,_2897550),k3_xboole_0(_2897548,_2897550),[m1_subset_1(_2897550,k1_zfmisc_1(_2897546))],l2r]-[m1_subset_1(k9_subset_1(u1_struct_0(1^[]),2^[],3^[]),k1_zfmisc_1(3^[])),[0],k9_subset_1(u1_struct_0(1^[]),2^[],3^[]),k3_xboole_0(2^[],3^[]),[m1_subset_1(3^[],k1_zfmisc_1(u1_struct_0(1^[])))],l2r]),para([m1_subset_1(k9_subset_1(u1_struct_0(1^[]),2^[],3^[]),k1_zfmisc_1(u1_struct_0(k1_pre_topc(1^[],3^[])))),[1,0],u1_struct_0(k1_pre_topc(_2897626,_2897628)),_2897628,[l1_pre_topc(_2897626),m1_subset_1(_2897628,k1_zfmisc_1(u1_struct_0(_2897626)))],l2r]-[m1_subset_1(k9_subset_1(u1_struct_0(1^[]),2^[],3^[]),k1_zfmisc_1(u1_struct_0(k1_pre_topc(1^[],3^[])))),[1,0],u1_struct_0(k1_pre_topc(1^[],3^[])),3^[],[l1_pre_topc(1^[]),m1_subset_1(3^[],k1_zfmisc_1(u1_struct_0(1^[])))],l2r]),ext([- #,[#,m1_subset_1(k9_subset_1(u1_struct_0(1^[]),2^[],3^[]),k1_zfmisc_1(u1_struct_0(k1_pre_topc(1^[],3^[]))))]]-[- #,[#,m1_subset_1(k9_subset_1(u1_struct_0(1^[]),2^[],3^[]),k1_zfmisc_1(u1_struct_0(k1_pre_topc(1^[],3^[]))))]]),init(-# - -#)],0)state([r1_tarski(k3_xboole_0(3^[],2^[]),3^[])],[m1_subset_1(k3_xboole_0(3^[],2^[]),k1_zfmisc_1(3^[])),m1_subset_1(k3_xboole_0(2^[],3^[]),k1_zfmisc_1(3^[])),m1_subset_1(k9_subset_1(u1_struct_0(1^[]),2^[],3^[]),k1_zfmisc_1(3^[])),m1_subset_1(k9_subset_1(u1_struct_0(1^[]),2^[],3^[]),k1_zfmisc_1(u1_struct_0(k1_pre_topc(1^[],3^[])))),- #],[],[ext(-r1_tarski(k3_xboole_0(_2876182,_2876188),_2876182),[],n),ext(-r1_tarski(_2876146,_2876148),[m1_subset_1(_2876146,k1_zfmisc_1(_2876148))],n),ext(-r1_tarski(_2876092,_2876094),[r1_tarski(_2876104,_2876106),_2876104=_2876092,_2876106=_2876094],n),para([0],k3_xboole_0(_2876240,_2876242),k3_xboole_0(_2876242,_2876240),[],l2r),para([0],k3_xboole_0(_2876210,_2876212),k3_xboole_0(_2876212,_2876210),[],r2l)],[[[m1_subset_1(3^[],k1_zfmisc_1(u1_struct_0(1^[])))],[m1_subset_1(k9_subset_1(u1_struct_0(1^[]),2^[],3^[]),k1_zfmisc_1(3^[])),m1_subset_1(k9_subset_1(u1_struct_0(1^[]),2^[],3^[]),k1_zfmisc_1(u1_struct_0(k1_pre_topc(1^[],3^[])))),- #],[m1_subset_1(k3_xboole_0(2^[],3^[]),k1_zfmisc_1(3^[]))]],[[l1_pre_topc(1^[]),m1_subset_1(3^[],k1_zfmisc_1(u1_struct_0(1^[])))],[m1_subset_1(k9_subset_1(u1_struct_0(1^[]),2^[],3^[]),k1_zfmisc_1(u1_struct_0(k1_pre_topc(1^[],3^[])))),- #],[m1_subset_1(k9_subset_1(u1_struct_0(1^[]),2^[],3^[]),k1_zfmisc_1(3^[]))]]],[ext([m1_subset_1(k3_xboole_0(3^[],2^[]),k1_zfmisc_1(3^[])),[-m1_subset_1(_2876036,k1_zfmisc_1(_2876042)),r1_tarski(_2876036,_2876042)]]-[m1_subset_1(k3_xboole_0(3^[],2^[]),k1_zfmisc_1(3^[])),[-m1_subset_1(k3_xboole_0(3^[],2^[]),k1_zfmisc_1(3^[])),r1_tarski(k3_xboole_0(3^[],2^[]),3^[])]]),para([m1_subset_1(k3_xboole_0(2^[],3^[]),k1_zfmisc_1(3^[])),[0],k3_xboole_0(_2875800,_2875802),k3_xboole_0(_2875802,_2875800),[],l2r]-[m1_subset_1(k3_xboole_0(2^[],3^[]),k1_zfmisc_1(3^[])),[0],k3_xboole_0(2^[],3^[]),k3_xboole_0(3^[],2^[]),[],l2r]),para([m1_subset_1(k9_subset_1(u1_struct_0(1^[]),2^[],3^[]),k1_zfmisc_1(3^[])),[0],k9_subset_1(_2875852,_2875854,_2875856),k3_xboole_0(_2875854,_2875856),[m1_subset_1(_2875856,k1_zfmisc_1(_2875852))],l2r]-[m1_subset_1(k9_subset_1(u1_struct_0(1^[]),2^[],3^[]),k1_zfmisc_1(3^[])),[0],k9_subset_1(u1_struct_0(1^[]),2^[],3^[]),k3_xboole_0(2^[],3^[]),[m1_subset_1(3^[],k1_zfmisc_1(u1_struct_0(1^[])))],l2r]),para([m1_subset_1(k9_subset_1(u1_struct_0(1^[]),2^[],3^[]),k1_zfmisc_1(u1_struct_0(k1_pre_topc(1^[],3^[])))),[1,0],u1_struct_0(k1_pre_topc(_2875932,_2875934)),_2875934,[l1_pre_topc(_2875932),m1_subset_1(_2875934,k1_zfmisc_1(u1_struct_0(_2875932)))],l2r]-[m1_subset_1(k9_subset_1(u1_struct_0(1^[]),2^[],3^[]),k1_zfmisc_1(u1_struct_0(k1_pre_topc(1^[],3^[])))),[1,0],u1_struct_0(k1_pre_topc(1^[],3^[])),3^[],[l1_pre_topc(1^[]),m1_subset_1(3^[],k1_zfmisc_1(u1_struct_0(1^[])))],l2r]),ext([- #,[#,m1_subset_1(k9_subset_1(u1_struct_0(1^[]),2^[],3^[]),k1_zfmisc_1(u1_struct_0(k1_pre_topc(1^[],3^[]))))]]-[- #,[#,m1_subset_1(k9_subset_1(u1_struct_0(1^[]),2^[],3^[]),k1_zfmisc_1(u1_struct_0(k1_pre_topc(1^[],3^[]))))]]),init(-# - -#)],0)state([m1_subset_1(k3_xboole_0(3^[],2^[]),k1_zfmisc_1(3^[]))],[m1_subset_1(k3_xboole_0(2^[],3^[]),k1_zfmisc_1(3^[])),m1_subset_1(k9_subset_1(u1_struct_0(1^[]),2^[],3^[]),k1_zfmisc_1(3^[])),m1_subset_1(k9_subset_1(u1_struct_0(1^[]),2^[],3^[]),k1_zfmisc_1(u1_struct_0(k1_pre_topc(1^[],3^[])))),- #],[],[ext(-m1_subset_1(_2701698,k1_zfmisc_1(_2701704)),[r1_tarski(_2701698,_2701704)],n),ext(-m1_subset_1(_2701644,_2701646),[m1_subset_1(_2701656,_2701658),_2701656=_2701644,_2701658=_2701646],n),para([0],k3_xboole_0(_2701768,_2701770),k3_xboole_0(_2701770,_2701768),[],l2r),para([0],k3_xboole_0(_2701738,_2701740),k3_xboole_0(_2701740,_2701738),[],r2l)],[[[m1_subset_1(3^[],k1_zfmisc_1(u1_struct_0(1^[])))],[m1_subset_1(k9_subset_1(u1_struct_0(1^[]),2^[],3^[]),k1_zfmisc_1(3^[])),m1_subset_1(k9_subset_1(u1_struct_0(1^[]),2^[],3^[]),k1_zfmisc_1(u1_struct_0(k1_pre_topc(1^[],3^[])))),- #],[m1_subset_1(k3_xboole_0(2^[],3^[]),k1_zfmisc_1(3^[]))]],[[l1_pre_topc(1^[]),m1_subset_1(3^[],k1_zfmisc_1(u1_struct_0(1^[])))],[m1_subset_1(k9_subset_1(u1_struct_0(1^[]),2^[],3^[]),k1_zfmisc_1(u1_struct_0(k1_pre_topc(1^[],3^[])))),- #],[m1_subset_1(k9_subset_1(u1_struct_0(1^[]),2^[],3^[]),k1_zfmisc_1(3^[]))]]],[para([m1_subset_1(k3_xboole_0(2^[],3^[]),k1_zfmisc_1(3^[])),[0],k3_xboole_0(_2701550,_2701552),k3_xboole_0(_2701552,_2701550),[],l2r]-[m1_subset_1(k3_xboole_0(2^[],3^[]),k1_zfmisc_1(3^[])),[0],k3_xboole_0(2^[],3^[]),k3_xboole_0(3^[],2^[]),[],l2r]),para([m1_subset_1(k9_subset_1(u1_struct_0(1^[]),2^[],3^[]),k1_zfmisc_1(3^[])),[0],k9_subset_1(_2701352,_2701354,_2701356),k3_xboole_0(_2701354,_2701356),[m1_subset_1(_2701356,k1_zfmisc_1(_2701352))],l2r]-[m1_subset_1(k9_subset_1(u1_struct_0(1^[]),2^[],3^[]),k1_zfmisc_1(3^[])),[0],k9_subset_1(u1_struct_0(1^[]),2^[],3^[]),k3_xboole_0(2^[],3^[]),[m1_subset_1(3^[],k1_zfmisc_1(u1_struct_0(1^[])))],l2r]),para([m1_subset_1(k9_subset_1(u1_struct_0(1^[]),2^[],3^[]),k1_zfmisc_1(u1_struct_0(k1_pre_topc(1^[],3^[])))),[1,0],u1_struct_0(k1_pre_topc(_2701432,_2701434)),_2701434,[l1_pre_topc(_2701432),m1_subset_1(_2701434,k1_zfmisc_1(u1_struct_0(_2701432)))],l2r]-[m1_subset_1(k9_subset_1(u1_struct_0(1^[]),2^[],3^[]),k1_zfmisc_1(u1_struct_0(k1_pre_topc(1^[],3^[])))),[1,0],u1_struct_0(k1_pre_topc(1^[],3^[])),3^[],[l1_pre_topc(1^[]),m1_subset_1(3^[],k1_zfmisc_1(u1_struct_0(1^[])))],l2r]),ext([- #,[#,m1_subset_1(k9_subset_1(u1_struct_0(1^[]),2^[],3^[]),k1_zfmisc_1(u1_struct_0(k1_pre_topc(1^[],3^[]))))]]-[- #,[#,m1_subset_1(k9_subset_1(u1_struct_0(1^[]),2^[],3^[]),k1_zfmisc_1(u1_struct_0(k1_pre_topc(1^[],3^[]))))]]),init(-# - -#)],0)state([m1_subset_1(k3_xboole_0(2^[],3^[]),k1_zfmisc_1(3^[])),m1_subset_1(3^[],k1_zfmisc_1(u1_struct_0(1^[])))],[m1_subset_1(k9_subset_1(u1_struct_0(1^[]),2^[],3^[]),k1_zfmisc_1(3^[])),m1_subset_1(k9_subset_1(u1_struct_0(1^[]),2^[],3^[]),k1_zfmisc_1(u1_struct_0(k1_pre_topc(1^[],3^[])))),- #],[],[ext(-m1_subset_1(_572318,k1_zfmisc_1(_572324)),[r1_tarski(_572318,_572324)],n),ext(-m1_subset_1(_572264,_572266),[m1_subset_1(_572276,_572278),_572276=_572264,_572278=_572266],n),para([0],k3_xboole_0(_572388,_572390),k3_xboole_0(_572390,_572388),[],l2r),para([0],k3_xboole_0(_572358,_572360),k3_xboole_0(_572360,_572358),[],r2l)],[[[l1_pre_topc(1^[]),m1_subset_1(3^[],k1_zfmisc_1(u1_struct_0(1^[])))],[m1_subset_1(k9_subset_1(u1_struct_0(1^[]),2^[],3^[]),k1_zfmisc_1(u1_struct_0(k1_pre_topc(1^[],3^[])))),- #],[m1_subset_1(k9_subset_1(u1_struct_0(1^[]),2^[],3^[]),k1_zfmisc_1(3^[]))]]],[para([m1_subset_1(k9_subset_1(u1_struct_0(1^[]),2^[],3^[]),k1_zfmisc_1(3^[])),[0],k9_subset_1(_572146,_572148,_572150),k3_xboole_0(_572148,_572150),[m1_subset_1(_572150,k1_zfmisc_1(_572146))],l2r]-[m1_subset_1(k9_subset_1(u1_struct_0(1^[]),2^[],3^[]),k1_zfmisc_1(3^[])),[0],k9_subset_1(u1_struct_0(1^[]),2^[],3^[]),k3_xboole_0(2^[],3^[]),[m1_subset_1(3^[],k1_zfmisc_1(u1_struct_0(1^[])))],l2r]),para([m1_subset_1(k9_subset_1(u1_struct_0(1^[]),2^[],3^[]),k1_zfmisc_1(u1_struct_0(k1_pre_topc(1^[],3^[])))),[1,0],u1_struct_0(k1_pre_topc(_572028,_572030)),_572030,[l1_pre_topc(_572028),m1_subset_1(_572030,k1_zfmisc_1(u1_struct_0(_572028)))],l2r]-[m1_subset_1(k9_subset_1(u1_struct_0(1^[]),2^[],3^[]),k1_zfmisc_1(u1_struct_0(k1_pre_topc(1^[],3^[])))),[1,0],u1_struct_0(k1_pre_topc(1^[],3^[])),3^[],[l1_pre_topc(1^[]),m1_subset_1(3^[],k1_zfmisc_1(u1_struct_0(1^[])))],l2r]),ext([- #,[#,m1_subset_1(k9_subset_1(u1_struct_0(1^[]),2^[],3^[]),k1_zfmisc_1(u1_struct_0(k1_pre_topc(1^[],3^[]))))]]-[- #,[#,m1_subset_1(k9_subset_1(u1_struct_0(1^[]),2^[],3^[]),k1_zfmisc_1(u1_struct_0(k1_pre_topc(1^[],3^[]))))]]),init(-# - -#)],0)state([m1_subset_1(k3_xboole_0(2^[],3^[]),k1_zfmisc_1(3^[])),m1_subset_1(3^[],k1_zfmisc_1(u1_struct_0(1^[])))],[m1_subset_1(k9_subset_1(u1_struct_0(1^[]),2^[],3^[]),k1_zfmisc_1(3^[])),m1_subset_1(k9_subset_1(u1_struct_0(1^[]),2^[],3^[]),k1_zfmisc_1(u1_struct_0(k1_pre_topc(1^[],3^[])))),- #],[],[ext(-m1_subset_1(_572318,k1_zfmisc_1(_572324)),[r1_tarski(_572318,_572324)],n),ext(-m1_subset_1(_572264,_572266),[m1_subset_1(_572276,_572278),_572276=_572264,_572278=_572266],n),para([0],k3_xboole_0(_572388,_572390),k3_xboole_0(_572390,_572388),[],l2r),para([0],k3_xboole_0(_572358,_572360),k3_xboole_0(_572360,_572358),[],r2l)],[[[l1_pre_topc(1^[]),m1_subset_1(3^[],k1_zfmisc_1(u1_struct_0(1^[])))],[m1_subset_1(k9_subset_1(u1_struct_0(1^[]),2^[],3^[]),k1_zfmisc_1(u1_struct_0(k1_pre_topc(1^[],3^[])))),- #],[m1_subset_1(k9_subset_1(u1_struct_0(1^[]),2^[],3^[]),k1_zfmisc_1(3^[]))]]],[para([m1_subset_1(k9_subset_1(u1_struct_0(1^[]),2^[],3^[]),k1_zfmisc_1(3^[])),[0],k9_subset_1(_572146,_572148,_572150),k3_xboole_0(_572148,_572150),[m1_subset_1(_572150,k1_zfmisc_1(_572146))],l2r]-[m1_subset_1(k9_subset_1(u1_struct_0(1^[]),2^[],3^[]),k1_zfmisc_1(3^[])),[0],k9_subset_1(u1_struct_0(1^[]),2^[],3^[]),k3_xboole_0(2^[],3^[]),[m1_subset_1(3^[],k1_zfmisc_1(u1_struct_0(1^[])))],l2r]),para([m1_subset_1(k9_subset_1(u1_struct_0(1^[]),2^[],3^[]),k1_zfmisc_1(u1_struct_0(k1_pre_topc(1^[],3^[])))),[1,0],u1_struct_0(k1_pre_topc(_572028,_572030)),_572030,[l1_pre_topc(_572028),m1_subset_1(_572030,k1_zfmisc_1(u1_struct_0(_572028)))],l2r]-[m1_subset_1(k9_subset_1(u1_struct_0(1^[]),2^[],3^[]),k1_zfmisc_1(u1_struct_0(k1_pre_topc(1^[],3^[])))),[1,0],u1_struct_0(k1_pre_topc(1^[],3^[])),3^[],[l1_pre_topc(1^[]),m1_subset_1(3^[],k1_zfmisc_1(u1_struct_0(1^[])))],l2r]),ext([- #,[#,m1_subset_1(k9_subset_1(u1_struct_0(1^[]),2^[],3^[]),k1_zfmisc_1(u1_struct_0(k1_pre_topc(1^[],3^[]))))]]-[- #,[#,m1_subset_1(k9_subset_1(u1_struct_0(1^[]),2^[],3^[]),k1_zfmisc_1(u1_struct_0(k1_pre_topc(1^[],3^[]))))]]),init(-# - -#)],0)state([m1_subset_1(k3_xboole_0(2^[],3^[]),k1_zfmisc_1(3^[])),m1_subset_1(3^[],k1_zfmisc_1(u1_struct_0(1^[])))],[m1_subset_1(k9_subset_1(u1_struct_0(1^[]),2^[],3^[]),k1_zfmisc_1(3^[])),m1_subset_1(k9_subset_1(u1_struct_0(1^[]),2^[],3^[]),k1_zfmisc_1(u1_struct_0(k1_pre_topc(1^[],3^[])))),- #],[],[ext(-m1_subset_1(_572318,k1_zfmisc_1(_572324)),[r1_tarski(_572318,_572324)],n),ext(-m1_subset_1(_572264,_572266),[m1_subset_1(_572276,_572278),_572276=_572264,_572278=_572266],n),para([0],k3_xboole_0(_572388,_572390),k3_xboole_0(_572390,_572388),[],l2r),para([0],k3_xboole_0(_572358,_572360),k3_xboole_0(_572360,_572358),[],r2l)],[[[l1_pre_topc(1^[]),m1_subset_1(3^[],k1_zfmisc_1(u1_struct_0(1^[])))],[m1_subset_1(k9_subset_1(u1_struct_0(1^[]),2^[],3^[]),k1_zfmisc_1(u1_struct_0(k1_pre_topc(1^[],3^[])))),- #],[m1_subset_1(k9_subset_1(u1_struct_0(1^[]),2^[],3^[]),k1_zfmisc_1(3^[]))]]],[para([m1_subset_1(k9_subset_1(u1_struct_0(1^[]),2^[],3^[]),k1_zfmisc_1(3^[])),[0],k9_subset_1(_572146,_572148,_572150),k3_xboole_0(_572148,_572150),[m1_subset_1(_572150,k1_zfmisc_1(_572146))],l2r]-[m1_subset_1(k9_subset_1(u1_struct_0(1^[]),2^[],3^[]),k1_zfmisc_1(3^[])),[0],k9_subset_1(u1_struct_0(1^[]),2^[],3^[]),k3_xboole_0(2^[],3^[]),[m1_subset_1(3^[],k1_zfmisc_1(u1_struct_0(1^[])))],l2r]),para([m1_subset_1(k9_subset_1(u1_struct_0(1^[]),2^[],3^[]),k1_zfmisc_1(u1_struct_0(k1_pre_topc(1^[],3^[])))),[1,0],u1_struct_0(k1_pre_topc(_572028,_572030)),_572030,[l1_pre_topc(_572028),m1_subset_1(_572030,k1_zfmisc_1(u1_struct_0(_572028)))],l2r]-[m1_subset_1(k9_subset_1(u1_struct_0(1^[]),2^[],3^[]),k1_zfmisc_1(u1_struct_0(k1_pre_topc(1^[],3^[])))),[1,0],u1_struct_0(k1_pre_topc(1^[],3^[])),3^[],[l1_pre_topc(1^[]),m1_subset_1(3^[],k1_zfmisc_1(u1_struct_0(1^[])))],l2r]),ext([- #,[#,m1_subset_1(k9_subset_1(u1_struct_0(1^[]),2^[],3^[]),k1_zfmisc_1(u1_struct_0(k1_pre_topc(1^[],3^[]))))]]-[- #,[#,m1_subset_1(k9_subset_1(u1_struct_0(1^[]),2^[],3^[]),k1_zfmisc_1(u1_struct_0(k1_pre_topc(1^[],3^[]))))]]),init(-# - -#)],0)state([m1_subset_1(k9_subset_1(u1_struct_0(1^[]),2^[],3^[]),k1_zfmisc_1(3^[])),l1_pre_topc(1^[]),m1_subset_1(3^[],k1_zfmisc_1(u1_struct_0(1^[])))],[m1_subset_1(k9_subset_1(u1_struct_0(1^[]),2^[],3^[]),k1_zfmisc_1(u1_struct_0(k1_pre_topc(1^[],3^[])))),- #],[],[ext(-m1_subset_1(_193988,k1_zfmisc_1(_193994)),[r1_tarski(_193988,_193994)],n),ext(-m1_subset_1(_193934,_193936),[m1_subset_1(_193946,_193948),_193946=_193934,_193948=_193936],n),para([0],k9_subset_1(_194028,_194030,_194032),k3_xboole_0(_194030,_194032),[m1_subset_1(_194032,k1_zfmisc_1(_194028))],l2r)],[],[para([m1_subset_1(k9_subset_1(u1_struct_0(1^[]),2^[],3^[]),k1_zfmisc_1(u1_struct_0(k1_pre_topc(1^[],3^[])))),[1,0],u1_struct_0(k1_pre_topc(_193836,_193838)),_193838,[l1_pre_topc(_193836),m1_subset_1(_193838,k1_zfmisc_1(u1_struct_0(_193836)))],l2r]-[m1_subset_1(k9_subset_1(u1_struct_0(1^[]),2^[],3^[]),k1_zfmisc_1(u1_struct_0(k1_pre_topc(1^[],3^[])))),[1,0],u1_struct_0(k1_pre_topc(1^[],3^[])),3^[],[l1_pre_topc(1^[]),m1_subset_1(3^[],k1_zfmisc_1(u1_struct_0(1^[])))],l2r]),ext([- #,[#,m1_subset_1(k9_subset_1(u1_struct_0(1^[]),2^[],3^[]),k1_zfmisc_1(u1_struct_0(k1_pre_topc(1^[],3^[]))))]]-[- #,[#,m1_subset_1(k9_subset_1(u1_struct_0(1^[]),2^[],3^[]),k1_zfmisc_1(u1_struct_0(k1_pre_topc(1^[],3^[]))))]]),init(-# - -#)],0)state([m1_subset_1(k9_subset_1(u1_struct_0(1^[]),2^[],3^[]),k1_zfmisc_1(3^[])),l1_pre_topc(1^[]),m1_subset_1(3^[],k1_zfmisc_1(u1_struct_0(1^[])))],[m1_subset_1(k9_subset_1(u1_struct_0(1^[]),2^[],3^[]),k1_zfmisc_1(u1_struct_0(k1_pre_topc(1^[],3^[])))),- #],[],[ext(-m1_subset_1(_193988,k1_zfmisc_1(_193994)),[r1_tarski(_193988,_193994)],n),ext(-m1_subset_1(_193934,_193936),[m1_subset_1(_193946,_193948),_193946=_193934,_193948=_193936],n),para([0],k9_subset_1(_194028,_194030,_194032),k3_xboole_0(_194030,_194032),[m1_subset_1(_194032,k1_zfmisc_1(_194028))],l2r)],[],[para([m1_subset_1(k9_subset_1(u1_struct_0(1^[]),2^[],3^[]),k1_zfmisc_1(u1_struct_0(k1_pre_topc(1^[],3^[])))),[1,0],u1_struct_0(k1_pre_topc(_193836,_193838)),_193838,[l1_pre_topc(_193836),m1_subset_1(_193838,k1_zfmisc_1(u1_struct_0(_193836)))],l2r]-[m1_subset_1(k9_subset_1(u1_struct_0(1^[]),2^[],3^[]),k1_zfmisc_1(u1_struct_0(k1_pre_topc(1^[],3^[])))),[1,0],u1_struct_0(k1_pre_topc(1^[],3^[])),3^[],[l1_pre_topc(1^[]),m1_subset_1(3^[],k1_zfmisc_1(u1_struct_0(1^[])))],l2r]),ext([- #,[#,m1_subset_1(k9_subset_1(u1_struct_0(1^[]),2^[],3^[]),k1_zfmisc_1(u1_struct_0(k1_pre_topc(1^[],3^[]))))]]-[- #,[#,m1_subset_1(k9_subset_1(u1_struct_0(1^[]),2^[],3^[]),k1_zfmisc_1(u1_struct_0(k1_pre_topc(1^[],3^[]))))]]),init(-# - -#)],0)state([m1_subset_1(k9_subset_1(u1_struct_0(1^[]),2^[],3^[]),k1_zfmisc_1(3^[])),l1_pre_topc(1^[]),m1_subset_1(3^[],k1_zfmisc_1(u1_struct_0(1^[])))],[m1_subset_1(k9_subset_1(u1_struct_0(1^[]),2^[],3^[]),k1_zfmisc_1(u1_struct_0(k1_pre_topc(1^[],3^[])))),- #],[],[ext(-m1_subset_1(_193988,k1_zfmisc_1(_193994)),[r1_tarski(_193988,_193994)],n),ext(-m1_subset_1(_193934,_193936),[m1_subset_1(_193946,_193948),_193946=_193934,_193948=_193936],n),para([0],k9_subset_1(_194028,_194030,_194032),k3_xboole_0(_194030,_194032),[m1_subset_1(_194032,k1_zfmisc_1(_194028))],l2r)],[],[para([m1_subset_1(k9_subset_1(u1_struct_0(1^[]),2^[],3^[]),k1_zfmisc_1(u1_struct_0(k1_pre_topc(1^[],3^[])))),[1,0],u1_struct_0(k1_pre_topc(_193836,_193838)),_193838,[l1_pre_topc(_193836),m1_subset_1(_193838,k1_zfmisc_1(u1_struct_0(_193836)))],l2r]-[m1_subset_1(k9_subset_1(u1_struct_0(1^[]),2^[],3^[]),k1_zfmisc_1(u1_struct_0(k1_pre_topc(1^[],3^[])))),[1,0],u1_struct_0(k1_pre_topc(1^[],3^[])),3^[],[l1_pre_topc(1^[]),m1_subset_1(3^[],k1_zfmisc_1(u1_struct_0(1^[])))],l2r]),ext([- #,[#,m1_subset_1(k9_subset_1(u1_struct_0(1^[]),2^[],3^[]),k1_zfmisc_1(u1_struct_0(k1_pre_topc(1^[],3^[]))))]]-[- #,[#,m1_subset_1(k9_subset_1(u1_struct_0(1^[]),2^[],3^[]),k1_zfmisc_1(u1_struct_0(k1_pre_topc(1^[],3^[]))))]]),init(-# - -#)],0)state([m1_subset_1(k9_subset_1(u1_struct_0(1^[]),2^[],3^[]),k1_zfmisc_1(u1_struct_0(k1_pre_topc(1^[],3^[]))))],[- #],[],[ext(-m1_subset_1(_43994,k1_zfmisc_1(_44000)),[r1_tarski(_43994,_44000)],n),ext(-m1_subset_1(_43940,_43942),[m1_subset_1(_43952,_43954),_43952=_43940,_43954=_43942],n),para([0],k9_subset_1(_44098,_44100,_44102),k3_xboole_0(_44100,_44102),[m1_subset_1(_44102,k1_zfmisc_1(_44098))],l2r),para([1,0],u1_struct_0(k1_pre_topc(_44044,_44020)),_44020,[l1_pre_topc(_44044),m1_subset_1(_44020,k1_zfmisc_1(u1_struct_0(_44044)))],l2r)],[],[ext([- #,[#,m1_subset_1(k9_subset_1(u1_struct_0(1^[]),2^[],3^[]),k1_zfmisc_1(u1_struct_0(k1_pre_topc(1^[],3^[]))))]]-[- #,[#,m1_subset_1(k9_subset_1(u1_struct_0(1^[]),2^[],3^[]),k1_zfmisc_1(u1_struct_0(k1_pre_topc(1^[],3^[]))))]]),init(-# - -#)],0)state([m1_subset_1(k9_subset_1(u1_struct_0(1^[]),2^[],3^[]),k1_zfmisc_1(u1_struct_0(k1_pre_topc(1^[],3^[]))))],[- #],[],[ext(-m1_subset_1(_43994,k1_zfmisc_1(_44000)),[r1_tarski(_43994,_44000)],n),ext(-m1_subset_1(_43940,_43942),[m1_subset_1(_43952,_43954),_43952=_43940,_43954=_43942],n),para([0],k9_subset_1(_44098,_44100,_44102),k3_xboole_0(_44100,_44102),[m1_subset_1(_44102,k1_zfmisc_1(_44098))],l2r),para([1,0],u1_struct_0(k1_pre_topc(_44044,_44020)),_44020,[l1_pre_topc(_44044),m1_subset_1(_44020,k1_zfmisc_1(u1_struct_0(_44044)))],l2r)],[],[ext([- #,[#,m1_subset_1(k9_subset_1(u1_struct_0(1^[]),2^[],3^[]),k1_zfmisc_1(u1_struct_0(k1_pre_topc(1^[],3^[]))))]]-[- #,[#,m1_subset_1(k9_subset_1(u1_struct_0(1^[]),2^[],3^[]),k1_zfmisc_1(u1_struct_0(k1_pre_topc(1^[],3^[]))))]]),init(-# - -#)],0)state([m1_subset_1(k9_subset_1(u1_struct_0(1^[]),2^[],3^[]),k1_zfmisc_1(u1_struct_0(k1_pre_topc(1^[],3^[]))))],[- #],[],[ext(-m1_subset_1(_43994,k1_zfmisc_1(_44000)),[r1_tarski(_43994,_44000)],n),ext(-m1_subset_1(_43940,_43942),[m1_subset_1(_43952,_43954),_43952=_43940,_43954=_43942],n),para([0],k9_subset_1(_44098,_44100,_44102),k3_xboole_0(_44100,_44102),[m1_subset_1(_44102,k1_zfmisc_1(_44098))],l2r),para([1,0],u1_struct_0(k1_pre_topc(_44044,_44020)),_44020,[l1_pre_topc(_44044),m1_subset_1(_44020,k1_zfmisc_1(u1_struct_0(_44044)))],l2r)],[],[ext([- #,[#,m1_subset_1(k9_subset_1(u1_struct_0(1^[]),2^[],3^[]),k1_zfmisc_1(u1_struct_0(k1_pre_topc(1^[],3^[]))))]]-[- #,[#,m1_subset_1(k9_subset_1(u1_struct_0(1^[]),2^[],3^[]),k1_zfmisc_1(u1_struct_0(k1_pre_topc(1^[],3^[]))))]]),init(-# - -#)],0)state([m1_subset_1(k9_subset_1(u1_struct_0(1^[]),2^[],3^[]),k1_zfmisc_1(u1_struct_0(k1_pre_topc(1^[],3^[]))))],[- #],[],[ext(-m1_subset_1(_43994,k1_zfmisc_1(_44000)),[r1_tarski(_43994,_44000)],n),ext(-m1_subset_1(_43940,_43942),[m1_subset_1(_43952,_43954),_43952=_43940,_43954=_43942],n),para([0],k9_subset_1(_44098,_44100,_44102),k3_xboole_0(_44100,_44102),[m1_subset_1(_44102,k1_zfmisc_1(_44098))],l2r),para([1,0],u1_struct_0(k1_pre_topc(_44044,_44020)),_44020,[l1_pre_topc(_44044),m1_subset_1(_44020,k1_zfmisc_1(u1_struct_0(_44044)))],l2r)],[],[ext([- #,[#,m1_subset_1(k9_subset_1(u1_struct_0(1^[]),2^[],3^[]),k1_zfmisc_1(u1_struct_0(k1_pre_topc(1^[],3^[]))))]]-[- #,[#,m1_subset_1(k9_subset_1(u1_struct_0(1^[]),2^[],3^[]),k1_zfmisc_1(u1_struct_0(k1_pre_topc(1^[],3^[]))))]]),init(-# - -#)],0)state([- #],[],[],[ext(#,[-l1_pre_topc(1^[])],g),ext(#,[-m1_subset_1(2^[],k1_zfmisc_1(u1_struct_0(1^[])))],g),ext(#,[-m1_subset_1(3^[],k1_zfmisc_1(u1_struct_0(1^[])))],g),ext(#,[m1_subset_1(k9_subset_1(u1_struct_0(1^[]),2^[],3^[]),k1_zfmisc_1(u1_struct_0(k1_pre_topc(1^[],3^[]))))],g)],[],[init(-# - -#)],0)state([- #],[],[],[ext(#,[-l1_pre_topc(1^[])],g),ext(#,[-m1_subset_1(2^[],k1_zfmisc_1(u1_struct_0(1^[])))],g),ext(#,[-m1_subset_1(3^[],k1_zfmisc_1(u1_struct_0(1^[])))],g),ext(#,[m1_subset_1(k9_subset_1(u1_struct_0(1^[]),2^[],3^[]),k1_zfmisc_1(u1_struct_0(k1_pre_topc(1^[],3^[]))))],g)],[],[init(-# - -#)],0)state([- #],[],[],[ext(#,[-l1_pre_topc(1^[])],g),ext(#,[-m1_subset_1(2^[],k1_zfmisc_1(u1_struct_0(1^[])))],g),ext(#,[-m1_subset_1(3^[],k1_zfmisc_1(u1_struct_0(1^[])))],g),ext(#,[m1_subset_1(k9_subset_1(u1_struct_0(1^[]),2^[],3^[]),k1_zfmisc_1(u1_struct_0(k1_pre_topc(1^[],3^[]))))],g)],[],[init(-# - -#)],0)state([- #],[],[],[ext(#,[-l1_pre_topc(1^[])],g),ext(#,[-m1_subset_1(2^[],k1_zfmisc_1(u1_struct_0(1^[])))],g),ext(#,[-m1_subset_1(3^[],k1_zfmisc_1(u1_struct_0(1^[])))],g),ext(#,[m1_subset_1(k9_subset_1(u1_struct_0(1^[]),2^[],3^[]),k1_zfmisc_1(u1_struct_0(k1_pre_topc(1^[],3^[]))))],g)],[],[init(-# - -#)],0)Policy data saved
Training data saved
Execution time: 10.941 sec
Full query: 
 swipl -g '["core/montecarlo.pl"], mc_run("theorems/m2np/t29_tops_2.p",[guided(0),cp(1),sim_depth(0),playout_count(200000),min_visit_count(1),n_dim(10000),playout_time(300), output_format(svmlight), leancop_settings([conj,nodef,comp(1000),eager_reduction(1),paramodulation(1)]),return_to_root(0),save_all_proofs(0),temperature(2),save_all_policy(0),save_all_value(1),lemma_features(0),inference_limit(200000),collapse_vars(0),bigstep_frequency(2000)],"results/plcop_paramodulation/train_value","results/plcop_paramodulation/train_policy","results/plcop_paramodulation/clauses","results/plcop_paramodulation/proofs",ExecutionTime), halt.'
