Prolog query: 
 mc_run("theorems/m2np/t38_zfmisc_1.p",[guided(0),cp(1),sim_depth(0),playout_count(200000),min_visit_count(1),n_dim(10000),playout_time(300), output_format(svmlight), leancop_settings([conj,nodef,comp(1000),eager_reduction(1),paramodulation(1)]),return_to_root(0),save_all_proofs(0),temperature(2),save_all_policy(0),save_all_value(1),lemma_features(0),inference_limit(200000),collapse_vars(0),bigstep_frequency(2000)],"results/plcop_paramodulation/train_value","results/plcop_paramodulation/train_policy","results/plcop_paramodulation/clauses","results/plcop_paramodulation/proofs",ExecutionTime)
Trying to open file theorems/m2np/t38_zfmisc_1.p...
Successfully opened file theorems/m2np/t38_zfmisc_1.p
200000 playouts remaining
Moving root from 0 to 1
SUCCESS
   Init: 	-#
   Extension: 	[- #,[#,- (k1_tarski(1^[])=k2_xboole_0(2^[],3^[]))]]
   Extension: 	[- (k1_tarski(1^[])=k2_xboole_0(2^[],3^[])),[k1_tarski(A)=k2_xboole_0(_,B),- (B=k1_tarski(A)),- (B=k1_xboole_0)]]
   Extension: 	[- (3^[]=k1_tarski(1^[])),[A=B,- (A=C),B=C]]
   Extension: 	[- (3^[]=_),[A=B,- (B=A)]]
   Extension: 	[- (_=3^[]),[2^[]=3^[],#]]
   Reduction: 	[#,- #]
   Extension: 	[k1_tarski(1^[])=2^[],[- (A=B),B=A]]
   Extension: 	[2^[]=k1_tarski(1^[]),[- (A=k1_tarski(B)),k1_tarski(B)=k2_xboole_0(A,_),- (A=k1_xboole_0)]]
   Reduction: 	[k1_tarski(1^[])=k2_xboole_0(2^[],3^[]),- (k1_tarski(1^[])=k2_xboole_0(2^[],3^[]))]
   Extension: 	[- (2^[]=k1_xboole_0),[2^[]=k1_xboole_0,#]]
   Reduction: 	[#,- #]
   Extension: 	[- (3^[]=k1_xboole_0),[3^[]=k1_xboole_0,#]]
   Reduction: 	[#,- #]
Created leancop proof

FIRST PROOF FOUND AFTER 3392 STEPS

Moving root from 1 to 2239
195000 playouts remaining
Moving root from 2239 to 2247
Moving root from 2247 to 2964
Moving root from 2964 to 2965
190000 playouts remaining
Moving root from 2965 to 2966
Moving root from 2966 to 2967
185000 playouts remaining
Moving root from 2967 to 2968
Moving root from 2968 to 2969
Unable to move root from 2969
180000 playouts remaining
Unable to move root from 2969
Unable to move root from 2969
175000 playouts remaining
Unable to move root from 2969
Unable to move root from 2969
Unable to move root from 2969
170000 playouts remaining
Unable to move root from 2969
Unable to move root from 2969
165000 playouts remaining
Unable to move root from 2969
Unable to move root from 2969
Unable to move root from 2969
160000 playouts remaining
Unable to move root from 2969
Unable to move root from 2969
155000 playouts remaining
Unable to move root from 2969
Unable to move root from 2969
Unable to move root from 2969
150000 playouts remaining
Unable to move root from 2969
Unable to move root from 2969
145000 playouts remaining
Unable to move root from 2969
Unable to move root from 2969
Unable to move root from 2969
140000 playouts remaining
Unable to move root from 2969
Unable to move root from 2969
135000 playouts remaining
Unable to move root from 2969
Unable to move root from 2969
Unable to move root from 2969
130000 playouts remaining
Unable to move root from 2969
Unable to move root from 2969
125000 playouts remaining
Unable to move root from 2969
Unable to move root from 2969
Unable to move root from 2969
120000 playouts remaining
Unable to move root from 2969
Unable to move root from 2969
115000 playouts remaining
Unable to move root from 2969
Unable to move root from 2969
Unable to move root from 2969
110000 playouts remaining
Unable to move root from 2969
Unable to move root from 2969
105000 playouts remaining
Unable to move root from 2969
Unable to move root from 2969
Unable to move root from 2969
100000 playouts remaining
Unable to move root from 2969
Unable to move root from 2969
95000 playouts remaining
Unable to move root from 2969
Unable to move root from 2969
Unable to move root from 2969
90000 playouts remaining
Unable to move root from 2969
Unable to move root from 2969
85000 playouts remaining
Unable to move root from 2969
Unable to move root from 2969
Unable to move root from 2969
80000 playouts remaining
Unable to move root from 2969
Unable to move root from 2969
75000 playouts remaining
Unable to move root from 2969
Unable to move root from 2969
Unable to move root from 2969
70000 playouts remaining
Unable to move root from 2969
Unable to move root from 2969
65000 playouts remaining
Unable to move root from 2969
Unable to move root from 2969
Unable to move root from 2969
60000 playouts remaining
Unable to move root from 2969
Unable to move root from 2969
55000 playouts remaining
Unable to move root from 2969
Unable to move root from 2969
Unable to move root from 2969
50000 playouts remaining
Unable to move root from 2969
Unable to move root from 2969
45000 playouts remaining
Unable to move root from 2969
Unable to move root from 2969
Unable to move root from 2969
40000 playouts remaining
Unable to move root from 2969
Unable to move root from 2969
35000 playouts remaining
Unable to move root from 2969
Unable to move root from 2969
Unable to move root from 2969
30000 playouts remaining
Unable to move root from 2969
Unable to move root from 2969
25000 playouts remaining
Unable to move root from 2969
Unable to move root from 2969
Unable to move root from 2969
20000 playouts remaining
Unable to move root from 2969
Unable to move root from 2969
15000 playouts remaining
Unable to move root from 2969
Unable to move root from 2969
Unable to move root from 2969
10000 playouts remaining
Unable to move root from 2969
Unable to move root from 2969
5000 playouts remaining
Unable to move root from 2969
Unable to move root from 2969
Unable to move root from 2969
Created 2970 nodes
Performed 83308 inferences
Bigstep Nodes: 10, [0,1,2239,2247,2964,2965,2966,2967,2968,2969]
Training data collected
state([success],[],[],[],[],[red([#,- #]-[#,- #]),ext([- (3^[]=k1_xboole_0),[3^[]=k1_xboole_0,#]]-[- (3^[]=k1_xboole_0),[3^[]=k1_xboole_0,#]]),red([#,- #]-[#,- #]),ext([- (2^[]=k1_xboole_0),[2^[]=k1_xboole_0,#]]-[- (2^[]=k1_xboole_0),[2^[]=k1_xboole_0,#]]),red([k1_tarski(1^[])=k2_xboole_0(2^[],3^[]),- (k1_tarski(1^[])=k2_xboole_0(2^[],3^[]))]-[k1_tarski(1^[])=k2_xboole_0(2^[],3^[]),- (k1_tarski(1^[])=k2_xboole_0(2^[],3^[]))]),ext([2^[]=k1_tarski(1^[]),[- (_3707592=k1_tarski(_3707598)),k1_tarski(_3707598)=k2_xboole_0(_3707592,_3707620),- (_3707592=k1_xboole_0)]]-[2^[]=k1_tarski(1^[]),[- (2^[]=k1_tarski(1^[])),k1_tarski(1^[])=k2_xboole_0(2^[],3^[]),- (2^[]=k1_xboole_0)]]),ext([k1_tarski(1^[])=2^[],[- (_3707678=_3707680),_3707680=_3707678]]-[k1_tarski(1^[])=2^[],[- (k1_tarski(1^[])=2^[]),2^[]=k1_tarski(1^[])]]),red([#,- #]-[#,- #]),ext([- (_3707728=3^[]),[2^[]=3^[],#]]-[- (2^[]=3^[]),[2^[]=3^[],#]]),ext([- (3^[]=_3707762),[_3707778=_3707780,- (_3707780=_3707778)]]-[- (3^[]=2^[]),[3^[]=2^[],- (2^[]=3^[])]]),ext([- (3^[]=k1_tarski(1^[])),[_3707834=_3707836,- (_3707834=_3707852),_3707836=_3707852]]-[- (3^[]=k1_tarski(1^[])),[3^[]=k1_tarski(1^[]),- (3^[]=2^[]),k1_tarski(1^[])=2^[]]]),ext([- (k1_tarski(1^[])=k2_xboole_0(2^[],3^[])),[k1_tarski(_3707908)=k2_xboole_0(_3707912,_3707914),- (_3707914=k1_tarski(_3707908)),- (_3707914=k1_xboole_0)]]-[- (k1_tarski(1^[])=k2_xboole_0(2^[],3^[])),[k1_tarski(1^[])=k2_xboole_0(2^[],3^[]),- (3^[]=k1_tarski(1^[])),- (3^[]=k1_xboole_0)]]),ext([- #,[#,- (k1_tarski(1^[])=k2_xboole_0(2^[],3^[]))]]-[- #,[#,- (k1_tarski(1^[])=k2_xboole_0(2^[],3^[]))]]),init(-# - -#)],1)state([- (3^[]=k1_xboole_0)],[- (k1_tarski(1^[])=k2_xboole_0(2^[],3^[])),- #],[- (3^[]=k1_tarski(1^[]))],[ext(3^[]=k1_xboole_0,[#],g),ext(_3707290=_3707292,[- (_3707292=_3707290)],n),ext(_3707248=_3707250,[- (_3707248=_3707266),_3707250=_3707266],n),ext(_3707206=_3707208,[- (_3707222=_3707208),_3707222=_3707206],n),ext(_3707168=_3707170,[- (k1_tarski(_3707168)=k1_tarski(_3707170))],n),ext(_3707114=_3707116,[- (k2_xboole_0(_3707114,_3707138)=k2_xboole_0(_3707116,_3707144)),_3707138=_3707144],n),ext(_3707060=_3707062,[- (k2_xboole_0(_3707082,_3707060)=k2_xboole_0(_3707088,_3707062)),_3707082=_3707088],n)],[],[red([#,- #]-[#,- #]),ext([- (2^[]=k1_xboole_0),[2^[]=k1_xboole_0,#]]-[- (2^[]=k1_xboole_0),[2^[]=k1_xboole_0,#]]),red([k1_tarski(1^[])=k2_xboole_0(2^[],3^[]),- (k1_tarski(1^[])=k2_xboole_0(2^[],3^[]))]-[k1_tarski(1^[])=k2_xboole_0(2^[],3^[]),- (k1_tarski(1^[])=k2_xboole_0(2^[],3^[]))]),ext([2^[]=k1_tarski(1^[]),[- (_3706608=k1_tarski(_3706614)),k1_tarski(_3706614)=k2_xboole_0(_3706608,_3706636),- (_3706608=k1_xboole_0)]]-[2^[]=k1_tarski(1^[]),[- (2^[]=k1_tarski(1^[])),k1_tarski(1^[])=k2_xboole_0(2^[],3^[]),- (2^[]=k1_xboole_0)]]),ext([k1_tarski(1^[])=2^[],[- (_3706694=_3706696),_3706696=_3706694]]-[k1_tarski(1^[])=2^[],[- (k1_tarski(1^[])=2^[]),2^[]=k1_tarski(1^[])]]),red([#,- #]-[#,- #]),ext([- (_3706744=3^[]),[2^[]=3^[],#]]-[- (2^[]=3^[]),[2^[]=3^[],#]]),ext([- (3^[]=_3706778),[_3706794=_3706796,- (_3706796=_3706794)]]-[- (3^[]=2^[]),[3^[]=2^[],- (2^[]=3^[])]]),ext([- (3^[]=k1_tarski(1^[])),[_3706850=_3706852,- (_3706850=_3706868),_3706852=_3706868]]-[- (3^[]=k1_tarski(1^[])),[3^[]=k1_tarski(1^[]),- (3^[]=2^[]),k1_tarski(1^[])=2^[]]]),ext([- (k1_tarski(1^[])=k2_xboole_0(2^[],3^[])),[k1_tarski(_3706924)=k2_xboole_0(_3706928,_3706930),- (_3706930=k1_tarski(_3706924)),- (_3706930=k1_xboole_0)]]-[- (k1_tarski(1^[])=k2_xboole_0(2^[],3^[])),[k1_tarski(1^[])=k2_xboole_0(2^[],3^[]),- (3^[]=k1_tarski(1^[])),- (3^[]=k1_xboole_0)]]),ext([- #,[#,- (k1_tarski(1^[])=k2_xboole_0(2^[],3^[]))]]-[- #,[#,- (k1_tarski(1^[])=k2_xboole_0(2^[],3^[]))]]),init(-# - -#)],0)state([- (2^[]=k1_xboole_0)],[2^[]=k1_tarski(1^[]),k1_tarski(1^[])=2^[],- (3^[]=k1_tarski(1^[])),- (k1_tarski(1^[])=k2_xboole_0(2^[],3^[])),- #],[- (3^[]=2^[])],[ext(2^[]=k1_xboole_0,[#],g),ext(_3706328=_3706330,[- (_3706330=_3706328)],n),ext(_3706286=_3706288,[- (_3706286=_3706304),_3706288=_3706304],n),ext(_3706244=_3706246,[- (_3706260=_3706246),_3706260=_3706244],n),ext(_3706206=_3706208,[- (k1_tarski(_3706206)=k1_tarski(_3706208))],n),ext(_3706152=_3706154,[- (k2_xboole_0(_3706152,_3706176)=k2_xboole_0(_3706154,_3706182)),_3706176=_3706182],n),ext(_3706098=_3706100,[- (k2_xboole_0(_3706120,_3706098)=k2_xboole_0(_3706126,_3706100)),_3706120=_3706126],n)],[[[- (3^[]=k1_xboole_0)],[- (k1_tarski(1^[])=k2_xboole_0(2^[],3^[])),- #],[- (3^[]=k1_tarski(1^[]))]]],[red([k1_tarski(1^[])=k2_xboole_0(2^[],3^[]),- (k1_tarski(1^[])=k2_xboole_0(2^[],3^[]))]-[k1_tarski(1^[])=k2_xboole_0(2^[],3^[]),- (k1_tarski(1^[])=k2_xboole_0(2^[],3^[]))]),ext([2^[]=k1_tarski(1^[]),[- (_3705988=k1_tarski(_3705994)),k1_tarski(_3705994)=k2_xboole_0(_3705988,_3706016),- (_3705988=k1_xboole_0)]]-[2^[]=k1_tarski(1^[]),[- (2^[]=k1_tarski(1^[])),k1_tarski(1^[])=k2_xboole_0(2^[],3^[]),- (2^[]=k1_xboole_0)]]),ext([k1_tarski(1^[])=2^[],[- (_3705656=_3705658),_3705658=_3705656]]-[k1_tarski(1^[])=2^[],[- (k1_tarski(1^[])=2^[]),2^[]=k1_tarski(1^[])]]),red([#,- #]-[#,- #]),ext([- (_3705706=3^[]),[2^[]=3^[],#]]-[- (2^[]=3^[]),[2^[]=3^[],#]]),ext([- (3^[]=_3705740),[_3705756=_3705758,- (_3705758=_3705756)]]-[- (3^[]=2^[]),[3^[]=2^[],- (2^[]=3^[])]]),ext([- (3^[]=k1_tarski(1^[])),[_3705812=_3705814,- (_3705812=_3705830),_3705814=_3705830]]-[- (3^[]=k1_tarski(1^[])),[3^[]=k1_tarski(1^[]),- (3^[]=2^[]),k1_tarski(1^[])=2^[]]]),ext([- (k1_tarski(1^[])=k2_xboole_0(2^[],3^[])),[k1_tarski(_3705886)=k2_xboole_0(_3705890,_3705892),- (_3705892=k1_tarski(_3705886)),- (_3705892=k1_xboole_0)]]-[- (k1_tarski(1^[])=k2_xboole_0(2^[],3^[])),[k1_tarski(1^[])=k2_xboole_0(2^[],3^[]),- (3^[]=k1_tarski(1^[])),- (3^[]=k1_xboole_0)]]),ext([- #,[#,- (k1_tarski(1^[])=k2_xboole_0(2^[],3^[]))]]-[- #,[#,- (k1_tarski(1^[])=k2_xboole_0(2^[],3^[]))]]),init(-# - -#)],0)state([2^[]=k1_tarski(1^[])],[k1_tarski(1^[])=2^[],- (3^[]=k1_tarski(1^[])),- (k1_tarski(1^[])=k2_xboole_0(2^[],3^[])),- #],[- (3^[]=2^[])],[ext(- (_3705132=k1_tarski(_3705138)),[k1_tarski(_3705138)=k2_xboole_0(_3705132,_3705160),- (_3705132=k1_xboole_0)],n),ext(- (_3705056=k1_tarski(_3705062)),[k1_tarski(_3705062)=k2_xboole_0(_3705056,_3705084),- (_3705056=k1_xboole_0),- (_3705084=k1_xboole_0)],n),ext(- (_3704992=k1_tarski(_3704998)),[k1_tarski(_3704998)=k2_xboole_0(_3705018,_3704992),- (_3705018=k1_tarski(_3704998))],n),ext(- (_3704928=k1_tarski(_3704934)),[k1_tarski(_3704934)=k2_xboole_0(_3704928,_3704956),- (_3704956=k1_tarski(_3704934))],n),ext(- (_3704848=k1_tarski(_3704854)),[k1_tarski(_3704854)=k2_xboole_0(_3704848,_3704876),- (_3704876=k1_tarski(_3704854)),- (_3704876=k1_xboole_0)],n),ext(- (_3704768=k1_tarski(_3704774)),[k1_tarski(_3704774)=k2_xboole_0(_3704794,_3704768),- (_3704794=k1_tarski(_3704774)),- (_3704768=k1_xboole_0)],n),ext(- (_3704688=k1_tarski(_3704694)),[k1_tarski(_3704694)=k2_xboole_0(_3704714,_3704688),- (_3704714=k1_xboole_0),- (_3704714=k1_tarski(_3704694))],n),ext(- (_3704608=k1_tarski(_3704614)),[k1_tarski(_3704614)=k2_xboole_0(_3704608,_3704636),- (_3704636=k1_tarski(_3704614)),- (_3704608=k1_xboole_0)],n),ext(- (_3704532=k1_tarski(_3704538)),[k1_tarski(_3704538)=k2_xboole_0(_3704558,_3704532),- (_3704558=k1_xboole_0),- (_3704532=k1_xboole_0)],n),ext(- (_3704468=k1_tarski(_3704474)),[k1_tarski(_3704474)=k2_xboole_0(_3704494,_3704468),- (_3704494=k1_tarski(_3704474))],n),ext(- (_3704404=k1_tarski(_3704410)),[k1_tarski(_3704410)=k2_xboole_0(_3704404,_3704432),- (_3704432=k1_tarski(_3704410))],n),ext(- (_3704344=k1_tarski(_3704350)),[k1_tarski(_3704350)=k2_xboole_0(_3704370,_3704344),- (_3704344=k1_xboole_0)],n),ext(- (_3704314=_3704316),[_3704316=_3704314],n),ext(- (_3704272=_3704274),[_3704272=_3704286,_3704286=_3704274],n),para([1],k1_tarski(1^[]),k2_xboole_0(2^[],3^[]),[#],l2r)],[[[- (3^[]=k1_xboole_0)],[- (k1_tarski(1^[])=k2_xboole_0(2^[],3^[])),- #],[- (3^[]=k1_tarski(1^[]))]]],[ext([k1_tarski(1^[])=2^[],[- (_3704220=_3704222),_3704222=_3704220]]-[k1_tarski(1^[])=2^[],[- (k1_tarski(1^[])=2^[]),2^[]=k1_tarski(1^[])]]),red([#,- #]-[#,- #]),ext([- (_3703938=3^[]),[2^[]=3^[],#]]-[- (2^[]=3^[]),[2^[]=3^[],#]]),ext([- (3^[]=_3703972),[_3703988=_3703990,- (_3703990=_3703988)]]-[- (3^[]=2^[]),[3^[]=2^[],- (2^[]=3^[])]]),ext([- (3^[]=k1_tarski(1^[])),[_3704044=_3704046,- (_3704044=_3704062),_3704046=_3704062]]-[- (3^[]=k1_tarski(1^[])),[3^[]=k1_tarski(1^[]),- (3^[]=2^[]),k1_tarski(1^[])=2^[]]]),ext([- (k1_tarski(1^[])=k2_xboole_0(2^[],3^[])),[k1_tarski(_3704118)=k2_xboole_0(_3704122,_3704124),- (_3704124=k1_tarski(_3704118)),- (_3704124=k1_xboole_0)]]-[- (k1_tarski(1^[])=k2_xboole_0(2^[],3^[])),[k1_tarski(1^[])=k2_xboole_0(2^[],3^[]),- (3^[]=k1_tarski(1^[])),- (3^[]=k1_xboole_0)]]),ext([- #,[#,- (k1_tarski(1^[])=k2_xboole_0(2^[],3^[]))]]-[- #,[#,- (k1_tarski(1^[])=k2_xboole_0(2^[],3^[]))]]),init(-# - -#)],0)state([k1_tarski(1^[])=2^[]],[- (3^[]=k1_tarski(1^[])),- (k1_tarski(1^[])=k2_xboole_0(2^[],3^[])),- #],[- (3^[]=2^[])],[ext(- (_3703696=_3703698),[_3703698=_3703696],n),ext(- (_3703654=_3703656),[_3703654=_3703668,_3703668=_3703656],n),para([0],k1_tarski(1^[]),k2_xboole_0(2^[],3^[]),[#],l2r)],[[[- (3^[]=k1_xboole_0)],[- (k1_tarski(1^[])=k2_xboole_0(2^[],3^[])),- #],[- (3^[]=k1_tarski(1^[]))]]],[red([#,- #]-[#,- #]),ext([- (_3703588=3^[]),[2^[]=3^[],#]]-[- (2^[]=3^[]),[2^[]=3^[],#]]),ext([- (3^[]=_3703304),[_3703320=_3703322,- (_3703322=_3703320)]]-[- (3^[]=2^[]),[3^[]=2^[],- (2^[]=3^[])]]),ext([- (3^[]=k1_tarski(1^[])),[_3703400=_3703402,- (_3703400=_3703418),_3703402=_3703418]]-[- (3^[]=k1_tarski(1^[])),[3^[]=k1_tarski(1^[]),- (3^[]=2^[]),k1_tarski(1^[])=2^[]]]),ext([- (k1_tarski(1^[])=k2_xboole_0(2^[],3^[])),[k1_tarski(_3703498)=k2_xboole_0(_3703502,_3703504),- (_3703504=k1_tarski(_3703498)),- (_3703504=k1_xboole_0)]]-[- (k1_tarski(1^[])=k2_xboole_0(2^[],3^[])),[k1_tarski(1^[])=k2_xboole_0(2^[],3^[]),- (3^[]=k1_tarski(1^[])),- (3^[]=k1_xboole_0)]]),ext([- #,[#,- (k1_tarski(1^[])=k2_xboole_0(2^[],3^[]))]]-[- #,[#,- (k1_tarski(1^[])=k2_xboole_0(2^[],3^[]))]]),init(-# - -#)],0)state([- (_3702406=3^[])],[- (3^[]=_3702406),- (3^[]=k1_tarski(1^[])),- (k1_tarski(1^[])=k2_xboole_0(2^[],3^[])),- #],[],[ext(2^[]=3^[],[#],g),ext(_3702990=_3702992,[- (_3702992=_3702990)],n),ext(_3702948=_3702950,[- (_3702948=_3702966),_3702950=_3702966],n),ext(_3702906=_3702908,[- (_3702922=_3702908),_3702922=_3702906],n),ext(_3702868=_3702870,[- (k1_tarski(_3702868)=k1_tarski(_3702870))],n),ext(_3702814=_3702816,[- (k2_xboole_0(_3702814,_3702838)=k2_xboole_0(_3702816,_3702844)),_3702838=_3702844],n),ext(_3702760=_3702762,[- (k2_xboole_0(_3702782,_3702760)=k2_xboole_0(_3702788,_3702762)),_3702782=_3702788],n)],[[[k1_tarski(1^[])=_3702406],[- (3^[]=k1_tarski(1^[])),- (k1_tarski(1^[])=k2_xboole_0(2^[],3^[])),- #],[- (3^[]=_3702406)]],[[- (3^[]=k1_xboole_0)],[- (k1_tarski(1^[])=k2_xboole_0(2^[],3^[])),- #],[- (3^[]=k1_tarski(1^[]))]]],[ext([- (3^[]=_3702662),[_3702678=_3702680,- (_3702680=_3702678)]]-[- (3^[]=_3702406),[3^[]=_3702406,- (_3702406=3^[])]]),ext([- (3^[]=k1_tarski(1^[])),[_3702478=_3702480,- (_3702478=_3702496),_3702480=_3702496]]-[- (3^[]=k1_tarski(1^[])),[3^[]=k1_tarski(1^[]),- (3^[]=_3702406),k1_tarski(1^[])=_3702406]]),ext([- (k1_tarski(1^[])=k2_xboole_0(2^[],3^[])),[k1_tarski(_3702570)=k2_xboole_0(_3702574,_3702576),- (_3702576=k1_tarski(_3702570)),- (_3702576=k1_xboole_0)]]-[- (k1_tarski(1^[])=k2_xboole_0(2^[],3^[])),[k1_tarski(1^[])=k2_xboole_0(2^[],3^[]),- (3^[]=k1_tarski(1^[])),- (3^[]=k1_xboole_0)]]),ext([- #,[#,- (k1_tarski(1^[])=k2_xboole_0(2^[],3^[]))]]-[- #,[#,- (k1_tarski(1^[])=k2_xboole_0(2^[],3^[]))]]),init(-# - -#)],0)state([- (3^[]=_2863048),k1_tarski(1^[])=_2863048],[- (3^[]=k1_tarski(1^[])),- (k1_tarski(1^[])=k2_xboole_0(2^[],3^[])),- #],[],[ext(3^[]=k1_xboole_0,[#],g),ext(_2863526=_2863528,[- (_2863528=_2863526)],n),ext(_2863484=_2863486,[- (_2863484=_2863502),_2863486=_2863502],n),ext(_2863442=_2863444,[- (_2863458=_2863444),_2863458=_2863442],n),ext(_2863404=_2863406,[- (k1_tarski(_2863404)=k1_tarski(_2863406))],n),ext(_2863350=_2863352,[- (k2_xboole_0(_2863350,_2863374)=k2_xboole_0(_2863352,_2863380)),_2863374=_2863380],n),ext(_2863296=_2863298,[- (k2_xboole_0(_2863318,_2863296)=k2_xboole_0(_2863324,_2863298)),_2863318=_2863324],n)],[[[- (3^[]=k1_xboole_0)],[- (k1_tarski(1^[])=k2_xboole_0(2^[],3^[])),- #],[- (3^[]=k1_tarski(1^[]))]]],[ext([- (3^[]=k1_tarski(1^[])),[_2863202=_2863204,- (_2863202=_2863220),_2863204=_2863220]]-[- (3^[]=k1_tarski(1^[])),[3^[]=k1_tarski(1^[]),- (3^[]=_2863048),k1_tarski(1^[])=_2863048]]),ext([- (k1_tarski(1^[])=k2_xboole_0(2^[],3^[])),[k1_tarski(_2863104)=k2_xboole_0(_2863108,_2863110),- (_2863110=k1_tarski(_2863104)),- (_2863110=k1_xboole_0)]]-[- (k1_tarski(1^[])=k2_xboole_0(2^[],3^[])),[k1_tarski(1^[])=k2_xboole_0(2^[],3^[]),- (3^[]=k1_tarski(1^[])),- (3^[]=k1_xboole_0)]]),ext([- #,[#,- (k1_tarski(1^[])=k2_xboole_0(2^[],3^[]))]]-[- #,[#,- (k1_tarski(1^[])=k2_xboole_0(2^[],3^[]))]]),init(-# - -#)],0)state([- (3^[]=k1_tarski(1^[])),- (3^[]=k1_xboole_0)],[- (k1_tarski(1^[])=k2_xboole_0(2^[],3^[])),- #],[],[ext(_2856172=_2856174,[- (_2856174=_2856172)],n),ext(_2856130=_2856132,[- (_2856130=_2856148),_2856132=_2856148],n),ext(_2856088=_2856090,[- (_2856104=_2856090),_2856104=_2856088],n),ext(_2856050=_2856052,[- (k1_tarski(_2856050)=k1_tarski(_2856052))],n),ext(_2855996=_2855998,[- (k2_xboole_0(_2855996,_2856020)=k2_xboole_0(_2855998,_2856026)),_2856020=_2856026],n),ext(_2855942=_2855944,[- (k2_xboole_0(_2855964,_2855942)=k2_xboole_0(_2855970,_2855944)),_2855964=_2855970],n),para([0,1],k1_tarski(1^[]),k2_xboole_0(2^[],3^[]),[#],l2r)],[],[ext([- (k1_tarski(1^[])=k2_xboole_0(2^[],3^[])),[k1_tarski(_2855866)=k2_xboole_0(_2855870,_2855872),- (_2855872=k1_tarski(_2855866)),- (_2855872=k1_xboole_0)]]-[- (k1_tarski(1^[])=k2_xboole_0(2^[],3^[])),[k1_tarski(1^[])=k2_xboole_0(2^[],3^[]),- (3^[]=k1_tarski(1^[])),- (3^[]=k1_xboole_0)]]),ext([- #,[#,- (k1_tarski(1^[])=k2_xboole_0(2^[],3^[]))]]-[- #,[#,- (k1_tarski(1^[])=k2_xboole_0(2^[],3^[]))]]),init(-# - -#)],0)state([- (k1_tarski(1^[])=k2_xboole_0(2^[],3^[]))],[- #],[],[ext(k1_tarski(_2344)=k2_xboole_0(_2348,_2350),[- (_2348=k1_xboole_0),- (_2348=k1_tarski(_2344))],n),ext(k1_tarski(_2268)=k2_xboole_0(_2272,_2274),[- (_2272=k1_tarski(_2268)),- (_2272=k1_xboole_0),- (_2274=k1_xboole_0)],n),ext(k1_tarski(_2204)=k2_xboole_0(_2208,_2210),[- (_2210=k1_tarski(_2204)),- (_2208=k1_tarski(_2204))],n),ext(k1_tarski(_2124)=k2_xboole_0(_2128,_2130),[- (_2128=k1_tarski(_2124)),- (_2130=k1_tarski(_2124)),- (_2130=k1_xboole_0)],n),ext(k1_tarski(_2044)=k2_xboole_0(_2048,_2050),[- (_2050=k1_tarski(_2044)),- (_2048=k1_xboole_0),- (_2048=k1_tarski(_2044))],n),ext(k1_tarski(_1968)=k2_xboole_0(_1972,_1974),[- (_1974=k1_tarski(_1968)),- (_1972=k1_xboole_0),- (_1974=k1_xboole_0)],n),ext(k1_tarski(_1904)=k2_xboole_0(_1908,_1910),[- (_1910=k1_tarski(_1904)),- (_1908=k1_tarski(_1904))],n),ext(k1_tarski(_1844)=k2_xboole_0(_1848,_1850),[- (_1850=k1_tarski(_1844)),- (_1850=k1_xboole_0)],n),ext(_1808=_1810,[- (_1810=_1808)],n),ext(_1766=_1768,[- (_1766=_1784),_1768=_1784],n),ext(_1724=_1726,[- (_1740=_1726),_1740=_1724],n),ext(_1686=_1688,[- (k1_tarski(_1686)=k1_tarski(_1688))],n),ext(_1632=_1634,[- (k2_xboole_0(_1632,_1656)=k2_xboole_0(_1634,_1662)),_1656=_1662],n),ext(_1578=_1580,[- (k2_xboole_0(_1600,_1578)=k2_xboole_0(_1606,_1580)),_1600=_1606],n),para([0,0],k1_tarski(1^[]),k2_xboole_0(2^[],3^[]),[#],l2r),para([0,1],k1_tarski(1^[]),k2_xboole_0(2^[],3^[]),[#],r2l)],[],[ext([- #,[#,- (k1_tarski(1^[])=k2_xboole_0(2^[],3^[]))]]-[- #,[#,- (k1_tarski(1^[])=k2_xboole_0(2^[],3^[]))]]),init(-# - -#)],0)state([- #],[],[],[ext(#,[- (k1_tarski(1^[])=k2_xboole_0(2^[],3^[]))],g),ext(#,[2^[]=3^[]],g),ext(#,[2^[]=k1_xboole_0],g),ext(#,[3^[]=k1_xboole_0],g)],[],[init(-# - -#)],0)Value data saved
state([- (3^[]=k1_xboole_0)],[- (k1_tarski(1^[])=k2_xboole_0(2^[],3^[])),- #],[- (3^[]=k1_tarski(1^[]))],[ext(3^[]=k1_xboole_0,[#],g),ext(_3707290=_3707292,[- (_3707292=_3707290)],n),ext(_3707248=_3707250,[- (_3707248=_3707266),_3707250=_3707266],n),ext(_3707206=_3707208,[- (_3707222=_3707208),_3707222=_3707206],n),ext(_3707168=_3707170,[- (k1_tarski(_3707168)=k1_tarski(_3707170))],n),ext(_3707114=_3707116,[- (k2_xboole_0(_3707114,_3707138)=k2_xboole_0(_3707116,_3707144)),_3707138=_3707144],n),ext(_3707060=_3707062,[- (k2_xboole_0(_3707082,_3707060)=k2_xboole_0(_3707088,_3707062)),_3707082=_3707088],n)],[],[red([#,- #]-[#,- #]),ext([- (2^[]=k1_xboole_0),[2^[]=k1_xboole_0,#]]-[- (2^[]=k1_xboole_0),[2^[]=k1_xboole_0,#]]),red([k1_tarski(1^[])=k2_xboole_0(2^[],3^[]),- (k1_tarski(1^[])=k2_xboole_0(2^[],3^[]))]-[k1_tarski(1^[])=k2_xboole_0(2^[],3^[]),- (k1_tarski(1^[])=k2_xboole_0(2^[],3^[]))]),ext([2^[]=k1_tarski(1^[]),[- (_3706608=k1_tarski(_3706614)),k1_tarski(_3706614)=k2_xboole_0(_3706608,_3706636),- (_3706608=k1_xboole_0)]]-[2^[]=k1_tarski(1^[]),[- (2^[]=k1_tarski(1^[])),k1_tarski(1^[])=k2_xboole_0(2^[],3^[]),- (2^[]=k1_xboole_0)]]),ext([k1_tarski(1^[])=2^[],[- (_3706694=_3706696),_3706696=_3706694]]-[k1_tarski(1^[])=2^[],[- (k1_tarski(1^[])=2^[]),2^[]=k1_tarski(1^[])]]),red([#,- #]-[#,- #]),ext([- (_3706744=3^[]),[2^[]=3^[],#]]-[- (2^[]=3^[]),[2^[]=3^[],#]]),ext([- (3^[]=_3706778),[_3706794=_3706796,- (_3706796=_3706794)]]-[- (3^[]=2^[]),[3^[]=2^[],- (2^[]=3^[])]]),ext([- (3^[]=k1_tarski(1^[])),[_3706850=_3706852,- (_3706850=_3706868),_3706852=_3706868]]-[- (3^[]=k1_tarski(1^[])),[3^[]=k1_tarski(1^[]),- (3^[]=2^[]),k1_tarski(1^[])=2^[]]]),ext([- (k1_tarski(1^[])=k2_xboole_0(2^[],3^[])),[k1_tarski(_3706924)=k2_xboole_0(_3706928,_3706930),- (_3706930=k1_tarski(_3706924)),- (_3706930=k1_xboole_0)]]-[- (k1_tarski(1^[])=k2_xboole_0(2^[],3^[])),[k1_tarski(1^[])=k2_xboole_0(2^[],3^[]),- (3^[]=k1_tarski(1^[])),- (3^[]=k1_xboole_0)]]),ext([- #,[#,- (k1_tarski(1^[])=k2_xboole_0(2^[],3^[]))]]-[- #,[#,- (k1_tarski(1^[])=k2_xboole_0(2^[],3^[]))]]),init(-# - -#)],0)state([- (2^[]=k1_xboole_0)],[2^[]=k1_tarski(1^[]),k1_tarski(1^[])=2^[],- (3^[]=k1_tarski(1^[])),- (k1_tarski(1^[])=k2_xboole_0(2^[],3^[])),- #],[- (3^[]=2^[])],[ext(2^[]=k1_xboole_0,[#],g),ext(_3706328=_3706330,[- (_3706330=_3706328)],n),ext(_3706286=_3706288,[- (_3706286=_3706304),_3706288=_3706304],n),ext(_3706244=_3706246,[- (_3706260=_3706246),_3706260=_3706244],n),ext(_3706206=_3706208,[- (k1_tarski(_3706206)=k1_tarski(_3706208))],n),ext(_3706152=_3706154,[- (k2_xboole_0(_3706152,_3706176)=k2_xboole_0(_3706154,_3706182)),_3706176=_3706182],n),ext(_3706098=_3706100,[- (k2_xboole_0(_3706120,_3706098)=k2_xboole_0(_3706126,_3706100)),_3706120=_3706126],n)],[[[- (3^[]=k1_xboole_0)],[- (k1_tarski(1^[])=k2_xboole_0(2^[],3^[])),- #],[- (3^[]=k1_tarski(1^[]))]]],[red([k1_tarski(1^[])=k2_xboole_0(2^[],3^[]),- (k1_tarski(1^[])=k2_xboole_0(2^[],3^[]))]-[k1_tarski(1^[])=k2_xboole_0(2^[],3^[]),- (k1_tarski(1^[])=k2_xboole_0(2^[],3^[]))]),ext([2^[]=k1_tarski(1^[]),[- (_3705988=k1_tarski(_3705994)),k1_tarski(_3705994)=k2_xboole_0(_3705988,_3706016),- (_3705988=k1_xboole_0)]]-[2^[]=k1_tarski(1^[]),[- (2^[]=k1_tarski(1^[])),k1_tarski(1^[])=k2_xboole_0(2^[],3^[]),- (2^[]=k1_xboole_0)]]),ext([k1_tarski(1^[])=2^[],[- (_3705656=_3705658),_3705658=_3705656]]-[k1_tarski(1^[])=2^[],[- (k1_tarski(1^[])=2^[]),2^[]=k1_tarski(1^[])]]),red([#,- #]-[#,- #]),ext([- (_3705706=3^[]),[2^[]=3^[],#]]-[- (2^[]=3^[]),[2^[]=3^[],#]]),ext([- (3^[]=_3705740),[_3705756=_3705758,- (_3705758=_3705756)]]-[- (3^[]=2^[]),[3^[]=2^[],- (2^[]=3^[])]]),ext([- (3^[]=k1_tarski(1^[])),[_3705812=_3705814,- (_3705812=_3705830),_3705814=_3705830]]-[- (3^[]=k1_tarski(1^[])),[3^[]=k1_tarski(1^[]),- (3^[]=2^[]),k1_tarski(1^[])=2^[]]]),ext([- (k1_tarski(1^[])=k2_xboole_0(2^[],3^[])),[k1_tarski(_3705886)=k2_xboole_0(_3705890,_3705892),- (_3705892=k1_tarski(_3705886)),- (_3705892=k1_xboole_0)]]-[- (k1_tarski(1^[])=k2_xboole_0(2^[],3^[])),[k1_tarski(1^[])=k2_xboole_0(2^[],3^[]),- (3^[]=k1_tarski(1^[])),- (3^[]=k1_xboole_0)]]),ext([- #,[#,- (k1_tarski(1^[])=k2_xboole_0(2^[],3^[]))]]-[- #,[#,- (k1_tarski(1^[])=k2_xboole_0(2^[],3^[]))]]),init(-# - -#)],0)state([2^[]=k1_tarski(1^[])],[k1_tarski(1^[])=2^[],- (3^[]=k1_tarski(1^[])),- (k1_tarski(1^[])=k2_xboole_0(2^[],3^[])),- #],[- (3^[]=2^[])],[ext(- (_3705132=k1_tarski(_3705138)),[k1_tarski(_3705138)=k2_xboole_0(_3705132,_3705160),- (_3705132=k1_xboole_0)],n),ext(- (_3705056=k1_tarski(_3705062)),[k1_tarski(_3705062)=k2_xboole_0(_3705056,_3705084),- (_3705056=k1_xboole_0),- (_3705084=k1_xboole_0)],n),ext(- (_3704992=k1_tarski(_3704998)),[k1_tarski(_3704998)=k2_xboole_0(_3705018,_3704992),- (_3705018=k1_tarski(_3704998))],n),ext(- (_3704928=k1_tarski(_3704934)),[k1_tarski(_3704934)=k2_xboole_0(_3704928,_3704956),- (_3704956=k1_tarski(_3704934))],n),ext(- (_3704848=k1_tarski(_3704854)),[k1_tarski(_3704854)=k2_xboole_0(_3704848,_3704876),- (_3704876=k1_tarski(_3704854)),- (_3704876=k1_xboole_0)],n),ext(- (_3704768=k1_tarski(_3704774)),[k1_tarski(_3704774)=k2_xboole_0(_3704794,_3704768),- (_3704794=k1_tarski(_3704774)),- (_3704768=k1_xboole_0)],n),ext(- (_3704688=k1_tarski(_3704694)),[k1_tarski(_3704694)=k2_xboole_0(_3704714,_3704688),- (_3704714=k1_xboole_0),- (_3704714=k1_tarski(_3704694))],n),ext(- (_3704608=k1_tarski(_3704614)),[k1_tarski(_3704614)=k2_xboole_0(_3704608,_3704636),- (_3704636=k1_tarski(_3704614)),- (_3704608=k1_xboole_0)],n),ext(- (_3704532=k1_tarski(_3704538)),[k1_tarski(_3704538)=k2_xboole_0(_3704558,_3704532),- (_3704558=k1_xboole_0),- (_3704532=k1_xboole_0)],n),ext(- (_3704468=k1_tarski(_3704474)),[k1_tarski(_3704474)=k2_xboole_0(_3704494,_3704468),- (_3704494=k1_tarski(_3704474))],n),ext(- (_3704404=k1_tarski(_3704410)),[k1_tarski(_3704410)=k2_xboole_0(_3704404,_3704432),- (_3704432=k1_tarski(_3704410))],n),ext(- (_3704344=k1_tarski(_3704350)),[k1_tarski(_3704350)=k2_xboole_0(_3704370,_3704344),- (_3704344=k1_xboole_0)],n),ext(- (_3704314=_3704316),[_3704316=_3704314],n),ext(- (_3704272=_3704274),[_3704272=_3704286,_3704286=_3704274],n),para([1],k1_tarski(1^[]),k2_xboole_0(2^[],3^[]),[#],l2r)],[[[- (3^[]=k1_xboole_0)],[- (k1_tarski(1^[])=k2_xboole_0(2^[],3^[])),- #],[- (3^[]=k1_tarski(1^[]))]]],[ext([k1_tarski(1^[])=2^[],[- (_3704220=_3704222),_3704222=_3704220]]-[k1_tarski(1^[])=2^[],[- (k1_tarski(1^[])=2^[]),2^[]=k1_tarski(1^[])]]),red([#,- #]-[#,- #]),ext([- (_3703938=3^[]),[2^[]=3^[],#]]-[- (2^[]=3^[]),[2^[]=3^[],#]]),ext([- (3^[]=_3703972),[_3703988=_3703990,- (_3703990=_3703988)]]-[- (3^[]=2^[]),[3^[]=2^[],- (2^[]=3^[])]]),ext([- (3^[]=k1_tarski(1^[])),[_3704044=_3704046,- (_3704044=_3704062),_3704046=_3704062]]-[- (3^[]=k1_tarski(1^[])),[3^[]=k1_tarski(1^[]),- (3^[]=2^[]),k1_tarski(1^[])=2^[]]]),ext([- (k1_tarski(1^[])=k2_xboole_0(2^[],3^[])),[k1_tarski(_3704118)=k2_xboole_0(_3704122,_3704124),- (_3704124=k1_tarski(_3704118)),- (_3704124=k1_xboole_0)]]-[- (k1_tarski(1^[])=k2_xboole_0(2^[],3^[])),[k1_tarski(1^[])=k2_xboole_0(2^[],3^[]),- (3^[]=k1_tarski(1^[])),- (3^[]=k1_xboole_0)]]),ext([- #,[#,- (k1_tarski(1^[])=k2_xboole_0(2^[],3^[]))]]-[- #,[#,- (k1_tarski(1^[])=k2_xboole_0(2^[],3^[]))]]),init(-# - -#)],0)state([k1_tarski(1^[])=2^[]],[- (3^[]=k1_tarski(1^[])),- (k1_tarski(1^[])=k2_xboole_0(2^[],3^[])),- #],[- (3^[]=2^[])],[ext(- (_3703696=_3703698),[_3703698=_3703696],n),ext(- (_3703654=_3703656),[_3703654=_3703668,_3703668=_3703656],n),para([0],k1_tarski(1^[]),k2_xboole_0(2^[],3^[]),[#],l2r)],[[[- (3^[]=k1_xboole_0)],[- (k1_tarski(1^[])=k2_xboole_0(2^[],3^[])),- #],[- (3^[]=k1_tarski(1^[]))]]],[red([#,- #]-[#,- #]),ext([- (_3703588=3^[]),[2^[]=3^[],#]]-[- (2^[]=3^[]),[2^[]=3^[],#]]),ext([- (3^[]=_3703304),[_3703320=_3703322,- (_3703322=_3703320)]]-[- (3^[]=2^[]),[3^[]=2^[],- (2^[]=3^[])]]),ext([- (3^[]=k1_tarski(1^[])),[_3703400=_3703402,- (_3703400=_3703418),_3703402=_3703418]]-[- (3^[]=k1_tarski(1^[])),[3^[]=k1_tarski(1^[]),- (3^[]=2^[]),k1_tarski(1^[])=2^[]]]),ext([- (k1_tarski(1^[])=k2_xboole_0(2^[],3^[])),[k1_tarski(_3703498)=k2_xboole_0(_3703502,_3703504),- (_3703504=k1_tarski(_3703498)),- (_3703504=k1_xboole_0)]]-[- (k1_tarski(1^[])=k2_xboole_0(2^[],3^[])),[k1_tarski(1^[])=k2_xboole_0(2^[],3^[]),- (3^[]=k1_tarski(1^[])),- (3^[]=k1_xboole_0)]]),ext([- #,[#,- (k1_tarski(1^[])=k2_xboole_0(2^[],3^[]))]]-[- #,[#,- (k1_tarski(1^[])=k2_xboole_0(2^[],3^[]))]]),init(-# - -#)],0)state([- (_3702406=3^[])],[- (3^[]=_3702406),- (3^[]=k1_tarski(1^[])),- (k1_tarski(1^[])=k2_xboole_0(2^[],3^[])),- #],[],[ext(2^[]=3^[],[#],g),ext(_3702990=_3702992,[- (_3702992=_3702990)],n),ext(_3702948=_3702950,[- (_3702948=_3702966),_3702950=_3702966],n),ext(_3702906=_3702908,[- (_3702922=_3702908),_3702922=_3702906],n),ext(_3702868=_3702870,[- (k1_tarski(_3702868)=k1_tarski(_3702870))],n),ext(_3702814=_3702816,[- (k2_xboole_0(_3702814,_3702838)=k2_xboole_0(_3702816,_3702844)),_3702838=_3702844],n),ext(_3702760=_3702762,[- (k2_xboole_0(_3702782,_3702760)=k2_xboole_0(_3702788,_3702762)),_3702782=_3702788],n)],[[[k1_tarski(1^[])=_3702406],[- (3^[]=k1_tarski(1^[])),- (k1_tarski(1^[])=k2_xboole_0(2^[],3^[])),- #],[- (3^[]=_3702406)]],[[- (3^[]=k1_xboole_0)],[- (k1_tarski(1^[])=k2_xboole_0(2^[],3^[])),- #],[- (3^[]=k1_tarski(1^[]))]]],[ext([- (3^[]=_3702662),[_3702678=_3702680,- (_3702680=_3702678)]]-[- (3^[]=_3702406),[3^[]=_3702406,- (_3702406=3^[])]]),ext([- (3^[]=k1_tarski(1^[])),[_3702478=_3702480,- (_3702478=_3702496),_3702480=_3702496]]-[- (3^[]=k1_tarski(1^[])),[3^[]=k1_tarski(1^[]),- (3^[]=_3702406),k1_tarski(1^[])=_3702406]]),ext([- (k1_tarski(1^[])=k2_xboole_0(2^[],3^[])),[k1_tarski(_3702570)=k2_xboole_0(_3702574,_3702576),- (_3702576=k1_tarski(_3702570)),- (_3702576=k1_xboole_0)]]-[- (k1_tarski(1^[])=k2_xboole_0(2^[],3^[])),[k1_tarski(1^[])=k2_xboole_0(2^[],3^[]),- (3^[]=k1_tarski(1^[])),- (3^[]=k1_xboole_0)]]),ext([- #,[#,- (k1_tarski(1^[])=k2_xboole_0(2^[],3^[]))]]-[- #,[#,- (k1_tarski(1^[])=k2_xboole_0(2^[],3^[]))]]),init(-# - -#)],0)state([- (3^[]=_2863048),k1_tarski(1^[])=_2863048],[- (3^[]=k1_tarski(1^[])),- (k1_tarski(1^[])=k2_xboole_0(2^[],3^[])),- #],[],[ext(3^[]=k1_xboole_0,[#],g),ext(_2863526=_2863528,[- (_2863528=_2863526)],n),ext(_2863484=_2863486,[- (_2863484=_2863502),_2863486=_2863502],n),ext(_2863442=_2863444,[- (_2863458=_2863444),_2863458=_2863442],n),ext(_2863404=_2863406,[- (k1_tarski(_2863404)=k1_tarski(_2863406))],n),ext(_2863350=_2863352,[- (k2_xboole_0(_2863350,_2863374)=k2_xboole_0(_2863352,_2863380)),_2863374=_2863380],n),ext(_2863296=_2863298,[- (k2_xboole_0(_2863318,_2863296)=k2_xboole_0(_2863324,_2863298)),_2863318=_2863324],n)],[[[- (3^[]=k1_xboole_0)],[- (k1_tarski(1^[])=k2_xboole_0(2^[],3^[])),- #],[- (3^[]=k1_tarski(1^[]))]]],[ext([- (3^[]=k1_tarski(1^[])),[_2863202=_2863204,- (_2863202=_2863220),_2863204=_2863220]]-[- (3^[]=k1_tarski(1^[])),[3^[]=k1_tarski(1^[]),- (3^[]=_2863048),k1_tarski(1^[])=_2863048]]),ext([- (k1_tarski(1^[])=k2_xboole_0(2^[],3^[])),[k1_tarski(_2863104)=k2_xboole_0(_2863108,_2863110),- (_2863110=k1_tarski(_2863104)),- (_2863110=k1_xboole_0)]]-[- (k1_tarski(1^[])=k2_xboole_0(2^[],3^[])),[k1_tarski(1^[])=k2_xboole_0(2^[],3^[]),- (3^[]=k1_tarski(1^[])),- (3^[]=k1_xboole_0)]]),ext([- #,[#,- (k1_tarski(1^[])=k2_xboole_0(2^[],3^[]))]]-[- #,[#,- (k1_tarski(1^[])=k2_xboole_0(2^[],3^[]))]]),init(-# - -#)],0)state([- (3^[]=_2863048),k1_tarski(1^[])=_2863048],[- (3^[]=k1_tarski(1^[])),- (k1_tarski(1^[])=k2_xboole_0(2^[],3^[])),- #],[],[ext(3^[]=k1_xboole_0,[#],g),ext(_2863526=_2863528,[- (_2863528=_2863526)],n),ext(_2863484=_2863486,[- (_2863484=_2863502),_2863486=_2863502],n),ext(_2863442=_2863444,[- (_2863458=_2863444),_2863458=_2863442],n),ext(_2863404=_2863406,[- (k1_tarski(_2863404)=k1_tarski(_2863406))],n),ext(_2863350=_2863352,[- (k2_xboole_0(_2863350,_2863374)=k2_xboole_0(_2863352,_2863380)),_2863374=_2863380],n),ext(_2863296=_2863298,[- (k2_xboole_0(_2863318,_2863296)=k2_xboole_0(_2863324,_2863298)),_2863318=_2863324],n)],[[[- (3^[]=k1_xboole_0)],[- (k1_tarski(1^[])=k2_xboole_0(2^[],3^[])),- #],[- (3^[]=k1_tarski(1^[]))]]],[ext([- (3^[]=k1_tarski(1^[])),[_2863202=_2863204,- (_2863202=_2863220),_2863204=_2863220]]-[- (3^[]=k1_tarski(1^[])),[3^[]=k1_tarski(1^[]),- (3^[]=_2863048),k1_tarski(1^[])=_2863048]]),ext([- (k1_tarski(1^[])=k2_xboole_0(2^[],3^[])),[k1_tarski(_2863104)=k2_xboole_0(_2863108,_2863110),- (_2863110=k1_tarski(_2863104)),- (_2863110=k1_xboole_0)]]-[- (k1_tarski(1^[])=k2_xboole_0(2^[],3^[])),[k1_tarski(1^[])=k2_xboole_0(2^[],3^[]),- (3^[]=k1_tarski(1^[])),- (3^[]=k1_xboole_0)]]),ext([- #,[#,- (k1_tarski(1^[])=k2_xboole_0(2^[],3^[]))]]-[- #,[#,- (k1_tarski(1^[])=k2_xboole_0(2^[],3^[]))]]),init(-# - -#)],0)state([- (3^[]=k1_tarski(1^[])),- (3^[]=k1_xboole_0)],[- (k1_tarski(1^[])=k2_xboole_0(2^[],3^[])),- #],[],[ext(_2856172=_2856174,[- (_2856174=_2856172)],n),ext(_2856130=_2856132,[- (_2856130=_2856148),_2856132=_2856148],n),ext(_2856088=_2856090,[- (_2856104=_2856090),_2856104=_2856088],n),ext(_2856050=_2856052,[- (k1_tarski(_2856050)=k1_tarski(_2856052))],n),ext(_2855996=_2855998,[- (k2_xboole_0(_2855996,_2856020)=k2_xboole_0(_2855998,_2856026)),_2856020=_2856026],n),ext(_2855942=_2855944,[- (k2_xboole_0(_2855964,_2855942)=k2_xboole_0(_2855970,_2855944)),_2855964=_2855970],n),para([0,1],k1_tarski(1^[]),k2_xboole_0(2^[],3^[]),[#],l2r)],[],[ext([- (k1_tarski(1^[])=k2_xboole_0(2^[],3^[])),[k1_tarski(_2855866)=k2_xboole_0(_2855870,_2855872),- (_2855872=k1_tarski(_2855866)),- (_2855872=k1_xboole_0)]]-[- (k1_tarski(1^[])=k2_xboole_0(2^[],3^[])),[k1_tarski(1^[])=k2_xboole_0(2^[],3^[]),- (3^[]=k1_tarski(1^[])),- (3^[]=k1_xboole_0)]]),ext([- #,[#,- (k1_tarski(1^[])=k2_xboole_0(2^[],3^[]))]]-[- #,[#,- (k1_tarski(1^[])=k2_xboole_0(2^[],3^[]))]]),init(-# - -#)],0)state([- (3^[]=k1_tarski(1^[])),- (3^[]=k1_xboole_0)],[- (k1_tarski(1^[])=k2_xboole_0(2^[],3^[])),- #],[],[ext(_2856172=_2856174,[- (_2856174=_2856172)],n),ext(_2856130=_2856132,[- (_2856130=_2856148),_2856132=_2856148],n),ext(_2856088=_2856090,[- (_2856104=_2856090),_2856104=_2856088],n),ext(_2856050=_2856052,[- (k1_tarski(_2856050)=k1_tarski(_2856052))],n),ext(_2855996=_2855998,[- (k2_xboole_0(_2855996,_2856020)=k2_xboole_0(_2855998,_2856026)),_2856020=_2856026],n),ext(_2855942=_2855944,[- (k2_xboole_0(_2855964,_2855942)=k2_xboole_0(_2855970,_2855944)),_2855964=_2855970],n),para([0,1],k1_tarski(1^[]),k2_xboole_0(2^[],3^[]),[#],l2r)],[],[ext([- (k1_tarski(1^[])=k2_xboole_0(2^[],3^[])),[k1_tarski(_2855866)=k2_xboole_0(_2855870,_2855872),- (_2855872=k1_tarski(_2855866)),- (_2855872=k1_xboole_0)]]-[- (k1_tarski(1^[])=k2_xboole_0(2^[],3^[])),[k1_tarski(1^[])=k2_xboole_0(2^[],3^[]),- (3^[]=k1_tarski(1^[])),- (3^[]=k1_xboole_0)]]),ext([- #,[#,- (k1_tarski(1^[])=k2_xboole_0(2^[],3^[]))]]-[- #,[#,- (k1_tarski(1^[])=k2_xboole_0(2^[],3^[]))]]),init(-# - -#)],0)state([- (3^[]=k1_tarski(1^[])),- (3^[]=k1_xboole_0)],[- (k1_tarski(1^[])=k2_xboole_0(2^[],3^[])),- #],[],[ext(_2856172=_2856174,[- (_2856174=_2856172)],n),ext(_2856130=_2856132,[- (_2856130=_2856148),_2856132=_2856148],n),ext(_2856088=_2856090,[- (_2856104=_2856090),_2856104=_2856088],n),ext(_2856050=_2856052,[- (k1_tarski(_2856050)=k1_tarski(_2856052))],n),ext(_2855996=_2855998,[- (k2_xboole_0(_2855996,_2856020)=k2_xboole_0(_2855998,_2856026)),_2856020=_2856026],n),ext(_2855942=_2855944,[- (k2_xboole_0(_2855964,_2855942)=k2_xboole_0(_2855970,_2855944)),_2855964=_2855970],n),para([0,1],k1_tarski(1^[]),k2_xboole_0(2^[],3^[]),[#],l2r)],[],[ext([- (k1_tarski(1^[])=k2_xboole_0(2^[],3^[])),[k1_tarski(_2855866)=k2_xboole_0(_2855870,_2855872),- (_2855872=k1_tarski(_2855866)),- (_2855872=k1_xboole_0)]]-[- (k1_tarski(1^[])=k2_xboole_0(2^[],3^[])),[k1_tarski(1^[])=k2_xboole_0(2^[],3^[]),- (3^[]=k1_tarski(1^[])),- (3^[]=k1_xboole_0)]]),ext([- #,[#,- (k1_tarski(1^[])=k2_xboole_0(2^[],3^[]))]]-[- #,[#,- (k1_tarski(1^[])=k2_xboole_0(2^[],3^[]))]]),init(-# - -#)],0)state([- (3^[]=k1_tarski(1^[])),- (3^[]=k1_xboole_0)],[- (k1_tarski(1^[])=k2_xboole_0(2^[],3^[])),- #],[],[ext(_2856172=_2856174,[- (_2856174=_2856172)],n),ext(_2856130=_2856132,[- (_2856130=_2856148),_2856132=_2856148],n),ext(_2856088=_2856090,[- (_2856104=_2856090),_2856104=_2856088],n),ext(_2856050=_2856052,[- (k1_tarski(_2856050)=k1_tarski(_2856052))],n),ext(_2855996=_2855998,[- (k2_xboole_0(_2855996,_2856020)=k2_xboole_0(_2855998,_2856026)),_2856020=_2856026],n),ext(_2855942=_2855944,[- (k2_xboole_0(_2855964,_2855942)=k2_xboole_0(_2855970,_2855944)),_2855964=_2855970],n),para([0,1],k1_tarski(1^[]),k2_xboole_0(2^[],3^[]),[#],l2r)],[],[ext([- (k1_tarski(1^[])=k2_xboole_0(2^[],3^[])),[k1_tarski(_2855866)=k2_xboole_0(_2855870,_2855872),- (_2855872=k1_tarski(_2855866)),- (_2855872=k1_xboole_0)]]-[- (k1_tarski(1^[])=k2_xboole_0(2^[],3^[])),[k1_tarski(1^[])=k2_xboole_0(2^[],3^[]),- (3^[]=k1_tarski(1^[])),- (3^[]=k1_xboole_0)]]),ext([- #,[#,- (k1_tarski(1^[])=k2_xboole_0(2^[],3^[]))]]-[- #,[#,- (k1_tarski(1^[])=k2_xboole_0(2^[],3^[]))]]),init(-# - -#)],0)state([- (3^[]=k1_tarski(1^[])),- (3^[]=k1_xboole_0)],[- (k1_tarski(1^[])=k2_xboole_0(2^[],3^[])),- #],[],[ext(_2856172=_2856174,[- (_2856174=_2856172)],n),ext(_2856130=_2856132,[- (_2856130=_2856148),_2856132=_2856148],n),ext(_2856088=_2856090,[- (_2856104=_2856090),_2856104=_2856088],n),ext(_2856050=_2856052,[- (k1_tarski(_2856050)=k1_tarski(_2856052))],n),ext(_2855996=_2855998,[- (k2_xboole_0(_2855996,_2856020)=k2_xboole_0(_2855998,_2856026)),_2856020=_2856026],n),ext(_2855942=_2855944,[- (k2_xboole_0(_2855964,_2855942)=k2_xboole_0(_2855970,_2855944)),_2855964=_2855970],n),para([0,1],k1_tarski(1^[]),k2_xboole_0(2^[],3^[]),[#],l2r)],[],[ext([- (k1_tarski(1^[])=k2_xboole_0(2^[],3^[])),[k1_tarski(_2855866)=k2_xboole_0(_2855870,_2855872),- (_2855872=k1_tarski(_2855866)),- (_2855872=k1_xboole_0)]]-[- (k1_tarski(1^[])=k2_xboole_0(2^[],3^[])),[k1_tarski(1^[])=k2_xboole_0(2^[],3^[]),- (3^[]=k1_tarski(1^[])),- (3^[]=k1_xboole_0)]]),ext([- #,[#,- (k1_tarski(1^[])=k2_xboole_0(2^[],3^[]))]]-[- #,[#,- (k1_tarski(1^[])=k2_xboole_0(2^[],3^[]))]]),init(-# - -#)],0)state([- (3^[]=k1_tarski(1^[])),- (3^[]=k1_xboole_0)],[- (k1_tarski(1^[])=k2_xboole_0(2^[],3^[])),- #],[],[ext(_2856172=_2856174,[- (_2856174=_2856172)],n),ext(_2856130=_2856132,[- (_2856130=_2856148),_2856132=_2856148],n),ext(_2856088=_2856090,[- (_2856104=_2856090),_2856104=_2856088],n),ext(_2856050=_2856052,[- (k1_tarski(_2856050)=k1_tarski(_2856052))],n),ext(_2855996=_2855998,[- (k2_xboole_0(_2855996,_2856020)=k2_xboole_0(_2855998,_2856026)),_2856020=_2856026],n),ext(_2855942=_2855944,[- (k2_xboole_0(_2855964,_2855942)=k2_xboole_0(_2855970,_2855944)),_2855964=_2855970],n),para([0,1],k1_tarski(1^[]),k2_xboole_0(2^[],3^[]),[#],l2r)],[],[ext([- (k1_tarski(1^[])=k2_xboole_0(2^[],3^[])),[k1_tarski(_2855866)=k2_xboole_0(_2855870,_2855872),- (_2855872=k1_tarski(_2855866)),- (_2855872=k1_xboole_0)]]-[- (k1_tarski(1^[])=k2_xboole_0(2^[],3^[])),[k1_tarski(1^[])=k2_xboole_0(2^[],3^[]),- (3^[]=k1_tarski(1^[])),- (3^[]=k1_xboole_0)]]),ext([- #,[#,- (k1_tarski(1^[])=k2_xboole_0(2^[],3^[]))]]-[- #,[#,- (k1_tarski(1^[])=k2_xboole_0(2^[],3^[]))]]),init(-# - -#)],0)state([- (3^[]=k1_tarski(1^[])),- (3^[]=k1_xboole_0)],[- (k1_tarski(1^[])=k2_xboole_0(2^[],3^[])),- #],[],[ext(_2856172=_2856174,[- (_2856174=_2856172)],n),ext(_2856130=_2856132,[- (_2856130=_2856148),_2856132=_2856148],n),ext(_2856088=_2856090,[- (_2856104=_2856090),_2856104=_2856088],n),ext(_2856050=_2856052,[- (k1_tarski(_2856050)=k1_tarski(_2856052))],n),ext(_2855996=_2855998,[- (k2_xboole_0(_2855996,_2856020)=k2_xboole_0(_2855998,_2856026)),_2856020=_2856026],n),ext(_2855942=_2855944,[- (k2_xboole_0(_2855964,_2855942)=k2_xboole_0(_2855970,_2855944)),_2855964=_2855970],n),para([0,1],k1_tarski(1^[]),k2_xboole_0(2^[],3^[]),[#],l2r)],[],[ext([- (k1_tarski(1^[])=k2_xboole_0(2^[],3^[])),[k1_tarski(_2855866)=k2_xboole_0(_2855870,_2855872),- (_2855872=k1_tarski(_2855866)),- (_2855872=k1_xboole_0)]]-[- (k1_tarski(1^[])=k2_xboole_0(2^[],3^[])),[k1_tarski(1^[])=k2_xboole_0(2^[],3^[]),- (3^[]=k1_tarski(1^[])),- (3^[]=k1_xboole_0)]]),ext([- #,[#,- (k1_tarski(1^[])=k2_xboole_0(2^[],3^[]))]]-[- #,[#,- (k1_tarski(1^[])=k2_xboole_0(2^[],3^[]))]]),init(-# - -#)],0)state([- (k1_tarski(1^[])=k2_xboole_0(2^[],3^[]))],[- #],[],[ext(k1_tarski(_2344)=k2_xboole_0(_2348,_2350),[- (_2348=k1_xboole_0),- (_2348=k1_tarski(_2344))],n),ext(k1_tarski(_2268)=k2_xboole_0(_2272,_2274),[- (_2272=k1_tarski(_2268)),- (_2272=k1_xboole_0),- (_2274=k1_xboole_0)],n),ext(k1_tarski(_2204)=k2_xboole_0(_2208,_2210),[- (_2210=k1_tarski(_2204)),- (_2208=k1_tarski(_2204))],n),ext(k1_tarski(_2124)=k2_xboole_0(_2128,_2130),[- (_2128=k1_tarski(_2124)),- (_2130=k1_tarski(_2124)),- (_2130=k1_xboole_0)],n),ext(k1_tarski(_2044)=k2_xboole_0(_2048,_2050),[- (_2050=k1_tarski(_2044)),- (_2048=k1_xboole_0),- (_2048=k1_tarski(_2044))],n),ext(k1_tarski(_1968)=k2_xboole_0(_1972,_1974),[- (_1974=k1_tarski(_1968)),- (_1972=k1_xboole_0),- (_1974=k1_xboole_0)],n),ext(k1_tarski(_1904)=k2_xboole_0(_1908,_1910),[- (_1910=k1_tarski(_1904)),- (_1908=k1_tarski(_1904))],n),ext(k1_tarski(_1844)=k2_xboole_0(_1848,_1850),[- (_1850=k1_tarski(_1844)),- (_1850=k1_xboole_0)],n),ext(_1808=_1810,[- (_1810=_1808)],n),ext(_1766=_1768,[- (_1766=_1784),_1768=_1784],n),ext(_1724=_1726,[- (_1740=_1726),_1740=_1724],n),ext(_1686=_1688,[- (k1_tarski(_1686)=k1_tarski(_1688))],n),ext(_1632=_1634,[- (k2_xboole_0(_1632,_1656)=k2_xboole_0(_1634,_1662)),_1656=_1662],n),ext(_1578=_1580,[- (k2_xboole_0(_1600,_1578)=k2_xboole_0(_1606,_1580)),_1600=_1606],n),para([0,0],k1_tarski(1^[]),k2_xboole_0(2^[],3^[]),[#],l2r),para([0,1],k1_tarski(1^[]),k2_xboole_0(2^[],3^[]),[#],r2l)],[],[ext([- #,[#,- (k1_tarski(1^[])=k2_xboole_0(2^[],3^[]))]]-[- #,[#,- (k1_tarski(1^[])=k2_xboole_0(2^[],3^[]))]]),init(-# - -#)],0)state([- (k1_tarski(1^[])=k2_xboole_0(2^[],3^[]))],[- #],[],[ext(k1_tarski(_2344)=k2_xboole_0(_2348,_2350),[- (_2348=k1_xboole_0),- (_2348=k1_tarski(_2344))],n),ext(k1_tarski(_2268)=k2_xboole_0(_2272,_2274),[- (_2272=k1_tarski(_2268)),- (_2272=k1_xboole_0),- (_2274=k1_xboole_0)],n),ext(k1_tarski(_2204)=k2_xboole_0(_2208,_2210),[- (_2210=k1_tarski(_2204)),- (_2208=k1_tarski(_2204))],n),ext(k1_tarski(_2124)=k2_xboole_0(_2128,_2130),[- (_2128=k1_tarski(_2124)),- (_2130=k1_tarski(_2124)),- (_2130=k1_xboole_0)],n),ext(k1_tarski(_2044)=k2_xboole_0(_2048,_2050),[- (_2050=k1_tarski(_2044)),- (_2048=k1_xboole_0),- (_2048=k1_tarski(_2044))],n),ext(k1_tarski(_1968)=k2_xboole_0(_1972,_1974),[- (_1974=k1_tarski(_1968)),- (_1972=k1_xboole_0),- (_1974=k1_xboole_0)],n),ext(k1_tarski(_1904)=k2_xboole_0(_1908,_1910),[- (_1910=k1_tarski(_1904)),- (_1908=k1_tarski(_1904))],n),ext(k1_tarski(_1844)=k2_xboole_0(_1848,_1850),[- (_1850=k1_tarski(_1844)),- (_1850=k1_xboole_0)],n),ext(_1808=_1810,[- (_1810=_1808)],n),ext(_1766=_1768,[- (_1766=_1784),_1768=_1784],n),ext(_1724=_1726,[- (_1740=_1726),_1740=_1724],n),ext(_1686=_1688,[- (k1_tarski(_1686)=k1_tarski(_1688))],n),ext(_1632=_1634,[- (k2_xboole_0(_1632,_1656)=k2_xboole_0(_1634,_1662)),_1656=_1662],n),ext(_1578=_1580,[- (k2_xboole_0(_1600,_1578)=k2_xboole_0(_1606,_1580)),_1600=_1606],n),para([0,0],k1_tarski(1^[]),k2_xboole_0(2^[],3^[]),[#],l2r),para([0,1],k1_tarski(1^[]),k2_xboole_0(2^[],3^[]),[#],r2l)],[],[ext([- #,[#,- (k1_tarski(1^[])=k2_xboole_0(2^[],3^[]))]]-[- #,[#,- (k1_tarski(1^[])=k2_xboole_0(2^[],3^[]))]]),init(-# - -#)],0)state([- (k1_tarski(1^[])=k2_xboole_0(2^[],3^[]))],[- #],[],[ext(k1_tarski(_2344)=k2_xboole_0(_2348,_2350),[- (_2348=k1_xboole_0),- (_2348=k1_tarski(_2344))],n),ext(k1_tarski(_2268)=k2_xboole_0(_2272,_2274),[- (_2272=k1_tarski(_2268)),- (_2272=k1_xboole_0),- (_2274=k1_xboole_0)],n),ext(k1_tarski(_2204)=k2_xboole_0(_2208,_2210),[- (_2210=k1_tarski(_2204)),- (_2208=k1_tarski(_2204))],n),ext(k1_tarski(_2124)=k2_xboole_0(_2128,_2130),[- (_2128=k1_tarski(_2124)),- (_2130=k1_tarski(_2124)),- (_2130=k1_xboole_0)],n),ext(k1_tarski(_2044)=k2_xboole_0(_2048,_2050),[- (_2050=k1_tarski(_2044)),- (_2048=k1_xboole_0),- (_2048=k1_tarski(_2044))],n),ext(k1_tarski(_1968)=k2_xboole_0(_1972,_1974),[- (_1974=k1_tarski(_1968)),- (_1972=k1_xboole_0),- (_1974=k1_xboole_0)],n),ext(k1_tarski(_1904)=k2_xboole_0(_1908,_1910),[- (_1910=k1_tarski(_1904)),- (_1908=k1_tarski(_1904))],n),ext(k1_tarski(_1844)=k2_xboole_0(_1848,_1850),[- (_1850=k1_tarski(_1844)),- (_1850=k1_xboole_0)],n),ext(_1808=_1810,[- (_1810=_1808)],n),ext(_1766=_1768,[- (_1766=_1784),_1768=_1784],n),ext(_1724=_1726,[- (_1740=_1726),_1740=_1724],n),ext(_1686=_1688,[- (k1_tarski(_1686)=k1_tarski(_1688))],n),ext(_1632=_1634,[- (k2_xboole_0(_1632,_1656)=k2_xboole_0(_1634,_1662)),_1656=_1662],n),ext(_1578=_1580,[- (k2_xboole_0(_1600,_1578)=k2_xboole_0(_1606,_1580)),_1600=_1606],n),para([0,0],k1_tarski(1^[]),k2_xboole_0(2^[],3^[]),[#],l2r),para([0,1],k1_tarski(1^[]),k2_xboole_0(2^[],3^[]),[#],r2l)],[],[ext([- #,[#,- (k1_tarski(1^[])=k2_xboole_0(2^[],3^[]))]]-[- #,[#,- (k1_tarski(1^[])=k2_xboole_0(2^[],3^[]))]]),init(-# - -#)],0)state([- (k1_tarski(1^[])=k2_xboole_0(2^[],3^[]))],[- #],[],[ext(k1_tarski(_2344)=k2_xboole_0(_2348,_2350),[- (_2348=k1_xboole_0),- (_2348=k1_tarski(_2344))],n),ext(k1_tarski(_2268)=k2_xboole_0(_2272,_2274),[- (_2272=k1_tarski(_2268)),- (_2272=k1_xboole_0),- (_2274=k1_xboole_0)],n),ext(k1_tarski(_2204)=k2_xboole_0(_2208,_2210),[- (_2210=k1_tarski(_2204)),- (_2208=k1_tarski(_2204))],n),ext(k1_tarski(_2124)=k2_xboole_0(_2128,_2130),[- (_2128=k1_tarski(_2124)),- (_2130=k1_tarski(_2124)),- (_2130=k1_xboole_0)],n),ext(k1_tarski(_2044)=k2_xboole_0(_2048,_2050),[- (_2050=k1_tarski(_2044)),- (_2048=k1_xboole_0),- (_2048=k1_tarski(_2044))],n),ext(k1_tarski(_1968)=k2_xboole_0(_1972,_1974),[- (_1974=k1_tarski(_1968)),- (_1972=k1_xboole_0),- (_1974=k1_xboole_0)],n),ext(k1_tarski(_1904)=k2_xboole_0(_1908,_1910),[- (_1910=k1_tarski(_1904)),- (_1908=k1_tarski(_1904))],n),ext(k1_tarski(_1844)=k2_xboole_0(_1848,_1850),[- (_1850=k1_tarski(_1844)),- (_1850=k1_xboole_0)],n),ext(_1808=_1810,[- (_1810=_1808)],n),ext(_1766=_1768,[- (_1766=_1784),_1768=_1784],n),ext(_1724=_1726,[- (_1740=_1726),_1740=_1724],n),ext(_1686=_1688,[- (k1_tarski(_1686)=k1_tarski(_1688))],n),ext(_1632=_1634,[- (k2_xboole_0(_1632,_1656)=k2_xboole_0(_1634,_1662)),_1656=_1662],n),ext(_1578=_1580,[- (k2_xboole_0(_1600,_1578)=k2_xboole_0(_1606,_1580)),_1600=_1606],n),para([0,0],k1_tarski(1^[]),k2_xboole_0(2^[],3^[]),[#],l2r),para([0,1],k1_tarski(1^[]),k2_xboole_0(2^[],3^[]),[#],r2l)],[],[ext([- #,[#,- (k1_tarski(1^[])=k2_xboole_0(2^[],3^[]))]]-[- #,[#,- (k1_tarski(1^[])=k2_xboole_0(2^[],3^[]))]]),init(-# - -#)],0)state([- (k1_tarski(1^[])=k2_xboole_0(2^[],3^[]))],[- #],[],[ext(k1_tarski(_2344)=k2_xboole_0(_2348,_2350),[- (_2348=k1_xboole_0),- (_2348=k1_tarski(_2344))],n),ext(k1_tarski(_2268)=k2_xboole_0(_2272,_2274),[- (_2272=k1_tarski(_2268)),- (_2272=k1_xboole_0),- (_2274=k1_xboole_0)],n),ext(k1_tarski(_2204)=k2_xboole_0(_2208,_2210),[- (_2210=k1_tarski(_2204)),- (_2208=k1_tarski(_2204))],n),ext(k1_tarski(_2124)=k2_xboole_0(_2128,_2130),[- (_2128=k1_tarski(_2124)),- (_2130=k1_tarski(_2124)),- (_2130=k1_xboole_0)],n),ext(k1_tarski(_2044)=k2_xboole_0(_2048,_2050),[- (_2050=k1_tarski(_2044)),- (_2048=k1_xboole_0),- (_2048=k1_tarski(_2044))],n),ext(k1_tarski(_1968)=k2_xboole_0(_1972,_1974),[- (_1974=k1_tarski(_1968)),- (_1972=k1_xboole_0),- (_1974=k1_xboole_0)],n),ext(k1_tarski(_1904)=k2_xboole_0(_1908,_1910),[- (_1910=k1_tarski(_1904)),- (_1908=k1_tarski(_1904))],n),ext(k1_tarski(_1844)=k2_xboole_0(_1848,_1850),[- (_1850=k1_tarski(_1844)),- (_1850=k1_xboole_0)],n),ext(_1808=_1810,[- (_1810=_1808)],n),ext(_1766=_1768,[- (_1766=_1784),_1768=_1784],n),ext(_1724=_1726,[- (_1740=_1726),_1740=_1724],n),ext(_1686=_1688,[- (k1_tarski(_1686)=k1_tarski(_1688))],n),ext(_1632=_1634,[- (k2_xboole_0(_1632,_1656)=k2_xboole_0(_1634,_1662)),_1656=_1662],n),ext(_1578=_1580,[- (k2_xboole_0(_1600,_1578)=k2_xboole_0(_1606,_1580)),_1600=_1606],n),para([0,0],k1_tarski(1^[]),k2_xboole_0(2^[],3^[]),[#],l2r),para([0,1],k1_tarski(1^[]),k2_xboole_0(2^[],3^[]),[#],r2l)],[],[ext([- #,[#,- (k1_tarski(1^[])=k2_xboole_0(2^[],3^[]))]]-[- #,[#,- (k1_tarski(1^[])=k2_xboole_0(2^[],3^[]))]]),init(-# - -#)],0)state([- (k1_tarski(1^[])=k2_xboole_0(2^[],3^[]))],[- #],[],[ext(k1_tarski(_2344)=k2_xboole_0(_2348,_2350),[- (_2348=k1_xboole_0),- (_2348=k1_tarski(_2344))],n),ext(k1_tarski(_2268)=k2_xboole_0(_2272,_2274),[- (_2272=k1_tarski(_2268)),- (_2272=k1_xboole_0),- (_2274=k1_xboole_0)],n),ext(k1_tarski(_2204)=k2_xboole_0(_2208,_2210),[- (_2210=k1_tarski(_2204)),- (_2208=k1_tarski(_2204))],n),ext(k1_tarski(_2124)=k2_xboole_0(_2128,_2130),[- (_2128=k1_tarski(_2124)),- (_2130=k1_tarski(_2124)),- (_2130=k1_xboole_0)],n),ext(k1_tarski(_2044)=k2_xboole_0(_2048,_2050),[- (_2050=k1_tarski(_2044)),- (_2048=k1_xboole_0),- (_2048=k1_tarski(_2044))],n),ext(k1_tarski(_1968)=k2_xboole_0(_1972,_1974),[- (_1974=k1_tarski(_1968)),- (_1972=k1_xboole_0),- (_1974=k1_xboole_0)],n),ext(k1_tarski(_1904)=k2_xboole_0(_1908,_1910),[- (_1910=k1_tarski(_1904)),- (_1908=k1_tarski(_1904))],n),ext(k1_tarski(_1844)=k2_xboole_0(_1848,_1850),[- (_1850=k1_tarski(_1844)),- (_1850=k1_xboole_0)],n),ext(_1808=_1810,[- (_1810=_1808)],n),ext(_1766=_1768,[- (_1766=_1784),_1768=_1784],n),ext(_1724=_1726,[- (_1740=_1726),_1740=_1724],n),ext(_1686=_1688,[- (k1_tarski(_1686)=k1_tarski(_1688))],n),ext(_1632=_1634,[- (k2_xboole_0(_1632,_1656)=k2_xboole_0(_1634,_1662)),_1656=_1662],n),ext(_1578=_1580,[- (k2_xboole_0(_1600,_1578)=k2_xboole_0(_1606,_1580)),_1600=_1606],n),para([0,0],k1_tarski(1^[]),k2_xboole_0(2^[],3^[]),[#],l2r),para([0,1],k1_tarski(1^[]),k2_xboole_0(2^[],3^[]),[#],r2l)],[],[ext([- #,[#,- (k1_tarski(1^[])=k2_xboole_0(2^[],3^[]))]]-[- #,[#,- (k1_tarski(1^[])=k2_xboole_0(2^[],3^[]))]]),init(-# - -#)],0)state([- (k1_tarski(1^[])=k2_xboole_0(2^[],3^[]))],[- #],[],[ext(k1_tarski(_2344)=k2_xboole_0(_2348,_2350),[- (_2348=k1_xboole_0),- (_2348=k1_tarski(_2344))],n),ext(k1_tarski(_2268)=k2_xboole_0(_2272,_2274),[- (_2272=k1_tarski(_2268)),- (_2272=k1_xboole_0),- (_2274=k1_xboole_0)],n),ext(k1_tarski(_2204)=k2_xboole_0(_2208,_2210),[- (_2210=k1_tarski(_2204)),- (_2208=k1_tarski(_2204))],n),ext(k1_tarski(_2124)=k2_xboole_0(_2128,_2130),[- (_2128=k1_tarski(_2124)),- (_2130=k1_tarski(_2124)),- (_2130=k1_xboole_0)],n),ext(k1_tarski(_2044)=k2_xboole_0(_2048,_2050),[- (_2050=k1_tarski(_2044)),- (_2048=k1_xboole_0),- (_2048=k1_tarski(_2044))],n),ext(k1_tarski(_1968)=k2_xboole_0(_1972,_1974),[- (_1974=k1_tarski(_1968)),- (_1972=k1_xboole_0),- (_1974=k1_xboole_0)],n),ext(k1_tarski(_1904)=k2_xboole_0(_1908,_1910),[- (_1910=k1_tarski(_1904)),- (_1908=k1_tarski(_1904))],n),ext(k1_tarski(_1844)=k2_xboole_0(_1848,_1850),[- (_1850=k1_tarski(_1844)),- (_1850=k1_xboole_0)],n),ext(_1808=_1810,[- (_1810=_1808)],n),ext(_1766=_1768,[- (_1766=_1784),_1768=_1784],n),ext(_1724=_1726,[- (_1740=_1726),_1740=_1724],n),ext(_1686=_1688,[- (k1_tarski(_1686)=k1_tarski(_1688))],n),ext(_1632=_1634,[- (k2_xboole_0(_1632,_1656)=k2_xboole_0(_1634,_1662)),_1656=_1662],n),ext(_1578=_1580,[- (k2_xboole_0(_1600,_1578)=k2_xboole_0(_1606,_1580)),_1600=_1606],n),para([0,0],k1_tarski(1^[]),k2_xboole_0(2^[],3^[]),[#],l2r),para([0,1],k1_tarski(1^[]),k2_xboole_0(2^[],3^[]),[#],r2l)],[],[ext([- #,[#,- (k1_tarski(1^[])=k2_xboole_0(2^[],3^[]))]]-[- #,[#,- (k1_tarski(1^[])=k2_xboole_0(2^[],3^[]))]]),init(-# - -#)],0)state([- (k1_tarski(1^[])=k2_xboole_0(2^[],3^[]))],[- #],[],[ext(k1_tarski(_2344)=k2_xboole_0(_2348,_2350),[- (_2348=k1_xboole_0),- (_2348=k1_tarski(_2344))],n),ext(k1_tarski(_2268)=k2_xboole_0(_2272,_2274),[- (_2272=k1_tarski(_2268)),- (_2272=k1_xboole_0),- (_2274=k1_xboole_0)],n),ext(k1_tarski(_2204)=k2_xboole_0(_2208,_2210),[- (_2210=k1_tarski(_2204)),- (_2208=k1_tarski(_2204))],n),ext(k1_tarski(_2124)=k2_xboole_0(_2128,_2130),[- (_2128=k1_tarski(_2124)),- (_2130=k1_tarski(_2124)),- (_2130=k1_xboole_0)],n),ext(k1_tarski(_2044)=k2_xboole_0(_2048,_2050),[- (_2050=k1_tarski(_2044)),- (_2048=k1_xboole_0),- (_2048=k1_tarski(_2044))],n),ext(k1_tarski(_1968)=k2_xboole_0(_1972,_1974),[- (_1974=k1_tarski(_1968)),- (_1972=k1_xboole_0),- (_1974=k1_xboole_0)],n),ext(k1_tarski(_1904)=k2_xboole_0(_1908,_1910),[- (_1910=k1_tarski(_1904)),- (_1908=k1_tarski(_1904))],n),ext(k1_tarski(_1844)=k2_xboole_0(_1848,_1850),[- (_1850=k1_tarski(_1844)),- (_1850=k1_xboole_0)],n),ext(_1808=_1810,[- (_1810=_1808)],n),ext(_1766=_1768,[- (_1766=_1784),_1768=_1784],n),ext(_1724=_1726,[- (_1740=_1726),_1740=_1724],n),ext(_1686=_1688,[- (k1_tarski(_1686)=k1_tarski(_1688))],n),ext(_1632=_1634,[- (k2_xboole_0(_1632,_1656)=k2_xboole_0(_1634,_1662)),_1656=_1662],n),ext(_1578=_1580,[- (k2_xboole_0(_1600,_1578)=k2_xboole_0(_1606,_1580)),_1600=_1606],n),para([0,0],k1_tarski(1^[]),k2_xboole_0(2^[],3^[]),[#],l2r),para([0,1],k1_tarski(1^[]),k2_xboole_0(2^[],3^[]),[#],r2l)],[],[ext([- #,[#,- (k1_tarski(1^[])=k2_xboole_0(2^[],3^[]))]]-[- #,[#,- (k1_tarski(1^[])=k2_xboole_0(2^[],3^[]))]]),init(-# - -#)],0)state([- (k1_tarski(1^[])=k2_xboole_0(2^[],3^[]))],[- #],[],[ext(k1_tarski(_2344)=k2_xboole_0(_2348,_2350),[- (_2348=k1_xboole_0),- (_2348=k1_tarski(_2344))],n),ext(k1_tarski(_2268)=k2_xboole_0(_2272,_2274),[- (_2272=k1_tarski(_2268)),- (_2272=k1_xboole_0),- (_2274=k1_xboole_0)],n),ext(k1_tarski(_2204)=k2_xboole_0(_2208,_2210),[- (_2210=k1_tarski(_2204)),- (_2208=k1_tarski(_2204))],n),ext(k1_tarski(_2124)=k2_xboole_0(_2128,_2130),[- (_2128=k1_tarski(_2124)),- (_2130=k1_tarski(_2124)),- (_2130=k1_xboole_0)],n),ext(k1_tarski(_2044)=k2_xboole_0(_2048,_2050),[- (_2050=k1_tarski(_2044)),- (_2048=k1_xboole_0),- (_2048=k1_tarski(_2044))],n),ext(k1_tarski(_1968)=k2_xboole_0(_1972,_1974),[- (_1974=k1_tarski(_1968)),- (_1972=k1_xboole_0),- (_1974=k1_xboole_0)],n),ext(k1_tarski(_1904)=k2_xboole_0(_1908,_1910),[- (_1910=k1_tarski(_1904)),- (_1908=k1_tarski(_1904))],n),ext(k1_tarski(_1844)=k2_xboole_0(_1848,_1850),[- (_1850=k1_tarski(_1844)),- (_1850=k1_xboole_0)],n),ext(_1808=_1810,[- (_1810=_1808)],n),ext(_1766=_1768,[- (_1766=_1784),_1768=_1784],n),ext(_1724=_1726,[- (_1740=_1726),_1740=_1724],n),ext(_1686=_1688,[- (k1_tarski(_1686)=k1_tarski(_1688))],n),ext(_1632=_1634,[- (k2_xboole_0(_1632,_1656)=k2_xboole_0(_1634,_1662)),_1656=_1662],n),ext(_1578=_1580,[- (k2_xboole_0(_1600,_1578)=k2_xboole_0(_1606,_1580)),_1600=_1606],n),para([0,0],k1_tarski(1^[]),k2_xboole_0(2^[],3^[]),[#],l2r),para([0,1],k1_tarski(1^[]),k2_xboole_0(2^[],3^[]),[#],r2l)],[],[ext([- #,[#,- (k1_tarski(1^[])=k2_xboole_0(2^[],3^[]))]]-[- #,[#,- (k1_tarski(1^[])=k2_xboole_0(2^[],3^[]))]]),init(-# - -#)],0)state([- (k1_tarski(1^[])=k2_xboole_0(2^[],3^[]))],[- #],[],[ext(k1_tarski(_2344)=k2_xboole_0(_2348,_2350),[- (_2348=k1_xboole_0),- (_2348=k1_tarski(_2344))],n),ext(k1_tarski(_2268)=k2_xboole_0(_2272,_2274),[- (_2272=k1_tarski(_2268)),- (_2272=k1_xboole_0),- (_2274=k1_xboole_0)],n),ext(k1_tarski(_2204)=k2_xboole_0(_2208,_2210),[- (_2210=k1_tarski(_2204)),- (_2208=k1_tarski(_2204))],n),ext(k1_tarski(_2124)=k2_xboole_0(_2128,_2130),[- (_2128=k1_tarski(_2124)),- (_2130=k1_tarski(_2124)),- (_2130=k1_xboole_0)],n),ext(k1_tarski(_2044)=k2_xboole_0(_2048,_2050),[- (_2050=k1_tarski(_2044)),- (_2048=k1_xboole_0),- (_2048=k1_tarski(_2044))],n),ext(k1_tarski(_1968)=k2_xboole_0(_1972,_1974),[- (_1974=k1_tarski(_1968)),- (_1972=k1_xboole_0),- (_1974=k1_xboole_0)],n),ext(k1_tarski(_1904)=k2_xboole_0(_1908,_1910),[- (_1910=k1_tarski(_1904)),- (_1908=k1_tarski(_1904))],n),ext(k1_tarski(_1844)=k2_xboole_0(_1848,_1850),[- (_1850=k1_tarski(_1844)),- (_1850=k1_xboole_0)],n),ext(_1808=_1810,[- (_1810=_1808)],n),ext(_1766=_1768,[- (_1766=_1784),_1768=_1784],n),ext(_1724=_1726,[- (_1740=_1726),_1740=_1724],n),ext(_1686=_1688,[- (k1_tarski(_1686)=k1_tarski(_1688))],n),ext(_1632=_1634,[- (k2_xboole_0(_1632,_1656)=k2_xboole_0(_1634,_1662)),_1656=_1662],n),ext(_1578=_1580,[- (k2_xboole_0(_1600,_1578)=k2_xboole_0(_1606,_1580)),_1600=_1606],n),para([0,0],k1_tarski(1^[]),k2_xboole_0(2^[],3^[]),[#],l2r),para([0,1],k1_tarski(1^[]),k2_xboole_0(2^[],3^[]),[#],r2l)],[],[ext([- #,[#,- (k1_tarski(1^[])=k2_xboole_0(2^[],3^[]))]]-[- #,[#,- (k1_tarski(1^[])=k2_xboole_0(2^[],3^[]))]]),init(-# - -#)],0)state([- (k1_tarski(1^[])=k2_xboole_0(2^[],3^[]))],[- #],[],[ext(k1_tarski(_2344)=k2_xboole_0(_2348,_2350),[- (_2348=k1_xboole_0),- (_2348=k1_tarski(_2344))],n),ext(k1_tarski(_2268)=k2_xboole_0(_2272,_2274),[- (_2272=k1_tarski(_2268)),- (_2272=k1_xboole_0),- (_2274=k1_xboole_0)],n),ext(k1_tarski(_2204)=k2_xboole_0(_2208,_2210),[- (_2210=k1_tarski(_2204)),- (_2208=k1_tarski(_2204))],n),ext(k1_tarski(_2124)=k2_xboole_0(_2128,_2130),[- (_2128=k1_tarski(_2124)),- (_2130=k1_tarski(_2124)),- (_2130=k1_xboole_0)],n),ext(k1_tarski(_2044)=k2_xboole_0(_2048,_2050),[- (_2050=k1_tarski(_2044)),- (_2048=k1_xboole_0),- (_2048=k1_tarski(_2044))],n),ext(k1_tarski(_1968)=k2_xboole_0(_1972,_1974),[- (_1974=k1_tarski(_1968)),- (_1972=k1_xboole_0),- (_1974=k1_xboole_0)],n),ext(k1_tarski(_1904)=k2_xboole_0(_1908,_1910),[- (_1910=k1_tarski(_1904)),- (_1908=k1_tarski(_1904))],n),ext(k1_tarski(_1844)=k2_xboole_0(_1848,_1850),[- (_1850=k1_tarski(_1844)),- (_1850=k1_xboole_0)],n),ext(_1808=_1810,[- (_1810=_1808)],n),ext(_1766=_1768,[- (_1766=_1784),_1768=_1784],n),ext(_1724=_1726,[- (_1740=_1726),_1740=_1724],n),ext(_1686=_1688,[- (k1_tarski(_1686)=k1_tarski(_1688))],n),ext(_1632=_1634,[- (k2_xboole_0(_1632,_1656)=k2_xboole_0(_1634,_1662)),_1656=_1662],n),ext(_1578=_1580,[- (k2_xboole_0(_1600,_1578)=k2_xboole_0(_1606,_1580)),_1600=_1606],n),para([0,0],k1_tarski(1^[]),k2_xboole_0(2^[],3^[]),[#],l2r),para([0,1],k1_tarski(1^[]),k2_xboole_0(2^[],3^[]),[#],r2l)],[],[ext([- #,[#,- (k1_tarski(1^[])=k2_xboole_0(2^[],3^[]))]]-[- #,[#,- (k1_tarski(1^[])=k2_xboole_0(2^[],3^[]))]]),init(-# - -#)],0)state([- (k1_tarski(1^[])=k2_xboole_0(2^[],3^[]))],[- #],[],[ext(k1_tarski(_2344)=k2_xboole_0(_2348,_2350),[- (_2348=k1_xboole_0),- (_2348=k1_tarski(_2344))],n),ext(k1_tarski(_2268)=k2_xboole_0(_2272,_2274),[- (_2272=k1_tarski(_2268)),- (_2272=k1_xboole_0),- (_2274=k1_xboole_0)],n),ext(k1_tarski(_2204)=k2_xboole_0(_2208,_2210),[- (_2210=k1_tarski(_2204)),- (_2208=k1_tarski(_2204))],n),ext(k1_tarski(_2124)=k2_xboole_0(_2128,_2130),[- (_2128=k1_tarski(_2124)),- (_2130=k1_tarski(_2124)),- (_2130=k1_xboole_0)],n),ext(k1_tarski(_2044)=k2_xboole_0(_2048,_2050),[- (_2050=k1_tarski(_2044)),- (_2048=k1_xboole_0),- (_2048=k1_tarski(_2044))],n),ext(k1_tarski(_1968)=k2_xboole_0(_1972,_1974),[- (_1974=k1_tarski(_1968)),- (_1972=k1_xboole_0),- (_1974=k1_xboole_0)],n),ext(k1_tarski(_1904)=k2_xboole_0(_1908,_1910),[- (_1910=k1_tarski(_1904)),- (_1908=k1_tarski(_1904))],n),ext(k1_tarski(_1844)=k2_xboole_0(_1848,_1850),[- (_1850=k1_tarski(_1844)),- (_1850=k1_xboole_0)],n),ext(_1808=_1810,[- (_1810=_1808)],n),ext(_1766=_1768,[- (_1766=_1784),_1768=_1784],n),ext(_1724=_1726,[- (_1740=_1726),_1740=_1724],n),ext(_1686=_1688,[- (k1_tarski(_1686)=k1_tarski(_1688))],n),ext(_1632=_1634,[- (k2_xboole_0(_1632,_1656)=k2_xboole_0(_1634,_1662)),_1656=_1662],n),ext(_1578=_1580,[- (k2_xboole_0(_1600,_1578)=k2_xboole_0(_1606,_1580)),_1600=_1606],n),para([0,0],k1_tarski(1^[]),k2_xboole_0(2^[],3^[]),[#],l2r),para([0,1],k1_tarski(1^[]),k2_xboole_0(2^[],3^[]),[#],r2l)],[],[ext([- #,[#,- (k1_tarski(1^[])=k2_xboole_0(2^[],3^[]))]]-[- #,[#,- (k1_tarski(1^[])=k2_xboole_0(2^[],3^[]))]]),init(-# - -#)],0)state([- (k1_tarski(1^[])=k2_xboole_0(2^[],3^[]))],[- #],[],[ext(k1_tarski(_2344)=k2_xboole_0(_2348,_2350),[- (_2348=k1_xboole_0),- (_2348=k1_tarski(_2344))],n),ext(k1_tarski(_2268)=k2_xboole_0(_2272,_2274),[- (_2272=k1_tarski(_2268)),- (_2272=k1_xboole_0),- (_2274=k1_xboole_0)],n),ext(k1_tarski(_2204)=k2_xboole_0(_2208,_2210),[- (_2210=k1_tarski(_2204)),- (_2208=k1_tarski(_2204))],n),ext(k1_tarski(_2124)=k2_xboole_0(_2128,_2130),[- (_2128=k1_tarski(_2124)),- (_2130=k1_tarski(_2124)),- (_2130=k1_xboole_0)],n),ext(k1_tarski(_2044)=k2_xboole_0(_2048,_2050),[- (_2050=k1_tarski(_2044)),- (_2048=k1_xboole_0),- (_2048=k1_tarski(_2044))],n),ext(k1_tarski(_1968)=k2_xboole_0(_1972,_1974),[- (_1974=k1_tarski(_1968)),- (_1972=k1_xboole_0),- (_1974=k1_xboole_0)],n),ext(k1_tarski(_1904)=k2_xboole_0(_1908,_1910),[- (_1910=k1_tarski(_1904)),- (_1908=k1_tarski(_1904))],n),ext(k1_tarski(_1844)=k2_xboole_0(_1848,_1850),[- (_1850=k1_tarski(_1844)),- (_1850=k1_xboole_0)],n),ext(_1808=_1810,[- (_1810=_1808)],n),ext(_1766=_1768,[- (_1766=_1784),_1768=_1784],n),ext(_1724=_1726,[- (_1740=_1726),_1740=_1724],n),ext(_1686=_1688,[- (k1_tarski(_1686)=k1_tarski(_1688))],n),ext(_1632=_1634,[- (k2_xboole_0(_1632,_1656)=k2_xboole_0(_1634,_1662)),_1656=_1662],n),ext(_1578=_1580,[- (k2_xboole_0(_1600,_1578)=k2_xboole_0(_1606,_1580)),_1600=_1606],n),para([0,0],k1_tarski(1^[]),k2_xboole_0(2^[],3^[]),[#],l2r),para([0,1],k1_tarski(1^[]),k2_xboole_0(2^[],3^[]),[#],r2l)],[],[ext([- #,[#,- (k1_tarski(1^[])=k2_xboole_0(2^[],3^[]))]]-[- #,[#,- (k1_tarski(1^[])=k2_xboole_0(2^[],3^[]))]]),init(-# - -#)],0)state([- (k1_tarski(1^[])=k2_xboole_0(2^[],3^[]))],[- #],[],[ext(k1_tarski(_2344)=k2_xboole_0(_2348,_2350),[- (_2348=k1_xboole_0),- (_2348=k1_tarski(_2344))],n),ext(k1_tarski(_2268)=k2_xboole_0(_2272,_2274),[- (_2272=k1_tarski(_2268)),- (_2272=k1_xboole_0),- (_2274=k1_xboole_0)],n),ext(k1_tarski(_2204)=k2_xboole_0(_2208,_2210),[- (_2210=k1_tarski(_2204)),- (_2208=k1_tarski(_2204))],n),ext(k1_tarski(_2124)=k2_xboole_0(_2128,_2130),[- (_2128=k1_tarski(_2124)),- (_2130=k1_tarski(_2124)),- (_2130=k1_xboole_0)],n),ext(k1_tarski(_2044)=k2_xboole_0(_2048,_2050),[- (_2050=k1_tarski(_2044)),- (_2048=k1_xboole_0),- (_2048=k1_tarski(_2044))],n),ext(k1_tarski(_1968)=k2_xboole_0(_1972,_1974),[- (_1974=k1_tarski(_1968)),- (_1972=k1_xboole_0),- (_1974=k1_xboole_0)],n),ext(k1_tarski(_1904)=k2_xboole_0(_1908,_1910),[- (_1910=k1_tarski(_1904)),- (_1908=k1_tarski(_1904))],n),ext(k1_tarski(_1844)=k2_xboole_0(_1848,_1850),[- (_1850=k1_tarski(_1844)),- (_1850=k1_xboole_0)],n),ext(_1808=_1810,[- (_1810=_1808)],n),ext(_1766=_1768,[- (_1766=_1784),_1768=_1784],n),ext(_1724=_1726,[- (_1740=_1726),_1740=_1724],n),ext(_1686=_1688,[- (k1_tarski(_1686)=k1_tarski(_1688))],n),ext(_1632=_1634,[- (k2_xboole_0(_1632,_1656)=k2_xboole_0(_1634,_1662)),_1656=_1662],n),ext(_1578=_1580,[- (k2_xboole_0(_1600,_1578)=k2_xboole_0(_1606,_1580)),_1600=_1606],n),para([0,0],k1_tarski(1^[]),k2_xboole_0(2^[],3^[]),[#],l2r),para([0,1],k1_tarski(1^[]),k2_xboole_0(2^[],3^[]),[#],r2l)],[],[ext([- #,[#,- (k1_tarski(1^[])=k2_xboole_0(2^[],3^[]))]]-[- #,[#,- (k1_tarski(1^[])=k2_xboole_0(2^[],3^[]))]]),init(-# - -#)],0)state([- (k1_tarski(1^[])=k2_xboole_0(2^[],3^[]))],[- #],[],[ext(k1_tarski(_2344)=k2_xboole_0(_2348,_2350),[- (_2348=k1_xboole_0),- (_2348=k1_tarski(_2344))],n),ext(k1_tarski(_2268)=k2_xboole_0(_2272,_2274),[- (_2272=k1_tarski(_2268)),- (_2272=k1_xboole_0),- (_2274=k1_xboole_0)],n),ext(k1_tarski(_2204)=k2_xboole_0(_2208,_2210),[- (_2210=k1_tarski(_2204)),- (_2208=k1_tarski(_2204))],n),ext(k1_tarski(_2124)=k2_xboole_0(_2128,_2130),[- (_2128=k1_tarski(_2124)),- (_2130=k1_tarski(_2124)),- (_2130=k1_xboole_0)],n),ext(k1_tarski(_2044)=k2_xboole_0(_2048,_2050),[- (_2050=k1_tarski(_2044)),- (_2048=k1_xboole_0),- (_2048=k1_tarski(_2044))],n),ext(k1_tarski(_1968)=k2_xboole_0(_1972,_1974),[- (_1974=k1_tarski(_1968)),- (_1972=k1_xboole_0),- (_1974=k1_xboole_0)],n),ext(k1_tarski(_1904)=k2_xboole_0(_1908,_1910),[- (_1910=k1_tarski(_1904)),- (_1908=k1_tarski(_1904))],n),ext(k1_tarski(_1844)=k2_xboole_0(_1848,_1850),[- (_1850=k1_tarski(_1844)),- (_1850=k1_xboole_0)],n),ext(_1808=_1810,[- (_1810=_1808)],n),ext(_1766=_1768,[- (_1766=_1784),_1768=_1784],n),ext(_1724=_1726,[- (_1740=_1726),_1740=_1724],n),ext(_1686=_1688,[- (k1_tarski(_1686)=k1_tarski(_1688))],n),ext(_1632=_1634,[- (k2_xboole_0(_1632,_1656)=k2_xboole_0(_1634,_1662)),_1656=_1662],n),ext(_1578=_1580,[- (k2_xboole_0(_1600,_1578)=k2_xboole_0(_1606,_1580)),_1600=_1606],n),para([0,0],k1_tarski(1^[]),k2_xboole_0(2^[],3^[]),[#],l2r),para([0,1],k1_tarski(1^[]),k2_xboole_0(2^[],3^[]),[#],r2l)],[],[ext([- #,[#,- (k1_tarski(1^[])=k2_xboole_0(2^[],3^[]))]]-[- #,[#,- (k1_tarski(1^[])=k2_xboole_0(2^[],3^[]))]]),init(-# - -#)],0)state([- (k1_tarski(1^[])=k2_xboole_0(2^[],3^[]))],[- #],[],[ext(k1_tarski(_2344)=k2_xboole_0(_2348,_2350),[- (_2348=k1_xboole_0),- (_2348=k1_tarski(_2344))],n),ext(k1_tarski(_2268)=k2_xboole_0(_2272,_2274),[- (_2272=k1_tarski(_2268)),- (_2272=k1_xboole_0),- (_2274=k1_xboole_0)],n),ext(k1_tarski(_2204)=k2_xboole_0(_2208,_2210),[- (_2210=k1_tarski(_2204)),- (_2208=k1_tarski(_2204))],n),ext(k1_tarski(_2124)=k2_xboole_0(_2128,_2130),[- (_2128=k1_tarski(_2124)),- (_2130=k1_tarski(_2124)),- (_2130=k1_xboole_0)],n),ext(k1_tarski(_2044)=k2_xboole_0(_2048,_2050),[- (_2050=k1_tarski(_2044)),- (_2048=k1_xboole_0),- (_2048=k1_tarski(_2044))],n),ext(k1_tarski(_1968)=k2_xboole_0(_1972,_1974),[- (_1974=k1_tarski(_1968)),- (_1972=k1_xboole_0),- (_1974=k1_xboole_0)],n),ext(k1_tarski(_1904)=k2_xboole_0(_1908,_1910),[- (_1910=k1_tarski(_1904)),- (_1908=k1_tarski(_1904))],n),ext(k1_tarski(_1844)=k2_xboole_0(_1848,_1850),[- (_1850=k1_tarski(_1844)),- (_1850=k1_xboole_0)],n),ext(_1808=_1810,[- (_1810=_1808)],n),ext(_1766=_1768,[- (_1766=_1784),_1768=_1784],n),ext(_1724=_1726,[- (_1740=_1726),_1740=_1724],n),ext(_1686=_1688,[- (k1_tarski(_1686)=k1_tarski(_1688))],n),ext(_1632=_1634,[- (k2_xboole_0(_1632,_1656)=k2_xboole_0(_1634,_1662)),_1656=_1662],n),ext(_1578=_1580,[- (k2_xboole_0(_1600,_1578)=k2_xboole_0(_1606,_1580)),_1600=_1606],n),para([0,0],k1_tarski(1^[]),k2_xboole_0(2^[],3^[]),[#],l2r),para([0,1],k1_tarski(1^[]),k2_xboole_0(2^[],3^[]),[#],r2l)],[],[ext([- #,[#,- (k1_tarski(1^[])=k2_xboole_0(2^[],3^[]))]]-[- #,[#,- (k1_tarski(1^[])=k2_xboole_0(2^[],3^[]))]]),init(-# - -#)],0)state([- #],[],[],[ext(#,[- (k1_tarski(1^[])=k2_xboole_0(2^[],3^[]))],g),ext(#,[2^[]=3^[]],g),ext(#,[2^[]=k1_xboole_0],g),ext(#,[3^[]=k1_xboole_0],g)],[],[init(-# - -#)],0)state([- #],[],[],[ext(#,[- (k1_tarski(1^[])=k2_xboole_0(2^[],3^[]))],g),ext(#,[2^[]=3^[]],g),ext(#,[2^[]=k1_xboole_0],g),ext(#,[3^[]=k1_xboole_0],g)],[],[init(-# - -#)],0)state([- #],[],[],[ext(#,[- (k1_tarski(1^[])=k2_xboole_0(2^[],3^[]))],g),ext(#,[2^[]=3^[]],g),ext(#,[2^[]=k1_xboole_0],g),ext(#,[3^[]=k1_xboole_0],g)],[],[init(-# - -#)],0)state([- #],[],[],[ext(#,[- (k1_tarski(1^[])=k2_xboole_0(2^[],3^[]))],g),ext(#,[2^[]=3^[]],g),ext(#,[2^[]=k1_xboole_0],g),ext(#,[3^[]=k1_xboole_0],g)],[],[init(-# - -#)],0)Policy data saved
Training data saved
Execution time: 20.519 sec
Full query: 
 swipl -g '["core/montecarlo.pl"], mc_run("theorems/m2np/t38_zfmisc_1.p",[guided(0),cp(1),sim_depth(0),playout_count(200000),min_visit_count(1),n_dim(10000),playout_time(300), output_format(svmlight), leancop_settings([conj,nodef,comp(1000),eager_reduction(1),paramodulation(1)]),return_to_root(0),save_all_proofs(0),temperature(2),save_all_policy(0),save_all_value(1),lemma_features(0),inference_limit(200000),collapse_vars(0),bigstep_frequency(2000)],"results/plcop_paramodulation/train_value","results/plcop_paramodulation/train_policy","results/plcop_paramodulation/clauses","results/plcop_paramodulation/proofs",ExecutionTime), halt.'
