Prolog query: 
 mc_run("theorems/m2np/t38_mcart_1.p",[guided(0),cp(1),sim_depth(0),playout_count(200000),min_visit_count(1),n_dim(10000),playout_time(300), output_format(svmlight), leancop_settings([conj,nodef,comp(1000),eager_reduction(1),paramodulation(1)]),return_to_root(0),save_all_proofs(0),temperature(2),save_all_policy(0),save_all_value(1),lemma_features(0),inference_limit(200000),collapse_vars(0),bigstep_frequency(2000)],"results/plcop_paramodulation/train_value","results/plcop_paramodulation/train_policy","results/plcop_paramodulation/clauses","results/plcop_paramodulation/proofs",ExecutionTime)
Trying to open file theorems/m2np/t38_mcart_1.p...
Successfully opened file theorems/m2np/t38_mcart_1.p
200000 playouts remaining
SUCCESS
   Init: 	-#
   Extension: 	[- #,[#,k3_zfmisc_1(k1_tarski(1^[]),k1_tarski(2^[]),k2_tarski(3^[],4^[]))=k2_tarski(k3_xtuple_0(1^[],2^[],3^[]),k3_xtuple_0(1^[],2^[],4^[]))]]
   Paramodulation: 	[k3_zfmisc_1(k1_tarski(1^[]),k1_tarski(2^[]),k2_tarski(3^[],4^[]))=k2_tarski(k3_xtuple_0(1^[],2^[],3^[]),k3_xtuple_0(1^[],2^[],4^[])),[1,1],k3_xtuple_0(A,B,C),k4_tarski(k4_tarski(A,B),C),[],l2r]
   Paramodulation: 	[k3_zfmisc_1(k1_tarski(1^[]),k1_tarski(2^[]),k2_tarski(3^[],4^[]))=k2_tarski(k3_xtuple_0(1^[],2^[],3^[]),k4_tarski(k4_tarski(1^[],2^[]),4^[])),[1,0],k3_xtuple_0(A,B,C),k4_tarski(k4_tarski(A,B),C),[],l2r]
   Paramodulation: 	[k3_zfmisc_1(k1_tarski(1^[]),k1_tarski(2^[]),k2_tarski(3^[],4^[]))=k2_tarski(k4_tarski(k4_tarski(1^[],2^[]),3^[]),k4_tarski(k4_tarski(1^[],2^[]),4^[])),[1],k2_zfmisc_1(k1_tarski(A),k2_tarski(B,C)),k2_tarski(k4_tarski(A,B),k4_tarski(A,C)),[],r2l]
   Paramodulation: 	[k3_zfmisc_1(k1_tarski(1^[]),k1_tarski(2^[]),k2_tarski(3^[],4^[]))=k2_zfmisc_1(k1_tarski(k4_tarski(1^[],2^[])),k2_tarski(3^[],4^[])),[1,0],k2_zfmisc_1(k1_tarski(A),k1_tarski(B)),k1_tarski(k4_tarski(A,B)),[],r2l]
   Extension: 	[k3_zfmisc_1(k1_tarski(1^[]),k1_tarski(2^[]),k2_tarski(3^[],4^[]))=k2_zfmisc_1(k2_zfmisc_1(k1_tarski(1^[]),k1_tarski(2^[])),k2_tarski(3^[],4^[])),[- (k3_zfmisc_1(A,B,C)=k2_zfmisc_1(k2_zfmisc_1(A,B),C))]]
Created leancop proof

FIRST PROOF FOUND AFTER 1102 STEPS

Moving root from 0 to 1
Moving root from 1 to 14
195000 playouts remaining
Moving root from 14 to 45
Moving root from 45 to 328
Moving root from 328 to 868
190000 playouts remaining
Moving root from 868 to 869
Unable to move root from 869
185000 playouts remaining
Unable to move root from 869
Unable to move root from 869
Unable to move root from 869
180000 playouts remaining
Unable to move root from 869
Unable to move root from 869
175000 playouts remaining
Unable to move root from 869
Unable to move root from 869
Unable to move root from 869
170000 playouts remaining
Unable to move root from 869
Unable to move root from 869
165000 playouts remaining
Unable to move root from 869
Unable to move root from 869
Unable to move root from 869
160000 playouts remaining
Unable to move root from 869
Unable to move root from 869
155000 playouts remaining
Unable to move root from 869
Unable to move root from 869
Unable to move root from 869
150000 playouts remaining
Unable to move root from 869
Unable to move root from 869
145000 playouts remaining
Unable to move root from 869
Unable to move root from 869
Unable to move root from 869
140000 playouts remaining
Unable to move root from 869
Unable to move root from 869
135000 playouts remaining
Unable to move root from 869
Unable to move root from 869
Unable to move root from 869
130000 playouts remaining
Unable to move root from 869
Unable to move root from 869
125000 playouts remaining
Unable to move root from 869
Unable to move root from 869
Unable to move root from 869
120000 playouts remaining
Unable to move root from 869
Unable to move root from 869
115000 playouts remaining
Unable to move root from 869
Unable to move root from 869
Unable to move root from 869
110000 playouts remaining
Unable to move root from 869
Unable to move root from 869
105000 playouts remaining
Unable to move root from 869
Unable to move root from 869
Unable to move root from 869
100000 playouts remaining
Unable to move root from 869
Unable to move root from 869
95000 playouts remaining
Unable to move root from 869
Unable to move root from 869
Unable to move root from 869
90000 playouts remaining
Unable to move root from 869
Unable to move root from 869
85000 playouts remaining
Unable to move root from 869
Unable to move root from 869
Unable to move root from 869
80000 playouts remaining
Unable to move root from 869
Unable to move root from 869
75000 playouts remaining
Unable to move root from 869
Unable to move root from 869
Unable to move root from 869
70000 playouts remaining
Unable to move root from 869
Unable to move root from 869
65000 playouts remaining
Unable to move root from 869
Unable to move root from 869
Unable to move root from 869
60000 playouts remaining
Unable to move root from 869
Unable to move root from 869
55000 playouts remaining
Unable to move root from 869
Unable to move root from 869
Unable to move root from 869
50000 playouts remaining
Unable to move root from 869
Unable to move root from 869
45000 playouts remaining
Unable to move root from 869
Unable to move root from 869
Unable to move root from 869
40000 playouts remaining
Unable to move root from 869
Unable to move root from 869
35000 playouts remaining
Unable to move root from 869
Unable to move root from 869
Unable to move root from 869
30000 playouts remaining
Unable to move root from 869
Unable to move root from 869
25000 playouts remaining
Unable to move root from 869
Unable to move root from 869
Unable to move root from 869
20000 playouts remaining
Unable to move root from 869
Unable to move root from 869
15000 playouts remaining
Unable to move root from 869
Unable to move root from 869
Unable to move root from 869
10000 playouts remaining
Unable to move root from 869
Unable to move root from 869
5000 playouts remaining
Unable to move root from 869
Unable to move root from 869
Unable to move root from 869
Created 870 nodes
Performed 41237 inferences
Bigstep Nodes: 7, [0,1,14,45,328,868,869]
Training data collected
state([success],[],[],[],[],[ext([k3_zfmisc_1(k1_tarski(1^[]),k1_tarski(2^[]),k2_tarski(3^[],4^[]))=k2_zfmisc_1(k2_zfmisc_1(k1_tarski(1^[]),k1_tarski(2^[])),k2_tarski(3^[],4^[])),[- (k3_zfmisc_1(_639134,_639136,_639138)=k2_zfmisc_1(k2_zfmisc_1(_639134,_639136),_639138))]]-[k3_zfmisc_1(k1_tarski(1^[]),k1_tarski(2^[]),k2_tarski(3^[],4^[]))=k2_zfmisc_1(k2_zfmisc_1(k1_tarski(1^[]),k1_tarski(2^[])),k2_tarski(3^[],4^[])),[- (k3_zfmisc_1(k1_tarski(1^[]),k1_tarski(2^[]),k2_tarski(3^[],4^[]))=k2_zfmisc_1(k2_zfmisc_1(k1_tarski(1^[]),k1_tarski(2^[])),k2_tarski(3^[],4^[])))]]),para([k3_zfmisc_1(k1_tarski(1^[]),k1_tarski(2^[]),k2_tarski(3^[],4^[]))=k2_zfmisc_1(k1_tarski(k4_tarski(1^[],2^[])),k2_tarski(3^[],4^[])),[1,0],k2_zfmisc_1(k1_tarski(_638854),k1_tarski(_638858)),k1_tarski(k4_tarski(_638854,_638858)),[],r2l]-[k3_zfmisc_1(k1_tarski(1^[]),k1_tarski(2^[]),k2_tarski(3^[],4^[]))=k2_zfmisc_1(k1_tarski(k4_tarski(1^[],2^[])),k2_tarski(3^[],4^[])),[1,0],k2_zfmisc_1(k1_tarski(1^[]),k1_tarski(2^[])),k1_tarski(k4_tarski(1^[],2^[])),[],r2l]),para([k3_zfmisc_1(k1_tarski(1^[]),k1_tarski(2^[]),k2_tarski(3^[],4^[]))=k2_tarski(k4_tarski(k4_tarski(1^[],2^[]),3^[]),k4_tarski(k4_tarski(1^[],2^[]),4^[])),[1],k2_zfmisc_1(k1_tarski(_638918),k2_tarski(_638922,_638924)),k2_tarski(k4_tarski(_638918,_638922),k4_tarski(_638918,_638924)),[],r2l]-[k3_zfmisc_1(k1_tarski(1^[]),k1_tarski(2^[]),k2_tarski(3^[],4^[]))=k2_tarski(k4_tarski(k4_tarski(1^[],2^[]),3^[]),k4_tarski(k4_tarski(1^[],2^[]),4^[])),[1],k2_zfmisc_1(k1_tarski(k4_tarski(1^[],2^[])),k2_tarski(3^[],4^[])),k2_tarski(k4_tarski(k4_tarski(1^[],2^[]),3^[]),k4_tarski(k4_tarski(1^[],2^[]),4^[])),[],r2l]),para([k3_zfmisc_1(k1_tarski(1^[]),k1_tarski(2^[]),k2_tarski(3^[],4^[]))=k2_tarski(k3_xtuple_0(1^[],2^[],3^[]),k4_tarski(k4_tarski(1^[],2^[]),4^[])),[1,0],k3_xtuple_0(_638986,_638988,_638990),k4_tarski(k4_tarski(_638986,_638988),_638990),[],l2r]-[k3_zfmisc_1(k1_tarski(1^[]),k1_tarski(2^[]),k2_tarski(3^[],4^[]))=k2_tarski(k3_xtuple_0(1^[],2^[],3^[]),k4_tarski(k4_tarski(1^[],2^[]),4^[])),[1,0],k3_xtuple_0(1^[],2^[],3^[]),k4_tarski(k4_tarski(1^[],2^[]),3^[]),[],l2r]),para([k3_zfmisc_1(k1_tarski(1^[]),k1_tarski(2^[]),k2_tarski(3^[],4^[]))=k2_tarski(k3_xtuple_0(1^[],2^[],3^[]),k3_xtuple_0(1^[],2^[],4^[])),[1,1],k3_xtuple_0(_639046,_639048,_639050),k4_tarski(k4_tarski(_639046,_639048),_639050),[],l2r]-[k3_zfmisc_1(k1_tarski(1^[]),k1_tarski(2^[]),k2_tarski(3^[],4^[]))=k2_tarski(k3_xtuple_0(1^[],2^[],3^[]),k3_xtuple_0(1^[],2^[],4^[])),[1,1],k3_xtuple_0(1^[],2^[],4^[]),k4_tarski(k4_tarski(1^[],2^[]),4^[]),[],l2r]),ext([- #,[#,k3_zfmisc_1(k1_tarski(1^[]),k1_tarski(2^[]),k2_tarski(3^[],4^[]))=k2_tarski(k3_xtuple_0(1^[],2^[],3^[]),k3_xtuple_0(1^[],2^[],4^[]))]]-[- #,[#,k3_zfmisc_1(k1_tarski(1^[]),k1_tarski(2^[]),k2_tarski(3^[],4^[]))=k2_tarski(k3_xtuple_0(1^[],2^[],3^[]),k3_xtuple_0(1^[],2^[],4^[]))]]),init(-# - -#)],1)state([k3_zfmisc_1(k1_tarski(1^[]),k1_tarski(2^[]),k2_tarski(3^[],4^[]))=k2_zfmisc_1(k2_zfmisc_1(k1_tarski(1^[]),k1_tarski(2^[])),k2_tarski(3^[],4^[]))],[k3_zfmisc_1(k1_tarski(1^[]),k1_tarski(2^[]),k2_tarski(3^[],4^[]))=k2_zfmisc_1(k1_tarski(k4_tarski(1^[],2^[])),k2_tarski(3^[],4^[])),k3_zfmisc_1(k1_tarski(1^[]),k1_tarski(2^[]),k2_tarski(3^[],4^[]))=k2_tarski(k4_tarski(k4_tarski(1^[],2^[]),3^[]),k4_tarski(k4_tarski(1^[],2^[]),4^[])),k3_zfmisc_1(k1_tarski(1^[]),k1_tarski(2^[]),k2_tarski(3^[],4^[]))=k2_tarski(k3_xtuple_0(1^[],2^[],3^[]),k4_tarski(k4_tarski(1^[],2^[]),4^[])),k3_zfmisc_1(k1_tarski(1^[]),k1_tarski(2^[]),k2_tarski(3^[],4^[]))=k2_tarski(k3_xtuple_0(1^[],2^[],3^[]),k3_xtuple_0(1^[],2^[],4^[])),- #],[],[ext(- (k3_zfmisc_1(_638458,_638460,_638462)=k2_zfmisc_1(k2_zfmisc_1(_638458,_638460),_638462)),[],n),ext(- (_638422=_638424),[_638424=_638422],n),ext(- (_638380=_638382),[_638380=_638394,_638394=_638382],n),para([0],k3_zfmisc_1(_638582,_638584,_638586),k2_zfmisc_1(k2_zfmisc_1(_638582,_638584),_638586),[],l2r),para([1],k3_zfmisc_1(_638544,_638546,_638548),k2_zfmisc_1(k2_zfmisc_1(_638544,_638546),_638548),[],r2l),para([1,0],k2_zfmisc_1(k1_tarski(_638508),k1_tarski(_638512)),k1_tarski(k4_tarski(_638508,_638512)),[],l2r)],[],[para([k3_zfmisc_1(k1_tarski(1^[]),k1_tarski(2^[]),k2_tarski(3^[],4^[]))=k2_zfmisc_1(k1_tarski(k4_tarski(1^[],2^[])),k2_tarski(3^[],4^[])),[1,0],k2_zfmisc_1(k1_tarski(_638304),k1_tarski(_638308)),k1_tarski(k4_tarski(_638304,_638308)),[],r2l]-[k3_zfmisc_1(k1_tarski(1^[]),k1_tarski(2^[]),k2_tarski(3^[],4^[]))=k2_zfmisc_1(k1_tarski(k4_tarski(1^[],2^[])),k2_tarski(3^[],4^[])),[1,0],k2_zfmisc_1(k1_tarski(1^[]),k1_tarski(2^[])),k1_tarski(k4_tarski(1^[],2^[])),[],r2l]),para([k3_zfmisc_1(k1_tarski(1^[]),k1_tarski(2^[]),k2_tarski(3^[],4^[]))=k2_tarski(k4_tarski(k4_tarski(1^[],2^[]),3^[]),k4_tarski(k4_tarski(1^[],2^[]),4^[])),[1],k2_zfmisc_1(k1_tarski(_638074),k2_tarski(_638078,_638080)),k2_tarski(k4_tarski(_638074,_638078),k4_tarski(_638074,_638080)),[],r2l]-[k3_zfmisc_1(k1_tarski(1^[]),k1_tarski(2^[]),k2_tarski(3^[],4^[]))=k2_tarski(k4_tarski(k4_tarski(1^[],2^[]),3^[]),k4_tarski(k4_tarski(1^[],2^[]),4^[])),[1],k2_zfmisc_1(k1_tarski(k4_tarski(1^[],2^[])),k2_tarski(3^[],4^[])),k2_tarski(k4_tarski(k4_tarski(1^[],2^[]),3^[]),k4_tarski(k4_tarski(1^[],2^[]),4^[])),[],r2l]),para([k3_zfmisc_1(k1_tarski(1^[]),k1_tarski(2^[]),k2_tarski(3^[],4^[]))=k2_tarski(k3_xtuple_0(1^[],2^[],3^[]),k4_tarski(k4_tarski(1^[],2^[]),4^[])),[1,0],k3_xtuple_0(_638142,_638144,_638146),k4_tarski(k4_tarski(_638142,_638144),_638146),[],l2r]-[k3_zfmisc_1(k1_tarski(1^[]),k1_tarski(2^[]),k2_tarski(3^[],4^[]))=k2_tarski(k3_xtuple_0(1^[],2^[],3^[]),k4_tarski(k4_tarski(1^[],2^[]),4^[])),[1,0],k3_xtuple_0(1^[],2^[],3^[]),k4_tarski(k4_tarski(1^[],2^[]),3^[]),[],l2r]),para([k3_zfmisc_1(k1_tarski(1^[]),k1_tarski(2^[]),k2_tarski(3^[],4^[]))=k2_tarski(k3_xtuple_0(1^[],2^[],3^[]),k3_xtuple_0(1^[],2^[],4^[])),[1,1],k3_xtuple_0(_638202,_638204,_638206),k4_tarski(k4_tarski(_638202,_638204),_638206),[],l2r]-[k3_zfmisc_1(k1_tarski(1^[]),k1_tarski(2^[]),k2_tarski(3^[],4^[]))=k2_tarski(k3_xtuple_0(1^[],2^[],3^[]),k3_xtuple_0(1^[],2^[],4^[])),[1,1],k3_xtuple_0(1^[],2^[],4^[]),k4_tarski(k4_tarski(1^[],2^[]),4^[]),[],l2r]),ext([- #,[#,k3_zfmisc_1(k1_tarski(1^[]),k1_tarski(2^[]),k2_tarski(3^[],4^[]))=k2_tarski(k3_xtuple_0(1^[],2^[],3^[]),k3_xtuple_0(1^[],2^[],4^[]))]]-[- #,[#,k3_zfmisc_1(k1_tarski(1^[]),k1_tarski(2^[]),k2_tarski(3^[],4^[]))=k2_tarski(k3_xtuple_0(1^[],2^[],3^[]),k3_xtuple_0(1^[],2^[],4^[]))]]),init(-# - -#)],0)state([k3_zfmisc_1(k1_tarski(1^[]),k1_tarski(2^[]),k2_tarski(3^[],4^[]))=k2_zfmisc_1(k1_tarski(k4_tarski(1^[],2^[])),k2_tarski(3^[],4^[]))],[k3_zfmisc_1(k1_tarski(1^[]),k1_tarski(2^[]),k2_tarski(3^[],4^[]))=k2_tarski(k4_tarski(k4_tarski(1^[],2^[]),3^[]),k4_tarski(k4_tarski(1^[],2^[]),4^[])),k3_zfmisc_1(k1_tarski(1^[]),k1_tarski(2^[]),k2_tarski(3^[],4^[]))=k2_tarski(k3_xtuple_0(1^[],2^[],3^[]),k4_tarski(k4_tarski(1^[],2^[]),4^[])),k3_zfmisc_1(k1_tarski(1^[]),k1_tarski(2^[]),k2_tarski(3^[],4^[]))=k2_tarski(k3_xtuple_0(1^[],2^[],3^[]),k3_xtuple_0(1^[],2^[],4^[])),- #],[],[ext(- (_195328=_195330),[_195330=_195328],n),ext(- (_195286=_195288),[_195286=_195300,_195300=_195288],n),para([0],k3_zfmisc_1(_195464,_195466,_195468),k2_zfmisc_1(k2_zfmisc_1(_195464,_195466),_195468),[],l2r),para([1,0],k2_zfmisc_1(k1_tarski(_195428),k1_tarski(_195432)),k1_tarski(k4_tarski(_195428,_195432)),[],r2l),para([1],k2_zfmisc_1(k1_tarski(_195370),k2_tarski(_195374,_195376)),k2_tarski(k4_tarski(_195370,_195374),k4_tarski(_195370,_195376)),[],l2r)],[],[para([k3_zfmisc_1(k1_tarski(1^[]),k1_tarski(2^[]),k2_tarski(3^[],4^[]))=k2_tarski(k4_tarski(k4_tarski(1^[],2^[]),3^[]),k4_tarski(k4_tarski(1^[],2^[]),4^[])),[1],k2_zfmisc_1(k1_tarski(_195206),k2_tarski(_195210,_195212)),k2_tarski(k4_tarski(_195206,_195210),k4_tarski(_195206,_195212)),[],r2l]-[k3_zfmisc_1(k1_tarski(1^[]),k1_tarski(2^[]),k2_tarski(3^[],4^[]))=k2_tarski(k4_tarski(k4_tarski(1^[],2^[]),3^[]),k4_tarski(k4_tarski(1^[],2^[]),4^[])),[1],k2_zfmisc_1(k1_tarski(k4_tarski(1^[],2^[])),k2_tarski(3^[],4^[])),k2_tarski(k4_tarski(k4_tarski(1^[],2^[]),3^[]),k4_tarski(k4_tarski(1^[],2^[]),4^[])),[],r2l]),para([k3_zfmisc_1(k1_tarski(1^[]),k1_tarski(2^[]),k2_tarski(3^[],4^[]))=k2_tarski(k3_xtuple_0(1^[],2^[],3^[]),k4_tarski(k4_tarski(1^[],2^[]),4^[])),[1,0],k3_xtuple_0(_195044,_195046,_195048),k4_tarski(k4_tarski(_195044,_195046),_195048),[],l2r]-[k3_zfmisc_1(k1_tarski(1^[]),k1_tarski(2^[]),k2_tarski(3^[],4^[]))=k2_tarski(k3_xtuple_0(1^[],2^[],3^[]),k4_tarski(k4_tarski(1^[],2^[]),4^[])),[1,0],k3_xtuple_0(1^[],2^[],3^[]),k4_tarski(k4_tarski(1^[],2^[]),3^[]),[],l2r]),para([k3_zfmisc_1(k1_tarski(1^[]),k1_tarski(2^[]),k2_tarski(3^[],4^[]))=k2_tarski(k3_xtuple_0(1^[],2^[],3^[]),k3_xtuple_0(1^[],2^[],4^[])),[1,1],k3_xtuple_0(_195104,_195106,_195108),k4_tarski(k4_tarski(_195104,_195106),_195108),[],l2r]-[k3_zfmisc_1(k1_tarski(1^[]),k1_tarski(2^[]),k2_tarski(3^[],4^[]))=k2_tarski(k3_xtuple_0(1^[],2^[],3^[]),k3_xtuple_0(1^[],2^[],4^[])),[1,1],k3_xtuple_0(1^[],2^[],4^[]),k4_tarski(k4_tarski(1^[],2^[]),4^[]),[],l2r]),ext([- #,[#,k3_zfmisc_1(k1_tarski(1^[]),k1_tarski(2^[]),k2_tarski(3^[],4^[]))=k2_tarski(k3_xtuple_0(1^[],2^[],3^[]),k3_xtuple_0(1^[],2^[],4^[]))]]-[- #,[#,k3_zfmisc_1(k1_tarski(1^[]),k1_tarski(2^[]),k2_tarski(3^[],4^[]))=k2_tarski(k3_xtuple_0(1^[],2^[],3^[]),k3_xtuple_0(1^[],2^[],4^[]))]]),init(-# - -#)],0)state([k3_zfmisc_1(k1_tarski(1^[]),k1_tarski(2^[]),k2_tarski(3^[],4^[]))=k2_tarski(k4_tarski(k4_tarski(1^[],2^[]),3^[]),k4_tarski(k4_tarski(1^[],2^[]),4^[]))],[k3_zfmisc_1(k1_tarski(1^[]),k1_tarski(2^[]),k2_tarski(3^[],4^[]))=k2_tarski(k3_xtuple_0(1^[],2^[],3^[]),k4_tarski(k4_tarski(1^[],2^[]),4^[])),k3_zfmisc_1(k1_tarski(1^[]),k1_tarski(2^[]),k2_tarski(3^[],4^[]))=k2_tarski(k3_xtuple_0(1^[],2^[],3^[]),k3_xtuple_0(1^[],2^[],4^[])),- #],[],[ext(- (_22608=_22610),[_22610=_22608],n),ext(- (_22566=_22568),[_22566=_22580,_22580=_22568],n),para([0],k3_zfmisc_1(_22784,_22786,_22788),k2_zfmisc_1(k2_zfmisc_1(_22784,_22786),_22788),[],l2r),para([1,0],k3_xtuple_0(_22746,_22748,_22750),k4_tarski(k4_tarski(_22746,_22748),_22750),[],r2l),para([1,1],k3_xtuple_0(_22702,_22704,_22706),k4_tarski(k4_tarski(_22702,_22704),_22706),[],r2l),para([1],k2_zfmisc_1(k1_tarski(_22650),k2_tarski(_22654,_22656)),k2_tarski(k4_tarski(_22650,_22654),k4_tarski(_22650,_22656)),[],r2l)],[],[para([k3_zfmisc_1(k1_tarski(1^[]),k1_tarski(2^[]),k2_tarski(3^[],4^[]))=k2_tarski(k3_xtuple_0(1^[],2^[],3^[]),k4_tarski(k4_tarski(1^[],2^[]),4^[])),[1,0],k3_xtuple_0(_22488,_22490,_22492),k4_tarski(k4_tarski(_22488,_22490),_22492),[],l2r]-[k3_zfmisc_1(k1_tarski(1^[]),k1_tarski(2^[]),k2_tarski(3^[],4^[]))=k2_tarski(k3_xtuple_0(1^[],2^[],3^[]),k4_tarski(k4_tarski(1^[],2^[]),4^[])),[1,0],k3_xtuple_0(1^[],2^[],3^[]),k4_tarski(k4_tarski(1^[],2^[]),3^[]),[],l2r]),para([k3_zfmisc_1(k1_tarski(1^[]),k1_tarski(2^[]),k2_tarski(3^[],4^[]))=k2_tarski(k3_xtuple_0(1^[],2^[],3^[]),k3_xtuple_0(1^[],2^[],4^[])),[1,1],k3_xtuple_0(_22392,_22394,_22396),k4_tarski(k4_tarski(_22392,_22394),_22396),[],l2r]-[k3_zfmisc_1(k1_tarski(1^[]),k1_tarski(2^[]),k2_tarski(3^[],4^[]))=k2_tarski(k3_xtuple_0(1^[],2^[],3^[]),k3_xtuple_0(1^[],2^[],4^[])),[1,1],k3_xtuple_0(1^[],2^[],4^[]),k4_tarski(k4_tarski(1^[],2^[]),4^[]),[],l2r]),ext([- #,[#,k3_zfmisc_1(k1_tarski(1^[]),k1_tarski(2^[]),k2_tarski(3^[],4^[]))=k2_tarski(k3_xtuple_0(1^[],2^[],3^[]),k3_xtuple_0(1^[],2^[],4^[]))]]-[- #,[#,k3_zfmisc_1(k1_tarski(1^[]),k1_tarski(2^[]),k2_tarski(3^[],4^[]))=k2_tarski(k3_xtuple_0(1^[],2^[],3^[]),k3_xtuple_0(1^[],2^[],4^[]))]]),init(-# - -#)],0)state([k3_zfmisc_1(k1_tarski(1^[]),k1_tarski(2^[]),k2_tarski(3^[],4^[]))=k2_tarski(k3_xtuple_0(1^[],2^[],3^[]),k4_tarski(k4_tarski(1^[],2^[]),4^[]))],[k3_zfmisc_1(k1_tarski(1^[]),k1_tarski(2^[]),k2_tarski(3^[],4^[]))=k2_tarski(k3_xtuple_0(1^[],2^[],3^[]),k3_xtuple_0(1^[],2^[],4^[])),- #],[],[ext(- (_7514=_7516),[_7516=_7514],n),ext(- (_7472=_7474),[_7472=_7486,_7486=_7474],n),para([0],k3_zfmisc_1(_7638,_7640,_7642),k2_zfmisc_1(k2_zfmisc_1(_7638,_7640),_7642),[],l2r),para([1,0],k3_xtuple_0(_7600,_7602,_7604),k4_tarski(k4_tarski(_7600,_7602),_7604),[],l2r),para([1,1],k3_xtuple_0(_7556,_7558,_7560),k4_tarski(k4_tarski(_7556,_7558),_7560),[],r2l)],[],[para([k3_zfmisc_1(k1_tarski(1^[]),k1_tarski(2^[]),k2_tarski(3^[],4^[]))=k2_tarski(k3_xtuple_0(1^[],2^[],3^[]),k3_xtuple_0(1^[],2^[],4^[])),[1,1],k3_xtuple_0(_7394,_7396,_7398),k4_tarski(k4_tarski(_7394,_7396),_7398),[],l2r]-[k3_zfmisc_1(k1_tarski(1^[]),k1_tarski(2^[]),k2_tarski(3^[],4^[]))=k2_tarski(k3_xtuple_0(1^[],2^[],3^[]),k3_xtuple_0(1^[],2^[],4^[])),[1,1],k3_xtuple_0(1^[],2^[],4^[]),k4_tarski(k4_tarski(1^[],2^[]),4^[]),[],l2r]),ext([- #,[#,k3_zfmisc_1(k1_tarski(1^[]),k1_tarski(2^[]),k2_tarski(3^[],4^[]))=k2_tarski(k3_xtuple_0(1^[],2^[],3^[]),k3_xtuple_0(1^[],2^[],4^[]))]]-[- #,[#,k3_zfmisc_1(k1_tarski(1^[]),k1_tarski(2^[]),k2_tarski(3^[],4^[]))=k2_tarski(k3_xtuple_0(1^[],2^[],3^[]),k3_xtuple_0(1^[],2^[],4^[]))]]),init(-# - -#)],0)state([k3_zfmisc_1(k1_tarski(1^[]),k1_tarski(2^[]),k2_tarski(3^[],4^[]))=k2_tarski(k3_xtuple_0(1^[],2^[],3^[]),k3_xtuple_0(1^[],2^[],4^[]))],[- #],[],[ext(- (_1716=_1718),[_1718=_1716],n),ext(- (_1674=_1676),[_1674=_1688,_1688=_1676],n),para([0],k3_zfmisc_1(_1840,_1842,_1844),k2_zfmisc_1(k2_zfmisc_1(_1840,_1842),_1844),[],l2r),para([1,0],k3_xtuple_0(_1802,_1804,_1806),k4_tarski(k4_tarski(_1802,_1804),_1806),[],l2r),para([1,1],k3_xtuple_0(_1758,_1760,_1762),k4_tarski(k4_tarski(_1758,_1760),_1762),[],l2r)],[],[ext([- #,[#,k3_zfmisc_1(k1_tarski(1^[]),k1_tarski(2^[]),k2_tarski(3^[],4^[]))=k2_tarski(k3_xtuple_0(1^[],2^[],3^[]),k3_xtuple_0(1^[],2^[],4^[]))]]-[- #,[#,k3_zfmisc_1(k1_tarski(1^[]),k1_tarski(2^[]),k2_tarski(3^[],4^[]))=k2_tarski(k3_xtuple_0(1^[],2^[],3^[]),k3_xtuple_0(1^[],2^[],4^[]))]]),init(-# - -#)],0)state([- #],[],[],[ext(#,[k3_zfmisc_1(k1_tarski(1^[]),k1_tarski(2^[]),k2_tarski(3^[],4^[]))=k2_tarski(k3_xtuple_0(1^[],2^[],3^[]),k3_xtuple_0(1^[],2^[],4^[]))],g)],[],[init(-# - -#)],0)Value data saved
state([k3_zfmisc_1(k1_tarski(1^[]),k1_tarski(2^[]),k2_tarski(3^[],4^[]))=k2_zfmisc_1(k2_zfmisc_1(k1_tarski(1^[]),k1_tarski(2^[])),k2_tarski(3^[],4^[]))],[k3_zfmisc_1(k1_tarski(1^[]),k1_tarski(2^[]),k2_tarski(3^[],4^[]))=k2_zfmisc_1(k1_tarski(k4_tarski(1^[],2^[])),k2_tarski(3^[],4^[])),k3_zfmisc_1(k1_tarski(1^[]),k1_tarski(2^[]),k2_tarski(3^[],4^[]))=k2_tarski(k4_tarski(k4_tarski(1^[],2^[]),3^[]),k4_tarski(k4_tarski(1^[],2^[]),4^[])),k3_zfmisc_1(k1_tarski(1^[]),k1_tarski(2^[]),k2_tarski(3^[],4^[]))=k2_tarski(k3_xtuple_0(1^[],2^[],3^[]),k4_tarski(k4_tarski(1^[],2^[]),4^[])),k3_zfmisc_1(k1_tarski(1^[]),k1_tarski(2^[]),k2_tarski(3^[],4^[]))=k2_tarski(k3_xtuple_0(1^[],2^[],3^[]),k3_xtuple_0(1^[],2^[],4^[])),- #],[],[ext(- (k3_zfmisc_1(_638458,_638460,_638462)=k2_zfmisc_1(k2_zfmisc_1(_638458,_638460),_638462)),[],n),ext(- (_638422=_638424),[_638424=_638422],n),ext(- (_638380=_638382),[_638380=_638394,_638394=_638382],n),para([0],k3_zfmisc_1(_638582,_638584,_638586),k2_zfmisc_1(k2_zfmisc_1(_638582,_638584),_638586),[],l2r),para([1],k3_zfmisc_1(_638544,_638546,_638548),k2_zfmisc_1(k2_zfmisc_1(_638544,_638546),_638548),[],r2l),para([1,0],k2_zfmisc_1(k1_tarski(_638508),k1_tarski(_638512)),k1_tarski(k4_tarski(_638508,_638512)),[],l2r)],[],[para([k3_zfmisc_1(k1_tarski(1^[]),k1_tarski(2^[]),k2_tarski(3^[],4^[]))=k2_zfmisc_1(k1_tarski(k4_tarski(1^[],2^[])),k2_tarski(3^[],4^[])),[1,0],k2_zfmisc_1(k1_tarski(_638304),k1_tarski(_638308)),k1_tarski(k4_tarski(_638304,_638308)),[],r2l]-[k3_zfmisc_1(k1_tarski(1^[]),k1_tarski(2^[]),k2_tarski(3^[],4^[]))=k2_zfmisc_1(k1_tarski(k4_tarski(1^[],2^[])),k2_tarski(3^[],4^[])),[1,0],k2_zfmisc_1(k1_tarski(1^[]),k1_tarski(2^[])),k1_tarski(k4_tarski(1^[],2^[])),[],r2l]),para([k3_zfmisc_1(k1_tarski(1^[]),k1_tarski(2^[]),k2_tarski(3^[],4^[]))=k2_tarski(k4_tarski(k4_tarski(1^[],2^[]),3^[]),k4_tarski(k4_tarski(1^[],2^[]),4^[])),[1],k2_zfmisc_1(k1_tarski(_638074),k2_tarski(_638078,_638080)),k2_tarski(k4_tarski(_638074,_638078),k4_tarski(_638074,_638080)),[],r2l]-[k3_zfmisc_1(k1_tarski(1^[]),k1_tarski(2^[]),k2_tarski(3^[],4^[]))=k2_tarski(k4_tarski(k4_tarski(1^[],2^[]),3^[]),k4_tarski(k4_tarski(1^[],2^[]),4^[])),[1],k2_zfmisc_1(k1_tarski(k4_tarski(1^[],2^[])),k2_tarski(3^[],4^[])),k2_tarski(k4_tarski(k4_tarski(1^[],2^[]),3^[]),k4_tarski(k4_tarski(1^[],2^[]),4^[])),[],r2l]),para([k3_zfmisc_1(k1_tarski(1^[]),k1_tarski(2^[]),k2_tarski(3^[],4^[]))=k2_tarski(k3_xtuple_0(1^[],2^[],3^[]),k4_tarski(k4_tarski(1^[],2^[]),4^[])),[1,0],k3_xtuple_0(_638142,_638144,_638146),k4_tarski(k4_tarski(_638142,_638144),_638146),[],l2r]-[k3_zfmisc_1(k1_tarski(1^[]),k1_tarski(2^[]),k2_tarski(3^[],4^[]))=k2_tarski(k3_xtuple_0(1^[],2^[],3^[]),k4_tarski(k4_tarski(1^[],2^[]),4^[])),[1,0],k3_xtuple_0(1^[],2^[],3^[]),k4_tarski(k4_tarski(1^[],2^[]),3^[]),[],l2r]),para([k3_zfmisc_1(k1_tarski(1^[]),k1_tarski(2^[]),k2_tarski(3^[],4^[]))=k2_tarski(k3_xtuple_0(1^[],2^[],3^[]),k3_xtuple_0(1^[],2^[],4^[])),[1,1],k3_xtuple_0(_638202,_638204,_638206),k4_tarski(k4_tarski(_638202,_638204),_638206),[],l2r]-[k3_zfmisc_1(k1_tarski(1^[]),k1_tarski(2^[]),k2_tarski(3^[],4^[]))=k2_tarski(k3_xtuple_0(1^[],2^[],3^[]),k3_xtuple_0(1^[],2^[],4^[])),[1,1],k3_xtuple_0(1^[],2^[],4^[]),k4_tarski(k4_tarski(1^[],2^[]),4^[]),[],l2r]),ext([- #,[#,k3_zfmisc_1(k1_tarski(1^[]),k1_tarski(2^[]),k2_tarski(3^[],4^[]))=k2_tarski(k3_xtuple_0(1^[],2^[],3^[]),k3_xtuple_0(1^[],2^[],4^[]))]]-[- #,[#,k3_zfmisc_1(k1_tarski(1^[]),k1_tarski(2^[]),k2_tarski(3^[],4^[]))=k2_tarski(k3_xtuple_0(1^[],2^[],3^[]),k3_xtuple_0(1^[],2^[],4^[]))]]),init(-# - -#)],0)state([k3_zfmisc_1(k1_tarski(1^[]),k1_tarski(2^[]),k2_tarski(3^[],4^[]))=k2_zfmisc_1(k1_tarski(k4_tarski(1^[],2^[])),k2_tarski(3^[],4^[]))],[k3_zfmisc_1(k1_tarski(1^[]),k1_tarski(2^[]),k2_tarski(3^[],4^[]))=k2_tarski(k4_tarski(k4_tarski(1^[],2^[]),3^[]),k4_tarski(k4_tarski(1^[],2^[]),4^[])),k3_zfmisc_1(k1_tarski(1^[]),k1_tarski(2^[]),k2_tarski(3^[],4^[]))=k2_tarski(k3_xtuple_0(1^[],2^[],3^[]),k4_tarski(k4_tarski(1^[],2^[]),4^[])),k3_zfmisc_1(k1_tarski(1^[]),k1_tarski(2^[]),k2_tarski(3^[],4^[]))=k2_tarski(k3_xtuple_0(1^[],2^[],3^[]),k3_xtuple_0(1^[],2^[],4^[])),- #],[],[ext(- (_195328=_195330),[_195330=_195328],n),ext(- (_195286=_195288),[_195286=_195300,_195300=_195288],n),para([0],k3_zfmisc_1(_195464,_195466,_195468),k2_zfmisc_1(k2_zfmisc_1(_195464,_195466),_195468),[],l2r),para([1,0],k2_zfmisc_1(k1_tarski(_195428),k1_tarski(_195432)),k1_tarski(k4_tarski(_195428,_195432)),[],r2l),para([1],k2_zfmisc_1(k1_tarski(_195370),k2_tarski(_195374,_195376)),k2_tarski(k4_tarski(_195370,_195374),k4_tarski(_195370,_195376)),[],l2r)],[],[para([k3_zfmisc_1(k1_tarski(1^[]),k1_tarski(2^[]),k2_tarski(3^[],4^[]))=k2_tarski(k4_tarski(k4_tarski(1^[],2^[]),3^[]),k4_tarski(k4_tarski(1^[],2^[]),4^[])),[1],k2_zfmisc_1(k1_tarski(_195206),k2_tarski(_195210,_195212)),k2_tarski(k4_tarski(_195206,_195210),k4_tarski(_195206,_195212)),[],r2l]-[k3_zfmisc_1(k1_tarski(1^[]),k1_tarski(2^[]),k2_tarski(3^[],4^[]))=k2_tarski(k4_tarski(k4_tarski(1^[],2^[]),3^[]),k4_tarski(k4_tarski(1^[],2^[]),4^[])),[1],k2_zfmisc_1(k1_tarski(k4_tarski(1^[],2^[])),k2_tarski(3^[],4^[])),k2_tarski(k4_tarski(k4_tarski(1^[],2^[]),3^[]),k4_tarski(k4_tarski(1^[],2^[]),4^[])),[],r2l]),para([k3_zfmisc_1(k1_tarski(1^[]),k1_tarski(2^[]),k2_tarski(3^[],4^[]))=k2_tarski(k3_xtuple_0(1^[],2^[],3^[]),k4_tarski(k4_tarski(1^[],2^[]),4^[])),[1,0],k3_xtuple_0(_195044,_195046,_195048),k4_tarski(k4_tarski(_195044,_195046),_195048),[],l2r]-[k3_zfmisc_1(k1_tarski(1^[]),k1_tarski(2^[]),k2_tarski(3^[],4^[]))=k2_tarski(k3_xtuple_0(1^[],2^[],3^[]),k4_tarski(k4_tarski(1^[],2^[]),4^[])),[1,0],k3_xtuple_0(1^[],2^[],3^[]),k4_tarski(k4_tarski(1^[],2^[]),3^[]),[],l2r]),para([k3_zfmisc_1(k1_tarski(1^[]),k1_tarski(2^[]),k2_tarski(3^[],4^[]))=k2_tarski(k3_xtuple_0(1^[],2^[],3^[]),k3_xtuple_0(1^[],2^[],4^[])),[1,1],k3_xtuple_0(_195104,_195106,_195108),k4_tarski(k4_tarski(_195104,_195106),_195108),[],l2r]-[k3_zfmisc_1(k1_tarski(1^[]),k1_tarski(2^[]),k2_tarski(3^[],4^[]))=k2_tarski(k3_xtuple_0(1^[],2^[],3^[]),k3_xtuple_0(1^[],2^[],4^[])),[1,1],k3_xtuple_0(1^[],2^[],4^[]),k4_tarski(k4_tarski(1^[],2^[]),4^[]),[],l2r]),ext([- #,[#,k3_zfmisc_1(k1_tarski(1^[]),k1_tarski(2^[]),k2_tarski(3^[],4^[]))=k2_tarski(k3_xtuple_0(1^[],2^[],3^[]),k3_xtuple_0(1^[],2^[],4^[]))]]-[- #,[#,k3_zfmisc_1(k1_tarski(1^[]),k1_tarski(2^[]),k2_tarski(3^[],4^[]))=k2_tarski(k3_xtuple_0(1^[],2^[],3^[]),k3_xtuple_0(1^[],2^[],4^[]))]]),init(-# - -#)],0)state([k3_zfmisc_1(k1_tarski(1^[]),k1_tarski(2^[]),k2_tarski(3^[],4^[]))=k2_zfmisc_1(k1_tarski(k4_tarski(1^[],2^[])),k2_tarski(3^[],4^[]))],[k3_zfmisc_1(k1_tarski(1^[]),k1_tarski(2^[]),k2_tarski(3^[],4^[]))=k2_tarski(k4_tarski(k4_tarski(1^[],2^[]),3^[]),k4_tarski(k4_tarski(1^[],2^[]),4^[])),k3_zfmisc_1(k1_tarski(1^[]),k1_tarski(2^[]),k2_tarski(3^[],4^[]))=k2_tarski(k3_xtuple_0(1^[],2^[],3^[]),k4_tarski(k4_tarski(1^[],2^[]),4^[])),k3_zfmisc_1(k1_tarski(1^[]),k1_tarski(2^[]),k2_tarski(3^[],4^[]))=k2_tarski(k3_xtuple_0(1^[],2^[],3^[]),k3_xtuple_0(1^[],2^[],4^[])),- #],[],[ext(- (_195328=_195330),[_195330=_195328],n),ext(- (_195286=_195288),[_195286=_195300,_195300=_195288],n),para([0],k3_zfmisc_1(_195464,_195466,_195468),k2_zfmisc_1(k2_zfmisc_1(_195464,_195466),_195468),[],l2r),para([1,0],k2_zfmisc_1(k1_tarski(_195428),k1_tarski(_195432)),k1_tarski(k4_tarski(_195428,_195432)),[],r2l),para([1],k2_zfmisc_1(k1_tarski(_195370),k2_tarski(_195374,_195376)),k2_tarski(k4_tarski(_195370,_195374),k4_tarski(_195370,_195376)),[],l2r)],[],[para([k3_zfmisc_1(k1_tarski(1^[]),k1_tarski(2^[]),k2_tarski(3^[],4^[]))=k2_tarski(k4_tarski(k4_tarski(1^[],2^[]),3^[]),k4_tarski(k4_tarski(1^[],2^[]),4^[])),[1],k2_zfmisc_1(k1_tarski(_195206),k2_tarski(_195210,_195212)),k2_tarski(k4_tarski(_195206,_195210),k4_tarski(_195206,_195212)),[],r2l]-[k3_zfmisc_1(k1_tarski(1^[]),k1_tarski(2^[]),k2_tarski(3^[],4^[]))=k2_tarski(k4_tarski(k4_tarski(1^[],2^[]),3^[]),k4_tarski(k4_tarski(1^[],2^[]),4^[])),[1],k2_zfmisc_1(k1_tarski(k4_tarski(1^[],2^[])),k2_tarski(3^[],4^[])),k2_tarski(k4_tarski(k4_tarski(1^[],2^[]),3^[]),k4_tarski(k4_tarski(1^[],2^[]),4^[])),[],r2l]),para([k3_zfmisc_1(k1_tarski(1^[]),k1_tarski(2^[]),k2_tarski(3^[],4^[]))=k2_tarski(k3_xtuple_0(1^[],2^[],3^[]),k4_tarski(k4_tarski(1^[],2^[]),4^[])),[1,0],k3_xtuple_0(_195044,_195046,_195048),k4_tarski(k4_tarski(_195044,_195046),_195048),[],l2r]-[k3_zfmisc_1(k1_tarski(1^[]),k1_tarski(2^[]),k2_tarski(3^[],4^[]))=k2_tarski(k3_xtuple_0(1^[],2^[],3^[]),k4_tarski(k4_tarski(1^[],2^[]),4^[])),[1,0],k3_xtuple_0(1^[],2^[],3^[]),k4_tarski(k4_tarski(1^[],2^[]),3^[]),[],l2r]),para([k3_zfmisc_1(k1_tarski(1^[]),k1_tarski(2^[]),k2_tarski(3^[],4^[]))=k2_tarski(k3_xtuple_0(1^[],2^[],3^[]),k3_xtuple_0(1^[],2^[],4^[])),[1,1],k3_xtuple_0(_195104,_195106,_195108),k4_tarski(k4_tarski(_195104,_195106),_195108),[],l2r]-[k3_zfmisc_1(k1_tarski(1^[]),k1_tarski(2^[]),k2_tarski(3^[],4^[]))=k2_tarski(k3_xtuple_0(1^[],2^[],3^[]),k3_xtuple_0(1^[],2^[],4^[])),[1,1],k3_xtuple_0(1^[],2^[],4^[]),k4_tarski(k4_tarski(1^[],2^[]),4^[]),[],l2r]),ext([- #,[#,k3_zfmisc_1(k1_tarski(1^[]),k1_tarski(2^[]),k2_tarski(3^[],4^[]))=k2_tarski(k3_xtuple_0(1^[],2^[],3^[]),k3_xtuple_0(1^[],2^[],4^[]))]]-[- #,[#,k3_zfmisc_1(k1_tarski(1^[]),k1_tarski(2^[]),k2_tarski(3^[],4^[]))=k2_tarski(k3_xtuple_0(1^[],2^[],3^[]),k3_xtuple_0(1^[],2^[],4^[]))]]),init(-# - -#)],0)state([k3_zfmisc_1(k1_tarski(1^[]),k1_tarski(2^[]),k2_tarski(3^[],4^[]))=k2_zfmisc_1(k1_tarski(k4_tarski(1^[],2^[])),k2_tarski(3^[],4^[]))],[k3_zfmisc_1(k1_tarski(1^[]),k1_tarski(2^[]),k2_tarski(3^[],4^[]))=k2_tarski(k4_tarski(k4_tarski(1^[],2^[]),3^[]),k4_tarski(k4_tarski(1^[],2^[]),4^[])),k3_zfmisc_1(k1_tarski(1^[]),k1_tarski(2^[]),k2_tarski(3^[],4^[]))=k2_tarski(k3_xtuple_0(1^[],2^[],3^[]),k4_tarski(k4_tarski(1^[],2^[]),4^[])),k3_zfmisc_1(k1_tarski(1^[]),k1_tarski(2^[]),k2_tarski(3^[],4^[]))=k2_tarski(k3_xtuple_0(1^[],2^[],3^[]),k3_xtuple_0(1^[],2^[],4^[])),- #],[],[ext(- (_195328=_195330),[_195330=_195328],n),ext(- (_195286=_195288),[_195286=_195300,_195300=_195288],n),para([0],k3_zfmisc_1(_195464,_195466,_195468),k2_zfmisc_1(k2_zfmisc_1(_195464,_195466),_195468),[],l2r),para([1,0],k2_zfmisc_1(k1_tarski(_195428),k1_tarski(_195432)),k1_tarski(k4_tarski(_195428,_195432)),[],r2l),para([1],k2_zfmisc_1(k1_tarski(_195370),k2_tarski(_195374,_195376)),k2_tarski(k4_tarski(_195370,_195374),k4_tarski(_195370,_195376)),[],l2r)],[],[para([k3_zfmisc_1(k1_tarski(1^[]),k1_tarski(2^[]),k2_tarski(3^[],4^[]))=k2_tarski(k4_tarski(k4_tarski(1^[],2^[]),3^[]),k4_tarski(k4_tarski(1^[],2^[]),4^[])),[1],k2_zfmisc_1(k1_tarski(_195206),k2_tarski(_195210,_195212)),k2_tarski(k4_tarski(_195206,_195210),k4_tarski(_195206,_195212)),[],r2l]-[k3_zfmisc_1(k1_tarski(1^[]),k1_tarski(2^[]),k2_tarski(3^[],4^[]))=k2_tarski(k4_tarski(k4_tarski(1^[],2^[]),3^[]),k4_tarski(k4_tarski(1^[],2^[]),4^[])),[1],k2_zfmisc_1(k1_tarski(k4_tarski(1^[],2^[])),k2_tarski(3^[],4^[])),k2_tarski(k4_tarski(k4_tarski(1^[],2^[]),3^[]),k4_tarski(k4_tarski(1^[],2^[]),4^[])),[],r2l]),para([k3_zfmisc_1(k1_tarski(1^[]),k1_tarski(2^[]),k2_tarski(3^[],4^[]))=k2_tarski(k3_xtuple_0(1^[],2^[],3^[]),k4_tarski(k4_tarski(1^[],2^[]),4^[])),[1,0],k3_xtuple_0(_195044,_195046,_195048),k4_tarski(k4_tarski(_195044,_195046),_195048),[],l2r]-[k3_zfmisc_1(k1_tarski(1^[]),k1_tarski(2^[]),k2_tarski(3^[],4^[]))=k2_tarski(k3_xtuple_0(1^[],2^[],3^[]),k4_tarski(k4_tarski(1^[],2^[]),4^[])),[1,0],k3_xtuple_0(1^[],2^[],3^[]),k4_tarski(k4_tarski(1^[],2^[]),3^[]),[],l2r]),para([k3_zfmisc_1(k1_tarski(1^[]),k1_tarski(2^[]),k2_tarski(3^[],4^[]))=k2_tarski(k3_xtuple_0(1^[],2^[],3^[]),k3_xtuple_0(1^[],2^[],4^[])),[1,1],k3_xtuple_0(_195104,_195106,_195108),k4_tarski(k4_tarski(_195104,_195106),_195108),[],l2r]-[k3_zfmisc_1(k1_tarski(1^[]),k1_tarski(2^[]),k2_tarski(3^[],4^[]))=k2_tarski(k3_xtuple_0(1^[],2^[],3^[]),k3_xtuple_0(1^[],2^[],4^[])),[1,1],k3_xtuple_0(1^[],2^[],4^[]),k4_tarski(k4_tarski(1^[],2^[]),4^[]),[],l2r]),ext([- #,[#,k3_zfmisc_1(k1_tarski(1^[]),k1_tarski(2^[]),k2_tarski(3^[],4^[]))=k2_tarski(k3_xtuple_0(1^[],2^[],3^[]),k3_xtuple_0(1^[],2^[],4^[]))]]-[- #,[#,k3_zfmisc_1(k1_tarski(1^[]),k1_tarski(2^[]),k2_tarski(3^[],4^[]))=k2_tarski(k3_xtuple_0(1^[],2^[],3^[]),k3_xtuple_0(1^[],2^[],4^[]))]]),init(-# - -#)],0)state([k3_zfmisc_1(k1_tarski(1^[]),k1_tarski(2^[]),k2_tarski(3^[],4^[]))=k2_zfmisc_1(k1_tarski(k4_tarski(1^[],2^[])),k2_tarski(3^[],4^[]))],[k3_zfmisc_1(k1_tarski(1^[]),k1_tarski(2^[]),k2_tarski(3^[],4^[]))=k2_tarski(k4_tarski(k4_tarski(1^[],2^[]),3^[]),k4_tarski(k4_tarski(1^[],2^[]),4^[])),k3_zfmisc_1(k1_tarski(1^[]),k1_tarski(2^[]),k2_tarski(3^[],4^[]))=k2_tarski(k3_xtuple_0(1^[],2^[],3^[]),k4_tarski(k4_tarski(1^[],2^[]),4^[])),k3_zfmisc_1(k1_tarski(1^[]),k1_tarski(2^[]),k2_tarski(3^[],4^[]))=k2_tarski(k3_xtuple_0(1^[],2^[],3^[]),k3_xtuple_0(1^[],2^[],4^[])),- #],[],[ext(- (_195328=_195330),[_195330=_195328],n),ext(- (_195286=_195288),[_195286=_195300,_195300=_195288],n),para([0],k3_zfmisc_1(_195464,_195466,_195468),k2_zfmisc_1(k2_zfmisc_1(_195464,_195466),_195468),[],l2r),para([1,0],k2_zfmisc_1(k1_tarski(_195428),k1_tarski(_195432)),k1_tarski(k4_tarski(_195428,_195432)),[],r2l),para([1],k2_zfmisc_1(k1_tarski(_195370),k2_tarski(_195374,_195376)),k2_tarski(k4_tarski(_195370,_195374),k4_tarski(_195370,_195376)),[],l2r)],[],[para([k3_zfmisc_1(k1_tarski(1^[]),k1_tarski(2^[]),k2_tarski(3^[],4^[]))=k2_tarski(k4_tarski(k4_tarski(1^[],2^[]),3^[]),k4_tarski(k4_tarski(1^[],2^[]),4^[])),[1],k2_zfmisc_1(k1_tarski(_195206),k2_tarski(_195210,_195212)),k2_tarski(k4_tarski(_195206,_195210),k4_tarski(_195206,_195212)),[],r2l]-[k3_zfmisc_1(k1_tarski(1^[]),k1_tarski(2^[]),k2_tarski(3^[],4^[]))=k2_tarski(k4_tarski(k4_tarski(1^[],2^[]),3^[]),k4_tarski(k4_tarski(1^[],2^[]),4^[])),[1],k2_zfmisc_1(k1_tarski(k4_tarski(1^[],2^[])),k2_tarski(3^[],4^[])),k2_tarski(k4_tarski(k4_tarski(1^[],2^[]),3^[]),k4_tarski(k4_tarski(1^[],2^[]),4^[])),[],r2l]),para([k3_zfmisc_1(k1_tarski(1^[]),k1_tarski(2^[]),k2_tarski(3^[],4^[]))=k2_tarski(k3_xtuple_0(1^[],2^[],3^[]),k4_tarski(k4_tarski(1^[],2^[]),4^[])),[1,0],k3_xtuple_0(_195044,_195046,_195048),k4_tarski(k4_tarski(_195044,_195046),_195048),[],l2r]-[k3_zfmisc_1(k1_tarski(1^[]),k1_tarski(2^[]),k2_tarski(3^[],4^[]))=k2_tarski(k3_xtuple_0(1^[],2^[],3^[]),k4_tarski(k4_tarski(1^[],2^[]),4^[])),[1,0],k3_xtuple_0(1^[],2^[],3^[]),k4_tarski(k4_tarski(1^[],2^[]),3^[]),[],l2r]),para([k3_zfmisc_1(k1_tarski(1^[]),k1_tarski(2^[]),k2_tarski(3^[],4^[]))=k2_tarski(k3_xtuple_0(1^[],2^[],3^[]),k3_xtuple_0(1^[],2^[],4^[])),[1,1],k3_xtuple_0(_195104,_195106,_195108),k4_tarski(k4_tarski(_195104,_195106),_195108),[],l2r]-[k3_zfmisc_1(k1_tarski(1^[]),k1_tarski(2^[]),k2_tarski(3^[],4^[]))=k2_tarski(k3_xtuple_0(1^[],2^[],3^[]),k3_xtuple_0(1^[],2^[],4^[])),[1,1],k3_xtuple_0(1^[],2^[],4^[]),k4_tarski(k4_tarski(1^[],2^[]),4^[]),[],l2r]),ext([- #,[#,k3_zfmisc_1(k1_tarski(1^[]),k1_tarski(2^[]),k2_tarski(3^[],4^[]))=k2_tarski(k3_xtuple_0(1^[],2^[],3^[]),k3_xtuple_0(1^[],2^[],4^[]))]]-[- #,[#,k3_zfmisc_1(k1_tarski(1^[]),k1_tarski(2^[]),k2_tarski(3^[],4^[]))=k2_tarski(k3_xtuple_0(1^[],2^[],3^[]),k3_xtuple_0(1^[],2^[],4^[]))]]),init(-# - -#)],0)state([k3_zfmisc_1(k1_tarski(1^[]),k1_tarski(2^[]),k2_tarski(3^[],4^[]))=k2_tarski(k4_tarski(k4_tarski(1^[],2^[]),3^[]),k4_tarski(k4_tarski(1^[],2^[]),4^[]))],[k3_zfmisc_1(k1_tarski(1^[]),k1_tarski(2^[]),k2_tarski(3^[],4^[]))=k2_tarski(k3_xtuple_0(1^[],2^[],3^[]),k4_tarski(k4_tarski(1^[],2^[]),4^[])),k3_zfmisc_1(k1_tarski(1^[]),k1_tarski(2^[]),k2_tarski(3^[],4^[]))=k2_tarski(k3_xtuple_0(1^[],2^[],3^[]),k3_xtuple_0(1^[],2^[],4^[])),- #],[],[ext(- (_22608=_22610),[_22610=_22608],n),ext(- (_22566=_22568),[_22566=_22580,_22580=_22568],n),para([0],k3_zfmisc_1(_22784,_22786,_22788),k2_zfmisc_1(k2_zfmisc_1(_22784,_22786),_22788),[],l2r),para([1,0],k3_xtuple_0(_22746,_22748,_22750),k4_tarski(k4_tarski(_22746,_22748),_22750),[],r2l),para([1,1],k3_xtuple_0(_22702,_22704,_22706),k4_tarski(k4_tarski(_22702,_22704),_22706),[],r2l),para([1],k2_zfmisc_1(k1_tarski(_22650),k2_tarski(_22654,_22656)),k2_tarski(k4_tarski(_22650,_22654),k4_tarski(_22650,_22656)),[],r2l)],[],[para([k3_zfmisc_1(k1_tarski(1^[]),k1_tarski(2^[]),k2_tarski(3^[],4^[]))=k2_tarski(k3_xtuple_0(1^[],2^[],3^[]),k4_tarski(k4_tarski(1^[],2^[]),4^[])),[1,0],k3_xtuple_0(_22488,_22490,_22492),k4_tarski(k4_tarski(_22488,_22490),_22492),[],l2r]-[k3_zfmisc_1(k1_tarski(1^[]),k1_tarski(2^[]),k2_tarski(3^[],4^[]))=k2_tarski(k3_xtuple_0(1^[],2^[],3^[]),k4_tarski(k4_tarski(1^[],2^[]),4^[])),[1,0],k3_xtuple_0(1^[],2^[],3^[]),k4_tarski(k4_tarski(1^[],2^[]),3^[]),[],l2r]),para([k3_zfmisc_1(k1_tarski(1^[]),k1_tarski(2^[]),k2_tarski(3^[],4^[]))=k2_tarski(k3_xtuple_0(1^[],2^[],3^[]),k3_xtuple_0(1^[],2^[],4^[])),[1,1],k3_xtuple_0(_22392,_22394,_22396),k4_tarski(k4_tarski(_22392,_22394),_22396),[],l2r]-[k3_zfmisc_1(k1_tarski(1^[]),k1_tarski(2^[]),k2_tarski(3^[],4^[]))=k2_tarski(k3_xtuple_0(1^[],2^[],3^[]),k3_xtuple_0(1^[],2^[],4^[])),[1,1],k3_xtuple_0(1^[],2^[],4^[]),k4_tarski(k4_tarski(1^[],2^[]),4^[]),[],l2r]),ext([- #,[#,k3_zfmisc_1(k1_tarski(1^[]),k1_tarski(2^[]),k2_tarski(3^[],4^[]))=k2_tarski(k3_xtuple_0(1^[],2^[],3^[]),k3_xtuple_0(1^[],2^[],4^[]))]]-[- #,[#,k3_zfmisc_1(k1_tarski(1^[]),k1_tarski(2^[]),k2_tarski(3^[],4^[]))=k2_tarski(k3_xtuple_0(1^[],2^[],3^[]),k3_xtuple_0(1^[],2^[],4^[]))]]),init(-# - -#)],0)state([k3_zfmisc_1(k1_tarski(1^[]),k1_tarski(2^[]),k2_tarski(3^[],4^[]))=k2_tarski(k4_tarski(k4_tarski(1^[],2^[]),3^[]),k4_tarski(k4_tarski(1^[],2^[]),4^[]))],[k3_zfmisc_1(k1_tarski(1^[]),k1_tarski(2^[]),k2_tarski(3^[],4^[]))=k2_tarski(k3_xtuple_0(1^[],2^[],3^[]),k4_tarski(k4_tarski(1^[],2^[]),4^[])),k3_zfmisc_1(k1_tarski(1^[]),k1_tarski(2^[]),k2_tarski(3^[],4^[]))=k2_tarski(k3_xtuple_0(1^[],2^[],3^[]),k3_xtuple_0(1^[],2^[],4^[])),- #],[],[ext(- (_22608=_22610),[_22610=_22608],n),ext(- (_22566=_22568),[_22566=_22580,_22580=_22568],n),para([0],k3_zfmisc_1(_22784,_22786,_22788),k2_zfmisc_1(k2_zfmisc_1(_22784,_22786),_22788),[],l2r),para([1,0],k3_xtuple_0(_22746,_22748,_22750),k4_tarski(k4_tarski(_22746,_22748),_22750),[],r2l),para([1,1],k3_xtuple_0(_22702,_22704,_22706),k4_tarski(k4_tarski(_22702,_22704),_22706),[],r2l),para([1],k2_zfmisc_1(k1_tarski(_22650),k2_tarski(_22654,_22656)),k2_tarski(k4_tarski(_22650,_22654),k4_tarski(_22650,_22656)),[],r2l)],[],[para([k3_zfmisc_1(k1_tarski(1^[]),k1_tarski(2^[]),k2_tarski(3^[],4^[]))=k2_tarski(k3_xtuple_0(1^[],2^[],3^[]),k4_tarski(k4_tarski(1^[],2^[]),4^[])),[1,0],k3_xtuple_0(_22488,_22490,_22492),k4_tarski(k4_tarski(_22488,_22490),_22492),[],l2r]-[k3_zfmisc_1(k1_tarski(1^[]),k1_tarski(2^[]),k2_tarski(3^[],4^[]))=k2_tarski(k3_xtuple_0(1^[],2^[],3^[]),k4_tarski(k4_tarski(1^[],2^[]),4^[])),[1,0],k3_xtuple_0(1^[],2^[],3^[]),k4_tarski(k4_tarski(1^[],2^[]),3^[]),[],l2r]),para([k3_zfmisc_1(k1_tarski(1^[]),k1_tarski(2^[]),k2_tarski(3^[],4^[]))=k2_tarski(k3_xtuple_0(1^[],2^[],3^[]),k3_xtuple_0(1^[],2^[],4^[])),[1,1],k3_xtuple_0(_22392,_22394,_22396),k4_tarski(k4_tarski(_22392,_22394),_22396),[],l2r]-[k3_zfmisc_1(k1_tarski(1^[]),k1_tarski(2^[]),k2_tarski(3^[],4^[]))=k2_tarski(k3_xtuple_0(1^[],2^[],3^[]),k3_xtuple_0(1^[],2^[],4^[])),[1,1],k3_xtuple_0(1^[],2^[],4^[]),k4_tarski(k4_tarski(1^[],2^[]),4^[]),[],l2r]),ext([- #,[#,k3_zfmisc_1(k1_tarski(1^[]),k1_tarski(2^[]),k2_tarski(3^[],4^[]))=k2_tarski(k3_xtuple_0(1^[],2^[],3^[]),k3_xtuple_0(1^[],2^[],4^[]))]]-[- #,[#,k3_zfmisc_1(k1_tarski(1^[]),k1_tarski(2^[]),k2_tarski(3^[],4^[]))=k2_tarski(k3_xtuple_0(1^[],2^[],3^[]),k3_xtuple_0(1^[],2^[],4^[]))]]),init(-# - -#)],0)state([k3_zfmisc_1(k1_tarski(1^[]),k1_tarski(2^[]),k2_tarski(3^[],4^[]))=k2_tarski(k4_tarski(k4_tarski(1^[],2^[]),3^[]),k4_tarski(k4_tarski(1^[],2^[]),4^[]))],[k3_zfmisc_1(k1_tarski(1^[]),k1_tarski(2^[]),k2_tarski(3^[],4^[]))=k2_tarski(k3_xtuple_0(1^[],2^[],3^[]),k4_tarski(k4_tarski(1^[],2^[]),4^[])),k3_zfmisc_1(k1_tarski(1^[]),k1_tarski(2^[]),k2_tarski(3^[],4^[]))=k2_tarski(k3_xtuple_0(1^[],2^[],3^[]),k3_xtuple_0(1^[],2^[],4^[])),- #],[],[ext(- (_22608=_22610),[_22610=_22608],n),ext(- (_22566=_22568),[_22566=_22580,_22580=_22568],n),para([0],k3_zfmisc_1(_22784,_22786,_22788),k2_zfmisc_1(k2_zfmisc_1(_22784,_22786),_22788),[],l2r),para([1,0],k3_xtuple_0(_22746,_22748,_22750),k4_tarski(k4_tarski(_22746,_22748),_22750),[],r2l),para([1,1],k3_xtuple_0(_22702,_22704,_22706),k4_tarski(k4_tarski(_22702,_22704),_22706),[],r2l),para([1],k2_zfmisc_1(k1_tarski(_22650),k2_tarski(_22654,_22656)),k2_tarski(k4_tarski(_22650,_22654),k4_tarski(_22650,_22656)),[],r2l)],[],[para([k3_zfmisc_1(k1_tarski(1^[]),k1_tarski(2^[]),k2_tarski(3^[],4^[]))=k2_tarski(k3_xtuple_0(1^[],2^[],3^[]),k4_tarski(k4_tarski(1^[],2^[]),4^[])),[1,0],k3_xtuple_0(_22488,_22490,_22492),k4_tarski(k4_tarski(_22488,_22490),_22492),[],l2r]-[k3_zfmisc_1(k1_tarski(1^[]),k1_tarski(2^[]),k2_tarski(3^[],4^[]))=k2_tarski(k3_xtuple_0(1^[],2^[],3^[]),k4_tarski(k4_tarski(1^[],2^[]),4^[])),[1,0],k3_xtuple_0(1^[],2^[],3^[]),k4_tarski(k4_tarski(1^[],2^[]),3^[]),[],l2r]),para([k3_zfmisc_1(k1_tarski(1^[]),k1_tarski(2^[]),k2_tarski(3^[],4^[]))=k2_tarski(k3_xtuple_0(1^[],2^[],3^[]),k3_xtuple_0(1^[],2^[],4^[])),[1,1],k3_xtuple_0(_22392,_22394,_22396),k4_tarski(k4_tarski(_22392,_22394),_22396),[],l2r]-[k3_zfmisc_1(k1_tarski(1^[]),k1_tarski(2^[]),k2_tarski(3^[],4^[]))=k2_tarski(k3_xtuple_0(1^[],2^[],3^[]),k3_xtuple_0(1^[],2^[],4^[])),[1,1],k3_xtuple_0(1^[],2^[],4^[]),k4_tarski(k4_tarski(1^[],2^[]),4^[]),[],l2r]),ext([- #,[#,k3_zfmisc_1(k1_tarski(1^[]),k1_tarski(2^[]),k2_tarski(3^[],4^[]))=k2_tarski(k3_xtuple_0(1^[],2^[],3^[]),k3_xtuple_0(1^[],2^[],4^[]))]]-[- #,[#,k3_zfmisc_1(k1_tarski(1^[]),k1_tarski(2^[]),k2_tarski(3^[],4^[]))=k2_tarski(k3_xtuple_0(1^[],2^[],3^[]),k3_xtuple_0(1^[],2^[],4^[]))]]),init(-# - -#)],0)state([k3_zfmisc_1(k1_tarski(1^[]),k1_tarski(2^[]),k2_tarski(3^[],4^[]))=k2_tarski(k4_tarski(k4_tarski(1^[],2^[]),3^[]),k4_tarski(k4_tarski(1^[],2^[]),4^[]))],[k3_zfmisc_1(k1_tarski(1^[]),k1_tarski(2^[]),k2_tarski(3^[],4^[]))=k2_tarski(k3_xtuple_0(1^[],2^[],3^[]),k4_tarski(k4_tarski(1^[],2^[]),4^[])),k3_zfmisc_1(k1_tarski(1^[]),k1_tarski(2^[]),k2_tarski(3^[],4^[]))=k2_tarski(k3_xtuple_0(1^[],2^[],3^[]),k3_xtuple_0(1^[],2^[],4^[])),- #],[],[ext(- (_22608=_22610),[_22610=_22608],n),ext(- (_22566=_22568),[_22566=_22580,_22580=_22568],n),para([0],k3_zfmisc_1(_22784,_22786,_22788),k2_zfmisc_1(k2_zfmisc_1(_22784,_22786),_22788),[],l2r),para([1,0],k3_xtuple_0(_22746,_22748,_22750),k4_tarski(k4_tarski(_22746,_22748),_22750),[],r2l),para([1,1],k3_xtuple_0(_22702,_22704,_22706),k4_tarski(k4_tarski(_22702,_22704),_22706),[],r2l),para([1],k2_zfmisc_1(k1_tarski(_22650),k2_tarski(_22654,_22656)),k2_tarski(k4_tarski(_22650,_22654),k4_tarski(_22650,_22656)),[],r2l)],[],[para([k3_zfmisc_1(k1_tarski(1^[]),k1_tarski(2^[]),k2_tarski(3^[],4^[]))=k2_tarski(k3_xtuple_0(1^[],2^[],3^[]),k4_tarski(k4_tarski(1^[],2^[]),4^[])),[1,0],k3_xtuple_0(_22488,_22490,_22492),k4_tarski(k4_tarski(_22488,_22490),_22492),[],l2r]-[k3_zfmisc_1(k1_tarski(1^[]),k1_tarski(2^[]),k2_tarski(3^[],4^[]))=k2_tarski(k3_xtuple_0(1^[],2^[],3^[]),k4_tarski(k4_tarski(1^[],2^[]),4^[])),[1,0],k3_xtuple_0(1^[],2^[],3^[]),k4_tarski(k4_tarski(1^[],2^[]),3^[]),[],l2r]),para([k3_zfmisc_1(k1_tarski(1^[]),k1_tarski(2^[]),k2_tarski(3^[],4^[]))=k2_tarski(k3_xtuple_0(1^[],2^[],3^[]),k3_xtuple_0(1^[],2^[],4^[])),[1,1],k3_xtuple_0(_22392,_22394,_22396),k4_tarski(k4_tarski(_22392,_22394),_22396),[],l2r]-[k3_zfmisc_1(k1_tarski(1^[]),k1_tarski(2^[]),k2_tarski(3^[],4^[]))=k2_tarski(k3_xtuple_0(1^[],2^[],3^[]),k3_xtuple_0(1^[],2^[],4^[])),[1,1],k3_xtuple_0(1^[],2^[],4^[]),k4_tarski(k4_tarski(1^[],2^[]),4^[]),[],l2r]),ext([- #,[#,k3_zfmisc_1(k1_tarski(1^[]),k1_tarski(2^[]),k2_tarski(3^[],4^[]))=k2_tarski(k3_xtuple_0(1^[],2^[],3^[]),k3_xtuple_0(1^[],2^[],4^[]))]]-[- #,[#,k3_zfmisc_1(k1_tarski(1^[]),k1_tarski(2^[]),k2_tarski(3^[],4^[]))=k2_tarski(k3_xtuple_0(1^[],2^[],3^[]),k3_xtuple_0(1^[],2^[],4^[]))]]),init(-# - -#)],0)state([k3_zfmisc_1(k1_tarski(1^[]),k1_tarski(2^[]),k2_tarski(3^[],4^[]))=k2_tarski(k4_tarski(k4_tarski(1^[],2^[]),3^[]),k4_tarski(k4_tarski(1^[],2^[]),4^[]))],[k3_zfmisc_1(k1_tarski(1^[]),k1_tarski(2^[]),k2_tarski(3^[],4^[]))=k2_tarski(k3_xtuple_0(1^[],2^[],3^[]),k4_tarski(k4_tarski(1^[],2^[]),4^[])),k3_zfmisc_1(k1_tarski(1^[]),k1_tarski(2^[]),k2_tarski(3^[],4^[]))=k2_tarski(k3_xtuple_0(1^[],2^[],3^[]),k3_xtuple_0(1^[],2^[],4^[])),- #],[],[ext(- (_22608=_22610),[_22610=_22608],n),ext(- (_22566=_22568),[_22566=_22580,_22580=_22568],n),para([0],k3_zfmisc_1(_22784,_22786,_22788),k2_zfmisc_1(k2_zfmisc_1(_22784,_22786),_22788),[],l2r),para([1,0],k3_xtuple_0(_22746,_22748,_22750),k4_tarski(k4_tarski(_22746,_22748),_22750),[],r2l),para([1,1],k3_xtuple_0(_22702,_22704,_22706),k4_tarski(k4_tarski(_22702,_22704),_22706),[],r2l),para([1],k2_zfmisc_1(k1_tarski(_22650),k2_tarski(_22654,_22656)),k2_tarski(k4_tarski(_22650,_22654),k4_tarski(_22650,_22656)),[],r2l)],[],[para([k3_zfmisc_1(k1_tarski(1^[]),k1_tarski(2^[]),k2_tarski(3^[],4^[]))=k2_tarski(k3_xtuple_0(1^[],2^[],3^[]),k4_tarski(k4_tarski(1^[],2^[]),4^[])),[1,0],k3_xtuple_0(_22488,_22490,_22492),k4_tarski(k4_tarski(_22488,_22490),_22492),[],l2r]-[k3_zfmisc_1(k1_tarski(1^[]),k1_tarski(2^[]),k2_tarski(3^[],4^[]))=k2_tarski(k3_xtuple_0(1^[],2^[],3^[]),k4_tarski(k4_tarski(1^[],2^[]),4^[])),[1,0],k3_xtuple_0(1^[],2^[],3^[]),k4_tarski(k4_tarski(1^[],2^[]),3^[]),[],l2r]),para([k3_zfmisc_1(k1_tarski(1^[]),k1_tarski(2^[]),k2_tarski(3^[],4^[]))=k2_tarski(k3_xtuple_0(1^[],2^[],3^[]),k3_xtuple_0(1^[],2^[],4^[])),[1,1],k3_xtuple_0(_22392,_22394,_22396),k4_tarski(k4_tarski(_22392,_22394),_22396),[],l2r]-[k3_zfmisc_1(k1_tarski(1^[]),k1_tarski(2^[]),k2_tarski(3^[],4^[]))=k2_tarski(k3_xtuple_0(1^[],2^[],3^[]),k3_xtuple_0(1^[],2^[],4^[])),[1,1],k3_xtuple_0(1^[],2^[],4^[]),k4_tarski(k4_tarski(1^[],2^[]),4^[]),[],l2r]),ext([- #,[#,k3_zfmisc_1(k1_tarski(1^[]),k1_tarski(2^[]),k2_tarski(3^[],4^[]))=k2_tarski(k3_xtuple_0(1^[],2^[],3^[]),k3_xtuple_0(1^[],2^[],4^[]))]]-[- #,[#,k3_zfmisc_1(k1_tarski(1^[]),k1_tarski(2^[]),k2_tarski(3^[],4^[]))=k2_tarski(k3_xtuple_0(1^[],2^[],3^[]),k3_xtuple_0(1^[],2^[],4^[]))]]),init(-# - -#)],0)state([k3_zfmisc_1(k1_tarski(1^[]),k1_tarski(2^[]),k2_tarski(3^[],4^[]))=k2_tarski(k4_tarski(k4_tarski(1^[],2^[]),3^[]),k4_tarski(k4_tarski(1^[],2^[]),4^[]))],[k3_zfmisc_1(k1_tarski(1^[]),k1_tarski(2^[]),k2_tarski(3^[],4^[]))=k2_tarski(k3_xtuple_0(1^[],2^[],3^[]),k4_tarski(k4_tarski(1^[],2^[]),4^[])),k3_zfmisc_1(k1_tarski(1^[]),k1_tarski(2^[]),k2_tarski(3^[],4^[]))=k2_tarski(k3_xtuple_0(1^[],2^[],3^[]),k3_xtuple_0(1^[],2^[],4^[])),- #],[],[ext(- (_22608=_22610),[_22610=_22608],n),ext(- (_22566=_22568),[_22566=_22580,_22580=_22568],n),para([0],k3_zfmisc_1(_22784,_22786,_22788),k2_zfmisc_1(k2_zfmisc_1(_22784,_22786),_22788),[],l2r),para([1,0],k3_xtuple_0(_22746,_22748,_22750),k4_tarski(k4_tarski(_22746,_22748),_22750),[],r2l),para([1,1],k3_xtuple_0(_22702,_22704,_22706),k4_tarski(k4_tarski(_22702,_22704),_22706),[],r2l),para([1],k2_zfmisc_1(k1_tarski(_22650),k2_tarski(_22654,_22656)),k2_tarski(k4_tarski(_22650,_22654),k4_tarski(_22650,_22656)),[],r2l)],[],[para([k3_zfmisc_1(k1_tarski(1^[]),k1_tarski(2^[]),k2_tarski(3^[],4^[]))=k2_tarski(k3_xtuple_0(1^[],2^[],3^[]),k4_tarski(k4_tarski(1^[],2^[]),4^[])),[1,0],k3_xtuple_0(_22488,_22490,_22492),k4_tarski(k4_tarski(_22488,_22490),_22492),[],l2r]-[k3_zfmisc_1(k1_tarski(1^[]),k1_tarski(2^[]),k2_tarski(3^[],4^[]))=k2_tarski(k3_xtuple_0(1^[],2^[],3^[]),k4_tarski(k4_tarski(1^[],2^[]),4^[])),[1,0],k3_xtuple_0(1^[],2^[],3^[]),k4_tarski(k4_tarski(1^[],2^[]),3^[]),[],l2r]),para([k3_zfmisc_1(k1_tarski(1^[]),k1_tarski(2^[]),k2_tarski(3^[],4^[]))=k2_tarski(k3_xtuple_0(1^[],2^[],3^[]),k3_xtuple_0(1^[],2^[],4^[])),[1,1],k3_xtuple_0(_22392,_22394,_22396),k4_tarski(k4_tarski(_22392,_22394),_22396),[],l2r]-[k3_zfmisc_1(k1_tarski(1^[]),k1_tarski(2^[]),k2_tarski(3^[],4^[]))=k2_tarski(k3_xtuple_0(1^[],2^[],3^[]),k3_xtuple_0(1^[],2^[],4^[])),[1,1],k3_xtuple_0(1^[],2^[],4^[]),k4_tarski(k4_tarski(1^[],2^[]),4^[]),[],l2r]),ext([- #,[#,k3_zfmisc_1(k1_tarski(1^[]),k1_tarski(2^[]),k2_tarski(3^[],4^[]))=k2_tarski(k3_xtuple_0(1^[],2^[],3^[]),k3_xtuple_0(1^[],2^[],4^[]))]]-[- #,[#,k3_zfmisc_1(k1_tarski(1^[]),k1_tarski(2^[]),k2_tarski(3^[],4^[]))=k2_tarski(k3_xtuple_0(1^[],2^[],3^[]),k3_xtuple_0(1^[],2^[],4^[]))]]),init(-# - -#)],0)state([k3_zfmisc_1(k1_tarski(1^[]),k1_tarski(2^[]),k2_tarski(3^[],4^[]))=k2_tarski(k3_xtuple_0(1^[],2^[],3^[]),k4_tarski(k4_tarski(1^[],2^[]),4^[]))],[k3_zfmisc_1(k1_tarski(1^[]),k1_tarski(2^[]),k2_tarski(3^[],4^[]))=k2_tarski(k3_xtuple_0(1^[],2^[],3^[]),k3_xtuple_0(1^[],2^[],4^[])),- #],[],[ext(- (_7514=_7516),[_7516=_7514],n),ext(- (_7472=_7474),[_7472=_7486,_7486=_7474],n),para([0],k3_zfmisc_1(_7638,_7640,_7642),k2_zfmisc_1(k2_zfmisc_1(_7638,_7640),_7642),[],l2r),para([1,0],k3_xtuple_0(_7600,_7602,_7604),k4_tarski(k4_tarski(_7600,_7602),_7604),[],l2r),para([1,1],k3_xtuple_0(_7556,_7558,_7560),k4_tarski(k4_tarski(_7556,_7558),_7560),[],r2l)],[],[para([k3_zfmisc_1(k1_tarski(1^[]),k1_tarski(2^[]),k2_tarski(3^[],4^[]))=k2_tarski(k3_xtuple_0(1^[],2^[],3^[]),k3_xtuple_0(1^[],2^[],4^[])),[1,1],k3_xtuple_0(_7394,_7396,_7398),k4_tarski(k4_tarski(_7394,_7396),_7398),[],l2r]-[k3_zfmisc_1(k1_tarski(1^[]),k1_tarski(2^[]),k2_tarski(3^[],4^[]))=k2_tarski(k3_xtuple_0(1^[],2^[],3^[]),k3_xtuple_0(1^[],2^[],4^[])),[1,1],k3_xtuple_0(1^[],2^[],4^[]),k4_tarski(k4_tarski(1^[],2^[]),4^[]),[],l2r]),ext([- #,[#,k3_zfmisc_1(k1_tarski(1^[]),k1_tarski(2^[]),k2_tarski(3^[],4^[]))=k2_tarski(k3_xtuple_0(1^[],2^[],3^[]),k3_xtuple_0(1^[],2^[],4^[]))]]-[- #,[#,k3_zfmisc_1(k1_tarski(1^[]),k1_tarski(2^[]),k2_tarski(3^[],4^[]))=k2_tarski(k3_xtuple_0(1^[],2^[],3^[]),k3_xtuple_0(1^[],2^[],4^[]))]]),init(-# - -#)],0)state([k3_zfmisc_1(k1_tarski(1^[]),k1_tarski(2^[]),k2_tarski(3^[],4^[]))=k2_tarski(k3_xtuple_0(1^[],2^[],3^[]),k4_tarski(k4_tarski(1^[],2^[]),4^[]))],[k3_zfmisc_1(k1_tarski(1^[]),k1_tarski(2^[]),k2_tarski(3^[],4^[]))=k2_tarski(k3_xtuple_0(1^[],2^[],3^[]),k3_xtuple_0(1^[],2^[],4^[])),- #],[],[ext(- (_7514=_7516),[_7516=_7514],n),ext(- (_7472=_7474),[_7472=_7486,_7486=_7474],n),para([0],k3_zfmisc_1(_7638,_7640,_7642),k2_zfmisc_1(k2_zfmisc_1(_7638,_7640),_7642),[],l2r),para([1,0],k3_xtuple_0(_7600,_7602,_7604),k4_tarski(k4_tarski(_7600,_7602),_7604),[],l2r),para([1,1],k3_xtuple_0(_7556,_7558,_7560),k4_tarski(k4_tarski(_7556,_7558),_7560),[],r2l)],[],[para([k3_zfmisc_1(k1_tarski(1^[]),k1_tarski(2^[]),k2_tarski(3^[],4^[]))=k2_tarski(k3_xtuple_0(1^[],2^[],3^[]),k3_xtuple_0(1^[],2^[],4^[])),[1,1],k3_xtuple_0(_7394,_7396,_7398),k4_tarski(k4_tarski(_7394,_7396),_7398),[],l2r]-[k3_zfmisc_1(k1_tarski(1^[]),k1_tarski(2^[]),k2_tarski(3^[],4^[]))=k2_tarski(k3_xtuple_0(1^[],2^[],3^[]),k3_xtuple_0(1^[],2^[],4^[])),[1,1],k3_xtuple_0(1^[],2^[],4^[]),k4_tarski(k4_tarski(1^[],2^[]),4^[]),[],l2r]),ext([- #,[#,k3_zfmisc_1(k1_tarski(1^[]),k1_tarski(2^[]),k2_tarski(3^[],4^[]))=k2_tarski(k3_xtuple_0(1^[],2^[],3^[]),k3_xtuple_0(1^[],2^[],4^[]))]]-[- #,[#,k3_zfmisc_1(k1_tarski(1^[]),k1_tarski(2^[]),k2_tarski(3^[],4^[]))=k2_tarski(k3_xtuple_0(1^[],2^[],3^[]),k3_xtuple_0(1^[],2^[],4^[]))]]),init(-# - -#)],0)state([k3_zfmisc_1(k1_tarski(1^[]),k1_tarski(2^[]),k2_tarski(3^[],4^[]))=k2_tarski(k3_xtuple_0(1^[],2^[],3^[]),k4_tarski(k4_tarski(1^[],2^[]),4^[]))],[k3_zfmisc_1(k1_tarski(1^[]),k1_tarski(2^[]),k2_tarski(3^[],4^[]))=k2_tarski(k3_xtuple_0(1^[],2^[],3^[]),k3_xtuple_0(1^[],2^[],4^[])),- #],[],[ext(- (_7514=_7516),[_7516=_7514],n),ext(- (_7472=_7474),[_7472=_7486,_7486=_7474],n),para([0],k3_zfmisc_1(_7638,_7640,_7642),k2_zfmisc_1(k2_zfmisc_1(_7638,_7640),_7642),[],l2r),para([1,0],k3_xtuple_0(_7600,_7602,_7604),k4_tarski(k4_tarski(_7600,_7602),_7604),[],l2r),para([1,1],k3_xtuple_0(_7556,_7558,_7560),k4_tarski(k4_tarski(_7556,_7558),_7560),[],r2l)],[],[para([k3_zfmisc_1(k1_tarski(1^[]),k1_tarski(2^[]),k2_tarski(3^[],4^[]))=k2_tarski(k3_xtuple_0(1^[],2^[],3^[]),k3_xtuple_0(1^[],2^[],4^[])),[1,1],k3_xtuple_0(_7394,_7396,_7398),k4_tarski(k4_tarski(_7394,_7396),_7398),[],l2r]-[k3_zfmisc_1(k1_tarski(1^[]),k1_tarski(2^[]),k2_tarski(3^[],4^[]))=k2_tarski(k3_xtuple_0(1^[],2^[],3^[]),k3_xtuple_0(1^[],2^[],4^[])),[1,1],k3_xtuple_0(1^[],2^[],4^[]),k4_tarski(k4_tarski(1^[],2^[]),4^[]),[],l2r]),ext([- #,[#,k3_zfmisc_1(k1_tarski(1^[]),k1_tarski(2^[]),k2_tarski(3^[],4^[]))=k2_tarski(k3_xtuple_0(1^[],2^[],3^[]),k3_xtuple_0(1^[],2^[],4^[]))]]-[- #,[#,k3_zfmisc_1(k1_tarski(1^[]),k1_tarski(2^[]),k2_tarski(3^[],4^[]))=k2_tarski(k3_xtuple_0(1^[],2^[],3^[]),k3_xtuple_0(1^[],2^[],4^[]))]]),init(-# - -#)],0)state([k3_zfmisc_1(k1_tarski(1^[]),k1_tarski(2^[]),k2_tarski(3^[],4^[]))=k2_tarski(k3_xtuple_0(1^[],2^[],3^[]),k4_tarski(k4_tarski(1^[],2^[]),4^[]))],[k3_zfmisc_1(k1_tarski(1^[]),k1_tarski(2^[]),k2_tarski(3^[],4^[]))=k2_tarski(k3_xtuple_0(1^[],2^[],3^[]),k3_xtuple_0(1^[],2^[],4^[])),- #],[],[ext(- (_7514=_7516),[_7516=_7514],n),ext(- (_7472=_7474),[_7472=_7486,_7486=_7474],n),para([0],k3_zfmisc_1(_7638,_7640,_7642),k2_zfmisc_1(k2_zfmisc_1(_7638,_7640),_7642),[],l2r),para([1,0],k3_xtuple_0(_7600,_7602,_7604),k4_tarski(k4_tarski(_7600,_7602),_7604),[],l2r),para([1,1],k3_xtuple_0(_7556,_7558,_7560),k4_tarski(k4_tarski(_7556,_7558),_7560),[],r2l)],[],[para([k3_zfmisc_1(k1_tarski(1^[]),k1_tarski(2^[]),k2_tarski(3^[],4^[]))=k2_tarski(k3_xtuple_0(1^[],2^[],3^[]),k3_xtuple_0(1^[],2^[],4^[])),[1,1],k3_xtuple_0(_7394,_7396,_7398),k4_tarski(k4_tarski(_7394,_7396),_7398),[],l2r]-[k3_zfmisc_1(k1_tarski(1^[]),k1_tarski(2^[]),k2_tarski(3^[],4^[]))=k2_tarski(k3_xtuple_0(1^[],2^[],3^[]),k3_xtuple_0(1^[],2^[],4^[])),[1,1],k3_xtuple_0(1^[],2^[],4^[]),k4_tarski(k4_tarski(1^[],2^[]),4^[]),[],l2r]),ext([- #,[#,k3_zfmisc_1(k1_tarski(1^[]),k1_tarski(2^[]),k2_tarski(3^[],4^[]))=k2_tarski(k3_xtuple_0(1^[],2^[],3^[]),k3_xtuple_0(1^[],2^[],4^[]))]]-[- #,[#,k3_zfmisc_1(k1_tarski(1^[]),k1_tarski(2^[]),k2_tarski(3^[],4^[]))=k2_tarski(k3_xtuple_0(1^[],2^[],3^[]),k3_xtuple_0(1^[],2^[],4^[]))]]),init(-# - -#)],0)state([k3_zfmisc_1(k1_tarski(1^[]),k1_tarski(2^[]),k2_tarski(3^[],4^[]))=k2_tarski(k3_xtuple_0(1^[],2^[],3^[]),k4_tarski(k4_tarski(1^[],2^[]),4^[]))],[k3_zfmisc_1(k1_tarski(1^[]),k1_tarski(2^[]),k2_tarski(3^[],4^[]))=k2_tarski(k3_xtuple_0(1^[],2^[],3^[]),k3_xtuple_0(1^[],2^[],4^[])),- #],[],[ext(- (_7514=_7516),[_7516=_7514],n),ext(- (_7472=_7474),[_7472=_7486,_7486=_7474],n),para([0],k3_zfmisc_1(_7638,_7640,_7642),k2_zfmisc_1(k2_zfmisc_1(_7638,_7640),_7642),[],l2r),para([1,0],k3_xtuple_0(_7600,_7602,_7604),k4_tarski(k4_tarski(_7600,_7602),_7604),[],l2r),para([1,1],k3_xtuple_0(_7556,_7558,_7560),k4_tarski(k4_tarski(_7556,_7558),_7560),[],r2l)],[],[para([k3_zfmisc_1(k1_tarski(1^[]),k1_tarski(2^[]),k2_tarski(3^[],4^[]))=k2_tarski(k3_xtuple_0(1^[],2^[],3^[]),k3_xtuple_0(1^[],2^[],4^[])),[1,1],k3_xtuple_0(_7394,_7396,_7398),k4_tarski(k4_tarski(_7394,_7396),_7398),[],l2r]-[k3_zfmisc_1(k1_tarski(1^[]),k1_tarski(2^[]),k2_tarski(3^[],4^[]))=k2_tarski(k3_xtuple_0(1^[],2^[],3^[]),k3_xtuple_0(1^[],2^[],4^[])),[1,1],k3_xtuple_0(1^[],2^[],4^[]),k4_tarski(k4_tarski(1^[],2^[]),4^[]),[],l2r]),ext([- #,[#,k3_zfmisc_1(k1_tarski(1^[]),k1_tarski(2^[]),k2_tarski(3^[],4^[]))=k2_tarski(k3_xtuple_0(1^[],2^[],3^[]),k3_xtuple_0(1^[],2^[],4^[]))]]-[- #,[#,k3_zfmisc_1(k1_tarski(1^[]),k1_tarski(2^[]),k2_tarski(3^[],4^[]))=k2_tarski(k3_xtuple_0(1^[],2^[],3^[]),k3_xtuple_0(1^[],2^[],4^[]))]]),init(-# - -#)],0)state([k3_zfmisc_1(k1_tarski(1^[]),k1_tarski(2^[]),k2_tarski(3^[],4^[]))=k2_tarski(k3_xtuple_0(1^[],2^[],3^[]),k3_xtuple_0(1^[],2^[],4^[]))],[- #],[],[ext(- (_1716=_1718),[_1718=_1716],n),ext(- (_1674=_1676),[_1674=_1688,_1688=_1676],n),para([0],k3_zfmisc_1(_1840,_1842,_1844),k2_zfmisc_1(k2_zfmisc_1(_1840,_1842),_1844),[],l2r),para([1,0],k3_xtuple_0(_1802,_1804,_1806),k4_tarski(k4_tarski(_1802,_1804),_1806),[],l2r),para([1,1],k3_xtuple_0(_1758,_1760,_1762),k4_tarski(k4_tarski(_1758,_1760),_1762),[],l2r)],[],[ext([- #,[#,k3_zfmisc_1(k1_tarski(1^[]),k1_tarski(2^[]),k2_tarski(3^[],4^[]))=k2_tarski(k3_xtuple_0(1^[],2^[],3^[]),k3_xtuple_0(1^[],2^[],4^[]))]]-[- #,[#,k3_zfmisc_1(k1_tarski(1^[]),k1_tarski(2^[]),k2_tarski(3^[],4^[]))=k2_tarski(k3_xtuple_0(1^[],2^[],3^[]),k3_xtuple_0(1^[],2^[],4^[]))]]),init(-# - -#)],0)state([k3_zfmisc_1(k1_tarski(1^[]),k1_tarski(2^[]),k2_tarski(3^[],4^[]))=k2_tarski(k3_xtuple_0(1^[],2^[],3^[]),k3_xtuple_0(1^[],2^[],4^[]))],[- #],[],[ext(- (_1716=_1718),[_1718=_1716],n),ext(- (_1674=_1676),[_1674=_1688,_1688=_1676],n),para([0],k3_zfmisc_1(_1840,_1842,_1844),k2_zfmisc_1(k2_zfmisc_1(_1840,_1842),_1844),[],l2r),para([1,0],k3_xtuple_0(_1802,_1804,_1806),k4_tarski(k4_tarski(_1802,_1804),_1806),[],l2r),para([1,1],k3_xtuple_0(_1758,_1760,_1762),k4_tarski(k4_tarski(_1758,_1760),_1762),[],l2r)],[],[ext([- #,[#,k3_zfmisc_1(k1_tarski(1^[]),k1_tarski(2^[]),k2_tarski(3^[],4^[]))=k2_tarski(k3_xtuple_0(1^[],2^[],3^[]),k3_xtuple_0(1^[],2^[],4^[]))]]-[- #,[#,k3_zfmisc_1(k1_tarski(1^[]),k1_tarski(2^[]),k2_tarski(3^[],4^[]))=k2_tarski(k3_xtuple_0(1^[],2^[],3^[]),k3_xtuple_0(1^[],2^[],4^[]))]]),init(-# - -#)],0)state([k3_zfmisc_1(k1_tarski(1^[]),k1_tarski(2^[]),k2_tarski(3^[],4^[]))=k2_tarski(k3_xtuple_0(1^[],2^[],3^[]),k3_xtuple_0(1^[],2^[],4^[]))],[- #],[],[ext(- (_1716=_1718),[_1718=_1716],n),ext(- (_1674=_1676),[_1674=_1688,_1688=_1676],n),para([0],k3_zfmisc_1(_1840,_1842,_1844),k2_zfmisc_1(k2_zfmisc_1(_1840,_1842),_1844),[],l2r),para([1,0],k3_xtuple_0(_1802,_1804,_1806),k4_tarski(k4_tarski(_1802,_1804),_1806),[],l2r),para([1,1],k3_xtuple_0(_1758,_1760,_1762),k4_tarski(k4_tarski(_1758,_1760),_1762),[],l2r)],[],[ext([- #,[#,k3_zfmisc_1(k1_tarski(1^[]),k1_tarski(2^[]),k2_tarski(3^[],4^[]))=k2_tarski(k3_xtuple_0(1^[],2^[],3^[]),k3_xtuple_0(1^[],2^[],4^[]))]]-[- #,[#,k3_zfmisc_1(k1_tarski(1^[]),k1_tarski(2^[]),k2_tarski(3^[],4^[]))=k2_tarski(k3_xtuple_0(1^[],2^[],3^[]),k3_xtuple_0(1^[],2^[],4^[]))]]),init(-# - -#)],0)state([k3_zfmisc_1(k1_tarski(1^[]),k1_tarski(2^[]),k2_tarski(3^[],4^[]))=k2_tarski(k3_xtuple_0(1^[],2^[],3^[]),k3_xtuple_0(1^[],2^[],4^[]))],[- #],[],[ext(- (_1716=_1718),[_1718=_1716],n),ext(- (_1674=_1676),[_1674=_1688,_1688=_1676],n),para([0],k3_zfmisc_1(_1840,_1842,_1844),k2_zfmisc_1(k2_zfmisc_1(_1840,_1842),_1844),[],l2r),para([1,0],k3_xtuple_0(_1802,_1804,_1806),k4_tarski(k4_tarski(_1802,_1804),_1806),[],l2r),para([1,1],k3_xtuple_0(_1758,_1760,_1762),k4_tarski(k4_tarski(_1758,_1760),_1762),[],l2r)],[],[ext([- #,[#,k3_zfmisc_1(k1_tarski(1^[]),k1_tarski(2^[]),k2_tarski(3^[],4^[]))=k2_tarski(k3_xtuple_0(1^[],2^[],3^[]),k3_xtuple_0(1^[],2^[],4^[]))]]-[- #,[#,k3_zfmisc_1(k1_tarski(1^[]),k1_tarski(2^[]),k2_tarski(3^[],4^[]))=k2_tarski(k3_xtuple_0(1^[],2^[],3^[]),k3_xtuple_0(1^[],2^[],4^[]))]]),init(-# - -#)],0)state([k3_zfmisc_1(k1_tarski(1^[]),k1_tarski(2^[]),k2_tarski(3^[],4^[]))=k2_tarski(k3_xtuple_0(1^[],2^[],3^[]),k3_xtuple_0(1^[],2^[],4^[]))],[- #],[],[ext(- (_1716=_1718),[_1718=_1716],n),ext(- (_1674=_1676),[_1674=_1688,_1688=_1676],n),para([0],k3_zfmisc_1(_1840,_1842,_1844),k2_zfmisc_1(k2_zfmisc_1(_1840,_1842),_1844),[],l2r),para([1,0],k3_xtuple_0(_1802,_1804,_1806),k4_tarski(k4_tarski(_1802,_1804),_1806),[],l2r),para([1,1],k3_xtuple_0(_1758,_1760,_1762),k4_tarski(k4_tarski(_1758,_1760),_1762),[],l2r)],[],[ext([- #,[#,k3_zfmisc_1(k1_tarski(1^[]),k1_tarski(2^[]),k2_tarski(3^[],4^[]))=k2_tarski(k3_xtuple_0(1^[],2^[],3^[]),k3_xtuple_0(1^[],2^[],4^[]))]]-[- #,[#,k3_zfmisc_1(k1_tarski(1^[]),k1_tarski(2^[]),k2_tarski(3^[],4^[]))=k2_tarski(k3_xtuple_0(1^[],2^[],3^[]),k3_xtuple_0(1^[],2^[],4^[]))]]),init(-# - -#)],0)state([- #],[],[],[ext(#,[k3_zfmisc_1(k1_tarski(1^[]),k1_tarski(2^[]),k2_tarski(3^[],4^[]))=k2_tarski(k3_xtuple_0(1^[],2^[],3^[]),k3_xtuple_0(1^[],2^[],4^[]))],g)],[],[init(-# - -#)],0)Policy data saved
Training data saved
Execution time: 13.113 sec
Full query: 
 swipl -g '["core/montecarlo.pl"], mc_run("theorems/m2np/t38_mcart_1.p",[guided(0),cp(1),sim_depth(0),playout_count(200000),min_visit_count(1),n_dim(10000),playout_time(300), output_format(svmlight), leancop_settings([conj,nodef,comp(1000),eager_reduction(1),paramodulation(1)]),return_to_root(0),save_all_proofs(0),temperature(2),save_all_policy(0),save_all_value(1),lemma_features(0),inference_limit(200000),collapse_vars(0),bigstep_frequency(2000)],"results/plcop_paramodulation/train_value","results/plcop_paramodulation/train_policy","results/plcop_paramodulation/clauses","results/plcop_paramodulation/proofs",ExecutionTime), halt.'
