Prolog query: 
 mc_run("theorems/m2np/t40_relat_1.p",[guided(0),cp(1),sim_depth(0),playout_count(200000),min_visit_count(1),n_dim(10000),playout_time(300), output_format(svmlight), leancop_settings([conj,nodef,comp(1000),eager_reduction(1),paramodulation(1)]),return_to_root(0),save_all_proofs(0),temperature(2),save_all_policy(0),save_all_value(1),lemma_features(0),inference_limit(200000),collapse_vars(0),bigstep_frequency(2000)],"results/plcop_paramodulation/train_value","results/plcop_paramodulation/train_policy","results/plcop_paramodulation/clauses","results/plcop_paramodulation/proofs",ExecutionTime)
Trying to open file theorems/m2np/t40_relat_1.p...
Successfully opened file theorems/m2np/t40_relat_1.p
200000 playouts remaining
SUCCESS
   Init: 	-#
   Extension: 	[- #,[#,k1_relat_1(k1_xboole_0)=k1_xboole_0]]
   Extension: 	[k1_relat_1(k1_xboole_0)=k1_xboole_0,[- (A=B),B=A]]
   Extension: 	[k1_xboole_0=k1_relat_1(k1_xboole_0),[- (A=B),A=C,C=B]]
   Extension: 	[k1_xboole_0=_,[- (A=B),B=A]]
   Extension: 	[_=k1_xboole_0,[- (k2_xboole_0(A,k1_xboole_0)=A)]]
   Extension: 	[k2_xboole_0(k1_xboole_0,k1_xboole_0)=k1_relat_1(k1_xboole_0),[- (A=B),B=A]]
   Extension: 	[k1_relat_1(k1_xboole_0)=k2_xboole_0(k1_xboole_0,k1_xboole_0),[- (A=B),A=C,C=B]]
   Extension: 	[k1_relat_1(k1_xboole_0)=_,[- (k1_relat_1(A)=k2_xboole_0(k9_xtuple_0(A),k10_xtuple_0(A))),v1_relat_1(A)]]
   Extension: 	[v1_relat_1(k1_xboole_0),[-v1_relat_1(A),v1_xboole_0(A)]]
   Extension: 	[v1_xboole_0(k1_xboole_0),[-v1_xboole_0(k1_xboole_0)]]
   Extension: 	[k2_xboole_0(k9_xtuple_0(k1_xboole_0),k10_xtuple_0(k1_xboole_0))=k2_xboole_0(k1_xboole_0,k1_xboole_0),[- (k2_xboole_0(A,B)=k2_xboole_0(C,D)),A=C,B=D]]
   Extension: 	[k9_xtuple_0(k1_xboole_0)=k1_xboole_0,[- (k9_xtuple_0(k1_xboole_0)=k1_xboole_0)]]
   Extension: 	[k10_xtuple_0(k1_xboole_0)=k1_xboole_0,[- (k10_xtuple_0(k1_xboole_0)=k1_xboole_0)]]
Created leancop proof

FIRST PROOF FOUND AFTER 18 STEPS

Moving root from 0 to 1
Moving root from 1 to 2
195000 playouts remaining
Moving root from 2 to 4
Moving root from 4 to 6
Moving root from 6 to 7
190000 playouts remaining
Moving root from 7 to 8
Moving root from 8 to 10
185000 playouts remaining
Moving root from 10 to 11
Moving root from 11 to 12
Moving root from 12 to 13
180000 playouts remaining
Moving root from 13 to 14
Moving root from 14 to 15
175000 playouts remaining
Moving root from 15 to 16
Unable to move root from 16
Unable to move root from 16
170000 playouts remaining
Unable to move root from 16
Unable to move root from 16
165000 playouts remaining
Unable to move root from 16
Unable to move root from 16
Unable to move root from 16
160000 playouts remaining
Unable to move root from 16
Unable to move root from 16
155000 playouts remaining
Unable to move root from 16
Unable to move root from 16
Unable to move root from 16
150000 playouts remaining
Unable to move root from 16
Unable to move root from 16
145000 playouts remaining
Unable to move root from 16
Unable to move root from 16
Unable to move root from 16
140000 playouts remaining
Unable to move root from 16
Unable to move root from 16
135000 playouts remaining
Unable to move root from 16
Unable to move root from 16
Unable to move root from 16
130000 playouts remaining
Unable to move root from 16
Unable to move root from 16
125000 playouts remaining
Unable to move root from 16
Unable to move root from 16
Unable to move root from 16
120000 playouts remaining
Unable to move root from 16
Unable to move root from 16
115000 playouts remaining
Unable to move root from 16
Unable to move root from 16
Unable to move root from 16
110000 playouts remaining
Unable to move root from 16
Unable to move root from 16
105000 playouts remaining
Unable to move root from 16
Unable to move root from 16
Unable to move root from 16
100000 playouts remaining
Unable to move root from 16
Unable to move root from 16
95000 playouts remaining
Unable to move root from 16
Unable to move root from 16
Unable to move root from 16
90000 playouts remaining
Unable to move root from 16
Unable to move root from 16
85000 playouts remaining
Unable to move root from 16
Unable to move root from 16
Unable to move root from 16
80000 playouts remaining
Unable to move root from 16
Unable to move root from 16
75000 playouts remaining
Unable to move root from 16
Unable to move root from 16
Unable to move root from 16
70000 playouts remaining
Unable to move root from 16
Unable to move root from 16
65000 playouts remaining
Unable to move root from 16
Unable to move root from 16
Unable to move root from 16
60000 playouts remaining
Unable to move root from 16
Unable to move root from 16
55000 playouts remaining
Unable to move root from 16
Unable to move root from 16
Unable to move root from 16
50000 playouts remaining
Unable to move root from 16
Unable to move root from 16
45000 playouts remaining
Unable to move root from 16
Unable to move root from 16
Unable to move root from 16
40000 playouts remaining
Unable to move root from 16
Unable to move root from 16
35000 playouts remaining
Unable to move root from 16
Unable to move root from 16
Unable to move root from 16
30000 playouts remaining
Unable to move root from 16
Unable to move root from 16
25000 playouts remaining
Unable to move root from 16
Unable to move root from 16
Unable to move root from 16
20000 playouts remaining
Unable to move root from 16
Unable to move root from 16
15000 playouts remaining
Unable to move root from 16
Unable to move root from 16
Unable to move root from 16
10000 playouts remaining
Unable to move root from 16
Unable to move root from 16
5000 playouts remaining
Unable to move root from 16
Unable to move root from 16
Unable to move root from 16
Created 17 nodes
Performed 181872 inferences
Bigstep Nodes: 14, [0,1,2,4,6,7,8,10,11,12,13,14,15,16]
Training data collected
state([success],[],[],[],[],[ext([k10_xtuple_0(k1_xboole_0)=k1_xboole_0,[- (k10_xtuple_0(k1_xboole_0)=k1_xboole_0)]]-[k10_xtuple_0(k1_xboole_0)=k1_xboole_0,[- (k10_xtuple_0(k1_xboole_0)=k1_xboole_0)]]),ext([k9_xtuple_0(k1_xboole_0)=k1_xboole_0,[- (k9_xtuple_0(k1_xboole_0)=k1_xboole_0)]]-[k9_xtuple_0(k1_xboole_0)=k1_xboole_0,[- (k9_xtuple_0(k1_xboole_0)=k1_xboole_0)]]),ext([k2_xboole_0(k9_xtuple_0(k1_xboole_0),k10_xtuple_0(k1_xboole_0))=k2_xboole_0(k1_xboole_0,k1_xboole_0),[- (k2_xboole_0(_12764,_12766)=k2_xboole_0(_12770,_12772)),_12764=_12770,_12766=_12772]]-[k2_xboole_0(k9_xtuple_0(k1_xboole_0),k10_xtuple_0(k1_xboole_0))=k2_xboole_0(k1_xboole_0,k1_xboole_0),[- (k2_xboole_0(k9_xtuple_0(k1_xboole_0),k10_xtuple_0(k1_xboole_0))=k2_xboole_0(k1_xboole_0,k1_xboole_0)),k9_xtuple_0(k1_xboole_0)=k1_xboole_0,k10_xtuple_0(k1_xboole_0)=k1_xboole_0]]),ext([v1_xboole_0(k1_xboole_0),[-v1_xboole_0(k1_xboole_0)]]-[v1_xboole_0(k1_xboole_0),[-v1_xboole_0(k1_xboole_0)]]),ext([v1_relat_1(k1_xboole_0),[-v1_relat_1(_12844),v1_xboole_0(_12844)]]-[v1_relat_1(k1_xboole_0),[-v1_relat_1(k1_xboole_0),v1_xboole_0(k1_xboole_0)]]),ext([k1_relat_1(k1_xboole_0)=_12882,[- (k1_relat_1(_12908)=k2_xboole_0(k9_xtuple_0(_12908),k10_xtuple_0(_12908))),v1_relat_1(_12908)]]-[k1_relat_1(k1_xboole_0)=k2_xboole_0(k9_xtuple_0(k1_xboole_0),k10_xtuple_0(k1_xboole_0)),[- (k1_relat_1(k1_xboole_0)=k2_xboole_0(k9_xtuple_0(k1_xboole_0),k10_xtuple_0(k1_xboole_0))),v1_relat_1(k1_xboole_0)]]),ext([k1_relat_1(k1_xboole_0)=k2_xboole_0(k1_xboole_0,k1_xboole_0),[- (_12974=_12976),_12974=_12988,_12988=_12976]]-[k1_relat_1(k1_xboole_0)=k2_xboole_0(k1_xboole_0,k1_xboole_0),[- (k1_relat_1(k1_xboole_0)=k2_xboole_0(k1_xboole_0,k1_xboole_0)),k1_relat_1(k1_xboole_0)=k2_xboole_0(k9_xtuple_0(k1_xboole_0),k10_xtuple_0(k1_xboole_0)),k2_xboole_0(k9_xtuple_0(k1_xboole_0),k10_xtuple_0(k1_xboole_0))=k2_xboole_0(k1_xboole_0,k1_xboole_0)]]),ext([k2_xboole_0(k1_xboole_0,k1_xboole_0)=k1_relat_1(k1_xboole_0),[- (_13042=_13044),_13044=_13042]]-[k2_xboole_0(k1_xboole_0,k1_xboole_0)=k1_relat_1(k1_xboole_0),[- (k2_xboole_0(k1_xboole_0,k1_xboole_0)=k1_relat_1(k1_xboole_0)),k1_relat_1(k1_xboole_0)=k2_xboole_0(k1_xboole_0,k1_xboole_0)]]),ext([_13082=k1_xboole_0,[- (k2_xboole_0(_13110,k1_xboole_0)=_13110)]]-[k2_xboole_0(k1_xboole_0,k1_xboole_0)=k1_xboole_0,[- (k2_xboole_0(k1_xboole_0,k1_xboole_0)=k1_xboole_0)]]),ext([k1_xboole_0=_13140,[- (_13160=_13162),_13162=_13160]]-[k1_xboole_0=k2_xboole_0(k1_xboole_0,k1_xboole_0),[- (k1_xboole_0=k2_xboole_0(k1_xboole_0,k1_xboole_0)),k2_xboole_0(k1_xboole_0,k1_xboole_0)=k1_xboole_0]]),ext([k1_xboole_0=k1_relat_1(k1_xboole_0),[- (_13216=_13218),_13216=_13230,_13230=_13218]]-[k1_xboole_0=k1_relat_1(k1_xboole_0),[- (k1_xboole_0=k1_relat_1(k1_xboole_0)),k1_xboole_0=k2_xboole_0(k1_xboole_0,k1_xboole_0),k2_xboole_0(k1_xboole_0,k1_xboole_0)=k1_relat_1(k1_xboole_0)]]),ext([k1_relat_1(k1_xboole_0)=k1_xboole_0,[- (_13284=_13286),_13286=_13284]]-[k1_relat_1(k1_xboole_0)=k1_xboole_0,[- (k1_relat_1(k1_xboole_0)=k1_xboole_0),k1_xboole_0=k1_relat_1(k1_xboole_0)]]),ext([- #,[#,k1_relat_1(k1_xboole_0)=k1_xboole_0]]-[- #,[#,k1_relat_1(k1_xboole_0)=k1_xboole_0]]),init(-# - -#)],1)state([k10_xtuple_0(k1_xboole_0)=k1_xboole_0],[k2_xboole_0(k9_xtuple_0(k1_xboole_0),k10_xtuple_0(k1_xboole_0))=k2_xboole_0(k1_xboole_0,k1_xboole_0),k1_relat_1(k1_xboole_0)=k2_xboole_0(k1_xboole_0,k1_xboole_0),k2_xboole_0(k1_xboole_0,k1_xboole_0)=k1_relat_1(k1_xboole_0),k1_xboole_0=k1_relat_1(k1_xboole_0),k1_relat_1(k1_xboole_0)=k1_xboole_0,- #],[k9_xtuple_0(k1_xboole_0)=k1_xboole_0,k1_relat_1(k1_xboole_0)=k2_xboole_0(k9_xtuple_0(k1_xboole_0),k10_xtuple_0(k1_xboole_0)),k1_xboole_0=k2_xboole_0(k1_xboole_0,k1_xboole_0)],[ext(- (k10_xtuple_0(k1_xboole_0)=k1_xboole_0),[],g),ext(- (_12334=_12336),[_12336=_12334],n),ext(- (_12292=_12294),[_12292=_12306,_12306=_12294],n),para([0,0],k9_xtuple_0(k1_xboole_0),k1_xboole_0,[],r2l),para([1],k9_xtuple_0(k1_xboole_0),k1_xboole_0,[],r2l),para([0],k10_xtuple_0(k1_xboole_0),k1_xboole_0,[],l2r),para([0,0],k10_xtuple_0(k1_xboole_0),k1_xboole_0,[],r2l),para([1],k10_xtuple_0(k1_xboole_0),k1_xboole_0,[],r2l)],[],[ext([k9_xtuple_0(k1_xboole_0)=k1_xboole_0,[- (k9_xtuple_0(k1_xboole_0)=k1_xboole_0)]]-[k9_xtuple_0(k1_xboole_0)=k1_xboole_0,[- (k9_xtuple_0(k1_xboole_0)=k1_xboole_0)]]),ext([k2_xboole_0(k9_xtuple_0(k1_xboole_0),k10_xtuple_0(k1_xboole_0))=k2_xboole_0(k1_xboole_0,k1_xboole_0),[- (k2_xboole_0(_11686,_11688)=k2_xboole_0(_11692,_11694)),_11686=_11692,_11688=_11694]]-[k2_xboole_0(k9_xtuple_0(k1_xboole_0),k10_xtuple_0(k1_xboole_0))=k2_xboole_0(k1_xboole_0,k1_xboole_0),[- (k2_xboole_0(k9_xtuple_0(k1_xboole_0),k10_xtuple_0(k1_xboole_0))=k2_xboole_0(k1_xboole_0,k1_xboole_0)),k9_xtuple_0(k1_xboole_0)=k1_xboole_0,k10_xtuple_0(k1_xboole_0)=k1_xboole_0]]),ext([v1_xboole_0(k1_xboole_0),[-v1_xboole_0(k1_xboole_0)]]-[v1_xboole_0(k1_xboole_0),[-v1_xboole_0(k1_xboole_0)]]),ext([v1_relat_1(k1_xboole_0),[-v1_relat_1(_11766),v1_xboole_0(_11766)]]-[v1_relat_1(k1_xboole_0),[-v1_relat_1(k1_xboole_0),v1_xboole_0(k1_xboole_0)]]),ext([k1_relat_1(k1_xboole_0)=_11804,[- (k1_relat_1(_11830)=k2_xboole_0(k9_xtuple_0(_11830),k10_xtuple_0(_11830))),v1_relat_1(_11830)]]-[k1_relat_1(k1_xboole_0)=k2_xboole_0(k9_xtuple_0(k1_xboole_0),k10_xtuple_0(k1_xboole_0)),[- (k1_relat_1(k1_xboole_0)=k2_xboole_0(k9_xtuple_0(k1_xboole_0),k10_xtuple_0(k1_xboole_0))),v1_relat_1(k1_xboole_0)]]),ext([k1_relat_1(k1_xboole_0)=k2_xboole_0(k1_xboole_0,k1_xboole_0),[- (_11896=_11898),_11896=_11910,_11910=_11898]]-[k1_relat_1(k1_xboole_0)=k2_xboole_0(k1_xboole_0,k1_xboole_0),[- (k1_relat_1(k1_xboole_0)=k2_xboole_0(k1_xboole_0,k1_xboole_0)),k1_relat_1(k1_xboole_0)=k2_xboole_0(k9_xtuple_0(k1_xboole_0),k10_xtuple_0(k1_xboole_0)),k2_xboole_0(k9_xtuple_0(k1_xboole_0),k10_xtuple_0(k1_xboole_0))=k2_xboole_0(k1_xboole_0,k1_xboole_0)]]),ext([k2_xboole_0(k1_xboole_0,k1_xboole_0)=k1_relat_1(k1_xboole_0),[- (_11964=_11966),_11966=_11964]]-[k2_xboole_0(k1_xboole_0,k1_xboole_0)=k1_relat_1(k1_xboole_0),[- (k2_xboole_0(k1_xboole_0,k1_xboole_0)=k1_relat_1(k1_xboole_0)),k1_relat_1(k1_xboole_0)=k2_xboole_0(k1_xboole_0,k1_xboole_0)]]),ext([_12004=k1_xboole_0,[- (k2_xboole_0(_12032,k1_xboole_0)=_12032)]]-[k2_xboole_0(k1_xboole_0,k1_xboole_0)=k1_xboole_0,[- (k2_xboole_0(k1_xboole_0,k1_xboole_0)=k1_xboole_0)]]),ext([k1_xboole_0=_12062,[- (_12082=_12084),_12084=_12082]]-[k1_xboole_0=k2_xboole_0(k1_xboole_0,k1_xboole_0),[- (k1_xboole_0=k2_xboole_0(k1_xboole_0,k1_xboole_0)),k2_xboole_0(k1_xboole_0,k1_xboole_0)=k1_xboole_0]]),ext([k1_xboole_0=k1_relat_1(k1_xboole_0),[- (_12138=_12140),_12138=_12152,_12152=_12140]]-[k1_xboole_0=k1_relat_1(k1_xboole_0),[- (k1_xboole_0=k1_relat_1(k1_xboole_0)),k1_xboole_0=k2_xboole_0(k1_xboole_0,k1_xboole_0),k2_xboole_0(k1_xboole_0,k1_xboole_0)=k1_relat_1(k1_xboole_0)]]),ext([k1_relat_1(k1_xboole_0)=k1_xboole_0,[- (_12206=_12208),_12208=_12206]]-[k1_relat_1(k1_xboole_0)=k1_xboole_0,[- (k1_relat_1(k1_xboole_0)=k1_xboole_0),k1_xboole_0=k1_relat_1(k1_xboole_0)]]),ext([- #,[#,k1_relat_1(k1_xboole_0)=k1_xboole_0]]-[- #,[#,k1_relat_1(k1_xboole_0)=k1_xboole_0]]),init(-# - -#)],0)state([k9_xtuple_0(k1_xboole_0)=k1_xboole_0,k10_xtuple_0(k1_xboole_0)=k1_xboole_0],[k2_xboole_0(k9_xtuple_0(k1_xboole_0),k10_xtuple_0(k1_xboole_0))=k2_xboole_0(k1_xboole_0,k1_xboole_0),k1_relat_1(k1_xboole_0)=k2_xboole_0(k1_xboole_0,k1_xboole_0),k2_xboole_0(k1_xboole_0,k1_xboole_0)=k1_relat_1(k1_xboole_0),k1_xboole_0=k1_relat_1(k1_xboole_0),k1_relat_1(k1_xboole_0)=k1_xboole_0,- #],[k1_relat_1(k1_xboole_0)=k2_xboole_0(k9_xtuple_0(k1_xboole_0),k10_xtuple_0(k1_xboole_0)),k1_xboole_0=k2_xboole_0(k1_xboole_0,k1_xboole_0)],[ext(- (k9_xtuple_0(k1_xboole_0)=k1_xboole_0),[],g),ext(- (_11272=_11274),[_11274=_11272],n),ext(- (_11230=_11232),[_11230=_11244,_11244=_11232],n),para([0],k9_xtuple_0(k1_xboole_0),k1_xboole_0,[],l2r),para([0,0],k9_xtuple_0(k1_xboole_0),k1_xboole_0,[],r2l),para([1],k9_xtuple_0(k1_xboole_0),k1_xboole_0,[],r2l),para([0,0],k10_xtuple_0(k1_xboole_0),k1_xboole_0,[],r2l),para([1],k10_xtuple_0(k1_xboole_0),k1_xboole_0,[],r2l)],[],[ext([k2_xboole_0(k9_xtuple_0(k1_xboole_0),k10_xtuple_0(k1_xboole_0))=k2_xboole_0(k1_xboole_0,k1_xboole_0),[- (k2_xboole_0(_11160,_11162)=k2_xboole_0(_11166,_11168)),_11160=_11166,_11162=_11168]]-[k2_xboole_0(k9_xtuple_0(k1_xboole_0),k10_xtuple_0(k1_xboole_0))=k2_xboole_0(k1_xboole_0,k1_xboole_0),[- (k2_xboole_0(k9_xtuple_0(k1_xboole_0),k10_xtuple_0(k1_xboole_0))=k2_xboole_0(k1_xboole_0,k1_xboole_0)),k9_xtuple_0(k1_xboole_0)=k1_xboole_0,k10_xtuple_0(k1_xboole_0)=k1_xboole_0]]),ext([v1_xboole_0(k1_xboole_0),[-v1_xboole_0(k1_xboole_0)]]-[v1_xboole_0(k1_xboole_0),[-v1_xboole_0(k1_xboole_0)]]),ext([v1_relat_1(k1_xboole_0),[-v1_relat_1(_10640),v1_xboole_0(_10640)]]-[v1_relat_1(k1_xboole_0),[-v1_relat_1(k1_xboole_0),v1_xboole_0(k1_xboole_0)]]),ext([k1_relat_1(k1_xboole_0)=_10678,[- (k1_relat_1(_10704)=k2_xboole_0(k9_xtuple_0(_10704),k10_xtuple_0(_10704))),v1_relat_1(_10704)]]-[k1_relat_1(k1_xboole_0)=k2_xboole_0(k9_xtuple_0(k1_xboole_0),k10_xtuple_0(k1_xboole_0)),[- (k1_relat_1(k1_xboole_0)=k2_xboole_0(k9_xtuple_0(k1_xboole_0),k10_xtuple_0(k1_xboole_0))),v1_relat_1(k1_xboole_0)]]),ext([k1_relat_1(k1_xboole_0)=k2_xboole_0(k1_xboole_0,k1_xboole_0),[- (_10770=_10772),_10770=_10784,_10784=_10772]]-[k1_relat_1(k1_xboole_0)=k2_xboole_0(k1_xboole_0,k1_xboole_0),[- (k1_relat_1(k1_xboole_0)=k2_xboole_0(k1_xboole_0,k1_xboole_0)),k1_relat_1(k1_xboole_0)=k2_xboole_0(k9_xtuple_0(k1_xboole_0),k10_xtuple_0(k1_xboole_0)),k2_xboole_0(k9_xtuple_0(k1_xboole_0),k10_xtuple_0(k1_xboole_0))=k2_xboole_0(k1_xboole_0,k1_xboole_0)]]),ext([k2_xboole_0(k1_xboole_0,k1_xboole_0)=k1_relat_1(k1_xboole_0),[- (_10838=_10840),_10840=_10838]]-[k2_xboole_0(k1_xboole_0,k1_xboole_0)=k1_relat_1(k1_xboole_0),[- (k2_xboole_0(k1_xboole_0,k1_xboole_0)=k1_relat_1(k1_xboole_0)),k1_relat_1(k1_xboole_0)=k2_xboole_0(k1_xboole_0,k1_xboole_0)]]),ext([_10878=k1_xboole_0,[- (k2_xboole_0(_10906,k1_xboole_0)=_10906)]]-[k2_xboole_0(k1_xboole_0,k1_xboole_0)=k1_xboole_0,[- (k2_xboole_0(k1_xboole_0,k1_xboole_0)=k1_xboole_0)]]),ext([k1_xboole_0=_10936,[- (_10956=_10958),_10958=_10956]]-[k1_xboole_0=k2_xboole_0(k1_xboole_0,k1_xboole_0),[- (k1_xboole_0=k2_xboole_0(k1_xboole_0,k1_xboole_0)),k2_xboole_0(k1_xboole_0,k1_xboole_0)=k1_xboole_0]]),ext([k1_xboole_0=k1_relat_1(k1_xboole_0),[- (_11012=_11014),_11012=_11026,_11026=_11014]]-[k1_xboole_0=k1_relat_1(k1_xboole_0),[- (k1_xboole_0=k1_relat_1(k1_xboole_0)),k1_xboole_0=k2_xboole_0(k1_xboole_0,k1_xboole_0),k2_xboole_0(k1_xboole_0,k1_xboole_0)=k1_relat_1(k1_xboole_0)]]),ext([k1_relat_1(k1_xboole_0)=k1_xboole_0,[- (_11080=_11082),_11082=_11080]]-[k1_relat_1(k1_xboole_0)=k1_xboole_0,[- (k1_relat_1(k1_xboole_0)=k1_xboole_0),k1_xboole_0=k1_relat_1(k1_xboole_0)]]),ext([- #,[#,k1_relat_1(k1_xboole_0)=k1_xboole_0]]-[- #,[#,k1_relat_1(k1_xboole_0)=k1_xboole_0]]),init(-# - -#)],0)state([k2_xboole_0(k9_xtuple_0(k1_xboole_0),k10_xtuple_0(k1_xboole_0))=k2_xboole_0(k1_xboole_0,k1_xboole_0)],[k1_relat_1(k1_xboole_0)=k2_xboole_0(k1_xboole_0,k1_xboole_0),k2_xboole_0(k1_xboole_0,k1_xboole_0)=k1_relat_1(k1_xboole_0),k1_xboole_0=k1_relat_1(k1_xboole_0),k1_relat_1(k1_xboole_0)=k1_xboole_0,- #],[k1_relat_1(k1_xboole_0)=k2_xboole_0(k9_xtuple_0(k1_xboole_0),k10_xtuple_0(k1_xboole_0)),k1_xboole_0=k2_xboole_0(k1_xboole_0,k1_xboole_0)],[ext(- (k2_xboole_0(_9806,_9808)=k2_xboole_0(_9812,_9814)),[_9806=_9812,_9808=_9814],n),ext(- (_9770=_9772),[_9772=_9770],n),ext(- (_9728=_9730),[_9728=_9742,_9742=_9730],n),para([1],k2_xboole_0(_10196,k1_xboole_0),_10196,[],l2r),para([0,0],k9_xtuple_0(k1_xboole_0),k1_xboole_0,[],l2r),para([0,0,0],k9_xtuple_0(k1_xboole_0),k1_xboole_0,[],r2l),para([0,1,0],k9_xtuple_0(k1_xboole_0),k1_xboole_0,[],r2l),para([1,0],k9_xtuple_0(k1_xboole_0),k1_xboole_0,[],r2l),para([1,1],k9_xtuple_0(k1_xboole_0),k1_xboole_0,[],r2l),para([0,0,0],k10_xtuple_0(k1_xboole_0),k1_xboole_0,[],r2l),para([0,1],k10_xtuple_0(k1_xboole_0),k1_xboole_0,[],l2r),para([0,1,0],k10_xtuple_0(k1_xboole_0),k1_xboole_0,[],r2l),para([1,0],k10_xtuple_0(k1_xboole_0),k1_xboole_0,[],r2l),para([1,1],k10_xtuple_0(k1_xboole_0),k1_xboole_0,[],r2l),para([0],k1_relat_1(_9860),k2_xboole_0(k9_xtuple_0(_9860),k10_xtuple_0(_9860)),[v1_relat_1(_9860)],r2l)],[],[ext([v1_xboole_0(k1_xboole_0),[-v1_xboole_0(k1_xboole_0)]]-[v1_xboole_0(k1_xboole_0),[-v1_xboole_0(k1_xboole_0)]]),ext([v1_relat_1(k1_xboole_0),[-v1_relat_1(_9208),v1_xboole_0(_9208)]]-[v1_relat_1(k1_xboole_0),[-v1_relat_1(k1_xboole_0),v1_xboole_0(k1_xboole_0)]]),ext([k1_relat_1(k1_xboole_0)=_9246,[- (k1_relat_1(_9272)=k2_xboole_0(k9_xtuple_0(_9272),k10_xtuple_0(_9272))),v1_relat_1(_9272)]]-[k1_relat_1(k1_xboole_0)=k2_xboole_0(k9_xtuple_0(k1_xboole_0),k10_xtuple_0(k1_xboole_0)),[- (k1_relat_1(k1_xboole_0)=k2_xboole_0(k9_xtuple_0(k1_xboole_0),k10_xtuple_0(k1_xboole_0))),v1_relat_1(k1_xboole_0)]]),ext([k1_relat_1(k1_xboole_0)=k2_xboole_0(k1_xboole_0,k1_xboole_0),[- (_9338=_9340),_9338=_9352,_9352=_9340]]-[k1_relat_1(k1_xboole_0)=k2_xboole_0(k1_xboole_0,k1_xboole_0),[- (k1_relat_1(k1_xboole_0)=k2_xboole_0(k1_xboole_0,k1_xboole_0)),k1_relat_1(k1_xboole_0)=k2_xboole_0(k9_xtuple_0(k1_xboole_0),k10_xtuple_0(k1_xboole_0)),k2_xboole_0(k9_xtuple_0(k1_xboole_0),k10_xtuple_0(k1_xboole_0))=k2_xboole_0(k1_xboole_0,k1_xboole_0)]]),ext([k2_xboole_0(k1_xboole_0,k1_xboole_0)=k1_relat_1(k1_xboole_0),[- (_9406=_9408),_9408=_9406]]-[k2_xboole_0(k1_xboole_0,k1_xboole_0)=k1_relat_1(k1_xboole_0),[- (k2_xboole_0(k1_xboole_0,k1_xboole_0)=k1_relat_1(k1_xboole_0)),k1_relat_1(k1_xboole_0)=k2_xboole_0(k1_xboole_0,k1_xboole_0)]]),ext([_9446=k1_xboole_0,[- (k2_xboole_0(_9474,k1_xboole_0)=_9474)]]-[k2_xboole_0(k1_xboole_0,k1_xboole_0)=k1_xboole_0,[- (k2_xboole_0(k1_xboole_0,k1_xboole_0)=k1_xboole_0)]]),ext([k1_xboole_0=_9504,[- (_9524=_9526),_9526=_9524]]-[k1_xboole_0=k2_xboole_0(k1_xboole_0,k1_xboole_0),[- (k1_xboole_0=k2_xboole_0(k1_xboole_0,k1_xboole_0)),k2_xboole_0(k1_xboole_0,k1_xboole_0)=k1_xboole_0]]),ext([k1_xboole_0=k1_relat_1(k1_xboole_0),[- (_9580=_9582),_9580=_9594,_9594=_9582]]-[k1_xboole_0=k1_relat_1(k1_xboole_0),[- (k1_xboole_0=k1_relat_1(k1_xboole_0)),k1_xboole_0=k2_xboole_0(k1_xboole_0,k1_xboole_0),k2_xboole_0(k1_xboole_0,k1_xboole_0)=k1_relat_1(k1_xboole_0)]]),ext([k1_relat_1(k1_xboole_0)=k1_xboole_0,[- (_9648=_9650),_9650=_9648]]-[k1_relat_1(k1_xboole_0)=k1_xboole_0,[- (k1_relat_1(k1_xboole_0)=k1_xboole_0),k1_xboole_0=k1_relat_1(k1_xboole_0)]]),ext([- #,[#,k1_relat_1(k1_xboole_0)=k1_xboole_0]]-[- #,[#,k1_relat_1(k1_xboole_0)=k1_xboole_0]]),init(-# - -#)],0)state([v1_xboole_0(k1_xboole_0)],[v1_relat_1(k1_xboole_0),k1_relat_1(k1_xboole_0)=k2_xboole_0(k9_xtuple_0(k1_xboole_0),k10_xtuple_0(k1_xboole_0)),k1_relat_1(k1_xboole_0)=k2_xboole_0(k1_xboole_0,k1_xboole_0),k2_xboole_0(k1_xboole_0,k1_xboole_0)=k1_relat_1(k1_xboole_0),k1_xboole_0=k1_relat_1(k1_xboole_0),k1_relat_1(k1_xboole_0)=k1_xboole_0,- #],[k1_xboole_0=k2_xboole_0(k1_xboole_0,k1_xboole_0)],[ext(-v1_xboole_0(k1_xboole_0),[],g),ext(-v1_xboole_0(_8948),[_8958=_8948,v1_xboole_0(_8958)],n),para([0],k9_xtuple_0(k1_xboole_0),k1_xboole_0,[],r2l),para([0],k10_xtuple_0(k1_xboole_0),k1_xboole_0,[],r2l)],[[[k2_xboole_0(k9_xtuple_0(k1_xboole_0),k10_xtuple_0(k1_xboole_0))=k2_xboole_0(k1_xboole_0,k1_xboole_0)],[k1_relat_1(k1_xboole_0)=k2_xboole_0(k1_xboole_0,k1_xboole_0),k2_xboole_0(k1_xboole_0,k1_xboole_0)=k1_relat_1(k1_xboole_0),k1_xboole_0=k1_relat_1(k1_xboole_0),k1_relat_1(k1_xboole_0)=k1_xboole_0,- #],[k1_relat_1(k1_xboole_0)=k2_xboole_0(k9_xtuple_0(k1_xboole_0),k10_xtuple_0(k1_xboole_0)),k1_xboole_0=k2_xboole_0(k1_xboole_0,k1_xboole_0)]]],[ext([v1_relat_1(k1_xboole_0),[-v1_relat_1(_8900),v1_xboole_0(_8900)]]-[v1_relat_1(k1_xboole_0),[-v1_relat_1(k1_xboole_0),v1_xboole_0(k1_xboole_0)]]),ext([k1_relat_1(k1_xboole_0)=_8424,[- (k1_relat_1(_8450)=k2_xboole_0(k9_xtuple_0(_8450),k10_xtuple_0(_8450))),v1_relat_1(_8450)]]-[k1_relat_1(k1_xboole_0)=k2_xboole_0(k9_xtuple_0(k1_xboole_0),k10_xtuple_0(k1_xboole_0)),[- (k1_relat_1(k1_xboole_0)=k2_xboole_0(k9_xtuple_0(k1_xboole_0),k10_xtuple_0(k1_xboole_0))),v1_relat_1(k1_xboole_0)]]),ext([k1_relat_1(k1_xboole_0)=k2_xboole_0(k1_xboole_0,k1_xboole_0),[- (_8516=_8518),_8516=_8530,_8530=_8518]]-[k1_relat_1(k1_xboole_0)=k2_xboole_0(k1_xboole_0,k1_xboole_0),[- (k1_relat_1(k1_xboole_0)=k2_xboole_0(k1_xboole_0,k1_xboole_0)),k1_relat_1(k1_xboole_0)=k2_xboole_0(k9_xtuple_0(k1_xboole_0),k10_xtuple_0(k1_xboole_0)),k2_xboole_0(k9_xtuple_0(k1_xboole_0),k10_xtuple_0(k1_xboole_0))=k2_xboole_0(k1_xboole_0,k1_xboole_0)]]),ext([k2_xboole_0(k1_xboole_0,k1_xboole_0)=k1_relat_1(k1_xboole_0),[- (_8584=_8586),_8586=_8584]]-[k2_xboole_0(k1_xboole_0,k1_xboole_0)=k1_relat_1(k1_xboole_0),[- (k2_xboole_0(k1_xboole_0,k1_xboole_0)=k1_relat_1(k1_xboole_0)),k1_relat_1(k1_xboole_0)=k2_xboole_0(k1_xboole_0,k1_xboole_0)]]),ext([_8624=k1_xboole_0,[- (k2_xboole_0(_8652,k1_xboole_0)=_8652)]]-[k2_xboole_0(k1_xboole_0,k1_xboole_0)=k1_xboole_0,[- (k2_xboole_0(k1_xboole_0,k1_xboole_0)=k1_xboole_0)]]),ext([k1_xboole_0=_8682,[- (_8702=_8704),_8704=_8702]]-[k1_xboole_0=k2_xboole_0(k1_xboole_0,k1_xboole_0),[- (k1_xboole_0=k2_xboole_0(k1_xboole_0,k1_xboole_0)),k2_xboole_0(k1_xboole_0,k1_xboole_0)=k1_xboole_0]]),ext([k1_xboole_0=k1_relat_1(k1_xboole_0),[- (_8758=_8760),_8758=_8772,_8772=_8760]]-[k1_xboole_0=k1_relat_1(k1_xboole_0),[- (k1_xboole_0=k1_relat_1(k1_xboole_0)),k1_xboole_0=k2_xboole_0(k1_xboole_0,k1_xboole_0),k2_xboole_0(k1_xboole_0,k1_xboole_0)=k1_relat_1(k1_xboole_0)]]),ext([k1_relat_1(k1_xboole_0)=k1_xboole_0,[- (_8826=_8828),_8828=_8826]]-[k1_relat_1(k1_xboole_0)=k1_xboole_0,[- (k1_relat_1(k1_xboole_0)=k1_xboole_0),k1_xboole_0=k1_relat_1(k1_xboole_0)]]),ext([- #,[#,k1_relat_1(k1_xboole_0)=k1_xboole_0]]-[- #,[#,k1_relat_1(k1_xboole_0)=k1_xboole_0]]),init(-# - -#)],0)state([v1_relat_1(k1_xboole_0)],[k1_relat_1(k1_xboole_0)=k2_xboole_0(k9_xtuple_0(k1_xboole_0),k10_xtuple_0(k1_xboole_0)),k1_relat_1(k1_xboole_0)=k2_xboole_0(k1_xboole_0,k1_xboole_0),k2_xboole_0(k1_xboole_0,k1_xboole_0)=k1_relat_1(k1_xboole_0),k1_xboole_0=k1_relat_1(k1_xboole_0),k1_relat_1(k1_xboole_0)=k1_xboole_0,- #],[k1_xboole_0=k2_xboole_0(k1_xboole_0,k1_xboole_0)],[ext(-v1_relat_1(_8188),[v1_xboole_0(_8188)],n),ext(-v1_relat_1(_8150),[_8160=_8150,v1_relat_1(_8160)],n),para([0],k9_xtuple_0(k1_xboole_0),k1_xboole_0,[],r2l),para([0],k10_xtuple_0(k1_xboole_0),k1_xboole_0,[],r2l)],[[[k2_xboole_0(k9_xtuple_0(k1_xboole_0),k10_xtuple_0(k1_xboole_0))=k2_xboole_0(k1_xboole_0,k1_xboole_0)],[k1_relat_1(k1_xboole_0)=k2_xboole_0(k1_xboole_0,k1_xboole_0),k2_xboole_0(k1_xboole_0,k1_xboole_0)=k1_relat_1(k1_xboole_0),k1_xboole_0=k1_relat_1(k1_xboole_0),k1_relat_1(k1_xboole_0)=k1_xboole_0,- #],[k1_relat_1(k1_xboole_0)=k2_xboole_0(k9_xtuple_0(k1_xboole_0),k10_xtuple_0(k1_xboole_0)),k1_xboole_0=k2_xboole_0(k1_xboole_0,k1_xboole_0)]]],[ext([k1_relat_1(k1_xboole_0)=_8032,[- (k1_relat_1(_8058)=k2_xboole_0(k9_xtuple_0(_8058),k10_xtuple_0(_8058))),v1_relat_1(_8058)]]-[k1_relat_1(k1_xboole_0)=k2_xboole_0(k9_xtuple_0(k1_xboole_0),k10_xtuple_0(k1_xboole_0)),[- (k1_relat_1(k1_xboole_0)=k2_xboole_0(k9_xtuple_0(k1_xboole_0),k10_xtuple_0(k1_xboole_0))),v1_relat_1(k1_xboole_0)]]),ext([k1_relat_1(k1_xboole_0)=k2_xboole_0(k1_xboole_0,k1_xboole_0),[- (_7644=_7646),_7644=_7658,_7658=_7646]]-[k1_relat_1(k1_xboole_0)=k2_xboole_0(k1_xboole_0,k1_xboole_0),[- (k1_relat_1(k1_xboole_0)=k2_xboole_0(k1_xboole_0,k1_xboole_0)),k1_relat_1(k1_xboole_0)=k2_xboole_0(k9_xtuple_0(k1_xboole_0),k10_xtuple_0(k1_xboole_0)),k2_xboole_0(k9_xtuple_0(k1_xboole_0),k10_xtuple_0(k1_xboole_0))=k2_xboole_0(k1_xboole_0,k1_xboole_0)]]),ext([k2_xboole_0(k1_xboole_0,k1_xboole_0)=k1_relat_1(k1_xboole_0),[- (_7730=_7732),_7732=_7730]]-[k2_xboole_0(k1_xboole_0,k1_xboole_0)=k1_relat_1(k1_xboole_0),[- (k2_xboole_0(k1_xboole_0,k1_xboole_0)=k1_relat_1(k1_xboole_0)),k1_relat_1(k1_xboole_0)=k2_xboole_0(k1_xboole_0,k1_xboole_0)]]),ext([_7770=k1_xboole_0,[- (k2_xboole_0(_7798,k1_xboole_0)=_7798)]]-[k2_xboole_0(k1_xboole_0,k1_xboole_0)=k1_xboole_0,[- (k2_xboole_0(k1_xboole_0,k1_xboole_0)=k1_xboole_0)]]),ext([k1_xboole_0=_7828,[- (_7848=_7850),_7850=_7848]]-[k1_xboole_0=k2_xboole_0(k1_xboole_0,k1_xboole_0),[- (k1_xboole_0=k2_xboole_0(k1_xboole_0,k1_xboole_0)),k2_xboole_0(k1_xboole_0,k1_xboole_0)=k1_xboole_0]]),ext([k1_xboole_0=k1_relat_1(k1_xboole_0),[- (_7904=_7906),_7904=_7918,_7918=_7906]]-[k1_xboole_0=k1_relat_1(k1_xboole_0),[- (k1_xboole_0=k1_relat_1(k1_xboole_0)),k1_xboole_0=k2_xboole_0(k1_xboole_0,k1_xboole_0),k2_xboole_0(k1_xboole_0,k1_xboole_0)=k1_relat_1(k1_xboole_0)]]),ext([k1_relat_1(k1_xboole_0)=k1_xboole_0,[- (_7972=_7974),_7974=_7972]]-[k1_relat_1(k1_xboole_0)=k1_xboole_0,[- (k1_relat_1(k1_xboole_0)=k1_xboole_0),k1_xboole_0=k1_relat_1(k1_xboole_0)]]),ext([- #,[#,k1_relat_1(k1_xboole_0)=k1_xboole_0]]-[- #,[#,k1_relat_1(k1_xboole_0)=k1_xboole_0]]),init(-# - -#)],0)state([k1_relat_1(k1_xboole_0)=_6638,_6638=k2_xboole_0(k1_xboole_0,k1_xboole_0)],[k1_relat_1(k1_xboole_0)=k2_xboole_0(k1_xboole_0,k1_xboole_0),k2_xboole_0(k1_xboole_0,k1_xboole_0)=k1_relat_1(k1_xboole_0),k1_xboole_0=k1_relat_1(k1_xboole_0),k1_relat_1(k1_xboole_0)=k1_xboole_0,- #],[k1_xboole_0=k2_xboole_0(k1_xboole_0,k1_xboole_0)],[ext(- (k1_relat_1(_7206)=k2_xboole_0(k9_xtuple_0(_7206),k10_xtuple_0(_7206))),[v1_relat_1(_7206)],n),ext(- (k1_relat_1(_7168)=k1_relat_1(_7172)),[_7168=_7172],n),ext(- (_7144=_7144),[],n),ext(- (_7114=_7116),[_7116=_7114],n),ext(- (_7072=_7074),[_7072=_7086,_7086=_7074],n),para([0,0],k9_xtuple_0(k1_xboole_0),k1_xboole_0,[],r2l),para([0,0],k10_xtuple_0(k1_xboole_0),k1_xboole_0,[],r2l),para([0],k1_relat_1(_7252),k2_xboole_0(k9_xtuple_0(_7252),k10_xtuple_0(_7252)),[v1_relat_1(_7252)],l2r)],[],[ext([k1_relat_1(k1_xboole_0)=k2_xboole_0(k1_xboole_0,k1_xboole_0),[- (_7008=_7010),_7008=_7022,_7022=_7010]]-[k1_relat_1(k1_xboole_0)=k2_xboole_0(k1_xboole_0,k1_xboole_0),[- (k1_relat_1(k1_xboole_0)=k2_xboole_0(k1_xboole_0,k1_xboole_0)),k1_relat_1(k1_xboole_0)=_6638,_6638=k2_xboole_0(k1_xboole_0,k1_xboole_0)]]),ext([k2_xboole_0(k1_xboole_0,k1_xboole_0)=k1_relat_1(k1_xboole_0),[- (_6692=_6694),_6694=_6692]]-[k2_xboole_0(k1_xboole_0,k1_xboole_0)=k1_relat_1(k1_xboole_0),[- (k2_xboole_0(k1_xboole_0,k1_xboole_0)=k1_relat_1(k1_xboole_0)),k1_relat_1(k1_xboole_0)=k2_xboole_0(k1_xboole_0,k1_xboole_0)]]),ext([_6732=k1_xboole_0,[- (k2_xboole_0(_6760,k1_xboole_0)=_6760)]]-[k2_xboole_0(k1_xboole_0,k1_xboole_0)=k1_xboole_0,[- (k2_xboole_0(k1_xboole_0,k1_xboole_0)=k1_xboole_0)]]),ext([k1_xboole_0=_6790,[- (_6810=_6812),_6812=_6810]]-[k1_xboole_0=k2_xboole_0(k1_xboole_0,k1_xboole_0),[- (k1_xboole_0=k2_xboole_0(k1_xboole_0,k1_xboole_0)),k2_xboole_0(k1_xboole_0,k1_xboole_0)=k1_xboole_0]]),ext([k1_xboole_0=k1_relat_1(k1_xboole_0),[- (_6866=_6868),_6866=_6880,_6880=_6868]]-[k1_xboole_0=k1_relat_1(k1_xboole_0),[- (k1_xboole_0=k1_relat_1(k1_xboole_0)),k1_xboole_0=k2_xboole_0(k1_xboole_0,k1_xboole_0),k2_xboole_0(k1_xboole_0,k1_xboole_0)=k1_relat_1(k1_xboole_0)]]),ext([k1_relat_1(k1_xboole_0)=k1_xboole_0,[- (_6934=_6936),_6936=_6934]]-[k1_relat_1(k1_xboole_0)=k1_xboole_0,[- (k1_relat_1(k1_xboole_0)=k1_xboole_0),k1_xboole_0=k1_relat_1(k1_xboole_0)]]),ext([- #,[#,k1_relat_1(k1_xboole_0)=k1_xboole_0]]-[- #,[#,k1_relat_1(k1_xboole_0)=k1_xboole_0]]),init(-# - -#)],0)state([k1_relat_1(k1_xboole_0)=k2_xboole_0(k1_xboole_0,k1_xboole_0)],[k2_xboole_0(k1_xboole_0,k1_xboole_0)=k1_relat_1(k1_xboole_0),k1_xboole_0=k1_relat_1(k1_xboole_0),k1_relat_1(k1_xboole_0)=k1_xboole_0,- #],[k1_xboole_0=k2_xboole_0(k1_xboole_0,k1_xboole_0)],[ext(- (_5614=_5616),[_5616=_5614],n),ext(- (_5572=_5574),[_5572=_5586,_5586=_5574],n),para([1],k2_xboole_0(_5850,k1_xboole_0),_5850,[],l2r),para([0,0],k9_xtuple_0(k1_xboole_0),k1_xboole_0,[],r2l),para([1,0],k9_xtuple_0(k1_xboole_0),k1_xboole_0,[],r2l),para([1,1],k9_xtuple_0(k1_xboole_0),k1_xboole_0,[],r2l),para([0,0],k10_xtuple_0(k1_xboole_0),k1_xboole_0,[],r2l),para([1,0],k10_xtuple_0(k1_xboole_0),k1_xboole_0,[],r2l),para([1,1],k10_xtuple_0(k1_xboole_0),k1_xboole_0,[],r2l),para([0],k1_relat_1(_5650),k2_xboole_0(k9_xtuple_0(_5650),k10_xtuple_0(_5650)),[v1_relat_1(_5650)],l2r)],[],[ext([k2_xboole_0(k1_xboole_0,k1_xboole_0)=k1_relat_1(k1_xboole_0),[- (_5520=_5522),_5522=_5520]]-[k2_xboole_0(k1_xboole_0,k1_xboole_0)=k1_relat_1(k1_xboole_0),[- (k2_xboole_0(k1_xboole_0,k1_xboole_0)=k1_relat_1(k1_xboole_0)),k1_relat_1(k1_xboole_0)=k2_xboole_0(k1_xboole_0,k1_xboole_0)]]),ext([_5244=k1_xboole_0,[- (k2_xboole_0(_5272,k1_xboole_0)=_5272)]]-[k2_xboole_0(k1_xboole_0,k1_xboole_0)=k1_xboole_0,[- (k2_xboole_0(k1_xboole_0,k1_xboole_0)=k1_xboole_0)]]),ext([k1_xboole_0=_5302,[- (_5322=_5324),_5324=_5322]]-[k1_xboole_0=k2_xboole_0(k1_xboole_0,k1_xboole_0),[- (k1_xboole_0=k2_xboole_0(k1_xboole_0,k1_xboole_0)),k2_xboole_0(k1_xboole_0,k1_xboole_0)=k1_xboole_0]]),ext([k1_xboole_0=k1_relat_1(k1_xboole_0),[- (_5378=_5380),_5378=_5392,_5392=_5380]]-[k1_xboole_0=k1_relat_1(k1_xboole_0),[- (k1_xboole_0=k1_relat_1(k1_xboole_0)),k1_xboole_0=k2_xboole_0(k1_xboole_0,k1_xboole_0),k2_xboole_0(k1_xboole_0,k1_xboole_0)=k1_relat_1(k1_xboole_0)]]),ext([k1_relat_1(k1_xboole_0)=k1_xboole_0,[- (_5446=_5448),_5448=_5446]]-[k1_relat_1(k1_xboole_0)=k1_xboole_0,[- (k1_relat_1(k1_xboole_0)=k1_xboole_0),k1_xboole_0=k1_relat_1(k1_xboole_0)]]),ext([- #,[#,k1_relat_1(k1_xboole_0)=k1_xboole_0]]-[- #,[#,k1_relat_1(k1_xboole_0)=k1_xboole_0]]),init(-# - -#)],0)state([k2_xboole_0(k1_xboole_0,k1_xboole_0)=k1_relat_1(k1_xboole_0)],[k1_xboole_0=k1_relat_1(k1_xboole_0),k1_relat_1(k1_xboole_0)=k1_xboole_0,- #],[k1_xboole_0=k2_xboole_0(k1_xboole_0,k1_xboole_0)],[ext(- (_4700=_4702),[_4702=_4700],n),ext(- (_4658=_4660),[_4658=_4672,_4672=_4660],n),para([0],k2_xboole_0(_4936,k1_xboole_0),_4936,[],l2r),para([0,0],k9_xtuple_0(k1_xboole_0),k1_xboole_0,[],r2l),para([0,1],k9_xtuple_0(k1_xboole_0),k1_xboole_0,[],r2l),para([1,0],k9_xtuple_0(k1_xboole_0),k1_xboole_0,[],r2l),para([0,0],k10_xtuple_0(k1_xboole_0),k1_xboole_0,[],r2l),para([0,1],k10_xtuple_0(k1_xboole_0),k1_xboole_0,[],r2l),para([1,0],k10_xtuple_0(k1_xboole_0),k1_xboole_0,[],r2l),para([1],k1_relat_1(_4736),k2_xboole_0(k9_xtuple_0(_4736),k10_xtuple_0(_4736)),[v1_relat_1(_4736)],l2r)],[],[ext([_4596=k1_xboole_0,[- (k2_xboole_0(_4624,k1_xboole_0)=_4624)]]-[k2_xboole_0(k1_xboole_0,k1_xboole_0)=k1_xboole_0,[- (k2_xboole_0(k1_xboole_0,k1_xboole_0)=k1_xboole_0)]]),ext([k1_xboole_0=_4342,[- (_4362=_4364),_4364=_4362]]-[k1_xboole_0=k2_xboole_0(k1_xboole_0,k1_xboole_0),[- (k1_xboole_0=k2_xboole_0(k1_xboole_0,k1_xboole_0)),k2_xboole_0(k1_xboole_0,k1_xboole_0)=k1_xboole_0]]),ext([k1_xboole_0=k1_relat_1(k1_xboole_0),[- (_4446=_4448),_4446=_4460,_4460=_4448]]-[k1_xboole_0=k1_relat_1(k1_xboole_0),[- (k1_xboole_0=k1_relat_1(k1_xboole_0)),k1_xboole_0=k2_xboole_0(k1_xboole_0,k1_xboole_0),k2_xboole_0(k1_xboole_0,k1_xboole_0)=k1_relat_1(k1_xboole_0)]]),ext([k1_relat_1(k1_xboole_0)=k1_xboole_0,[- (_4538=_4540),_4540=_4538]]-[k1_relat_1(k1_xboole_0)=k1_xboole_0,[- (k1_relat_1(k1_xboole_0)=k1_xboole_0),k1_xboole_0=k1_relat_1(k1_xboole_0)]]),ext([- #,[#,k1_relat_1(k1_xboole_0)=k1_xboole_0]]-[- #,[#,k1_relat_1(k1_xboole_0)=k1_xboole_0]]),init(-# - -#)],0)state([_3310=k1_xboole_0],[k1_xboole_0=_3310,k1_xboole_0=k1_relat_1(k1_xboole_0),k1_relat_1(k1_xboole_0)=k1_xboole_0,- #],[],[ext(- (k2_xboole_0(_3770,k1_xboole_0)=_3770),[],n),ext(- (k9_xtuple_0(k1_xboole_0)=k1_xboole_0),[],g),ext(- (k10_xtuple_0(k1_xboole_0)=k1_xboole_0),[],g),ext(- (_3706=_3706),[],n),ext(- (_3676=_3678),[_3678=_3676],n),ext(- (_3634=_3636),[_3634=_3648,_3648=_3636],n),para([1],k9_xtuple_0(k1_xboole_0),k1_xboole_0,[],r2l),para([1],k10_xtuple_0(k1_xboole_0),k1_xboole_0,[],r2l)],[[[_3310=k1_relat_1(k1_xboole_0)],[k1_xboole_0=k1_relat_1(k1_xboole_0),k1_relat_1(k1_xboole_0)=k1_xboole_0,- #],[k1_xboole_0=_3310]]],[ext([k1_xboole_0=_3532,[- (_3552=_3554),_3554=_3552]]-[k1_xboole_0=_3310,[- (k1_xboole_0=_3310),_3310=k1_xboole_0]]),ext([k1_xboole_0=k1_relat_1(k1_xboole_0),[- (_3386=_3388),_3386=_3400,_3400=_3388]]-[k1_xboole_0=k1_relat_1(k1_xboole_0),[- (k1_xboole_0=k1_relat_1(k1_xboole_0)),k1_xboole_0=_3310,_3310=k1_relat_1(k1_xboole_0)]]),ext([k1_relat_1(k1_xboole_0)=k1_xboole_0,[- (_3472=_3474),_3474=_3472]]-[k1_relat_1(k1_xboole_0)=k1_xboole_0,[- (k1_relat_1(k1_xboole_0)=k1_xboole_0),k1_xboole_0=k1_relat_1(k1_xboole_0)]]),ext([- #,[#,k1_relat_1(k1_xboole_0)=k1_xboole_0]]-[- #,[#,k1_relat_1(k1_xboole_0)=k1_xboole_0]]),init(-# - -#)],0)state([k1_xboole_0=_2514,_2514=k1_relat_1(k1_xboole_0)],[k1_xboole_0=k1_relat_1(k1_xboole_0),k1_relat_1(k1_xboole_0)=k1_xboole_0,- #],[],[ext(- (_2778=_2778),[],n),ext(- (_2748=_2750),[_2750=_2748],n),ext(- (_2706=_2708),[_2706=_2720,_2720=_2708],n),para([0],k9_xtuple_0(k1_xboole_0),k1_xboole_0,[],r2l),para([0],k10_xtuple_0(k1_xboole_0),k1_xboole_0,[],r2l)],[],[ext([k1_xboole_0=k1_relat_1(k1_xboole_0),[- (_2642=_2644),_2642=_2656,_2656=_2644]]-[k1_xboole_0=k1_relat_1(k1_xboole_0),[- (k1_xboole_0=k1_relat_1(k1_xboole_0)),k1_xboole_0=_2514,_2514=k1_relat_1(k1_xboole_0)]]),ext([k1_relat_1(k1_xboole_0)=k1_xboole_0,[- (_2568=_2570),_2570=_2568]]-[k1_relat_1(k1_xboole_0)=k1_xboole_0,[- (k1_relat_1(k1_xboole_0)=k1_xboole_0),k1_xboole_0=k1_relat_1(k1_xboole_0)]]),ext([- #,[#,k1_relat_1(k1_xboole_0)=k1_xboole_0]]-[- #,[#,k1_relat_1(k1_xboole_0)=k1_xboole_0]]),init(-# - -#)],0)state([k1_xboole_0=k1_relat_1(k1_xboole_0)],[k1_relat_1(k1_xboole_0)=k1_xboole_0,- #],[],[ext(- (_1914=_1916),[_1916=_1914],n),ext(- (_1872=_1874),[_1872=_1886,_1886=_1874],n),para([0],k9_xtuple_0(k1_xboole_0),k1_xboole_0,[],r2l),para([1,0],k9_xtuple_0(k1_xboole_0),k1_xboole_0,[],r2l),para([0],k10_xtuple_0(k1_xboole_0),k1_xboole_0,[],r2l),para([1,0],k10_xtuple_0(k1_xboole_0),k1_xboole_0,[],r2l),para([1],k1_relat_1(_1950),k2_xboole_0(k9_xtuple_0(_1950),k10_xtuple_0(_1950)),[v1_relat_1(_1950)],l2r)],[],[ext([k1_relat_1(k1_xboole_0)=k1_xboole_0,[- (_1820=_1822),_1822=_1820]]-[k1_relat_1(k1_xboole_0)=k1_xboole_0,[- (k1_relat_1(k1_xboole_0)=k1_xboole_0),k1_xboole_0=k1_relat_1(k1_xboole_0)]]),ext([- #,[#,k1_relat_1(k1_xboole_0)=k1_xboole_0]]-[- #,[#,k1_relat_1(k1_xboole_0)=k1_xboole_0]]),init(-# - -#)],0)state([k1_relat_1(k1_xboole_0)=k1_xboole_0],[- #],[],[ext(- (_1406=_1408),[_1408=_1406],n),ext(- (_1364=_1366),[_1364=_1378,_1378=_1366],n),para([0,0],k9_xtuple_0(k1_xboole_0),k1_xboole_0,[],r2l),para([1],k9_xtuple_0(k1_xboole_0),k1_xboole_0,[],r2l),para([0,0],k10_xtuple_0(k1_xboole_0),k1_xboole_0,[],r2l),para([1],k10_xtuple_0(k1_xboole_0),k1_xboole_0,[],r2l),para([0],k1_relat_1(_1442),k2_xboole_0(k9_xtuple_0(_1442),k10_xtuple_0(_1442)),[v1_relat_1(_1442)],l2r)],[],[ext([- #,[#,k1_relat_1(k1_xboole_0)=k1_xboole_0]]-[- #,[#,k1_relat_1(k1_xboole_0)=k1_xboole_0]]),init(-# - -#)],0)state([- #],[],[],[ext(#,[k1_relat_1(k1_xboole_0)=k1_xboole_0],g)],[],[init(-# - -#)],0)Value data saved
state([k10_xtuple_0(k1_xboole_0)=k1_xboole_0],[k2_xboole_0(k9_xtuple_0(k1_xboole_0),k10_xtuple_0(k1_xboole_0))=k2_xboole_0(k1_xboole_0,k1_xboole_0),k1_relat_1(k1_xboole_0)=k2_xboole_0(k1_xboole_0,k1_xboole_0),k2_xboole_0(k1_xboole_0,k1_xboole_0)=k1_relat_1(k1_xboole_0),k1_xboole_0=k1_relat_1(k1_xboole_0),k1_relat_1(k1_xboole_0)=k1_xboole_0,- #],[k9_xtuple_0(k1_xboole_0)=k1_xboole_0,k1_relat_1(k1_xboole_0)=k2_xboole_0(k9_xtuple_0(k1_xboole_0),k10_xtuple_0(k1_xboole_0)),k1_xboole_0=k2_xboole_0(k1_xboole_0,k1_xboole_0)],[ext(- (k10_xtuple_0(k1_xboole_0)=k1_xboole_0),[],g),ext(- (_11938=_11940),[_11940=_11938],n),ext(- (_11896=_11898),[_11896=_11910,_11910=_11898],n),para([0,0],k9_xtuple_0(k1_xboole_0),k1_xboole_0,[],r2l),para([1],k9_xtuple_0(k1_xboole_0),k1_xboole_0,[],r2l),para([0],k10_xtuple_0(k1_xboole_0),k1_xboole_0,[],l2r),para([0,0],k10_xtuple_0(k1_xboole_0),k1_xboole_0,[],r2l),para([1],k10_xtuple_0(k1_xboole_0),k1_xboole_0,[],r2l)],[],[ext([k9_xtuple_0(k1_xboole_0)=k1_xboole_0,[- (k9_xtuple_0(k1_xboole_0)=k1_xboole_0)]]-[k9_xtuple_0(k1_xboole_0)=k1_xboole_0,[- (k9_xtuple_0(k1_xboole_0)=k1_xboole_0)]]),ext([k2_xboole_0(k9_xtuple_0(k1_xboole_0),k10_xtuple_0(k1_xboole_0))=k2_xboole_0(k1_xboole_0,k1_xboole_0),[- (k2_xboole_0(_11290,_11292)=k2_xboole_0(_11296,_11298)),_11290=_11296,_11292=_11298]]-[k2_xboole_0(k9_xtuple_0(k1_xboole_0),k10_xtuple_0(k1_xboole_0))=k2_xboole_0(k1_xboole_0,k1_xboole_0),[- (k2_xboole_0(k9_xtuple_0(k1_xboole_0),k10_xtuple_0(k1_xboole_0))=k2_xboole_0(k1_xboole_0,k1_xboole_0)),k9_xtuple_0(k1_xboole_0)=k1_xboole_0,k10_xtuple_0(k1_xboole_0)=k1_xboole_0]]),ext([v1_xboole_0(k1_xboole_0),[-v1_xboole_0(k1_xboole_0)]]-[v1_xboole_0(k1_xboole_0),[-v1_xboole_0(k1_xboole_0)]]),ext([v1_relat_1(k1_xboole_0),[-v1_relat_1(_11370),v1_xboole_0(_11370)]]-[v1_relat_1(k1_xboole_0),[-v1_relat_1(k1_xboole_0),v1_xboole_0(k1_xboole_0)]]),ext([k1_relat_1(k1_xboole_0)=_11408,[- (k1_relat_1(_11434)=k2_xboole_0(k9_xtuple_0(_11434),k10_xtuple_0(_11434))),v1_relat_1(_11434)]]-[k1_relat_1(k1_xboole_0)=k2_xboole_0(k9_xtuple_0(k1_xboole_0),k10_xtuple_0(k1_xboole_0)),[- (k1_relat_1(k1_xboole_0)=k2_xboole_0(k9_xtuple_0(k1_xboole_0),k10_xtuple_0(k1_xboole_0))),v1_relat_1(k1_xboole_0)]]),ext([k1_relat_1(k1_xboole_0)=k2_xboole_0(k1_xboole_0,k1_xboole_0),[- (_11500=_11502),_11500=_11514,_11514=_11502]]-[k1_relat_1(k1_xboole_0)=k2_xboole_0(k1_xboole_0,k1_xboole_0),[- (k1_relat_1(k1_xboole_0)=k2_xboole_0(k1_xboole_0,k1_xboole_0)),k1_relat_1(k1_xboole_0)=k2_xboole_0(k9_xtuple_0(k1_xboole_0),k10_xtuple_0(k1_xboole_0)),k2_xboole_0(k9_xtuple_0(k1_xboole_0),k10_xtuple_0(k1_xboole_0))=k2_xboole_0(k1_xboole_0,k1_xboole_0)]]),ext([k2_xboole_0(k1_xboole_0,k1_xboole_0)=k1_relat_1(k1_xboole_0),[- (_11568=_11570),_11570=_11568]]-[k2_xboole_0(k1_xboole_0,k1_xboole_0)=k1_relat_1(k1_xboole_0),[- (k2_xboole_0(k1_xboole_0,k1_xboole_0)=k1_relat_1(k1_xboole_0)),k1_relat_1(k1_xboole_0)=k2_xboole_0(k1_xboole_0,k1_xboole_0)]]),ext([_11608=k1_xboole_0,[- (k2_xboole_0(_11636,k1_xboole_0)=_11636)]]-[k2_xboole_0(k1_xboole_0,k1_xboole_0)=k1_xboole_0,[- (k2_xboole_0(k1_xboole_0,k1_xboole_0)=k1_xboole_0)]]),ext([k1_xboole_0=_11666,[- (_11686=_11688),_11688=_11686]]-[k1_xboole_0=k2_xboole_0(k1_xboole_0,k1_xboole_0),[- (k1_xboole_0=k2_xboole_0(k1_xboole_0,k1_xboole_0)),k2_xboole_0(k1_xboole_0,k1_xboole_0)=k1_xboole_0]]),ext([k1_xboole_0=k1_relat_1(k1_xboole_0),[- (_11742=_11744),_11742=_11756,_11756=_11744]]-[k1_xboole_0=k1_relat_1(k1_xboole_0),[- (k1_xboole_0=k1_relat_1(k1_xboole_0)),k1_xboole_0=k2_xboole_0(k1_xboole_0,k1_xboole_0),k2_xboole_0(k1_xboole_0,k1_xboole_0)=k1_relat_1(k1_xboole_0)]]),ext([k1_relat_1(k1_xboole_0)=k1_xboole_0,[- (_11810=_11812),_11812=_11810]]-[k1_relat_1(k1_xboole_0)=k1_xboole_0,[- (k1_relat_1(k1_xboole_0)=k1_xboole_0),k1_xboole_0=k1_relat_1(k1_xboole_0)]]),ext([- #,[#,k1_relat_1(k1_xboole_0)=k1_xboole_0]]-[- #,[#,k1_relat_1(k1_xboole_0)=k1_xboole_0]]),init(-# - -#)],0)state([k9_xtuple_0(k1_xboole_0)=k1_xboole_0,k10_xtuple_0(k1_xboole_0)=k1_xboole_0],[k2_xboole_0(k9_xtuple_0(k1_xboole_0),k10_xtuple_0(k1_xboole_0))=k2_xboole_0(k1_xboole_0,k1_xboole_0),k1_relat_1(k1_xboole_0)=k2_xboole_0(k1_xboole_0,k1_xboole_0),k2_xboole_0(k1_xboole_0,k1_xboole_0)=k1_relat_1(k1_xboole_0),k1_xboole_0=k1_relat_1(k1_xboole_0),k1_relat_1(k1_xboole_0)=k1_xboole_0,- #],[k1_relat_1(k1_xboole_0)=k2_xboole_0(k9_xtuple_0(k1_xboole_0),k10_xtuple_0(k1_xboole_0)),k1_xboole_0=k2_xboole_0(k1_xboole_0,k1_xboole_0)],[ext(- (k9_xtuple_0(k1_xboole_0)=k1_xboole_0),[],g),ext(- (_10894=_10896),[_10896=_10894],n),ext(- (_10852=_10854),[_10852=_10866,_10866=_10854],n),para([0],k9_xtuple_0(k1_xboole_0),k1_xboole_0,[],l2r),para([0,0],k9_xtuple_0(k1_xboole_0),k1_xboole_0,[],r2l),para([1],k9_xtuple_0(k1_xboole_0),k1_xboole_0,[],r2l),para([0,0],k10_xtuple_0(k1_xboole_0),k1_xboole_0,[],r2l),para([1],k10_xtuple_0(k1_xboole_0),k1_xboole_0,[],r2l)],[],[ext([k2_xboole_0(k9_xtuple_0(k1_xboole_0),k10_xtuple_0(k1_xboole_0))=k2_xboole_0(k1_xboole_0,k1_xboole_0),[- (k2_xboole_0(_10782,_10784)=k2_xboole_0(_10788,_10790)),_10782=_10788,_10784=_10790]]-[k2_xboole_0(k9_xtuple_0(k1_xboole_0),k10_xtuple_0(k1_xboole_0))=k2_xboole_0(k1_xboole_0,k1_xboole_0),[- (k2_xboole_0(k9_xtuple_0(k1_xboole_0),k10_xtuple_0(k1_xboole_0))=k2_xboole_0(k1_xboole_0,k1_xboole_0)),k9_xtuple_0(k1_xboole_0)=k1_xboole_0,k10_xtuple_0(k1_xboole_0)=k1_xboole_0]]),ext([v1_xboole_0(k1_xboole_0),[-v1_xboole_0(k1_xboole_0)]]-[v1_xboole_0(k1_xboole_0),[-v1_xboole_0(k1_xboole_0)]]),ext([v1_relat_1(k1_xboole_0),[-v1_relat_1(_10262),v1_xboole_0(_10262)]]-[v1_relat_1(k1_xboole_0),[-v1_relat_1(k1_xboole_0),v1_xboole_0(k1_xboole_0)]]),ext([k1_relat_1(k1_xboole_0)=_10300,[- (k1_relat_1(_10326)=k2_xboole_0(k9_xtuple_0(_10326),k10_xtuple_0(_10326))),v1_relat_1(_10326)]]-[k1_relat_1(k1_xboole_0)=k2_xboole_0(k9_xtuple_0(k1_xboole_0),k10_xtuple_0(k1_xboole_0)),[- (k1_relat_1(k1_xboole_0)=k2_xboole_0(k9_xtuple_0(k1_xboole_0),k10_xtuple_0(k1_xboole_0))),v1_relat_1(k1_xboole_0)]]),ext([k1_relat_1(k1_xboole_0)=k2_xboole_0(k1_xboole_0,k1_xboole_0),[- (_10392=_10394),_10392=_10406,_10406=_10394]]-[k1_relat_1(k1_xboole_0)=k2_xboole_0(k1_xboole_0,k1_xboole_0),[- (k1_relat_1(k1_xboole_0)=k2_xboole_0(k1_xboole_0,k1_xboole_0)),k1_relat_1(k1_xboole_0)=k2_xboole_0(k9_xtuple_0(k1_xboole_0),k10_xtuple_0(k1_xboole_0)),k2_xboole_0(k9_xtuple_0(k1_xboole_0),k10_xtuple_0(k1_xboole_0))=k2_xboole_0(k1_xboole_0,k1_xboole_0)]]),ext([k2_xboole_0(k1_xboole_0,k1_xboole_0)=k1_relat_1(k1_xboole_0),[- (_10460=_10462),_10462=_10460]]-[k2_xboole_0(k1_xboole_0,k1_xboole_0)=k1_relat_1(k1_xboole_0),[- (k2_xboole_0(k1_xboole_0,k1_xboole_0)=k1_relat_1(k1_xboole_0)),k1_relat_1(k1_xboole_0)=k2_xboole_0(k1_xboole_0,k1_xboole_0)]]),ext([_10500=k1_xboole_0,[- (k2_xboole_0(_10528,k1_xboole_0)=_10528)]]-[k2_xboole_0(k1_xboole_0,k1_xboole_0)=k1_xboole_0,[- (k2_xboole_0(k1_xboole_0,k1_xboole_0)=k1_xboole_0)]]),ext([k1_xboole_0=_10558,[- (_10578=_10580),_10580=_10578]]-[k1_xboole_0=k2_xboole_0(k1_xboole_0,k1_xboole_0),[- (k1_xboole_0=k2_xboole_0(k1_xboole_0,k1_xboole_0)),k2_xboole_0(k1_xboole_0,k1_xboole_0)=k1_xboole_0]]),ext([k1_xboole_0=k1_relat_1(k1_xboole_0),[- (_10634=_10636),_10634=_10648,_10648=_10636]]-[k1_xboole_0=k1_relat_1(k1_xboole_0),[- (k1_xboole_0=k1_relat_1(k1_xboole_0)),k1_xboole_0=k2_xboole_0(k1_xboole_0,k1_xboole_0),k2_xboole_0(k1_xboole_0,k1_xboole_0)=k1_relat_1(k1_xboole_0)]]),ext([k1_relat_1(k1_xboole_0)=k1_xboole_0,[- (_10702=_10704),_10704=_10702]]-[k1_relat_1(k1_xboole_0)=k1_xboole_0,[- (k1_relat_1(k1_xboole_0)=k1_xboole_0),k1_xboole_0=k1_relat_1(k1_xboole_0)]]),ext([- #,[#,k1_relat_1(k1_xboole_0)=k1_xboole_0]]-[- #,[#,k1_relat_1(k1_xboole_0)=k1_xboole_0]]),init(-# - -#)],0)state([k2_xboole_0(k9_xtuple_0(k1_xboole_0),k10_xtuple_0(k1_xboole_0))=k2_xboole_0(k1_xboole_0,k1_xboole_0)],[k1_relat_1(k1_xboole_0)=k2_xboole_0(k1_xboole_0,k1_xboole_0),k2_xboole_0(k1_xboole_0,k1_xboole_0)=k1_relat_1(k1_xboole_0),k1_xboole_0=k1_relat_1(k1_xboole_0),k1_relat_1(k1_xboole_0)=k1_xboole_0,- #],[k1_relat_1(k1_xboole_0)=k2_xboole_0(k9_xtuple_0(k1_xboole_0),k10_xtuple_0(k1_xboole_0)),k1_xboole_0=k2_xboole_0(k1_xboole_0,k1_xboole_0)],[ext(- (k2_xboole_0(_9446,_9448)=k2_xboole_0(_9452,_9454)),[_9446=_9452,_9448=_9454],n),ext(- (_9410=_9412),[_9412=_9410],n),ext(- (_9368=_9370),[_9368=_9382,_9382=_9370],n),para([1],k2_xboole_0(_9836,k1_xboole_0),_9836,[],l2r),para([0,0],k9_xtuple_0(k1_xboole_0),k1_xboole_0,[],l2r),para([0,0,0],k9_xtuple_0(k1_xboole_0),k1_xboole_0,[],r2l),para([0,1,0],k9_xtuple_0(k1_xboole_0),k1_xboole_0,[],r2l),para([1,0],k9_xtuple_0(k1_xboole_0),k1_xboole_0,[],r2l),para([1,1],k9_xtuple_0(k1_xboole_0),k1_xboole_0,[],r2l),para([0,0,0],k10_xtuple_0(k1_xboole_0),k1_xboole_0,[],r2l),para([0,1],k10_xtuple_0(k1_xboole_0),k1_xboole_0,[],l2r),para([0,1,0],k10_xtuple_0(k1_xboole_0),k1_xboole_0,[],r2l),para([1,0],k10_xtuple_0(k1_xboole_0),k1_xboole_0,[],r2l),para([1,1],k10_xtuple_0(k1_xboole_0),k1_xboole_0,[],r2l),para([0],k1_relat_1(_9500),k2_xboole_0(k9_xtuple_0(_9500),k10_xtuple_0(_9500)),[v1_relat_1(_9500)],r2l)],[],[ext([v1_xboole_0(k1_xboole_0),[-v1_xboole_0(k1_xboole_0)]]-[v1_xboole_0(k1_xboole_0),[-v1_xboole_0(k1_xboole_0)]]),ext([v1_relat_1(k1_xboole_0),[-v1_relat_1(_8848),v1_xboole_0(_8848)]]-[v1_relat_1(k1_xboole_0),[-v1_relat_1(k1_xboole_0),v1_xboole_0(k1_xboole_0)]]),ext([k1_relat_1(k1_xboole_0)=_8886,[- (k1_relat_1(_8912)=k2_xboole_0(k9_xtuple_0(_8912),k10_xtuple_0(_8912))),v1_relat_1(_8912)]]-[k1_relat_1(k1_xboole_0)=k2_xboole_0(k9_xtuple_0(k1_xboole_0),k10_xtuple_0(k1_xboole_0)),[- (k1_relat_1(k1_xboole_0)=k2_xboole_0(k9_xtuple_0(k1_xboole_0),k10_xtuple_0(k1_xboole_0))),v1_relat_1(k1_xboole_0)]]),ext([k1_relat_1(k1_xboole_0)=k2_xboole_0(k1_xboole_0,k1_xboole_0),[- (_8978=_8980),_8978=_8992,_8992=_8980]]-[k1_relat_1(k1_xboole_0)=k2_xboole_0(k1_xboole_0,k1_xboole_0),[- (k1_relat_1(k1_xboole_0)=k2_xboole_0(k1_xboole_0,k1_xboole_0)),k1_relat_1(k1_xboole_0)=k2_xboole_0(k9_xtuple_0(k1_xboole_0),k10_xtuple_0(k1_xboole_0)),k2_xboole_0(k9_xtuple_0(k1_xboole_0),k10_xtuple_0(k1_xboole_0))=k2_xboole_0(k1_xboole_0,k1_xboole_0)]]),ext([k2_xboole_0(k1_xboole_0,k1_xboole_0)=k1_relat_1(k1_xboole_0),[- (_9046=_9048),_9048=_9046]]-[k2_xboole_0(k1_xboole_0,k1_xboole_0)=k1_relat_1(k1_xboole_0),[- (k2_xboole_0(k1_xboole_0,k1_xboole_0)=k1_relat_1(k1_xboole_0)),k1_relat_1(k1_xboole_0)=k2_xboole_0(k1_xboole_0,k1_xboole_0)]]),ext([_9086=k1_xboole_0,[- (k2_xboole_0(_9114,k1_xboole_0)=_9114)]]-[k2_xboole_0(k1_xboole_0,k1_xboole_0)=k1_xboole_0,[- (k2_xboole_0(k1_xboole_0,k1_xboole_0)=k1_xboole_0)]]),ext([k1_xboole_0=_9144,[- (_9164=_9166),_9166=_9164]]-[k1_xboole_0=k2_xboole_0(k1_xboole_0,k1_xboole_0),[- (k1_xboole_0=k2_xboole_0(k1_xboole_0,k1_xboole_0)),k2_xboole_0(k1_xboole_0,k1_xboole_0)=k1_xboole_0]]),ext([k1_xboole_0=k1_relat_1(k1_xboole_0),[- (_9220=_9222),_9220=_9234,_9234=_9222]]-[k1_xboole_0=k1_relat_1(k1_xboole_0),[- (k1_xboole_0=k1_relat_1(k1_xboole_0)),k1_xboole_0=k2_xboole_0(k1_xboole_0,k1_xboole_0),k2_xboole_0(k1_xboole_0,k1_xboole_0)=k1_relat_1(k1_xboole_0)]]),ext([k1_relat_1(k1_xboole_0)=k1_xboole_0,[- (_9288=_9290),_9290=_9288]]-[k1_relat_1(k1_xboole_0)=k1_xboole_0,[- (k1_relat_1(k1_xboole_0)=k1_xboole_0),k1_xboole_0=k1_relat_1(k1_xboole_0)]]),ext([- #,[#,k1_relat_1(k1_xboole_0)=k1_xboole_0]]-[- #,[#,k1_relat_1(k1_xboole_0)=k1_xboole_0]]),init(-# - -#)],0)state([v1_xboole_0(k1_xboole_0)],[v1_relat_1(k1_xboole_0),k1_relat_1(k1_xboole_0)=k2_xboole_0(k9_xtuple_0(k1_xboole_0),k10_xtuple_0(k1_xboole_0)),k1_relat_1(k1_xboole_0)=k2_xboole_0(k1_xboole_0,k1_xboole_0),k2_xboole_0(k1_xboole_0,k1_xboole_0)=k1_relat_1(k1_xboole_0),k1_xboole_0=k1_relat_1(k1_xboole_0),k1_relat_1(k1_xboole_0)=k1_xboole_0,- #],[k1_xboole_0=k2_xboole_0(k1_xboole_0,k1_xboole_0)],[ext(-v1_xboole_0(k1_xboole_0),[],g),ext(-v1_xboole_0(_8606),[_8616=_8606,v1_xboole_0(_8616)],n),para([0],k9_xtuple_0(k1_xboole_0),k1_xboole_0,[],r2l),para([0],k10_xtuple_0(k1_xboole_0),k1_xboole_0,[],r2l)],[[[k2_xboole_0(k9_xtuple_0(k1_xboole_0),k10_xtuple_0(k1_xboole_0))=k2_xboole_0(k1_xboole_0,k1_xboole_0)],[k1_relat_1(k1_xboole_0)=k2_xboole_0(k1_xboole_0,k1_xboole_0),k2_xboole_0(k1_xboole_0,k1_xboole_0)=k1_relat_1(k1_xboole_0),k1_xboole_0=k1_relat_1(k1_xboole_0),k1_relat_1(k1_xboole_0)=k1_xboole_0,- #],[k1_relat_1(k1_xboole_0)=k2_xboole_0(k9_xtuple_0(k1_xboole_0),k10_xtuple_0(k1_xboole_0)),k1_xboole_0=k2_xboole_0(k1_xboole_0,k1_xboole_0)]]],[ext([v1_relat_1(k1_xboole_0),[-v1_relat_1(_8558),v1_xboole_0(_8558)]]-[v1_relat_1(k1_xboole_0),[-v1_relat_1(k1_xboole_0),v1_xboole_0(k1_xboole_0)]]),ext([k1_relat_1(k1_xboole_0)=_8082,[- (k1_relat_1(_8108)=k2_xboole_0(k9_xtuple_0(_8108),k10_xtuple_0(_8108))),v1_relat_1(_8108)]]-[k1_relat_1(k1_xboole_0)=k2_xboole_0(k9_xtuple_0(k1_xboole_0),k10_xtuple_0(k1_xboole_0)),[- (k1_relat_1(k1_xboole_0)=k2_xboole_0(k9_xtuple_0(k1_xboole_0),k10_xtuple_0(k1_xboole_0))),v1_relat_1(k1_xboole_0)]]),ext([k1_relat_1(k1_xboole_0)=k2_xboole_0(k1_xboole_0,k1_xboole_0),[- (_8174=_8176),_8174=_8188,_8188=_8176]]-[k1_relat_1(k1_xboole_0)=k2_xboole_0(k1_xboole_0,k1_xboole_0),[- (k1_relat_1(k1_xboole_0)=k2_xboole_0(k1_xboole_0,k1_xboole_0)),k1_relat_1(k1_xboole_0)=k2_xboole_0(k9_xtuple_0(k1_xboole_0),k10_xtuple_0(k1_xboole_0)),k2_xboole_0(k9_xtuple_0(k1_xboole_0),k10_xtuple_0(k1_xboole_0))=k2_xboole_0(k1_xboole_0,k1_xboole_0)]]),ext([k2_xboole_0(k1_xboole_0,k1_xboole_0)=k1_relat_1(k1_xboole_0),[- (_8242=_8244),_8244=_8242]]-[k2_xboole_0(k1_xboole_0,k1_xboole_0)=k1_relat_1(k1_xboole_0),[- (k2_xboole_0(k1_xboole_0,k1_xboole_0)=k1_relat_1(k1_xboole_0)),k1_relat_1(k1_xboole_0)=k2_xboole_0(k1_xboole_0,k1_xboole_0)]]),ext([_8282=k1_xboole_0,[- (k2_xboole_0(_8310,k1_xboole_0)=_8310)]]-[k2_xboole_0(k1_xboole_0,k1_xboole_0)=k1_xboole_0,[- (k2_xboole_0(k1_xboole_0,k1_xboole_0)=k1_xboole_0)]]),ext([k1_xboole_0=_8340,[- (_8360=_8362),_8362=_8360]]-[k1_xboole_0=k2_xboole_0(k1_xboole_0,k1_xboole_0),[- (k1_xboole_0=k2_xboole_0(k1_xboole_0,k1_xboole_0)),k2_xboole_0(k1_xboole_0,k1_xboole_0)=k1_xboole_0]]),ext([k1_xboole_0=k1_relat_1(k1_xboole_0),[- (_8416=_8418),_8416=_8430,_8430=_8418]]-[k1_xboole_0=k1_relat_1(k1_xboole_0),[- (k1_xboole_0=k1_relat_1(k1_xboole_0)),k1_xboole_0=k2_xboole_0(k1_xboole_0,k1_xboole_0),k2_xboole_0(k1_xboole_0,k1_xboole_0)=k1_relat_1(k1_xboole_0)]]),ext([k1_relat_1(k1_xboole_0)=k1_xboole_0,[- (_8484=_8486),_8486=_8484]]-[k1_relat_1(k1_xboole_0)=k1_xboole_0,[- (k1_relat_1(k1_xboole_0)=k1_xboole_0),k1_xboole_0=k1_relat_1(k1_xboole_0)]]),ext([- #,[#,k1_relat_1(k1_xboole_0)=k1_xboole_0]]-[- #,[#,k1_relat_1(k1_xboole_0)=k1_xboole_0]]),init(-# - -#)],0)state([v1_relat_1(k1_xboole_0)],[k1_relat_1(k1_xboole_0)=k2_xboole_0(k9_xtuple_0(k1_xboole_0),k10_xtuple_0(k1_xboole_0)),k1_relat_1(k1_xboole_0)=k2_xboole_0(k1_xboole_0,k1_xboole_0),k2_xboole_0(k1_xboole_0,k1_xboole_0)=k1_relat_1(k1_xboole_0),k1_xboole_0=k1_relat_1(k1_xboole_0),k1_relat_1(k1_xboole_0)=k1_xboole_0,- #],[k1_xboole_0=k2_xboole_0(k1_xboole_0,k1_xboole_0)],[ext(-v1_relat_1(_7864),[v1_xboole_0(_7864)],n),ext(-v1_relat_1(_7826),[_7836=_7826,v1_relat_1(_7836)],n),para([0],k9_xtuple_0(k1_xboole_0),k1_xboole_0,[],r2l),para([0],k10_xtuple_0(k1_xboole_0),k1_xboole_0,[],r2l)],[[[k2_xboole_0(k9_xtuple_0(k1_xboole_0),k10_xtuple_0(k1_xboole_0))=k2_xboole_0(k1_xboole_0,k1_xboole_0)],[k1_relat_1(k1_xboole_0)=k2_xboole_0(k1_xboole_0,k1_xboole_0),k2_xboole_0(k1_xboole_0,k1_xboole_0)=k1_relat_1(k1_xboole_0),k1_xboole_0=k1_relat_1(k1_xboole_0),k1_relat_1(k1_xboole_0)=k1_xboole_0,- #],[k1_relat_1(k1_xboole_0)=k2_xboole_0(k9_xtuple_0(k1_xboole_0),k10_xtuple_0(k1_xboole_0)),k1_xboole_0=k2_xboole_0(k1_xboole_0,k1_xboole_0)]]],[ext([k1_relat_1(k1_xboole_0)=_7708,[- (k1_relat_1(_7734)=k2_xboole_0(k9_xtuple_0(_7734),k10_xtuple_0(_7734))),v1_relat_1(_7734)]]-[k1_relat_1(k1_xboole_0)=k2_xboole_0(k9_xtuple_0(k1_xboole_0),k10_xtuple_0(k1_xboole_0)),[- (k1_relat_1(k1_xboole_0)=k2_xboole_0(k9_xtuple_0(k1_xboole_0),k10_xtuple_0(k1_xboole_0))),v1_relat_1(k1_xboole_0)]]),ext([k1_relat_1(k1_xboole_0)=k2_xboole_0(k1_xboole_0,k1_xboole_0),[- (_7320=_7322),_7320=_7334,_7334=_7322]]-[k1_relat_1(k1_xboole_0)=k2_xboole_0(k1_xboole_0,k1_xboole_0),[- (k1_relat_1(k1_xboole_0)=k2_xboole_0(k1_xboole_0,k1_xboole_0)),k1_relat_1(k1_xboole_0)=k2_xboole_0(k9_xtuple_0(k1_xboole_0),k10_xtuple_0(k1_xboole_0)),k2_xboole_0(k9_xtuple_0(k1_xboole_0),k10_xtuple_0(k1_xboole_0))=k2_xboole_0(k1_xboole_0,k1_xboole_0)]]),ext([k2_xboole_0(k1_xboole_0,k1_xboole_0)=k1_relat_1(k1_xboole_0),[- (_7406=_7408),_7408=_7406]]-[k2_xboole_0(k1_xboole_0,k1_xboole_0)=k1_relat_1(k1_xboole_0),[- (k2_xboole_0(k1_xboole_0,k1_xboole_0)=k1_relat_1(k1_xboole_0)),k1_relat_1(k1_xboole_0)=k2_xboole_0(k1_xboole_0,k1_xboole_0)]]),ext([_7446=k1_xboole_0,[- (k2_xboole_0(_7474,k1_xboole_0)=_7474)]]-[k2_xboole_0(k1_xboole_0,k1_xboole_0)=k1_xboole_0,[- (k2_xboole_0(k1_xboole_0,k1_xboole_0)=k1_xboole_0)]]),ext([k1_xboole_0=_7504,[- (_7524=_7526),_7526=_7524]]-[k1_xboole_0=k2_xboole_0(k1_xboole_0,k1_xboole_0),[- (k1_xboole_0=k2_xboole_0(k1_xboole_0,k1_xboole_0)),k2_xboole_0(k1_xboole_0,k1_xboole_0)=k1_xboole_0]]),ext([k1_xboole_0=k1_relat_1(k1_xboole_0),[- (_7580=_7582),_7580=_7594,_7594=_7582]]-[k1_xboole_0=k1_relat_1(k1_xboole_0),[- (k1_xboole_0=k1_relat_1(k1_xboole_0)),k1_xboole_0=k2_xboole_0(k1_xboole_0,k1_xboole_0),k2_xboole_0(k1_xboole_0,k1_xboole_0)=k1_relat_1(k1_xboole_0)]]),ext([k1_relat_1(k1_xboole_0)=k1_xboole_0,[- (_7648=_7650),_7650=_7648]]-[k1_relat_1(k1_xboole_0)=k1_xboole_0,[- (k1_relat_1(k1_xboole_0)=k1_xboole_0),k1_xboole_0=k1_relat_1(k1_xboole_0)]]),ext([- #,[#,k1_relat_1(k1_xboole_0)=k1_xboole_0]]-[- #,[#,k1_relat_1(k1_xboole_0)=k1_xboole_0]]),init(-# - -#)],0)state([k1_relat_1(k1_xboole_0)=_6332,_6332=k2_xboole_0(k1_xboole_0,k1_xboole_0)],[k1_relat_1(k1_xboole_0)=k2_xboole_0(k1_xboole_0,k1_xboole_0),k2_xboole_0(k1_xboole_0,k1_xboole_0)=k1_relat_1(k1_xboole_0),k1_xboole_0=k1_relat_1(k1_xboole_0),k1_relat_1(k1_xboole_0)=k1_xboole_0,- #],[k1_xboole_0=k2_xboole_0(k1_xboole_0,k1_xboole_0)],[ext(- (k1_relat_1(_6900)=k2_xboole_0(k9_xtuple_0(_6900),k10_xtuple_0(_6900))),[v1_relat_1(_6900)],n),ext(- (k1_relat_1(_6862)=k1_relat_1(_6866)),[_6862=_6866],n),ext(- (_6838=_6838),[],n),ext(- (_6808=_6810),[_6810=_6808],n),ext(- (_6766=_6768),[_6766=_6780,_6780=_6768],n),para([0,0],k9_xtuple_0(k1_xboole_0),k1_xboole_0,[],r2l),para([0,0],k10_xtuple_0(k1_xboole_0),k1_xboole_0,[],r2l),para([0],k1_relat_1(_6946),k2_xboole_0(k9_xtuple_0(_6946),k10_xtuple_0(_6946)),[v1_relat_1(_6946)],l2r)],[],[ext([k1_relat_1(k1_xboole_0)=k2_xboole_0(k1_xboole_0,k1_xboole_0),[- (_6702=_6704),_6702=_6716,_6716=_6704]]-[k1_relat_1(k1_xboole_0)=k2_xboole_0(k1_xboole_0,k1_xboole_0),[- (k1_relat_1(k1_xboole_0)=k2_xboole_0(k1_xboole_0,k1_xboole_0)),k1_relat_1(k1_xboole_0)=_6332,_6332=k2_xboole_0(k1_xboole_0,k1_xboole_0)]]),ext([k2_xboole_0(k1_xboole_0,k1_xboole_0)=k1_relat_1(k1_xboole_0),[- (_6386=_6388),_6388=_6386]]-[k2_xboole_0(k1_xboole_0,k1_xboole_0)=k1_relat_1(k1_xboole_0),[- (k2_xboole_0(k1_xboole_0,k1_xboole_0)=k1_relat_1(k1_xboole_0)),k1_relat_1(k1_xboole_0)=k2_xboole_0(k1_xboole_0,k1_xboole_0)]]),ext([_6426=k1_xboole_0,[- (k2_xboole_0(_6454,k1_xboole_0)=_6454)]]-[k2_xboole_0(k1_xboole_0,k1_xboole_0)=k1_xboole_0,[- (k2_xboole_0(k1_xboole_0,k1_xboole_0)=k1_xboole_0)]]),ext([k1_xboole_0=_6484,[- (_6504=_6506),_6506=_6504]]-[k1_xboole_0=k2_xboole_0(k1_xboole_0,k1_xboole_0),[- (k1_xboole_0=k2_xboole_0(k1_xboole_0,k1_xboole_0)),k2_xboole_0(k1_xboole_0,k1_xboole_0)=k1_xboole_0]]),ext([k1_xboole_0=k1_relat_1(k1_xboole_0),[- (_6560=_6562),_6560=_6574,_6574=_6562]]-[k1_xboole_0=k1_relat_1(k1_xboole_0),[- (k1_xboole_0=k1_relat_1(k1_xboole_0)),k1_xboole_0=k2_xboole_0(k1_xboole_0,k1_xboole_0),k2_xboole_0(k1_xboole_0,k1_xboole_0)=k1_relat_1(k1_xboole_0)]]),ext([k1_relat_1(k1_xboole_0)=k1_xboole_0,[- (_6628=_6630),_6630=_6628]]-[k1_relat_1(k1_xboole_0)=k1_xboole_0,[- (k1_relat_1(k1_xboole_0)=k1_xboole_0),k1_xboole_0=k1_relat_1(k1_xboole_0)]]),ext([- #,[#,k1_relat_1(k1_xboole_0)=k1_xboole_0]]-[- #,[#,k1_relat_1(k1_xboole_0)=k1_xboole_0]]),init(-# - -#)],0)state([k1_relat_1(k1_xboole_0)=k2_xboole_0(k1_xboole_0,k1_xboole_0)],[k2_xboole_0(k1_xboole_0,k1_xboole_0)=k1_relat_1(k1_xboole_0),k1_xboole_0=k1_relat_1(k1_xboole_0),k1_relat_1(k1_xboole_0)=k1_xboole_0,- #],[k1_xboole_0=k2_xboole_0(k1_xboole_0,k1_xboole_0)],[ext(- (_5344=_5346),[_5346=_5344],n),ext(- (_5302=_5304),[_5302=_5316,_5316=_5304],n),para([1],k2_xboole_0(_5580,k1_xboole_0),_5580,[],l2r),para([0,0],k9_xtuple_0(k1_xboole_0),k1_xboole_0,[],r2l),para([1,0],k9_xtuple_0(k1_xboole_0),k1_xboole_0,[],r2l),para([1,1],k9_xtuple_0(k1_xboole_0),k1_xboole_0,[],r2l),para([0,0],k10_xtuple_0(k1_xboole_0),k1_xboole_0,[],r2l),para([1,0],k10_xtuple_0(k1_xboole_0),k1_xboole_0,[],r2l),para([1,1],k10_xtuple_0(k1_xboole_0),k1_xboole_0,[],r2l),para([0],k1_relat_1(_5380),k2_xboole_0(k9_xtuple_0(_5380),k10_xtuple_0(_5380)),[v1_relat_1(_5380)],l2r)],[],[ext([k2_xboole_0(k1_xboole_0,k1_xboole_0)=k1_relat_1(k1_xboole_0),[- (_5250=_5252),_5252=_5250]]-[k2_xboole_0(k1_xboole_0,k1_xboole_0)=k1_relat_1(k1_xboole_0),[- (k2_xboole_0(k1_xboole_0,k1_xboole_0)=k1_relat_1(k1_xboole_0)),k1_relat_1(k1_xboole_0)=k2_xboole_0(k1_xboole_0,k1_xboole_0)]]),ext([_4974=k1_xboole_0,[- (k2_xboole_0(_5002,k1_xboole_0)=_5002)]]-[k2_xboole_0(k1_xboole_0,k1_xboole_0)=k1_xboole_0,[- (k2_xboole_0(k1_xboole_0,k1_xboole_0)=k1_xboole_0)]]),ext([k1_xboole_0=_5032,[- (_5052=_5054),_5054=_5052]]-[k1_xboole_0=k2_xboole_0(k1_xboole_0,k1_xboole_0),[- (k1_xboole_0=k2_xboole_0(k1_xboole_0,k1_xboole_0)),k2_xboole_0(k1_xboole_0,k1_xboole_0)=k1_xboole_0]]),ext([k1_xboole_0=k1_relat_1(k1_xboole_0),[- (_5108=_5110),_5108=_5122,_5122=_5110]]-[k1_xboole_0=k1_relat_1(k1_xboole_0),[- (k1_xboole_0=k1_relat_1(k1_xboole_0)),k1_xboole_0=k2_xboole_0(k1_xboole_0,k1_xboole_0),k2_xboole_0(k1_xboole_0,k1_xboole_0)=k1_relat_1(k1_xboole_0)]]),ext([k1_relat_1(k1_xboole_0)=k1_xboole_0,[- (_5176=_5178),_5178=_5176]]-[k1_relat_1(k1_xboole_0)=k1_xboole_0,[- (k1_relat_1(k1_xboole_0)=k1_xboole_0),k1_xboole_0=k1_relat_1(k1_xboole_0)]]),ext([- #,[#,k1_relat_1(k1_xboole_0)=k1_xboole_0]]-[- #,[#,k1_relat_1(k1_xboole_0)=k1_xboole_0]]),init(-# - -#)],0)state([k1_relat_1(k1_xboole_0)=k2_xboole_0(k1_xboole_0,k1_xboole_0)],[k2_xboole_0(k1_xboole_0,k1_xboole_0)=k1_relat_1(k1_xboole_0),k1_xboole_0=k1_relat_1(k1_xboole_0),k1_relat_1(k1_xboole_0)=k1_xboole_0,- #],[k1_xboole_0=k2_xboole_0(k1_xboole_0,k1_xboole_0)],[ext(- (_5344=_5346),[_5346=_5344],n),ext(- (_5302=_5304),[_5302=_5316,_5316=_5304],n),para([1],k2_xboole_0(_5580,k1_xboole_0),_5580,[],l2r),para([0,0],k9_xtuple_0(k1_xboole_0),k1_xboole_0,[],r2l),para([1,0],k9_xtuple_0(k1_xboole_0),k1_xboole_0,[],r2l),para([1,1],k9_xtuple_0(k1_xboole_0),k1_xboole_0,[],r2l),para([0,0],k10_xtuple_0(k1_xboole_0),k1_xboole_0,[],r2l),para([1,0],k10_xtuple_0(k1_xboole_0),k1_xboole_0,[],r2l),para([1,1],k10_xtuple_0(k1_xboole_0),k1_xboole_0,[],r2l),para([0],k1_relat_1(_5380),k2_xboole_0(k9_xtuple_0(_5380),k10_xtuple_0(_5380)),[v1_relat_1(_5380)],l2r)],[],[ext([k2_xboole_0(k1_xboole_0,k1_xboole_0)=k1_relat_1(k1_xboole_0),[- (_5250=_5252),_5252=_5250]]-[k2_xboole_0(k1_xboole_0,k1_xboole_0)=k1_relat_1(k1_xboole_0),[- (k2_xboole_0(k1_xboole_0,k1_xboole_0)=k1_relat_1(k1_xboole_0)),k1_relat_1(k1_xboole_0)=k2_xboole_0(k1_xboole_0,k1_xboole_0)]]),ext([_4974=k1_xboole_0,[- (k2_xboole_0(_5002,k1_xboole_0)=_5002)]]-[k2_xboole_0(k1_xboole_0,k1_xboole_0)=k1_xboole_0,[- (k2_xboole_0(k1_xboole_0,k1_xboole_0)=k1_xboole_0)]]),ext([k1_xboole_0=_5032,[- (_5052=_5054),_5054=_5052]]-[k1_xboole_0=k2_xboole_0(k1_xboole_0,k1_xboole_0),[- (k1_xboole_0=k2_xboole_0(k1_xboole_0,k1_xboole_0)),k2_xboole_0(k1_xboole_0,k1_xboole_0)=k1_xboole_0]]),ext([k1_xboole_0=k1_relat_1(k1_xboole_0),[- (_5108=_5110),_5108=_5122,_5122=_5110]]-[k1_xboole_0=k1_relat_1(k1_xboole_0),[- (k1_xboole_0=k1_relat_1(k1_xboole_0)),k1_xboole_0=k2_xboole_0(k1_xboole_0,k1_xboole_0),k2_xboole_0(k1_xboole_0,k1_xboole_0)=k1_relat_1(k1_xboole_0)]]),ext([k1_relat_1(k1_xboole_0)=k1_xboole_0,[- (_5176=_5178),_5178=_5176]]-[k1_relat_1(k1_xboole_0)=k1_xboole_0,[- (k1_relat_1(k1_xboole_0)=k1_xboole_0),k1_xboole_0=k1_relat_1(k1_xboole_0)]]),ext([- #,[#,k1_relat_1(k1_xboole_0)=k1_xboole_0]]-[- #,[#,k1_relat_1(k1_xboole_0)=k1_xboole_0]]),init(-# - -#)],0)state([k2_xboole_0(k1_xboole_0,k1_xboole_0)=k1_relat_1(k1_xboole_0)],[k1_xboole_0=k1_relat_1(k1_xboole_0),k1_relat_1(k1_xboole_0)=k1_xboole_0,- #],[k1_xboole_0=k2_xboole_0(k1_xboole_0,k1_xboole_0)],[ext(- (_4448=_4450),[_4450=_4448],n),ext(- (_4406=_4408),[_4406=_4420,_4420=_4408],n),para([0],k2_xboole_0(_4684,k1_xboole_0),_4684,[],l2r),para([0,0],k9_xtuple_0(k1_xboole_0),k1_xboole_0,[],r2l),para([0,1],k9_xtuple_0(k1_xboole_0),k1_xboole_0,[],r2l),para([1,0],k9_xtuple_0(k1_xboole_0),k1_xboole_0,[],r2l),para([0,0],k10_xtuple_0(k1_xboole_0),k1_xboole_0,[],r2l),para([0,1],k10_xtuple_0(k1_xboole_0),k1_xboole_0,[],r2l),para([1,0],k10_xtuple_0(k1_xboole_0),k1_xboole_0,[],r2l),para([1],k1_relat_1(_4484),k2_xboole_0(k9_xtuple_0(_4484),k10_xtuple_0(_4484)),[v1_relat_1(_4484)],l2r)],[],[ext([_4344=k1_xboole_0,[- (k2_xboole_0(_4372,k1_xboole_0)=_4372)]]-[k2_xboole_0(k1_xboole_0,k1_xboole_0)=k1_xboole_0,[- (k2_xboole_0(k1_xboole_0,k1_xboole_0)=k1_xboole_0)]]),ext([k1_xboole_0=_4090,[- (_4110=_4112),_4112=_4110]]-[k1_xboole_0=k2_xboole_0(k1_xboole_0,k1_xboole_0),[- (k1_xboole_0=k2_xboole_0(k1_xboole_0,k1_xboole_0)),k2_xboole_0(k1_xboole_0,k1_xboole_0)=k1_xboole_0]]),ext([k1_xboole_0=k1_relat_1(k1_xboole_0),[- (_4194=_4196),_4194=_4208,_4208=_4196]]-[k1_xboole_0=k1_relat_1(k1_xboole_0),[- (k1_xboole_0=k1_relat_1(k1_xboole_0)),k1_xboole_0=k2_xboole_0(k1_xboole_0,k1_xboole_0),k2_xboole_0(k1_xboole_0,k1_xboole_0)=k1_relat_1(k1_xboole_0)]]),ext([k1_relat_1(k1_xboole_0)=k1_xboole_0,[- (_4286=_4288),_4288=_4286]]-[k1_relat_1(k1_xboole_0)=k1_xboole_0,[- (k1_relat_1(k1_xboole_0)=k1_xboole_0),k1_xboole_0=k1_relat_1(k1_xboole_0)]]),ext([- #,[#,k1_relat_1(k1_xboole_0)=k1_xboole_0]]-[- #,[#,k1_relat_1(k1_xboole_0)=k1_xboole_0]]),init(-# - -#)],0)state([_3310=k1_xboole_0],[k1_xboole_0=_3310,k1_xboole_0=k1_relat_1(k1_xboole_0),k1_relat_1(k1_xboole_0)=k1_xboole_0,- #],[],[ext(- (k2_xboole_0(_3770,k1_xboole_0)=_3770),[],n),ext(- (k9_xtuple_0(k1_xboole_0)=k1_xboole_0),[],g),ext(- (k10_xtuple_0(k1_xboole_0)=k1_xboole_0),[],g),ext(- (_3706=_3706),[],n),ext(- (_3676=_3678),[_3678=_3676],n),ext(- (_3634=_3636),[_3634=_3648,_3648=_3636],n),para([1],k9_xtuple_0(k1_xboole_0),k1_xboole_0,[],r2l),para([1],k10_xtuple_0(k1_xboole_0),k1_xboole_0,[],r2l)],[[[_3310=k1_relat_1(k1_xboole_0)],[k1_xboole_0=k1_relat_1(k1_xboole_0),k1_relat_1(k1_xboole_0)=k1_xboole_0,- #],[k1_xboole_0=_3310]]],[ext([k1_xboole_0=_3532,[- (_3552=_3554),_3554=_3552]]-[k1_xboole_0=_3310,[- (k1_xboole_0=_3310),_3310=k1_xboole_0]]),ext([k1_xboole_0=k1_relat_1(k1_xboole_0),[- (_3386=_3388),_3386=_3400,_3400=_3388]]-[k1_xboole_0=k1_relat_1(k1_xboole_0),[- (k1_xboole_0=k1_relat_1(k1_xboole_0)),k1_xboole_0=_3310,_3310=k1_relat_1(k1_xboole_0)]]),ext([k1_relat_1(k1_xboole_0)=k1_xboole_0,[- (_3472=_3474),_3474=_3472]]-[k1_relat_1(k1_xboole_0)=k1_xboole_0,[- (k1_relat_1(k1_xboole_0)=k1_xboole_0),k1_xboole_0=k1_relat_1(k1_xboole_0)]]),ext([- #,[#,k1_relat_1(k1_xboole_0)=k1_xboole_0]]-[- #,[#,k1_relat_1(k1_xboole_0)=k1_xboole_0]]),init(-# - -#)],0)state([k1_xboole_0=_2514,_2514=k1_relat_1(k1_xboole_0)],[k1_xboole_0=k1_relat_1(k1_xboole_0),k1_relat_1(k1_xboole_0)=k1_xboole_0,- #],[],[ext(- (_2778=_2778),[],n),ext(- (_2748=_2750),[_2750=_2748],n),ext(- (_2706=_2708),[_2706=_2720,_2720=_2708],n),para([0],k9_xtuple_0(k1_xboole_0),k1_xboole_0,[],r2l),para([0],k10_xtuple_0(k1_xboole_0),k1_xboole_0,[],r2l)],[],[ext([k1_xboole_0=k1_relat_1(k1_xboole_0),[- (_2642=_2644),_2642=_2656,_2656=_2644]]-[k1_xboole_0=k1_relat_1(k1_xboole_0),[- (k1_xboole_0=k1_relat_1(k1_xboole_0)),k1_xboole_0=_2514,_2514=k1_relat_1(k1_xboole_0)]]),ext([k1_relat_1(k1_xboole_0)=k1_xboole_0,[- (_2568=_2570),_2570=_2568]]-[k1_relat_1(k1_xboole_0)=k1_xboole_0,[- (k1_relat_1(k1_xboole_0)=k1_xboole_0),k1_xboole_0=k1_relat_1(k1_xboole_0)]]),ext([- #,[#,k1_relat_1(k1_xboole_0)=k1_xboole_0]]-[- #,[#,k1_relat_1(k1_xboole_0)=k1_xboole_0]]),init(-# - -#)],0)state([k1_xboole_0=_2514,_2514=k1_relat_1(k1_xboole_0)],[k1_xboole_0=k1_relat_1(k1_xboole_0),k1_relat_1(k1_xboole_0)=k1_xboole_0,- #],[],[ext(- (_2778=_2778),[],n),ext(- (_2748=_2750),[_2750=_2748],n),ext(- (_2706=_2708),[_2706=_2720,_2720=_2708],n),para([0],k9_xtuple_0(k1_xboole_0),k1_xboole_0,[],r2l),para([0],k10_xtuple_0(k1_xboole_0),k1_xboole_0,[],r2l)],[],[ext([k1_xboole_0=k1_relat_1(k1_xboole_0),[- (_2642=_2644),_2642=_2656,_2656=_2644]]-[k1_xboole_0=k1_relat_1(k1_xboole_0),[- (k1_xboole_0=k1_relat_1(k1_xboole_0)),k1_xboole_0=_2514,_2514=k1_relat_1(k1_xboole_0)]]),ext([k1_relat_1(k1_xboole_0)=k1_xboole_0,[- (_2568=_2570),_2570=_2568]]-[k1_relat_1(k1_xboole_0)=k1_xboole_0,[- (k1_relat_1(k1_xboole_0)=k1_xboole_0),k1_xboole_0=k1_relat_1(k1_xboole_0)]]),ext([- #,[#,k1_relat_1(k1_xboole_0)=k1_xboole_0]]-[- #,[#,k1_relat_1(k1_xboole_0)=k1_xboole_0]]),init(-# - -#)],0)state([k1_xboole_0=k1_relat_1(k1_xboole_0)],[k1_relat_1(k1_xboole_0)=k1_xboole_0,- #],[],[ext(- (_1914=_1916),[_1916=_1914],n),ext(- (_1872=_1874),[_1872=_1886,_1886=_1874],n),para([0],k9_xtuple_0(k1_xboole_0),k1_xboole_0,[],r2l),para([1,0],k9_xtuple_0(k1_xboole_0),k1_xboole_0,[],r2l),para([0],k10_xtuple_0(k1_xboole_0),k1_xboole_0,[],r2l),para([1,0],k10_xtuple_0(k1_xboole_0),k1_xboole_0,[],r2l),para([1],k1_relat_1(_1950),k2_xboole_0(k9_xtuple_0(_1950),k10_xtuple_0(_1950)),[v1_relat_1(_1950)],l2r)],[],[ext([k1_relat_1(k1_xboole_0)=k1_xboole_0,[- (_1820=_1822),_1822=_1820]]-[k1_relat_1(k1_xboole_0)=k1_xboole_0,[- (k1_relat_1(k1_xboole_0)=k1_xboole_0),k1_xboole_0=k1_relat_1(k1_xboole_0)]]),ext([- #,[#,k1_relat_1(k1_xboole_0)=k1_xboole_0]]-[- #,[#,k1_relat_1(k1_xboole_0)=k1_xboole_0]]),init(-# - -#)],0)state([k1_xboole_0=k1_relat_1(k1_xboole_0)],[k1_relat_1(k1_xboole_0)=k1_xboole_0,- #],[],[ext(- (_1914=_1916),[_1916=_1914],n),ext(- (_1872=_1874),[_1872=_1886,_1886=_1874],n),para([0],k9_xtuple_0(k1_xboole_0),k1_xboole_0,[],r2l),para([1,0],k9_xtuple_0(k1_xboole_0),k1_xboole_0,[],r2l),para([0],k10_xtuple_0(k1_xboole_0),k1_xboole_0,[],r2l),para([1,0],k10_xtuple_0(k1_xboole_0),k1_xboole_0,[],r2l),para([1],k1_relat_1(_1950),k2_xboole_0(k9_xtuple_0(_1950),k10_xtuple_0(_1950)),[v1_relat_1(_1950)],l2r)],[],[ext([k1_relat_1(k1_xboole_0)=k1_xboole_0,[- (_1820=_1822),_1822=_1820]]-[k1_relat_1(k1_xboole_0)=k1_xboole_0,[- (k1_relat_1(k1_xboole_0)=k1_xboole_0),k1_xboole_0=k1_relat_1(k1_xboole_0)]]),ext([- #,[#,k1_relat_1(k1_xboole_0)=k1_xboole_0]]-[- #,[#,k1_relat_1(k1_xboole_0)=k1_xboole_0]]),init(-# - -#)],0)state([k1_relat_1(k1_xboole_0)=k1_xboole_0],[- #],[],[ext(- (_1406=_1408),[_1408=_1406],n),ext(- (_1364=_1366),[_1364=_1378,_1378=_1366],n),para([0,0],k9_xtuple_0(k1_xboole_0),k1_xboole_0,[],r2l),para([1],k9_xtuple_0(k1_xboole_0),k1_xboole_0,[],r2l),para([0,0],k10_xtuple_0(k1_xboole_0),k1_xboole_0,[],r2l),para([1],k10_xtuple_0(k1_xboole_0),k1_xboole_0,[],r2l),para([0],k1_relat_1(_1442),k2_xboole_0(k9_xtuple_0(_1442),k10_xtuple_0(_1442)),[v1_relat_1(_1442)],l2r)],[],[ext([- #,[#,k1_relat_1(k1_xboole_0)=k1_xboole_0]]-[- #,[#,k1_relat_1(k1_xboole_0)=k1_xboole_0]]),init(-# - -#)],0)state([- #],[],[],[ext(#,[k1_relat_1(k1_xboole_0)=k1_xboole_0],g)],[],[init(-# - -#)],0)Policy data saved
Training data saved
Execution time: 25.337 sec
Full query: 
 swipl -g '["core/montecarlo.pl"], mc_run("theorems/m2np/t40_relat_1.p",[guided(0),cp(1),sim_depth(0),playout_count(200000),min_visit_count(1),n_dim(10000),playout_time(300), output_format(svmlight), leancop_settings([conj,nodef,comp(1000),eager_reduction(1),paramodulation(1)]),return_to_root(0),save_all_proofs(0),temperature(2),save_all_policy(0),save_all_value(1),lemma_features(0),inference_limit(200000),collapse_vars(0),bigstep_frequency(2000)],"results/plcop_paramodulation/train_value","results/plcop_paramodulation/train_policy","results/plcop_paramodulation/clauses","results/plcop_paramodulation/proofs",ExecutionTime), halt.'
