Prolog query: 
 mc_run("theorems/m2np/t47_partfun1.p",[guided(0),cp(1),sim_depth(0),playout_count(200000),min_visit_count(1),n_dim(10000),playout_time(300), output_format(svmlight), leancop_settings([conj,nodef,comp(1000),eager_reduction(1),paramodulation(1)]),return_to_root(0),save_all_proofs(0),temperature(2),save_all_policy(0),save_all_value(1),lemma_features(0),inference_limit(200000),collapse_vars(0),bigstep_frequency(2000)],"results/plcop_paramodulation/train_value","results/plcop_paramodulation/train_policy","results/plcop_paramodulation/clauses","results/plcop_paramodulation/proofs",ExecutionTime)
Trying to open file theorems/m2np/t47_partfun1.p...
Successfully opened file theorems/m2np/t47_partfun1.p
200000 playouts remaining
SUCCESS
   Init: 	-#
   Extension: 	[- #,[#,-m1_subset_1(3^[],k4_partfun1(1^[],2^[]))]]
   Extension: 	[-m1_subset_1(3^[],k4_partfun1(1^[],2^[])),[m1_subset_1(A,B),-v1_xboole_0(B),-r2_hidden(A,B)]]
   Extension: 	[-v1_xboole_0(k4_partfun1(1^[],2^[])),[v1_xboole_0(k4_partfun1(_,_))]]
   Extension: 	[-r2_hidden(3^[],k4_partfun1(1^[],2^[])),[r2_hidden(A,k4_partfun1(_,_)),-v1_funct_1(A)]]
   Extension: 	[-v1_funct_1(3^[]),[v1_funct_1(3^[]),#,m1_subset_1(3^[],k1_zfmisc_1(k2_zfmisc_1(1^[],2^[])))]]
   Reduction: 	[#,- #]
   Extension: 	[m1_subset_1(3^[],k1_zfmisc_1(k2_zfmisc_1(1^[],2^[]))),[-m1_subset_1(A,k1_zfmisc_1(k2_zfmisc_1(B,C))),r2_hidden(A,k4_partfun1(B,C))]]
   Reduction: 	[r2_hidden(3^[],k4_partfun1(1^[],2^[])),-r2_hidden(3^[],k4_partfun1(1^[],2^[]))]
Created leancop proof

FIRST PROOF FOUND AFTER 5 STEPS

Moving root from 0 to 1
Moving root from 1 to 2
195000 playouts remaining
Moving root from 2 to 3
Moving root from 3 to 4
Moving root from 4 to 5
190000 playouts remaining
Moving root from 5 to 6
Unable to move root from 6
185000 playouts remaining
Unable to move root from 6
Unable to move root from 6
Unable to move root from 6
180000 playouts remaining
Unable to move root from 6
Unable to move root from 6
175000 playouts remaining
Unable to move root from 6
Unable to move root from 6
Unable to move root from 6
170000 playouts remaining
Unable to move root from 6
Unable to move root from 6
165000 playouts remaining
Unable to move root from 6
Unable to move root from 6
Unable to move root from 6
160000 playouts remaining
Unable to move root from 6
Unable to move root from 6
155000 playouts remaining
Unable to move root from 6
Unable to move root from 6
Unable to move root from 6
150000 playouts remaining
Unable to move root from 6
Unable to move root from 6
145000 playouts remaining
Unable to move root from 6
Unable to move root from 6
Unable to move root from 6
140000 playouts remaining
Unable to move root from 6
Unable to move root from 6
135000 playouts remaining
Unable to move root from 6
Unable to move root from 6
Unable to move root from 6
130000 playouts remaining
Unable to move root from 6
Unable to move root from 6
125000 playouts remaining
Unable to move root from 6
Unable to move root from 6
Unable to move root from 6
120000 playouts remaining
Unable to move root from 6
Unable to move root from 6
115000 playouts remaining
Unable to move root from 6
Unable to move root from 6
Unable to move root from 6
110000 playouts remaining
Unable to move root from 6
Unable to move root from 6
105000 playouts remaining
Unable to move root from 6
Unable to move root from 6
Unable to move root from 6
100000 playouts remaining
Unable to move root from 6
Unable to move root from 6
95000 playouts remaining
Unable to move root from 6
Unable to move root from 6
Unable to move root from 6
90000 playouts remaining
Unable to move root from 6
Unable to move root from 6
85000 playouts remaining
Unable to move root from 6
Unable to move root from 6
Unable to move root from 6
80000 playouts remaining
Unable to move root from 6
Unable to move root from 6
75000 playouts remaining
Unable to move root from 6
Unable to move root from 6
Unable to move root from 6
70000 playouts remaining
Unable to move root from 6
Unable to move root from 6
65000 playouts remaining
Unable to move root from 6
Unable to move root from 6
Unable to move root from 6
60000 playouts remaining
Unable to move root from 6
Unable to move root from 6
55000 playouts remaining
Unable to move root from 6
Unable to move root from 6
Unable to move root from 6
50000 playouts remaining
Unable to move root from 6
Unable to move root from 6
45000 playouts remaining
Unable to move root from 6
Unable to move root from 6
Unable to move root from 6
40000 playouts remaining
Unable to move root from 6
Unable to move root from 6
35000 playouts remaining
Unable to move root from 6
Unable to move root from 6
Unable to move root from 6
30000 playouts remaining
Unable to move root from 6
Unable to move root from 6
25000 playouts remaining
Unable to move root from 6
Unable to move root from 6
Unable to move root from 6
20000 playouts remaining
Unable to move root from 6
Unable to move root from 6
15000 playouts remaining
Unable to move root from 6
Unable to move root from 6
Unable to move root from 6
10000 playouts remaining
Unable to move root from 6
Unable to move root from 6
5000 playouts remaining
Unable to move root from 6
Unable to move root from 6
Unable to move root from 6
Created 21 nodes
Performed 41964 inferences
Bigstep Nodes: 7, [0,1,2,3,4,5,6]
Training data collected
state([success],[],[],[],[],[red([r2_hidden(3^[],k4_partfun1(1^[],2^[])),-r2_hidden(3^[],k4_partfun1(1^[],2^[]))]-[r2_hidden(3^[],k4_partfun1(1^[],2^[])),-r2_hidden(3^[],k4_partfun1(1^[],2^[]))]),ext([m1_subset_1(3^[],k1_zfmisc_1(k2_zfmisc_1(1^[],2^[]))),[-m1_subset_1(_3510,k1_zfmisc_1(k2_zfmisc_1(_3520,_3522))),r2_hidden(_3510,k4_partfun1(_3520,_3522))]]-[m1_subset_1(3^[],k1_zfmisc_1(k2_zfmisc_1(1^[],2^[]))),[-m1_subset_1(3^[],k1_zfmisc_1(k2_zfmisc_1(1^[],2^[]))),r2_hidden(3^[],k4_partfun1(1^[],2^[]))]]),red([#,- #]-[#,- #]),ext([-v1_funct_1(3^[]),[v1_funct_1(3^[]),#,m1_subset_1(3^[],k1_zfmisc_1(k2_zfmisc_1(1^[],2^[])))]]-[-v1_funct_1(3^[]),[v1_funct_1(3^[]),#,m1_subset_1(3^[],k1_zfmisc_1(k2_zfmisc_1(1^[],2^[])))]]),ext([-r2_hidden(3^[],k4_partfun1(1^[],2^[])),[r2_hidden(_3314,k4_partfun1(_3320,_3322)),-v1_funct_1(_3314)]]-[-r2_hidden(3^[],k4_partfun1(1^[],2^[])),[r2_hidden(3^[],k4_partfun1(1^[],2^[])),-v1_funct_1(3^[])]]),ext([-v1_xboole_0(k4_partfun1(1^[],2^[])),[v1_xboole_0(k4_partfun1(_3378,_3380))]]-[-v1_xboole_0(k4_partfun1(1^[],2^[])),[v1_xboole_0(k4_partfun1(1^[],2^[]))]]),ext([-m1_subset_1(3^[],k4_partfun1(1^[],2^[])),[m1_subset_1(_3418,_3420),-v1_xboole_0(_3420),-r2_hidden(_3418,_3420)]]-[-m1_subset_1(3^[],k4_partfun1(1^[],2^[])),[m1_subset_1(3^[],k4_partfun1(1^[],2^[])),-v1_xboole_0(k4_partfun1(1^[],2^[])),-r2_hidden(3^[],k4_partfun1(1^[],2^[]))]]),ext([- #,[#,-m1_subset_1(3^[],k4_partfun1(1^[],2^[]))]]-[- #,[#,-m1_subset_1(3^[],k4_partfun1(1^[],2^[]))]]),init(-# - -#)],1)state([m1_subset_1(3^[],k1_zfmisc_1(k2_zfmisc_1(1^[],2^[])))],[-v1_funct_1(3^[]),-r2_hidden(3^[],k4_partfun1(1^[],2^[])),-m1_subset_1(3^[],k4_partfun1(1^[],2^[])),- #],[-v1_xboole_0(k4_partfun1(1^[],2^[]))],[ext(-m1_subset_1(_3076,k1_zfmisc_1(k2_zfmisc_1(_3086,_3088))),[r2_hidden(_3076,k4_partfun1(_3086,_3088))],n),ext(-m1_subset_1(_3032,_3034),[-v1_xboole_0(_3034),r2_hidden(_3032,_3034)],n),ext(-m1_subset_1(_2994,_2996),[v1_xboole_0(_2996),v1_xboole_0(_2994)],n)],[],[red([#,- #]-[#,- #]),ext([-v1_funct_1(3^[]),[v1_funct_1(3^[]),#,m1_subset_1(3^[],k1_zfmisc_1(k2_zfmisc_1(1^[],2^[])))]]-[-v1_funct_1(3^[]),[v1_funct_1(3^[]),#,m1_subset_1(3^[],k1_zfmisc_1(k2_zfmisc_1(1^[],2^[])))]]),ext([-r2_hidden(3^[],k4_partfun1(1^[],2^[])),[r2_hidden(_2754,k4_partfun1(_2760,_2762)),-v1_funct_1(_2754)]]-[-r2_hidden(3^[],k4_partfun1(1^[],2^[])),[r2_hidden(3^[],k4_partfun1(1^[],2^[])),-v1_funct_1(3^[])]]),ext([-v1_xboole_0(k4_partfun1(1^[],2^[])),[v1_xboole_0(k4_partfun1(_2818,_2820))]]-[-v1_xboole_0(k4_partfun1(1^[],2^[])),[v1_xboole_0(k4_partfun1(1^[],2^[]))]]),ext([-m1_subset_1(3^[],k4_partfun1(1^[],2^[])),[m1_subset_1(_2858,_2860),-v1_xboole_0(_2860),-r2_hidden(_2858,_2860)]]-[-m1_subset_1(3^[],k4_partfun1(1^[],2^[])),[m1_subset_1(3^[],k4_partfun1(1^[],2^[])),-v1_xboole_0(k4_partfun1(1^[],2^[])),-r2_hidden(3^[],k4_partfun1(1^[],2^[]))]]),ext([- #,[#,-m1_subset_1(3^[],k4_partfun1(1^[],2^[]))]]-[- #,[#,-m1_subset_1(3^[],k4_partfun1(1^[],2^[]))]]),init(-# - -#)],0)state([-v1_funct_1(3^[])],[-r2_hidden(3^[],k4_partfun1(1^[],2^[])),-m1_subset_1(3^[],k4_partfun1(1^[],2^[])),- #],[-v1_xboole_0(k4_partfun1(1^[],2^[]))],[ext(v1_funct_1(3^[]),[#,m1_subset_1(3^[],k1_zfmisc_1(k2_zfmisc_1(1^[],2^[])))],g)],[],[ext([-r2_hidden(3^[],k4_partfun1(1^[],2^[])),[r2_hidden(_2400,k4_partfun1(_2406,_2408)),-v1_funct_1(_2400)]]-[-r2_hidden(3^[],k4_partfun1(1^[],2^[])),[r2_hidden(3^[],k4_partfun1(1^[],2^[])),-v1_funct_1(3^[])]]),ext([-v1_xboole_0(k4_partfun1(1^[],2^[])),[v1_xboole_0(k4_partfun1(_2272,_2274))]]-[-v1_xboole_0(k4_partfun1(1^[],2^[])),[v1_xboole_0(k4_partfun1(1^[],2^[]))]]),ext([-m1_subset_1(3^[],k4_partfun1(1^[],2^[])),[m1_subset_1(_2312,_2314),-v1_xboole_0(_2314),-r2_hidden(_2312,_2314)]]-[-m1_subset_1(3^[],k4_partfun1(1^[],2^[])),[m1_subset_1(3^[],k4_partfun1(1^[],2^[])),-v1_xboole_0(k4_partfun1(1^[],2^[])),-r2_hidden(3^[],k4_partfun1(1^[],2^[]))]]),ext([- #,[#,-m1_subset_1(3^[],k4_partfun1(1^[],2^[]))]]-[- #,[#,-m1_subset_1(3^[],k4_partfun1(1^[],2^[]))]]),init(-# - -#)],0)state([-r2_hidden(3^[],k4_partfun1(1^[],2^[]))],[-m1_subset_1(3^[],k4_partfun1(1^[],2^[])),- #],[-v1_xboole_0(k4_partfun1(1^[],2^[]))],[ext(r2_hidden(_2084,k4_partfun1(_2090,_2092)),[-v1_funct_1(_2084)],n),ext(r2_hidden(_2038,k4_partfun1(_2044,_2046)),[-m1_subset_1(_2038,k1_zfmisc_1(k2_zfmisc_1(_2044,_2046)))],n),ext(r2_hidden(_1994,_1996),[-v1_xboole_0(_1996),-m1_subset_1(_1994,_1996)],n)],[],[ext([-v1_xboole_0(k4_partfun1(1^[],2^[])),[v1_xboole_0(k4_partfun1(_1958,_1960))]]-[-v1_xboole_0(k4_partfun1(1^[],2^[])),[v1_xboole_0(k4_partfun1(1^[],2^[]))]]),ext([-m1_subset_1(3^[],k4_partfun1(1^[],2^[])),[m1_subset_1(_1866,_1868),-v1_xboole_0(_1868),-r2_hidden(_1866,_1868)]]-[-m1_subset_1(3^[],k4_partfun1(1^[],2^[])),[m1_subset_1(3^[],k4_partfun1(1^[],2^[])),-v1_xboole_0(k4_partfun1(1^[],2^[])),-r2_hidden(3^[],k4_partfun1(1^[],2^[]))]]),ext([- #,[#,-m1_subset_1(3^[],k4_partfun1(1^[],2^[]))]]-[- #,[#,-m1_subset_1(3^[],k4_partfun1(1^[],2^[]))]]),init(-# - -#)],0)state([-v1_xboole_0(k4_partfun1(1^[],2^[])),-r2_hidden(3^[],k4_partfun1(1^[],2^[]))],[-m1_subset_1(3^[],k4_partfun1(1^[],2^[])),- #],[],[ext(v1_xboole_0(k4_partfun1(_1700,_1702)),[],n),ext(v1_xboole_0(_1658),[m1_subset_1(_1668,_1658),-v1_xboole_0(_1668)],n),ext(v1_xboole_0(_1620),[-m1_subset_1(_1634,_1620),v1_xboole_0(_1634)],n),ext(v1_xboole_0(_1582),[v1_xboole_0(_1592),-m1_subset_1(_1582,_1592)],n)],[],[ext([-m1_subset_1(3^[],k4_partfun1(1^[],2^[])),[m1_subset_1(_1516,_1518),-v1_xboole_0(_1518),-r2_hidden(_1516,_1518)]]-[-m1_subset_1(3^[],k4_partfun1(1^[],2^[])),[m1_subset_1(3^[],k4_partfun1(1^[],2^[])),-v1_xboole_0(k4_partfun1(1^[],2^[])),-r2_hidden(3^[],k4_partfun1(1^[],2^[]))]]),ext([- #,[#,-m1_subset_1(3^[],k4_partfun1(1^[],2^[]))]]-[- #,[#,-m1_subset_1(3^[],k4_partfun1(1^[],2^[]))]]),init(-# - -#)],0)state([-m1_subset_1(3^[],k4_partfun1(1^[],2^[]))],[- #],[],[ext(m1_subset_1(_1312,_1314),[-v1_xboole_0(_1314),-r2_hidden(_1312,_1314)],n),ext(m1_subset_1(_1274,_1276),[v1_xboole_0(_1276),-v1_xboole_0(_1274)],n)],[],[ext([- #,[#,-m1_subset_1(3^[],k4_partfun1(1^[],2^[]))]]-[- #,[#,-m1_subset_1(3^[],k4_partfun1(1^[],2^[]))]]),init(-# - -#)],0)state([- #],[],[],[ext(#,[-m1_subset_1(3^[],k4_partfun1(1^[],2^[]))],g),ext(#,[v1_funct_1(3^[]),m1_subset_1(3^[],k1_zfmisc_1(k2_zfmisc_1(1^[],2^[])))],g)],[],[init(-# - -#)],0)Value data saved
state([m1_subset_1(3^[],k1_zfmisc_1(k2_zfmisc_1(1^[],2^[])))],[-v1_funct_1(3^[]),-r2_hidden(3^[],k4_partfun1(1^[],2^[])),-m1_subset_1(3^[],k4_partfun1(1^[],2^[])),- #],[-v1_xboole_0(k4_partfun1(1^[],2^[]))],[ext(-m1_subset_1(_2924,k1_zfmisc_1(k2_zfmisc_1(_2934,_2936))),[r2_hidden(_2924,k4_partfun1(_2934,_2936))],n),ext(-m1_subset_1(_2880,_2882),[-v1_xboole_0(_2882),r2_hidden(_2880,_2882)],n),ext(-m1_subset_1(_2842,_2844),[v1_xboole_0(_2844),v1_xboole_0(_2842)],n)],[],[red([#,- #]-[#,- #]),ext([-v1_funct_1(3^[]),[v1_funct_1(3^[]),#,m1_subset_1(3^[],k1_zfmisc_1(k2_zfmisc_1(1^[],2^[])))]]-[-v1_funct_1(3^[]),[v1_funct_1(3^[]),#,m1_subset_1(3^[],k1_zfmisc_1(k2_zfmisc_1(1^[],2^[])))]]),ext([-r2_hidden(3^[],k4_partfun1(1^[],2^[])),[r2_hidden(_2602,k4_partfun1(_2608,_2610)),-v1_funct_1(_2602)]]-[-r2_hidden(3^[],k4_partfun1(1^[],2^[])),[r2_hidden(3^[],k4_partfun1(1^[],2^[])),-v1_funct_1(3^[])]]),ext([-v1_xboole_0(k4_partfun1(1^[],2^[])),[v1_xboole_0(k4_partfun1(_2666,_2668))]]-[-v1_xboole_0(k4_partfun1(1^[],2^[])),[v1_xboole_0(k4_partfun1(1^[],2^[]))]]),ext([-m1_subset_1(3^[],k4_partfun1(1^[],2^[])),[m1_subset_1(_2706,_2708),-v1_xboole_0(_2708),-r2_hidden(_2706,_2708)]]-[-m1_subset_1(3^[],k4_partfun1(1^[],2^[])),[m1_subset_1(3^[],k4_partfun1(1^[],2^[])),-v1_xboole_0(k4_partfun1(1^[],2^[])),-r2_hidden(3^[],k4_partfun1(1^[],2^[]))]]),ext([- #,[#,-m1_subset_1(3^[],k4_partfun1(1^[],2^[]))]]-[- #,[#,-m1_subset_1(3^[],k4_partfun1(1^[],2^[]))]]),init(-# - -#)],0)state([m1_subset_1(3^[],k1_zfmisc_1(k2_zfmisc_1(1^[],2^[])))],[-v1_funct_1(3^[]),-r2_hidden(3^[],k4_partfun1(1^[],2^[])),-m1_subset_1(3^[],k4_partfun1(1^[],2^[])),- #],[-v1_xboole_0(k4_partfun1(1^[],2^[]))],[ext(-m1_subset_1(_2924,k1_zfmisc_1(k2_zfmisc_1(_2934,_2936))),[r2_hidden(_2924,k4_partfun1(_2934,_2936))],n),ext(-m1_subset_1(_2880,_2882),[-v1_xboole_0(_2882),r2_hidden(_2880,_2882)],n),ext(-m1_subset_1(_2842,_2844),[v1_xboole_0(_2844),v1_xboole_0(_2842)],n)],[],[red([#,- #]-[#,- #]),ext([-v1_funct_1(3^[]),[v1_funct_1(3^[]),#,m1_subset_1(3^[],k1_zfmisc_1(k2_zfmisc_1(1^[],2^[])))]]-[-v1_funct_1(3^[]),[v1_funct_1(3^[]),#,m1_subset_1(3^[],k1_zfmisc_1(k2_zfmisc_1(1^[],2^[])))]]),ext([-r2_hidden(3^[],k4_partfun1(1^[],2^[])),[r2_hidden(_2602,k4_partfun1(_2608,_2610)),-v1_funct_1(_2602)]]-[-r2_hidden(3^[],k4_partfun1(1^[],2^[])),[r2_hidden(3^[],k4_partfun1(1^[],2^[])),-v1_funct_1(3^[])]]),ext([-v1_xboole_0(k4_partfun1(1^[],2^[])),[v1_xboole_0(k4_partfun1(_2666,_2668))]]-[-v1_xboole_0(k4_partfun1(1^[],2^[])),[v1_xboole_0(k4_partfun1(1^[],2^[]))]]),ext([-m1_subset_1(3^[],k4_partfun1(1^[],2^[])),[m1_subset_1(_2706,_2708),-v1_xboole_0(_2708),-r2_hidden(_2706,_2708)]]-[-m1_subset_1(3^[],k4_partfun1(1^[],2^[])),[m1_subset_1(3^[],k4_partfun1(1^[],2^[])),-v1_xboole_0(k4_partfun1(1^[],2^[])),-r2_hidden(3^[],k4_partfun1(1^[],2^[]))]]),ext([- #,[#,-m1_subset_1(3^[],k4_partfun1(1^[],2^[]))]]-[- #,[#,-m1_subset_1(3^[],k4_partfun1(1^[],2^[]))]]),init(-# - -#)],0)state([m1_subset_1(3^[],k1_zfmisc_1(k2_zfmisc_1(1^[],2^[])))],[-v1_funct_1(3^[]),-r2_hidden(3^[],k4_partfun1(1^[],2^[])),-m1_subset_1(3^[],k4_partfun1(1^[],2^[])),- #],[-v1_xboole_0(k4_partfun1(1^[],2^[]))],[ext(-m1_subset_1(_2924,k1_zfmisc_1(k2_zfmisc_1(_2934,_2936))),[r2_hidden(_2924,k4_partfun1(_2934,_2936))],n),ext(-m1_subset_1(_2880,_2882),[-v1_xboole_0(_2882),r2_hidden(_2880,_2882)],n),ext(-m1_subset_1(_2842,_2844),[v1_xboole_0(_2844),v1_xboole_0(_2842)],n)],[],[red([#,- #]-[#,- #]),ext([-v1_funct_1(3^[]),[v1_funct_1(3^[]),#,m1_subset_1(3^[],k1_zfmisc_1(k2_zfmisc_1(1^[],2^[])))]]-[-v1_funct_1(3^[]),[v1_funct_1(3^[]),#,m1_subset_1(3^[],k1_zfmisc_1(k2_zfmisc_1(1^[],2^[])))]]),ext([-r2_hidden(3^[],k4_partfun1(1^[],2^[])),[r2_hidden(_2602,k4_partfun1(_2608,_2610)),-v1_funct_1(_2602)]]-[-r2_hidden(3^[],k4_partfun1(1^[],2^[])),[r2_hidden(3^[],k4_partfun1(1^[],2^[])),-v1_funct_1(3^[])]]),ext([-v1_xboole_0(k4_partfun1(1^[],2^[])),[v1_xboole_0(k4_partfun1(_2666,_2668))]]-[-v1_xboole_0(k4_partfun1(1^[],2^[])),[v1_xboole_0(k4_partfun1(1^[],2^[]))]]),ext([-m1_subset_1(3^[],k4_partfun1(1^[],2^[])),[m1_subset_1(_2706,_2708),-v1_xboole_0(_2708),-r2_hidden(_2706,_2708)]]-[-m1_subset_1(3^[],k4_partfun1(1^[],2^[])),[m1_subset_1(3^[],k4_partfun1(1^[],2^[])),-v1_xboole_0(k4_partfun1(1^[],2^[])),-r2_hidden(3^[],k4_partfun1(1^[],2^[]))]]),ext([- #,[#,-m1_subset_1(3^[],k4_partfun1(1^[],2^[]))]]-[- #,[#,-m1_subset_1(3^[],k4_partfun1(1^[],2^[]))]]),init(-# - -#)],0)state([-v1_funct_1(3^[])],[-r2_hidden(3^[],k4_partfun1(1^[],2^[])),-m1_subset_1(3^[],k4_partfun1(1^[],2^[])),- #],[-v1_xboole_0(k4_partfun1(1^[],2^[]))],[ext(v1_funct_1(3^[]),[#,m1_subset_1(3^[],k1_zfmisc_1(k2_zfmisc_1(1^[],2^[])))],g)],[],[ext([-r2_hidden(3^[],k4_partfun1(1^[],2^[])),[r2_hidden(_2400,k4_partfun1(_2406,_2408)),-v1_funct_1(_2400)]]-[-r2_hidden(3^[],k4_partfun1(1^[],2^[])),[r2_hidden(3^[],k4_partfun1(1^[],2^[])),-v1_funct_1(3^[])]]),ext([-v1_xboole_0(k4_partfun1(1^[],2^[])),[v1_xboole_0(k4_partfun1(_2272,_2274))]]-[-v1_xboole_0(k4_partfun1(1^[],2^[])),[v1_xboole_0(k4_partfun1(1^[],2^[]))]]),ext([-m1_subset_1(3^[],k4_partfun1(1^[],2^[])),[m1_subset_1(_2312,_2314),-v1_xboole_0(_2314),-r2_hidden(_2312,_2314)]]-[-m1_subset_1(3^[],k4_partfun1(1^[],2^[])),[m1_subset_1(3^[],k4_partfun1(1^[],2^[])),-v1_xboole_0(k4_partfun1(1^[],2^[])),-r2_hidden(3^[],k4_partfun1(1^[],2^[]))]]),ext([- #,[#,-m1_subset_1(3^[],k4_partfun1(1^[],2^[]))]]-[- #,[#,-m1_subset_1(3^[],k4_partfun1(1^[],2^[]))]]),init(-# - -#)],0)state([-r2_hidden(3^[],k4_partfun1(1^[],2^[]))],[-m1_subset_1(3^[],k4_partfun1(1^[],2^[])),- #],[-v1_xboole_0(k4_partfun1(1^[],2^[]))],[ext(r2_hidden(_2084,k4_partfun1(_2090,_2092)),[-v1_funct_1(_2084)],n),ext(r2_hidden(_2038,k4_partfun1(_2044,_2046)),[-m1_subset_1(_2038,k1_zfmisc_1(k2_zfmisc_1(_2044,_2046)))],n),ext(r2_hidden(_1994,_1996),[-v1_xboole_0(_1996),-m1_subset_1(_1994,_1996)],n)],[],[ext([-v1_xboole_0(k4_partfun1(1^[],2^[])),[v1_xboole_0(k4_partfun1(_1958,_1960))]]-[-v1_xboole_0(k4_partfun1(1^[],2^[])),[v1_xboole_0(k4_partfun1(1^[],2^[]))]]),ext([-m1_subset_1(3^[],k4_partfun1(1^[],2^[])),[m1_subset_1(_1866,_1868),-v1_xboole_0(_1868),-r2_hidden(_1866,_1868)]]-[-m1_subset_1(3^[],k4_partfun1(1^[],2^[])),[m1_subset_1(3^[],k4_partfun1(1^[],2^[])),-v1_xboole_0(k4_partfun1(1^[],2^[])),-r2_hidden(3^[],k4_partfun1(1^[],2^[]))]]),ext([- #,[#,-m1_subset_1(3^[],k4_partfun1(1^[],2^[]))]]-[- #,[#,-m1_subset_1(3^[],k4_partfun1(1^[],2^[]))]]),init(-# - -#)],0)state([-v1_xboole_0(k4_partfun1(1^[],2^[])),-r2_hidden(3^[],k4_partfun1(1^[],2^[]))],[-m1_subset_1(3^[],k4_partfun1(1^[],2^[])),- #],[],[ext(v1_xboole_0(k4_partfun1(_1700,_1702)),[],n),ext(v1_xboole_0(_1658),[m1_subset_1(_1668,_1658),-v1_xboole_0(_1668)],n),ext(v1_xboole_0(_1620),[-m1_subset_1(_1634,_1620),v1_xboole_0(_1634)],n),ext(v1_xboole_0(_1582),[v1_xboole_0(_1592),-m1_subset_1(_1582,_1592)],n)],[],[ext([-m1_subset_1(3^[],k4_partfun1(1^[],2^[])),[m1_subset_1(_1516,_1518),-v1_xboole_0(_1518),-r2_hidden(_1516,_1518)]]-[-m1_subset_1(3^[],k4_partfun1(1^[],2^[])),[m1_subset_1(3^[],k4_partfun1(1^[],2^[])),-v1_xboole_0(k4_partfun1(1^[],2^[])),-r2_hidden(3^[],k4_partfun1(1^[],2^[]))]]),ext([- #,[#,-m1_subset_1(3^[],k4_partfun1(1^[],2^[]))]]-[- #,[#,-m1_subset_1(3^[],k4_partfun1(1^[],2^[]))]]),init(-# - -#)],0)state([-m1_subset_1(3^[],k4_partfun1(1^[],2^[]))],[- #],[],[ext(m1_subset_1(_1312,_1314),[-v1_xboole_0(_1314),-r2_hidden(_1312,_1314)],n),ext(m1_subset_1(_1274,_1276),[v1_xboole_0(_1276),-v1_xboole_0(_1274)],n)],[],[ext([- #,[#,-m1_subset_1(3^[],k4_partfun1(1^[],2^[]))]]-[- #,[#,-m1_subset_1(3^[],k4_partfun1(1^[],2^[]))]]),init(-# - -#)],0)state([-m1_subset_1(3^[],k4_partfun1(1^[],2^[]))],[- #],[],[ext(m1_subset_1(_1248,_1250),[-v1_xboole_0(_1250),-r2_hidden(_1248,_1250)],n),ext(m1_subset_1(_1210,_1212),[v1_xboole_0(_1212),-v1_xboole_0(_1210)],n)],[],[ext([- #,[#,-m1_subset_1(3^[],k4_partfun1(1^[],2^[]))]]-[- #,[#,-m1_subset_1(3^[],k4_partfun1(1^[],2^[]))]]),init(-# - -#)],0)state([- #],[],[],[ext(#,[-m1_subset_1(3^[],k4_partfun1(1^[],2^[]))],g),ext(#,[v1_funct_1(3^[]),m1_subset_1(3^[],k1_zfmisc_1(k2_zfmisc_1(1^[],2^[])))],g)],[],[init(-# - -#)],0)state([- #],[],[],[ext(#,[-m1_subset_1(3^[],k4_partfun1(1^[],2^[]))],g),ext(#,[v1_funct_1(3^[]),m1_subset_1(3^[],k1_zfmisc_1(k2_zfmisc_1(1^[],2^[])))],g)],[],[init(-# - -#)],0)Policy data saved
Training data saved
Execution time: 6.466 sec
Full query: 
 swipl -g '["core/montecarlo.pl"], mc_run("theorems/m2np/t47_partfun1.p",[guided(0),cp(1),sim_depth(0),playout_count(200000),min_visit_count(1),n_dim(10000),playout_time(300), output_format(svmlight), leancop_settings([conj,nodef,comp(1000),eager_reduction(1),paramodulation(1)]),return_to_root(0),save_all_proofs(0),temperature(2),save_all_policy(0),save_all_value(1),lemma_features(0),inference_limit(200000),collapse_vars(0),bigstep_frequency(2000)],"results/plcop_paramodulation/train_value","results/plcop_paramodulation/train_policy","results/plcop_paramodulation/clauses","results/plcop_paramodulation/proofs",ExecutionTime), halt.'
