Prolog query: 
 mc_run("theorems/m2np/t4_wellord1.p",[guided(0),cp(1),sim_depth(0),playout_count(200000),min_visit_count(1),n_dim(10000),playout_time(300), output_format(svmlight), leancop_settings([conj,nodef,comp(1000),eager_reduction(1),paramodulation(1)]),return_to_root(0),save_all_proofs(0),temperature(2),save_all_policy(0),save_all_value(1),lemma_features(0),inference_limit(200000),collapse_vars(0),bigstep_frequency(2000)],"results/plcop_paramodulation/train_value","results/plcop_paramodulation/train_policy","results/plcop_paramodulation/clauses","results/plcop_paramodulation/proofs",ExecutionTime)
Trying to open file theorems/m2np/t4_wellord1.p...
Successfully opened file theorems/m2np/t4_wellord1.p
200000 playouts remaining
Moving root from 0 to 7
Moving root from 7 to 8
195000 playouts remaining
Moving root from 8 to 9
Unable to move root from 9
Unable to move root from 9
190000 playouts remaining
Unable to move root from 9
Unable to move root from 9
185000 playouts remaining
Unable to move root from 9
Unable to move root from 9
Unable to move root from 9
180000 playouts remaining
Unable to move root from 9
Unable to move root from 9
175000 playouts remaining
Unable to move root from 9
Unable to move root from 9
Unable to move root from 9
170000 playouts remaining
Unable to move root from 9
Unable to move root from 9
165000 playouts remaining
Unable to move root from 9
Unable to move root from 9
Unable to move root from 9
160000 playouts remaining
Unable to move root from 9
Unable to move root from 9
155000 playouts remaining
Unable to move root from 9
Unable to move root from 9
Unable to move root from 9
150000 playouts remaining
Unable to move root from 9
Unable to move root from 9
145000 playouts remaining
Unable to move root from 9
Unable to move root from 9
Unable to move root from 9
140000 playouts remaining
Unable to move root from 9
Unable to move root from 9
135000 playouts remaining
Unable to move root from 9
Unable to move root from 9
Unable to move root from 9
130000 playouts remaining
Unable to move root from 9
Unable to move root from 9
125000 playouts remaining
Unable to move root from 9
Unable to move root from 9
Unable to move root from 9
120000 playouts remaining
Unable to move root from 9
Unable to move root from 9
115000 playouts remaining
Unable to move root from 9
Unable to move root from 9
Unable to move root from 9
110000 playouts remaining
Unable to move root from 9
Unable to move root from 9
105000 playouts remaining
Unable to move root from 9
Unable to move root from 9
Unable to move root from 9
100000 playouts remaining
Unable to move root from 9
Unable to move root from 9
95000 playouts remaining
Unable to move root from 9
Unable to move root from 9
Unable to move root from 9
90000 playouts remaining
Unable to move root from 9
Unable to move root from 9
85000 playouts remaining
Unable to move root from 9
Unable to move root from 9
Unable to move root from 9
80000 playouts remaining
Unable to move root from 9
Unable to move root from 9
75000 playouts remaining
Unable to move root from 9
Unable to move root from 9
Unable to move root from 9
70000 playouts remaining
Unable to move root from 9
Unable to move root from 9
65000 playouts remaining
Unable to move root from 9
Unable to move root from 9
Unable to move root from 9
60000 playouts remaining
Unable to move root from 9
Unable to move root from 9
55000 playouts remaining
Unable to move root from 9
Unable to move root from 9
Unable to move root from 9
50000 playouts remaining
Unable to move root from 9
Unable to move root from 9
45000 playouts remaining
Unable to move root from 9
Unable to move root from 9
Unable to move root from 9
40000 playouts remaining
Unable to move root from 9
Unable to move root from 9
35000 playouts remaining
Unable to move root from 9
Unable to move root from 9
Unable to move root from 9
30000 playouts remaining
Unable to move root from 9
Unable to move root from 9
25000 playouts remaining
Unable to move root from 9
Unable to move root from 9
Unable to move root from 9
20000 playouts remaining
Unable to move root from 9
Unable to move root from 9
15000 playouts remaining
Unable to move root from 9
Unable to move root from 9
Unable to move root from 9
10000 playouts remaining
Unable to move root from 9
Unable to move root from 9
5000 playouts remaining
Unable to move root from 9
Unable to move root from 9
Unable to move root from 9
Created 1157 nodes
Performed 29029 inferences
Bigstep Nodes: 4, [0,7,8,9]
Training data collected
state([failure],[],[],[],[],[ext([-v2_wellord1(1^[]),[v2_wellord1(1^[]),#,r2_wellord1(1^[],k1_relat_1(1^[]))]]-[-v2_wellord1(1^[]),[v2_wellord1(1^[]),#,r2_wellord1(1^[],k1_relat_1(1^[]))]]),red([#,- #]-[#,- #]),ext([r2_wellord1(1^[],k1_relat_1(1^[])),[-r2_wellord1(1^[],k1_relat_1(1^[])),#,-v2_wellord1(1^[])]]-[r2_wellord1(1^[],k1_relat_1(1^[])),[-r2_wellord1(1^[],k1_relat_1(1^[])),#,-v2_wellord1(1^[])]]),ext([- #,[#,r2_wellord1(1^[],k1_relat_1(1^[])),v2_wellord1(1^[])]]-[- #,[#,r2_wellord1(1^[],k1_relat_1(1^[])),v2_wellord1(1^[])]]),init(-# - -#)],-1)state([-v2_wellord1(1^[])],[r2_wellord1(1^[],k1_relat_1(1^[])),- #],[],[ext(v2_wellord1(1^[]),[#,r2_wellord1(1^[],k1_relat_1(1^[]))],g),ext(v2_wellord1(_5764),[v1_relat_1(_5764),-v1_relat_2(_5764)],n),ext(v2_wellord1(_5728),[v1_relat_1(_5728),-v8_relat_2(_5728)],n),ext(v2_wellord1(_5692),[v1_relat_1(_5692),-v4_relat_2(_5692)],n),ext(v2_wellord1(_5656),[v1_relat_1(_5656),-v6_relat_2(_5656)],n),ext(v2_wellord1(_5620),[v1_relat_1(_5620),-v1_wellord1(_5620)],n)],[[[v2_wellord1(1^[])],[- #],[r2_wellord1(1^[],k1_relat_1(1^[]))]]],[red([#,- #]-[#,- #]),ext([r2_wellord1(1^[],k1_relat_1(1^[])),[-r2_wellord1(1^[],k1_relat_1(1^[])),#,-v2_wellord1(1^[])]]-[r2_wellord1(1^[],k1_relat_1(1^[])),[-r2_wellord1(1^[],k1_relat_1(1^[])),#,-v2_wellord1(1^[])]]),ext([- #,[#,r2_wellord1(1^[],k1_relat_1(1^[])),v2_wellord1(1^[])]]-[- #,[#,r2_wellord1(1^[],k1_relat_1(1^[])),v2_wellord1(1^[])]]),init(-# - -#)],0)state([r2_wellord1(1^[],k1_relat_1(1^[])),v2_wellord1(1^[])],[- #],[],[ext(-r2_wellord1(1^[],k1_relat_1(1^[])),[#,-v2_wellord1(1^[])],g),ext(-r2_wellord1(_5296,_5298),[v1_relat_1(_5296),r1_relat_2(_5296,_5298),r8_relat_2(_5296,_5298),r4_relat_2(_5296,_5298),r6_relat_2(_5296,_5298),r1_wellord1(_5296,_5298)],n)],[],[ext([- #,[#,r2_wellord1(1^[],k1_relat_1(1^[])),v2_wellord1(1^[])]]-[- #,[#,r2_wellord1(1^[],k1_relat_1(1^[])),v2_wellord1(1^[])]]),init(-# - -#)],0)state([- #],[],[],[ext(#,[-v1_relat_1(1^[])],g),ext(#,[r2_wellord1(1^[],k1_relat_1(1^[])),v2_wellord1(1^[])],g),ext(#,[-r2_wellord1(1^[],k1_relat_1(1^[])),-v2_wellord1(1^[])],g)],[],[init(-# - -#)],0)Value data saved
Training data saved
Execution time: 5.294 sec
Full query: 
 swipl -g '["core/montecarlo.pl"], mc_run("theorems/m2np/t4_wellord1.p",[guided(0),cp(1),sim_depth(0),playout_count(200000),min_visit_count(1),n_dim(10000),playout_time(300), output_format(svmlight), leancop_settings([conj,nodef,comp(1000),eager_reduction(1),paramodulation(1)]),return_to_root(0),save_all_proofs(0),temperature(2),save_all_policy(0),save_all_value(1),lemma_features(0),inference_limit(200000),collapse_vars(0),bigstep_frequency(2000)],"results/plcop_paramodulation/train_value","results/plcop_paramodulation/train_policy","results/plcop_paramodulation/clauses","results/plcop_paramodulation/proofs",ExecutionTime), halt.'
