Prolog query: 
 mc_run("theorems/m2np/t63_yellow_0.p",[guided(0),cp(1),sim_depth(0),playout_count(200000),min_visit_count(1),n_dim(10000),playout_time(300), output_format(svmlight), leancop_settings([conj,nodef,comp(1000),eager_reduction(1),paramodulation(1)]),return_to_root(0),save_all_proofs(0),temperature(2),save_all_policy(0),save_all_value(1),lemma_features(0),inference_limit(200000),collapse_vars(0),bigstep_frequency(2000)],"results/plcop_paramodulation/train_value","results/plcop_paramodulation/train_policy","results/plcop_paramodulation/clauses","results/plcop_paramodulation/proofs",ExecutionTime)
Trying to open file theorems/m2np/t63_yellow_0.p...
Successfully opened file theorems/m2np/t63_yellow_0.p
200000 playouts remaining
Moving root from 0 to 180
Moving root from 180 to 181
195000 playouts remaining
Moving root from 181 to 2050
Moving root from 2050 to 2088
Moving root from 2088 to 5847
190000 playouts remaining
Moving root from 5847 to 5851
Moving root from 5851 to 5854
185000 playouts remaining
Moving root from 5854 to 11619
Moving root from 11619 to 11657
Moving root from 11657 to 14637
180000 playouts remaining
Moving root from 14637 to 14737
Full query: 
 swipl -g '["core/montecarlo.pl"], mc_run("theorems/m2np/t63_yellow_0.p",[guided(0),cp(1),sim_depth(0),playout_count(200000),min_visit_count(1),n_dim(10000),playout_time(300), output_format(svmlight), leancop_settings([conj,nodef,comp(1000),eager_reduction(1),paramodulation(1)]),return_to_root(0),save_all_proofs(0),temperature(2),save_all_policy(0),save_all_value(1),lemma_features(0),inference_limit(200000),collapse_vars(0),bigstep_frequency(2000)],"results/plcop_paramodulation/train_value","results/plcop_paramodulation/train_policy","results/plcop_paramodulation/clauses","results/plcop_paramodulation/proofs",ExecutionTime), halt.'
