Prolog query: 
 mc_run("theorems/m2np/t67_mcart_1.p",[guided(0),cp(1),sim_depth(0),playout_count(200000),min_visit_count(1),n_dim(10000),playout_time(300), output_format(svmlight), leancop_settings([conj,nodef,comp(1000),eager_reduction(1),paramodulation(1)]),return_to_root(0),save_all_proofs(0),temperature(2),save_all_policy(0),save_all_value(1),lemma_features(0),inference_limit(200000),collapse_vars(0),bigstep_frequency(2000)],"results/plcop_paramodulation/train_value","results/plcop_paramodulation/train_policy","results/plcop_paramodulation/clauses","results/plcop_paramodulation/proofs",ExecutionTime)
Trying to open file theorems/m2np/t67_mcart_1.p...
Successfully opened file theorems/m2np/t67_mcart_1.p
200000 playouts remaining
Moving root from 0 to 19
Moving root from 19 to 420
195000 playouts remaining
Moving root from 420 to 427
Moving root from 427 to 2068
Moving root from 2068 to 3887
190000 playouts remaining
Moving root from 3887 to 5035
Moving root from 5035 to 7524
185000 playouts remaining
Moving root from 7524 to 9700
Moving root from 9700 to 11427
Moving root from 11427 to 13517
180000 playouts remaining
Full query: 
 swipl -g '["core/montecarlo.pl"], mc_run("theorems/m2np/t67_mcart_1.p",[guided(0),cp(1),sim_depth(0),playout_count(200000),min_visit_count(1),n_dim(10000),playout_time(300), output_format(svmlight), leancop_settings([conj,nodef,comp(1000),eager_reduction(1),paramodulation(1)]),return_to_root(0),save_all_proofs(0),temperature(2),save_all_policy(0),save_all_value(1),lemma_features(0),inference_limit(200000),collapse_vars(0),bigstep_frequency(2000)],"results/plcop_paramodulation/train_value","results/plcop_paramodulation/train_policy","results/plcop_paramodulation/clauses","results/plcop_paramodulation/proofs",ExecutionTime), halt.'
