Prolog query: 
 mc_run("theorems/m2np/t6_yellow_0.p",[guided(0),cp(1),sim_depth(0),playout_count(200000),min_visit_count(1),n_dim(10000),playout_time(300), output_format(svmlight), leancop_settings([conj,nodef,comp(1000),eager_reduction(1),paramodulation(1)]),return_to_root(0),save_all_proofs(0),temperature(2),save_all_policy(0),save_all_value(1),lemma_features(0),inference_limit(200000),collapse_vars(0),bigstep_frequency(2000)],"results/plcop_paramodulation/train_value","results/plcop_paramodulation/train_policy","results/plcop_paramodulation/clauses","results/plcop_paramodulation/proofs",ExecutionTime)
Trying to open file theorems/m2np/t6_yellow_0.p...
Successfully opened file theorems/m2np/t6_yellow_0.p
200000 playouts remaining
SUCCESS
   Init: 	-#
   Extension: 	[- #,[#,r2_lattice3(3^[],k1_xboole_0,4^[]),r1_lattice3(3^[],k1_xboole_0,4^[])]]
   Extension: 	[r2_lattice3(3^[],k1_xboole_0,4^[]),[-r2_lattice3(A,B,C),l1_orders_2(A),m1_subset_1(C,u1_struct_0(A)),-r2_hidden(2^[C,B,A],B)]]
   Extension: 	[l1_orders_2(3^[]),[-l1_orders_2(3^[]),#]]
   Reduction: 	[#,- #]
   Extension: 	[m1_subset_1(4^[],u1_struct_0(3^[])),[-m1_subset_1(4^[],u1_struct_0(3^[])),#]]
   Reduction: 	[#,- #]
   Extension: 	[-r2_hidden(2^[4^[],k1_xboole_0,3^[]],k1_xboole_0),[r2_hidden(_,A),v1_xboole_0(A)]]
   Extension: 	[v1_xboole_0(k1_xboole_0),[-v1_xboole_0(k1_xboole_0)]]
   Extension: 	[r1_lattice3(3^[],k1_xboole_0,4^[]),[-r1_lattice3(A,B,C),l1_orders_2(A),m1_subset_1(C,u1_struct_0(A)),-r2_hidden(1^[C,B,A],B)]]
   Extension: 	[l1_orders_2(3^[]),[-l1_orders_2(3^[]),#]]
   Reduction: 	[#,- #]
   Extension: 	[m1_subset_1(4^[],u1_struct_0(3^[])),[-m1_subset_1(4^[],u1_struct_0(3^[])),#]]
   Reduction: 	[#,- #]
   Extension: 	[-r2_hidden(1^[4^[],k1_xboole_0,3^[]],k1_xboole_0),[r2_hidden(_,A),v1_xboole_0(A)]]
   Extension: 	[v1_xboole_0(k1_xboole_0),[-v1_xboole_0(k1_xboole_0)]]
Created leancop proof

FIRST PROOF FOUND AFTER 254 STEPS

Moving root from 0 to 11
Moving root from 11 to 17
195000 playouts remaining
Moving root from 17 to 19
Moving root from 19 to 22
Moving root from 22 to 60
190000 playouts remaining
Moving root from 60 to 61
Moving root from 61 to 78
185000 playouts remaining
Moving root from 78 to 89
Moving root from 89 to 90
Moving root from 90 to 244
180000 playouts remaining
Moving root from 244 to 245
Unable to move root from 245
175000 playouts remaining
Unable to move root from 245
Unable to move root from 245
Unable to move root from 245
170000 playouts remaining
Unable to move root from 245
Unable to move root from 245
165000 playouts remaining
Unable to move root from 245
Unable to move root from 245
Unable to move root from 245
160000 playouts remaining
Unable to move root from 245
Unable to move root from 245
155000 playouts remaining
Unable to move root from 245
Unable to move root from 245
Unable to move root from 245
150000 playouts remaining
Unable to move root from 245
Unable to move root from 245
145000 playouts remaining
Unable to move root from 245
Unable to move root from 245
Unable to move root from 245
140000 playouts remaining
Unable to move root from 245
Unable to move root from 245
135000 playouts remaining
Unable to move root from 245
Unable to move root from 245
Unable to move root from 245
130000 playouts remaining
Unable to move root from 245
Unable to move root from 245
125000 playouts remaining
Unable to move root from 245
Unable to move root from 245
Unable to move root from 245
120000 playouts remaining
Unable to move root from 245
Unable to move root from 245
115000 playouts remaining
Unable to move root from 245
Unable to move root from 245
Unable to move root from 245
110000 playouts remaining
Unable to move root from 245
Unable to move root from 245
105000 playouts remaining
Unable to move root from 245
Unable to move root from 245
Unable to move root from 245
100000 playouts remaining
Unable to move root from 245
Unable to move root from 245
95000 playouts remaining
Unable to move root from 245
Unable to move root from 245
Unable to move root from 245
90000 playouts remaining
Unable to move root from 245
Unable to move root from 245
85000 playouts remaining
Unable to move root from 245
Unable to move root from 245
Unable to move root from 245
80000 playouts remaining
Unable to move root from 245
Unable to move root from 245
75000 playouts remaining
Unable to move root from 245
Unable to move root from 245
Unable to move root from 245
70000 playouts remaining
Unable to move root from 245
Unable to move root from 245
65000 playouts remaining
Unable to move root from 245
Unable to move root from 245
Unable to move root from 245
60000 playouts remaining
Unable to move root from 245
Unable to move root from 245
55000 playouts remaining
Unable to move root from 245
Unable to move root from 245
Unable to move root from 245
50000 playouts remaining
Unable to move root from 245
Unable to move root from 245
45000 playouts remaining
Unable to move root from 245
Unable to move root from 245
Unable to move root from 245
40000 playouts remaining
Unable to move root from 245
Unable to move root from 245
35000 playouts remaining
Unable to move root from 245
Unable to move root from 245
Unable to move root from 245
30000 playouts remaining
Unable to move root from 245
Unable to move root from 245
25000 playouts remaining
Unable to move root from 245
Unable to move root from 245
Unable to move root from 245
20000 playouts remaining
Unable to move root from 245
Unable to move root from 245
15000 playouts remaining
Unable to move root from 245
Unable to move root from 245
Unable to move root from 245
10000 playouts remaining
Unable to move root from 245
Unable to move root from 245
5000 playouts remaining
Unable to move root from 245
Unable to move root from 245
Unable to move root from 245
Created 248 nodes
Performed 130458 inferences
Bigstep Nodes: 12, [0,11,17,19,22,60,61,78,89,90,244,245]
Training data collected
state([success],[],[],[],[],[ext([v1_xboole_0(k1_xboole_0),[-v1_xboole_0(k1_xboole_0)]]-[v1_xboole_0(k1_xboole_0),[-v1_xboole_0(k1_xboole_0)]]),ext([-r2_hidden(1^[4^[],k1_xboole_0,3^[]],k1_xboole_0),[r2_hidden(_222366,_222368),v1_xboole_0(_222368)]]-[-r2_hidden(1^[4^[],k1_xboole_0,3^[]],k1_xboole_0),[r2_hidden(1^[4^[],k1_xboole_0,3^[]],k1_xboole_0),v1_xboole_0(k1_xboole_0)]]),red([#,- #]-[#,- #]),ext([m1_subset_1(4^[],u1_struct_0(3^[])),[-m1_subset_1(4^[],u1_struct_0(3^[])),#]]-[m1_subset_1(4^[],u1_struct_0(3^[])),[-m1_subset_1(4^[],u1_struct_0(3^[])),#]]),red([#,- #]-[#,- #]),ext([l1_orders_2(3^[]),[-l1_orders_2(3^[]),#]]-[l1_orders_2(3^[]),[-l1_orders_2(3^[]),#]]),ext([r1_lattice3(3^[],k1_xboole_0,4^[]),[-r1_lattice3(_222444,_222446,_222448),l1_orders_2(_222444),m1_subset_1(_222448,u1_struct_0(_222444)),-r2_hidden(1^[_222448,_222446,_222444],_222446)]]-[r1_lattice3(3^[],k1_xboole_0,4^[]),[-r1_lattice3(3^[],k1_xboole_0,4^[]),l1_orders_2(3^[]),m1_subset_1(4^[],u1_struct_0(3^[])),-r2_hidden(1^[4^[],k1_xboole_0,3^[]],k1_xboole_0)]]),ext([v1_xboole_0(k1_xboole_0),[-v1_xboole_0(k1_xboole_0)]]-[v1_xboole_0(k1_xboole_0),[-v1_xboole_0(k1_xboole_0)]]),ext([-r2_hidden(2^[4^[],k1_xboole_0,3^[]],k1_xboole_0),[r2_hidden(_222558,_222560),v1_xboole_0(_222560)]]-[-r2_hidden(2^[4^[],k1_xboole_0,3^[]],k1_xboole_0),[r2_hidden(2^[4^[],k1_xboole_0,3^[]],k1_xboole_0),v1_xboole_0(k1_xboole_0)]]),red([#,- #]-[#,- #]),ext([m1_subset_1(4^[],u1_struct_0(3^[])),[-m1_subset_1(4^[],u1_struct_0(3^[])),#]]-[m1_subset_1(4^[],u1_struct_0(3^[])),[-m1_subset_1(4^[],u1_struct_0(3^[])),#]]),red([#,- #]-[#,- #]),ext([l1_orders_2(3^[]),[-l1_orders_2(3^[]),#]]-[l1_orders_2(3^[]),[-l1_orders_2(3^[]),#]]),ext([r2_lattice3(3^[],k1_xboole_0,4^[]),[-r2_lattice3(_222636,_222638,_222640),l1_orders_2(_222636),m1_subset_1(_222640,u1_struct_0(_222636)),-r2_hidden(2^[_222640,_222638,_222636],_222638)]]-[r2_lattice3(3^[],k1_xboole_0,4^[]),[-r2_lattice3(3^[],k1_xboole_0,4^[]),l1_orders_2(3^[]),m1_subset_1(4^[],u1_struct_0(3^[])),-r2_hidden(2^[4^[],k1_xboole_0,3^[]],k1_xboole_0)]]),ext([- #,[#,r2_lattice3(3^[],k1_xboole_0,4^[]),r1_lattice3(3^[],k1_xboole_0,4^[])]]-[- #,[#,r2_lattice3(3^[],k1_xboole_0,4^[]),r1_lattice3(3^[],k1_xboole_0,4^[])]]),init(-# - -#)],1)state([v1_xboole_0(k1_xboole_0)],[-r2_hidden(1^[4^[],k1_xboole_0,3^[]],k1_xboole_0),r1_lattice3(3^[],k1_xboole_0,4^[]),- #],[m1_subset_1(4^[],u1_struct_0(3^[])),l1_orders_2(3^[]),r2_lattice3(3^[],k1_xboole_0,4^[])],[ext(-v1_xboole_0(k1_xboole_0),[],g)],[],[ext([-r2_hidden(1^[4^[],k1_xboole_0,3^[]],k1_xboole_0),[r2_hidden(_222194,_222196),v1_xboole_0(_222196)]]-[-r2_hidden(1^[4^[],k1_xboole_0,3^[]],k1_xboole_0),[r2_hidden(1^[4^[],k1_xboole_0,3^[]],k1_xboole_0),v1_xboole_0(k1_xboole_0)]]),red([#,- #]-[#,- #]),ext([m1_subset_1(4^[],u1_struct_0(3^[])),[-m1_subset_1(4^[],u1_struct_0(3^[])),#]]-[m1_subset_1(4^[],u1_struct_0(3^[])),[-m1_subset_1(4^[],u1_struct_0(3^[])),#]]),red([#,- #]-[#,- #]),ext([l1_orders_2(3^[]),[-l1_orders_2(3^[]),#]]-[l1_orders_2(3^[]),[-l1_orders_2(3^[]),#]]),ext([r1_lattice3(3^[],k1_xboole_0,4^[]),[-r1_lattice3(_221876,_221878,_221880),l1_orders_2(_221876),m1_subset_1(_221880,u1_struct_0(_221876)),-r2_hidden(1^[_221880,_221878,_221876],_221878)]]-[r1_lattice3(3^[],k1_xboole_0,4^[]),[-r1_lattice3(3^[],k1_xboole_0,4^[]),l1_orders_2(3^[]),m1_subset_1(4^[],u1_struct_0(3^[])),-r2_hidden(1^[4^[],k1_xboole_0,3^[]],k1_xboole_0)]]),ext([v1_xboole_0(k1_xboole_0),[-v1_xboole_0(k1_xboole_0)]]-[v1_xboole_0(k1_xboole_0),[-v1_xboole_0(k1_xboole_0)]]),ext([-r2_hidden(2^[4^[],k1_xboole_0,3^[]],k1_xboole_0),[r2_hidden(_221990,_221992),v1_xboole_0(_221992)]]-[-r2_hidden(2^[4^[],k1_xboole_0,3^[]],k1_xboole_0),[r2_hidden(2^[4^[],k1_xboole_0,3^[]],k1_xboole_0),v1_xboole_0(k1_xboole_0)]]),red([#,- #]-[#,- #]),ext([m1_subset_1(4^[],u1_struct_0(3^[])),[-m1_subset_1(4^[],u1_struct_0(3^[])),#]]-[m1_subset_1(4^[],u1_struct_0(3^[])),[-m1_subset_1(4^[],u1_struct_0(3^[])),#]]),red([#,- #]-[#,- #]),ext([l1_orders_2(3^[]),[-l1_orders_2(3^[]),#]]-[l1_orders_2(3^[]),[-l1_orders_2(3^[]),#]]),ext([r2_lattice3(3^[],k1_xboole_0,4^[]),[-r2_lattice3(_222068,_222070,_222072),l1_orders_2(_222068),m1_subset_1(_222072,u1_struct_0(_222068)),-r2_hidden(2^[_222072,_222070,_222068],_222070)]]-[r2_lattice3(3^[],k1_xboole_0,4^[]),[-r2_lattice3(3^[],k1_xboole_0,4^[]),l1_orders_2(3^[]),m1_subset_1(4^[],u1_struct_0(3^[])),-r2_hidden(2^[4^[],k1_xboole_0,3^[]],k1_xboole_0)]]),ext([- #,[#,r2_lattice3(3^[],k1_xboole_0,4^[]),r1_lattice3(3^[],k1_xboole_0,4^[])]]-[- #,[#,r2_lattice3(3^[],k1_xboole_0,4^[]),r1_lattice3(3^[],k1_xboole_0,4^[])]]),init(-# - -#)],0)state([-r2_hidden(1^[4^[],k1_xboole_0,3^[]],k1_xboole_0)],[r1_lattice3(3^[],k1_xboole_0,4^[]),- #],[m1_subset_1(4^[],u1_struct_0(3^[])),l1_orders_2(3^[]),r2_lattice3(3^[],k1_xboole_0,4^[])],[ext(r2_hidden(_69070,_69072),[l1_orders_2(_69082),m1_subset_1(_69092,u1_struct_0(_69082)),r1_lattice3(_69082,_69072,_69092),m1_subset_1(_69070,u1_struct_0(_69082)),-r1_orders_2(_69082,_69092,_69070)],n),ext(r2_hidden(_69046,_69048),[v1_xboole_0(_69048)],n),ext(r2_hidden(_68958,_68960),[l1_orders_2(_68970),m1_subset_1(_68980,u1_struct_0(_68970)),r2_lattice3(_68970,_68960,_68980),m1_subset_1(_68958,u1_struct_0(_68970)),-r1_orders_2(_68970,_68958,_68980)],n)],[],[red([#,- #]-[#,- #]),ext([m1_subset_1(4^[],u1_struct_0(3^[])),[-m1_subset_1(4^[],u1_struct_0(3^[])),#]]-[m1_subset_1(4^[],u1_struct_0(3^[])),[-m1_subset_1(4^[],u1_struct_0(3^[])),#]]),red([#,- #]-[#,- #]),ext([l1_orders_2(3^[]),[-l1_orders_2(3^[]),#]]-[l1_orders_2(3^[]),[-l1_orders_2(3^[]),#]]),ext([r1_lattice3(3^[],k1_xboole_0,4^[]),[-r1_lattice3(_68596,_68598,_68600),l1_orders_2(_68596),m1_subset_1(_68600,u1_struct_0(_68596)),-r2_hidden(1^[_68600,_68598,_68596],_68598)]]-[r1_lattice3(3^[],k1_xboole_0,4^[]),[-r1_lattice3(3^[],k1_xboole_0,4^[]),l1_orders_2(3^[]),m1_subset_1(4^[],u1_struct_0(3^[])),-r2_hidden(1^[4^[],k1_xboole_0,3^[]],k1_xboole_0)]]),ext([v1_xboole_0(k1_xboole_0),[-v1_xboole_0(k1_xboole_0)]]-[v1_xboole_0(k1_xboole_0),[-v1_xboole_0(k1_xboole_0)]]),ext([-r2_hidden(2^[4^[],k1_xboole_0,3^[]],k1_xboole_0),[r2_hidden(_68710,_68712),v1_xboole_0(_68712)]]-[-r2_hidden(2^[4^[],k1_xboole_0,3^[]],k1_xboole_0),[r2_hidden(2^[4^[],k1_xboole_0,3^[]],k1_xboole_0),v1_xboole_0(k1_xboole_0)]]),red([#,- #]-[#,- #]),ext([m1_subset_1(4^[],u1_struct_0(3^[])),[-m1_subset_1(4^[],u1_struct_0(3^[])),#]]-[m1_subset_1(4^[],u1_struct_0(3^[])),[-m1_subset_1(4^[],u1_struct_0(3^[])),#]]),red([#,- #]-[#,- #]),ext([l1_orders_2(3^[]),[-l1_orders_2(3^[]),#]]-[l1_orders_2(3^[]),[-l1_orders_2(3^[]),#]]),ext([r2_lattice3(3^[],k1_xboole_0,4^[]),[-r2_lattice3(_68788,_68790,_68792),l1_orders_2(_68788),m1_subset_1(_68792,u1_struct_0(_68788)),-r2_hidden(2^[_68792,_68790,_68788],_68790)]]-[r2_lattice3(3^[],k1_xboole_0,4^[]),[-r2_lattice3(3^[],k1_xboole_0,4^[]),l1_orders_2(3^[]),m1_subset_1(4^[],u1_struct_0(3^[])),-r2_hidden(2^[4^[],k1_xboole_0,3^[]],k1_xboole_0)]]),ext([- #,[#,r2_lattice3(3^[],k1_xboole_0,4^[]),r1_lattice3(3^[],k1_xboole_0,4^[])]]-[- #,[#,r2_lattice3(3^[],k1_xboole_0,4^[]),r1_lattice3(3^[],k1_xboole_0,4^[])]]),init(-# - -#)],0)state([m1_subset_1(4^[],u1_struct_0(3^[])),-r2_hidden(1^[4^[],k1_xboole_0,3^[]],k1_xboole_0)],[r1_lattice3(3^[],k1_xboole_0,4^[]),- #],[l1_orders_2(3^[]),r2_lattice3(3^[],k1_xboole_0,4^[])],[ext(-m1_subset_1(4^[],u1_struct_0(3^[])),[#],g)],[],[red([#,- #]-[#,- #]),ext([l1_orders_2(3^[]),[-l1_orders_2(3^[]),#]]-[l1_orders_2(3^[]),[-l1_orders_2(3^[]),#]]),ext([r1_lattice3(3^[],k1_xboole_0,4^[]),[-r1_lattice3(_68114,_68116,_68118),l1_orders_2(_68114),m1_subset_1(_68118,u1_struct_0(_68114)),-r2_hidden(1^[_68118,_68116,_68114],_68116)]]-[r1_lattice3(3^[],k1_xboole_0,4^[]),[-r1_lattice3(3^[],k1_xboole_0,4^[]),l1_orders_2(3^[]),m1_subset_1(4^[],u1_struct_0(3^[])),-r2_hidden(1^[4^[],k1_xboole_0,3^[]],k1_xboole_0)]]),ext([v1_xboole_0(k1_xboole_0),[-v1_xboole_0(k1_xboole_0)]]-[v1_xboole_0(k1_xboole_0),[-v1_xboole_0(k1_xboole_0)]]),ext([-r2_hidden(2^[4^[],k1_xboole_0,3^[]],k1_xboole_0),[r2_hidden(_68228,_68230),v1_xboole_0(_68230)]]-[-r2_hidden(2^[4^[],k1_xboole_0,3^[]],k1_xboole_0),[r2_hidden(2^[4^[],k1_xboole_0,3^[]],k1_xboole_0),v1_xboole_0(k1_xboole_0)]]),red([#,- #]-[#,- #]),ext([m1_subset_1(4^[],u1_struct_0(3^[])),[-m1_subset_1(4^[],u1_struct_0(3^[])),#]]-[m1_subset_1(4^[],u1_struct_0(3^[])),[-m1_subset_1(4^[],u1_struct_0(3^[])),#]]),red([#,- #]-[#,- #]),ext([l1_orders_2(3^[]),[-l1_orders_2(3^[]),#]]-[l1_orders_2(3^[]),[-l1_orders_2(3^[]),#]]),ext([r2_lattice3(3^[],k1_xboole_0,4^[]),[-r2_lattice3(_68306,_68308,_68310),l1_orders_2(_68306),m1_subset_1(_68310,u1_struct_0(_68306)),-r2_hidden(2^[_68310,_68308,_68306],_68308)]]-[r2_lattice3(3^[],k1_xboole_0,4^[]),[-r2_lattice3(3^[],k1_xboole_0,4^[]),l1_orders_2(3^[]),m1_subset_1(4^[],u1_struct_0(3^[])),-r2_hidden(2^[4^[],k1_xboole_0,3^[]],k1_xboole_0)]]),ext([- #,[#,r2_lattice3(3^[],k1_xboole_0,4^[]),r1_lattice3(3^[],k1_xboole_0,4^[])]]-[- #,[#,r2_lattice3(3^[],k1_xboole_0,4^[]),r1_lattice3(3^[],k1_xboole_0,4^[])]]),init(-# - -#)],0)state([l1_orders_2(3^[]),m1_subset_1(4^[],u1_struct_0(3^[])),-r2_hidden(1^[4^[],k1_xboole_0,3^[]],k1_xboole_0)],[r1_lattice3(3^[],k1_xboole_0,4^[]),- #],[r2_lattice3(3^[],k1_xboole_0,4^[])],[ext(-l1_orders_2(3^[]),[#],g)],[],[ext([r1_lattice3(3^[],k1_xboole_0,4^[]),[-r1_lattice3(_60292,_60294,_60296),l1_orders_2(_60292),m1_subset_1(_60296,u1_struct_0(_60292)),-r2_hidden(1^[_60296,_60294,_60292],_60294)]]-[r1_lattice3(3^[],k1_xboole_0,4^[]),[-r1_lattice3(3^[],k1_xboole_0,4^[]),l1_orders_2(3^[]),m1_subset_1(4^[],u1_struct_0(3^[])),-r2_hidden(1^[4^[],k1_xboole_0,3^[]],k1_xboole_0)]]),ext([v1_xboole_0(k1_xboole_0),[-v1_xboole_0(k1_xboole_0)]]-[v1_xboole_0(k1_xboole_0),[-v1_xboole_0(k1_xboole_0)]]),ext([-r2_hidden(2^[4^[],k1_xboole_0,3^[]],k1_xboole_0),[r2_hidden(_60084,_60086),v1_xboole_0(_60086)]]-[-r2_hidden(2^[4^[],k1_xboole_0,3^[]],k1_xboole_0),[r2_hidden(2^[4^[],k1_xboole_0,3^[]],k1_xboole_0),v1_xboole_0(k1_xboole_0)]]),red([#,- #]-[#,- #]),ext([m1_subset_1(4^[],u1_struct_0(3^[])),[-m1_subset_1(4^[],u1_struct_0(3^[])),#]]-[m1_subset_1(4^[],u1_struct_0(3^[])),[-m1_subset_1(4^[],u1_struct_0(3^[])),#]]),red([#,- #]-[#,- #]),ext([l1_orders_2(3^[]),[-l1_orders_2(3^[]),#]]-[l1_orders_2(3^[]),[-l1_orders_2(3^[]),#]]),ext([r2_lattice3(3^[],k1_xboole_0,4^[]),[-r2_lattice3(_60162,_60164,_60166),l1_orders_2(_60162),m1_subset_1(_60166,u1_struct_0(_60162)),-r2_hidden(2^[_60166,_60164,_60162],_60164)]]-[r2_lattice3(3^[],k1_xboole_0,4^[]),[-r2_lattice3(3^[],k1_xboole_0,4^[]),l1_orders_2(3^[]),m1_subset_1(4^[],u1_struct_0(3^[])),-r2_hidden(2^[4^[],k1_xboole_0,3^[]],k1_xboole_0)]]),ext([- #,[#,r2_lattice3(3^[],k1_xboole_0,4^[]),r1_lattice3(3^[],k1_xboole_0,4^[])]]-[- #,[#,r2_lattice3(3^[],k1_xboole_0,4^[]),r1_lattice3(3^[],k1_xboole_0,4^[])]]),init(-# - -#)],0)state([r1_lattice3(3^[],k1_xboole_0,4^[])],[- #],[r2_lattice3(3^[],k1_xboole_0,4^[])],[ext(-r1_lattice3(_45184,_45186,_45188),[l1_orders_2(_45184),m1_subset_1(_45188,u1_struct_0(_45184)),-m1_subset_1(1^[_45188,_45186,_45184],u1_struct_0(_45184))],n),ext(-r1_lattice3(_45098,_45100,_45102),[l1_orders_2(_45098),m1_subset_1(_45102,u1_struct_0(_45098)),-r2_hidden(1^[_45102,_45100,_45098],_45100)],n),ext(-r1_lattice3(_45014,_45016,_45018),[l1_orders_2(_45014),m1_subset_1(_45018,u1_struct_0(_45014)),r1_orders_2(_45014,_45018,1^[_45018,_45016,_45014])],n)],[],[ext([v1_xboole_0(k1_xboole_0),[-v1_xboole_0(k1_xboole_0)]]-[v1_xboole_0(k1_xboole_0),[-v1_xboole_0(k1_xboole_0)]]),ext([-r2_hidden(2^[4^[],k1_xboole_0,3^[]],k1_xboole_0),[r2_hidden(_44800,_44802),v1_xboole_0(_44802)]]-[-r2_hidden(2^[4^[],k1_xboole_0,3^[]],k1_xboole_0),[r2_hidden(2^[4^[],k1_xboole_0,3^[]],k1_xboole_0),v1_xboole_0(k1_xboole_0)]]),red([#,- #]-[#,- #]),ext([m1_subset_1(4^[],u1_struct_0(3^[])),[-m1_subset_1(4^[],u1_struct_0(3^[])),#]]-[m1_subset_1(4^[],u1_struct_0(3^[])),[-m1_subset_1(4^[],u1_struct_0(3^[])),#]]),red([#,- #]-[#,- #]),ext([l1_orders_2(3^[]),[-l1_orders_2(3^[]),#]]-[l1_orders_2(3^[]),[-l1_orders_2(3^[]),#]]),ext([r2_lattice3(3^[],k1_xboole_0,4^[]),[-r2_lattice3(_44878,_44880,_44882),l1_orders_2(_44878),m1_subset_1(_44882,u1_struct_0(_44878)),-r2_hidden(2^[_44882,_44880,_44878],_44880)]]-[r2_lattice3(3^[],k1_xboole_0,4^[]),[-r2_lattice3(3^[],k1_xboole_0,4^[]),l1_orders_2(3^[]),m1_subset_1(4^[],u1_struct_0(3^[])),-r2_hidden(2^[4^[],k1_xboole_0,3^[]],k1_xboole_0)]]),ext([- #,[#,r2_lattice3(3^[],k1_xboole_0,4^[]),r1_lattice3(3^[],k1_xboole_0,4^[])]]-[- #,[#,r2_lattice3(3^[],k1_xboole_0,4^[]),r1_lattice3(3^[],k1_xboole_0,4^[])]]),init(-# - -#)],0)state([v1_xboole_0(k1_xboole_0)],[-r2_hidden(2^[4^[],k1_xboole_0,3^[]],k1_xboole_0),r2_lattice3(3^[],k1_xboole_0,4^[]),- #],[m1_subset_1(4^[],u1_struct_0(3^[])),l1_orders_2(3^[])],[ext(-v1_xboole_0(k1_xboole_0),[],g)],[[[r1_lattice3(3^[],k1_xboole_0,4^[])],[- #],[r2_lattice3(3^[],k1_xboole_0,4^[])]]],[ext([-r2_hidden(2^[4^[],k1_xboole_0,3^[]],k1_xboole_0),[r2_hidden(_44674,_44676),v1_xboole_0(_44676)]]-[-r2_hidden(2^[4^[],k1_xboole_0,3^[]],k1_xboole_0),[r2_hidden(2^[4^[],k1_xboole_0,3^[]],k1_xboole_0),v1_xboole_0(k1_xboole_0)]]),red([#,- #]-[#,- #]),ext([m1_subset_1(4^[],u1_struct_0(3^[])),[-m1_subset_1(4^[],u1_struct_0(3^[])),#]]-[m1_subset_1(4^[],u1_struct_0(3^[])),[-m1_subset_1(4^[],u1_struct_0(3^[])),#]]),red([#,- #]-[#,- #]),ext([l1_orders_2(3^[]),[-l1_orders_2(3^[]),#]]-[l1_orders_2(3^[]),[-l1_orders_2(3^[]),#]]),ext([r2_lattice3(3^[],k1_xboole_0,4^[]),[-r2_lattice3(_44548,_44550,_44552),l1_orders_2(_44548),m1_subset_1(_44552,u1_struct_0(_44548)),-r2_hidden(2^[_44552,_44550,_44548],_44550)]]-[r2_lattice3(3^[],k1_xboole_0,4^[]),[-r2_lattice3(3^[],k1_xboole_0,4^[]),l1_orders_2(3^[]),m1_subset_1(4^[],u1_struct_0(3^[])),-r2_hidden(2^[4^[],k1_xboole_0,3^[]],k1_xboole_0)]]),ext([- #,[#,r2_lattice3(3^[],k1_xboole_0,4^[]),r1_lattice3(3^[],k1_xboole_0,4^[])]]-[- #,[#,r2_lattice3(3^[],k1_xboole_0,4^[]),r1_lattice3(3^[],k1_xboole_0,4^[])]]),init(-# - -#)],0)state([-r2_hidden(2^[4^[],k1_xboole_0,3^[]],k1_xboole_0)],[r2_lattice3(3^[],k1_xboole_0,4^[]),- #],[m1_subset_1(4^[],u1_struct_0(3^[])),l1_orders_2(3^[])],[ext(r2_hidden(_16672,_16674),[l1_orders_2(_16684),m1_subset_1(_16694,u1_struct_0(_16684)),r1_lattice3(_16684,_16674,_16694),m1_subset_1(_16672,u1_struct_0(_16684)),-r1_orders_2(_16684,_16694,_16672)],n),ext(r2_hidden(_16648,_16650),[v1_xboole_0(_16650)],n),ext(r2_hidden(_16560,_16562),[l1_orders_2(_16572),m1_subset_1(_16582,u1_struct_0(_16572)),r2_lattice3(_16572,_16562,_16582),m1_subset_1(_16560,u1_struct_0(_16572)),-r1_orders_2(_16572,_16560,_16582)],n)],[[[r1_lattice3(3^[],k1_xboole_0,4^[])],[- #],[r2_lattice3(3^[],k1_xboole_0,4^[])]]],[red([#,- #]-[#,- #]),ext([m1_subset_1(4^[],u1_struct_0(3^[])),[-m1_subset_1(4^[],u1_struct_0(3^[])),#]]-[m1_subset_1(4^[],u1_struct_0(3^[])),[-m1_subset_1(4^[],u1_struct_0(3^[])),#]]),red([#,- #]-[#,- #]),ext([l1_orders_2(3^[]),[-l1_orders_2(3^[]),#]]-[l1_orders_2(3^[]),[-l1_orders_2(3^[]),#]]),ext([r2_lattice3(3^[],k1_xboole_0,4^[]),[-r2_lattice3(_16390,_16392,_16394),l1_orders_2(_16390),m1_subset_1(_16394,u1_struct_0(_16390)),-r2_hidden(2^[_16394,_16392,_16390],_16392)]]-[r2_lattice3(3^[],k1_xboole_0,4^[]),[-r2_lattice3(3^[],k1_xboole_0,4^[]),l1_orders_2(3^[]),m1_subset_1(4^[],u1_struct_0(3^[])),-r2_hidden(2^[4^[],k1_xboole_0,3^[]],k1_xboole_0)]]),ext([- #,[#,r2_lattice3(3^[],k1_xboole_0,4^[]),r1_lattice3(3^[],k1_xboole_0,4^[])]]-[- #,[#,r2_lattice3(3^[],k1_xboole_0,4^[]),r1_lattice3(3^[],k1_xboole_0,4^[])]]),init(-# - -#)],0)state([m1_subset_1(4^[],u1_struct_0(3^[])),-r2_hidden(2^[4^[],k1_xboole_0,3^[]],k1_xboole_0)],[r2_lattice3(3^[],k1_xboole_0,4^[]),- #],[l1_orders_2(3^[])],[ext(-m1_subset_1(4^[],u1_struct_0(3^[])),[#],g)],[[[r1_lattice3(3^[],k1_xboole_0,4^[])],[- #],[r2_lattice3(3^[],k1_xboole_0,4^[])]]],[red([#,- #]-[#,- #]),ext([l1_orders_2(3^[]),[-l1_orders_2(3^[]),#]]-[l1_orders_2(3^[]),[-l1_orders_2(3^[]),#]]),ext([r2_lattice3(3^[],k1_xboole_0,4^[]),[-r2_lattice3(_14798,_14800,_14802),l1_orders_2(_14798),m1_subset_1(_14802,u1_struct_0(_14798)),-r2_hidden(2^[_14802,_14800,_14798],_14800)]]-[r2_lattice3(3^[],k1_xboole_0,4^[]),[-r2_lattice3(3^[],k1_xboole_0,4^[]),l1_orders_2(3^[]),m1_subset_1(4^[],u1_struct_0(3^[])),-r2_hidden(2^[4^[],k1_xboole_0,3^[]],k1_xboole_0)]]),ext([- #,[#,r2_lattice3(3^[],k1_xboole_0,4^[]),r1_lattice3(3^[],k1_xboole_0,4^[])]]-[- #,[#,r2_lattice3(3^[],k1_xboole_0,4^[]),r1_lattice3(3^[],k1_xboole_0,4^[])]]),init(-# - -#)],0)state([l1_orders_2(3^[]),m1_subset_1(4^[],u1_struct_0(3^[])),-r2_hidden(2^[4^[],k1_xboole_0,3^[]],k1_xboole_0)],[r2_lattice3(3^[],k1_xboole_0,4^[]),- #],[],[ext(-l1_orders_2(3^[]),[#],g)],[[[r1_lattice3(3^[],k1_xboole_0,4^[])],[- #],[r2_lattice3(3^[],k1_xboole_0,4^[])]]],[ext([r2_lattice3(3^[],k1_xboole_0,4^[]),[-r2_lattice3(_13764,_13766,_13768),l1_orders_2(_13764),m1_subset_1(_13768,u1_struct_0(_13764)),-r2_hidden(2^[_13768,_13766,_13764],_13766)]]-[r2_lattice3(3^[],k1_xboole_0,4^[]),[-r2_lattice3(3^[],k1_xboole_0,4^[]),l1_orders_2(3^[]),m1_subset_1(4^[],u1_struct_0(3^[])),-r2_hidden(2^[4^[],k1_xboole_0,3^[]],k1_xboole_0)]]),ext([- #,[#,r2_lattice3(3^[],k1_xboole_0,4^[]),r1_lattice3(3^[],k1_xboole_0,4^[])]]-[- #,[#,r2_lattice3(3^[],k1_xboole_0,4^[]),r1_lattice3(3^[],k1_xboole_0,4^[])]]),init(-# - -#)],0)state([r2_lattice3(3^[],k1_xboole_0,4^[]),r1_lattice3(3^[],k1_xboole_0,4^[])],[- #],[],[ext(-r2_lattice3(_9366,_9368,_9370),[l1_orders_2(_9366),m1_subset_1(_9370,u1_struct_0(_9366)),-m1_subset_1(2^[_9370,_9368,_9366],u1_struct_0(_9366))],n),ext(-r2_lattice3(_9280,_9282,_9284),[l1_orders_2(_9280),m1_subset_1(_9284,u1_struct_0(_9280)),-r2_hidden(2^[_9284,_9282,_9280],_9282)],n),ext(-r2_lattice3(_9196,_9198,_9200),[l1_orders_2(_9196),m1_subset_1(_9200,u1_struct_0(_9196)),r1_orders_2(_9196,2^[_9200,_9198,_9196],_9200)],n)],[],[ext([- #,[#,r2_lattice3(3^[],k1_xboole_0,4^[]),r1_lattice3(3^[],k1_xboole_0,4^[])]]-[- #,[#,r2_lattice3(3^[],k1_xboole_0,4^[]),r1_lattice3(3^[],k1_xboole_0,4^[])]]),init(-# - -#)],0)state([- #],[],[],[ext(#,[-l1_orders_2(3^[])],g),ext(#,[-m1_subset_1(4^[],u1_struct_0(3^[]))],g),ext(#,[r2_lattice3(3^[],k1_xboole_0,4^[]),r1_lattice3(3^[],k1_xboole_0,4^[])],g)],[],[init(-# - -#)],0)Value data saved
state([v1_xboole_0(k1_xboole_0)],[-r2_hidden(1^[4^[],k1_xboole_0,3^[]],k1_xboole_0),r1_lattice3(3^[],k1_xboole_0,4^[]),- #],[m1_subset_1(4^[],u1_struct_0(3^[])),l1_orders_2(3^[]),r2_lattice3(3^[],k1_xboole_0,4^[])],[ext(-v1_xboole_0(k1_xboole_0),[],g)],[],[ext([-r2_hidden(1^[4^[],k1_xboole_0,3^[]],k1_xboole_0),[r2_hidden(_222194,_222196),v1_xboole_0(_222196)]]-[-r2_hidden(1^[4^[],k1_xboole_0,3^[]],k1_xboole_0),[r2_hidden(1^[4^[],k1_xboole_0,3^[]],k1_xboole_0),v1_xboole_0(k1_xboole_0)]]),red([#,- #]-[#,- #]),ext([m1_subset_1(4^[],u1_struct_0(3^[])),[-m1_subset_1(4^[],u1_struct_0(3^[])),#]]-[m1_subset_1(4^[],u1_struct_0(3^[])),[-m1_subset_1(4^[],u1_struct_0(3^[])),#]]),red([#,- #]-[#,- #]),ext([l1_orders_2(3^[]),[-l1_orders_2(3^[]),#]]-[l1_orders_2(3^[]),[-l1_orders_2(3^[]),#]]),ext([r1_lattice3(3^[],k1_xboole_0,4^[]),[-r1_lattice3(_221876,_221878,_221880),l1_orders_2(_221876),m1_subset_1(_221880,u1_struct_0(_221876)),-r2_hidden(1^[_221880,_221878,_221876],_221878)]]-[r1_lattice3(3^[],k1_xboole_0,4^[]),[-r1_lattice3(3^[],k1_xboole_0,4^[]),l1_orders_2(3^[]),m1_subset_1(4^[],u1_struct_0(3^[])),-r2_hidden(1^[4^[],k1_xboole_0,3^[]],k1_xboole_0)]]),ext([v1_xboole_0(k1_xboole_0),[-v1_xboole_0(k1_xboole_0)]]-[v1_xboole_0(k1_xboole_0),[-v1_xboole_0(k1_xboole_0)]]),ext([-r2_hidden(2^[4^[],k1_xboole_0,3^[]],k1_xboole_0),[r2_hidden(_221990,_221992),v1_xboole_0(_221992)]]-[-r2_hidden(2^[4^[],k1_xboole_0,3^[]],k1_xboole_0),[r2_hidden(2^[4^[],k1_xboole_0,3^[]],k1_xboole_0),v1_xboole_0(k1_xboole_0)]]),red([#,- #]-[#,- #]),ext([m1_subset_1(4^[],u1_struct_0(3^[])),[-m1_subset_1(4^[],u1_struct_0(3^[])),#]]-[m1_subset_1(4^[],u1_struct_0(3^[])),[-m1_subset_1(4^[],u1_struct_0(3^[])),#]]),red([#,- #]-[#,- #]),ext([l1_orders_2(3^[]),[-l1_orders_2(3^[]),#]]-[l1_orders_2(3^[]),[-l1_orders_2(3^[]),#]]),ext([r2_lattice3(3^[],k1_xboole_0,4^[]),[-r2_lattice3(_222068,_222070,_222072),l1_orders_2(_222068),m1_subset_1(_222072,u1_struct_0(_222068)),-r2_hidden(2^[_222072,_222070,_222068],_222070)]]-[r2_lattice3(3^[],k1_xboole_0,4^[]),[-r2_lattice3(3^[],k1_xboole_0,4^[]),l1_orders_2(3^[]),m1_subset_1(4^[],u1_struct_0(3^[])),-r2_hidden(2^[4^[],k1_xboole_0,3^[]],k1_xboole_0)]]),ext([- #,[#,r2_lattice3(3^[],k1_xboole_0,4^[]),r1_lattice3(3^[],k1_xboole_0,4^[])]]-[- #,[#,r2_lattice3(3^[],k1_xboole_0,4^[]),r1_lattice3(3^[],k1_xboole_0,4^[])]]),init(-# - -#)],0)state([-r2_hidden(1^[4^[],k1_xboole_0,3^[]],k1_xboole_0)],[r1_lattice3(3^[],k1_xboole_0,4^[]),- #],[m1_subset_1(4^[],u1_struct_0(3^[])),l1_orders_2(3^[]),r2_lattice3(3^[],k1_xboole_0,4^[])],[ext(r2_hidden(_69070,_69072),[l1_orders_2(_69082),m1_subset_1(_69092,u1_struct_0(_69082)),r1_lattice3(_69082,_69072,_69092),m1_subset_1(_69070,u1_struct_0(_69082)),-r1_orders_2(_69082,_69092,_69070)],n),ext(r2_hidden(_69046,_69048),[v1_xboole_0(_69048)],n),ext(r2_hidden(_68958,_68960),[l1_orders_2(_68970),m1_subset_1(_68980,u1_struct_0(_68970)),r2_lattice3(_68970,_68960,_68980),m1_subset_1(_68958,u1_struct_0(_68970)),-r1_orders_2(_68970,_68958,_68980)],n)],[],[red([#,- #]-[#,- #]),ext([m1_subset_1(4^[],u1_struct_0(3^[])),[-m1_subset_1(4^[],u1_struct_0(3^[])),#]]-[m1_subset_1(4^[],u1_struct_0(3^[])),[-m1_subset_1(4^[],u1_struct_0(3^[])),#]]),red([#,- #]-[#,- #]),ext([l1_orders_2(3^[]),[-l1_orders_2(3^[]),#]]-[l1_orders_2(3^[]),[-l1_orders_2(3^[]),#]]),ext([r1_lattice3(3^[],k1_xboole_0,4^[]),[-r1_lattice3(_68596,_68598,_68600),l1_orders_2(_68596),m1_subset_1(_68600,u1_struct_0(_68596)),-r2_hidden(1^[_68600,_68598,_68596],_68598)]]-[r1_lattice3(3^[],k1_xboole_0,4^[]),[-r1_lattice3(3^[],k1_xboole_0,4^[]),l1_orders_2(3^[]),m1_subset_1(4^[],u1_struct_0(3^[])),-r2_hidden(1^[4^[],k1_xboole_0,3^[]],k1_xboole_0)]]),ext([v1_xboole_0(k1_xboole_0),[-v1_xboole_0(k1_xboole_0)]]-[v1_xboole_0(k1_xboole_0),[-v1_xboole_0(k1_xboole_0)]]),ext([-r2_hidden(2^[4^[],k1_xboole_0,3^[]],k1_xboole_0),[r2_hidden(_68710,_68712),v1_xboole_0(_68712)]]-[-r2_hidden(2^[4^[],k1_xboole_0,3^[]],k1_xboole_0),[r2_hidden(2^[4^[],k1_xboole_0,3^[]],k1_xboole_0),v1_xboole_0(k1_xboole_0)]]),red([#,- #]-[#,- #]),ext([m1_subset_1(4^[],u1_struct_0(3^[])),[-m1_subset_1(4^[],u1_struct_0(3^[])),#]]-[m1_subset_1(4^[],u1_struct_0(3^[])),[-m1_subset_1(4^[],u1_struct_0(3^[])),#]]),red([#,- #]-[#,- #]),ext([l1_orders_2(3^[]),[-l1_orders_2(3^[]),#]]-[l1_orders_2(3^[]),[-l1_orders_2(3^[]),#]]),ext([r2_lattice3(3^[],k1_xboole_0,4^[]),[-r2_lattice3(_68788,_68790,_68792),l1_orders_2(_68788),m1_subset_1(_68792,u1_struct_0(_68788)),-r2_hidden(2^[_68792,_68790,_68788],_68790)]]-[r2_lattice3(3^[],k1_xboole_0,4^[]),[-r2_lattice3(3^[],k1_xboole_0,4^[]),l1_orders_2(3^[]),m1_subset_1(4^[],u1_struct_0(3^[])),-r2_hidden(2^[4^[],k1_xboole_0,3^[]],k1_xboole_0)]]),ext([- #,[#,r2_lattice3(3^[],k1_xboole_0,4^[]),r1_lattice3(3^[],k1_xboole_0,4^[])]]-[- #,[#,r2_lattice3(3^[],k1_xboole_0,4^[]),r1_lattice3(3^[],k1_xboole_0,4^[])]]),init(-# - -#)],0)state([-r2_hidden(1^[4^[],k1_xboole_0,3^[]],k1_xboole_0)],[r1_lattice3(3^[],k1_xboole_0,4^[]),- #],[m1_subset_1(4^[],u1_struct_0(3^[])),l1_orders_2(3^[]),r2_lattice3(3^[],k1_xboole_0,4^[])],[ext(r2_hidden(_69070,_69072),[l1_orders_2(_69082),m1_subset_1(_69092,u1_struct_0(_69082)),r1_lattice3(_69082,_69072,_69092),m1_subset_1(_69070,u1_struct_0(_69082)),-r1_orders_2(_69082,_69092,_69070)],n),ext(r2_hidden(_69046,_69048),[v1_xboole_0(_69048)],n),ext(r2_hidden(_68958,_68960),[l1_orders_2(_68970),m1_subset_1(_68980,u1_struct_0(_68970)),r2_lattice3(_68970,_68960,_68980),m1_subset_1(_68958,u1_struct_0(_68970)),-r1_orders_2(_68970,_68958,_68980)],n)],[],[red([#,- #]-[#,- #]),ext([m1_subset_1(4^[],u1_struct_0(3^[])),[-m1_subset_1(4^[],u1_struct_0(3^[])),#]]-[m1_subset_1(4^[],u1_struct_0(3^[])),[-m1_subset_1(4^[],u1_struct_0(3^[])),#]]),red([#,- #]-[#,- #]),ext([l1_orders_2(3^[]),[-l1_orders_2(3^[]),#]]-[l1_orders_2(3^[]),[-l1_orders_2(3^[]),#]]),ext([r1_lattice3(3^[],k1_xboole_0,4^[]),[-r1_lattice3(_68596,_68598,_68600),l1_orders_2(_68596),m1_subset_1(_68600,u1_struct_0(_68596)),-r2_hidden(1^[_68600,_68598,_68596],_68598)]]-[r1_lattice3(3^[],k1_xboole_0,4^[]),[-r1_lattice3(3^[],k1_xboole_0,4^[]),l1_orders_2(3^[]),m1_subset_1(4^[],u1_struct_0(3^[])),-r2_hidden(1^[4^[],k1_xboole_0,3^[]],k1_xboole_0)]]),ext([v1_xboole_0(k1_xboole_0),[-v1_xboole_0(k1_xboole_0)]]-[v1_xboole_0(k1_xboole_0),[-v1_xboole_0(k1_xboole_0)]]),ext([-r2_hidden(2^[4^[],k1_xboole_0,3^[]],k1_xboole_0),[r2_hidden(_68710,_68712),v1_xboole_0(_68712)]]-[-r2_hidden(2^[4^[],k1_xboole_0,3^[]],k1_xboole_0),[r2_hidden(2^[4^[],k1_xboole_0,3^[]],k1_xboole_0),v1_xboole_0(k1_xboole_0)]]),red([#,- #]-[#,- #]),ext([m1_subset_1(4^[],u1_struct_0(3^[])),[-m1_subset_1(4^[],u1_struct_0(3^[])),#]]-[m1_subset_1(4^[],u1_struct_0(3^[])),[-m1_subset_1(4^[],u1_struct_0(3^[])),#]]),red([#,- #]-[#,- #]),ext([l1_orders_2(3^[]),[-l1_orders_2(3^[]),#]]-[l1_orders_2(3^[]),[-l1_orders_2(3^[]),#]]),ext([r2_lattice3(3^[],k1_xboole_0,4^[]),[-r2_lattice3(_68788,_68790,_68792),l1_orders_2(_68788),m1_subset_1(_68792,u1_struct_0(_68788)),-r2_hidden(2^[_68792,_68790,_68788],_68790)]]-[r2_lattice3(3^[],k1_xboole_0,4^[]),[-r2_lattice3(3^[],k1_xboole_0,4^[]),l1_orders_2(3^[]),m1_subset_1(4^[],u1_struct_0(3^[])),-r2_hidden(2^[4^[],k1_xboole_0,3^[]],k1_xboole_0)]]),ext([- #,[#,r2_lattice3(3^[],k1_xboole_0,4^[]),r1_lattice3(3^[],k1_xboole_0,4^[])]]-[- #,[#,r2_lattice3(3^[],k1_xboole_0,4^[]),r1_lattice3(3^[],k1_xboole_0,4^[])]]),init(-# - -#)],0)state([-r2_hidden(1^[4^[],k1_xboole_0,3^[]],k1_xboole_0)],[r1_lattice3(3^[],k1_xboole_0,4^[]),- #],[m1_subset_1(4^[],u1_struct_0(3^[])),l1_orders_2(3^[]),r2_lattice3(3^[],k1_xboole_0,4^[])],[ext(r2_hidden(_69070,_69072),[l1_orders_2(_69082),m1_subset_1(_69092,u1_struct_0(_69082)),r1_lattice3(_69082,_69072,_69092),m1_subset_1(_69070,u1_struct_0(_69082)),-r1_orders_2(_69082,_69092,_69070)],n),ext(r2_hidden(_69046,_69048),[v1_xboole_0(_69048)],n),ext(r2_hidden(_68958,_68960),[l1_orders_2(_68970),m1_subset_1(_68980,u1_struct_0(_68970)),r2_lattice3(_68970,_68960,_68980),m1_subset_1(_68958,u1_struct_0(_68970)),-r1_orders_2(_68970,_68958,_68980)],n)],[],[red([#,- #]-[#,- #]),ext([m1_subset_1(4^[],u1_struct_0(3^[])),[-m1_subset_1(4^[],u1_struct_0(3^[])),#]]-[m1_subset_1(4^[],u1_struct_0(3^[])),[-m1_subset_1(4^[],u1_struct_0(3^[])),#]]),red([#,- #]-[#,- #]),ext([l1_orders_2(3^[]),[-l1_orders_2(3^[]),#]]-[l1_orders_2(3^[]),[-l1_orders_2(3^[]),#]]),ext([r1_lattice3(3^[],k1_xboole_0,4^[]),[-r1_lattice3(_68596,_68598,_68600),l1_orders_2(_68596),m1_subset_1(_68600,u1_struct_0(_68596)),-r2_hidden(1^[_68600,_68598,_68596],_68598)]]-[r1_lattice3(3^[],k1_xboole_0,4^[]),[-r1_lattice3(3^[],k1_xboole_0,4^[]),l1_orders_2(3^[]),m1_subset_1(4^[],u1_struct_0(3^[])),-r2_hidden(1^[4^[],k1_xboole_0,3^[]],k1_xboole_0)]]),ext([v1_xboole_0(k1_xboole_0),[-v1_xboole_0(k1_xboole_0)]]-[v1_xboole_0(k1_xboole_0),[-v1_xboole_0(k1_xboole_0)]]),ext([-r2_hidden(2^[4^[],k1_xboole_0,3^[]],k1_xboole_0),[r2_hidden(_68710,_68712),v1_xboole_0(_68712)]]-[-r2_hidden(2^[4^[],k1_xboole_0,3^[]],k1_xboole_0),[r2_hidden(2^[4^[],k1_xboole_0,3^[]],k1_xboole_0),v1_xboole_0(k1_xboole_0)]]),red([#,- #]-[#,- #]),ext([m1_subset_1(4^[],u1_struct_0(3^[])),[-m1_subset_1(4^[],u1_struct_0(3^[])),#]]-[m1_subset_1(4^[],u1_struct_0(3^[])),[-m1_subset_1(4^[],u1_struct_0(3^[])),#]]),red([#,- #]-[#,- #]),ext([l1_orders_2(3^[]),[-l1_orders_2(3^[]),#]]-[l1_orders_2(3^[]),[-l1_orders_2(3^[]),#]]),ext([r2_lattice3(3^[],k1_xboole_0,4^[]),[-r2_lattice3(_68788,_68790,_68792),l1_orders_2(_68788),m1_subset_1(_68792,u1_struct_0(_68788)),-r2_hidden(2^[_68792,_68790,_68788],_68790)]]-[r2_lattice3(3^[],k1_xboole_0,4^[]),[-r2_lattice3(3^[],k1_xboole_0,4^[]),l1_orders_2(3^[]),m1_subset_1(4^[],u1_struct_0(3^[])),-r2_hidden(2^[4^[],k1_xboole_0,3^[]],k1_xboole_0)]]),ext([- #,[#,r2_lattice3(3^[],k1_xboole_0,4^[]),r1_lattice3(3^[],k1_xboole_0,4^[])]]-[- #,[#,r2_lattice3(3^[],k1_xboole_0,4^[]),r1_lattice3(3^[],k1_xboole_0,4^[])]]),init(-# - -#)],0)state([m1_subset_1(4^[],u1_struct_0(3^[])),-r2_hidden(1^[4^[],k1_xboole_0,3^[]],k1_xboole_0)],[r1_lattice3(3^[],k1_xboole_0,4^[]),- #],[l1_orders_2(3^[]),r2_lattice3(3^[],k1_xboole_0,4^[])],[ext(-m1_subset_1(4^[],u1_struct_0(3^[])),[#],g)],[],[red([#,- #]-[#,- #]),ext([l1_orders_2(3^[]),[-l1_orders_2(3^[]),#]]-[l1_orders_2(3^[]),[-l1_orders_2(3^[]),#]]),ext([r1_lattice3(3^[],k1_xboole_0,4^[]),[-r1_lattice3(_68114,_68116,_68118),l1_orders_2(_68114),m1_subset_1(_68118,u1_struct_0(_68114)),-r2_hidden(1^[_68118,_68116,_68114],_68116)]]-[r1_lattice3(3^[],k1_xboole_0,4^[]),[-r1_lattice3(3^[],k1_xboole_0,4^[]),l1_orders_2(3^[]),m1_subset_1(4^[],u1_struct_0(3^[])),-r2_hidden(1^[4^[],k1_xboole_0,3^[]],k1_xboole_0)]]),ext([v1_xboole_0(k1_xboole_0),[-v1_xboole_0(k1_xboole_0)]]-[v1_xboole_0(k1_xboole_0),[-v1_xboole_0(k1_xboole_0)]]),ext([-r2_hidden(2^[4^[],k1_xboole_0,3^[]],k1_xboole_0),[r2_hidden(_68228,_68230),v1_xboole_0(_68230)]]-[-r2_hidden(2^[4^[],k1_xboole_0,3^[]],k1_xboole_0),[r2_hidden(2^[4^[],k1_xboole_0,3^[]],k1_xboole_0),v1_xboole_0(k1_xboole_0)]]),red([#,- #]-[#,- #]),ext([m1_subset_1(4^[],u1_struct_0(3^[])),[-m1_subset_1(4^[],u1_struct_0(3^[])),#]]-[m1_subset_1(4^[],u1_struct_0(3^[])),[-m1_subset_1(4^[],u1_struct_0(3^[])),#]]),red([#,- #]-[#,- #]),ext([l1_orders_2(3^[]),[-l1_orders_2(3^[]),#]]-[l1_orders_2(3^[]),[-l1_orders_2(3^[]),#]]),ext([r2_lattice3(3^[],k1_xboole_0,4^[]),[-r2_lattice3(_68306,_68308,_68310),l1_orders_2(_68306),m1_subset_1(_68310,u1_struct_0(_68306)),-r2_hidden(2^[_68310,_68308,_68306],_68308)]]-[r2_lattice3(3^[],k1_xboole_0,4^[]),[-r2_lattice3(3^[],k1_xboole_0,4^[]),l1_orders_2(3^[]),m1_subset_1(4^[],u1_struct_0(3^[])),-r2_hidden(2^[4^[],k1_xboole_0,3^[]],k1_xboole_0)]]),ext([- #,[#,r2_lattice3(3^[],k1_xboole_0,4^[]),r1_lattice3(3^[],k1_xboole_0,4^[])]]-[- #,[#,r2_lattice3(3^[],k1_xboole_0,4^[]),r1_lattice3(3^[],k1_xboole_0,4^[])]]),init(-# - -#)],0)state([l1_orders_2(3^[]),m1_subset_1(4^[],u1_struct_0(3^[])),-r2_hidden(1^[4^[],k1_xboole_0,3^[]],k1_xboole_0)],[r1_lattice3(3^[],k1_xboole_0,4^[]),- #],[r2_lattice3(3^[],k1_xboole_0,4^[])],[ext(-l1_orders_2(3^[]),[#],g)],[],[ext([r1_lattice3(3^[],k1_xboole_0,4^[]),[-r1_lattice3(_60292,_60294,_60296),l1_orders_2(_60292),m1_subset_1(_60296,u1_struct_0(_60292)),-r2_hidden(1^[_60296,_60294,_60292],_60294)]]-[r1_lattice3(3^[],k1_xboole_0,4^[]),[-r1_lattice3(3^[],k1_xboole_0,4^[]),l1_orders_2(3^[]),m1_subset_1(4^[],u1_struct_0(3^[])),-r2_hidden(1^[4^[],k1_xboole_0,3^[]],k1_xboole_0)]]),ext([v1_xboole_0(k1_xboole_0),[-v1_xboole_0(k1_xboole_0)]]-[v1_xboole_0(k1_xboole_0),[-v1_xboole_0(k1_xboole_0)]]),ext([-r2_hidden(2^[4^[],k1_xboole_0,3^[]],k1_xboole_0),[r2_hidden(_60084,_60086),v1_xboole_0(_60086)]]-[-r2_hidden(2^[4^[],k1_xboole_0,3^[]],k1_xboole_0),[r2_hidden(2^[4^[],k1_xboole_0,3^[]],k1_xboole_0),v1_xboole_0(k1_xboole_0)]]),red([#,- #]-[#,- #]),ext([m1_subset_1(4^[],u1_struct_0(3^[])),[-m1_subset_1(4^[],u1_struct_0(3^[])),#]]-[m1_subset_1(4^[],u1_struct_0(3^[])),[-m1_subset_1(4^[],u1_struct_0(3^[])),#]]),red([#,- #]-[#,- #]),ext([l1_orders_2(3^[]),[-l1_orders_2(3^[]),#]]-[l1_orders_2(3^[]),[-l1_orders_2(3^[]),#]]),ext([r2_lattice3(3^[],k1_xboole_0,4^[]),[-r2_lattice3(_60162,_60164,_60166),l1_orders_2(_60162),m1_subset_1(_60166,u1_struct_0(_60162)),-r2_hidden(2^[_60166,_60164,_60162],_60164)]]-[r2_lattice3(3^[],k1_xboole_0,4^[]),[-r2_lattice3(3^[],k1_xboole_0,4^[]),l1_orders_2(3^[]),m1_subset_1(4^[],u1_struct_0(3^[])),-r2_hidden(2^[4^[],k1_xboole_0,3^[]],k1_xboole_0)]]),ext([- #,[#,r2_lattice3(3^[],k1_xboole_0,4^[]),r1_lattice3(3^[],k1_xboole_0,4^[])]]-[- #,[#,r2_lattice3(3^[],k1_xboole_0,4^[]),r1_lattice3(3^[],k1_xboole_0,4^[])]]),init(-# - -#)],0)state([r1_lattice3(3^[],k1_xboole_0,4^[])],[- #],[r2_lattice3(3^[],k1_xboole_0,4^[])],[ext(-r1_lattice3(_45184,_45186,_45188),[l1_orders_2(_45184),m1_subset_1(_45188,u1_struct_0(_45184)),-m1_subset_1(1^[_45188,_45186,_45184],u1_struct_0(_45184))],n),ext(-r1_lattice3(_45098,_45100,_45102),[l1_orders_2(_45098),m1_subset_1(_45102,u1_struct_0(_45098)),-r2_hidden(1^[_45102,_45100,_45098],_45100)],n),ext(-r1_lattice3(_45014,_45016,_45018),[l1_orders_2(_45014),m1_subset_1(_45018,u1_struct_0(_45014)),r1_orders_2(_45014,_45018,1^[_45018,_45016,_45014])],n)],[],[ext([v1_xboole_0(k1_xboole_0),[-v1_xboole_0(k1_xboole_0)]]-[v1_xboole_0(k1_xboole_0),[-v1_xboole_0(k1_xboole_0)]]),ext([-r2_hidden(2^[4^[],k1_xboole_0,3^[]],k1_xboole_0),[r2_hidden(_44800,_44802),v1_xboole_0(_44802)]]-[-r2_hidden(2^[4^[],k1_xboole_0,3^[]],k1_xboole_0),[r2_hidden(2^[4^[],k1_xboole_0,3^[]],k1_xboole_0),v1_xboole_0(k1_xboole_0)]]),red([#,- #]-[#,- #]),ext([m1_subset_1(4^[],u1_struct_0(3^[])),[-m1_subset_1(4^[],u1_struct_0(3^[])),#]]-[m1_subset_1(4^[],u1_struct_0(3^[])),[-m1_subset_1(4^[],u1_struct_0(3^[])),#]]),red([#,- #]-[#,- #]),ext([l1_orders_2(3^[]),[-l1_orders_2(3^[]),#]]-[l1_orders_2(3^[]),[-l1_orders_2(3^[]),#]]),ext([r2_lattice3(3^[],k1_xboole_0,4^[]),[-r2_lattice3(_44878,_44880,_44882),l1_orders_2(_44878),m1_subset_1(_44882,u1_struct_0(_44878)),-r2_hidden(2^[_44882,_44880,_44878],_44880)]]-[r2_lattice3(3^[],k1_xboole_0,4^[]),[-r2_lattice3(3^[],k1_xboole_0,4^[]),l1_orders_2(3^[]),m1_subset_1(4^[],u1_struct_0(3^[])),-r2_hidden(2^[4^[],k1_xboole_0,3^[]],k1_xboole_0)]]),ext([- #,[#,r2_lattice3(3^[],k1_xboole_0,4^[]),r1_lattice3(3^[],k1_xboole_0,4^[])]]-[- #,[#,r2_lattice3(3^[],k1_xboole_0,4^[]),r1_lattice3(3^[],k1_xboole_0,4^[])]]),init(-# - -#)],0)state([r1_lattice3(3^[],k1_xboole_0,4^[])],[- #],[r2_lattice3(3^[],k1_xboole_0,4^[])],[ext(-r1_lattice3(_45184,_45186,_45188),[l1_orders_2(_45184),m1_subset_1(_45188,u1_struct_0(_45184)),-m1_subset_1(1^[_45188,_45186,_45184],u1_struct_0(_45184))],n),ext(-r1_lattice3(_45098,_45100,_45102),[l1_orders_2(_45098),m1_subset_1(_45102,u1_struct_0(_45098)),-r2_hidden(1^[_45102,_45100,_45098],_45100)],n),ext(-r1_lattice3(_45014,_45016,_45018),[l1_orders_2(_45014),m1_subset_1(_45018,u1_struct_0(_45014)),r1_orders_2(_45014,_45018,1^[_45018,_45016,_45014])],n)],[],[ext([v1_xboole_0(k1_xboole_0),[-v1_xboole_0(k1_xboole_0)]]-[v1_xboole_0(k1_xboole_0),[-v1_xboole_0(k1_xboole_0)]]),ext([-r2_hidden(2^[4^[],k1_xboole_0,3^[]],k1_xboole_0),[r2_hidden(_44800,_44802),v1_xboole_0(_44802)]]-[-r2_hidden(2^[4^[],k1_xboole_0,3^[]],k1_xboole_0),[r2_hidden(2^[4^[],k1_xboole_0,3^[]],k1_xboole_0),v1_xboole_0(k1_xboole_0)]]),red([#,- #]-[#,- #]),ext([m1_subset_1(4^[],u1_struct_0(3^[])),[-m1_subset_1(4^[],u1_struct_0(3^[])),#]]-[m1_subset_1(4^[],u1_struct_0(3^[])),[-m1_subset_1(4^[],u1_struct_0(3^[])),#]]),red([#,- #]-[#,- #]),ext([l1_orders_2(3^[]),[-l1_orders_2(3^[]),#]]-[l1_orders_2(3^[]),[-l1_orders_2(3^[]),#]]),ext([r2_lattice3(3^[],k1_xboole_0,4^[]),[-r2_lattice3(_44878,_44880,_44882),l1_orders_2(_44878),m1_subset_1(_44882,u1_struct_0(_44878)),-r2_hidden(2^[_44882,_44880,_44878],_44880)]]-[r2_lattice3(3^[],k1_xboole_0,4^[]),[-r2_lattice3(3^[],k1_xboole_0,4^[]),l1_orders_2(3^[]),m1_subset_1(4^[],u1_struct_0(3^[])),-r2_hidden(2^[4^[],k1_xboole_0,3^[]],k1_xboole_0)]]),ext([- #,[#,r2_lattice3(3^[],k1_xboole_0,4^[]),r1_lattice3(3^[],k1_xboole_0,4^[])]]-[- #,[#,r2_lattice3(3^[],k1_xboole_0,4^[]),r1_lattice3(3^[],k1_xboole_0,4^[])]]),init(-# - -#)],0)state([r1_lattice3(3^[],k1_xboole_0,4^[])],[- #],[r2_lattice3(3^[],k1_xboole_0,4^[])],[ext(-r1_lattice3(_45184,_45186,_45188),[l1_orders_2(_45184),m1_subset_1(_45188,u1_struct_0(_45184)),-m1_subset_1(1^[_45188,_45186,_45184],u1_struct_0(_45184))],n),ext(-r1_lattice3(_45098,_45100,_45102),[l1_orders_2(_45098),m1_subset_1(_45102,u1_struct_0(_45098)),-r2_hidden(1^[_45102,_45100,_45098],_45100)],n),ext(-r1_lattice3(_45014,_45016,_45018),[l1_orders_2(_45014),m1_subset_1(_45018,u1_struct_0(_45014)),r1_orders_2(_45014,_45018,1^[_45018,_45016,_45014])],n)],[],[ext([v1_xboole_0(k1_xboole_0),[-v1_xboole_0(k1_xboole_0)]]-[v1_xboole_0(k1_xboole_0),[-v1_xboole_0(k1_xboole_0)]]),ext([-r2_hidden(2^[4^[],k1_xboole_0,3^[]],k1_xboole_0),[r2_hidden(_44800,_44802),v1_xboole_0(_44802)]]-[-r2_hidden(2^[4^[],k1_xboole_0,3^[]],k1_xboole_0),[r2_hidden(2^[4^[],k1_xboole_0,3^[]],k1_xboole_0),v1_xboole_0(k1_xboole_0)]]),red([#,- #]-[#,- #]),ext([m1_subset_1(4^[],u1_struct_0(3^[])),[-m1_subset_1(4^[],u1_struct_0(3^[])),#]]-[m1_subset_1(4^[],u1_struct_0(3^[])),[-m1_subset_1(4^[],u1_struct_0(3^[])),#]]),red([#,- #]-[#,- #]),ext([l1_orders_2(3^[]),[-l1_orders_2(3^[]),#]]-[l1_orders_2(3^[]),[-l1_orders_2(3^[]),#]]),ext([r2_lattice3(3^[],k1_xboole_0,4^[]),[-r2_lattice3(_44878,_44880,_44882),l1_orders_2(_44878),m1_subset_1(_44882,u1_struct_0(_44878)),-r2_hidden(2^[_44882,_44880,_44878],_44880)]]-[r2_lattice3(3^[],k1_xboole_0,4^[]),[-r2_lattice3(3^[],k1_xboole_0,4^[]),l1_orders_2(3^[]),m1_subset_1(4^[],u1_struct_0(3^[])),-r2_hidden(2^[4^[],k1_xboole_0,3^[]],k1_xboole_0)]]),ext([- #,[#,r2_lattice3(3^[],k1_xboole_0,4^[]),r1_lattice3(3^[],k1_xboole_0,4^[])]]-[- #,[#,r2_lattice3(3^[],k1_xboole_0,4^[]),r1_lattice3(3^[],k1_xboole_0,4^[])]]),init(-# - -#)],0)state([v1_xboole_0(k1_xboole_0)],[-r2_hidden(2^[4^[],k1_xboole_0,3^[]],k1_xboole_0),r2_lattice3(3^[],k1_xboole_0,4^[]),- #],[m1_subset_1(4^[],u1_struct_0(3^[])),l1_orders_2(3^[])],[ext(-v1_xboole_0(k1_xboole_0),[],g)],[[[r1_lattice3(3^[],k1_xboole_0,4^[])],[- #],[r2_lattice3(3^[],k1_xboole_0,4^[])]]],[ext([-r2_hidden(2^[4^[],k1_xboole_0,3^[]],k1_xboole_0),[r2_hidden(_44674,_44676),v1_xboole_0(_44676)]]-[-r2_hidden(2^[4^[],k1_xboole_0,3^[]],k1_xboole_0),[r2_hidden(2^[4^[],k1_xboole_0,3^[]],k1_xboole_0),v1_xboole_0(k1_xboole_0)]]),red([#,- #]-[#,- #]),ext([m1_subset_1(4^[],u1_struct_0(3^[])),[-m1_subset_1(4^[],u1_struct_0(3^[])),#]]-[m1_subset_1(4^[],u1_struct_0(3^[])),[-m1_subset_1(4^[],u1_struct_0(3^[])),#]]),red([#,- #]-[#,- #]),ext([l1_orders_2(3^[]),[-l1_orders_2(3^[]),#]]-[l1_orders_2(3^[]),[-l1_orders_2(3^[]),#]]),ext([r2_lattice3(3^[],k1_xboole_0,4^[]),[-r2_lattice3(_44548,_44550,_44552),l1_orders_2(_44548),m1_subset_1(_44552,u1_struct_0(_44548)),-r2_hidden(2^[_44552,_44550,_44548],_44550)]]-[r2_lattice3(3^[],k1_xboole_0,4^[]),[-r2_lattice3(3^[],k1_xboole_0,4^[]),l1_orders_2(3^[]),m1_subset_1(4^[],u1_struct_0(3^[])),-r2_hidden(2^[4^[],k1_xboole_0,3^[]],k1_xboole_0)]]),ext([- #,[#,r2_lattice3(3^[],k1_xboole_0,4^[]),r1_lattice3(3^[],k1_xboole_0,4^[])]]-[- #,[#,r2_lattice3(3^[],k1_xboole_0,4^[]),r1_lattice3(3^[],k1_xboole_0,4^[])]]),init(-# - -#)],0)state([-r2_hidden(2^[4^[],k1_xboole_0,3^[]],k1_xboole_0)],[r2_lattice3(3^[],k1_xboole_0,4^[]),- #],[m1_subset_1(4^[],u1_struct_0(3^[])),l1_orders_2(3^[])],[ext(r2_hidden(_16672,_16674),[l1_orders_2(_16684),m1_subset_1(_16694,u1_struct_0(_16684)),r1_lattice3(_16684,_16674,_16694),m1_subset_1(_16672,u1_struct_0(_16684)),-r1_orders_2(_16684,_16694,_16672)],n),ext(r2_hidden(_16648,_16650),[v1_xboole_0(_16650)],n),ext(r2_hidden(_16560,_16562),[l1_orders_2(_16572),m1_subset_1(_16582,u1_struct_0(_16572)),r2_lattice3(_16572,_16562,_16582),m1_subset_1(_16560,u1_struct_0(_16572)),-r1_orders_2(_16572,_16560,_16582)],n)],[[[r1_lattice3(3^[],k1_xboole_0,4^[])],[- #],[r2_lattice3(3^[],k1_xboole_0,4^[])]]],[red([#,- #]-[#,- #]),ext([m1_subset_1(4^[],u1_struct_0(3^[])),[-m1_subset_1(4^[],u1_struct_0(3^[])),#]]-[m1_subset_1(4^[],u1_struct_0(3^[])),[-m1_subset_1(4^[],u1_struct_0(3^[])),#]]),red([#,- #]-[#,- #]),ext([l1_orders_2(3^[]),[-l1_orders_2(3^[]),#]]-[l1_orders_2(3^[]),[-l1_orders_2(3^[]),#]]),ext([r2_lattice3(3^[],k1_xboole_0,4^[]),[-r2_lattice3(_16390,_16392,_16394),l1_orders_2(_16390),m1_subset_1(_16394,u1_struct_0(_16390)),-r2_hidden(2^[_16394,_16392,_16390],_16392)]]-[r2_lattice3(3^[],k1_xboole_0,4^[]),[-r2_lattice3(3^[],k1_xboole_0,4^[]),l1_orders_2(3^[]),m1_subset_1(4^[],u1_struct_0(3^[])),-r2_hidden(2^[4^[],k1_xboole_0,3^[]],k1_xboole_0)]]),ext([- #,[#,r2_lattice3(3^[],k1_xboole_0,4^[]),r1_lattice3(3^[],k1_xboole_0,4^[])]]-[- #,[#,r2_lattice3(3^[],k1_xboole_0,4^[]),r1_lattice3(3^[],k1_xboole_0,4^[])]]),init(-# - -#)],0)state([-r2_hidden(2^[4^[],k1_xboole_0,3^[]],k1_xboole_0)],[r2_lattice3(3^[],k1_xboole_0,4^[]),- #],[m1_subset_1(4^[],u1_struct_0(3^[])),l1_orders_2(3^[])],[ext(r2_hidden(_16672,_16674),[l1_orders_2(_16684),m1_subset_1(_16694,u1_struct_0(_16684)),r1_lattice3(_16684,_16674,_16694),m1_subset_1(_16672,u1_struct_0(_16684)),-r1_orders_2(_16684,_16694,_16672)],n),ext(r2_hidden(_16648,_16650),[v1_xboole_0(_16650)],n),ext(r2_hidden(_16560,_16562),[l1_orders_2(_16572),m1_subset_1(_16582,u1_struct_0(_16572)),r2_lattice3(_16572,_16562,_16582),m1_subset_1(_16560,u1_struct_0(_16572)),-r1_orders_2(_16572,_16560,_16582)],n)],[[[r1_lattice3(3^[],k1_xboole_0,4^[])],[- #],[r2_lattice3(3^[],k1_xboole_0,4^[])]]],[red([#,- #]-[#,- #]),ext([m1_subset_1(4^[],u1_struct_0(3^[])),[-m1_subset_1(4^[],u1_struct_0(3^[])),#]]-[m1_subset_1(4^[],u1_struct_0(3^[])),[-m1_subset_1(4^[],u1_struct_0(3^[])),#]]),red([#,- #]-[#,- #]),ext([l1_orders_2(3^[]),[-l1_orders_2(3^[]),#]]-[l1_orders_2(3^[]),[-l1_orders_2(3^[]),#]]),ext([r2_lattice3(3^[],k1_xboole_0,4^[]),[-r2_lattice3(_16390,_16392,_16394),l1_orders_2(_16390),m1_subset_1(_16394,u1_struct_0(_16390)),-r2_hidden(2^[_16394,_16392,_16390],_16392)]]-[r2_lattice3(3^[],k1_xboole_0,4^[]),[-r2_lattice3(3^[],k1_xboole_0,4^[]),l1_orders_2(3^[]),m1_subset_1(4^[],u1_struct_0(3^[])),-r2_hidden(2^[4^[],k1_xboole_0,3^[]],k1_xboole_0)]]),ext([- #,[#,r2_lattice3(3^[],k1_xboole_0,4^[]),r1_lattice3(3^[],k1_xboole_0,4^[])]]-[- #,[#,r2_lattice3(3^[],k1_xboole_0,4^[]),r1_lattice3(3^[],k1_xboole_0,4^[])]]),init(-# - -#)],0)state([-r2_hidden(2^[4^[],k1_xboole_0,3^[]],k1_xboole_0)],[r2_lattice3(3^[],k1_xboole_0,4^[]),- #],[m1_subset_1(4^[],u1_struct_0(3^[])),l1_orders_2(3^[])],[ext(r2_hidden(_16672,_16674),[l1_orders_2(_16684),m1_subset_1(_16694,u1_struct_0(_16684)),r1_lattice3(_16684,_16674,_16694),m1_subset_1(_16672,u1_struct_0(_16684)),-r1_orders_2(_16684,_16694,_16672)],n),ext(r2_hidden(_16648,_16650),[v1_xboole_0(_16650)],n),ext(r2_hidden(_16560,_16562),[l1_orders_2(_16572),m1_subset_1(_16582,u1_struct_0(_16572)),r2_lattice3(_16572,_16562,_16582),m1_subset_1(_16560,u1_struct_0(_16572)),-r1_orders_2(_16572,_16560,_16582)],n)],[[[r1_lattice3(3^[],k1_xboole_0,4^[])],[- #],[r2_lattice3(3^[],k1_xboole_0,4^[])]]],[red([#,- #]-[#,- #]),ext([m1_subset_1(4^[],u1_struct_0(3^[])),[-m1_subset_1(4^[],u1_struct_0(3^[])),#]]-[m1_subset_1(4^[],u1_struct_0(3^[])),[-m1_subset_1(4^[],u1_struct_0(3^[])),#]]),red([#,- #]-[#,- #]),ext([l1_orders_2(3^[]),[-l1_orders_2(3^[]),#]]-[l1_orders_2(3^[]),[-l1_orders_2(3^[]),#]]),ext([r2_lattice3(3^[],k1_xboole_0,4^[]),[-r2_lattice3(_16390,_16392,_16394),l1_orders_2(_16390),m1_subset_1(_16394,u1_struct_0(_16390)),-r2_hidden(2^[_16394,_16392,_16390],_16392)]]-[r2_lattice3(3^[],k1_xboole_0,4^[]),[-r2_lattice3(3^[],k1_xboole_0,4^[]),l1_orders_2(3^[]),m1_subset_1(4^[],u1_struct_0(3^[])),-r2_hidden(2^[4^[],k1_xboole_0,3^[]],k1_xboole_0)]]),ext([- #,[#,r2_lattice3(3^[],k1_xboole_0,4^[]),r1_lattice3(3^[],k1_xboole_0,4^[])]]-[- #,[#,r2_lattice3(3^[],k1_xboole_0,4^[]),r1_lattice3(3^[],k1_xboole_0,4^[])]]),init(-# - -#)],0)state([m1_subset_1(4^[],u1_struct_0(3^[])),-r2_hidden(2^[4^[],k1_xboole_0,3^[]],k1_xboole_0)],[r2_lattice3(3^[],k1_xboole_0,4^[]),- #],[l1_orders_2(3^[])],[ext(-m1_subset_1(4^[],u1_struct_0(3^[])),[#],g)],[[[r1_lattice3(3^[],k1_xboole_0,4^[])],[- #],[r2_lattice3(3^[],k1_xboole_0,4^[])]]],[red([#,- #]-[#,- #]),ext([l1_orders_2(3^[]),[-l1_orders_2(3^[]),#]]-[l1_orders_2(3^[]),[-l1_orders_2(3^[]),#]]),ext([r2_lattice3(3^[],k1_xboole_0,4^[]),[-r2_lattice3(_14798,_14800,_14802),l1_orders_2(_14798),m1_subset_1(_14802,u1_struct_0(_14798)),-r2_hidden(2^[_14802,_14800,_14798],_14800)]]-[r2_lattice3(3^[],k1_xboole_0,4^[]),[-r2_lattice3(3^[],k1_xboole_0,4^[]),l1_orders_2(3^[]),m1_subset_1(4^[],u1_struct_0(3^[])),-r2_hidden(2^[4^[],k1_xboole_0,3^[]],k1_xboole_0)]]),ext([- #,[#,r2_lattice3(3^[],k1_xboole_0,4^[]),r1_lattice3(3^[],k1_xboole_0,4^[])]]-[- #,[#,r2_lattice3(3^[],k1_xboole_0,4^[]),r1_lattice3(3^[],k1_xboole_0,4^[])]]),init(-# - -#)],0)state([l1_orders_2(3^[]),m1_subset_1(4^[],u1_struct_0(3^[])),-r2_hidden(2^[4^[],k1_xboole_0,3^[]],k1_xboole_0)],[r2_lattice3(3^[],k1_xboole_0,4^[]),- #],[],[ext(-l1_orders_2(3^[]),[#],g)],[[[r1_lattice3(3^[],k1_xboole_0,4^[])],[- #],[r2_lattice3(3^[],k1_xboole_0,4^[])]]],[ext([r2_lattice3(3^[],k1_xboole_0,4^[]),[-r2_lattice3(_13764,_13766,_13768),l1_orders_2(_13764),m1_subset_1(_13768,u1_struct_0(_13764)),-r2_hidden(2^[_13768,_13766,_13764],_13766)]]-[r2_lattice3(3^[],k1_xboole_0,4^[]),[-r2_lattice3(3^[],k1_xboole_0,4^[]),l1_orders_2(3^[]),m1_subset_1(4^[],u1_struct_0(3^[])),-r2_hidden(2^[4^[],k1_xboole_0,3^[]],k1_xboole_0)]]),ext([- #,[#,r2_lattice3(3^[],k1_xboole_0,4^[]),r1_lattice3(3^[],k1_xboole_0,4^[])]]-[- #,[#,r2_lattice3(3^[],k1_xboole_0,4^[]),r1_lattice3(3^[],k1_xboole_0,4^[])]]),init(-# - -#)],0)state([r2_lattice3(3^[],k1_xboole_0,4^[]),r1_lattice3(3^[],k1_xboole_0,4^[])],[- #],[],[ext(-r2_lattice3(_9366,_9368,_9370),[l1_orders_2(_9366),m1_subset_1(_9370,u1_struct_0(_9366)),-m1_subset_1(2^[_9370,_9368,_9366],u1_struct_0(_9366))],n),ext(-r2_lattice3(_9280,_9282,_9284),[l1_orders_2(_9280),m1_subset_1(_9284,u1_struct_0(_9280)),-r2_hidden(2^[_9284,_9282,_9280],_9282)],n),ext(-r2_lattice3(_9196,_9198,_9200),[l1_orders_2(_9196),m1_subset_1(_9200,u1_struct_0(_9196)),r1_orders_2(_9196,2^[_9200,_9198,_9196],_9200)],n)],[],[ext([- #,[#,r2_lattice3(3^[],k1_xboole_0,4^[]),r1_lattice3(3^[],k1_xboole_0,4^[])]]-[- #,[#,r2_lattice3(3^[],k1_xboole_0,4^[]),r1_lattice3(3^[],k1_xboole_0,4^[])]]),init(-# - -#)],0)state([r2_lattice3(3^[],k1_xboole_0,4^[]),r1_lattice3(3^[],k1_xboole_0,4^[])],[- #],[],[ext(-r2_lattice3(_9226,_9228,_9230),[l1_orders_2(_9226),m1_subset_1(_9230,u1_struct_0(_9226)),-m1_subset_1(2^[_9230,_9228,_9226],u1_struct_0(_9226))],n),ext(-r2_lattice3(_9140,_9142,_9144),[l1_orders_2(_9140),m1_subset_1(_9144,u1_struct_0(_9140)),-r2_hidden(2^[_9144,_9142,_9140],_9142)],n),ext(-r2_lattice3(_9056,_9058,_9060),[l1_orders_2(_9056),m1_subset_1(_9060,u1_struct_0(_9056)),r1_orders_2(_9056,2^[_9060,_9058,_9056],_9060)],n)],[],[ext([- #,[#,r2_lattice3(3^[],k1_xboole_0,4^[]),r1_lattice3(3^[],k1_xboole_0,4^[])]]-[- #,[#,r2_lattice3(3^[],k1_xboole_0,4^[]),r1_lattice3(3^[],k1_xboole_0,4^[])]]),init(-# - -#)],0)state([r2_lattice3(3^[],k1_xboole_0,4^[]),r1_lattice3(3^[],k1_xboole_0,4^[])],[- #],[],[ext(-r2_lattice3(_9226,_9228,_9230),[l1_orders_2(_9226),m1_subset_1(_9230,u1_struct_0(_9226)),-m1_subset_1(2^[_9230,_9228,_9226],u1_struct_0(_9226))],n),ext(-r2_lattice3(_9140,_9142,_9144),[l1_orders_2(_9140),m1_subset_1(_9144,u1_struct_0(_9140)),-r2_hidden(2^[_9144,_9142,_9140],_9142)],n),ext(-r2_lattice3(_9056,_9058,_9060),[l1_orders_2(_9056),m1_subset_1(_9060,u1_struct_0(_9056)),r1_orders_2(_9056,2^[_9060,_9058,_9056],_9060)],n)],[],[ext([- #,[#,r2_lattice3(3^[],k1_xboole_0,4^[]),r1_lattice3(3^[],k1_xboole_0,4^[])]]-[- #,[#,r2_lattice3(3^[],k1_xboole_0,4^[]),r1_lattice3(3^[],k1_xboole_0,4^[])]]),init(-# - -#)],0)state([- #],[],[],[ext(#,[-l1_orders_2(3^[])],g),ext(#,[-m1_subset_1(4^[],u1_struct_0(3^[]))],g),ext(#,[r2_lattice3(3^[],k1_xboole_0,4^[]),r1_lattice3(3^[],k1_xboole_0,4^[])],g)],[],[init(-# - -#)],0)state([- #],[],[],[ext(#,[-l1_orders_2(3^[])],g),ext(#,[-m1_subset_1(4^[],u1_struct_0(3^[]))],g),ext(#,[r2_lattice3(3^[],k1_xboole_0,4^[]),r1_lattice3(3^[],k1_xboole_0,4^[])],g)],[],[init(-# - -#)],0)state([- #],[],[],[ext(#,[-l1_orders_2(3^[])],g),ext(#,[-m1_subset_1(4^[],u1_struct_0(3^[]))],g),ext(#,[r2_lattice3(3^[],k1_xboole_0,4^[]),r1_lattice3(3^[],k1_xboole_0,4^[])],g)],[],[init(-# - -#)],0)Policy data saved
Training data saved
Execution time: 13.301 sec
Full query: 
 swipl -g '["core/montecarlo.pl"], mc_run("theorems/m2np/t6_yellow_0.p",[guided(0),cp(1),sim_depth(0),playout_count(200000),min_visit_count(1),n_dim(10000),playout_time(300), output_format(svmlight), leancop_settings([conj,nodef,comp(1000),eager_reduction(1),paramodulation(1)]),return_to_root(0),save_all_proofs(0),temperature(2),save_all_policy(0),save_all_value(1),lemma_features(0),inference_limit(200000),collapse_vars(0),bigstep_frequency(2000)],"results/plcop_paramodulation/train_value","results/plcop_paramodulation/train_policy","results/plcop_paramodulation/clauses","results/plcop_paramodulation/proofs",ExecutionTime), halt.'
