Prolog query: 
 mc_run("theorems/m2np/t72_mcart_1.p",[guided(0),cp(1),sim_depth(0),playout_count(200000),min_visit_count(1),n_dim(10000),playout_time(300), output_format(svmlight), leancop_settings([conj,nodef,comp(1000),eager_reduction(1),paramodulation(1)]),return_to_root(0),save_all_proofs(0),temperature(2),save_all_policy(0),save_all_value(1),lemma_features(0),inference_limit(200000),collapse_vars(0),bigstep_frequency(2000)],"results/plcop_paramodulation/train_value","results/plcop_paramodulation/train_policy","results/plcop_paramodulation/clauses","results/plcop_paramodulation/proofs",ExecutionTime)
Trying to open file theorems/m2np/t72_mcart_1.p...
Successfully opened file theorems/m2np/t72_mcart_1.p
200000 playouts remaining
Moving root from 0 to 71
Moving root from 71 to 597
195000 playouts remaining
Moving root from 597 to 598
Moving root from 598 to 599
Moving root from 599 to 614
190000 playouts remaining
Moving root from 614 to 649
Moving root from 649 to 4002
185000 playouts remaining
Moving root from 4002 to 4681
Moving root from 4681 to 4748
Moving root from 4748 to 5011
180000 playouts remaining
Moving root from 5011 to 5348
Full query: 
 swipl -g '["core/montecarlo.pl"], mc_run("theorems/m2np/t72_mcart_1.p",[guided(0),cp(1),sim_depth(0),playout_count(200000),min_visit_count(1),n_dim(10000),playout_time(300), output_format(svmlight), leancop_settings([conj,nodef,comp(1000),eager_reduction(1),paramodulation(1)]),return_to_root(0),save_all_proofs(0),temperature(2),save_all_policy(0),save_all_value(1),lemma_features(0),inference_limit(200000),collapse_vars(0),bigstep_frequency(2000)],"results/plcop_paramodulation/train_value","results/plcop_paramodulation/train_policy","results/plcop_paramodulation/clauses","results/plcop_paramodulation/proofs",ExecutionTime), halt.'
