Prolog query: 
 mc_run("theorems/m2np/t75_relat_1.p",[guided(0),cp(1),sim_depth(0),playout_count(200000),min_visit_count(1),n_dim(10000),playout_time(300), output_format(svmlight), leancop_settings([conj,nodef,comp(1000),eager_reduction(1),paramodulation(1)]),return_to_root(0),save_all_proofs(0),temperature(2),save_all_policy(0),save_all_value(1),lemma_features(0),inference_limit(200000),collapse_vars(0),bigstep_frequency(2000)],"results/plcop_paramodulation/train_value","results/plcop_paramodulation/train_policy","results/plcop_paramodulation/clauses","results/plcop_paramodulation/proofs",ExecutionTime)
Trying to open file theorems/m2np/t75_relat_1.p...
Successfully opened file theorems/m2np/t75_relat_1.p
200000 playouts remaining
SUCCESS
   Init: 	-#
   Extension: 	[- #,[#,r1_tarski(k5_relat_1(3^[],1^[]),k5_relat_1(3^[],2^[]))]]
   Extension: 	[r1_tarski(k5_relat_1(3^[],1^[]),k5_relat_1(3^[],2^[])),[-r1_tarski(A,B),r1_tarski(C,D),C=A,D=B]]
   Extension: 	[r1_tarski(_,_),[-r1_tarski(k5_relat_1(A,_),A),v1_relat_1(A)]]
   Extension: 	[v1_relat_1(_),[-v1_relat_1(k5_relat_1(A,_)),v1_relat_1(A)]]
   Extension: 	[v1_relat_1(_),[-v1_relat_1(3^[]),#]]
   Reduction: 	[#,- #]
   Extension: 	[k5_relat_1(k5_relat_1(3^[],_),_)=k5_relat_1(3^[],1^[]),[- (k5_relat_1(k5_relat_1(A,B),C)=k5_relat_1(A,C)),v1_relat_1(A),r1_tarski(C,B)]]
   Extension: 	[v1_relat_1(3^[]),[-v1_relat_1(3^[]),#]]
   Reduction: 	[#,- #]
   Extension: 	[r1_tarski(1^[],_),[-r1_tarski(1^[],2^[]),#]]
   Reduction: 	[#,- #]
   Extension: 	[k5_relat_1(3^[],2^[])=k5_relat_1(3^[],2^[]),[- (k5_relat_1(A,B)=k5_relat_1(C,D)),A=C,B=D]]
   Extension: 	[3^[]=3^[],[- (A=A)]]
   Extension: 	[2^[]=2^[],[- (A=A)]]
Created leancop proof

FIRST PROOF FOUND AFTER 174 STEPS

Moving root from 0 to 17
Moving root from 17 to 18
195000 playouts remaining
Moving root from 18 to 31
Moving root from 31 to 78
Moving root from 78 to 93
190000 playouts remaining
Moving root from 93 to 105
Moving root from 105 to 150
185000 playouts remaining
Moving root from 150 to 151
Moving root from 151 to 171
Moving root from 171 to 172
180000 playouts remaining
Moving root from 172 to 173
Unable to move root from 173
175000 playouts remaining
Unable to move root from 173
Unable to move root from 173
Unable to move root from 173
170000 playouts remaining
Unable to move root from 173
Unable to move root from 173
165000 playouts remaining
Unable to move root from 173
Unable to move root from 173
Unable to move root from 173
160000 playouts remaining
Unable to move root from 173
Unable to move root from 173
155000 playouts remaining
Unable to move root from 173
Unable to move root from 173
Unable to move root from 173
150000 playouts remaining
Unable to move root from 173
Unable to move root from 173
145000 playouts remaining
Unable to move root from 173
Unable to move root from 173
Unable to move root from 173
140000 playouts remaining
Unable to move root from 173
Unable to move root from 173
135000 playouts remaining
Unable to move root from 173
Unable to move root from 173
Unable to move root from 173
130000 playouts remaining
Unable to move root from 173
Unable to move root from 173
125000 playouts remaining
Unable to move root from 173
Unable to move root from 173
Unable to move root from 173
120000 playouts remaining
Unable to move root from 173
Unable to move root from 173
115000 playouts remaining
Unable to move root from 173
Unable to move root from 173
Unable to move root from 173
110000 playouts remaining
Unable to move root from 173
Unable to move root from 173
105000 playouts remaining
Unable to move root from 173
Unable to move root from 173
Unable to move root from 173
100000 playouts remaining
Unable to move root from 173
Unable to move root from 173
95000 playouts remaining
Unable to move root from 173
Unable to move root from 173
Unable to move root from 173
90000 playouts remaining
Unable to move root from 173
Unable to move root from 173
85000 playouts remaining
Unable to move root from 173
Unable to move root from 173
Unable to move root from 173
80000 playouts remaining
Unable to move root from 173
Unable to move root from 173
75000 playouts remaining
Unable to move root from 173
Unable to move root from 173
Unable to move root from 173
70000 playouts remaining
Unable to move root from 173
Unable to move root from 173
65000 playouts remaining
Unable to move root from 173
Unable to move root from 173
Unable to move root from 173
60000 playouts remaining
Unable to move root from 173
Unable to move root from 173
55000 playouts remaining
Unable to move root from 173
Unable to move root from 173
Unable to move root from 173
50000 playouts remaining
Unable to move root from 173
Unable to move root from 173
45000 playouts remaining
Unable to move root from 173
Unable to move root from 173
Unable to move root from 173
40000 playouts remaining
Unable to move root from 173
Unable to move root from 173
35000 playouts remaining
Unable to move root from 173
Unable to move root from 173
Unable to move root from 173
30000 playouts remaining
Unable to move root from 173
Unable to move root from 173
25000 playouts remaining
Unable to move root from 173
Unable to move root from 173
Unable to move root from 173
20000 playouts remaining
Unable to move root from 173
Unable to move root from 173
15000 playouts remaining
Unable to move root from 173
Unable to move root from 173
Unable to move root from 173
10000 playouts remaining
Unable to move root from 173
Unable to move root from 173
5000 playouts remaining
Unable to move root from 173
Unable to move root from 173
Unable to move root from 173
Created 191 nodes
Performed 131053 inferences
Bigstep Nodes: 12, [0,17,18,31,78,93,105,150,151,171,172,173]
Training data collected
state([success],[],[],[],[],[ext([2^[]=2^[],[- (_226736=_226736)]]-[2^[]=2^[],[- (2^[]=2^[])]]),ext([3^[]=3^[],[- (_226206=_226206)]]-[3^[]=3^[],[- (3^[]=3^[])]]),ext([k5_relat_1(3^[],2^[])=k5_relat_1(3^[],2^[]),[- (k5_relat_1(_226256,_226258)=k5_relat_1(_226262,_226264)),_226256=_226262,_226258=_226264]]-[k5_relat_1(3^[],2^[])=k5_relat_1(3^[],2^[]),[- (k5_relat_1(3^[],2^[])=k5_relat_1(3^[],2^[])),3^[]=3^[],2^[]=2^[]]]),red([#,- #]-[#,- #]),ext([r1_tarski(1^[],_226322),[-r1_tarski(1^[],2^[]),#]]-[r1_tarski(1^[],2^[]),[-r1_tarski(1^[],2^[]),#]]),red([#,- #]-[#,- #]),ext([v1_relat_1(3^[]),[-v1_relat_1(3^[]),#]]-[v1_relat_1(3^[]),[-v1_relat_1(3^[]),#]]),ext([k5_relat_1(k5_relat_1(3^[],_226374),_226368)=k5_relat_1(3^[],1^[]),[- (k5_relat_1(k5_relat_1(_226406,_226408),_226402)=k5_relat_1(_226406,_226402)),v1_relat_1(_226406),r1_tarski(_226402,_226408)]]-[k5_relat_1(k5_relat_1(3^[],2^[]),1^[])=k5_relat_1(3^[],1^[]),[- (k5_relat_1(k5_relat_1(3^[],2^[]),1^[])=k5_relat_1(3^[],1^[])),v1_relat_1(3^[]),r1_tarski(1^[],2^[])]]),red([#,- #]-[#,- #]),ext([v1_relat_1(_226468),[-v1_relat_1(3^[]),#]]-[v1_relat_1(3^[]),[-v1_relat_1(3^[]),#]]),ext([v1_relat_1(_226494),[-v1_relat_1(k5_relat_1(_226518,_226520)),v1_relat_1(_226518)]]-[v1_relat_1(k5_relat_1(3^[],2^[])),[-v1_relat_1(k5_relat_1(3^[],2^[])),v1_relat_1(3^[])]]),ext([r1_tarski(_226556,_226558),[-r1_tarski(k5_relat_1(_226584,_226586),_226584),v1_relat_1(_226584)]]-[r1_tarski(k5_relat_1(k5_relat_1(3^[],2^[]),1^[]),k5_relat_1(3^[],2^[])),[-r1_tarski(k5_relat_1(k5_relat_1(3^[],2^[]),1^[]),k5_relat_1(3^[],2^[])),v1_relat_1(k5_relat_1(3^[],2^[]))]]),ext([r1_tarski(k5_relat_1(3^[],1^[]),k5_relat_1(3^[],2^[])),[-r1_tarski(_226638,_226640),r1_tarski(_226650,_226652),_226650=_226638,_226652=_226640]]-[r1_tarski(k5_relat_1(3^[],1^[]),k5_relat_1(3^[],2^[])),[-r1_tarski(k5_relat_1(3^[],1^[]),k5_relat_1(3^[],2^[])),r1_tarski(k5_relat_1(k5_relat_1(3^[],2^[]),1^[]),k5_relat_1(3^[],2^[])),k5_relat_1(k5_relat_1(3^[],2^[]),1^[])=k5_relat_1(3^[],1^[]),k5_relat_1(3^[],2^[])=k5_relat_1(3^[],2^[])]]),ext([- #,[#,r1_tarski(k5_relat_1(3^[],1^[]),k5_relat_1(3^[],2^[]))]]-[- #,[#,r1_tarski(k5_relat_1(3^[],1^[]),k5_relat_1(3^[],2^[]))]]),init(-# - -#)],1)state([2^[]=2^[]],[k5_relat_1(3^[],2^[])=k5_relat_1(3^[],2^[]),r1_tarski(k5_relat_1(3^[],1^[]),k5_relat_1(3^[],2^[])),- #],[3^[]=3^[],k5_relat_1(k5_relat_1(3^[],2^[]),1^[])=k5_relat_1(3^[],1^[]),r1_tarski(k5_relat_1(k5_relat_1(3^[],2^[]),1^[]),k5_relat_1(3^[],2^[]))],[ext(- (_226026=_226026),[],n),ext(- (_225996=_225998),[_225998=_225996],n),ext(- (_225954=_225956),[_225954=_225968,_225968=_225956],n)],[],[ext([3^[]=3^[],[- (_225914=_225914)]]-[3^[]=3^[],[- (3^[]=3^[])]]),ext([k5_relat_1(3^[],2^[])=k5_relat_1(3^[],2^[]),[- (k5_relat_1(_225434,_225436)=k5_relat_1(_225440,_225442)),_225434=_225440,_225436=_225442]]-[k5_relat_1(3^[],2^[])=k5_relat_1(3^[],2^[]),[- (k5_relat_1(3^[],2^[])=k5_relat_1(3^[],2^[])),3^[]=3^[],2^[]=2^[]]]),red([#,- #]-[#,- #]),ext([r1_tarski(1^[],_225500),[-r1_tarski(1^[],2^[]),#]]-[r1_tarski(1^[],2^[]),[-r1_tarski(1^[],2^[]),#]]),red([#,- #]-[#,- #]),ext([v1_relat_1(3^[]),[-v1_relat_1(3^[]),#]]-[v1_relat_1(3^[]),[-v1_relat_1(3^[]),#]]),ext([k5_relat_1(k5_relat_1(3^[],_225552),_225546)=k5_relat_1(3^[],1^[]),[- (k5_relat_1(k5_relat_1(_225584,_225586),_225580)=k5_relat_1(_225584,_225580)),v1_relat_1(_225584),r1_tarski(_225580,_225586)]]-[k5_relat_1(k5_relat_1(3^[],2^[]),1^[])=k5_relat_1(3^[],1^[]),[- (k5_relat_1(k5_relat_1(3^[],2^[]),1^[])=k5_relat_1(3^[],1^[])),v1_relat_1(3^[]),r1_tarski(1^[],2^[])]]),red([#,- #]-[#,- #]),ext([v1_relat_1(_225646),[-v1_relat_1(3^[]),#]]-[v1_relat_1(3^[]),[-v1_relat_1(3^[]),#]]),ext([v1_relat_1(_225672),[-v1_relat_1(k5_relat_1(_225696,_225698)),v1_relat_1(_225696)]]-[v1_relat_1(k5_relat_1(3^[],2^[])),[-v1_relat_1(k5_relat_1(3^[],2^[])),v1_relat_1(3^[])]]),ext([r1_tarski(_225734,_225736),[-r1_tarski(k5_relat_1(_225762,_225764),_225762),v1_relat_1(_225762)]]-[r1_tarski(k5_relat_1(k5_relat_1(3^[],2^[]),1^[]),k5_relat_1(3^[],2^[])),[-r1_tarski(k5_relat_1(k5_relat_1(3^[],2^[]),1^[]),k5_relat_1(3^[],2^[])),v1_relat_1(k5_relat_1(3^[],2^[]))]]),ext([r1_tarski(k5_relat_1(3^[],1^[]),k5_relat_1(3^[],2^[])),[-r1_tarski(_225816,_225818),r1_tarski(_225828,_225830),_225828=_225816,_225830=_225818]]-[r1_tarski(k5_relat_1(3^[],1^[]),k5_relat_1(3^[],2^[])),[-r1_tarski(k5_relat_1(3^[],1^[]),k5_relat_1(3^[],2^[])),r1_tarski(k5_relat_1(k5_relat_1(3^[],2^[]),1^[]),k5_relat_1(3^[],2^[])),k5_relat_1(k5_relat_1(3^[],2^[]),1^[])=k5_relat_1(3^[],1^[]),k5_relat_1(3^[],2^[])=k5_relat_1(3^[],2^[])]]),ext([- #,[#,r1_tarski(k5_relat_1(3^[],1^[]),k5_relat_1(3^[],2^[]))]]-[- #,[#,r1_tarski(k5_relat_1(3^[],1^[]),k5_relat_1(3^[],2^[]))]]),init(-# - -#)],0)state([3^[]=3^[],2^[]=2^[]],[k5_relat_1(3^[],2^[])=k5_relat_1(3^[],2^[]),r1_tarski(k5_relat_1(3^[],1^[]),k5_relat_1(3^[],2^[])),- #],[k5_relat_1(k5_relat_1(3^[],2^[]),1^[])=k5_relat_1(3^[],1^[]),r1_tarski(k5_relat_1(k5_relat_1(3^[],2^[]),1^[]),k5_relat_1(3^[],2^[]))],[ext(- (_225258=_225258),[],n),ext(- (_225228=_225230),[_225230=_225228],n),ext(- (_225186=_225188),[_225186=_225200,_225200=_225188],n)],[],[ext([k5_relat_1(3^[],2^[])=k5_relat_1(3^[],2^[]),[- (k5_relat_1(_225116,_225118)=k5_relat_1(_225122,_225124)),_225116=_225122,_225118=_225124]]-[k5_relat_1(3^[],2^[])=k5_relat_1(3^[],2^[]),[- (k5_relat_1(3^[],2^[])=k5_relat_1(3^[],2^[])),3^[]=3^[],2^[]=2^[]]]),red([#,- #]-[#,- #]),ext([r1_tarski(1^[],_224696),[-r1_tarski(1^[],2^[]),#]]-[r1_tarski(1^[],2^[]),[-r1_tarski(1^[],2^[]),#]]),red([#,- #]-[#,- #]),ext([v1_relat_1(3^[]),[-v1_relat_1(3^[]),#]]-[v1_relat_1(3^[]),[-v1_relat_1(3^[]),#]]),ext([k5_relat_1(k5_relat_1(3^[],_224748),_224742)=k5_relat_1(3^[],1^[]),[- (k5_relat_1(k5_relat_1(_224780,_224782),_224776)=k5_relat_1(_224780,_224776)),v1_relat_1(_224780),r1_tarski(_224776,_224782)]]-[k5_relat_1(k5_relat_1(3^[],2^[]),1^[])=k5_relat_1(3^[],1^[]),[- (k5_relat_1(k5_relat_1(3^[],2^[]),1^[])=k5_relat_1(3^[],1^[])),v1_relat_1(3^[]),r1_tarski(1^[],2^[])]]),red([#,- #]-[#,- #]),ext([v1_relat_1(_224842),[-v1_relat_1(3^[]),#]]-[v1_relat_1(3^[]),[-v1_relat_1(3^[]),#]]),ext([v1_relat_1(_224868),[-v1_relat_1(k5_relat_1(_224892,_224894)),v1_relat_1(_224892)]]-[v1_relat_1(k5_relat_1(3^[],2^[])),[-v1_relat_1(k5_relat_1(3^[],2^[])),v1_relat_1(3^[])]]),ext([r1_tarski(_224930,_224932),[-r1_tarski(k5_relat_1(_224958,_224960),_224958),v1_relat_1(_224958)]]-[r1_tarski(k5_relat_1(k5_relat_1(3^[],2^[]),1^[]),k5_relat_1(3^[],2^[])),[-r1_tarski(k5_relat_1(k5_relat_1(3^[],2^[]),1^[]),k5_relat_1(3^[],2^[])),v1_relat_1(k5_relat_1(3^[],2^[]))]]),ext([r1_tarski(k5_relat_1(3^[],1^[]),k5_relat_1(3^[],2^[])),[-r1_tarski(_225012,_225014),r1_tarski(_225024,_225026),_225024=_225012,_225026=_225014]]-[r1_tarski(k5_relat_1(3^[],1^[]),k5_relat_1(3^[],2^[])),[-r1_tarski(k5_relat_1(3^[],1^[]),k5_relat_1(3^[],2^[])),r1_tarski(k5_relat_1(k5_relat_1(3^[],2^[]),1^[]),k5_relat_1(3^[],2^[])),k5_relat_1(k5_relat_1(3^[],2^[]),1^[])=k5_relat_1(3^[],1^[]),k5_relat_1(3^[],2^[])=k5_relat_1(3^[],2^[])]]),ext([- #,[#,r1_tarski(k5_relat_1(3^[],1^[]),k5_relat_1(3^[],2^[]))]]-[- #,[#,r1_tarski(k5_relat_1(3^[],1^[]),k5_relat_1(3^[],2^[]))]]),init(-# - -#)],0)state([k5_relat_1(3^[],2^[])=k5_relat_1(3^[],2^[])],[r1_tarski(k5_relat_1(3^[],1^[]),k5_relat_1(3^[],2^[])),- #],[k5_relat_1(k5_relat_1(3^[],2^[]),1^[])=k5_relat_1(3^[],1^[]),r1_tarski(k5_relat_1(k5_relat_1(3^[],2^[]),1^[]),k5_relat_1(3^[],2^[]))],[ext(- (k5_relat_1(_189476,_189478)=k5_relat_1(_189482,_189484)),[_189476=_189482,_189478=_189484],n),ext(- (_189452=_189452),[],n),ext(- (_189422=_189424),[_189424=_189422],n),ext(- (_189380=_189382),[_189380=_189394,_189394=_189382],n)],[],[red([#,- #]-[#,- #]),ext([r1_tarski(1^[],_189316),[-r1_tarski(1^[],2^[]),#]]-[r1_tarski(1^[],2^[]),[-r1_tarski(1^[],2^[]),#]]),red([#,- #]-[#,- #]),ext([v1_relat_1(3^[]),[-v1_relat_1(3^[]),#]]-[v1_relat_1(3^[]),[-v1_relat_1(3^[]),#]]),ext([k5_relat_1(k5_relat_1(3^[],_188828),_188822)=k5_relat_1(3^[],1^[]),[- (k5_relat_1(k5_relat_1(_188860,_188862),_188856)=k5_relat_1(_188860,_188856)),v1_relat_1(_188860),r1_tarski(_188856,_188862)]]-[k5_relat_1(k5_relat_1(3^[],2^[]),1^[])=k5_relat_1(3^[],1^[]),[- (k5_relat_1(k5_relat_1(3^[],2^[]),1^[])=k5_relat_1(3^[],1^[])),v1_relat_1(3^[]),r1_tarski(1^[],2^[])]]),red([#,- #]-[#,- #]),ext([v1_relat_1(_188968),[-v1_relat_1(3^[]),#]]-[v1_relat_1(3^[]),[-v1_relat_1(3^[]),#]]),ext([v1_relat_1(_188994),[-v1_relat_1(k5_relat_1(_189018,_189020)),v1_relat_1(_189018)]]-[v1_relat_1(k5_relat_1(3^[],2^[])),[-v1_relat_1(k5_relat_1(3^[],2^[])),v1_relat_1(3^[])]]),ext([r1_tarski(_189086,_189088),[-r1_tarski(k5_relat_1(_189114,_189116),_189114),v1_relat_1(_189114)]]-[r1_tarski(k5_relat_1(k5_relat_1(3^[],2^[]),1^[]),k5_relat_1(3^[],2^[])),[-r1_tarski(k5_relat_1(k5_relat_1(3^[],2^[]),1^[]),k5_relat_1(3^[],2^[])),v1_relat_1(k5_relat_1(3^[],2^[]))]]),ext([r1_tarski(k5_relat_1(3^[],1^[]),k5_relat_1(3^[],2^[])),[-r1_tarski(_189202,_189204),r1_tarski(_189214,_189216),_189214=_189202,_189216=_189204]]-[r1_tarski(k5_relat_1(3^[],1^[]),k5_relat_1(3^[],2^[])),[-r1_tarski(k5_relat_1(3^[],1^[]),k5_relat_1(3^[],2^[])),r1_tarski(k5_relat_1(k5_relat_1(3^[],2^[]),1^[]),k5_relat_1(3^[],2^[])),k5_relat_1(k5_relat_1(3^[],2^[]),1^[])=k5_relat_1(3^[],1^[]),k5_relat_1(3^[],2^[])=k5_relat_1(3^[],2^[])]]),ext([- #,[#,r1_tarski(k5_relat_1(3^[],1^[]),k5_relat_1(3^[],2^[]))]]-[- #,[#,r1_tarski(k5_relat_1(3^[],1^[]),k5_relat_1(3^[],2^[]))]]),init(-# - -#)],0)state([r1_tarski(1^[],_187886)],[k5_relat_1(k5_relat_1(3^[],_187886),1^[])=k5_relat_1(3^[],1^[]),r1_tarski(k5_relat_1(3^[],1^[]),k5_relat_1(3^[],2^[])),- #],[v1_relat_1(3^[]),r1_tarski(k5_relat_1(k5_relat_1(3^[],_187886),1^[]),k5_relat_1(3^[],_187886))],[ext(-r1_tarski(1^[],2^[]),[#],g),ext(-r1_tarski(_188544,_188546),[r1_tarski(_188556,_188558),_188556=_188544,_188558=_188546],n)],[[[k5_relat_1(3^[],_187886)=k5_relat_1(3^[],2^[])],[r1_tarski(k5_relat_1(3^[],1^[]),k5_relat_1(3^[],2^[])),- #],[k5_relat_1(k5_relat_1(3^[],_187886),1^[])=k5_relat_1(3^[],1^[]),r1_tarski(k5_relat_1(k5_relat_1(3^[],_187886),1^[]),k5_relat_1(3^[],_187886))]]],[red([#,- #]-[#,- #]),ext([v1_relat_1(3^[]),[-v1_relat_1(3^[]),#]]-[v1_relat_1(3^[]),[-v1_relat_1(3^[]),#]]),ext([k5_relat_1(k5_relat_1(3^[],_188004),_187998)=k5_relat_1(3^[],1^[]),[- (k5_relat_1(k5_relat_1(_188036,_188038),_188032)=k5_relat_1(_188036,_188032)),v1_relat_1(_188036),r1_tarski(_188032,_188038)]]-[k5_relat_1(k5_relat_1(3^[],_187886),1^[])=k5_relat_1(3^[],1^[]),[- (k5_relat_1(k5_relat_1(3^[],_187886),1^[])=k5_relat_1(3^[],1^[])),v1_relat_1(3^[]),r1_tarski(1^[],_187886)]]),red([#,- #]-[#,- #]),ext([v1_relat_1(_188138),[-v1_relat_1(3^[]),#]]-[v1_relat_1(3^[]),[-v1_relat_1(3^[]),#]]),ext([v1_relat_1(_188164),[-v1_relat_1(k5_relat_1(_188188,_188190)),v1_relat_1(_188188)]]-[v1_relat_1(k5_relat_1(3^[],_187886)),[-v1_relat_1(k5_relat_1(3^[],_187886)),v1_relat_1(3^[])]]),ext([r1_tarski(_188256,_188258),[-r1_tarski(k5_relat_1(_188284,_188286),_188284),v1_relat_1(_188284)]]-[r1_tarski(k5_relat_1(k5_relat_1(3^[],_187886),1^[]),k5_relat_1(3^[],_187886)),[-r1_tarski(k5_relat_1(k5_relat_1(3^[],_187886),1^[]),k5_relat_1(3^[],_187886)),v1_relat_1(k5_relat_1(3^[],_187886))]]),ext([r1_tarski(k5_relat_1(3^[],1^[]),k5_relat_1(3^[],2^[])),[-r1_tarski(_188372,_188374),r1_tarski(_188384,_188386),_188384=_188372,_188386=_188374]]-[r1_tarski(k5_relat_1(3^[],1^[]),k5_relat_1(3^[],2^[])),[-r1_tarski(k5_relat_1(3^[],1^[]),k5_relat_1(3^[],2^[])),r1_tarski(k5_relat_1(k5_relat_1(3^[],_187886),1^[]),k5_relat_1(3^[],_187886)),k5_relat_1(k5_relat_1(3^[],_187886),1^[])=k5_relat_1(3^[],1^[]),k5_relat_1(3^[],_187886)=k5_relat_1(3^[],2^[])]]),ext([- #,[#,r1_tarski(k5_relat_1(3^[],1^[]),k5_relat_1(3^[],2^[]))]]-[- #,[#,r1_tarski(k5_relat_1(3^[],1^[]),k5_relat_1(3^[],2^[]))]]),init(-# - -#)],0)state([v1_relat_1(3^[]),r1_tarski(1^[],_115340)],[k5_relat_1(k5_relat_1(3^[],_115340),1^[])=k5_relat_1(3^[],1^[]),r1_tarski(k5_relat_1(3^[],1^[]),k5_relat_1(3^[],2^[])),- #],[r1_tarski(k5_relat_1(k5_relat_1(3^[],_115340),1^[]),k5_relat_1(3^[],_115340))],[ext(-v1_relat_1(3^[]),[#],g),ext(-v1_relat_1(_115930),[_115940=_115930,v1_relat_1(_115940)],n)],[[[k5_relat_1(3^[],_115340)=k5_relat_1(3^[],2^[])],[r1_tarski(k5_relat_1(3^[],1^[]),k5_relat_1(3^[],2^[])),- #],[k5_relat_1(k5_relat_1(3^[],_115340),1^[])=k5_relat_1(3^[],1^[]),r1_tarski(k5_relat_1(k5_relat_1(3^[],_115340),1^[]),k5_relat_1(3^[],_115340))]]],[ext([k5_relat_1(k5_relat_1(3^[],_115800),_115794)=k5_relat_1(3^[],1^[]),[- (k5_relat_1(k5_relat_1(_115832,_115834),_115828)=k5_relat_1(_115832,_115828)),v1_relat_1(_115832),r1_tarski(_115828,_115834)]]-[k5_relat_1(k5_relat_1(3^[],_115340),1^[])=k5_relat_1(3^[],1^[]),[- (k5_relat_1(k5_relat_1(3^[],_115340),1^[])=k5_relat_1(3^[],1^[])),v1_relat_1(3^[]),r1_tarski(1^[],_115340)]]),red([#,- #]-[#,- #]),ext([v1_relat_1(_115446),[-v1_relat_1(3^[]),#]]-[v1_relat_1(3^[]),[-v1_relat_1(3^[]),#]]),ext([v1_relat_1(_115472),[-v1_relat_1(k5_relat_1(_115496,_115498)),v1_relat_1(_115496)]]-[v1_relat_1(k5_relat_1(3^[],_115340)),[-v1_relat_1(k5_relat_1(3^[],_115340)),v1_relat_1(3^[])]]),ext([r1_tarski(_115564,_115566),[-r1_tarski(k5_relat_1(_115592,_115594),_115592),v1_relat_1(_115592)]]-[r1_tarski(k5_relat_1(k5_relat_1(3^[],_115340),1^[]),k5_relat_1(3^[],_115340)),[-r1_tarski(k5_relat_1(k5_relat_1(3^[],_115340),1^[]),k5_relat_1(3^[],_115340)),v1_relat_1(k5_relat_1(3^[],_115340))]]),ext([r1_tarski(k5_relat_1(3^[],1^[]),k5_relat_1(3^[],2^[])),[-r1_tarski(_115680,_115682),r1_tarski(_115692,_115694),_115692=_115680,_115694=_115682]]-[r1_tarski(k5_relat_1(3^[],1^[]),k5_relat_1(3^[],2^[])),[-r1_tarski(k5_relat_1(3^[],1^[]),k5_relat_1(3^[],2^[])),r1_tarski(k5_relat_1(k5_relat_1(3^[],_115340),1^[]),k5_relat_1(3^[],_115340)),k5_relat_1(k5_relat_1(3^[],_115340),1^[])=k5_relat_1(3^[],1^[]),k5_relat_1(3^[],_115340)=k5_relat_1(3^[],2^[])]]),ext([- #,[#,r1_tarski(k5_relat_1(3^[],1^[]),k5_relat_1(3^[],2^[]))]]-[- #,[#,r1_tarski(k5_relat_1(3^[],1^[]),k5_relat_1(3^[],2^[]))]]),init(-# - -#)],0)state([k5_relat_1(k5_relat_1(3^[],_101900),_101912)=k5_relat_1(3^[],1^[]),k5_relat_1(3^[],_101900)=k5_relat_1(3^[],2^[])],[r1_tarski(k5_relat_1(3^[],1^[]),k5_relat_1(3^[],2^[])),- #],[r1_tarski(k5_relat_1(k5_relat_1(3^[],_101900),_101912),k5_relat_1(3^[],_101900))],[ext(- (k5_relat_1(k5_relat_1(_102480,_102482),_102476)=k5_relat_1(_102480,_102476)),[v1_relat_1(_102480),r1_tarski(_102476,_102482)],n),ext(- (k5_relat_1(_102420,_102422)=k5_relat_1(_102426,_102428)),[_102420=_102426,_102422=_102428],n),ext(- (_102384=_102386),[_102386=_102384],n),ext(- (_102342=_102344),[_102342=_102356,_102356=_102344],n),para([0],k5_relat_1(k5_relat_1(_102538,_102540),_102534),k5_relat_1(_102538,_102534),[v1_relat_1(_102538),r1_tarski(_102534,_102540)],l2r)],[],[red([#,- #]-[#,- #]),ext([v1_relat_1(_102278),[-v1_relat_1(3^[]),#]]-[v1_relat_1(3^[]),[-v1_relat_1(3^[]),#]]),ext([v1_relat_1(_101968),[-v1_relat_1(k5_relat_1(_101992,_101994)),v1_relat_1(_101992)]]-[v1_relat_1(k5_relat_1(3^[],_101900)),[-v1_relat_1(k5_relat_1(3^[],_101900)),v1_relat_1(3^[])]]),ext([r1_tarski(_102056,_102058),[-r1_tarski(k5_relat_1(_102084,_102086),_102084),v1_relat_1(_102084)]]-[r1_tarski(k5_relat_1(k5_relat_1(3^[],_101900),_101912),k5_relat_1(3^[],_101900)),[-r1_tarski(k5_relat_1(k5_relat_1(3^[],_101900),_101912),k5_relat_1(3^[],_101900)),v1_relat_1(k5_relat_1(3^[],_101900))]]),ext([r1_tarski(k5_relat_1(3^[],1^[]),k5_relat_1(3^[],2^[])),[-r1_tarski(_102172,_102174),r1_tarski(_102184,_102186),_102184=_102172,_102186=_102174]]-[r1_tarski(k5_relat_1(3^[],1^[]),k5_relat_1(3^[],2^[])),[-r1_tarski(k5_relat_1(3^[],1^[]),k5_relat_1(3^[],2^[])),r1_tarski(k5_relat_1(k5_relat_1(3^[],_101900),_101912),k5_relat_1(3^[],_101900)),k5_relat_1(k5_relat_1(3^[],_101900),_101912)=k5_relat_1(3^[],1^[]),k5_relat_1(3^[],_101900)=k5_relat_1(3^[],2^[])]]),ext([- #,[#,r1_tarski(k5_relat_1(3^[],1^[]),k5_relat_1(3^[],2^[]))]]-[- #,[#,r1_tarski(k5_relat_1(3^[],1^[]),k5_relat_1(3^[],2^[]))]]),init(-# - -#)],0)state([v1_relat_1(_86256)],[v1_relat_1(k5_relat_1(_86256,_86258)),r1_tarski(k5_relat_1(k5_relat_1(_86256,_86258),_86244),k5_relat_1(_86256,_86258)),r1_tarski(k5_relat_1(3^[],1^[]),k5_relat_1(3^[],2^[])),- #],[],[ext(-v1_relat_1(3^[]),[#],g),ext(-v1_relat_1(k5_relat_1(_86680,_86682)),[v1_relat_1(_86680)],n),ext(-v1_relat_1(_86638),[_86648=_86638,v1_relat_1(_86648)],n)],[[[k5_relat_1(k5_relat_1(_86256,_86258),_86244)=k5_relat_1(3^[],1^[]),k5_relat_1(_86256,_86258)=k5_relat_1(3^[],2^[])],[r1_tarski(k5_relat_1(3^[],1^[]),k5_relat_1(3^[],2^[])),- #],[r1_tarski(k5_relat_1(k5_relat_1(_86256,_86258),_86244),k5_relat_1(_86256,_86258))]]],[ext([v1_relat_1(_86564),[-v1_relat_1(k5_relat_1(_86588,_86590)),v1_relat_1(_86588)]]-[v1_relat_1(k5_relat_1(_86256,_86258)),[-v1_relat_1(k5_relat_1(_86256,_86258)),v1_relat_1(_86256)]]),ext([r1_tarski(_86348,_86350),[-r1_tarski(k5_relat_1(_86376,_86378),_86376),v1_relat_1(_86376)]]-[r1_tarski(k5_relat_1(k5_relat_1(_86256,_86258),_86244),k5_relat_1(_86256,_86258)),[-r1_tarski(k5_relat_1(k5_relat_1(_86256,_86258),_86244),k5_relat_1(_86256,_86258)),v1_relat_1(k5_relat_1(_86256,_86258))]]),ext([r1_tarski(k5_relat_1(3^[],1^[]),k5_relat_1(3^[],2^[])),[-r1_tarski(_86458,_86460),r1_tarski(_86470,_86472),_86470=_86458,_86472=_86460]]-[r1_tarski(k5_relat_1(3^[],1^[]),k5_relat_1(3^[],2^[])),[-r1_tarski(k5_relat_1(3^[],1^[]),k5_relat_1(3^[],2^[])),r1_tarski(k5_relat_1(k5_relat_1(_86256,_86258),_86244),k5_relat_1(_86256,_86258)),k5_relat_1(k5_relat_1(_86256,_86258),_86244)=k5_relat_1(3^[],1^[]),k5_relat_1(_86256,_86258)=k5_relat_1(3^[],2^[])]]),ext([- #,[#,r1_tarski(k5_relat_1(3^[],1^[]),k5_relat_1(3^[],2^[]))]]-[- #,[#,r1_tarski(k5_relat_1(3^[],1^[]),k5_relat_1(3^[],2^[]))]]),init(-# - -#)],0)state([v1_relat_1(_34064)],[r1_tarski(k5_relat_1(_34064,_34104),_34064),r1_tarski(k5_relat_1(3^[],1^[]),k5_relat_1(3^[],2^[])),- #],[],[ext(-v1_relat_1(3^[]),[#],g),ext(-v1_relat_1(k5_relat_1(_34406,_34408)),[v1_relat_1(_34406)],n),ext(-v1_relat_1(_34364),[_34374=_34364,v1_relat_1(_34374)],n)],[[[k5_relat_1(_34064,_34104)=k5_relat_1(3^[],1^[]),_34064=k5_relat_1(3^[],2^[])],[r1_tarski(k5_relat_1(3^[],1^[]),k5_relat_1(3^[],2^[])),- #],[r1_tarski(k5_relat_1(_34064,_34104),_34064)]]],[ext([r1_tarski(_34256,_34258),[-r1_tarski(k5_relat_1(_34284,_34286),_34284),v1_relat_1(_34284)]]-[r1_tarski(k5_relat_1(_34064,_34104),_34064),[-r1_tarski(k5_relat_1(_34064,_34104),_34064),v1_relat_1(_34064)]]),ext([r1_tarski(k5_relat_1(3^[],1^[]),k5_relat_1(3^[],2^[])),[-r1_tarski(_34156,_34158),r1_tarski(_34168,_34170),_34168=_34156,_34170=_34158]]-[r1_tarski(k5_relat_1(3^[],1^[]),k5_relat_1(3^[],2^[])),[-r1_tarski(k5_relat_1(3^[],1^[]),k5_relat_1(3^[],2^[])),r1_tarski(k5_relat_1(_34064,_34104),_34064),k5_relat_1(_34064,_34104)=k5_relat_1(3^[],1^[]),_34064=k5_relat_1(3^[],2^[])]]),ext([- #,[#,r1_tarski(k5_relat_1(3^[],1^[]),k5_relat_1(3^[],2^[]))]]-[- #,[#,r1_tarski(k5_relat_1(3^[],1^[]),k5_relat_1(3^[],2^[]))]]),init(-# - -#)],0)state([r1_tarski(_20030,_20032),_20030=k5_relat_1(3^[],1^[]),_20032=k5_relat_1(3^[],2^[])],[r1_tarski(k5_relat_1(3^[],1^[]),k5_relat_1(3^[],2^[])),- #],[],[ext(-r1_tarski(1^[],2^[]),[#],g),ext(-r1_tarski(k5_relat_1(_20248,_20254),_20248),[v1_relat_1(_20248)],n),ext(-r1_tarski(_20192,_20194),[r1_tarski(_20204,_20206),_20204=_20192,_20206=_20194],n)],[],[ext([r1_tarski(k5_relat_1(3^[],1^[]),k5_relat_1(3^[],2^[])),[-r1_tarski(_20116,_20118),r1_tarski(_20128,_20130),_20128=_20116,_20130=_20118]]-[r1_tarski(k5_relat_1(3^[],1^[]),k5_relat_1(3^[],2^[])),[-r1_tarski(k5_relat_1(3^[],1^[]),k5_relat_1(3^[],2^[])),r1_tarski(_20030,_20032),_20030=k5_relat_1(3^[],1^[]),_20032=k5_relat_1(3^[],2^[])]]),ext([- #,[#,r1_tarski(k5_relat_1(3^[],1^[]),k5_relat_1(3^[],2^[]))]]-[- #,[#,r1_tarski(k5_relat_1(3^[],1^[]),k5_relat_1(3^[],2^[]))]]),init(-# - -#)],0)state([r1_tarski(k5_relat_1(3^[],1^[]),k5_relat_1(3^[],2^[]))],[- #],[],[ext(-r1_tarski(_19934,_19936),[r1_tarski(_19946,_19948),_19946=_19934,_19948=_19936],n)],[],[ext([- #,[#,r1_tarski(k5_relat_1(3^[],1^[]),k5_relat_1(3^[],2^[]))]]-[- #,[#,r1_tarski(k5_relat_1(3^[],1^[]),k5_relat_1(3^[],2^[]))]]),init(-# - -#)],0)state([- #],[],[],[ext(#,[-v1_relat_1(3^[])],g),ext(#,[-r1_tarski(1^[],2^[])],g),ext(#,[r1_tarski(k5_relat_1(3^[],1^[]),k5_relat_1(3^[],2^[]))],g)],[],[init(-# - -#)],0)Value data saved
state([2^[]=2^[]],[k5_relat_1(3^[],2^[])=k5_relat_1(3^[],2^[]),r1_tarski(k5_relat_1(3^[],1^[]),k5_relat_1(3^[],2^[])),- #],[3^[]=3^[],k5_relat_1(k5_relat_1(3^[],2^[]),1^[])=k5_relat_1(3^[],1^[]),r1_tarski(k5_relat_1(k5_relat_1(3^[],2^[]),1^[]),k5_relat_1(3^[],2^[]))],[ext(- (_226026=_226026),[],n),ext(- (_225996=_225998),[_225998=_225996],n),ext(- (_225954=_225956),[_225954=_225968,_225968=_225956],n)],[],[ext([3^[]=3^[],[- (_225914=_225914)]]-[3^[]=3^[],[- (3^[]=3^[])]]),ext([k5_relat_1(3^[],2^[])=k5_relat_1(3^[],2^[]),[- (k5_relat_1(_225434,_225436)=k5_relat_1(_225440,_225442)),_225434=_225440,_225436=_225442]]-[k5_relat_1(3^[],2^[])=k5_relat_1(3^[],2^[]),[- (k5_relat_1(3^[],2^[])=k5_relat_1(3^[],2^[])),3^[]=3^[],2^[]=2^[]]]),red([#,- #]-[#,- #]),ext([r1_tarski(1^[],_225500),[-r1_tarski(1^[],2^[]),#]]-[r1_tarski(1^[],2^[]),[-r1_tarski(1^[],2^[]),#]]),red([#,- #]-[#,- #]),ext([v1_relat_1(3^[]),[-v1_relat_1(3^[]),#]]-[v1_relat_1(3^[]),[-v1_relat_1(3^[]),#]]),ext([k5_relat_1(k5_relat_1(3^[],_225552),_225546)=k5_relat_1(3^[],1^[]),[- (k5_relat_1(k5_relat_1(_225584,_225586),_225580)=k5_relat_1(_225584,_225580)),v1_relat_1(_225584),r1_tarski(_225580,_225586)]]-[k5_relat_1(k5_relat_1(3^[],2^[]),1^[])=k5_relat_1(3^[],1^[]),[- (k5_relat_1(k5_relat_1(3^[],2^[]),1^[])=k5_relat_1(3^[],1^[])),v1_relat_1(3^[]),r1_tarski(1^[],2^[])]]),red([#,- #]-[#,- #]),ext([v1_relat_1(_225646),[-v1_relat_1(3^[]),#]]-[v1_relat_1(3^[]),[-v1_relat_1(3^[]),#]]),ext([v1_relat_1(_225672),[-v1_relat_1(k5_relat_1(_225696,_225698)),v1_relat_1(_225696)]]-[v1_relat_1(k5_relat_1(3^[],2^[])),[-v1_relat_1(k5_relat_1(3^[],2^[])),v1_relat_1(3^[])]]),ext([r1_tarski(_225734,_225736),[-r1_tarski(k5_relat_1(_225762,_225764),_225762),v1_relat_1(_225762)]]-[r1_tarski(k5_relat_1(k5_relat_1(3^[],2^[]),1^[]),k5_relat_1(3^[],2^[])),[-r1_tarski(k5_relat_1(k5_relat_1(3^[],2^[]),1^[]),k5_relat_1(3^[],2^[])),v1_relat_1(k5_relat_1(3^[],2^[]))]]),ext([r1_tarski(k5_relat_1(3^[],1^[]),k5_relat_1(3^[],2^[])),[-r1_tarski(_225816,_225818),r1_tarski(_225828,_225830),_225828=_225816,_225830=_225818]]-[r1_tarski(k5_relat_1(3^[],1^[]),k5_relat_1(3^[],2^[])),[-r1_tarski(k5_relat_1(3^[],1^[]),k5_relat_1(3^[],2^[])),r1_tarski(k5_relat_1(k5_relat_1(3^[],2^[]),1^[]),k5_relat_1(3^[],2^[])),k5_relat_1(k5_relat_1(3^[],2^[]),1^[])=k5_relat_1(3^[],1^[]),k5_relat_1(3^[],2^[])=k5_relat_1(3^[],2^[])]]),ext([- #,[#,r1_tarski(k5_relat_1(3^[],1^[]),k5_relat_1(3^[],2^[]))]]-[- #,[#,r1_tarski(k5_relat_1(3^[],1^[]),k5_relat_1(3^[],2^[]))]]),init(-# - -#)],0)state([2^[]=2^[]],[k5_relat_1(3^[],2^[])=k5_relat_1(3^[],2^[]),r1_tarski(k5_relat_1(3^[],1^[]),k5_relat_1(3^[],2^[])),- #],[3^[]=3^[],k5_relat_1(k5_relat_1(3^[],2^[]),1^[])=k5_relat_1(3^[],1^[]),r1_tarski(k5_relat_1(k5_relat_1(3^[],2^[]),1^[]),k5_relat_1(3^[],2^[]))],[ext(- (_226026=_226026),[],n),ext(- (_225996=_225998),[_225998=_225996],n),ext(- (_225954=_225956),[_225954=_225968,_225968=_225956],n)],[],[ext([3^[]=3^[],[- (_225914=_225914)]]-[3^[]=3^[],[- (3^[]=3^[])]]),ext([k5_relat_1(3^[],2^[])=k5_relat_1(3^[],2^[]),[- (k5_relat_1(_225434,_225436)=k5_relat_1(_225440,_225442)),_225434=_225440,_225436=_225442]]-[k5_relat_1(3^[],2^[])=k5_relat_1(3^[],2^[]),[- (k5_relat_1(3^[],2^[])=k5_relat_1(3^[],2^[])),3^[]=3^[],2^[]=2^[]]]),red([#,- #]-[#,- #]),ext([r1_tarski(1^[],_225500),[-r1_tarski(1^[],2^[]),#]]-[r1_tarski(1^[],2^[]),[-r1_tarski(1^[],2^[]),#]]),red([#,- #]-[#,- #]),ext([v1_relat_1(3^[]),[-v1_relat_1(3^[]),#]]-[v1_relat_1(3^[]),[-v1_relat_1(3^[]),#]]),ext([k5_relat_1(k5_relat_1(3^[],_225552),_225546)=k5_relat_1(3^[],1^[]),[- (k5_relat_1(k5_relat_1(_225584,_225586),_225580)=k5_relat_1(_225584,_225580)),v1_relat_1(_225584),r1_tarski(_225580,_225586)]]-[k5_relat_1(k5_relat_1(3^[],2^[]),1^[])=k5_relat_1(3^[],1^[]),[- (k5_relat_1(k5_relat_1(3^[],2^[]),1^[])=k5_relat_1(3^[],1^[])),v1_relat_1(3^[]),r1_tarski(1^[],2^[])]]),red([#,- #]-[#,- #]),ext([v1_relat_1(_225646),[-v1_relat_1(3^[]),#]]-[v1_relat_1(3^[]),[-v1_relat_1(3^[]),#]]),ext([v1_relat_1(_225672),[-v1_relat_1(k5_relat_1(_225696,_225698)),v1_relat_1(_225696)]]-[v1_relat_1(k5_relat_1(3^[],2^[])),[-v1_relat_1(k5_relat_1(3^[],2^[])),v1_relat_1(3^[])]]),ext([r1_tarski(_225734,_225736),[-r1_tarski(k5_relat_1(_225762,_225764),_225762),v1_relat_1(_225762)]]-[r1_tarski(k5_relat_1(k5_relat_1(3^[],2^[]),1^[]),k5_relat_1(3^[],2^[])),[-r1_tarski(k5_relat_1(k5_relat_1(3^[],2^[]),1^[]),k5_relat_1(3^[],2^[])),v1_relat_1(k5_relat_1(3^[],2^[]))]]),ext([r1_tarski(k5_relat_1(3^[],1^[]),k5_relat_1(3^[],2^[])),[-r1_tarski(_225816,_225818),r1_tarski(_225828,_225830),_225828=_225816,_225830=_225818]]-[r1_tarski(k5_relat_1(3^[],1^[]),k5_relat_1(3^[],2^[])),[-r1_tarski(k5_relat_1(3^[],1^[]),k5_relat_1(3^[],2^[])),r1_tarski(k5_relat_1(k5_relat_1(3^[],2^[]),1^[]),k5_relat_1(3^[],2^[])),k5_relat_1(k5_relat_1(3^[],2^[]),1^[])=k5_relat_1(3^[],1^[]),k5_relat_1(3^[],2^[])=k5_relat_1(3^[],2^[])]]),ext([- #,[#,r1_tarski(k5_relat_1(3^[],1^[]),k5_relat_1(3^[],2^[]))]]-[- #,[#,r1_tarski(k5_relat_1(3^[],1^[]),k5_relat_1(3^[],2^[]))]]),init(-# - -#)],0)state([2^[]=2^[]],[k5_relat_1(3^[],2^[])=k5_relat_1(3^[],2^[]),r1_tarski(k5_relat_1(3^[],1^[]),k5_relat_1(3^[],2^[])),- #],[3^[]=3^[],k5_relat_1(k5_relat_1(3^[],2^[]),1^[])=k5_relat_1(3^[],1^[]),r1_tarski(k5_relat_1(k5_relat_1(3^[],2^[]),1^[]),k5_relat_1(3^[],2^[]))],[ext(- (_226026=_226026),[],n),ext(- (_225996=_225998),[_225998=_225996],n),ext(- (_225954=_225956),[_225954=_225968,_225968=_225956],n)],[],[ext([3^[]=3^[],[- (_225914=_225914)]]-[3^[]=3^[],[- (3^[]=3^[])]]),ext([k5_relat_1(3^[],2^[])=k5_relat_1(3^[],2^[]),[- (k5_relat_1(_225434,_225436)=k5_relat_1(_225440,_225442)),_225434=_225440,_225436=_225442]]-[k5_relat_1(3^[],2^[])=k5_relat_1(3^[],2^[]),[- (k5_relat_1(3^[],2^[])=k5_relat_1(3^[],2^[])),3^[]=3^[],2^[]=2^[]]]),red([#,- #]-[#,- #]),ext([r1_tarski(1^[],_225500),[-r1_tarski(1^[],2^[]),#]]-[r1_tarski(1^[],2^[]),[-r1_tarski(1^[],2^[]),#]]),red([#,- #]-[#,- #]),ext([v1_relat_1(3^[]),[-v1_relat_1(3^[]),#]]-[v1_relat_1(3^[]),[-v1_relat_1(3^[]),#]]),ext([k5_relat_1(k5_relat_1(3^[],_225552),_225546)=k5_relat_1(3^[],1^[]),[- (k5_relat_1(k5_relat_1(_225584,_225586),_225580)=k5_relat_1(_225584,_225580)),v1_relat_1(_225584),r1_tarski(_225580,_225586)]]-[k5_relat_1(k5_relat_1(3^[],2^[]),1^[])=k5_relat_1(3^[],1^[]),[- (k5_relat_1(k5_relat_1(3^[],2^[]),1^[])=k5_relat_1(3^[],1^[])),v1_relat_1(3^[]),r1_tarski(1^[],2^[])]]),red([#,- #]-[#,- #]),ext([v1_relat_1(_225646),[-v1_relat_1(3^[]),#]]-[v1_relat_1(3^[]),[-v1_relat_1(3^[]),#]]),ext([v1_relat_1(_225672),[-v1_relat_1(k5_relat_1(_225696,_225698)),v1_relat_1(_225696)]]-[v1_relat_1(k5_relat_1(3^[],2^[])),[-v1_relat_1(k5_relat_1(3^[],2^[])),v1_relat_1(3^[])]]),ext([r1_tarski(_225734,_225736),[-r1_tarski(k5_relat_1(_225762,_225764),_225762),v1_relat_1(_225762)]]-[r1_tarski(k5_relat_1(k5_relat_1(3^[],2^[]),1^[]),k5_relat_1(3^[],2^[])),[-r1_tarski(k5_relat_1(k5_relat_1(3^[],2^[]),1^[]),k5_relat_1(3^[],2^[])),v1_relat_1(k5_relat_1(3^[],2^[]))]]),ext([r1_tarski(k5_relat_1(3^[],1^[]),k5_relat_1(3^[],2^[])),[-r1_tarski(_225816,_225818),r1_tarski(_225828,_225830),_225828=_225816,_225830=_225818]]-[r1_tarski(k5_relat_1(3^[],1^[]),k5_relat_1(3^[],2^[])),[-r1_tarski(k5_relat_1(3^[],1^[]),k5_relat_1(3^[],2^[])),r1_tarski(k5_relat_1(k5_relat_1(3^[],2^[]),1^[]),k5_relat_1(3^[],2^[])),k5_relat_1(k5_relat_1(3^[],2^[]),1^[])=k5_relat_1(3^[],1^[]),k5_relat_1(3^[],2^[])=k5_relat_1(3^[],2^[])]]),ext([- #,[#,r1_tarski(k5_relat_1(3^[],1^[]),k5_relat_1(3^[],2^[]))]]-[- #,[#,r1_tarski(k5_relat_1(3^[],1^[]),k5_relat_1(3^[],2^[]))]]),init(-# - -#)],0)state([3^[]=3^[],2^[]=2^[]],[k5_relat_1(3^[],2^[])=k5_relat_1(3^[],2^[]),r1_tarski(k5_relat_1(3^[],1^[]),k5_relat_1(3^[],2^[])),- #],[k5_relat_1(k5_relat_1(3^[],2^[]),1^[])=k5_relat_1(3^[],1^[]),r1_tarski(k5_relat_1(k5_relat_1(3^[],2^[]),1^[]),k5_relat_1(3^[],2^[]))],[ext(- (_225258=_225258),[],n),ext(- (_225228=_225230),[_225230=_225228],n),ext(- (_225186=_225188),[_225186=_225200,_225200=_225188],n)],[],[ext([k5_relat_1(3^[],2^[])=k5_relat_1(3^[],2^[]),[- (k5_relat_1(_225116,_225118)=k5_relat_1(_225122,_225124)),_225116=_225122,_225118=_225124]]-[k5_relat_1(3^[],2^[])=k5_relat_1(3^[],2^[]),[- (k5_relat_1(3^[],2^[])=k5_relat_1(3^[],2^[])),3^[]=3^[],2^[]=2^[]]]),red([#,- #]-[#,- #]),ext([r1_tarski(1^[],_224696),[-r1_tarski(1^[],2^[]),#]]-[r1_tarski(1^[],2^[]),[-r1_tarski(1^[],2^[]),#]]),red([#,- #]-[#,- #]),ext([v1_relat_1(3^[]),[-v1_relat_1(3^[]),#]]-[v1_relat_1(3^[]),[-v1_relat_1(3^[]),#]]),ext([k5_relat_1(k5_relat_1(3^[],_224748),_224742)=k5_relat_1(3^[],1^[]),[- (k5_relat_1(k5_relat_1(_224780,_224782),_224776)=k5_relat_1(_224780,_224776)),v1_relat_1(_224780),r1_tarski(_224776,_224782)]]-[k5_relat_1(k5_relat_1(3^[],2^[]),1^[])=k5_relat_1(3^[],1^[]),[- (k5_relat_1(k5_relat_1(3^[],2^[]),1^[])=k5_relat_1(3^[],1^[])),v1_relat_1(3^[]),r1_tarski(1^[],2^[])]]),red([#,- #]-[#,- #]),ext([v1_relat_1(_224842),[-v1_relat_1(3^[]),#]]-[v1_relat_1(3^[]),[-v1_relat_1(3^[]),#]]),ext([v1_relat_1(_224868),[-v1_relat_1(k5_relat_1(_224892,_224894)),v1_relat_1(_224892)]]-[v1_relat_1(k5_relat_1(3^[],2^[])),[-v1_relat_1(k5_relat_1(3^[],2^[])),v1_relat_1(3^[])]]),ext([r1_tarski(_224930,_224932),[-r1_tarski(k5_relat_1(_224958,_224960),_224958),v1_relat_1(_224958)]]-[r1_tarski(k5_relat_1(k5_relat_1(3^[],2^[]),1^[]),k5_relat_1(3^[],2^[])),[-r1_tarski(k5_relat_1(k5_relat_1(3^[],2^[]),1^[]),k5_relat_1(3^[],2^[])),v1_relat_1(k5_relat_1(3^[],2^[]))]]),ext([r1_tarski(k5_relat_1(3^[],1^[]),k5_relat_1(3^[],2^[])),[-r1_tarski(_225012,_225014),r1_tarski(_225024,_225026),_225024=_225012,_225026=_225014]]-[r1_tarski(k5_relat_1(3^[],1^[]),k5_relat_1(3^[],2^[])),[-r1_tarski(k5_relat_1(3^[],1^[]),k5_relat_1(3^[],2^[])),r1_tarski(k5_relat_1(k5_relat_1(3^[],2^[]),1^[]),k5_relat_1(3^[],2^[])),k5_relat_1(k5_relat_1(3^[],2^[]),1^[])=k5_relat_1(3^[],1^[]),k5_relat_1(3^[],2^[])=k5_relat_1(3^[],2^[])]]),ext([- #,[#,r1_tarski(k5_relat_1(3^[],1^[]),k5_relat_1(3^[],2^[]))]]-[- #,[#,r1_tarski(k5_relat_1(3^[],1^[]),k5_relat_1(3^[],2^[]))]]),init(-# - -#)],0)state([3^[]=3^[],2^[]=2^[]],[k5_relat_1(3^[],2^[])=k5_relat_1(3^[],2^[]),r1_tarski(k5_relat_1(3^[],1^[]),k5_relat_1(3^[],2^[])),- #],[k5_relat_1(k5_relat_1(3^[],2^[]),1^[])=k5_relat_1(3^[],1^[]),r1_tarski(k5_relat_1(k5_relat_1(3^[],2^[]),1^[]),k5_relat_1(3^[],2^[]))],[ext(- (_225258=_225258),[],n),ext(- (_225228=_225230),[_225230=_225228],n),ext(- (_225186=_225188),[_225186=_225200,_225200=_225188],n)],[],[ext([k5_relat_1(3^[],2^[])=k5_relat_1(3^[],2^[]),[- (k5_relat_1(_225116,_225118)=k5_relat_1(_225122,_225124)),_225116=_225122,_225118=_225124]]-[k5_relat_1(3^[],2^[])=k5_relat_1(3^[],2^[]),[- (k5_relat_1(3^[],2^[])=k5_relat_1(3^[],2^[])),3^[]=3^[],2^[]=2^[]]]),red([#,- #]-[#,- #]),ext([r1_tarski(1^[],_224696),[-r1_tarski(1^[],2^[]),#]]-[r1_tarski(1^[],2^[]),[-r1_tarski(1^[],2^[]),#]]),red([#,- #]-[#,- #]),ext([v1_relat_1(3^[]),[-v1_relat_1(3^[]),#]]-[v1_relat_1(3^[]),[-v1_relat_1(3^[]),#]]),ext([k5_relat_1(k5_relat_1(3^[],_224748),_224742)=k5_relat_1(3^[],1^[]),[- (k5_relat_1(k5_relat_1(_224780,_224782),_224776)=k5_relat_1(_224780,_224776)),v1_relat_1(_224780),r1_tarski(_224776,_224782)]]-[k5_relat_1(k5_relat_1(3^[],2^[]),1^[])=k5_relat_1(3^[],1^[]),[- (k5_relat_1(k5_relat_1(3^[],2^[]),1^[])=k5_relat_1(3^[],1^[])),v1_relat_1(3^[]),r1_tarski(1^[],2^[])]]),red([#,- #]-[#,- #]),ext([v1_relat_1(_224842),[-v1_relat_1(3^[]),#]]-[v1_relat_1(3^[]),[-v1_relat_1(3^[]),#]]),ext([v1_relat_1(_224868),[-v1_relat_1(k5_relat_1(_224892,_224894)),v1_relat_1(_224892)]]-[v1_relat_1(k5_relat_1(3^[],2^[])),[-v1_relat_1(k5_relat_1(3^[],2^[])),v1_relat_1(3^[])]]),ext([r1_tarski(_224930,_224932),[-r1_tarski(k5_relat_1(_224958,_224960),_224958),v1_relat_1(_224958)]]-[r1_tarski(k5_relat_1(k5_relat_1(3^[],2^[]),1^[]),k5_relat_1(3^[],2^[])),[-r1_tarski(k5_relat_1(k5_relat_1(3^[],2^[]),1^[]),k5_relat_1(3^[],2^[])),v1_relat_1(k5_relat_1(3^[],2^[]))]]),ext([r1_tarski(k5_relat_1(3^[],1^[]),k5_relat_1(3^[],2^[])),[-r1_tarski(_225012,_225014),r1_tarski(_225024,_225026),_225024=_225012,_225026=_225014]]-[r1_tarski(k5_relat_1(3^[],1^[]),k5_relat_1(3^[],2^[])),[-r1_tarski(k5_relat_1(3^[],1^[]),k5_relat_1(3^[],2^[])),r1_tarski(k5_relat_1(k5_relat_1(3^[],2^[]),1^[]),k5_relat_1(3^[],2^[])),k5_relat_1(k5_relat_1(3^[],2^[]),1^[])=k5_relat_1(3^[],1^[]),k5_relat_1(3^[],2^[])=k5_relat_1(3^[],2^[])]]),ext([- #,[#,r1_tarski(k5_relat_1(3^[],1^[]),k5_relat_1(3^[],2^[]))]]-[- #,[#,r1_tarski(k5_relat_1(3^[],1^[]),k5_relat_1(3^[],2^[]))]]),init(-# - -#)],0)state([3^[]=3^[],2^[]=2^[]],[k5_relat_1(3^[],2^[])=k5_relat_1(3^[],2^[]),r1_tarski(k5_relat_1(3^[],1^[]),k5_relat_1(3^[],2^[])),- #],[k5_relat_1(k5_relat_1(3^[],2^[]),1^[])=k5_relat_1(3^[],1^[]),r1_tarski(k5_relat_1(k5_relat_1(3^[],2^[]),1^[]),k5_relat_1(3^[],2^[]))],[ext(- (_225258=_225258),[],n),ext(- (_225228=_225230),[_225230=_225228],n),ext(- (_225186=_225188),[_225186=_225200,_225200=_225188],n)],[],[ext([k5_relat_1(3^[],2^[])=k5_relat_1(3^[],2^[]),[- (k5_relat_1(_225116,_225118)=k5_relat_1(_225122,_225124)),_225116=_225122,_225118=_225124]]-[k5_relat_1(3^[],2^[])=k5_relat_1(3^[],2^[]),[- (k5_relat_1(3^[],2^[])=k5_relat_1(3^[],2^[])),3^[]=3^[],2^[]=2^[]]]),red([#,- #]-[#,- #]),ext([r1_tarski(1^[],_224696),[-r1_tarski(1^[],2^[]),#]]-[r1_tarski(1^[],2^[]),[-r1_tarski(1^[],2^[]),#]]),red([#,- #]-[#,- #]),ext([v1_relat_1(3^[]),[-v1_relat_1(3^[]),#]]-[v1_relat_1(3^[]),[-v1_relat_1(3^[]),#]]),ext([k5_relat_1(k5_relat_1(3^[],_224748),_224742)=k5_relat_1(3^[],1^[]),[- (k5_relat_1(k5_relat_1(_224780,_224782),_224776)=k5_relat_1(_224780,_224776)),v1_relat_1(_224780),r1_tarski(_224776,_224782)]]-[k5_relat_1(k5_relat_1(3^[],2^[]),1^[])=k5_relat_1(3^[],1^[]),[- (k5_relat_1(k5_relat_1(3^[],2^[]),1^[])=k5_relat_1(3^[],1^[])),v1_relat_1(3^[]),r1_tarski(1^[],2^[])]]),red([#,- #]-[#,- #]),ext([v1_relat_1(_224842),[-v1_relat_1(3^[]),#]]-[v1_relat_1(3^[]),[-v1_relat_1(3^[]),#]]),ext([v1_relat_1(_224868),[-v1_relat_1(k5_relat_1(_224892,_224894)),v1_relat_1(_224892)]]-[v1_relat_1(k5_relat_1(3^[],2^[])),[-v1_relat_1(k5_relat_1(3^[],2^[])),v1_relat_1(3^[])]]),ext([r1_tarski(_224930,_224932),[-r1_tarski(k5_relat_1(_224958,_224960),_224958),v1_relat_1(_224958)]]-[r1_tarski(k5_relat_1(k5_relat_1(3^[],2^[]),1^[]),k5_relat_1(3^[],2^[])),[-r1_tarski(k5_relat_1(k5_relat_1(3^[],2^[]),1^[]),k5_relat_1(3^[],2^[])),v1_relat_1(k5_relat_1(3^[],2^[]))]]),ext([r1_tarski(k5_relat_1(3^[],1^[]),k5_relat_1(3^[],2^[])),[-r1_tarski(_225012,_225014),r1_tarski(_225024,_225026),_225024=_225012,_225026=_225014]]-[r1_tarski(k5_relat_1(3^[],1^[]),k5_relat_1(3^[],2^[])),[-r1_tarski(k5_relat_1(3^[],1^[]),k5_relat_1(3^[],2^[])),r1_tarski(k5_relat_1(k5_relat_1(3^[],2^[]),1^[]),k5_relat_1(3^[],2^[])),k5_relat_1(k5_relat_1(3^[],2^[]),1^[])=k5_relat_1(3^[],1^[]),k5_relat_1(3^[],2^[])=k5_relat_1(3^[],2^[])]]),ext([- #,[#,r1_tarski(k5_relat_1(3^[],1^[]),k5_relat_1(3^[],2^[]))]]-[- #,[#,r1_tarski(k5_relat_1(3^[],1^[]),k5_relat_1(3^[],2^[]))]]),init(-# - -#)],0)state([k5_relat_1(3^[],2^[])=k5_relat_1(3^[],2^[])],[r1_tarski(k5_relat_1(3^[],1^[]),k5_relat_1(3^[],2^[])),- #],[k5_relat_1(k5_relat_1(3^[],2^[]),1^[])=k5_relat_1(3^[],1^[]),r1_tarski(k5_relat_1(k5_relat_1(3^[],2^[]),1^[]),k5_relat_1(3^[],2^[]))],[ext(- (k5_relat_1(_189476,_189478)=k5_relat_1(_189482,_189484)),[_189476=_189482,_189478=_189484],n),ext(- (_189452=_189452),[],n),ext(- (_189422=_189424),[_189424=_189422],n),ext(- (_189380=_189382),[_189380=_189394,_189394=_189382],n)],[],[red([#,- #]-[#,- #]),ext([r1_tarski(1^[],_189316),[-r1_tarski(1^[],2^[]),#]]-[r1_tarski(1^[],2^[]),[-r1_tarski(1^[],2^[]),#]]),red([#,- #]-[#,- #]),ext([v1_relat_1(3^[]),[-v1_relat_1(3^[]),#]]-[v1_relat_1(3^[]),[-v1_relat_1(3^[]),#]]),ext([k5_relat_1(k5_relat_1(3^[],_188828),_188822)=k5_relat_1(3^[],1^[]),[- (k5_relat_1(k5_relat_1(_188860,_188862),_188856)=k5_relat_1(_188860,_188856)),v1_relat_1(_188860),r1_tarski(_188856,_188862)]]-[k5_relat_1(k5_relat_1(3^[],2^[]),1^[])=k5_relat_1(3^[],1^[]),[- (k5_relat_1(k5_relat_1(3^[],2^[]),1^[])=k5_relat_1(3^[],1^[])),v1_relat_1(3^[]),r1_tarski(1^[],2^[])]]),red([#,- #]-[#,- #]),ext([v1_relat_1(_188968),[-v1_relat_1(3^[]),#]]-[v1_relat_1(3^[]),[-v1_relat_1(3^[]),#]]),ext([v1_relat_1(_188994),[-v1_relat_1(k5_relat_1(_189018,_189020)),v1_relat_1(_189018)]]-[v1_relat_1(k5_relat_1(3^[],2^[])),[-v1_relat_1(k5_relat_1(3^[],2^[])),v1_relat_1(3^[])]]),ext([r1_tarski(_189086,_189088),[-r1_tarski(k5_relat_1(_189114,_189116),_189114),v1_relat_1(_189114)]]-[r1_tarski(k5_relat_1(k5_relat_1(3^[],2^[]),1^[]),k5_relat_1(3^[],2^[])),[-r1_tarski(k5_relat_1(k5_relat_1(3^[],2^[]),1^[]),k5_relat_1(3^[],2^[])),v1_relat_1(k5_relat_1(3^[],2^[]))]]),ext([r1_tarski(k5_relat_1(3^[],1^[]),k5_relat_1(3^[],2^[])),[-r1_tarski(_189202,_189204),r1_tarski(_189214,_189216),_189214=_189202,_189216=_189204]]-[r1_tarski(k5_relat_1(3^[],1^[]),k5_relat_1(3^[],2^[])),[-r1_tarski(k5_relat_1(3^[],1^[]),k5_relat_1(3^[],2^[])),r1_tarski(k5_relat_1(k5_relat_1(3^[],2^[]),1^[]),k5_relat_1(3^[],2^[])),k5_relat_1(k5_relat_1(3^[],2^[]),1^[])=k5_relat_1(3^[],1^[]),k5_relat_1(3^[],2^[])=k5_relat_1(3^[],2^[])]]),ext([- #,[#,r1_tarski(k5_relat_1(3^[],1^[]),k5_relat_1(3^[],2^[]))]]-[- #,[#,r1_tarski(k5_relat_1(3^[],1^[]),k5_relat_1(3^[],2^[]))]]),init(-# - -#)],0)state([r1_tarski(1^[],_187886)],[k5_relat_1(k5_relat_1(3^[],_187886),1^[])=k5_relat_1(3^[],1^[]),r1_tarski(k5_relat_1(3^[],1^[]),k5_relat_1(3^[],2^[])),- #],[v1_relat_1(3^[]),r1_tarski(k5_relat_1(k5_relat_1(3^[],_187886),1^[]),k5_relat_1(3^[],_187886))],[ext(-r1_tarski(1^[],2^[]),[#],g),ext(-r1_tarski(_188544,_188546),[r1_tarski(_188556,_188558),_188556=_188544,_188558=_188546],n)],[[[k5_relat_1(3^[],_187886)=k5_relat_1(3^[],2^[])],[r1_tarski(k5_relat_1(3^[],1^[]),k5_relat_1(3^[],2^[])),- #],[k5_relat_1(k5_relat_1(3^[],_187886),1^[])=k5_relat_1(3^[],1^[]),r1_tarski(k5_relat_1(k5_relat_1(3^[],_187886),1^[]),k5_relat_1(3^[],_187886))]]],[red([#,- #]-[#,- #]),ext([v1_relat_1(3^[]),[-v1_relat_1(3^[]),#]]-[v1_relat_1(3^[]),[-v1_relat_1(3^[]),#]]),ext([k5_relat_1(k5_relat_1(3^[],_188004),_187998)=k5_relat_1(3^[],1^[]),[- (k5_relat_1(k5_relat_1(_188036,_188038),_188032)=k5_relat_1(_188036,_188032)),v1_relat_1(_188036),r1_tarski(_188032,_188038)]]-[k5_relat_1(k5_relat_1(3^[],_187886),1^[])=k5_relat_1(3^[],1^[]),[- (k5_relat_1(k5_relat_1(3^[],_187886),1^[])=k5_relat_1(3^[],1^[])),v1_relat_1(3^[]),r1_tarski(1^[],_187886)]]),red([#,- #]-[#,- #]),ext([v1_relat_1(_188138),[-v1_relat_1(3^[]),#]]-[v1_relat_1(3^[]),[-v1_relat_1(3^[]),#]]),ext([v1_relat_1(_188164),[-v1_relat_1(k5_relat_1(_188188,_188190)),v1_relat_1(_188188)]]-[v1_relat_1(k5_relat_1(3^[],_187886)),[-v1_relat_1(k5_relat_1(3^[],_187886)),v1_relat_1(3^[])]]),ext([r1_tarski(_188256,_188258),[-r1_tarski(k5_relat_1(_188284,_188286),_188284),v1_relat_1(_188284)]]-[r1_tarski(k5_relat_1(k5_relat_1(3^[],_187886),1^[]),k5_relat_1(3^[],_187886)),[-r1_tarski(k5_relat_1(k5_relat_1(3^[],_187886),1^[]),k5_relat_1(3^[],_187886)),v1_relat_1(k5_relat_1(3^[],_187886))]]),ext([r1_tarski(k5_relat_1(3^[],1^[]),k5_relat_1(3^[],2^[])),[-r1_tarski(_188372,_188374),r1_tarski(_188384,_188386),_188384=_188372,_188386=_188374]]-[r1_tarski(k5_relat_1(3^[],1^[]),k5_relat_1(3^[],2^[])),[-r1_tarski(k5_relat_1(3^[],1^[]),k5_relat_1(3^[],2^[])),r1_tarski(k5_relat_1(k5_relat_1(3^[],_187886),1^[]),k5_relat_1(3^[],_187886)),k5_relat_1(k5_relat_1(3^[],_187886),1^[])=k5_relat_1(3^[],1^[]),k5_relat_1(3^[],_187886)=k5_relat_1(3^[],2^[])]]),ext([- #,[#,r1_tarski(k5_relat_1(3^[],1^[]),k5_relat_1(3^[],2^[]))]]-[- #,[#,r1_tarski(k5_relat_1(3^[],1^[]),k5_relat_1(3^[],2^[]))]]),init(-# - -#)],0)state([r1_tarski(1^[],_187886)],[k5_relat_1(k5_relat_1(3^[],_187886),1^[])=k5_relat_1(3^[],1^[]),r1_tarski(k5_relat_1(3^[],1^[]),k5_relat_1(3^[],2^[])),- #],[v1_relat_1(3^[]),r1_tarski(k5_relat_1(k5_relat_1(3^[],_187886),1^[]),k5_relat_1(3^[],_187886))],[ext(-r1_tarski(1^[],2^[]),[#],g),ext(-r1_tarski(_188544,_188546),[r1_tarski(_188556,_188558),_188556=_188544,_188558=_188546],n)],[[[k5_relat_1(3^[],_187886)=k5_relat_1(3^[],2^[])],[r1_tarski(k5_relat_1(3^[],1^[]),k5_relat_1(3^[],2^[])),- #],[k5_relat_1(k5_relat_1(3^[],_187886),1^[])=k5_relat_1(3^[],1^[]),r1_tarski(k5_relat_1(k5_relat_1(3^[],_187886),1^[]),k5_relat_1(3^[],_187886))]]],[red([#,- #]-[#,- #]),ext([v1_relat_1(3^[]),[-v1_relat_1(3^[]),#]]-[v1_relat_1(3^[]),[-v1_relat_1(3^[]),#]]),ext([k5_relat_1(k5_relat_1(3^[],_188004),_187998)=k5_relat_1(3^[],1^[]),[- (k5_relat_1(k5_relat_1(_188036,_188038),_188032)=k5_relat_1(_188036,_188032)),v1_relat_1(_188036),r1_tarski(_188032,_188038)]]-[k5_relat_1(k5_relat_1(3^[],_187886),1^[])=k5_relat_1(3^[],1^[]),[- (k5_relat_1(k5_relat_1(3^[],_187886),1^[])=k5_relat_1(3^[],1^[])),v1_relat_1(3^[]),r1_tarski(1^[],_187886)]]),red([#,- #]-[#,- #]),ext([v1_relat_1(_188138),[-v1_relat_1(3^[]),#]]-[v1_relat_1(3^[]),[-v1_relat_1(3^[]),#]]),ext([v1_relat_1(_188164),[-v1_relat_1(k5_relat_1(_188188,_188190)),v1_relat_1(_188188)]]-[v1_relat_1(k5_relat_1(3^[],_187886)),[-v1_relat_1(k5_relat_1(3^[],_187886)),v1_relat_1(3^[])]]),ext([r1_tarski(_188256,_188258),[-r1_tarski(k5_relat_1(_188284,_188286),_188284),v1_relat_1(_188284)]]-[r1_tarski(k5_relat_1(k5_relat_1(3^[],_187886),1^[]),k5_relat_1(3^[],_187886)),[-r1_tarski(k5_relat_1(k5_relat_1(3^[],_187886),1^[]),k5_relat_1(3^[],_187886)),v1_relat_1(k5_relat_1(3^[],_187886))]]),ext([r1_tarski(k5_relat_1(3^[],1^[]),k5_relat_1(3^[],2^[])),[-r1_tarski(_188372,_188374),r1_tarski(_188384,_188386),_188384=_188372,_188386=_188374]]-[r1_tarski(k5_relat_1(3^[],1^[]),k5_relat_1(3^[],2^[])),[-r1_tarski(k5_relat_1(3^[],1^[]),k5_relat_1(3^[],2^[])),r1_tarski(k5_relat_1(k5_relat_1(3^[],_187886),1^[]),k5_relat_1(3^[],_187886)),k5_relat_1(k5_relat_1(3^[],_187886),1^[])=k5_relat_1(3^[],1^[]),k5_relat_1(3^[],_187886)=k5_relat_1(3^[],2^[])]]),ext([- #,[#,r1_tarski(k5_relat_1(3^[],1^[]),k5_relat_1(3^[],2^[]))]]-[- #,[#,r1_tarski(k5_relat_1(3^[],1^[]),k5_relat_1(3^[],2^[]))]]),init(-# - -#)],0)state([v1_relat_1(3^[]),r1_tarski(1^[],_115340)],[k5_relat_1(k5_relat_1(3^[],_115340),1^[])=k5_relat_1(3^[],1^[]),r1_tarski(k5_relat_1(3^[],1^[]),k5_relat_1(3^[],2^[])),- #],[r1_tarski(k5_relat_1(k5_relat_1(3^[],_115340),1^[]),k5_relat_1(3^[],_115340))],[ext(-v1_relat_1(3^[]),[#],g),ext(-v1_relat_1(_115930),[_115940=_115930,v1_relat_1(_115940)],n)],[[[k5_relat_1(3^[],_115340)=k5_relat_1(3^[],2^[])],[r1_tarski(k5_relat_1(3^[],1^[]),k5_relat_1(3^[],2^[])),- #],[k5_relat_1(k5_relat_1(3^[],_115340),1^[])=k5_relat_1(3^[],1^[]),r1_tarski(k5_relat_1(k5_relat_1(3^[],_115340),1^[]),k5_relat_1(3^[],_115340))]]],[ext([k5_relat_1(k5_relat_1(3^[],_115800),_115794)=k5_relat_1(3^[],1^[]),[- (k5_relat_1(k5_relat_1(_115832,_115834),_115828)=k5_relat_1(_115832,_115828)),v1_relat_1(_115832),r1_tarski(_115828,_115834)]]-[k5_relat_1(k5_relat_1(3^[],_115340),1^[])=k5_relat_1(3^[],1^[]),[- (k5_relat_1(k5_relat_1(3^[],_115340),1^[])=k5_relat_1(3^[],1^[])),v1_relat_1(3^[]),r1_tarski(1^[],_115340)]]),red([#,- #]-[#,- #]),ext([v1_relat_1(_115446),[-v1_relat_1(3^[]),#]]-[v1_relat_1(3^[]),[-v1_relat_1(3^[]),#]]),ext([v1_relat_1(_115472),[-v1_relat_1(k5_relat_1(_115496,_115498)),v1_relat_1(_115496)]]-[v1_relat_1(k5_relat_1(3^[],_115340)),[-v1_relat_1(k5_relat_1(3^[],_115340)),v1_relat_1(3^[])]]),ext([r1_tarski(_115564,_115566),[-r1_tarski(k5_relat_1(_115592,_115594),_115592),v1_relat_1(_115592)]]-[r1_tarski(k5_relat_1(k5_relat_1(3^[],_115340),1^[]),k5_relat_1(3^[],_115340)),[-r1_tarski(k5_relat_1(k5_relat_1(3^[],_115340),1^[]),k5_relat_1(3^[],_115340)),v1_relat_1(k5_relat_1(3^[],_115340))]]),ext([r1_tarski(k5_relat_1(3^[],1^[]),k5_relat_1(3^[],2^[])),[-r1_tarski(_115680,_115682),r1_tarski(_115692,_115694),_115692=_115680,_115694=_115682]]-[r1_tarski(k5_relat_1(3^[],1^[]),k5_relat_1(3^[],2^[])),[-r1_tarski(k5_relat_1(3^[],1^[]),k5_relat_1(3^[],2^[])),r1_tarski(k5_relat_1(k5_relat_1(3^[],_115340),1^[]),k5_relat_1(3^[],_115340)),k5_relat_1(k5_relat_1(3^[],_115340),1^[])=k5_relat_1(3^[],1^[]),k5_relat_1(3^[],_115340)=k5_relat_1(3^[],2^[])]]),ext([- #,[#,r1_tarski(k5_relat_1(3^[],1^[]),k5_relat_1(3^[],2^[]))]]-[- #,[#,r1_tarski(k5_relat_1(3^[],1^[]),k5_relat_1(3^[],2^[]))]]),init(-# - -#)],0)state([v1_relat_1(3^[]),r1_tarski(1^[],_115340)],[k5_relat_1(k5_relat_1(3^[],_115340),1^[])=k5_relat_1(3^[],1^[]),r1_tarski(k5_relat_1(3^[],1^[]),k5_relat_1(3^[],2^[])),- #],[r1_tarski(k5_relat_1(k5_relat_1(3^[],_115340),1^[]),k5_relat_1(3^[],_115340))],[ext(-v1_relat_1(3^[]),[#],g),ext(-v1_relat_1(_115930),[_115940=_115930,v1_relat_1(_115940)],n)],[[[k5_relat_1(3^[],_115340)=k5_relat_1(3^[],2^[])],[r1_tarski(k5_relat_1(3^[],1^[]),k5_relat_1(3^[],2^[])),- #],[k5_relat_1(k5_relat_1(3^[],_115340),1^[])=k5_relat_1(3^[],1^[]),r1_tarski(k5_relat_1(k5_relat_1(3^[],_115340),1^[]),k5_relat_1(3^[],_115340))]]],[ext([k5_relat_1(k5_relat_1(3^[],_115800),_115794)=k5_relat_1(3^[],1^[]),[- (k5_relat_1(k5_relat_1(_115832,_115834),_115828)=k5_relat_1(_115832,_115828)),v1_relat_1(_115832),r1_tarski(_115828,_115834)]]-[k5_relat_1(k5_relat_1(3^[],_115340),1^[])=k5_relat_1(3^[],1^[]),[- (k5_relat_1(k5_relat_1(3^[],_115340),1^[])=k5_relat_1(3^[],1^[])),v1_relat_1(3^[]),r1_tarski(1^[],_115340)]]),red([#,- #]-[#,- #]),ext([v1_relat_1(_115446),[-v1_relat_1(3^[]),#]]-[v1_relat_1(3^[]),[-v1_relat_1(3^[]),#]]),ext([v1_relat_1(_115472),[-v1_relat_1(k5_relat_1(_115496,_115498)),v1_relat_1(_115496)]]-[v1_relat_1(k5_relat_1(3^[],_115340)),[-v1_relat_1(k5_relat_1(3^[],_115340)),v1_relat_1(3^[])]]),ext([r1_tarski(_115564,_115566),[-r1_tarski(k5_relat_1(_115592,_115594),_115592),v1_relat_1(_115592)]]-[r1_tarski(k5_relat_1(k5_relat_1(3^[],_115340),1^[]),k5_relat_1(3^[],_115340)),[-r1_tarski(k5_relat_1(k5_relat_1(3^[],_115340),1^[]),k5_relat_1(3^[],_115340)),v1_relat_1(k5_relat_1(3^[],_115340))]]),ext([r1_tarski(k5_relat_1(3^[],1^[]),k5_relat_1(3^[],2^[])),[-r1_tarski(_115680,_115682),r1_tarski(_115692,_115694),_115692=_115680,_115694=_115682]]-[r1_tarski(k5_relat_1(3^[],1^[]),k5_relat_1(3^[],2^[])),[-r1_tarski(k5_relat_1(3^[],1^[]),k5_relat_1(3^[],2^[])),r1_tarski(k5_relat_1(k5_relat_1(3^[],_115340),1^[]),k5_relat_1(3^[],_115340)),k5_relat_1(k5_relat_1(3^[],_115340),1^[])=k5_relat_1(3^[],1^[]),k5_relat_1(3^[],_115340)=k5_relat_1(3^[],2^[])]]),ext([- #,[#,r1_tarski(k5_relat_1(3^[],1^[]),k5_relat_1(3^[],2^[]))]]-[- #,[#,r1_tarski(k5_relat_1(3^[],1^[]),k5_relat_1(3^[],2^[]))]]),init(-# - -#)],0)state([k5_relat_1(k5_relat_1(3^[],_101900),_101912)=k5_relat_1(3^[],1^[]),k5_relat_1(3^[],_101900)=k5_relat_1(3^[],2^[])],[r1_tarski(k5_relat_1(3^[],1^[]),k5_relat_1(3^[],2^[])),- #],[r1_tarski(k5_relat_1(k5_relat_1(3^[],_101900),_101912),k5_relat_1(3^[],_101900))],[ext(- (k5_relat_1(k5_relat_1(_102480,_102482),_102476)=k5_relat_1(_102480,_102476)),[v1_relat_1(_102480),r1_tarski(_102476,_102482)],n),ext(- (k5_relat_1(_102420,_102422)=k5_relat_1(_102426,_102428)),[_102420=_102426,_102422=_102428],n),ext(- (_102384=_102386),[_102386=_102384],n),ext(- (_102342=_102344),[_102342=_102356,_102356=_102344],n),para([0],k5_relat_1(k5_relat_1(_102538,_102540),_102534),k5_relat_1(_102538,_102534),[v1_relat_1(_102538),r1_tarski(_102534,_102540)],l2r)],[],[red([#,- #]-[#,- #]),ext([v1_relat_1(_102278),[-v1_relat_1(3^[]),#]]-[v1_relat_1(3^[]),[-v1_relat_1(3^[]),#]]),ext([v1_relat_1(_101968),[-v1_relat_1(k5_relat_1(_101992,_101994)),v1_relat_1(_101992)]]-[v1_relat_1(k5_relat_1(3^[],_101900)),[-v1_relat_1(k5_relat_1(3^[],_101900)),v1_relat_1(3^[])]]),ext([r1_tarski(_102056,_102058),[-r1_tarski(k5_relat_1(_102084,_102086),_102084),v1_relat_1(_102084)]]-[r1_tarski(k5_relat_1(k5_relat_1(3^[],_101900),_101912),k5_relat_1(3^[],_101900)),[-r1_tarski(k5_relat_1(k5_relat_1(3^[],_101900),_101912),k5_relat_1(3^[],_101900)),v1_relat_1(k5_relat_1(3^[],_101900))]]),ext([r1_tarski(k5_relat_1(3^[],1^[]),k5_relat_1(3^[],2^[])),[-r1_tarski(_102172,_102174),r1_tarski(_102184,_102186),_102184=_102172,_102186=_102174]]-[r1_tarski(k5_relat_1(3^[],1^[]),k5_relat_1(3^[],2^[])),[-r1_tarski(k5_relat_1(3^[],1^[]),k5_relat_1(3^[],2^[])),r1_tarski(k5_relat_1(k5_relat_1(3^[],_101900),_101912),k5_relat_1(3^[],_101900)),k5_relat_1(k5_relat_1(3^[],_101900),_101912)=k5_relat_1(3^[],1^[]),k5_relat_1(3^[],_101900)=k5_relat_1(3^[],2^[])]]),ext([- #,[#,r1_tarski(k5_relat_1(3^[],1^[]),k5_relat_1(3^[],2^[]))]]-[- #,[#,r1_tarski(k5_relat_1(3^[],1^[]),k5_relat_1(3^[],2^[]))]]),init(-# - -#)],0)state([v1_relat_1(_85714)],[v1_relat_1(k5_relat_1(_85714,_85716)),r1_tarski(k5_relat_1(k5_relat_1(_85714,_85716),_85702),k5_relat_1(_85714,_85716)),r1_tarski(k5_relat_1(3^[],1^[]),k5_relat_1(3^[],2^[])),- #],[],[ext(-v1_relat_1(3^[]),[#],g),ext(-v1_relat_1(k5_relat_1(_86138,_86140)),[v1_relat_1(_86138)],n),ext(-v1_relat_1(_86096),[_86106=_86096,v1_relat_1(_86106)],n)],[[[k5_relat_1(k5_relat_1(_85714,_85716),_85702)=k5_relat_1(3^[],1^[]),k5_relat_1(_85714,_85716)=k5_relat_1(3^[],2^[])],[r1_tarski(k5_relat_1(3^[],1^[]),k5_relat_1(3^[],2^[])),- #],[r1_tarski(k5_relat_1(k5_relat_1(_85714,_85716),_85702),k5_relat_1(_85714,_85716))]]],[ext([v1_relat_1(_86022),[-v1_relat_1(k5_relat_1(_86046,_86048)),v1_relat_1(_86046)]]-[v1_relat_1(k5_relat_1(_85714,_85716)),[-v1_relat_1(k5_relat_1(_85714,_85716)),v1_relat_1(_85714)]]),ext([r1_tarski(_85806,_85808),[-r1_tarski(k5_relat_1(_85834,_85836),_85834),v1_relat_1(_85834)]]-[r1_tarski(k5_relat_1(k5_relat_1(_85714,_85716),_85702),k5_relat_1(_85714,_85716)),[-r1_tarski(k5_relat_1(k5_relat_1(_85714,_85716),_85702),k5_relat_1(_85714,_85716)),v1_relat_1(k5_relat_1(_85714,_85716))]]),ext([r1_tarski(k5_relat_1(3^[],1^[]),k5_relat_1(3^[],2^[])),[-r1_tarski(_85916,_85918),r1_tarski(_85928,_85930),_85928=_85916,_85930=_85918]]-[r1_tarski(k5_relat_1(3^[],1^[]),k5_relat_1(3^[],2^[])),[-r1_tarski(k5_relat_1(3^[],1^[]),k5_relat_1(3^[],2^[])),r1_tarski(k5_relat_1(k5_relat_1(_85714,_85716),_85702),k5_relat_1(_85714,_85716)),k5_relat_1(k5_relat_1(_85714,_85716),_85702)=k5_relat_1(3^[],1^[]),k5_relat_1(_85714,_85716)=k5_relat_1(3^[],2^[])]]),ext([- #,[#,r1_tarski(k5_relat_1(3^[],1^[]),k5_relat_1(3^[],2^[]))]]-[- #,[#,r1_tarski(k5_relat_1(3^[],1^[]),k5_relat_1(3^[],2^[]))]]),init(-# - -#)],0)state([v1_relat_1(_85714)],[v1_relat_1(k5_relat_1(_85714,_85716)),r1_tarski(k5_relat_1(k5_relat_1(_85714,_85716),_85702),k5_relat_1(_85714,_85716)),r1_tarski(k5_relat_1(3^[],1^[]),k5_relat_1(3^[],2^[])),- #],[],[ext(-v1_relat_1(3^[]),[#],g),ext(-v1_relat_1(k5_relat_1(_86138,_86140)),[v1_relat_1(_86138)],n),ext(-v1_relat_1(_86096),[_86106=_86096,v1_relat_1(_86106)],n)],[[[k5_relat_1(k5_relat_1(_85714,_85716),_85702)=k5_relat_1(3^[],1^[]),k5_relat_1(_85714,_85716)=k5_relat_1(3^[],2^[])],[r1_tarski(k5_relat_1(3^[],1^[]),k5_relat_1(3^[],2^[])),- #],[r1_tarski(k5_relat_1(k5_relat_1(_85714,_85716),_85702),k5_relat_1(_85714,_85716))]]],[ext([v1_relat_1(_86022),[-v1_relat_1(k5_relat_1(_86046,_86048)),v1_relat_1(_86046)]]-[v1_relat_1(k5_relat_1(_85714,_85716)),[-v1_relat_1(k5_relat_1(_85714,_85716)),v1_relat_1(_85714)]]),ext([r1_tarski(_85806,_85808),[-r1_tarski(k5_relat_1(_85834,_85836),_85834),v1_relat_1(_85834)]]-[r1_tarski(k5_relat_1(k5_relat_1(_85714,_85716),_85702),k5_relat_1(_85714,_85716)),[-r1_tarski(k5_relat_1(k5_relat_1(_85714,_85716),_85702),k5_relat_1(_85714,_85716)),v1_relat_1(k5_relat_1(_85714,_85716))]]),ext([r1_tarski(k5_relat_1(3^[],1^[]),k5_relat_1(3^[],2^[])),[-r1_tarski(_85916,_85918),r1_tarski(_85928,_85930),_85928=_85916,_85930=_85918]]-[r1_tarski(k5_relat_1(3^[],1^[]),k5_relat_1(3^[],2^[])),[-r1_tarski(k5_relat_1(3^[],1^[]),k5_relat_1(3^[],2^[])),r1_tarski(k5_relat_1(k5_relat_1(_85714,_85716),_85702),k5_relat_1(_85714,_85716)),k5_relat_1(k5_relat_1(_85714,_85716),_85702)=k5_relat_1(3^[],1^[]),k5_relat_1(_85714,_85716)=k5_relat_1(3^[],2^[])]]),ext([- #,[#,r1_tarski(k5_relat_1(3^[],1^[]),k5_relat_1(3^[],2^[]))]]-[- #,[#,r1_tarski(k5_relat_1(3^[],1^[]),k5_relat_1(3^[],2^[]))]]),init(-# - -#)],0)state([v1_relat_1(_85714)],[v1_relat_1(k5_relat_1(_85714,_85716)),r1_tarski(k5_relat_1(k5_relat_1(_85714,_85716),_85702),k5_relat_1(_85714,_85716)),r1_tarski(k5_relat_1(3^[],1^[]),k5_relat_1(3^[],2^[])),- #],[],[ext(-v1_relat_1(3^[]),[#],g),ext(-v1_relat_1(k5_relat_1(_86138,_86140)),[v1_relat_1(_86138)],n),ext(-v1_relat_1(_86096),[_86106=_86096,v1_relat_1(_86106)],n)],[[[k5_relat_1(k5_relat_1(_85714,_85716),_85702)=k5_relat_1(3^[],1^[]),k5_relat_1(_85714,_85716)=k5_relat_1(3^[],2^[])],[r1_tarski(k5_relat_1(3^[],1^[]),k5_relat_1(3^[],2^[])),- #],[r1_tarski(k5_relat_1(k5_relat_1(_85714,_85716),_85702),k5_relat_1(_85714,_85716))]]],[ext([v1_relat_1(_86022),[-v1_relat_1(k5_relat_1(_86046,_86048)),v1_relat_1(_86046)]]-[v1_relat_1(k5_relat_1(_85714,_85716)),[-v1_relat_1(k5_relat_1(_85714,_85716)),v1_relat_1(_85714)]]),ext([r1_tarski(_85806,_85808),[-r1_tarski(k5_relat_1(_85834,_85836),_85834),v1_relat_1(_85834)]]-[r1_tarski(k5_relat_1(k5_relat_1(_85714,_85716),_85702),k5_relat_1(_85714,_85716)),[-r1_tarski(k5_relat_1(k5_relat_1(_85714,_85716),_85702),k5_relat_1(_85714,_85716)),v1_relat_1(k5_relat_1(_85714,_85716))]]),ext([r1_tarski(k5_relat_1(3^[],1^[]),k5_relat_1(3^[],2^[])),[-r1_tarski(_85916,_85918),r1_tarski(_85928,_85930),_85928=_85916,_85930=_85918]]-[r1_tarski(k5_relat_1(3^[],1^[]),k5_relat_1(3^[],2^[])),[-r1_tarski(k5_relat_1(3^[],1^[]),k5_relat_1(3^[],2^[])),r1_tarski(k5_relat_1(k5_relat_1(_85714,_85716),_85702),k5_relat_1(_85714,_85716)),k5_relat_1(k5_relat_1(_85714,_85716),_85702)=k5_relat_1(3^[],1^[]),k5_relat_1(_85714,_85716)=k5_relat_1(3^[],2^[])]]),ext([- #,[#,r1_tarski(k5_relat_1(3^[],1^[]),k5_relat_1(3^[],2^[]))]]-[- #,[#,r1_tarski(k5_relat_1(3^[],1^[]),k5_relat_1(3^[],2^[]))]]),init(-# - -#)],0)state([v1_relat_1(_33804)],[r1_tarski(k5_relat_1(_33804,_33844),_33804),r1_tarski(k5_relat_1(3^[],1^[]),k5_relat_1(3^[],2^[])),- #],[],[ext(-v1_relat_1(3^[]),[#],g),ext(-v1_relat_1(k5_relat_1(_34146,_34148)),[v1_relat_1(_34146)],n),ext(-v1_relat_1(_34104),[_34114=_34104,v1_relat_1(_34114)],n)],[[[k5_relat_1(_33804,_33844)=k5_relat_1(3^[],1^[]),_33804=k5_relat_1(3^[],2^[])],[r1_tarski(k5_relat_1(3^[],1^[]),k5_relat_1(3^[],2^[])),- #],[r1_tarski(k5_relat_1(_33804,_33844),_33804)]]],[ext([r1_tarski(_33996,_33998),[-r1_tarski(k5_relat_1(_34024,_34026),_34024),v1_relat_1(_34024)]]-[r1_tarski(k5_relat_1(_33804,_33844),_33804),[-r1_tarski(k5_relat_1(_33804,_33844),_33804),v1_relat_1(_33804)]]),ext([r1_tarski(k5_relat_1(3^[],1^[]),k5_relat_1(3^[],2^[])),[-r1_tarski(_33896,_33898),r1_tarski(_33908,_33910),_33908=_33896,_33910=_33898]]-[r1_tarski(k5_relat_1(3^[],1^[]),k5_relat_1(3^[],2^[])),[-r1_tarski(k5_relat_1(3^[],1^[]),k5_relat_1(3^[],2^[])),r1_tarski(k5_relat_1(_33804,_33844),_33804),k5_relat_1(_33804,_33844)=k5_relat_1(3^[],1^[]),_33804=k5_relat_1(3^[],2^[])]]),ext([- #,[#,r1_tarski(k5_relat_1(3^[],1^[]),k5_relat_1(3^[],2^[]))]]-[- #,[#,r1_tarski(k5_relat_1(3^[],1^[]),k5_relat_1(3^[],2^[]))]]),init(-# - -#)],0)state([v1_relat_1(_33804)],[r1_tarski(k5_relat_1(_33804,_33844),_33804),r1_tarski(k5_relat_1(3^[],1^[]),k5_relat_1(3^[],2^[])),- #],[],[ext(-v1_relat_1(3^[]),[#],g),ext(-v1_relat_1(k5_relat_1(_34146,_34148)),[v1_relat_1(_34146)],n),ext(-v1_relat_1(_34104),[_34114=_34104,v1_relat_1(_34114)],n)],[[[k5_relat_1(_33804,_33844)=k5_relat_1(3^[],1^[]),_33804=k5_relat_1(3^[],2^[])],[r1_tarski(k5_relat_1(3^[],1^[]),k5_relat_1(3^[],2^[])),- #],[r1_tarski(k5_relat_1(_33804,_33844),_33804)]]],[ext([r1_tarski(_33996,_33998),[-r1_tarski(k5_relat_1(_34024,_34026),_34024),v1_relat_1(_34024)]]-[r1_tarski(k5_relat_1(_33804,_33844),_33804),[-r1_tarski(k5_relat_1(_33804,_33844),_33804),v1_relat_1(_33804)]]),ext([r1_tarski(k5_relat_1(3^[],1^[]),k5_relat_1(3^[],2^[])),[-r1_tarski(_33896,_33898),r1_tarski(_33908,_33910),_33908=_33896,_33910=_33898]]-[r1_tarski(k5_relat_1(3^[],1^[]),k5_relat_1(3^[],2^[])),[-r1_tarski(k5_relat_1(3^[],1^[]),k5_relat_1(3^[],2^[])),r1_tarski(k5_relat_1(_33804,_33844),_33804),k5_relat_1(_33804,_33844)=k5_relat_1(3^[],1^[]),_33804=k5_relat_1(3^[],2^[])]]),ext([- #,[#,r1_tarski(k5_relat_1(3^[],1^[]),k5_relat_1(3^[],2^[]))]]-[- #,[#,r1_tarski(k5_relat_1(3^[],1^[]),k5_relat_1(3^[],2^[]))]]),init(-# - -#)],0)state([v1_relat_1(_33804)],[r1_tarski(k5_relat_1(_33804,_33844),_33804),r1_tarski(k5_relat_1(3^[],1^[]),k5_relat_1(3^[],2^[])),- #],[],[ext(-v1_relat_1(3^[]),[#],g),ext(-v1_relat_1(k5_relat_1(_34146,_34148)),[v1_relat_1(_34146)],n),ext(-v1_relat_1(_34104),[_34114=_34104,v1_relat_1(_34114)],n)],[[[k5_relat_1(_33804,_33844)=k5_relat_1(3^[],1^[]),_33804=k5_relat_1(3^[],2^[])],[r1_tarski(k5_relat_1(3^[],1^[]),k5_relat_1(3^[],2^[])),- #],[r1_tarski(k5_relat_1(_33804,_33844),_33804)]]],[ext([r1_tarski(_33996,_33998),[-r1_tarski(k5_relat_1(_34024,_34026),_34024),v1_relat_1(_34024)]]-[r1_tarski(k5_relat_1(_33804,_33844),_33804),[-r1_tarski(k5_relat_1(_33804,_33844),_33804),v1_relat_1(_33804)]]),ext([r1_tarski(k5_relat_1(3^[],1^[]),k5_relat_1(3^[],2^[])),[-r1_tarski(_33896,_33898),r1_tarski(_33908,_33910),_33908=_33896,_33910=_33898]]-[r1_tarski(k5_relat_1(3^[],1^[]),k5_relat_1(3^[],2^[])),[-r1_tarski(k5_relat_1(3^[],1^[]),k5_relat_1(3^[],2^[])),r1_tarski(k5_relat_1(_33804,_33844),_33804),k5_relat_1(_33804,_33844)=k5_relat_1(3^[],1^[]),_33804=k5_relat_1(3^[],2^[])]]),ext([- #,[#,r1_tarski(k5_relat_1(3^[],1^[]),k5_relat_1(3^[],2^[]))]]-[- #,[#,r1_tarski(k5_relat_1(3^[],1^[]),k5_relat_1(3^[],2^[]))]]),init(-# - -#)],0)state([r1_tarski(_19848,_19850),_19848=k5_relat_1(3^[],1^[]),_19850=k5_relat_1(3^[],2^[])],[r1_tarski(k5_relat_1(3^[],1^[]),k5_relat_1(3^[],2^[])),- #],[],[ext(-r1_tarski(1^[],2^[]),[#],g),ext(-r1_tarski(k5_relat_1(_20066,_20072),_20066),[v1_relat_1(_20066)],n),ext(-r1_tarski(_20010,_20012),[r1_tarski(_20022,_20024),_20022=_20010,_20024=_20012],n)],[],[ext([r1_tarski(k5_relat_1(3^[],1^[]),k5_relat_1(3^[],2^[])),[-r1_tarski(_19934,_19936),r1_tarski(_19946,_19948),_19946=_19934,_19948=_19936]]-[r1_tarski(k5_relat_1(3^[],1^[]),k5_relat_1(3^[],2^[])),[-r1_tarski(k5_relat_1(3^[],1^[]),k5_relat_1(3^[],2^[])),r1_tarski(_19848,_19850),_19848=k5_relat_1(3^[],1^[]),_19850=k5_relat_1(3^[],2^[])]]),ext([- #,[#,r1_tarski(k5_relat_1(3^[],1^[]),k5_relat_1(3^[],2^[]))]]-[- #,[#,r1_tarski(k5_relat_1(3^[],1^[]),k5_relat_1(3^[],2^[]))]]),init(-# - -#)],0)state([r1_tarski(_19848,_19850),_19848=k5_relat_1(3^[],1^[]),_19850=k5_relat_1(3^[],2^[])],[r1_tarski(k5_relat_1(3^[],1^[]),k5_relat_1(3^[],2^[])),- #],[],[ext(-r1_tarski(1^[],2^[]),[#],g),ext(-r1_tarski(k5_relat_1(_20066,_20072),_20066),[v1_relat_1(_20066)],n),ext(-r1_tarski(_20010,_20012),[r1_tarski(_20022,_20024),_20022=_20010,_20024=_20012],n)],[],[ext([r1_tarski(k5_relat_1(3^[],1^[]),k5_relat_1(3^[],2^[])),[-r1_tarski(_19934,_19936),r1_tarski(_19946,_19948),_19946=_19934,_19948=_19936]]-[r1_tarski(k5_relat_1(3^[],1^[]),k5_relat_1(3^[],2^[])),[-r1_tarski(k5_relat_1(3^[],1^[]),k5_relat_1(3^[],2^[])),r1_tarski(_19848,_19850),_19848=k5_relat_1(3^[],1^[]),_19850=k5_relat_1(3^[],2^[])]]),ext([- #,[#,r1_tarski(k5_relat_1(3^[],1^[]),k5_relat_1(3^[],2^[]))]]-[- #,[#,r1_tarski(k5_relat_1(3^[],1^[]),k5_relat_1(3^[],2^[]))]]),init(-# - -#)],0)state([r1_tarski(_19848,_19850),_19848=k5_relat_1(3^[],1^[]),_19850=k5_relat_1(3^[],2^[])],[r1_tarski(k5_relat_1(3^[],1^[]),k5_relat_1(3^[],2^[])),- #],[],[ext(-r1_tarski(1^[],2^[]),[#],g),ext(-r1_tarski(k5_relat_1(_20066,_20072),_20066),[v1_relat_1(_20066)],n),ext(-r1_tarski(_20010,_20012),[r1_tarski(_20022,_20024),_20022=_20010,_20024=_20012],n)],[],[ext([r1_tarski(k5_relat_1(3^[],1^[]),k5_relat_1(3^[],2^[])),[-r1_tarski(_19934,_19936),r1_tarski(_19946,_19948),_19946=_19934,_19948=_19936]]-[r1_tarski(k5_relat_1(3^[],1^[]),k5_relat_1(3^[],2^[])),[-r1_tarski(k5_relat_1(3^[],1^[]),k5_relat_1(3^[],2^[])),r1_tarski(_19848,_19850),_19848=k5_relat_1(3^[],1^[]),_19850=k5_relat_1(3^[],2^[])]]),ext([- #,[#,r1_tarski(k5_relat_1(3^[],1^[]),k5_relat_1(3^[],2^[]))]]-[- #,[#,r1_tarski(k5_relat_1(3^[],1^[]),k5_relat_1(3^[],2^[]))]]),init(-# - -#)],0)state([r1_tarski(k5_relat_1(3^[],1^[]),k5_relat_1(3^[],2^[]))],[- #],[],[ext(-r1_tarski(_19758,_19760),[r1_tarski(_19770,_19772),_19770=_19758,_19772=_19760],n)],[],[ext([- #,[#,r1_tarski(k5_relat_1(3^[],1^[]),k5_relat_1(3^[],2^[]))]]-[- #,[#,r1_tarski(k5_relat_1(3^[],1^[]),k5_relat_1(3^[],2^[]))]]),init(-# - -#)],0)state([- #],[],[],[ext(#,[-v1_relat_1(3^[])],g),ext(#,[-r1_tarski(1^[],2^[])],g),ext(#,[r1_tarski(k5_relat_1(3^[],1^[]),k5_relat_1(3^[],2^[]))],g)],[],[init(-# - -#)],0)state([- #],[],[],[ext(#,[-v1_relat_1(3^[])],g),ext(#,[-r1_tarski(1^[],2^[])],g),ext(#,[r1_tarski(k5_relat_1(3^[],1^[]),k5_relat_1(3^[],2^[]))],g)],[],[init(-# - -#)],0)state([- #],[],[],[ext(#,[-v1_relat_1(3^[])],g),ext(#,[-r1_tarski(1^[],2^[])],g),ext(#,[r1_tarski(k5_relat_1(3^[],1^[]),k5_relat_1(3^[],2^[]))],g)],[],[init(-# - -#)],0)Policy data saved
Training data saved
Execution time: 11.182 sec
Full query: 
 swipl -g '["core/montecarlo.pl"], mc_run("theorems/m2np/t75_relat_1.p",[guided(0),cp(1),sim_depth(0),playout_count(200000),min_visit_count(1),n_dim(10000),playout_time(300), output_format(svmlight), leancop_settings([conj,nodef,comp(1000),eager_reduction(1),paramodulation(1)]),return_to_root(0),save_all_proofs(0),temperature(2),save_all_policy(0),save_all_value(1),lemma_features(0),inference_limit(200000),collapse_vars(0),bigstep_frequency(2000)],"results/plcop_paramodulation/train_value","results/plcop_paramodulation/train_policy","results/plcop_paramodulation/clauses","results/plcop_paramodulation/proofs",ExecutionTime), halt.'
