Prolog query: 
 mc_run("theorems/m2np/t81_enumset1.p",[guided(0),cp(1),sim_depth(0),playout_count(200000),min_visit_count(1),n_dim(10000),playout_time(300), output_format(svmlight), leancop_settings([conj,nodef,comp(1000),eager_reduction(1),paramodulation(1)]),return_to_root(0),save_all_proofs(0),temperature(2),save_all_policy(0),save_all_value(1),lemma_features(0),inference_limit(200000),collapse_vars(0),bigstep_frequency(2000)],"results/plcop_paramodulation/train_value","results/plcop_paramodulation/train_policy","results/plcop_paramodulation/clauses","results/plcop_paramodulation/proofs",ExecutionTime)
Trying to open file theorems/m2np/t81_enumset1.p...
Successfully opened file theorems/m2np/t81_enumset1.p
200000 playouts remaining
SUCCESS
   Init: 	-#
   Extension: 	[- #,[#,k7_enumset1(1^[],2^[],3^[],4^[],5^[],6^[],7^[],8^[],9^[])=k2_xboole_0(k3_enumset1(1^[],2^[],3^[],4^[],5^[]),k2_enumset1(6^[],7^[],8^[],9^[]))]]
   Paramodulation: 	[k7_enumset1(1^[],2^[],3^[],4^[],5^[],6^[],7^[],8^[],9^[])=k2_xboole_0(k3_enumset1(1^[],2^[],3^[],4^[],5^[]),k2_enumset1(6^[],7^[],8^[],9^[])),[1,0],k3_enumset1(A,B,C,D,E),k2_xboole_0(k1_tarski(A),k2_enumset1(B,C,D,E)),[],l2r]
   Paramodulation: 	[k7_enumset1(1^[],2^[],3^[],4^[],5^[],6^[],7^[],8^[],9^[])=k2_xboole_0(k2_xboole_0(k1_tarski(1^[]),k2_enumset1(2^[],3^[],4^[],5^[])),k2_enumset1(6^[],7^[],8^[],9^[])),[1],k2_xboole_0(k2_xboole_0(A,B),C),k2_xboole_0(A,k2_xboole_0(B,C)),[],l2r]
   Paramodulation: 	[k7_enumset1(1^[],2^[],3^[],4^[],5^[],6^[],7^[],8^[],9^[])=k2_xboole_0(k1_tarski(1^[]),k2_xboole_0(k2_enumset1(2^[],3^[],4^[],5^[]),k2_enumset1(6^[],7^[],8^[],9^[]))),[1,1],k6_enumset1(A,B,C,D,E,F,G,H),k2_xboole_0(k2_enumset1(A,B,C,D),k2_enumset1(E,F,G,H)),[],r2l]
   Extension: 	[k7_enumset1(1^[],2^[],3^[],4^[],5^[],6^[],7^[],8^[],9^[])=k2_xboole_0(k1_tarski(1^[]),k6_enumset1(2^[],3^[],4^[],5^[],6^[],7^[],8^[],9^[])),[- (k7_enumset1(A,B,C,D,E,F,G,H,I)=k2_xboole_0(k1_tarski(A),k6_enumset1(B,C,D,E,F,G,H,I)))]]
Created leancop proof

FIRST PROOF FOUND AFTER 111 STEPS

Moving root from 0 to 1
Moving root from 1 to 9
195000 playouts remaining
Moving root from 9 to 21
Moving root from 21 to 81
Moving root from 81 to 92
190000 playouts remaining
Unable to move root from 92
Unable to move root from 92
185000 playouts remaining
Unable to move root from 92
Unable to move root from 92
Unable to move root from 92
180000 playouts remaining
Unable to move root from 92
Unable to move root from 92
175000 playouts remaining
Unable to move root from 92
Unable to move root from 92
Unable to move root from 92
170000 playouts remaining
Unable to move root from 92
Unable to move root from 92
165000 playouts remaining
Unable to move root from 92
Unable to move root from 92
Unable to move root from 92
160000 playouts remaining
Unable to move root from 92
Unable to move root from 92
155000 playouts remaining
Unable to move root from 92
Unable to move root from 92
Unable to move root from 92
150000 playouts remaining
Unable to move root from 92
Unable to move root from 92
145000 playouts remaining
Unable to move root from 92
Unable to move root from 92
Unable to move root from 92
140000 playouts remaining
Unable to move root from 92
Unable to move root from 92
135000 playouts remaining
Unable to move root from 92
Unable to move root from 92
Unable to move root from 92
130000 playouts remaining
Unable to move root from 92
Unable to move root from 92
125000 playouts remaining
Unable to move root from 92
Unable to move root from 92
Unable to move root from 92
120000 playouts remaining
Unable to move root from 92
Unable to move root from 92
115000 playouts remaining
Unable to move root from 92
Unable to move root from 92
Unable to move root from 92
110000 playouts remaining
Unable to move root from 92
Unable to move root from 92
105000 playouts remaining
Unable to move root from 92
Unable to move root from 92
Unable to move root from 92
100000 playouts remaining
Unable to move root from 92
Unable to move root from 92
95000 playouts remaining
Unable to move root from 92
Unable to move root from 92
Unable to move root from 92
90000 playouts remaining
Unable to move root from 92
Unable to move root from 92
85000 playouts remaining
Unable to move root from 92
Unable to move root from 92
Unable to move root from 92
80000 playouts remaining
Unable to move root from 92
Unable to move root from 92
75000 playouts remaining
Unable to move root from 92
Unable to move root from 92
Unable to move root from 92
70000 playouts remaining
Unable to move root from 92
Unable to move root from 92
65000 playouts remaining
Unable to move root from 92
Unable to move root from 92
Unable to move root from 92
60000 playouts remaining
Unable to move root from 92
Unable to move root from 92
55000 playouts remaining
Unable to move root from 92
Unable to move root from 92
Unable to move root from 92
50000 playouts remaining
Unable to move root from 92
Unable to move root from 92
45000 playouts remaining
Unable to move root from 92
Unable to move root from 92
Unable to move root from 92
40000 playouts remaining
Unable to move root from 92
Unable to move root from 92
35000 playouts remaining
Unable to move root from 92
Unable to move root from 92
Unable to move root from 92
30000 playouts remaining
Unable to move root from 92
Unable to move root from 92
25000 playouts remaining
Unable to move root from 92
Unable to move root from 92
Unable to move root from 92
20000 playouts remaining
Unable to move root from 92
Unable to move root from 92
15000 playouts remaining
Unable to move root from 92
Unable to move root from 92
Unable to move root from 92
10000 playouts remaining
Unable to move root from 92
Unable to move root from 92
5000 playouts remaining
Unable to move root from 92
Unable to move root from 92
Unable to move root from 92
Created 93 nodes
Performed 29893 inferences
Bigstep Nodes: 6, [0,1,9,21,81,92]
Training data collected
state([success],[],[],[],[],[ext([k7_enumset1(1^[],2^[],3^[],4^[],5^[],6^[],7^[],8^[],9^[])=k2_xboole_0(k1_tarski(1^[]),k6_enumset1(2^[],3^[],4^[],5^[],6^[],7^[],8^[],9^[])),[- (k7_enumset1(_63492,_63494,_63496,_63498,_63500,_63502,_63504,_63506,_63508)=k2_xboole_0(k1_tarski(_63492),k6_enumset1(_63494,_63496,_63498,_63500,_63502,_63504,_63506,_63508)))]]-[k7_enumset1(1^[],2^[],3^[],4^[],5^[],6^[],7^[],8^[],9^[])=k2_xboole_0(k1_tarski(1^[]),k6_enumset1(2^[],3^[],4^[],5^[],6^[],7^[],8^[],9^[])),[- (k7_enumset1(1^[],2^[],3^[],4^[],5^[],6^[],7^[],8^[],9^[])=k2_xboole_0(k1_tarski(1^[]),k6_enumset1(2^[],3^[],4^[],5^[],6^[],7^[],8^[],9^[])))]]),para([k7_enumset1(1^[],2^[],3^[],4^[],5^[],6^[],7^[],8^[],9^[])=k2_xboole_0(k1_tarski(1^[]),k2_xboole_0(k2_enumset1(2^[],3^[],4^[],5^[]),k2_enumset1(6^[],7^[],8^[],9^[]))),[1,1],k6_enumset1(_63244,_63246,_63248,_63250,_63252,_63254,_63256,_63258),k2_xboole_0(k2_enumset1(_63244,_63246,_63248,_63250),k2_enumset1(_63252,_63254,_63256,_63258)),[],r2l]-[k7_enumset1(1^[],2^[],3^[],4^[],5^[],6^[],7^[],8^[],9^[])=k2_xboole_0(k1_tarski(1^[]),k2_xboole_0(k2_enumset1(2^[],3^[],4^[],5^[]),k2_enumset1(6^[],7^[],8^[],9^[]))),[1,1],k6_enumset1(2^[],3^[],4^[],5^[],6^[],7^[],8^[],9^[]),k2_xboole_0(k2_enumset1(2^[],3^[],4^[],5^[]),k2_enumset1(6^[],7^[],8^[],9^[])),[],r2l]),para([k7_enumset1(1^[],2^[],3^[],4^[],5^[],6^[],7^[],8^[],9^[])=k2_xboole_0(k2_xboole_0(k1_tarski(1^[]),k2_enumset1(2^[],3^[],4^[],5^[])),k2_enumset1(6^[],7^[],8^[],9^[])),[1],k2_xboole_0(k2_xboole_0(_63334,_63336),_63330),k2_xboole_0(_63334,k2_xboole_0(_63336,_63330)),[],l2r]-[k7_enumset1(1^[],2^[],3^[],4^[],5^[],6^[],7^[],8^[],9^[])=k2_xboole_0(k2_xboole_0(k1_tarski(1^[]),k2_enumset1(2^[],3^[],4^[],5^[])),k2_enumset1(6^[],7^[],8^[],9^[])),[1],k2_xboole_0(k2_xboole_0(k1_tarski(1^[]),k2_enumset1(2^[],3^[],4^[],5^[])),k2_enumset1(6^[],7^[],8^[],9^[])),k2_xboole_0(k1_tarski(1^[]),k2_xboole_0(k2_enumset1(2^[],3^[],4^[],5^[]),k2_enumset1(6^[],7^[],8^[],9^[]))),[],l2r]),para([k7_enumset1(1^[],2^[],3^[],4^[],5^[],6^[],7^[],8^[],9^[])=k2_xboole_0(k3_enumset1(1^[],2^[],3^[],4^[],5^[]),k2_enumset1(6^[],7^[],8^[],9^[])),[1,0],k3_enumset1(_63392,_63394,_63396,_63398,_63400),k2_xboole_0(k1_tarski(_63392),k2_enumset1(_63394,_63396,_63398,_63400)),[],l2r]-[k7_enumset1(1^[],2^[],3^[],4^[],5^[],6^[],7^[],8^[],9^[])=k2_xboole_0(k3_enumset1(1^[],2^[],3^[],4^[],5^[]),k2_enumset1(6^[],7^[],8^[],9^[])),[1,0],k3_enumset1(1^[],2^[],3^[],4^[],5^[]),k2_xboole_0(k1_tarski(1^[]),k2_enumset1(2^[],3^[],4^[],5^[])),[],l2r]),ext([- #,[#,k7_enumset1(1^[],2^[],3^[],4^[],5^[],6^[],7^[],8^[],9^[])=k2_xboole_0(k3_enumset1(1^[],2^[],3^[],4^[],5^[]),k2_enumset1(6^[],7^[],8^[],9^[]))]]-[- #,[#,k7_enumset1(1^[],2^[],3^[],4^[],5^[],6^[],7^[],8^[],9^[])=k2_xboole_0(k3_enumset1(1^[],2^[],3^[],4^[],5^[]),k2_enumset1(6^[],7^[],8^[],9^[]))]]),init(-# - -#)],1)state([k7_enumset1(1^[],2^[],3^[],4^[],5^[],6^[],7^[],8^[],9^[])=k2_xboole_0(k1_tarski(1^[]),k6_enumset1(2^[],3^[],4^[],5^[],6^[],7^[],8^[],9^[]))],[k7_enumset1(1^[],2^[],3^[],4^[],5^[],6^[],7^[],8^[],9^[])=k2_xboole_0(k1_tarski(1^[]),k2_xboole_0(k2_enumset1(2^[],3^[],4^[],5^[]),k2_enumset1(6^[],7^[],8^[],9^[]))),k7_enumset1(1^[],2^[],3^[],4^[],5^[],6^[],7^[],8^[],9^[])=k2_xboole_0(k2_xboole_0(k1_tarski(1^[]),k2_enumset1(2^[],3^[],4^[],5^[])),k2_enumset1(6^[],7^[],8^[],9^[])),k7_enumset1(1^[],2^[],3^[],4^[],5^[],6^[],7^[],8^[],9^[])=k2_xboole_0(k3_enumset1(1^[],2^[],3^[],4^[],5^[]),k2_enumset1(6^[],7^[],8^[],9^[])),- #],[],[ext(- (k7_enumset1(_56438,_56440,_56442,_56444,_56446,_56448,_56450,_56452,_56454)=k2_xboole_0(k1_tarski(_56438),k6_enumset1(_56440,_56442,_56444,_56446,_56448,_56450,_56452,_56454))),[],n),ext(- (_56402=_56404),[_56404=_56402],n),ext(- (_56360=_56362),[_56360=_56374,_56374=_56362],n),para([1,1],k6_enumset1(_56642,_56644,_56646,_56648,_56650,_56652,_56654,_56656),k2_xboole_0(k2_enumset1(_56642,_56644,_56646,_56648),k2_enumset1(_56650,_56652,_56654,_56656)),[],l2r),para([0],k7_enumset1(_56570,_56572,_56574,_56576,_56578,_56580,_56582,_56584,_56586),k2_xboole_0(k1_tarski(_56570),k6_enumset1(_56572,_56574,_56576,_56578,_56580,_56582,_56584,_56586)),[],l2r),para([1],k7_enumset1(_56504,_56506,_56508,_56510,_56512,_56514,_56516,_56518,_56520),k2_xboole_0(k1_tarski(_56504),k6_enumset1(_56506,_56508,_56510,_56512,_56514,_56516,_56518,_56520)),[],r2l)],[],[para([k7_enumset1(1^[],2^[],3^[],4^[],5^[],6^[],7^[],8^[],9^[])=k2_xboole_0(k1_tarski(1^[]),k2_xboole_0(k2_enumset1(2^[],3^[],4^[],5^[]),k2_enumset1(6^[],7^[],8^[],9^[]))),[1,1],k6_enumset1(_56258,_56260,_56262,_56264,_56266,_56268,_56270,_56272),k2_xboole_0(k2_enumset1(_56258,_56260,_56262,_56264),k2_enumset1(_56266,_56268,_56270,_56272)),[],r2l]-[k7_enumset1(1^[],2^[],3^[],4^[],5^[],6^[],7^[],8^[],9^[])=k2_xboole_0(k1_tarski(1^[]),k2_xboole_0(k2_enumset1(2^[],3^[],4^[],5^[]),k2_enumset1(6^[],7^[],8^[],9^[]))),[1,1],k6_enumset1(2^[],3^[],4^[],5^[],6^[],7^[],8^[],9^[]),k2_xboole_0(k2_enumset1(2^[],3^[],4^[],5^[]),k2_enumset1(6^[],7^[],8^[],9^[])),[],r2l]),para([k7_enumset1(1^[],2^[],3^[],4^[],5^[],6^[],7^[],8^[],9^[])=k2_xboole_0(k2_xboole_0(k1_tarski(1^[]),k2_enumset1(2^[],3^[],4^[],5^[])),k2_enumset1(6^[],7^[],8^[],9^[])),[1],k2_xboole_0(k2_xboole_0(_56092,_56094),_56088),k2_xboole_0(_56092,k2_xboole_0(_56094,_56088)),[],l2r]-[k7_enumset1(1^[],2^[],3^[],4^[],5^[],6^[],7^[],8^[],9^[])=k2_xboole_0(k2_xboole_0(k1_tarski(1^[]),k2_enumset1(2^[],3^[],4^[],5^[])),k2_enumset1(6^[],7^[],8^[],9^[])),[1],k2_xboole_0(k2_xboole_0(k1_tarski(1^[]),k2_enumset1(2^[],3^[],4^[],5^[])),k2_enumset1(6^[],7^[],8^[],9^[])),k2_xboole_0(k1_tarski(1^[]),k2_xboole_0(k2_enumset1(2^[],3^[],4^[],5^[]),k2_enumset1(6^[],7^[],8^[],9^[]))),[],l2r]),para([k7_enumset1(1^[],2^[],3^[],4^[],5^[],6^[],7^[],8^[],9^[])=k2_xboole_0(k3_enumset1(1^[],2^[],3^[],4^[],5^[]),k2_enumset1(6^[],7^[],8^[],9^[])),[1,0],k3_enumset1(_56150,_56152,_56154,_56156,_56158),k2_xboole_0(k1_tarski(_56150),k2_enumset1(_56152,_56154,_56156,_56158)),[],l2r]-[k7_enumset1(1^[],2^[],3^[],4^[],5^[],6^[],7^[],8^[],9^[])=k2_xboole_0(k3_enumset1(1^[],2^[],3^[],4^[],5^[]),k2_enumset1(6^[],7^[],8^[],9^[])),[1,0],k3_enumset1(1^[],2^[],3^[],4^[],5^[]),k2_xboole_0(k1_tarski(1^[]),k2_enumset1(2^[],3^[],4^[],5^[])),[],l2r]),ext([- #,[#,k7_enumset1(1^[],2^[],3^[],4^[],5^[],6^[],7^[],8^[],9^[])=k2_xboole_0(k3_enumset1(1^[],2^[],3^[],4^[],5^[]),k2_enumset1(6^[],7^[],8^[],9^[]))]]-[- #,[#,k7_enumset1(1^[],2^[],3^[],4^[],5^[],6^[],7^[],8^[],9^[])=k2_xboole_0(k3_enumset1(1^[],2^[],3^[],4^[],5^[]),k2_enumset1(6^[],7^[],8^[],9^[]))]]),init(-# - -#)],0)state([k7_enumset1(1^[],2^[],3^[],4^[],5^[],6^[],7^[],8^[],9^[])=k2_xboole_0(k1_tarski(1^[]),k2_xboole_0(k2_enumset1(2^[],3^[],4^[],5^[]),k2_enumset1(6^[],7^[],8^[],9^[])))],[k7_enumset1(1^[],2^[],3^[],4^[],5^[],6^[],7^[],8^[],9^[])=k2_xboole_0(k2_xboole_0(k1_tarski(1^[]),k2_enumset1(2^[],3^[],4^[],5^[])),k2_enumset1(6^[],7^[],8^[],9^[])),k7_enumset1(1^[],2^[],3^[],4^[],5^[],6^[],7^[],8^[],9^[])=k2_xboole_0(k3_enumset1(1^[],2^[],3^[],4^[],5^[]),k2_enumset1(6^[],7^[],8^[],9^[])),- #],[],[ext(- (_12858=_12860),[_12860=_12858],n),ext(- (_12816=_12818),[_12816=_12830,_12830=_12818],n),para([1,1],k6_enumset1(_13008,_13010,_13012,_13014,_13016,_13018,_13020,_13022),k2_xboole_0(k2_enumset1(_13008,_13010,_13012,_13014),k2_enumset1(_13016,_13018,_13020,_13022)),[],r2l),para([1],k2_xboole_0(k2_xboole_0(_12966,_12968),_12962),k2_xboole_0(_12966,k2_xboole_0(_12968,_12962)),[],r2l),para([0],k7_enumset1(_12894,_12896,_12898,_12900,_12902,_12904,_12906,_12908,_12910),k2_xboole_0(k1_tarski(_12894),k6_enumset1(_12896,_12898,_12900,_12902,_12904,_12906,_12908,_12910)),[],l2r)],[],[para([k7_enumset1(1^[],2^[],3^[],4^[],5^[],6^[],7^[],8^[],9^[])=k2_xboole_0(k2_xboole_0(k1_tarski(1^[]),k2_enumset1(2^[],3^[],4^[],5^[])),k2_enumset1(6^[],7^[],8^[],9^[])),[1],k2_xboole_0(k2_xboole_0(_12746,_12748),_12742),k2_xboole_0(_12746,k2_xboole_0(_12748,_12742)),[],l2r]-[k7_enumset1(1^[],2^[],3^[],4^[],5^[],6^[],7^[],8^[],9^[])=k2_xboole_0(k2_xboole_0(k1_tarski(1^[]),k2_enumset1(2^[],3^[],4^[],5^[])),k2_enumset1(6^[],7^[],8^[],9^[])),[1],k2_xboole_0(k2_xboole_0(k1_tarski(1^[]),k2_enumset1(2^[],3^[],4^[],5^[])),k2_enumset1(6^[],7^[],8^[],9^[])),k2_xboole_0(k1_tarski(1^[]),k2_xboole_0(k2_enumset1(2^[],3^[],4^[],5^[]),k2_enumset1(6^[],7^[],8^[],9^[]))),[],l2r]),para([k7_enumset1(1^[],2^[],3^[],4^[],5^[],6^[],7^[],8^[],9^[])=k2_xboole_0(k3_enumset1(1^[],2^[],3^[],4^[],5^[]),k2_enumset1(6^[],7^[],8^[],9^[])),[1,0],k3_enumset1(_12632,_12634,_12636,_12638,_12640),k2_xboole_0(k1_tarski(_12632),k2_enumset1(_12634,_12636,_12638,_12640)),[],l2r]-[k7_enumset1(1^[],2^[],3^[],4^[],5^[],6^[],7^[],8^[],9^[])=k2_xboole_0(k3_enumset1(1^[],2^[],3^[],4^[],5^[]),k2_enumset1(6^[],7^[],8^[],9^[])),[1,0],k3_enumset1(1^[],2^[],3^[],4^[],5^[]),k2_xboole_0(k1_tarski(1^[]),k2_enumset1(2^[],3^[],4^[],5^[])),[],l2r]),ext([- #,[#,k7_enumset1(1^[],2^[],3^[],4^[],5^[],6^[],7^[],8^[],9^[])=k2_xboole_0(k3_enumset1(1^[],2^[],3^[],4^[],5^[]),k2_enumset1(6^[],7^[],8^[],9^[]))]]-[- #,[#,k7_enumset1(1^[],2^[],3^[],4^[],5^[],6^[],7^[],8^[],9^[])=k2_xboole_0(k3_enumset1(1^[],2^[],3^[],4^[],5^[]),k2_enumset1(6^[],7^[],8^[],9^[]))]]),init(-# - -#)],0)state([k7_enumset1(1^[],2^[],3^[],4^[],5^[],6^[],7^[],8^[],9^[])=k2_xboole_0(k2_xboole_0(k1_tarski(1^[]),k2_enumset1(2^[],3^[],4^[],5^[])),k2_enumset1(6^[],7^[],8^[],9^[]))],[k7_enumset1(1^[],2^[],3^[],4^[],5^[],6^[],7^[],8^[],9^[])=k2_xboole_0(k3_enumset1(1^[],2^[],3^[],4^[],5^[]),k2_enumset1(6^[],7^[],8^[],9^[])),- #],[],[ext(- (_6636=_6638),[_6638=_6636],n),ext(- (_6594=_6596),[_6594=_6608,_6608=_6596],n),para([1],k2_xboole_0(k2_xboole_0(_6800,_6802),_6796),k2_xboole_0(_6800,k2_xboole_0(_6802,_6796)),[],l2r),para([0],k7_enumset1(_6728,_6730,_6732,_6734,_6736,_6738,_6740,_6742,_6744),k2_xboole_0(k1_tarski(_6728),k6_enumset1(_6730,_6732,_6734,_6736,_6738,_6740,_6742,_6744)),[],l2r),para([1,0],k3_enumset1(_6678,_6680,_6682,_6684,_6686),k2_xboole_0(k1_tarski(_6678),k2_enumset1(_6680,_6682,_6684,_6686)),[],r2l)],[],[para([k7_enumset1(1^[],2^[],3^[],4^[],5^[],6^[],7^[],8^[],9^[])=k2_xboole_0(k3_enumset1(1^[],2^[],3^[],4^[],5^[]),k2_enumset1(6^[],7^[],8^[],9^[])),[1,0],k3_enumset1(_6504,_6506,_6508,_6510,_6512),k2_xboole_0(k1_tarski(_6504),k2_enumset1(_6506,_6508,_6510,_6512)),[],l2r]-[k7_enumset1(1^[],2^[],3^[],4^[],5^[],6^[],7^[],8^[],9^[])=k2_xboole_0(k3_enumset1(1^[],2^[],3^[],4^[],5^[]),k2_enumset1(6^[],7^[],8^[],9^[])),[1,0],k3_enumset1(1^[],2^[],3^[],4^[],5^[]),k2_xboole_0(k1_tarski(1^[]),k2_enumset1(2^[],3^[],4^[],5^[])),[],l2r]),ext([- #,[#,k7_enumset1(1^[],2^[],3^[],4^[],5^[],6^[],7^[],8^[],9^[])=k2_xboole_0(k3_enumset1(1^[],2^[],3^[],4^[],5^[]),k2_enumset1(6^[],7^[],8^[],9^[]))]]-[- #,[#,k7_enumset1(1^[],2^[],3^[],4^[],5^[],6^[],7^[],8^[],9^[])=k2_xboole_0(k3_enumset1(1^[],2^[],3^[],4^[],5^[]),k2_enumset1(6^[],7^[],8^[],9^[]))]]),init(-# - -#)],0)state([k7_enumset1(1^[],2^[],3^[],4^[],5^[],6^[],7^[],8^[],9^[])=k2_xboole_0(k3_enumset1(1^[],2^[],3^[],4^[],5^[]),k2_enumset1(6^[],7^[],8^[],9^[]))],[- #],[],[ext(- (_2124=_2126),[_2126=_2124],n),ext(- (_2082=_2084),[_2082=_2096,_2096=_2084],n),para([0],k7_enumset1(_2216,_2218,_2220,_2222,_2224,_2226,_2228,_2230,_2232),k2_xboole_0(k1_tarski(_2216),k6_enumset1(_2218,_2220,_2222,_2224,_2226,_2228,_2230,_2232)),[],l2r),para([1,0],k3_enumset1(_2166,_2168,_2170,_2172,_2174),k2_xboole_0(k1_tarski(_2166),k2_enumset1(_2168,_2170,_2172,_2174)),[],l2r)],[],[ext([- #,[#,k7_enumset1(1^[],2^[],3^[],4^[],5^[],6^[],7^[],8^[],9^[])=k2_xboole_0(k3_enumset1(1^[],2^[],3^[],4^[],5^[]),k2_enumset1(6^[],7^[],8^[],9^[]))]]-[- #,[#,k7_enumset1(1^[],2^[],3^[],4^[],5^[],6^[],7^[],8^[],9^[])=k2_xboole_0(k3_enumset1(1^[],2^[],3^[],4^[],5^[]),k2_enumset1(6^[],7^[],8^[],9^[]))]]),init(-# - -#)],0)state([- #],[],[],[ext(#,[k7_enumset1(1^[],2^[],3^[],4^[],5^[],6^[],7^[],8^[],9^[])=k2_xboole_0(k3_enumset1(1^[],2^[],3^[],4^[],5^[]),k2_enumset1(6^[],7^[],8^[],9^[]))],g)],[],[init(-# - -#)],0)Value data saved
state([k7_enumset1(1^[],2^[],3^[],4^[],5^[],6^[],7^[],8^[],9^[])=k2_xboole_0(k1_tarski(1^[]),k6_enumset1(2^[],3^[],4^[],5^[],6^[],7^[],8^[],9^[]))],[k7_enumset1(1^[],2^[],3^[],4^[],5^[],6^[],7^[],8^[],9^[])=k2_xboole_0(k1_tarski(1^[]),k2_xboole_0(k2_enumset1(2^[],3^[],4^[],5^[]),k2_enumset1(6^[],7^[],8^[],9^[]))),k7_enumset1(1^[],2^[],3^[],4^[],5^[],6^[],7^[],8^[],9^[])=k2_xboole_0(k2_xboole_0(k1_tarski(1^[]),k2_enumset1(2^[],3^[],4^[],5^[])),k2_enumset1(6^[],7^[],8^[],9^[])),k7_enumset1(1^[],2^[],3^[],4^[],5^[],6^[],7^[],8^[],9^[])=k2_xboole_0(k3_enumset1(1^[],2^[],3^[],4^[],5^[]),k2_enumset1(6^[],7^[],8^[],9^[])),- #],[],[ext(- (k7_enumset1(_54726,_54728,_54730,_54732,_54734,_54736,_54738,_54740,_54742)=k2_xboole_0(k1_tarski(_54726),k6_enumset1(_54728,_54730,_54732,_54734,_54736,_54738,_54740,_54742))),[],n),ext(- (_54690=_54692),[_54692=_54690],n),ext(- (_54648=_54650),[_54648=_54662,_54662=_54650],n),para([1,1],k6_enumset1(_54930,_54932,_54934,_54936,_54938,_54940,_54942,_54944),k2_xboole_0(k2_enumset1(_54930,_54932,_54934,_54936),k2_enumset1(_54938,_54940,_54942,_54944)),[],l2r),para([0],k7_enumset1(_54858,_54860,_54862,_54864,_54866,_54868,_54870,_54872,_54874),k2_xboole_0(k1_tarski(_54858),k6_enumset1(_54860,_54862,_54864,_54866,_54868,_54870,_54872,_54874)),[],l2r),para([1],k7_enumset1(_54792,_54794,_54796,_54798,_54800,_54802,_54804,_54806,_54808),k2_xboole_0(k1_tarski(_54792),k6_enumset1(_54794,_54796,_54798,_54800,_54802,_54804,_54806,_54808)),[],r2l)],[],[para([k7_enumset1(1^[],2^[],3^[],4^[],5^[],6^[],7^[],8^[],9^[])=k2_xboole_0(k1_tarski(1^[]),k2_xboole_0(k2_enumset1(2^[],3^[],4^[],5^[]),k2_enumset1(6^[],7^[],8^[],9^[]))),[1,1],k6_enumset1(_54546,_54548,_54550,_54552,_54554,_54556,_54558,_54560),k2_xboole_0(k2_enumset1(_54546,_54548,_54550,_54552),k2_enumset1(_54554,_54556,_54558,_54560)),[],r2l]-[k7_enumset1(1^[],2^[],3^[],4^[],5^[],6^[],7^[],8^[],9^[])=k2_xboole_0(k1_tarski(1^[]),k2_xboole_0(k2_enumset1(2^[],3^[],4^[],5^[]),k2_enumset1(6^[],7^[],8^[],9^[]))),[1,1],k6_enumset1(2^[],3^[],4^[],5^[],6^[],7^[],8^[],9^[]),k2_xboole_0(k2_enumset1(2^[],3^[],4^[],5^[]),k2_enumset1(6^[],7^[],8^[],9^[])),[],r2l]),para([k7_enumset1(1^[],2^[],3^[],4^[],5^[],6^[],7^[],8^[],9^[])=k2_xboole_0(k2_xboole_0(k1_tarski(1^[]),k2_enumset1(2^[],3^[],4^[],5^[])),k2_enumset1(6^[],7^[],8^[],9^[])),[1],k2_xboole_0(k2_xboole_0(_54380,_54382),_54376),k2_xboole_0(_54380,k2_xboole_0(_54382,_54376)),[],l2r]-[k7_enumset1(1^[],2^[],3^[],4^[],5^[],6^[],7^[],8^[],9^[])=k2_xboole_0(k2_xboole_0(k1_tarski(1^[]),k2_enumset1(2^[],3^[],4^[],5^[])),k2_enumset1(6^[],7^[],8^[],9^[])),[1],k2_xboole_0(k2_xboole_0(k1_tarski(1^[]),k2_enumset1(2^[],3^[],4^[],5^[])),k2_enumset1(6^[],7^[],8^[],9^[])),k2_xboole_0(k1_tarski(1^[]),k2_xboole_0(k2_enumset1(2^[],3^[],4^[],5^[]),k2_enumset1(6^[],7^[],8^[],9^[]))),[],l2r]),para([k7_enumset1(1^[],2^[],3^[],4^[],5^[],6^[],7^[],8^[],9^[])=k2_xboole_0(k3_enumset1(1^[],2^[],3^[],4^[],5^[]),k2_enumset1(6^[],7^[],8^[],9^[])),[1,0],k3_enumset1(_54438,_54440,_54442,_54444,_54446),k2_xboole_0(k1_tarski(_54438),k2_enumset1(_54440,_54442,_54444,_54446)),[],l2r]-[k7_enumset1(1^[],2^[],3^[],4^[],5^[],6^[],7^[],8^[],9^[])=k2_xboole_0(k3_enumset1(1^[],2^[],3^[],4^[],5^[]),k2_enumset1(6^[],7^[],8^[],9^[])),[1,0],k3_enumset1(1^[],2^[],3^[],4^[],5^[]),k2_xboole_0(k1_tarski(1^[]),k2_enumset1(2^[],3^[],4^[],5^[])),[],l2r]),ext([- #,[#,k7_enumset1(1^[],2^[],3^[],4^[],5^[],6^[],7^[],8^[],9^[])=k2_xboole_0(k3_enumset1(1^[],2^[],3^[],4^[],5^[]),k2_enumset1(6^[],7^[],8^[],9^[]))]]-[- #,[#,k7_enumset1(1^[],2^[],3^[],4^[],5^[],6^[],7^[],8^[],9^[])=k2_xboole_0(k3_enumset1(1^[],2^[],3^[],4^[],5^[]),k2_enumset1(6^[],7^[],8^[],9^[]))]]),init(-# - -#)],0)state([k7_enumset1(1^[],2^[],3^[],4^[],5^[],6^[],7^[],8^[],9^[])=k2_xboole_0(k1_tarski(1^[]),k2_xboole_0(k2_enumset1(2^[],3^[],4^[],5^[]),k2_enumset1(6^[],7^[],8^[],9^[])))],[k7_enumset1(1^[],2^[],3^[],4^[],5^[],6^[],7^[],8^[],9^[])=k2_xboole_0(k2_xboole_0(k1_tarski(1^[]),k2_enumset1(2^[],3^[],4^[],5^[])),k2_enumset1(6^[],7^[],8^[],9^[])),k7_enumset1(1^[],2^[],3^[],4^[],5^[],6^[],7^[],8^[],9^[])=k2_xboole_0(k3_enumset1(1^[],2^[],3^[],4^[],5^[]),k2_enumset1(6^[],7^[],8^[],9^[])),- #],[],[ext(- (_12858=_12860),[_12860=_12858],n),ext(- (_12816=_12818),[_12816=_12830,_12830=_12818],n),para([1,1],k6_enumset1(_13008,_13010,_13012,_13014,_13016,_13018,_13020,_13022),k2_xboole_0(k2_enumset1(_13008,_13010,_13012,_13014),k2_enumset1(_13016,_13018,_13020,_13022)),[],r2l),para([1],k2_xboole_0(k2_xboole_0(_12966,_12968),_12962),k2_xboole_0(_12966,k2_xboole_0(_12968,_12962)),[],r2l),para([0],k7_enumset1(_12894,_12896,_12898,_12900,_12902,_12904,_12906,_12908,_12910),k2_xboole_0(k1_tarski(_12894),k6_enumset1(_12896,_12898,_12900,_12902,_12904,_12906,_12908,_12910)),[],l2r)],[],[para([k7_enumset1(1^[],2^[],3^[],4^[],5^[],6^[],7^[],8^[],9^[])=k2_xboole_0(k2_xboole_0(k1_tarski(1^[]),k2_enumset1(2^[],3^[],4^[],5^[])),k2_enumset1(6^[],7^[],8^[],9^[])),[1],k2_xboole_0(k2_xboole_0(_12746,_12748),_12742),k2_xboole_0(_12746,k2_xboole_0(_12748,_12742)),[],l2r]-[k7_enumset1(1^[],2^[],3^[],4^[],5^[],6^[],7^[],8^[],9^[])=k2_xboole_0(k2_xboole_0(k1_tarski(1^[]),k2_enumset1(2^[],3^[],4^[],5^[])),k2_enumset1(6^[],7^[],8^[],9^[])),[1],k2_xboole_0(k2_xboole_0(k1_tarski(1^[]),k2_enumset1(2^[],3^[],4^[],5^[])),k2_enumset1(6^[],7^[],8^[],9^[])),k2_xboole_0(k1_tarski(1^[]),k2_xboole_0(k2_enumset1(2^[],3^[],4^[],5^[]),k2_enumset1(6^[],7^[],8^[],9^[]))),[],l2r]),para([k7_enumset1(1^[],2^[],3^[],4^[],5^[],6^[],7^[],8^[],9^[])=k2_xboole_0(k3_enumset1(1^[],2^[],3^[],4^[],5^[]),k2_enumset1(6^[],7^[],8^[],9^[])),[1,0],k3_enumset1(_12632,_12634,_12636,_12638,_12640),k2_xboole_0(k1_tarski(_12632),k2_enumset1(_12634,_12636,_12638,_12640)),[],l2r]-[k7_enumset1(1^[],2^[],3^[],4^[],5^[],6^[],7^[],8^[],9^[])=k2_xboole_0(k3_enumset1(1^[],2^[],3^[],4^[],5^[]),k2_enumset1(6^[],7^[],8^[],9^[])),[1,0],k3_enumset1(1^[],2^[],3^[],4^[],5^[]),k2_xboole_0(k1_tarski(1^[]),k2_enumset1(2^[],3^[],4^[],5^[])),[],l2r]),ext([- #,[#,k7_enumset1(1^[],2^[],3^[],4^[],5^[],6^[],7^[],8^[],9^[])=k2_xboole_0(k3_enumset1(1^[],2^[],3^[],4^[],5^[]),k2_enumset1(6^[],7^[],8^[],9^[]))]]-[- #,[#,k7_enumset1(1^[],2^[],3^[],4^[],5^[],6^[],7^[],8^[],9^[])=k2_xboole_0(k3_enumset1(1^[],2^[],3^[],4^[],5^[]),k2_enumset1(6^[],7^[],8^[],9^[]))]]),init(-# - -#)],0)state([k7_enumset1(1^[],2^[],3^[],4^[],5^[],6^[],7^[],8^[],9^[])=k2_xboole_0(k1_tarski(1^[]),k2_xboole_0(k2_enumset1(2^[],3^[],4^[],5^[]),k2_enumset1(6^[],7^[],8^[],9^[])))],[k7_enumset1(1^[],2^[],3^[],4^[],5^[],6^[],7^[],8^[],9^[])=k2_xboole_0(k2_xboole_0(k1_tarski(1^[]),k2_enumset1(2^[],3^[],4^[],5^[])),k2_enumset1(6^[],7^[],8^[],9^[])),k7_enumset1(1^[],2^[],3^[],4^[],5^[],6^[],7^[],8^[],9^[])=k2_xboole_0(k3_enumset1(1^[],2^[],3^[],4^[],5^[]),k2_enumset1(6^[],7^[],8^[],9^[])),- #],[],[ext(- (_12858=_12860),[_12860=_12858],n),ext(- (_12816=_12818),[_12816=_12830,_12830=_12818],n),para([1,1],k6_enumset1(_13008,_13010,_13012,_13014,_13016,_13018,_13020,_13022),k2_xboole_0(k2_enumset1(_13008,_13010,_13012,_13014),k2_enumset1(_13016,_13018,_13020,_13022)),[],r2l),para([1],k2_xboole_0(k2_xboole_0(_12966,_12968),_12962),k2_xboole_0(_12966,k2_xboole_0(_12968,_12962)),[],r2l),para([0],k7_enumset1(_12894,_12896,_12898,_12900,_12902,_12904,_12906,_12908,_12910),k2_xboole_0(k1_tarski(_12894),k6_enumset1(_12896,_12898,_12900,_12902,_12904,_12906,_12908,_12910)),[],l2r)],[],[para([k7_enumset1(1^[],2^[],3^[],4^[],5^[],6^[],7^[],8^[],9^[])=k2_xboole_0(k2_xboole_0(k1_tarski(1^[]),k2_enumset1(2^[],3^[],4^[],5^[])),k2_enumset1(6^[],7^[],8^[],9^[])),[1],k2_xboole_0(k2_xboole_0(_12746,_12748),_12742),k2_xboole_0(_12746,k2_xboole_0(_12748,_12742)),[],l2r]-[k7_enumset1(1^[],2^[],3^[],4^[],5^[],6^[],7^[],8^[],9^[])=k2_xboole_0(k2_xboole_0(k1_tarski(1^[]),k2_enumset1(2^[],3^[],4^[],5^[])),k2_enumset1(6^[],7^[],8^[],9^[])),[1],k2_xboole_0(k2_xboole_0(k1_tarski(1^[]),k2_enumset1(2^[],3^[],4^[],5^[])),k2_enumset1(6^[],7^[],8^[],9^[])),k2_xboole_0(k1_tarski(1^[]),k2_xboole_0(k2_enumset1(2^[],3^[],4^[],5^[]),k2_enumset1(6^[],7^[],8^[],9^[]))),[],l2r]),para([k7_enumset1(1^[],2^[],3^[],4^[],5^[],6^[],7^[],8^[],9^[])=k2_xboole_0(k3_enumset1(1^[],2^[],3^[],4^[],5^[]),k2_enumset1(6^[],7^[],8^[],9^[])),[1,0],k3_enumset1(_12632,_12634,_12636,_12638,_12640),k2_xboole_0(k1_tarski(_12632),k2_enumset1(_12634,_12636,_12638,_12640)),[],l2r]-[k7_enumset1(1^[],2^[],3^[],4^[],5^[],6^[],7^[],8^[],9^[])=k2_xboole_0(k3_enumset1(1^[],2^[],3^[],4^[],5^[]),k2_enumset1(6^[],7^[],8^[],9^[])),[1,0],k3_enumset1(1^[],2^[],3^[],4^[],5^[]),k2_xboole_0(k1_tarski(1^[]),k2_enumset1(2^[],3^[],4^[],5^[])),[],l2r]),ext([- #,[#,k7_enumset1(1^[],2^[],3^[],4^[],5^[],6^[],7^[],8^[],9^[])=k2_xboole_0(k3_enumset1(1^[],2^[],3^[],4^[],5^[]),k2_enumset1(6^[],7^[],8^[],9^[]))]]-[- #,[#,k7_enumset1(1^[],2^[],3^[],4^[],5^[],6^[],7^[],8^[],9^[])=k2_xboole_0(k3_enumset1(1^[],2^[],3^[],4^[],5^[]),k2_enumset1(6^[],7^[],8^[],9^[]))]]),init(-# - -#)],0)state([k7_enumset1(1^[],2^[],3^[],4^[],5^[],6^[],7^[],8^[],9^[])=k2_xboole_0(k1_tarski(1^[]),k2_xboole_0(k2_enumset1(2^[],3^[],4^[],5^[]),k2_enumset1(6^[],7^[],8^[],9^[])))],[k7_enumset1(1^[],2^[],3^[],4^[],5^[],6^[],7^[],8^[],9^[])=k2_xboole_0(k2_xboole_0(k1_tarski(1^[]),k2_enumset1(2^[],3^[],4^[],5^[])),k2_enumset1(6^[],7^[],8^[],9^[])),k7_enumset1(1^[],2^[],3^[],4^[],5^[],6^[],7^[],8^[],9^[])=k2_xboole_0(k3_enumset1(1^[],2^[],3^[],4^[],5^[]),k2_enumset1(6^[],7^[],8^[],9^[])),- #],[],[ext(- (_12858=_12860),[_12860=_12858],n),ext(- (_12816=_12818),[_12816=_12830,_12830=_12818],n),para([1,1],k6_enumset1(_13008,_13010,_13012,_13014,_13016,_13018,_13020,_13022),k2_xboole_0(k2_enumset1(_13008,_13010,_13012,_13014),k2_enumset1(_13016,_13018,_13020,_13022)),[],r2l),para([1],k2_xboole_0(k2_xboole_0(_12966,_12968),_12962),k2_xboole_0(_12966,k2_xboole_0(_12968,_12962)),[],r2l),para([0],k7_enumset1(_12894,_12896,_12898,_12900,_12902,_12904,_12906,_12908,_12910),k2_xboole_0(k1_tarski(_12894),k6_enumset1(_12896,_12898,_12900,_12902,_12904,_12906,_12908,_12910)),[],l2r)],[],[para([k7_enumset1(1^[],2^[],3^[],4^[],5^[],6^[],7^[],8^[],9^[])=k2_xboole_0(k2_xboole_0(k1_tarski(1^[]),k2_enumset1(2^[],3^[],4^[],5^[])),k2_enumset1(6^[],7^[],8^[],9^[])),[1],k2_xboole_0(k2_xboole_0(_12746,_12748),_12742),k2_xboole_0(_12746,k2_xboole_0(_12748,_12742)),[],l2r]-[k7_enumset1(1^[],2^[],3^[],4^[],5^[],6^[],7^[],8^[],9^[])=k2_xboole_0(k2_xboole_0(k1_tarski(1^[]),k2_enumset1(2^[],3^[],4^[],5^[])),k2_enumset1(6^[],7^[],8^[],9^[])),[1],k2_xboole_0(k2_xboole_0(k1_tarski(1^[]),k2_enumset1(2^[],3^[],4^[],5^[])),k2_enumset1(6^[],7^[],8^[],9^[])),k2_xboole_0(k1_tarski(1^[]),k2_xboole_0(k2_enumset1(2^[],3^[],4^[],5^[]),k2_enumset1(6^[],7^[],8^[],9^[]))),[],l2r]),para([k7_enumset1(1^[],2^[],3^[],4^[],5^[],6^[],7^[],8^[],9^[])=k2_xboole_0(k3_enumset1(1^[],2^[],3^[],4^[],5^[]),k2_enumset1(6^[],7^[],8^[],9^[])),[1,0],k3_enumset1(_12632,_12634,_12636,_12638,_12640),k2_xboole_0(k1_tarski(_12632),k2_enumset1(_12634,_12636,_12638,_12640)),[],l2r]-[k7_enumset1(1^[],2^[],3^[],4^[],5^[],6^[],7^[],8^[],9^[])=k2_xboole_0(k3_enumset1(1^[],2^[],3^[],4^[],5^[]),k2_enumset1(6^[],7^[],8^[],9^[])),[1,0],k3_enumset1(1^[],2^[],3^[],4^[],5^[]),k2_xboole_0(k1_tarski(1^[]),k2_enumset1(2^[],3^[],4^[],5^[])),[],l2r]),ext([- #,[#,k7_enumset1(1^[],2^[],3^[],4^[],5^[],6^[],7^[],8^[],9^[])=k2_xboole_0(k3_enumset1(1^[],2^[],3^[],4^[],5^[]),k2_enumset1(6^[],7^[],8^[],9^[]))]]-[- #,[#,k7_enumset1(1^[],2^[],3^[],4^[],5^[],6^[],7^[],8^[],9^[])=k2_xboole_0(k3_enumset1(1^[],2^[],3^[],4^[],5^[]),k2_enumset1(6^[],7^[],8^[],9^[]))]]),init(-# - -#)],0)state([k7_enumset1(1^[],2^[],3^[],4^[],5^[],6^[],7^[],8^[],9^[])=k2_xboole_0(k2_xboole_0(k1_tarski(1^[]),k2_enumset1(2^[],3^[],4^[],5^[])),k2_enumset1(6^[],7^[],8^[],9^[]))],[k7_enumset1(1^[],2^[],3^[],4^[],5^[],6^[],7^[],8^[],9^[])=k2_xboole_0(k3_enumset1(1^[],2^[],3^[],4^[],5^[]),k2_enumset1(6^[],7^[],8^[],9^[])),- #],[],[ext(- (_6636=_6638),[_6638=_6636],n),ext(- (_6594=_6596),[_6594=_6608,_6608=_6596],n),para([1],k2_xboole_0(k2_xboole_0(_6800,_6802),_6796),k2_xboole_0(_6800,k2_xboole_0(_6802,_6796)),[],l2r),para([0],k7_enumset1(_6728,_6730,_6732,_6734,_6736,_6738,_6740,_6742,_6744),k2_xboole_0(k1_tarski(_6728),k6_enumset1(_6730,_6732,_6734,_6736,_6738,_6740,_6742,_6744)),[],l2r),para([1,0],k3_enumset1(_6678,_6680,_6682,_6684,_6686),k2_xboole_0(k1_tarski(_6678),k2_enumset1(_6680,_6682,_6684,_6686)),[],r2l)],[],[para([k7_enumset1(1^[],2^[],3^[],4^[],5^[],6^[],7^[],8^[],9^[])=k2_xboole_0(k3_enumset1(1^[],2^[],3^[],4^[],5^[]),k2_enumset1(6^[],7^[],8^[],9^[])),[1,0],k3_enumset1(_6504,_6506,_6508,_6510,_6512),k2_xboole_0(k1_tarski(_6504),k2_enumset1(_6506,_6508,_6510,_6512)),[],l2r]-[k7_enumset1(1^[],2^[],3^[],4^[],5^[],6^[],7^[],8^[],9^[])=k2_xboole_0(k3_enumset1(1^[],2^[],3^[],4^[],5^[]),k2_enumset1(6^[],7^[],8^[],9^[])),[1,0],k3_enumset1(1^[],2^[],3^[],4^[],5^[]),k2_xboole_0(k1_tarski(1^[]),k2_enumset1(2^[],3^[],4^[],5^[])),[],l2r]),ext([- #,[#,k7_enumset1(1^[],2^[],3^[],4^[],5^[],6^[],7^[],8^[],9^[])=k2_xboole_0(k3_enumset1(1^[],2^[],3^[],4^[],5^[]),k2_enumset1(6^[],7^[],8^[],9^[]))]]-[- #,[#,k7_enumset1(1^[],2^[],3^[],4^[],5^[],6^[],7^[],8^[],9^[])=k2_xboole_0(k3_enumset1(1^[],2^[],3^[],4^[],5^[]),k2_enumset1(6^[],7^[],8^[],9^[]))]]),init(-# - -#)],0)state([k7_enumset1(1^[],2^[],3^[],4^[],5^[],6^[],7^[],8^[],9^[])=k2_xboole_0(k2_xboole_0(k1_tarski(1^[]),k2_enumset1(2^[],3^[],4^[],5^[])),k2_enumset1(6^[],7^[],8^[],9^[]))],[k7_enumset1(1^[],2^[],3^[],4^[],5^[],6^[],7^[],8^[],9^[])=k2_xboole_0(k3_enumset1(1^[],2^[],3^[],4^[],5^[]),k2_enumset1(6^[],7^[],8^[],9^[])),- #],[],[ext(- (_6572=_6574),[_6574=_6572],n),ext(- (_6530=_6532),[_6530=_6544,_6544=_6532],n),para([1],k2_xboole_0(k2_xboole_0(_6736,_6738),_6732),k2_xboole_0(_6736,k2_xboole_0(_6738,_6732)),[],l2r),para([0],k7_enumset1(_6664,_6666,_6668,_6670,_6672,_6674,_6676,_6678,_6680),k2_xboole_0(k1_tarski(_6664),k6_enumset1(_6666,_6668,_6670,_6672,_6674,_6676,_6678,_6680)),[],l2r),para([1,0],k3_enumset1(_6614,_6616,_6618,_6620,_6622),k2_xboole_0(k1_tarski(_6614),k2_enumset1(_6616,_6618,_6620,_6622)),[],r2l)],[],[para([k7_enumset1(1^[],2^[],3^[],4^[],5^[],6^[],7^[],8^[],9^[])=k2_xboole_0(k3_enumset1(1^[],2^[],3^[],4^[],5^[]),k2_enumset1(6^[],7^[],8^[],9^[])),[1,0],k3_enumset1(_6440,_6442,_6444,_6446,_6448),k2_xboole_0(k1_tarski(_6440),k2_enumset1(_6442,_6444,_6446,_6448)),[],l2r]-[k7_enumset1(1^[],2^[],3^[],4^[],5^[],6^[],7^[],8^[],9^[])=k2_xboole_0(k3_enumset1(1^[],2^[],3^[],4^[],5^[]),k2_enumset1(6^[],7^[],8^[],9^[])),[1,0],k3_enumset1(1^[],2^[],3^[],4^[],5^[]),k2_xboole_0(k1_tarski(1^[]),k2_enumset1(2^[],3^[],4^[],5^[])),[],l2r]),ext([- #,[#,k7_enumset1(1^[],2^[],3^[],4^[],5^[],6^[],7^[],8^[],9^[])=k2_xboole_0(k3_enumset1(1^[],2^[],3^[],4^[],5^[]),k2_enumset1(6^[],7^[],8^[],9^[]))]]-[- #,[#,k7_enumset1(1^[],2^[],3^[],4^[],5^[],6^[],7^[],8^[],9^[])=k2_xboole_0(k3_enumset1(1^[],2^[],3^[],4^[],5^[]),k2_enumset1(6^[],7^[],8^[],9^[]))]]),init(-# - -#)],0)state([k7_enumset1(1^[],2^[],3^[],4^[],5^[],6^[],7^[],8^[],9^[])=k2_xboole_0(k2_xboole_0(k1_tarski(1^[]),k2_enumset1(2^[],3^[],4^[],5^[])),k2_enumset1(6^[],7^[],8^[],9^[]))],[k7_enumset1(1^[],2^[],3^[],4^[],5^[],6^[],7^[],8^[],9^[])=k2_xboole_0(k3_enumset1(1^[],2^[],3^[],4^[],5^[]),k2_enumset1(6^[],7^[],8^[],9^[])),- #],[],[ext(- (_6572=_6574),[_6574=_6572],n),ext(- (_6530=_6532),[_6530=_6544,_6544=_6532],n),para([1],k2_xboole_0(k2_xboole_0(_6736,_6738),_6732),k2_xboole_0(_6736,k2_xboole_0(_6738,_6732)),[],l2r),para([0],k7_enumset1(_6664,_6666,_6668,_6670,_6672,_6674,_6676,_6678,_6680),k2_xboole_0(k1_tarski(_6664),k6_enumset1(_6666,_6668,_6670,_6672,_6674,_6676,_6678,_6680)),[],l2r),para([1,0],k3_enumset1(_6614,_6616,_6618,_6620,_6622),k2_xboole_0(k1_tarski(_6614),k2_enumset1(_6616,_6618,_6620,_6622)),[],r2l)],[],[para([k7_enumset1(1^[],2^[],3^[],4^[],5^[],6^[],7^[],8^[],9^[])=k2_xboole_0(k3_enumset1(1^[],2^[],3^[],4^[],5^[]),k2_enumset1(6^[],7^[],8^[],9^[])),[1,0],k3_enumset1(_6440,_6442,_6444,_6446,_6448),k2_xboole_0(k1_tarski(_6440),k2_enumset1(_6442,_6444,_6446,_6448)),[],l2r]-[k7_enumset1(1^[],2^[],3^[],4^[],5^[],6^[],7^[],8^[],9^[])=k2_xboole_0(k3_enumset1(1^[],2^[],3^[],4^[],5^[]),k2_enumset1(6^[],7^[],8^[],9^[])),[1,0],k3_enumset1(1^[],2^[],3^[],4^[],5^[]),k2_xboole_0(k1_tarski(1^[]),k2_enumset1(2^[],3^[],4^[],5^[])),[],l2r]),ext([- #,[#,k7_enumset1(1^[],2^[],3^[],4^[],5^[],6^[],7^[],8^[],9^[])=k2_xboole_0(k3_enumset1(1^[],2^[],3^[],4^[],5^[]),k2_enumset1(6^[],7^[],8^[],9^[]))]]-[- #,[#,k7_enumset1(1^[],2^[],3^[],4^[],5^[],6^[],7^[],8^[],9^[])=k2_xboole_0(k3_enumset1(1^[],2^[],3^[],4^[],5^[]),k2_enumset1(6^[],7^[],8^[],9^[]))]]),init(-# - -#)],0)state([k7_enumset1(1^[],2^[],3^[],4^[],5^[],6^[],7^[],8^[],9^[])=k2_xboole_0(k2_xboole_0(k1_tarski(1^[]),k2_enumset1(2^[],3^[],4^[],5^[])),k2_enumset1(6^[],7^[],8^[],9^[]))],[k7_enumset1(1^[],2^[],3^[],4^[],5^[],6^[],7^[],8^[],9^[])=k2_xboole_0(k3_enumset1(1^[],2^[],3^[],4^[],5^[]),k2_enumset1(6^[],7^[],8^[],9^[])),- #],[],[ext(- (_6572=_6574),[_6574=_6572],n),ext(- (_6530=_6532),[_6530=_6544,_6544=_6532],n),para([1],k2_xboole_0(k2_xboole_0(_6736,_6738),_6732),k2_xboole_0(_6736,k2_xboole_0(_6738,_6732)),[],l2r),para([0],k7_enumset1(_6664,_6666,_6668,_6670,_6672,_6674,_6676,_6678,_6680),k2_xboole_0(k1_tarski(_6664),k6_enumset1(_6666,_6668,_6670,_6672,_6674,_6676,_6678,_6680)),[],l2r),para([1,0],k3_enumset1(_6614,_6616,_6618,_6620,_6622),k2_xboole_0(k1_tarski(_6614),k2_enumset1(_6616,_6618,_6620,_6622)),[],r2l)],[],[para([k7_enumset1(1^[],2^[],3^[],4^[],5^[],6^[],7^[],8^[],9^[])=k2_xboole_0(k3_enumset1(1^[],2^[],3^[],4^[],5^[]),k2_enumset1(6^[],7^[],8^[],9^[])),[1,0],k3_enumset1(_6440,_6442,_6444,_6446,_6448),k2_xboole_0(k1_tarski(_6440),k2_enumset1(_6442,_6444,_6446,_6448)),[],l2r]-[k7_enumset1(1^[],2^[],3^[],4^[],5^[],6^[],7^[],8^[],9^[])=k2_xboole_0(k3_enumset1(1^[],2^[],3^[],4^[],5^[]),k2_enumset1(6^[],7^[],8^[],9^[])),[1,0],k3_enumset1(1^[],2^[],3^[],4^[],5^[]),k2_xboole_0(k1_tarski(1^[]),k2_enumset1(2^[],3^[],4^[],5^[])),[],l2r]),ext([- #,[#,k7_enumset1(1^[],2^[],3^[],4^[],5^[],6^[],7^[],8^[],9^[])=k2_xboole_0(k3_enumset1(1^[],2^[],3^[],4^[],5^[]),k2_enumset1(6^[],7^[],8^[],9^[]))]]-[- #,[#,k7_enumset1(1^[],2^[],3^[],4^[],5^[],6^[],7^[],8^[],9^[])=k2_xboole_0(k3_enumset1(1^[],2^[],3^[],4^[],5^[]),k2_enumset1(6^[],7^[],8^[],9^[]))]]),init(-# - -#)],0)state([k7_enumset1(1^[],2^[],3^[],4^[],5^[],6^[],7^[],8^[],9^[])=k2_xboole_0(k2_xboole_0(k1_tarski(1^[]),k2_enumset1(2^[],3^[],4^[],5^[])),k2_enumset1(6^[],7^[],8^[],9^[]))],[k7_enumset1(1^[],2^[],3^[],4^[],5^[],6^[],7^[],8^[],9^[])=k2_xboole_0(k3_enumset1(1^[],2^[],3^[],4^[],5^[]),k2_enumset1(6^[],7^[],8^[],9^[])),- #],[],[ext(- (_6572=_6574),[_6574=_6572],n),ext(- (_6530=_6532),[_6530=_6544,_6544=_6532],n),para([1],k2_xboole_0(k2_xboole_0(_6736,_6738),_6732),k2_xboole_0(_6736,k2_xboole_0(_6738,_6732)),[],l2r),para([0],k7_enumset1(_6664,_6666,_6668,_6670,_6672,_6674,_6676,_6678,_6680),k2_xboole_0(k1_tarski(_6664),k6_enumset1(_6666,_6668,_6670,_6672,_6674,_6676,_6678,_6680)),[],l2r),para([1,0],k3_enumset1(_6614,_6616,_6618,_6620,_6622),k2_xboole_0(k1_tarski(_6614),k2_enumset1(_6616,_6618,_6620,_6622)),[],r2l)],[],[para([k7_enumset1(1^[],2^[],3^[],4^[],5^[],6^[],7^[],8^[],9^[])=k2_xboole_0(k3_enumset1(1^[],2^[],3^[],4^[],5^[]),k2_enumset1(6^[],7^[],8^[],9^[])),[1,0],k3_enumset1(_6440,_6442,_6444,_6446,_6448),k2_xboole_0(k1_tarski(_6440),k2_enumset1(_6442,_6444,_6446,_6448)),[],l2r]-[k7_enumset1(1^[],2^[],3^[],4^[],5^[],6^[],7^[],8^[],9^[])=k2_xboole_0(k3_enumset1(1^[],2^[],3^[],4^[],5^[]),k2_enumset1(6^[],7^[],8^[],9^[])),[1,0],k3_enumset1(1^[],2^[],3^[],4^[],5^[]),k2_xboole_0(k1_tarski(1^[]),k2_enumset1(2^[],3^[],4^[],5^[])),[],l2r]),ext([- #,[#,k7_enumset1(1^[],2^[],3^[],4^[],5^[],6^[],7^[],8^[],9^[])=k2_xboole_0(k3_enumset1(1^[],2^[],3^[],4^[],5^[]),k2_enumset1(6^[],7^[],8^[],9^[]))]]-[- #,[#,k7_enumset1(1^[],2^[],3^[],4^[],5^[],6^[],7^[],8^[],9^[])=k2_xboole_0(k3_enumset1(1^[],2^[],3^[],4^[],5^[]),k2_enumset1(6^[],7^[],8^[],9^[]))]]),init(-# - -#)],0)state([k7_enumset1(1^[],2^[],3^[],4^[],5^[],6^[],7^[],8^[],9^[])=k2_xboole_0(k3_enumset1(1^[],2^[],3^[],4^[],5^[]),k2_enumset1(6^[],7^[],8^[],9^[]))],[- #],[],[ext(- (_2060=_2062),[_2062=_2060],n),ext(- (_2018=_2020),[_2018=_2032,_2032=_2020],n),para([0],k7_enumset1(_2152,_2154,_2156,_2158,_2160,_2162,_2164,_2166,_2168),k2_xboole_0(k1_tarski(_2152),k6_enumset1(_2154,_2156,_2158,_2160,_2162,_2164,_2166,_2168)),[],l2r),para([1,0],k3_enumset1(_2102,_2104,_2106,_2108,_2110),k2_xboole_0(k1_tarski(_2102),k2_enumset1(_2104,_2106,_2108,_2110)),[],l2r)],[],[ext([- #,[#,k7_enumset1(1^[],2^[],3^[],4^[],5^[],6^[],7^[],8^[],9^[])=k2_xboole_0(k3_enumset1(1^[],2^[],3^[],4^[],5^[]),k2_enumset1(6^[],7^[],8^[],9^[]))]]-[- #,[#,k7_enumset1(1^[],2^[],3^[],4^[],5^[],6^[],7^[],8^[],9^[])=k2_xboole_0(k3_enumset1(1^[],2^[],3^[],4^[],5^[]),k2_enumset1(6^[],7^[],8^[],9^[]))]]),init(-# - -#)],0)state([k7_enumset1(1^[],2^[],3^[],4^[],5^[],6^[],7^[],8^[],9^[])=k2_xboole_0(k3_enumset1(1^[],2^[],3^[],4^[],5^[]),k2_enumset1(6^[],7^[],8^[],9^[]))],[- #],[],[ext(- (_2060=_2062),[_2062=_2060],n),ext(- (_2018=_2020),[_2018=_2032,_2032=_2020],n),para([0],k7_enumset1(_2152,_2154,_2156,_2158,_2160,_2162,_2164,_2166,_2168),k2_xboole_0(k1_tarski(_2152),k6_enumset1(_2154,_2156,_2158,_2160,_2162,_2164,_2166,_2168)),[],l2r),para([1,0],k3_enumset1(_2102,_2104,_2106,_2108,_2110),k2_xboole_0(k1_tarski(_2102),k2_enumset1(_2104,_2106,_2108,_2110)),[],l2r)],[],[ext([- #,[#,k7_enumset1(1^[],2^[],3^[],4^[],5^[],6^[],7^[],8^[],9^[])=k2_xboole_0(k3_enumset1(1^[],2^[],3^[],4^[],5^[]),k2_enumset1(6^[],7^[],8^[],9^[]))]]-[- #,[#,k7_enumset1(1^[],2^[],3^[],4^[],5^[],6^[],7^[],8^[],9^[])=k2_xboole_0(k3_enumset1(1^[],2^[],3^[],4^[],5^[]),k2_enumset1(6^[],7^[],8^[],9^[]))]]),init(-# - -#)],0)state([k7_enumset1(1^[],2^[],3^[],4^[],5^[],6^[],7^[],8^[],9^[])=k2_xboole_0(k3_enumset1(1^[],2^[],3^[],4^[],5^[]),k2_enumset1(6^[],7^[],8^[],9^[]))],[- #],[],[ext(- (_2060=_2062),[_2062=_2060],n),ext(- (_2018=_2020),[_2018=_2032,_2032=_2020],n),para([0],k7_enumset1(_2152,_2154,_2156,_2158,_2160,_2162,_2164,_2166,_2168),k2_xboole_0(k1_tarski(_2152),k6_enumset1(_2154,_2156,_2158,_2160,_2162,_2164,_2166,_2168)),[],l2r),para([1,0],k3_enumset1(_2102,_2104,_2106,_2108,_2110),k2_xboole_0(k1_tarski(_2102),k2_enumset1(_2104,_2106,_2108,_2110)),[],l2r)],[],[ext([- #,[#,k7_enumset1(1^[],2^[],3^[],4^[],5^[],6^[],7^[],8^[],9^[])=k2_xboole_0(k3_enumset1(1^[],2^[],3^[],4^[],5^[]),k2_enumset1(6^[],7^[],8^[],9^[]))]]-[- #,[#,k7_enumset1(1^[],2^[],3^[],4^[],5^[],6^[],7^[],8^[],9^[])=k2_xboole_0(k3_enumset1(1^[],2^[],3^[],4^[],5^[]),k2_enumset1(6^[],7^[],8^[],9^[]))]]),init(-# - -#)],0)state([k7_enumset1(1^[],2^[],3^[],4^[],5^[],6^[],7^[],8^[],9^[])=k2_xboole_0(k3_enumset1(1^[],2^[],3^[],4^[],5^[]),k2_enumset1(6^[],7^[],8^[],9^[]))],[- #],[],[ext(- (_2060=_2062),[_2062=_2060],n),ext(- (_2018=_2020),[_2018=_2032,_2032=_2020],n),para([0],k7_enumset1(_2152,_2154,_2156,_2158,_2160,_2162,_2164,_2166,_2168),k2_xboole_0(k1_tarski(_2152),k6_enumset1(_2154,_2156,_2158,_2160,_2162,_2164,_2166,_2168)),[],l2r),para([1,0],k3_enumset1(_2102,_2104,_2106,_2108,_2110),k2_xboole_0(k1_tarski(_2102),k2_enumset1(_2104,_2106,_2108,_2110)),[],l2r)],[],[ext([- #,[#,k7_enumset1(1^[],2^[],3^[],4^[],5^[],6^[],7^[],8^[],9^[])=k2_xboole_0(k3_enumset1(1^[],2^[],3^[],4^[],5^[]),k2_enumset1(6^[],7^[],8^[],9^[]))]]-[- #,[#,k7_enumset1(1^[],2^[],3^[],4^[],5^[],6^[],7^[],8^[],9^[])=k2_xboole_0(k3_enumset1(1^[],2^[],3^[],4^[],5^[]),k2_enumset1(6^[],7^[],8^[],9^[]))]]),init(-# - -#)],0)state([- #],[],[],[ext(#,[k7_enumset1(1^[],2^[],3^[],4^[],5^[],6^[],7^[],8^[],9^[])=k2_xboole_0(k3_enumset1(1^[],2^[],3^[],4^[],5^[]),k2_enumset1(6^[],7^[],8^[],9^[]))],g)],[],[init(-# - -#)],0)Policy data saved
Training data saved
Execution time: 5.298 sec
Full query: 
 swipl -g '["core/montecarlo.pl"], mc_run("theorems/m2np/t81_enumset1.p",[guided(0),cp(1),sim_depth(0),playout_count(200000),min_visit_count(1),n_dim(10000),playout_time(300), output_format(svmlight), leancop_settings([conj,nodef,comp(1000),eager_reduction(1),paramodulation(1)]),return_to_root(0),save_all_proofs(0),temperature(2),save_all_policy(0),save_all_value(1),lemma_features(0),inference_limit(200000),collapse_vars(0),bigstep_frequency(2000)],"results/plcop_paramodulation/train_value","results/plcop_paramodulation/train_policy","results/plcop_paramodulation/clauses","results/plcop_paramodulation/proofs",ExecutionTime), halt.'
