Prolog query: 
 mc_run("theorems/m2np/t9_tops_1.p",[guided(0),cp(1),sim_depth(0),playout_count(200000),min_visit_count(1),n_dim(10000),playout_time(300), output_format(svmlight), leancop_settings([conj,nodef,comp(1000),eager_reduction(1),paramodulation(1)]),return_to_root(0),save_all_proofs(0),temperature(2),save_all_policy(0),save_all_value(1),lemma_features(0),inference_limit(200000),collapse_vars(0),bigstep_frequency(2000)],"results/plcop_paramodulation/train_value","results/plcop_paramodulation/train_policy","results/plcop_paramodulation/clauses","results/plcop_paramodulation/proofs",ExecutionTime)
Trying to open file theorems/m2np/t9_tops_1.p...
Successfully opened file theorems/m2np/t9_tops_1.p
200000 playouts remaining
SUCCESS
   Init: 	-#
   Extension: 	[- #,[#,v4_pre_topc(k4_subset_1(u1_struct_0(1^[]),2^[],3^[]),1^[])]]
   Paramodulation: 	[v4_pre_topc(k4_subset_1(u1_struct_0(1^[]),2^[],3^[]),1^[]),[0],k4_subset_1(A,B,C),k2_xboole_0(B,C),[m1_subset_1(B,k1_zfmisc_1(A)),m1_subset_1(C,k1_zfmisc_1(A))],l2r]
   Extension: 	[v4_pre_topc(k2_xboole_0(2^[],3^[]),1^[]),[-v4_pre_topc(k2_xboole_0(A,B),C),l1_pre_topc(C),v2_pre_topc(C),m1_subset_1(A,k1_zfmisc_1(u1_struct_0(C))),v4_pre_topc(A,C),v4_pre_topc(B,C),m1_subset_1(B,k1_zfmisc_1(u1_struct_0(C)))]]
   Extension: 	[l1_pre_topc(1^[]),[-l1_pre_topc(1^[]),#]]
   Reduction: 	[#,- #]
   Extension: 	[v2_pre_topc(1^[]),[-v2_pre_topc(1^[]),#]]
   Reduction: 	[#,- #]
   Extension: 	[m1_subset_1(2^[],k1_zfmisc_1(u1_struct_0(1^[]))),[-m1_subset_1(2^[],k1_zfmisc_1(u1_struct_0(1^[]))),#]]
   Reduction: 	[#,- #]
   Extension: 	[v4_pre_topc(2^[],1^[]),[-v4_pre_topc(2^[],1^[]),#]]
   Reduction: 	[#,- #]
   Extension: 	[v4_pre_topc(3^[],1^[]),[-v4_pre_topc(3^[],1^[]),#]]
   Reduction: 	[#,- #]
   Extension: 	[m1_subset_1(3^[],k1_zfmisc_1(u1_struct_0(1^[]))),[-m1_subset_1(3^[],k1_zfmisc_1(u1_struct_0(1^[]))),#]]
   Reduction: 	[#,- #]
   Extension: 	[m1_subset_1(2^[],k1_zfmisc_1(u1_struct_0(1^[]))),[-m1_subset_1(2^[],k1_zfmisc_1(u1_struct_0(1^[]))),#]]
   Reduction: 	[#,- #]
   Extension: 	[m1_subset_1(3^[],k1_zfmisc_1(u1_struct_0(1^[]))),[-m1_subset_1(3^[],k1_zfmisc_1(u1_struct_0(1^[]))),#]]
   Reduction: 	[#,- #]
Created leancop proof

FIRST PROOF FOUND AFTER 1195 STEPS

Moving root from 0 to 62
Moving root from 62 to 67
195000 playouts remaining
Moving root from 67 to 68
Moving root from 68 to 69
Moving root from 69 to 127
190000 playouts remaining
Moving root from 127 to 280
Moving root from 280 to 506
185000 playouts remaining
Moving root from 506 to 608
Moving root from 608 to 882
Moving root from 882 to 1173
180000 playouts remaining
Moving root from 1173 to 1174
Unable to move root from 1174
175000 playouts remaining
Unable to move root from 1174
Unable to move root from 1174
Unable to move root from 1174
170000 playouts remaining
Unable to move root from 1174
Unable to move root from 1174
165000 playouts remaining
Unable to move root from 1174
Unable to move root from 1174
Unable to move root from 1174
160000 playouts remaining
Unable to move root from 1174
Unable to move root from 1174
155000 playouts remaining
Unable to move root from 1174
Unable to move root from 1174
Unable to move root from 1174
150000 playouts remaining
Unable to move root from 1174
Unable to move root from 1174
145000 playouts remaining
Unable to move root from 1174
Unable to move root from 1174
Unable to move root from 1174
140000 playouts remaining
Unable to move root from 1174
Unable to move root from 1174
135000 playouts remaining
Unable to move root from 1174
Unable to move root from 1174
Unable to move root from 1174
130000 playouts remaining
Unable to move root from 1174
Unable to move root from 1174
125000 playouts remaining
Unable to move root from 1174
Unable to move root from 1174
Unable to move root from 1174
120000 playouts remaining
Unable to move root from 1174
Unable to move root from 1174
115000 playouts remaining
Unable to move root from 1174
Unable to move root from 1174
Unable to move root from 1174
110000 playouts remaining
Unable to move root from 1174
Unable to move root from 1174
105000 playouts remaining
Unable to move root from 1174
Unable to move root from 1174
Unable to move root from 1174
100000 playouts remaining
Unable to move root from 1174
Unable to move root from 1174
95000 playouts remaining
Unable to move root from 1174
Unable to move root from 1174
Unable to move root from 1174
90000 playouts remaining
Unable to move root from 1174
Unable to move root from 1174
85000 playouts remaining
Unable to move root from 1174
Unable to move root from 1174
Unable to move root from 1174
80000 playouts remaining
Unable to move root from 1174
Unable to move root from 1174
75000 playouts remaining
Unable to move root from 1174
Unable to move root from 1174
Unable to move root from 1174
70000 playouts remaining
Unable to move root from 1174
Unable to move root from 1174
65000 playouts remaining
Unable to move root from 1174
Unable to move root from 1174
Unable to move root from 1174
60000 playouts remaining
Unable to move root from 1174
Unable to move root from 1174
55000 playouts remaining
Unable to move root from 1174
Unable to move root from 1174
Unable to move root from 1174
50000 playouts remaining
Unable to move root from 1174
Unable to move root from 1174
45000 playouts remaining
Unable to move root from 1174
Unable to move root from 1174
Unable to move root from 1174
40000 playouts remaining
Unable to move root from 1174
Unable to move root from 1174
35000 playouts remaining
Unable to move root from 1174
Unable to move root from 1174
Unable to move root from 1174
30000 playouts remaining
Unable to move root from 1174
Unable to move root from 1174
25000 playouts remaining
Unable to move root from 1174
Unable to move root from 1174
Unable to move root from 1174
20000 playouts remaining
Unable to move root from 1174
Unable to move root from 1174
15000 playouts remaining
Unable to move root from 1174
Unable to move root from 1174
Unable to move root from 1174
10000 playouts remaining
Unable to move root from 1174
Unable to move root from 1174
5000 playouts remaining
Unable to move root from 1174
Unable to move root from 1174
Unable to move root from 1174
Created 1192 nodes
Performed 126286 inferences
Bigstep Nodes: 12, [0,62,67,68,69,127,280,506,608,882,1173,1174]
Training data collected
state([success],[],[],[],[],[red([#,- #]-[#,- #]),ext([m1_subset_1(3^[],k1_zfmisc_1(u1_struct_0(1^[]))),[-m1_subset_1(3^[],k1_zfmisc_1(u1_struct_0(1^[]))),#]]-[m1_subset_1(3^[],k1_zfmisc_1(u1_struct_0(1^[]))),[-m1_subset_1(3^[],k1_zfmisc_1(u1_struct_0(1^[]))),#]]),red([#,- #]-[#,- #]),ext([m1_subset_1(2^[],k1_zfmisc_1(u1_struct_0(1^[]))),[-m1_subset_1(2^[],k1_zfmisc_1(u1_struct_0(1^[]))),#]]-[m1_subset_1(2^[],k1_zfmisc_1(u1_struct_0(1^[]))),[-m1_subset_1(2^[],k1_zfmisc_1(u1_struct_0(1^[]))),#]]),red([#,- #]-[#,- #]),ext([m1_subset_1(3^[],k1_zfmisc_1(u1_struct_0(1^[]))),[-m1_subset_1(3^[],k1_zfmisc_1(u1_struct_0(1^[]))),#]]-[m1_subset_1(3^[],k1_zfmisc_1(u1_struct_0(1^[]))),[-m1_subset_1(3^[],k1_zfmisc_1(u1_struct_0(1^[]))),#]]),red([#,- #]-[#,- #]),ext([v4_pre_topc(3^[],1^[]),[-v4_pre_topc(3^[],1^[]),#]]-[v4_pre_topc(3^[],1^[]),[-v4_pre_topc(3^[],1^[]),#]]),red([#,- #]-[#,- #]),ext([v4_pre_topc(2^[],1^[]),[-v4_pre_topc(2^[],1^[]),#]]-[v4_pre_topc(2^[],1^[]),[-v4_pre_topc(2^[],1^[]),#]]),red([#,- #]-[#,- #]),ext([m1_subset_1(2^[],k1_zfmisc_1(u1_struct_0(1^[]))),[-m1_subset_1(2^[],k1_zfmisc_1(u1_struct_0(1^[]))),#]]-[m1_subset_1(2^[],k1_zfmisc_1(u1_struct_0(1^[]))),[-m1_subset_1(2^[],k1_zfmisc_1(u1_struct_0(1^[]))),#]]),red([#,- #]-[#,- #]),ext([v2_pre_topc(1^[]),[-v2_pre_topc(1^[]),#]]-[v2_pre_topc(1^[]),[-v2_pre_topc(1^[]),#]]),red([#,- #]-[#,- #]),ext([l1_pre_topc(1^[]),[-l1_pre_topc(1^[]),#]]-[l1_pre_topc(1^[]),[-l1_pre_topc(1^[]),#]]),ext([v4_pre_topc(k2_xboole_0(2^[],3^[]),1^[]),[-v4_pre_topc(k2_xboole_0(_1923042,_1923044),_1923038),l1_pre_topc(_1923038),v2_pre_topc(_1923038),m1_subset_1(_1923042,k1_zfmisc_1(u1_struct_0(_1923038))),v4_pre_topc(_1923042,_1923038),v4_pre_topc(_1923044,_1923038),m1_subset_1(_1923044,k1_zfmisc_1(u1_struct_0(_1923038)))]]-[v4_pre_topc(k2_xboole_0(2^[],3^[]),1^[]),[-v4_pre_topc(k2_xboole_0(2^[],3^[]),1^[]),l1_pre_topc(1^[]),v2_pre_topc(1^[]),m1_subset_1(2^[],k1_zfmisc_1(u1_struct_0(1^[]))),v4_pre_topc(2^[],1^[]),v4_pre_topc(3^[],1^[]),m1_subset_1(3^[],k1_zfmisc_1(u1_struct_0(1^[])))]]),para([v4_pre_topc(k4_subset_1(u1_struct_0(1^[]),2^[],3^[]),1^[]),[0],k4_subset_1(_1923166,_1923168,_1923170),k2_xboole_0(_1923168,_1923170),[m1_subset_1(_1923168,k1_zfmisc_1(_1923166)),m1_subset_1(_1923170,k1_zfmisc_1(_1923166))],l2r]-[v4_pre_topc(k4_subset_1(u1_struct_0(1^[]),2^[],3^[]),1^[]),[0],k4_subset_1(u1_struct_0(1^[]),2^[],3^[]),k2_xboole_0(2^[],3^[]),[m1_subset_1(2^[],k1_zfmisc_1(u1_struct_0(1^[]))),m1_subset_1(3^[],k1_zfmisc_1(u1_struct_0(1^[])))],l2r]),ext([- #,[#,v4_pre_topc(k4_subset_1(u1_struct_0(1^[]),2^[],3^[]),1^[])]]-[- #,[#,v4_pre_topc(k4_subset_1(u1_struct_0(1^[]),2^[],3^[]),1^[])]]),init(-# - -#)],1)state([m1_subset_1(3^[],k1_zfmisc_1(u1_struct_0(1^[])))],[v4_pre_topc(k4_subset_1(u1_struct_0(1^[]),2^[],3^[]),1^[]),- #],[m1_subset_1(2^[],k1_zfmisc_1(u1_struct_0(1^[]))),v4_pre_topc(k2_xboole_0(2^[],3^[]),1^[])],[ext(-m1_subset_1(3^[],k1_zfmisc_1(u1_struct_0(1^[]))),[#],g),ext(-m1_subset_1(_1922720,_1922722),[m1_subset_1(_1922732,_1922734),_1922732=_1922720,_1922734=_1922722],n)],[],[red([#,- #]-[#,- #]),ext([m1_subset_1(2^[],k1_zfmisc_1(u1_struct_0(1^[]))),[-m1_subset_1(2^[],k1_zfmisc_1(u1_struct_0(1^[]))),#]]-[m1_subset_1(2^[],k1_zfmisc_1(u1_struct_0(1^[]))),[-m1_subset_1(2^[],k1_zfmisc_1(u1_struct_0(1^[]))),#]]),red([#,- #]-[#,- #]),ext([m1_subset_1(3^[],k1_zfmisc_1(u1_struct_0(1^[]))),[-m1_subset_1(3^[],k1_zfmisc_1(u1_struct_0(1^[]))),#]]-[m1_subset_1(3^[],k1_zfmisc_1(u1_struct_0(1^[]))),[-m1_subset_1(3^[],k1_zfmisc_1(u1_struct_0(1^[]))),#]]),red([#,- #]-[#,- #]),ext([v4_pre_topc(3^[],1^[]),[-v4_pre_topc(3^[],1^[]),#]]-[v4_pre_topc(3^[],1^[]),[-v4_pre_topc(3^[],1^[]),#]]),red([#,- #]-[#,- #]),ext([v4_pre_topc(2^[],1^[]),[-v4_pre_topc(2^[],1^[]),#]]-[v4_pre_topc(2^[],1^[]),[-v4_pre_topc(2^[],1^[]),#]]),red([#,- #]-[#,- #]),ext([m1_subset_1(2^[],k1_zfmisc_1(u1_struct_0(1^[]))),[-m1_subset_1(2^[],k1_zfmisc_1(u1_struct_0(1^[]))),#]]-[m1_subset_1(2^[],k1_zfmisc_1(u1_struct_0(1^[]))),[-m1_subset_1(2^[],k1_zfmisc_1(u1_struct_0(1^[]))),#]]),red([#,- #]-[#,- #]),ext([v2_pre_topc(1^[]),[-v2_pre_topc(1^[]),#]]-[v2_pre_topc(1^[]),[-v2_pre_topc(1^[]),#]]),red([#,- #]-[#,- #]),ext([l1_pre_topc(1^[]),[-l1_pre_topc(1^[]),#]]-[l1_pre_topc(1^[]),[-l1_pre_topc(1^[]),#]]),ext([v4_pre_topc(k2_xboole_0(2^[],3^[]),1^[]),[-v4_pre_topc(k2_xboole_0(_1922438,_1922440),_1922434),l1_pre_topc(_1922434),v2_pre_topc(_1922434),m1_subset_1(_1922438,k1_zfmisc_1(u1_struct_0(_1922434))),v4_pre_topc(_1922438,_1922434),v4_pre_topc(_1922440,_1922434),m1_subset_1(_1922440,k1_zfmisc_1(u1_struct_0(_1922434)))]]-[v4_pre_topc(k2_xboole_0(2^[],3^[]),1^[]),[-v4_pre_topc(k2_xboole_0(2^[],3^[]),1^[]),l1_pre_topc(1^[]),v2_pre_topc(1^[]),m1_subset_1(2^[],k1_zfmisc_1(u1_struct_0(1^[]))),v4_pre_topc(2^[],1^[]),v4_pre_topc(3^[],1^[]),m1_subset_1(3^[],k1_zfmisc_1(u1_struct_0(1^[])))]]),para([v4_pre_topc(k4_subset_1(u1_struct_0(1^[]),2^[],3^[]),1^[]),[0],k4_subset_1(_1922562,_1922564,_1922566),k2_xboole_0(_1922564,_1922566),[m1_subset_1(_1922564,k1_zfmisc_1(_1922562)),m1_subset_1(_1922566,k1_zfmisc_1(_1922562))],l2r]-[v4_pre_topc(k4_subset_1(u1_struct_0(1^[]),2^[],3^[]),1^[]),[0],k4_subset_1(u1_struct_0(1^[]),2^[],3^[]),k2_xboole_0(2^[],3^[]),[m1_subset_1(2^[],k1_zfmisc_1(u1_struct_0(1^[]))),m1_subset_1(3^[],k1_zfmisc_1(u1_struct_0(1^[])))],l2r]),ext([- #,[#,v4_pre_topc(k4_subset_1(u1_struct_0(1^[]),2^[],3^[]),1^[])]]-[- #,[#,v4_pre_topc(k4_subset_1(u1_struct_0(1^[]),2^[],3^[]),1^[])]]),init(-# - -#)],0)state([m1_subset_1(2^[],k1_zfmisc_1(u1_struct_0(1^[]))),m1_subset_1(3^[],k1_zfmisc_1(u1_struct_0(1^[])))],[v4_pre_topc(k4_subset_1(u1_struct_0(1^[]),2^[],3^[]),1^[]),- #],[v4_pre_topc(k2_xboole_0(2^[],3^[]),1^[])],[ext(-m1_subset_1(2^[],k1_zfmisc_1(u1_struct_0(1^[]))),[#],g),ext(-m1_subset_1(_1346372,_1346374),[m1_subset_1(_1346384,_1346386),_1346384=_1346372,_1346386=_1346374],n)],[],[red([#,- #]-[#,- #]),ext([m1_subset_1(3^[],k1_zfmisc_1(u1_struct_0(1^[]))),[-m1_subset_1(3^[],k1_zfmisc_1(u1_struct_0(1^[]))),#]]-[m1_subset_1(3^[],k1_zfmisc_1(u1_struct_0(1^[]))),[-m1_subset_1(3^[],k1_zfmisc_1(u1_struct_0(1^[]))),#]]),red([#,- #]-[#,- #]),ext([v4_pre_topc(3^[],1^[]),[-v4_pre_topc(3^[],1^[]),#]]-[v4_pre_topc(3^[],1^[]),[-v4_pre_topc(3^[],1^[]),#]]),red([#,- #]-[#,- #]),ext([v4_pre_topc(2^[],1^[]),[-v4_pre_topc(2^[],1^[]),#]]-[v4_pre_topc(2^[],1^[]),[-v4_pre_topc(2^[],1^[]),#]]),red([#,- #]-[#,- #]),ext([m1_subset_1(2^[],k1_zfmisc_1(u1_struct_0(1^[]))),[-m1_subset_1(2^[],k1_zfmisc_1(u1_struct_0(1^[]))),#]]-[m1_subset_1(2^[],k1_zfmisc_1(u1_struct_0(1^[]))),[-m1_subset_1(2^[],k1_zfmisc_1(u1_struct_0(1^[]))),#]]),red([#,- #]-[#,- #]),ext([v2_pre_topc(1^[]),[-v2_pre_topc(1^[]),#]]-[v2_pre_topc(1^[]),[-v2_pre_topc(1^[]),#]]),red([#,- #]-[#,- #]),ext([l1_pre_topc(1^[]),[-l1_pre_topc(1^[]),#]]-[l1_pre_topc(1^[]),[-l1_pre_topc(1^[]),#]]),ext([v4_pre_topc(k2_xboole_0(2^[],3^[]),1^[]),[-v4_pre_topc(k2_xboole_0(_1346096,_1346098),_1346092),l1_pre_topc(_1346092),v2_pre_topc(_1346092),m1_subset_1(_1346096,k1_zfmisc_1(u1_struct_0(_1346092))),v4_pre_topc(_1346096,_1346092),v4_pre_topc(_1346098,_1346092),m1_subset_1(_1346098,k1_zfmisc_1(u1_struct_0(_1346092)))]]-[v4_pre_topc(k2_xboole_0(2^[],3^[]),1^[]),[-v4_pre_topc(k2_xboole_0(2^[],3^[]),1^[]),l1_pre_topc(1^[]),v2_pre_topc(1^[]),m1_subset_1(2^[],k1_zfmisc_1(u1_struct_0(1^[]))),v4_pre_topc(2^[],1^[]),v4_pre_topc(3^[],1^[]),m1_subset_1(3^[],k1_zfmisc_1(u1_struct_0(1^[])))]]),para([v4_pre_topc(k4_subset_1(u1_struct_0(1^[]),2^[],3^[]),1^[]),[0],k4_subset_1(_1346220,_1346222,_1346224),k2_xboole_0(_1346222,_1346224),[m1_subset_1(_1346222,k1_zfmisc_1(_1346220)),m1_subset_1(_1346224,k1_zfmisc_1(_1346220))],l2r]-[v4_pre_topc(k4_subset_1(u1_struct_0(1^[]),2^[],3^[]),1^[]),[0],k4_subset_1(u1_struct_0(1^[]),2^[],3^[]),k2_xboole_0(2^[],3^[]),[m1_subset_1(2^[],k1_zfmisc_1(u1_struct_0(1^[]))),m1_subset_1(3^[],k1_zfmisc_1(u1_struct_0(1^[])))],l2r]),ext([- #,[#,v4_pre_topc(k4_subset_1(u1_struct_0(1^[]),2^[],3^[]),1^[])]]-[- #,[#,v4_pre_topc(k4_subset_1(u1_struct_0(1^[]),2^[],3^[]),1^[])]]),init(-# - -#)],0)state([m1_subset_1(3^[],k1_zfmisc_1(u1_struct_0(1^[])))],[v4_pre_topc(k2_xboole_0(2^[],3^[]),1^[]),v4_pre_topc(k4_subset_1(u1_struct_0(1^[]),2^[],3^[]),1^[]),- #],[v4_pre_topc(3^[],1^[]),v4_pre_topc(2^[],1^[]),m1_subset_1(2^[],k1_zfmisc_1(u1_struct_0(1^[]))),v2_pre_topc(1^[]),l1_pre_topc(1^[])],[ext(-m1_subset_1(3^[],k1_zfmisc_1(u1_struct_0(1^[]))),[#],g),ext(-m1_subset_1(_835660,_835662),[m1_subset_1(_835672,_835674),_835672=_835660,_835674=_835662],n)],[[[m1_subset_1(2^[],k1_zfmisc_1(u1_struct_0(1^[]))),m1_subset_1(3^[],k1_zfmisc_1(u1_struct_0(1^[])))],[v4_pre_topc(k4_subset_1(u1_struct_0(1^[]),2^[],3^[]),1^[]),- #],[v4_pre_topc(k2_xboole_0(2^[],3^[]),1^[])]]],[red([#,- #]-[#,- #]),ext([v4_pre_topc(3^[],1^[]),[-v4_pre_topc(3^[],1^[]),#]]-[v4_pre_topc(3^[],1^[]),[-v4_pre_topc(3^[],1^[]),#]]),red([#,- #]-[#,- #]),ext([v4_pre_topc(2^[],1^[]),[-v4_pre_topc(2^[],1^[]),#]]-[v4_pre_topc(2^[],1^[]),[-v4_pre_topc(2^[],1^[]),#]]),red([#,- #]-[#,- #]),ext([m1_subset_1(2^[],k1_zfmisc_1(u1_struct_0(1^[]))),[-m1_subset_1(2^[],k1_zfmisc_1(u1_struct_0(1^[]))),#]]-[m1_subset_1(2^[],k1_zfmisc_1(u1_struct_0(1^[]))),[-m1_subset_1(2^[],k1_zfmisc_1(u1_struct_0(1^[]))),#]]),red([#,- #]-[#,- #]),ext([v2_pre_topc(1^[]),[-v2_pre_topc(1^[]),#]]-[v2_pre_topc(1^[]),[-v2_pre_topc(1^[]),#]]),red([#,- #]-[#,- #]),ext([l1_pre_topc(1^[]),[-l1_pre_topc(1^[]),#]]-[l1_pre_topc(1^[]),[-l1_pre_topc(1^[]),#]]),ext([v4_pre_topc(k2_xboole_0(2^[],3^[]),1^[]),[-v4_pre_topc(k2_xboole_0(_835378,_835380),_835374),l1_pre_topc(_835374),v2_pre_topc(_835374),m1_subset_1(_835378,k1_zfmisc_1(u1_struct_0(_835374))),v4_pre_topc(_835378,_835374),v4_pre_topc(_835380,_835374),m1_subset_1(_835380,k1_zfmisc_1(u1_struct_0(_835374)))]]-[v4_pre_topc(k2_xboole_0(2^[],3^[]),1^[]),[-v4_pre_topc(k2_xboole_0(2^[],3^[]),1^[]),l1_pre_topc(1^[]),v2_pre_topc(1^[]),m1_subset_1(2^[],k1_zfmisc_1(u1_struct_0(1^[]))),v4_pre_topc(2^[],1^[]),v4_pre_topc(3^[],1^[]),m1_subset_1(3^[],k1_zfmisc_1(u1_struct_0(1^[])))]]),para([v4_pre_topc(k4_subset_1(u1_struct_0(1^[]),2^[],3^[]),1^[]),[0],k4_subset_1(_835502,_835504,_835506),k2_xboole_0(_835504,_835506),[m1_subset_1(_835504,k1_zfmisc_1(_835502)),m1_subset_1(_835506,k1_zfmisc_1(_835502))],l2r]-[v4_pre_topc(k4_subset_1(u1_struct_0(1^[]),2^[],3^[]),1^[]),[0],k4_subset_1(u1_struct_0(1^[]),2^[],3^[]),k2_xboole_0(2^[],3^[]),[m1_subset_1(2^[],k1_zfmisc_1(u1_struct_0(1^[]))),m1_subset_1(3^[],k1_zfmisc_1(u1_struct_0(1^[])))],l2r]),ext([- #,[#,v4_pre_topc(k4_subset_1(u1_struct_0(1^[]),2^[],3^[]),1^[])]]-[- #,[#,v4_pre_topc(k4_subset_1(u1_struct_0(1^[]),2^[],3^[]),1^[])]]),init(-# - -#)],0)state([v4_pre_topc(3^[],1^[]),m1_subset_1(3^[],k1_zfmisc_1(u1_struct_0(1^[])))],[v4_pre_topc(k2_xboole_0(2^[],3^[]),1^[]),v4_pre_topc(k4_subset_1(u1_struct_0(1^[]),2^[],3^[]),1^[]),- #],[v4_pre_topc(2^[],1^[]),m1_subset_1(2^[],k1_zfmisc_1(u1_struct_0(1^[]))),v2_pre_topc(1^[]),l1_pre_topc(1^[])],[ext(-v4_pre_topc(3^[],1^[]),[#],g),ext(-v4_pre_topc(_668428,_668430),[v4_pre_topc(_668440,_668442),_668440=_668428,_668442=_668430],n)],[[[m1_subset_1(2^[],k1_zfmisc_1(u1_struct_0(1^[]))),m1_subset_1(3^[],k1_zfmisc_1(u1_struct_0(1^[])))],[v4_pre_topc(k4_subset_1(u1_struct_0(1^[]),2^[],3^[]),1^[]),- #],[v4_pre_topc(k2_xboole_0(2^[],3^[]),1^[])]]],[red([#,- #]-[#,- #]),ext([v4_pre_topc(2^[],1^[]),[-v4_pre_topc(2^[],1^[]),#]]-[v4_pre_topc(2^[],1^[]),[-v4_pre_topc(2^[],1^[]),#]]),red([#,- #]-[#,- #]),ext([m1_subset_1(2^[],k1_zfmisc_1(u1_struct_0(1^[]))),[-m1_subset_1(2^[],k1_zfmisc_1(u1_struct_0(1^[]))),#]]-[m1_subset_1(2^[],k1_zfmisc_1(u1_struct_0(1^[]))),[-m1_subset_1(2^[],k1_zfmisc_1(u1_struct_0(1^[]))),#]]),red([#,- #]-[#,- #]),ext([v2_pre_topc(1^[]),[-v2_pre_topc(1^[]),#]]-[v2_pre_topc(1^[]),[-v2_pre_topc(1^[]),#]]),red([#,- #]-[#,- #]),ext([l1_pre_topc(1^[]),[-l1_pre_topc(1^[]),#]]-[l1_pre_topc(1^[]),[-l1_pre_topc(1^[]),#]]),ext([v4_pre_topc(k2_xboole_0(2^[],3^[]),1^[]),[-v4_pre_topc(k2_xboole_0(_668146,_668148),_668142),l1_pre_topc(_668142),v2_pre_topc(_668142),m1_subset_1(_668146,k1_zfmisc_1(u1_struct_0(_668142))),v4_pre_topc(_668146,_668142),v4_pre_topc(_668148,_668142),m1_subset_1(_668148,k1_zfmisc_1(u1_struct_0(_668142)))]]-[v4_pre_topc(k2_xboole_0(2^[],3^[]),1^[]),[-v4_pre_topc(k2_xboole_0(2^[],3^[]),1^[]),l1_pre_topc(1^[]),v2_pre_topc(1^[]),m1_subset_1(2^[],k1_zfmisc_1(u1_struct_0(1^[]))),v4_pre_topc(2^[],1^[]),v4_pre_topc(3^[],1^[]),m1_subset_1(3^[],k1_zfmisc_1(u1_struct_0(1^[])))]]),para([v4_pre_topc(k4_subset_1(u1_struct_0(1^[]),2^[],3^[]),1^[]),[0],k4_subset_1(_668270,_668272,_668274),k2_xboole_0(_668272,_668274),[m1_subset_1(_668272,k1_zfmisc_1(_668270)),m1_subset_1(_668274,k1_zfmisc_1(_668270))],l2r]-[v4_pre_topc(k4_subset_1(u1_struct_0(1^[]),2^[],3^[]),1^[]),[0],k4_subset_1(u1_struct_0(1^[]),2^[],3^[]),k2_xboole_0(2^[],3^[]),[m1_subset_1(2^[],k1_zfmisc_1(u1_struct_0(1^[]))),m1_subset_1(3^[],k1_zfmisc_1(u1_struct_0(1^[])))],l2r]),ext([- #,[#,v4_pre_topc(k4_subset_1(u1_struct_0(1^[]),2^[],3^[]),1^[])]]-[- #,[#,v4_pre_topc(k4_subset_1(u1_struct_0(1^[]),2^[],3^[]),1^[])]]),init(-# - -#)],0)state([v4_pre_topc(2^[],1^[]),v4_pre_topc(3^[],1^[]),m1_subset_1(3^[],k1_zfmisc_1(u1_struct_0(1^[])))],[v4_pre_topc(k2_xboole_0(2^[],3^[]),1^[]),v4_pre_topc(k4_subset_1(u1_struct_0(1^[]),2^[],3^[]),1^[]),- #],[m1_subset_1(2^[],k1_zfmisc_1(u1_struct_0(1^[]))),v2_pre_topc(1^[]),l1_pre_topc(1^[])],[ext(-v4_pre_topc(2^[],1^[]),[#],g),ext(-v4_pre_topc(_328942,_328944),[v4_pre_topc(_328954,_328956),_328954=_328942,_328956=_328944],n)],[[[m1_subset_1(2^[],k1_zfmisc_1(u1_struct_0(1^[]))),m1_subset_1(3^[],k1_zfmisc_1(u1_struct_0(1^[])))],[v4_pre_topc(k4_subset_1(u1_struct_0(1^[]),2^[],3^[]),1^[]),- #],[v4_pre_topc(k2_xboole_0(2^[],3^[]),1^[])]]],[red([#,- #]-[#,- #]),ext([m1_subset_1(2^[],k1_zfmisc_1(u1_struct_0(1^[]))),[-m1_subset_1(2^[],k1_zfmisc_1(u1_struct_0(1^[]))),#]]-[m1_subset_1(2^[],k1_zfmisc_1(u1_struct_0(1^[]))),[-m1_subset_1(2^[],k1_zfmisc_1(u1_struct_0(1^[]))),#]]),red([#,- #]-[#,- #]),ext([v2_pre_topc(1^[]),[-v2_pre_topc(1^[]),#]]-[v2_pre_topc(1^[]),[-v2_pre_topc(1^[]),#]]),red([#,- #]-[#,- #]),ext([l1_pre_topc(1^[]),[-l1_pre_topc(1^[]),#]]-[l1_pre_topc(1^[]),[-l1_pre_topc(1^[]),#]]),ext([v4_pre_topc(k2_xboole_0(2^[],3^[]),1^[]),[-v4_pre_topc(k2_xboole_0(_328660,_328662),_328656),l1_pre_topc(_328656),v2_pre_topc(_328656),m1_subset_1(_328660,k1_zfmisc_1(u1_struct_0(_328656))),v4_pre_topc(_328660,_328656),v4_pre_topc(_328662,_328656),m1_subset_1(_328662,k1_zfmisc_1(u1_struct_0(_328656)))]]-[v4_pre_topc(k2_xboole_0(2^[],3^[]),1^[]),[-v4_pre_topc(k2_xboole_0(2^[],3^[]),1^[]),l1_pre_topc(1^[]),v2_pre_topc(1^[]),m1_subset_1(2^[],k1_zfmisc_1(u1_struct_0(1^[]))),v4_pre_topc(2^[],1^[]),v4_pre_topc(3^[],1^[]),m1_subset_1(3^[],k1_zfmisc_1(u1_struct_0(1^[])))]]),para([v4_pre_topc(k4_subset_1(u1_struct_0(1^[]),2^[],3^[]),1^[]),[0],k4_subset_1(_328784,_328786,_328788),k2_xboole_0(_328786,_328788),[m1_subset_1(_328786,k1_zfmisc_1(_328784)),m1_subset_1(_328788,k1_zfmisc_1(_328784))],l2r]-[v4_pre_topc(k4_subset_1(u1_struct_0(1^[]),2^[],3^[]),1^[]),[0],k4_subset_1(u1_struct_0(1^[]),2^[],3^[]),k2_xboole_0(2^[],3^[]),[m1_subset_1(2^[],k1_zfmisc_1(u1_struct_0(1^[]))),m1_subset_1(3^[],k1_zfmisc_1(u1_struct_0(1^[])))],l2r]),ext([- #,[#,v4_pre_topc(k4_subset_1(u1_struct_0(1^[]),2^[],3^[]),1^[])]]-[- #,[#,v4_pre_topc(k4_subset_1(u1_struct_0(1^[]),2^[],3^[]),1^[])]]),init(-# - -#)],0)state([m1_subset_1(2^[],k1_zfmisc_1(u1_struct_0(1^[]))),v4_pre_topc(2^[],1^[]),v4_pre_topc(3^[],1^[]),m1_subset_1(3^[],k1_zfmisc_1(u1_struct_0(1^[])))],[v4_pre_topc(k2_xboole_0(2^[],3^[]),1^[]),v4_pre_topc(k4_subset_1(u1_struct_0(1^[]),2^[],3^[]),1^[]),- #],[v2_pre_topc(1^[]),l1_pre_topc(1^[])],[ext(-m1_subset_1(2^[],k1_zfmisc_1(u1_struct_0(1^[]))),[#],g),ext(-m1_subset_1(_127546,_127548),[m1_subset_1(_127558,_127560),_127558=_127546,_127560=_127548],n)],[[[m1_subset_1(2^[],k1_zfmisc_1(u1_struct_0(1^[]))),m1_subset_1(3^[],k1_zfmisc_1(u1_struct_0(1^[])))],[v4_pre_topc(k4_subset_1(u1_struct_0(1^[]),2^[],3^[]),1^[]),- #],[v4_pre_topc(k2_xboole_0(2^[],3^[]),1^[])]]],[red([#,- #]-[#,- #]),ext([v2_pre_topc(1^[]),[-v2_pre_topc(1^[]),#]]-[v2_pre_topc(1^[]),[-v2_pre_topc(1^[]),#]]),red([#,- #]-[#,- #]),ext([l1_pre_topc(1^[]),[-l1_pre_topc(1^[]),#]]-[l1_pre_topc(1^[]),[-l1_pre_topc(1^[]),#]]),ext([v4_pre_topc(k2_xboole_0(2^[],3^[]),1^[]),[-v4_pre_topc(k2_xboole_0(_127264,_127266),_127260),l1_pre_topc(_127260),v2_pre_topc(_127260),m1_subset_1(_127264,k1_zfmisc_1(u1_struct_0(_127260))),v4_pre_topc(_127264,_127260),v4_pre_topc(_127266,_127260),m1_subset_1(_127266,k1_zfmisc_1(u1_struct_0(_127260)))]]-[v4_pre_topc(k2_xboole_0(2^[],3^[]),1^[]),[-v4_pre_topc(k2_xboole_0(2^[],3^[]),1^[]),l1_pre_topc(1^[]),v2_pre_topc(1^[]),m1_subset_1(2^[],k1_zfmisc_1(u1_struct_0(1^[]))),v4_pre_topc(2^[],1^[]),v4_pre_topc(3^[],1^[]),m1_subset_1(3^[],k1_zfmisc_1(u1_struct_0(1^[])))]]),para([v4_pre_topc(k4_subset_1(u1_struct_0(1^[]),2^[],3^[]),1^[]),[0],k4_subset_1(_127388,_127390,_127392),k2_xboole_0(_127390,_127392),[m1_subset_1(_127390,k1_zfmisc_1(_127388)),m1_subset_1(_127392,k1_zfmisc_1(_127388))],l2r]-[v4_pre_topc(k4_subset_1(u1_struct_0(1^[]),2^[],3^[]),1^[]),[0],k4_subset_1(u1_struct_0(1^[]),2^[],3^[]),k2_xboole_0(2^[],3^[]),[m1_subset_1(2^[],k1_zfmisc_1(u1_struct_0(1^[]))),m1_subset_1(3^[],k1_zfmisc_1(u1_struct_0(1^[])))],l2r]),ext([- #,[#,v4_pre_topc(k4_subset_1(u1_struct_0(1^[]),2^[],3^[]),1^[])]]-[- #,[#,v4_pre_topc(k4_subset_1(u1_struct_0(1^[]),2^[],3^[]),1^[])]]),init(-# - -#)],0)state([v2_pre_topc(1^[]),m1_subset_1(2^[],k1_zfmisc_1(u1_struct_0(1^[]))),v4_pre_topc(2^[],1^[]),v4_pre_topc(3^[],1^[]),m1_subset_1(3^[],k1_zfmisc_1(u1_struct_0(1^[])))],[v4_pre_topc(k2_xboole_0(2^[],3^[]),1^[]),v4_pre_topc(k4_subset_1(u1_struct_0(1^[]),2^[],3^[]),1^[]),- #],[l1_pre_topc(1^[])],[ext(-v2_pre_topc(1^[]),[#],g),ext(-v2_pre_topc(_74000),[_74010=_74000,v2_pre_topc(_74010)],n)],[[[m1_subset_1(2^[],k1_zfmisc_1(u1_struct_0(1^[]))),m1_subset_1(3^[],k1_zfmisc_1(u1_struct_0(1^[])))],[v4_pre_topc(k4_subset_1(u1_struct_0(1^[]),2^[],3^[]),1^[]),- #],[v4_pre_topc(k2_xboole_0(2^[],3^[]),1^[])]]],[red([#,- #]-[#,- #]),ext([l1_pre_topc(1^[]),[-l1_pre_topc(1^[]),#]]-[l1_pre_topc(1^[]),[-l1_pre_topc(1^[]),#]]),ext([v4_pre_topc(k2_xboole_0(2^[],3^[]),1^[]),[-v4_pre_topc(k2_xboole_0(_73718,_73720),_73714),l1_pre_topc(_73714),v2_pre_topc(_73714),m1_subset_1(_73718,k1_zfmisc_1(u1_struct_0(_73714))),v4_pre_topc(_73718,_73714),v4_pre_topc(_73720,_73714),m1_subset_1(_73720,k1_zfmisc_1(u1_struct_0(_73714)))]]-[v4_pre_topc(k2_xboole_0(2^[],3^[]),1^[]),[-v4_pre_topc(k2_xboole_0(2^[],3^[]),1^[]),l1_pre_topc(1^[]),v2_pre_topc(1^[]),m1_subset_1(2^[],k1_zfmisc_1(u1_struct_0(1^[]))),v4_pre_topc(2^[],1^[]),v4_pre_topc(3^[],1^[]),m1_subset_1(3^[],k1_zfmisc_1(u1_struct_0(1^[])))]]),para([v4_pre_topc(k4_subset_1(u1_struct_0(1^[]),2^[],3^[]),1^[]),[0],k4_subset_1(_73842,_73844,_73846),k2_xboole_0(_73844,_73846),[m1_subset_1(_73844,k1_zfmisc_1(_73842)),m1_subset_1(_73846,k1_zfmisc_1(_73842))],l2r]-[v4_pre_topc(k4_subset_1(u1_struct_0(1^[]),2^[],3^[]),1^[]),[0],k4_subset_1(u1_struct_0(1^[]),2^[],3^[]),k2_xboole_0(2^[],3^[]),[m1_subset_1(2^[],k1_zfmisc_1(u1_struct_0(1^[]))),m1_subset_1(3^[],k1_zfmisc_1(u1_struct_0(1^[])))],l2r]),ext([- #,[#,v4_pre_topc(k4_subset_1(u1_struct_0(1^[]),2^[],3^[]),1^[])]]-[- #,[#,v4_pre_topc(k4_subset_1(u1_struct_0(1^[]),2^[],3^[]),1^[])]]),init(-# - -#)],0)state([l1_pre_topc(1^[]),v2_pre_topc(1^[]),m1_subset_1(2^[],k1_zfmisc_1(u1_struct_0(1^[]))),v4_pre_topc(2^[],1^[]),v4_pre_topc(3^[],1^[]),m1_subset_1(3^[],k1_zfmisc_1(u1_struct_0(1^[])))],[v4_pre_topc(k2_xboole_0(2^[],3^[]),1^[]),v4_pre_topc(k4_subset_1(u1_struct_0(1^[]),2^[],3^[]),1^[]),- #],[],[ext(-l1_pre_topc(1^[]),[#],g),ext(-l1_pre_topc(_73558),[_73568=_73558,l1_pre_topc(_73568)],n)],[[[m1_subset_1(2^[],k1_zfmisc_1(u1_struct_0(1^[]))),m1_subset_1(3^[],k1_zfmisc_1(u1_struct_0(1^[])))],[v4_pre_topc(k4_subset_1(u1_struct_0(1^[]),2^[],3^[]),1^[]),- #],[v4_pre_topc(k2_xboole_0(2^[],3^[]),1^[])]]],[ext([v4_pre_topc(k2_xboole_0(2^[],3^[]),1^[]),[-v4_pre_topc(k2_xboole_0(_73404,_73406),_73400),l1_pre_topc(_73400),v2_pre_topc(_73400),m1_subset_1(_73404,k1_zfmisc_1(u1_struct_0(_73400))),v4_pre_topc(_73404,_73400),v4_pre_topc(_73406,_73400),m1_subset_1(_73406,k1_zfmisc_1(u1_struct_0(_73400)))]]-[v4_pre_topc(k2_xboole_0(2^[],3^[]),1^[]),[-v4_pre_topc(k2_xboole_0(2^[],3^[]),1^[]),l1_pre_topc(1^[]),v2_pre_topc(1^[]),m1_subset_1(2^[],k1_zfmisc_1(u1_struct_0(1^[]))),v4_pre_topc(2^[],1^[]),v4_pre_topc(3^[],1^[]),m1_subset_1(3^[],k1_zfmisc_1(u1_struct_0(1^[])))]]),para([v4_pre_topc(k4_subset_1(u1_struct_0(1^[]),2^[],3^[]),1^[]),[0],k4_subset_1(_73284,_73286,_73288),k2_xboole_0(_73286,_73288),[m1_subset_1(_73286,k1_zfmisc_1(_73284)),m1_subset_1(_73288,k1_zfmisc_1(_73284))],l2r]-[v4_pre_topc(k4_subset_1(u1_struct_0(1^[]),2^[],3^[]),1^[]),[0],k4_subset_1(u1_struct_0(1^[]),2^[],3^[]),k2_xboole_0(2^[],3^[]),[m1_subset_1(2^[],k1_zfmisc_1(u1_struct_0(1^[]))),m1_subset_1(3^[],k1_zfmisc_1(u1_struct_0(1^[])))],l2r]),ext([- #,[#,v4_pre_topc(k4_subset_1(u1_struct_0(1^[]),2^[],3^[]),1^[])]]-[- #,[#,v4_pre_topc(k4_subset_1(u1_struct_0(1^[]),2^[],3^[]),1^[])]]),init(-# - -#)],0)state([v4_pre_topc(k2_xboole_0(2^[],3^[]),1^[]),m1_subset_1(2^[],k1_zfmisc_1(u1_struct_0(1^[]))),m1_subset_1(3^[],k1_zfmisc_1(u1_struct_0(1^[])))],[v4_pre_topc(k4_subset_1(u1_struct_0(1^[]),2^[],3^[]),1^[]),- #],[],[ext(-v4_pre_topc(k2_xboole_0(_72998,_73000),_72994),[l1_pre_topc(_72994),v2_pre_topc(_72994),m1_subset_1(_72998,k1_zfmisc_1(u1_struct_0(_72994))),v4_pre_topc(_72998,_72994),v4_pre_topc(_73000,_72994),m1_subset_1(_73000,k1_zfmisc_1(u1_struct_0(_72994)))],n),ext(-v4_pre_topc(_72938,_72940),[v4_pre_topc(_72950,_72952),_72950=_72938,_72952=_72940],n)],[],[para([v4_pre_topc(k4_subset_1(u1_struct_0(1^[]),2^[],3^[]),1^[]),[0],k4_subset_1(_72834,_72836,_72838),k2_xboole_0(_72836,_72838),[m1_subset_1(_72836,k1_zfmisc_1(_72834)),m1_subset_1(_72838,k1_zfmisc_1(_72834))],l2r]-[v4_pre_topc(k4_subset_1(u1_struct_0(1^[]),2^[],3^[]),1^[]),[0],k4_subset_1(u1_struct_0(1^[]),2^[],3^[]),k2_xboole_0(2^[],3^[]),[m1_subset_1(2^[],k1_zfmisc_1(u1_struct_0(1^[]))),m1_subset_1(3^[],k1_zfmisc_1(u1_struct_0(1^[])))],l2r]),ext([- #,[#,v4_pre_topc(k4_subset_1(u1_struct_0(1^[]),2^[],3^[]),1^[])]]-[- #,[#,v4_pre_topc(k4_subset_1(u1_struct_0(1^[]),2^[],3^[]),1^[])]]),init(-# - -#)],0)state([v4_pre_topc(k4_subset_1(u1_struct_0(1^[]),2^[],3^[]),1^[])],[- #],[],[ext(-v4_pre_topc(_70806,_70808),[v4_pre_topc(_70818,_70820),_70818=_70806,_70820=_70808],n),para([0],k4_subset_1(_70866,_70868,_70870),k2_xboole_0(_70868,_70870),[m1_subset_1(_70868,k1_zfmisc_1(_70866)),m1_subset_1(_70870,k1_zfmisc_1(_70866))],l2r)],[],[ext([- #,[#,v4_pre_topc(k4_subset_1(u1_struct_0(1^[]),2^[],3^[]),1^[])]]-[- #,[#,v4_pre_topc(k4_subset_1(u1_struct_0(1^[]),2^[],3^[]),1^[])]]),init(-# - -#)],0)state([- #],[],[],[ext(#,[-v2_pre_topc(1^[])],g),ext(#,[-l1_pre_topc(1^[])],g),ext(#,[-m1_subset_1(2^[],k1_zfmisc_1(u1_struct_0(1^[])))],g),ext(#,[-m1_subset_1(3^[],k1_zfmisc_1(u1_struct_0(1^[])))],g),ext(#,[-v4_pre_topc(2^[],1^[])],g),ext(#,[-v4_pre_topc(3^[],1^[])],g),ext(#,[v4_pre_topc(k4_subset_1(u1_struct_0(1^[]),2^[],3^[]),1^[])],g)],[],[init(-# - -#)],0)Value data saved
state([m1_subset_1(3^[],k1_zfmisc_1(u1_struct_0(1^[])))],[v4_pre_topc(k4_subset_1(u1_struct_0(1^[]),2^[],3^[]),1^[]),- #],[m1_subset_1(2^[],k1_zfmisc_1(u1_struct_0(1^[]))),v4_pre_topc(k2_xboole_0(2^[],3^[]),1^[])],[ext(-m1_subset_1(3^[],k1_zfmisc_1(u1_struct_0(1^[]))),[#],g),ext(-m1_subset_1(_1922720,_1922722),[m1_subset_1(_1922732,_1922734),_1922732=_1922720,_1922734=_1922722],n)],[],[red([#,- #]-[#,- #]),ext([m1_subset_1(2^[],k1_zfmisc_1(u1_struct_0(1^[]))),[-m1_subset_1(2^[],k1_zfmisc_1(u1_struct_0(1^[]))),#]]-[m1_subset_1(2^[],k1_zfmisc_1(u1_struct_0(1^[]))),[-m1_subset_1(2^[],k1_zfmisc_1(u1_struct_0(1^[]))),#]]),red([#,- #]-[#,- #]),ext([m1_subset_1(3^[],k1_zfmisc_1(u1_struct_0(1^[]))),[-m1_subset_1(3^[],k1_zfmisc_1(u1_struct_0(1^[]))),#]]-[m1_subset_1(3^[],k1_zfmisc_1(u1_struct_0(1^[]))),[-m1_subset_1(3^[],k1_zfmisc_1(u1_struct_0(1^[]))),#]]),red([#,- #]-[#,- #]),ext([v4_pre_topc(3^[],1^[]),[-v4_pre_topc(3^[],1^[]),#]]-[v4_pre_topc(3^[],1^[]),[-v4_pre_topc(3^[],1^[]),#]]),red([#,- #]-[#,- #]),ext([v4_pre_topc(2^[],1^[]),[-v4_pre_topc(2^[],1^[]),#]]-[v4_pre_topc(2^[],1^[]),[-v4_pre_topc(2^[],1^[]),#]]),red([#,- #]-[#,- #]),ext([m1_subset_1(2^[],k1_zfmisc_1(u1_struct_0(1^[]))),[-m1_subset_1(2^[],k1_zfmisc_1(u1_struct_0(1^[]))),#]]-[m1_subset_1(2^[],k1_zfmisc_1(u1_struct_0(1^[]))),[-m1_subset_1(2^[],k1_zfmisc_1(u1_struct_0(1^[]))),#]]),red([#,- #]-[#,- #]),ext([v2_pre_topc(1^[]),[-v2_pre_topc(1^[]),#]]-[v2_pre_topc(1^[]),[-v2_pre_topc(1^[]),#]]),red([#,- #]-[#,- #]),ext([l1_pre_topc(1^[]),[-l1_pre_topc(1^[]),#]]-[l1_pre_topc(1^[]),[-l1_pre_topc(1^[]),#]]),ext([v4_pre_topc(k2_xboole_0(2^[],3^[]),1^[]),[-v4_pre_topc(k2_xboole_0(_1922438,_1922440),_1922434),l1_pre_topc(_1922434),v2_pre_topc(_1922434),m1_subset_1(_1922438,k1_zfmisc_1(u1_struct_0(_1922434))),v4_pre_topc(_1922438,_1922434),v4_pre_topc(_1922440,_1922434),m1_subset_1(_1922440,k1_zfmisc_1(u1_struct_0(_1922434)))]]-[v4_pre_topc(k2_xboole_0(2^[],3^[]),1^[]),[-v4_pre_topc(k2_xboole_0(2^[],3^[]),1^[]),l1_pre_topc(1^[]),v2_pre_topc(1^[]),m1_subset_1(2^[],k1_zfmisc_1(u1_struct_0(1^[]))),v4_pre_topc(2^[],1^[]),v4_pre_topc(3^[],1^[]),m1_subset_1(3^[],k1_zfmisc_1(u1_struct_0(1^[])))]]),para([v4_pre_topc(k4_subset_1(u1_struct_0(1^[]),2^[],3^[]),1^[]),[0],k4_subset_1(_1922562,_1922564,_1922566),k2_xboole_0(_1922564,_1922566),[m1_subset_1(_1922564,k1_zfmisc_1(_1922562)),m1_subset_1(_1922566,k1_zfmisc_1(_1922562))],l2r]-[v4_pre_topc(k4_subset_1(u1_struct_0(1^[]),2^[],3^[]),1^[]),[0],k4_subset_1(u1_struct_0(1^[]),2^[],3^[]),k2_xboole_0(2^[],3^[]),[m1_subset_1(2^[],k1_zfmisc_1(u1_struct_0(1^[]))),m1_subset_1(3^[],k1_zfmisc_1(u1_struct_0(1^[])))],l2r]),ext([- #,[#,v4_pre_topc(k4_subset_1(u1_struct_0(1^[]),2^[],3^[]),1^[])]]-[- #,[#,v4_pre_topc(k4_subset_1(u1_struct_0(1^[]),2^[],3^[]),1^[])]]),init(-# - -#)],0)state([m1_subset_1(3^[],k1_zfmisc_1(u1_struct_0(1^[])))],[v4_pre_topc(k4_subset_1(u1_struct_0(1^[]),2^[],3^[]),1^[]),- #],[m1_subset_1(2^[],k1_zfmisc_1(u1_struct_0(1^[]))),v4_pre_topc(k2_xboole_0(2^[],3^[]),1^[])],[ext(-m1_subset_1(3^[],k1_zfmisc_1(u1_struct_0(1^[]))),[#],g),ext(-m1_subset_1(_1922720,_1922722),[m1_subset_1(_1922732,_1922734),_1922732=_1922720,_1922734=_1922722],n)],[],[red([#,- #]-[#,- #]),ext([m1_subset_1(2^[],k1_zfmisc_1(u1_struct_0(1^[]))),[-m1_subset_1(2^[],k1_zfmisc_1(u1_struct_0(1^[]))),#]]-[m1_subset_1(2^[],k1_zfmisc_1(u1_struct_0(1^[]))),[-m1_subset_1(2^[],k1_zfmisc_1(u1_struct_0(1^[]))),#]]),red([#,- #]-[#,- #]),ext([m1_subset_1(3^[],k1_zfmisc_1(u1_struct_0(1^[]))),[-m1_subset_1(3^[],k1_zfmisc_1(u1_struct_0(1^[]))),#]]-[m1_subset_1(3^[],k1_zfmisc_1(u1_struct_0(1^[]))),[-m1_subset_1(3^[],k1_zfmisc_1(u1_struct_0(1^[]))),#]]),red([#,- #]-[#,- #]),ext([v4_pre_topc(3^[],1^[]),[-v4_pre_topc(3^[],1^[]),#]]-[v4_pre_topc(3^[],1^[]),[-v4_pre_topc(3^[],1^[]),#]]),red([#,- #]-[#,- #]),ext([v4_pre_topc(2^[],1^[]),[-v4_pre_topc(2^[],1^[]),#]]-[v4_pre_topc(2^[],1^[]),[-v4_pre_topc(2^[],1^[]),#]]),red([#,- #]-[#,- #]),ext([m1_subset_1(2^[],k1_zfmisc_1(u1_struct_0(1^[]))),[-m1_subset_1(2^[],k1_zfmisc_1(u1_struct_0(1^[]))),#]]-[m1_subset_1(2^[],k1_zfmisc_1(u1_struct_0(1^[]))),[-m1_subset_1(2^[],k1_zfmisc_1(u1_struct_0(1^[]))),#]]),red([#,- #]-[#,- #]),ext([v2_pre_topc(1^[]),[-v2_pre_topc(1^[]),#]]-[v2_pre_topc(1^[]),[-v2_pre_topc(1^[]),#]]),red([#,- #]-[#,- #]),ext([l1_pre_topc(1^[]),[-l1_pre_topc(1^[]),#]]-[l1_pre_topc(1^[]),[-l1_pre_topc(1^[]),#]]),ext([v4_pre_topc(k2_xboole_0(2^[],3^[]),1^[]),[-v4_pre_topc(k2_xboole_0(_1922438,_1922440),_1922434),l1_pre_topc(_1922434),v2_pre_topc(_1922434),m1_subset_1(_1922438,k1_zfmisc_1(u1_struct_0(_1922434))),v4_pre_topc(_1922438,_1922434),v4_pre_topc(_1922440,_1922434),m1_subset_1(_1922440,k1_zfmisc_1(u1_struct_0(_1922434)))]]-[v4_pre_topc(k2_xboole_0(2^[],3^[]),1^[]),[-v4_pre_topc(k2_xboole_0(2^[],3^[]),1^[]),l1_pre_topc(1^[]),v2_pre_topc(1^[]),m1_subset_1(2^[],k1_zfmisc_1(u1_struct_0(1^[]))),v4_pre_topc(2^[],1^[]),v4_pre_topc(3^[],1^[]),m1_subset_1(3^[],k1_zfmisc_1(u1_struct_0(1^[])))]]),para([v4_pre_topc(k4_subset_1(u1_struct_0(1^[]),2^[],3^[]),1^[]),[0],k4_subset_1(_1922562,_1922564,_1922566),k2_xboole_0(_1922564,_1922566),[m1_subset_1(_1922564,k1_zfmisc_1(_1922562)),m1_subset_1(_1922566,k1_zfmisc_1(_1922562))],l2r]-[v4_pre_topc(k4_subset_1(u1_struct_0(1^[]),2^[],3^[]),1^[]),[0],k4_subset_1(u1_struct_0(1^[]),2^[],3^[]),k2_xboole_0(2^[],3^[]),[m1_subset_1(2^[],k1_zfmisc_1(u1_struct_0(1^[]))),m1_subset_1(3^[],k1_zfmisc_1(u1_struct_0(1^[])))],l2r]),ext([- #,[#,v4_pre_topc(k4_subset_1(u1_struct_0(1^[]),2^[],3^[]),1^[])]]-[- #,[#,v4_pre_topc(k4_subset_1(u1_struct_0(1^[]),2^[],3^[]),1^[])]]),init(-# - -#)],0)state([m1_subset_1(2^[],k1_zfmisc_1(u1_struct_0(1^[]))),m1_subset_1(3^[],k1_zfmisc_1(u1_struct_0(1^[])))],[v4_pre_topc(k4_subset_1(u1_struct_0(1^[]),2^[],3^[]),1^[]),- #],[v4_pre_topc(k2_xboole_0(2^[],3^[]),1^[])],[ext(-m1_subset_1(2^[],k1_zfmisc_1(u1_struct_0(1^[]))),[#],g),ext(-m1_subset_1(_1346372,_1346374),[m1_subset_1(_1346384,_1346386),_1346384=_1346372,_1346386=_1346374],n)],[],[red([#,- #]-[#,- #]),ext([m1_subset_1(3^[],k1_zfmisc_1(u1_struct_0(1^[]))),[-m1_subset_1(3^[],k1_zfmisc_1(u1_struct_0(1^[]))),#]]-[m1_subset_1(3^[],k1_zfmisc_1(u1_struct_0(1^[]))),[-m1_subset_1(3^[],k1_zfmisc_1(u1_struct_0(1^[]))),#]]),red([#,- #]-[#,- #]),ext([v4_pre_topc(3^[],1^[]),[-v4_pre_topc(3^[],1^[]),#]]-[v4_pre_topc(3^[],1^[]),[-v4_pre_topc(3^[],1^[]),#]]),red([#,- #]-[#,- #]),ext([v4_pre_topc(2^[],1^[]),[-v4_pre_topc(2^[],1^[]),#]]-[v4_pre_topc(2^[],1^[]),[-v4_pre_topc(2^[],1^[]),#]]),red([#,- #]-[#,- #]),ext([m1_subset_1(2^[],k1_zfmisc_1(u1_struct_0(1^[]))),[-m1_subset_1(2^[],k1_zfmisc_1(u1_struct_0(1^[]))),#]]-[m1_subset_1(2^[],k1_zfmisc_1(u1_struct_0(1^[]))),[-m1_subset_1(2^[],k1_zfmisc_1(u1_struct_0(1^[]))),#]]),red([#,- #]-[#,- #]),ext([v2_pre_topc(1^[]),[-v2_pre_topc(1^[]),#]]-[v2_pre_topc(1^[]),[-v2_pre_topc(1^[]),#]]),red([#,- #]-[#,- #]),ext([l1_pre_topc(1^[]),[-l1_pre_topc(1^[]),#]]-[l1_pre_topc(1^[]),[-l1_pre_topc(1^[]),#]]),ext([v4_pre_topc(k2_xboole_0(2^[],3^[]),1^[]),[-v4_pre_topc(k2_xboole_0(_1346096,_1346098),_1346092),l1_pre_topc(_1346092),v2_pre_topc(_1346092),m1_subset_1(_1346096,k1_zfmisc_1(u1_struct_0(_1346092))),v4_pre_topc(_1346096,_1346092),v4_pre_topc(_1346098,_1346092),m1_subset_1(_1346098,k1_zfmisc_1(u1_struct_0(_1346092)))]]-[v4_pre_topc(k2_xboole_0(2^[],3^[]),1^[]),[-v4_pre_topc(k2_xboole_0(2^[],3^[]),1^[]),l1_pre_topc(1^[]),v2_pre_topc(1^[]),m1_subset_1(2^[],k1_zfmisc_1(u1_struct_0(1^[]))),v4_pre_topc(2^[],1^[]),v4_pre_topc(3^[],1^[]),m1_subset_1(3^[],k1_zfmisc_1(u1_struct_0(1^[])))]]),para([v4_pre_topc(k4_subset_1(u1_struct_0(1^[]),2^[],3^[]),1^[]),[0],k4_subset_1(_1346220,_1346222,_1346224),k2_xboole_0(_1346222,_1346224),[m1_subset_1(_1346222,k1_zfmisc_1(_1346220)),m1_subset_1(_1346224,k1_zfmisc_1(_1346220))],l2r]-[v4_pre_topc(k4_subset_1(u1_struct_0(1^[]),2^[],3^[]),1^[]),[0],k4_subset_1(u1_struct_0(1^[]),2^[],3^[]),k2_xboole_0(2^[],3^[]),[m1_subset_1(2^[],k1_zfmisc_1(u1_struct_0(1^[]))),m1_subset_1(3^[],k1_zfmisc_1(u1_struct_0(1^[])))],l2r]),ext([- #,[#,v4_pre_topc(k4_subset_1(u1_struct_0(1^[]),2^[],3^[]),1^[])]]-[- #,[#,v4_pre_topc(k4_subset_1(u1_struct_0(1^[]),2^[],3^[]),1^[])]]),init(-# - -#)],0)state([m1_subset_1(2^[],k1_zfmisc_1(u1_struct_0(1^[]))),m1_subset_1(3^[],k1_zfmisc_1(u1_struct_0(1^[])))],[v4_pre_topc(k4_subset_1(u1_struct_0(1^[]),2^[],3^[]),1^[]),- #],[v4_pre_topc(k2_xboole_0(2^[],3^[]),1^[])],[ext(-m1_subset_1(2^[],k1_zfmisc_1(u1_struct_0(1^[]))),[#],g),ext(-m1_subset_1(_1346372,_1346374),[m1_subset_1(_1346384,_1346386),_1346384=_1346372,_1346386=_1346374],n)],[],[red([#,- #]-[#,- #]),ext([m1_subset_1(3^[],k1_zfmisc_1(u1_struct_0(1^[]))),[-m1_subset_1(3^[],k1_zfmisc_1(u1_struct_0(1^[]))),#]]-[m1_subset_1(3^[],k1_zfmisc_1(u1_struct_0(1^[]))),[-m1_subset_1(3^[],k1_zfmisc_1(u1_struct_0(1^[]))),#]]),red([#,- #]-[#,- #]),ext([v4_pre_topc(3^[],1^[]),[-v4_pre_topc(3^[],1^[]),#]]-[v4_pre_topc(3^[],1^[]),[-v4_pre_topc(3^[],1^[]),#]]),red([#,- #]-[#,- #]),ext([v4_pre_topc(2^[],1^[]),[-v4_pre_topc(2^[],1^[]),#]]-[v4_pre_topc(2^[],1^[]),[-v4_pre_topc(2^[],1^[]),#]]),red([#,- #]-[#,- #]),ext([m1_subset_1(2^[],k1_zfmisc_1(u1_struct_0(1^[]))),[-m1_subset_1(2^[],k1_zfmisc_1(u1_struct_0(1^[]))),#]]-[m1_subset_1(2^[],k1_zfmisc_1(u1_struct_0(1^[]))),[-m1_subset_1(2^[],k1_zfmisc_1(u1_struct_0(1^[]))),#]]),red([#,- #]-[#,- #]),ext([v2_pre_topc(1^[]),[-v2_pre_topc(1^[]),#]]-[v2_pre_topc(1^[]),[-v2_pre_topc(1^[]),#]]),red([#,- #]-[#,- #]),ext([l1_pre_topc(1^[]),[-l1_pre_topc(1^[]),#]]-[l1_pre_topc(1^[]),[-l1_pre_topc(1^[]),#]]),ext([v4_pre_topc(k2_xboole_0(2^[],3^[]),1^[]),[-v4_pre_topc(k2_xboole_0(_1346096,_1346098),_1346092),l1_pre_topc(_1346092),v2_pre_topc(_1346092),m1_subset_1(_1346096,k1_zfmisc_1(u1_struct_0(_1346092))),v4_pre_topc(_1346096,_1346092),v4_pre_topc(_1346098,_1346092),m1_subset_1(_1346098,k1_zfmisc_1(u1_struct_0(_1346092)))]]-[v4_pre_topc(k2_xboole_0(2^[],3^[]),1^[]),[-v4_pre_topc(k2_xboole_0(2^[],3^[]),1^[]),l1_pre_topc(1^[]),v2_pre_topc(1^[]),m1_subset_1(2^[],k1_zfmisc_1(u1_struct_0(1^[]))),v4_pre_topc(2^[],1^[]),v4_pre_topc(3^[],1^[]),m1_subset_1(3^[],k1_zfmisc_1(u1_struct_0(1^[])))]]),para([v4_pre_topc(k4_subset_1(u1_struct_0(1^[]),2^[],3^[]),1^[]),[0],k4_subset_1(_1346220,_1346222,_1346224),k2_xboole_0(_1346222,_1346224),[m1_subset_1(_1346222,k1_zfmisc_1(_1346220)),m1_subset_1(_1346224,k1_zfmisc_1(_1346220))],l2r]-[v4_pre_topc(k4_subset_1(u1_struct_0(1^[]),2^[],3^[]),1^[]),[0],k4_subset_1(u1_struct_0(1^[]),2^[],3^[]),k2_xboole_0(2^[],3^[]),[m1_subset_1(2^[],k1_zfmisc_1(u1_struct_0(1^[]))),m1_subset_1(3^[],k1_zfmisc_1(u1_struct_0(1^[])))],l2r]),ext([- #,[#,v4_pre_topc(k4_subset_1(u1_struct_0(1^[]),2^[],3^[]),1^[])]]-[- #,[#,v4_pre_topc(k4_subset_1(u1_struct_0(1^[]),2^[],3^[]),1^[])]]),init(-# - -#)],0)state([m1_subset_1(3^[],k1_zfmisc_1(u1_struct_0(1^[])))],[v4_pre_topc(k2_xboole_0(2^[],3^[]),1^[]),v4_pre_topc(k4_subset_1(u1_struct_0(1^[]),2^[],3^[]),1^[]),- #],[v4_pre_topc(3^[],1^[]),v4_pre_topc(2^[],1^[]),m1_subset_1(2^[],k1_zfmisc_1(u1_struct_0(1^[]))),v2_pre_topc(1^[]),l1_pre_topc(1^[])],[ext(-m1_subset_1(3^[],k1_zfmisc_1(u1_struct_0(1^[]))),[#],g),ext(-m1_subset_1(_835660,_835662),[m1_subset_1(_835672,_835674),_835672=_835660,_835674=_835662],n)],[[[m1_subset_1(2^[],k1_zfmisc_1(u1_struct_0(1^[]))),m1_subset_1(3^[],k1_zfmisc_1(u1_struct_0(1^[])))],[v4_pre_topc(k4_subset_1(u1_struct_0(1^[]),2^[],3^[]),1^[]),- #],[v4_pre_topc(k2_xboole_0(2^[],3^[]),1^[])]]],[red([#,- #]-[#,- #]),ext([v4_pre_topc(3^[],1^[]),[-v4_pre_topc(3^[],1^[]),#]]-[v4_pre_topc(3^[],1^[]),[-v4_pre_topc(3^[],1^[]),#]]),red([#,- #]-[#,- #]),ext([v4_pre_topc(2^[],1^[]),[-v4_pre_topc(2^[],1^[]),#]]-[v4_pre_topc(2^[],1^[]),[-v4_pre_topc(2^[],1^[]),#]]),red([#,- #]-[#,- #]),ext([m1_subset_1(2^[],k1_zfmisc_1(u1_struct_0(1^[]))),[-m1_subset_1(2^[],k1_zfmisc_1(u1_struct_0(1^[]))),#]]-[m1_subset_1(2^[],k1_zfmisc_1(u1_struct_0(1^[]))),[-m1_subset_1(2^[],k1_zfmisc_1(u1_struct_0(1^[]))),#]]),red([#,- #]-[#,- #]),ext([v2_pre_topc(1^[]),[-v2_pre_topc(1^[]),#]]-[v2_pre_topc(1^[]),[-v2_pre_topc(1^[]),#]]),red([#,- #]-[#,- #]),ext([l1_pre_topc(1^[]),[-l1_pre_topc(1^[]),#]]-[l1_pre_topc(1^[]),[-l1_pre_topc(1^[]),#]]),ext([v4_pre_topc(k2_xboole_0(2^[],3^[]),1^[]),[-v4_pre_topc(k2_xboole_0(_835378,_835380),_835374),l1_pre_topc(_835374),v2_pre_topc(_835374),m1_subset_1(_835378,k1_zfmisc_1(u1_struct_0(_835374))),v4_pre_topc(_835378,_835374),v4_pre_topc(_835380,_835374),m1_subset_1(_835380,k1_zfmisc_1(u1_struct_0(_835374)))]]-[v4_pre_topc(k2_xboole_0(2^[],3^[]),1^[]),[-v4_pre_topc(k2_xboole_0(2^[],3^[]),1^[]),l1_pre_topc(1^[]),v2_pre_topc(1^[]),m1_subset_1(2^[],k1_zfmisc_1(u1_struct_0(1^[]))),v4_pre_topc(2^[],1^[]),v4_pre_topc(3^[],1^[]),m1_subset_1(3^[],k1_zfmisc_1(u1_struct_0(1^[])))]]),para([v4_pre_topc(k4_subset_1(u1_struct_0(1^[]),2^[],3^[]),1^[]),[0],k4_subset_1(_835502,_835504,_835506),k2_xboole_0(_835504,_835506),[m1_subset_1(_835504,k1_zfmisc_1(_835502)),m1_subset_1(_835506,k1_zfmisc_1(_835502))],l2r]-[v4_pre_topc(k4_subset_1(u1_struct_0(1^[]),2^[],3^[]),1^[]),[0],k4_subset_1(u1_struct_0(1^[]),2^[],3^[]),k2_xboole_0(2^[],3^[]),[m1_subset_1(2^[],k1_zfmisc_1(u1_struct_0(1^[]))),m1_subset_1(3^[],k1_zfmisc_1(u1_struct_0(1^[])))],l2r]),ext([- #,[#,v4_pre_topc(k4_subset_1(u1_struct_0(1^[]),2^[],3^[]),1^[])]]-[- #,[#,v4_pre_topc(k4_subset_1(u1_struct_0(1^[]),2^[],3^[]),1^[])]]),init(-# - -#)],0)state([m1_subset_1(3^[],k1_zfmisc_1(u1_struct_0(1^[])))],[v4_pre_topc(k2_xboole_0(2^[],3^[]),1^[]),v4_pre_topc(k4_subset_1(u1_struct_0(1^[]),2^[],3^[]),1^[]),- #],[v4_pre_topc(3^[],1^[]),v4_pre_topc(2^[],1^[]),m1_subset_1(2^[],k1_zfmisc_1(u1_struct_0(1^[]))),v2_pre_topc(1^[]),l1_pre_topc(1^[])],[ext(-m1_subset_1(3^[],k1_zfmisc_1(u1_struct_0(1^[]))),[#],g),ext(-m1_subset_1(_835660,_835662),[m1_subset_1(_835672,_835674),_835672=_835660,_835674=_835662],n)],[[[m1_subset_1(2^[],k1_zfmisc_1(u1_struct_0(1^[]))),m1_subset_1(3^[],k1_zfmisc_1(u1_struct_0(1^[])))],[v4_pre_topc(k4_subset_1(u1_struct_0(1^[]),2^[],3^[]),1^[]),- #],[v4_pre_topc(k2_xboole_0(2^[],3^[]),1^[])]]],[red([#,- #]-[#,- #]),ext([v4_pre_topc(3^[],1^[]),[-v4_pre_topc(3^[],1^[]),#]]-[v4_pre_topc(3^[],1^[]),[-v4_pre_topc(3^[],1^[]),#]]),red([#,- #]-[#,- #]),ext([v4_pre_topc(2^[],1^[]),[-v4_pre_topc(2^[],1^[]),#]]-[v4_pre_topc(2^[],1^[]),[-v4_pre_topc(2^[],1^[]),#]]),red([#,- #]-[#,- #]),ext([m1_subset_1(2^[],k1_zfmisc_1(u1_struct_0(1^[]))),[-m1_subset_1(2^[],k1_zfmisc_1(u1_struct_0(1^[]))),#]]-[m1_subset_1(2^[],k1_zfmisc_1(u1_struct_0(1^[]))),[-m1_subset_1(2^[],k1_zfmisc_1(u1_struct_0(1^[]))),#]]),red([#,- #]-[#,- #]),ext([v2_pre_topc(1^[]),[-v2_pre_topc(1^[]),#]]-[v2_pre_topc(1^[]),[-v2_pre_topc(1^[]),#]]),red([#,- #]-[#,- #]),ext([l1_pre_topc(1^[]),[-l1_pre_topc(1^[]),#]]-[l1_pre_topc(1^[]),[-l1_pre_topc(1^[]),#]]),ext([v4_pre_topc(k2_xboole_0(2^[],3^[]),1^[]),[-v4_pre_topc(k2_xboole_0(_835378,_835380),_835374),l1_pre_topc(_835374),v2_pre_topc(_835374),m1_subset_1(_835378,k1_zfmisc_1(u1_struct_0(_835374))),v4_pre_topc(_835378,_835374),v4_pre_topc(_835380,_835374),m1_subset_1(_835380,k1_zfmisc_1(u1_struct_0(_835374)))]]-[v4_pre_topc(k2_xboole_0(2^[],3^[]),1^[]),[-v4_pre_topc(k2_xboole_0(2^[],3^[]),1^[]),l1_pre_topc(1^[]),v2_pre_topc(1^[]),m1_subset_1(2^[],k1_zfmisc_1(u1_struct_0(1^[]))),v4_pre_topc(2^[],1^[]),v4_pre_topc(3^[],1^[]),m1_subset_1(3^[],k1_zfmisc_1(u1_struct_0(1^[])))]]),para([v4_pre_topc(k4_subset_1(u1_struct_0(1^[]),2^[],3^[]),1^[]),[0],k4_subset_1(_835502,_835504,_835506),k2_xboole_0(_835504,_835506),[m1_subset_1(_835504,k1_zfmisc_1(_835502)),m1_subset_1(_835506,k1_zfmisc_1(_835502))],l2r]-[v4_pre_topc(k4_subset_1(u1_struct_0(1^[]),2^[],3^[]),1^[]),[0],k4_subset_1(u1_struct_0(1^[]),2^[],3^[]),k2_xboole_0(2^[],3^[]),[m1_subset_1(2^[],k1_zfmisc_1(u1_struct_0(1^[]))),m1_subset_1(3^[],k1_zfmisc_1(u1_struct_0(1^[])))],l2r]),ext([- #,[#,v4_pre_topc(k4_subset_1(u1_struct_0(1^[]),2^[],3^[]),1^[])]]-[- #,[#,v4_pre_topc(k4_subset_1(u1_struct_0(1^[]),2^[],3^[]),1^[])]]),init(-# - -#)],0)state([v4_pre_topc(3^[],1^[]),m1_subset_1(3^[],k1_zfmisc_1(u1_struct_0(1^[])))],[v4_pre_topc(k2_xboole_0(2^[],3^[]),1^[]),v4_pre_topc(k4_subset_1(u1_struct_0(1^[]),2^[],3^[]),1^[]),- #],[v4_pre_topc(2^[],1^[]),m1_subset_1(2^[],k1_zfmisc_1(u1_struct_0(1^[]))),v2_pre_topc(1^[]),l1_pre_topc(1^[])],[ext(-v4_pre_topc(3^[],1^[]),[#],g),ext(-v4_pre_topc(_668428,_668430),[v4_pre_topc(_668440,_668442),_668440=_668428,_668442=_668430],n)],[[[m1_subset_1(2^[],k1_zfmisc_1(u1_struct_0(1^[]))),m1_subset_1(3^[],k1_zfmisc_1(u1_struct_0(1^[])))],[v4_pre_topc(k4_subset_1(u1_struct_0(1^[]),2^[],3^[]),1^[]),- #],[v4_pre_topc(k2_xboole_0(2^[],3^[]),1^[])]]],[red([#,- #]-[#,- #]),ext([v4_pre_topc(2^[],1^[]),[-v4_pre_topc(2^[],1^[]),#]]-[v4_pre_topc(2^[],1^[]),[-v4_pre_topc(2^[],1^[]),#]]),red([#,- #]-[#,- #]),ext([m1_subset_1(2^[],k1_zfmisc_1(u1_struct_0(1^[]))),[-m1_subset_1(2^[],k1_zfmisc_1(u1_struct_0(1^[]))),#]]-[m1_subset_1(2^[],k1_zfmisc_1(u1_struct_0(1^[]))),[-m1_subset_1(2^[],k1_zfmisc_1(u1_struct_0(1^[]))),#]]),red([#,- #]-[#,- #]),ext([v2_pre_topc(1^[]),[-v2_pre_topc(1^[]),#]]-[v2_pre_topc(1^[]),[-v2_pre_topc(1^[]),#]]),red([#,- #]-[#,- #]),ext([l1_pre_topc(1^[]),[-l1_pre_topc(1^[]),#]]-[l1_pre_topc(1^[]),[-l1_pre_topc(1^[]),#]]),ext([v4_pre_topc(k2_xboole_0(2^[],3^[]),1^[]),[-v4_pre_topc(k2_xboole_0(_668146,_668148),_668142),l1_pre_topc(_668142),v2_pre_topc(_668142),m1_subset_1(_668146,k1_zfmisc_1(u1_struct_0(_668142))),v4_pre_topc(_668146,_668142),v4_pre_topc(_668148,_668142),m1_subset_1(_668148,k1_zfmisc_1(u1_struct_0(_668142)))]]-[v4_pre_topc(k2_xboole_0(2^[],3^[]),1^[]),[-v4_pre_topc(k2_xboole_0(2^[],3^[]),1^[]),l1_pre_topc(1^[]),v2_pre_topc(1^[]),m1_subset_1(2^[],k1_zfmisc_1(u1_struct_0(1^[]))),v4_pre_topc(2^[],1^[]),v4_pre_topc(3^[],1^[]),m1_subset_1(3^[],k1_zfmisc_1(u1_struct_0(1^[])))]]),para([v4_pre_topc(k4_subset_1(u1_struct_0(1^[]),2^[],3^[]),1^[]),[0],k4_subset_1(_668270,_668272,_668274),k2_xboole_0(_668272,_668274),[m1_subset_1(_668272,k1_zfmisc_1(_668270)),m1_subset_1(_668274,k1_zfmisc_1(_668270))],l2r]-[v4_pre_topc(k4_subset_1(u1_struct_0(1^[]),2^[],3^[]),1^[]),[0],k4_subset_1(u1_struct_0(1^[]),2^[],3^[]),k2_xboole_0(2^[],3^[]),[m1_subset_1(2^[],k1_zfmisc_1(u1_struct_0(1^[]))),m1_subset_1(3^[],k1_zfmisc_1(u1_struct_0(1^[])))],l2r]),ext([- #,[#,v4_pre_topc(k4_subset_1(u1_struct_0(1^[]),2^[],3^[]),1^[])]]-[- #,[#,v4_pre_topc(k4_subset_1(u1_struct_0(1^[]),2^[],3^[]),1^[])]]),init(-# - -#)],0)state([v4_pre_topc(3^[],1^[]),m1_subset_1(3^[],k1_zfmisc_1(u1_struct_0(1^[])))],[v4_pre_topc(k2_xboole_0(2^[],3^[]),1^[]),v4_pre_topc(k4_subset_1(u1_struct_0(1^[]),2^[],3^[]),1^[]),- #],[v4_pre_topc(2^[],1^[]),m1_subset_1(2^[],k1_zfmisc_1(u1_struct_0(1^[]))),v2_pre_topc(1^[]),l1_pre_topc(1^[])],[ext(-v4_pre_topc(3^[],1^[]),[#],g),ext(-v4_pre_topc(_668428,_668430),[v4_pre_topc(_668440,_668442),_668440=_668428,_668442=_668430],n)],[[[m1_subset_1(2^[],k1_zfmisc_1(u1_struct_0(1^[]))),m1_subset_1(3^[],k1_zfmisc_1(u1_struct_0(1^[])))],[v4_pre_topc(k4_subset_1(u1_struct_0(1^[]),2^[],3^[]),1^[]),- #],[v4_pre_topc(k2_xboole_0(2^[],3^[]),1^[])]]],[red([#,- #]-[#,- #]),ext([v4_pre_topc(2^[],1^[]),[-v4_pre_topc(2^[],1^[]),#]]-[v4_pre_topc(2^[],1^[]),[-v4_pre_topc(2^[],1^[]),#]]),red([#,- #]-[#,- #]),ext([m1_subset_1(2^[],k1_zfmisc_1(u1_struct_0(1^[]))),[-m1_subset_1(2^[],k1_zfmisc_1(u1_struct_0(1^[]))),#]]-[m1_subset_1(2^[],k1_zfmisc_1(u1_struct_0(1^[]))),[-m1_subset_1(2^[],k1_zfmisc_1(u1_struct_0(1^[]))),#]]),red([#,- #]-[#,- #]),ext([v2_pre_topc(1^[]),[-v2_pre_topc(1^[]),#]]-[v2_pre_topc(1^[]),[-v2_pre_topc(1^[]),#]]),red([#,- #]-[#,- #]),ext([l1_pre_topc(1^[]),[-l1_pre_topc(1^[]),#]]-[l1_pre_topc(1^[]),[-l1_pre_topc(1^[]),#]]),ext([v4_pre_topc(k2_xboole_0(2^[],3^[]),1^[]),[-v4_pre_topc(k2_xboole_0(_668146,_668148),_668142),l1_pre_topc(_668142),v2_pre_topc(_668142),m1_subset_1(_668146,k1_zfmisc_1(u1_struct_0(_668142))),v4_pre_topc(_668146,_668142),v4_pre_topc(_668148,_668142),m1_subset_1(_668148,k1_zfmisc_1(u1_struct_0(_668142)))]]-[v4_pre_topc(k2_xboole_0(2^[],3^[]),1^[]),[-v4_pre_topc(k2_xboole_0(2^[],3^[]),1^[]),l1_pre_topc(1^[]),v2_pre_topc(1^[]),m1_subset_1(2^[],k1_zfmisc_1(u1_struct_0(1^[]))),v4_pre_topc(2^[],1^[]),v4_pre_topc(3^[],1^[]),m1_subset_1(3^[],k1_zfmisc_1(u1_struct_0(1^[])))]]),para([v4_pre_topc(k4_subset_1(u1_struct_0(1^[]),2^[],3^[]),1^[]),[0],k4_subset_1(_668270,_668272,_668274),k2_xboole_0(_668272,_668274),[m1_subset_1(_668272,k1_zfmisc_1(_668270)),m1_subset_1(_668274,k1_zfmisc_1(_668270))],l2r]-[v4_pre_topc(k4_subset_1(u1_struct_0(1^[]),2^[],3^[]),1^[]),[0],k4_subset_1(u1_struct_0(1^[]),2^[],3^[]),k2_xboole_0(2^[],3^[]),[m1_subset_1(2^[],k1_zfmisc_1(u1_struct_0(1^[]))),m1_subset_1(3^[],k1_zfmisc_1(u1_struct_0(1^[])))],l2r]),ext([- #,[#,v4_pre_topc(k4_subset_1(u1_struct_0(1^[]),2^[],3^[]),1^[])]]-[- #,[#,v4_pre_topc(k4_subset_1(u1_struct_0(1^[]),2^[],3^[]),1^[])]]),init(-# - -#)],0)state([v4_pre_topc(2^[],1^[]),v4_pre_topc(3^[],1^[]),m1_subset_1(3^[],k1_zfmisc_1(u1_struct_0(1^[])))],[v4_pre_topc(k2_xboole_0(2^[],3^[]),1^[]),v4_pre_topc(k4_subset_1(u1_struct_0(1^[]),2^[],3^[]),1^[]),- #],[m1_subset_1(2^[],k1_zfmisc_1(u1_struct_0(1^[]))),v2_pre_topc(1^[]),l1_pre_topc(1^[])],[ext(-v4_pre_topc(2^[],1^[]),[#],g),ext(-v4_pre_topc(_328942,_328944),[v4_pre_topc(_328954,_328956),_328954=_328942,_328956=_328944],n)],[[[m1_subset_1(2^[],k1_zfmisc_1(u1_struct_0(1^[]))),m1_subset_1(3^[],k1_zfmisc_1(u1_struct_0(1^[])))],[v4_pre_topc(k4_subset_1(u1_struct_0(1^[]),2^[],3^[]),1^[]),- #],[v4_pre_topc(k2_xboole_0(2^[],3^[]),1^[])]]],[red([#,- #]-[#,- #]),ext([m1_subset_1(2^[],k1_zfmisc_1(u1_struct_0(1^[]))),[-m1_subset_1(2^[],k1_zfmisc_1(u1_struct_0(1^[]))),#]]-[m1_subset_1(2^[],k1_zfmisc_1(u1_struct_0(1^[]))),[-m1_subset_1(2^[],k1_zfmisc_1(u1_struct_0(1^[]))),#]]),red([#,- #]-[#,- #]),ext([v2_pre_topc(1^[]),[-v2_pre_topc(1^[]),#]]-[v2_pre_topc(1^[]),[-v2_pre_topc(1^[]),#]]),red([#,- #]-[#,- #]),ext([l1_pre_topc(1^[]),[-l1_pre_topc(1^[]),#]]-[l1_pre_topc(1^[]),[-l1_pre_topc(1^[]),#]]),ext([v4_pre_topc(k2_xboole_0(2^[],3^[]),1^[]),[-v4_pre_topc(k2_xboole_0(_328660,_328662),_328656),l1_pre_topc(_328656),v2_pre_topc(_328656),m1_subset_1(_328660,k1_zfmisc_1(u1_struct_0(_328656))),v4_pre_topc(_328660,_328656),v4_pre_topc(_328662,_328656),m1_subset_1(_328662,k1_zfmisc_1(u1_struct_0(_328656)))]]-[v4_pre_topc(k2_xboole_0(2^[],3^[]),1^[]),[-v4_pre_topc(k2_xboole_0(2^[],3^[]),1^[]),l1_pre_topc(1^[]),v2_pre_topc(1^[]),m1_subset_1(2^[],k1_zfmisc_1(u1_struct_0(1^[]))),v4_pre_topc(2^[],1^[]),v4_pre_topc(3^[],1^[]),m1_subset_1(3^[],k1_zfmisc_1(u1_struct_0(1^[])))]]),para([v4_pre_topc(k4_subset_1(u1_struct_0(1^[]),2^[],3^[]),1^[]),[0],k4_subset_1(_328784,_328786,_328788),k2_xboole_0(_328786,_328788),[m1_subset_1(_328786,k1_zfmisc_1(_328784)),m1_subset_1(_328788,k1_zfmisc_1(_328784))],l2r]-[v4_pre_topc(k4_subset_1(u1_struct_0(1^[]),2^[],3^[]),1^[]),[0],k4_subset_1(u1_struct_0(1^[]),2^[],3^[]),k2_xboole_0(2^[],3^[]),[m1_subset_1(2^[],k1_zfmisc_1(u1_struct_0(1^[]))),m1_subset_1(3^[],k1_zfmisc_1(u1_struct_0(1^[])))],l2r]),ext([- #,[#,v4_pre_topc(k4_subset_1(u1_struct_0(1^[]),2^[],3^[]),1^[])]]-[- #,[#,v4_pre_topc(k4_subset_1(u1_struct_0(1^[]),2^[],3^[]),1^[])]]),init(-# - -#)],0)state([v4_pre_topc(2^[],1^[]),v4_pre_topc(3^[],1^[]),m1_subset_1(3^[],k1_zfmisc_1(u1_struct_0(1^[])))],[v4_pre_topc(k2_xboole_0(2^[],3^[]),1^[]),v4_pre_topc(k4_subset_1(u1_struct_0(1^[]),2^[],3^[]),1^[]),- #],[m1_subset_1(2^[],k1_zfmisc_1(u1_struct_0(1^[]))),v2_pre_topc(1^[]),l1_pre_topc(1^[])],[ext(-v4_pre_topc(2^[],1^[]),[#],g),ext(-v4_pre_topc(_328942,_328944),[v4_pre_topc(_328954,_328956),_328954=_328942,_328956=_328944],n)],[[[m1_subset_1(2^[],k1_zfmisc_1(u1_struct_0(1^[]))),m1_subset_1(3^[],k1_zfmisc_1(u1_struct_0(1^[])))],[v4_pre_topc(k4_subset_1(u1_struct_0(1^[]),2^[],3^[]),1^[]),- #],[v4_pre_topc(k2_xboole_0(2^[],3^[]),1^[])]]],[red([#,- #]-[#,- #]),ext([m1_subset_1(2^[],k1_zfmisc_1(u1_struct_0(1^[]))),[-m1_subset_1(2^[],k1_zfmisc_1(u1_struct_0(1^[]))),#]]-[m1_subset_1(2^[],k1_zfmisc_1(u1_struct_0(1^[]))),[-m1_subset_1(2^[],k1_zfmisc_1(u1_struct_0(1^[]))),#]]),red([#,- #]-[#,- #]),ext([v2_pre_topc(1^[]),[-v2_pre_topc(1^[]),#]]-[v2_pre_topc(1^[]),[-v2_pre_topc(1^[]),#]]),red([#,- #]-[#,- #]),ext([l1_pre_topc(1^[]),[-l1_pre_topc(1^[]),#]]-[l1_pre_topc(1^[]),[-l1_pre_topc(1^[]),#]]),ext([v4_pre_topc(k2_xboole_0(2^[],3^[]),1^[]),[-v4_pre_topc(k2_xboole_0(_328660,_328662),_328656),l1_pre_topc(_328656),v2_pre_topc(_328656),m1_subset_1(_328660,k1_zfmisc_1(u1_struct_0(_328656))),v4_pre_topc(_328660,_328656),v4_pre_topc(_328662,_328656),m1_subset_1(_328662,k1_zfmisc_1(u1_struct_0(_328656)))]]-[v4_pre_topc(k2_xboole_0(2^[],3^[]),1^[]),[-v4_pre_topc(k2_xboole_0(2^[],3^[]),1^[]),l1_pre_topc(1^[]),v2_pre_topc(1^[]),m1_subset_1(2^[],k1_zfmisc_1(u1_struct_0(1^[]))),v4_pre_topc(2^[],1^[]),v4_pre_topc(3^[],1^[]),m1_subset_1(3^[],k1_zfmisc_1(u1_struct_0(1^[])))]]),para([v4_pre_topc(k4_subset_1(u1_struct_0(1^[]),2^[],3^[]),1^[]),[0],k4_subset_1(_328784,_328786,_328788),k2_xboole_0(_328786,_328788),[m1_subset_1(_328786,k1_zfmisc_1(_328784)),m1_subset_1(_328788,k1_zfmisc_1(_328784))],l2r]-[v4_pre_topc(k4_subset_1(u1_struct_0(1^[]),2^[],3^[]),1^[]),[0],k4_subset_1(u1_struct_0(1^[]),2^[],3^[]),k2_xboole_0(2^[],3^[]),[m1_subset_1(2^[],k1_zfmisc_1(u1_struct_0(1^[]))),m1_subset_1(3^[],k1_zfmisc_1(u1_struct_0(1^[])))],l2r]),ext([- #,[#,v4_pre_topc(k4_subset_1(u1_struct_0(1^[]),2^[],3^[]),1^[])]]-[- #,[#,v4_pre_topc(k4_subset_1(u1_struct_0(1^[]),2^[],3^[]),1^[])]]),init(-# - -#)],0)state([m1_subset_1(2^[],k1_zfmisc_1(u1_struct_0(1^[]))),v4_pre_topc(2^[],1^[]),v4_pre_topc(3^[],1^[]),m1_subset_1(3^[],k1_zfmisc_1(u1_struct_0(1^[])))],[v4_pre_topc(k2_xboole_0(2^[],3^[]),1^[]),v4_pre_topc(k4_subset_1(u1_struct_0(1^[]),2^[],3^[]),1^[]),- #],[v2_pre_topc(1^[]),l1_pre_topc(1^[])],[ext(-m1_subset_1(2^[],k1_zfmisc_1(u1_struct_0(1^[]))),[#],g),ext(-m1_subset_1(_127546,_127548),[m1_subset_1(_127558,_127560),_127558=_127546,_127560=_127548],n)],[[[m1_subset_1(2^[],k1_zfmisc_1(u1_struct_0(1^[]))),m1_subset_1(3^[],k1_zfmisc_1(u1_struct_0(1^[])))],[v4_pre_topc(k4_subset_1(u1_struct_0(1^[]),2^[],3^[]),1^[]),- #],[v4_pre_topc(k2_xboole_0(2^[],3^[]),1^[])]]],[red([#,- #]-[#,- #]),ext([v2_pre_topc(1^[]),[-v2_pre_topc(1^[]),#]]-[v2_pre_topc(1^[]),[-v2_pre_topc(1^[]),#]]),red([#,- #]-[#,- #]),ext([l1_pre_topc(1^[]),[-l1_pre_topc(1^[]),#]]-[l1_pre_topc(1^[]),[-l1_pre_topc(1^[]),#]]),ext([v4_pre_topc(k2_xboole_0(2^[],3^[]),1^[]),[-v4_pre_topc(k2_xboole_0(_127264,_127266),_127260),l1_pre_topc(_127260),v2_pre_topc(_127260),m1_subset_1(_127264,k1_zfmisc_1(u1_struct_0(_127260))),v4_pre_topc(_127264,_127260),v4_pre_topc(_127266,_127260),m1_subset_1(_127266,k1_zfmisc_1(u1_struct_0(_127260)))]]-[v4_pre_topc(k2_xboole_0(2^[],3^[]),1^[]),[-v4_pre_topc(k2_xboole_0(2^[],3^[]),1^[]),l1_pre_topc(1^[]),v2_pre_topc(1^[]),m1_subset_1(2^[],k1_zfmisc_1(u1_struct_0(1^[]))),v4_pre_topc(2^[],1^[]),v4_pre_topc(3^[],1^[]),m1_subset_1(3^[],k1_zfmisc_1(u1_struct_0(1^[])))]]),para([v4_pre_topc(k4_subset_1(u1_struct_0(1^[]),2^[],3^[]),1^[]),[0],k4_subset_1(_127388,_127390,_127392),k2_xboole_0(_127390,_127392),[m1_subset_1(_127390,k1_zfmisc_1(_127388)),m1_subset_1(_127392,k1_zfmisc_1(_127388))],l2r]-[v4_pre_topc(k4_subset_1(u1_struct_0(1^[]),2^[],3^[]),1^[]),[0],k4_subset_1(u1_struct_0(1^[]),2^[],3^[]),k2_xboole_0(2^[],3^[]),[m1_subset_1(2^[],k1_zfmisc_1(u1_struct_0(1^[]))),m1_subset_1(3^[],k1_zfmisc_1(u1_struct_0(1^[])))],l2r]),ext([- #,[#,v4_pre_topc(k4_subset_1(u1_struct_0(1^[]),2^[],3^[]),1^[])]]-[- #,[#,v4_pre_topc(k4_subset_1(u1_struct_0(1^[]),2^[],3^[]),1^[])]]),init(-# - -#)],0)state([m1_subset_1(2^[],k1_zfmisc_1(u1_struct_0(1^[]))),v4_pre_topc(2^[],1^[]),v4_pre_topc(3^[],1^[]),m1_subset_1(3^[],k1_zfmisc_1(u1_struct_0(1^[])))],[v4_pre_topc(k2_xboole_0(2^[],3^[]),1^[]),v4_pre_topc(k4_subset_1(u1_struct_0(1^[]),2^[],3^[]),1^[]),- #],[v2_pre_topc(1^[]),l1_pre_topc(1^[])],[ext(-m1_subset_1(2^[],k1_zfmisc_1(u1_struct_0(1^[]))),[#],g),ext(-m1_subset_1(_127546,_127548),[m1_subset_1(_127558,_127560),_127558=_127546,_127560=_127548],n)],[[[m1_subset_1(2^[],k1_zfmisc_1(u1_struct_0(1^[]))),m1_subset_1(3^[],k1_zfmisc_1(u1_struct_0(1^[])))],[v4_pre_topc(k4_subset_1(u1_struct_0(1^[]),2^[],3^[]),1^[]),- #],[v4_pre_topc(k2_xboole_0(2^[],3^[]),1^[])]]],[red([#,- #]-[#,- #]),ext([v2_pre_topc(1^[]),[-v2_pre_topc(1^[]),#]]-[v2_pre_topc(1^[]),[-v2_pre_topc(1^[]),#]]),red([#,- #]-[#,- #]),ext([l1_pre_topc(1^[]),[-l1_pre_topc(1^[]),#]]-[l1_pre_topc(1^[]),[-l1_pre_topc(1^[]),#]]),ext([v4_pre_topc(k2_xboole_0(2^[],3^[]),1^[]),[-v4_pre_topc(k2_xboole_0(_127264,_127266),_127260),l1_pre_topc(_127260),v2_pre_topc(_127260),m1_subset_1(_127264,k1_zfmisc_1(u1_struct_0(_127260))),v4_pre_topc(_127264,_127260),v4_pre_topc(_127266,_127260),m1_subset_1(_127266,k1_zfmisc_1(u1_struct_0(_127260)))]]-[v4_pre_topc(k2_xboole_0(2^[],3^[]),1^[]),[-v4_pre_topc(k2_xboole_0(2^[],3^[]),1^[]),l1_pre_topc(1^[]),v2_pre_topc(1^[]),m1_subset_1(2^[],k1_zfmisc_1(u1_struct_0(1^[]))),v4_pre_topc(2^[],1^[]),v4_pre_topc(3^[],1^[]),m1_subset_1(3^[],k1_zfmisc_1(u1_struct_0(1^[])))]]),para([v4_pre_topc(k4_subset_1(u1_struct_0(1^[]),2^[],3^[]),1^[]),[0],k4_subset_1(_127388,_127390,_127392),k2_xboole_0(_127390,_127392),[m1_subset_1(_127390,k1_zfmisc_1(_127388)),m1_subset_1(_127392,k1_zfmisc_1(_127388))],l2r]-[v4_pre_topc(k4_subset_1(u1_struct_0(1^[]),2^[],3^[]),1^[]),[0],k4_subset_1(u1_struct_0(1^[]),2^[],3^[]),k2_xboole_0(2^[],3^[]),[m1_subset_1(2^[],k1_zfmisc_1(u1_struct_0(1^[]))),m1_subset_1(3^[],k1_zfmisc_1(u1_struct_0(1^[])))],l2r]),ext([- #,[#,v4_pre_topc(k4_subset_1(u1_struct_0(1^[]),2^[],3^[]),1^[])]]-[- #,[#,v4_pre_topc(k4_subset_1(u1_struct_0(1^[]),2^[],3^[]),1^[])]]),init(-# - -#)],0)state([v2_pre_topc(1^[]),m1_subset_1(2^[],k1_zfmisc_1(u1_struct_0(1^[]))),v4_pre_topc(2^[],1^[]),v4_pre_topc(3^[],1^[]),m1_subset_1(3^[],k1_zfmisc_1(u1_struct_0(1^[])))],[v4_pre_topc(k2_xboole_0(2^[],3^[]),1^[]),v4_pre_topc(k4_subset_1(u1_struct_0(1^[]),2^[],3^[]),1^[]),- #],[l1_pre_topc(1^[])],[ext(-v2_pre_topc(1^[]),[#],g),ext(-v2_pre_topc(_74000),[_74010=_74000,v2_pre_topc(_74010)],n)],[[[m1_subset_1(2^[],k1_zfmisc_1(u1_struct_0(1^[]))),m1_subset_1(3^[],k1_zfmisc_1(u1_struct_0(1^[])))],[v4_pre_topc(k4_subset_1(u1_struct_0(1^[]),2^[],3^[]),1^[]),- #],[v4_pre_topc(k2_xboole_0(2^[],3^[]),1^[])]]],[red([#,- #]-[#,- #]),ext([l1_pre_topc(1^[]),[-l1_pre_topc(1^[]),#]]-[l1_pre_topc(1^[]),[-l1_pre_topc(1^[]),#]]),ext([v4_pre_topc(k2_xboole_0(2^[],3^[]),1^[]),[-v4_pre_topc(k2_xboole_0(_73718,_73720),_73714),l1_pre_topc(_73714),v2_pre_topc(_73714),m1_subset_1(_73718,k1_zfmisc_1(u1_struct_0(_73714))),v4_pre_topc(_73718,_73714),v4_pre_topc(_73720,_73714),m1_subset_1(_73720,k1_zfmisc_1(u1_struct_0(_73714)))]]-[v4_pre_topc(k2_xboole_0(2^[],3^[]),1^[]),[-v4_pre_topc(k2_xboole_0(2^[],3^[]),1^[]),l1_pre_topc(1^[]),v2_pre_topc(1^[]),m1_subset_1(2^[],k1_zfmisc_1(u1_struct_0(1^[]))),v4_pre_topc(2^[],1^[]),v4_pre_topc(3^[],1^[]),m1_subset_1(3^[],k1_zfmisc_1(u1_struct_0(1^[])))]]),para([v4_pre_topc(k4_subset_1(u1_struct_0(1^[]),2^[],3^[]),1^[]),[0],k4_subset_1(_73842,_73844,_73846),k2_xboole_0(_73844,_73846),[m1_subset_1(_73844,k1_zfmisc_1(_73842)),m1_subset_1(_73846,k1_zfmisc_1(_73842))],l2r]-[v4_pre_topc(k4_subset_1(u1_struct_0(1^[]),2^[],3^[]),1^[]),[0],k4_subset_1(u1_struct_0(1^[]),2^[],3^[]),k2_xboole_0(2^[],3^[]),[m1_subset_1(2^[],k1_zfmisc_1(u1_struct_0(1^[]))),m1_subset_1(3^[],k1_zfmisc_1(u1_struct_0(1^[])))],l2r]),ext([- #,[#,v4_pre_topc(k4_subset_1(u1_struct_0(1^[]),2^[],3^[]),1^[])]]-[- #,[#,v4_pre_topc(k4_subset_1(u1_struct_0(1^[]),2^[],3^[]),1^[])]]),init(-# - -#)],0)state([v2_pre_topc(1^[]),m1_subset_1(2^[],k1_zfmisc_1(u1_struct_0(1^[]))),v4_pre_topc(2^[],1^[]),v4_pre_topc(3^[],1^[]),m1_subset_1(3^[],k1_zfmisc_1(u1_struct_0(1^[])))],[v4_pre_topc(k2_xboole_0(2^[],3^[]),1^[]),v4_pre_topc(k4_subset_1(u1_struct_0(1^[]),2^[],3^[]),1^[]),- #],[l1_pre_topc(1^[])],[ext(-v2_pre_topc(1^[]),[#],g),ext(-v2_pre_topc(_74000),[_74010=_74000,v2_pre_topc(_74010)],n)],[[[m1_subset_1(2^[],k1_zfmisc_1(u1_struct_0(1^[]))),m1_subset_1(3^[],k1_zfmisc_1(u1_struct_0(1^[])))],[v4_pre_topc(k4_subset_1(u1_struct_0(1^[]),2^[],3^[]),1^[]),- #],[v4_pre_topc(k2_xboole_0(2^[],3^[]),1^[])]]],[red([#,- #]-[#,- #]),ext([l1_pre_topc(1^[]),[-l1_pre_topc(1^[]),#]]-[l1_pre_topc(1^[]),[-l1_pre_topc(1^[]),#]]),ext([v4_pre_topc(k2_xboole_0(2^[],3^[]),1^[]),[-v4_pre_topc(k2_xboole_0(_73718,_73720),_73714),l1_pre_topc(_73714),v2_pre_topc(_73714),m1_subset_1(_73718,k1_zfmisc_1(u1_struct_0(_73714))),v4_pre_topc(_73718,_73714),v4_pre_topc(_73720,_73714),m1_subset_1(_73720,k1_zfmisc_1(u1_struct_0(_73714)))]]-[v4_pre_topc(k2_xboole_0(2^[],3^[]),1^[]),[-v4_pre_topc(k2_xboole_0(2^[],3^[]),1^[]),l1_pre_topc(1^[]),v2_pre_topc(1^[]),m1_subset_1(2^[],k1_zfmisc_1(u1_struct_0(1^[]))),v4_pre_topc(2^[],1^[]),v4_pre_topc(3^[],1^[]),m1_subset_1(3^[],k1_zfmisc_1(u1_struct_0(1^[])))]]),para([v4_pre_topc(k4_subset_1(u1_struct_0(1^[]),2^[],3^[]),1^[]),[0],k4_subset_1(_73842,_73844,_73846),k2_xboole_0(_73844,_73846),[m1_subset_1(_73844,k1_zfmisc_1(_73842)),m1_subset_1(_73846,k1_zfmisc_1(_73842))],l2r]-[v4_pre_topc(k4_subset_1(u1_struct_0(1^[]),2^[],3^[]),1^[]),[0],k4_subset_1(u1_struct_0(1^[]),2^[],3^[]),k2_xboole_0(2^[],3^[]),[m1_subset_1(2^[],k1_zfmisc_1(u1_struct_0(1^[]))),m1_subset_1(3^[],k1_zfmisc_1(u1_struct_0(1^[])))],l2r]),ext([- #,[#,v4_pre_topc(k4_subset_1(u1_struct_0(1^[]),2^[],3^[]),1^[])]]-[- #,[#,v4_pre_topc(k4_subset_1(u1_struct_0(1^[]),2^[],3^[]),1^[])]]),init(-# - -#)],0)state([l1_pre_topc(1^[]),v2_pre_topc(1^[]),m1_subset_1(2^[],k1_zfmisc_1(u1_struct_0(1^[]))),v4_pre_topc(2^[],1^[]),v4_pre_topc(3^[],1^[]),m1_subset_1(3^[],k1_zfmisc_1(u1_struct_0(1^[])))],[v4_pre_topc(k2_xboole_0(2^[],3^[]),1^[]),v4_pre_topc(k4_subset_1(u1_struct_0(1^[]),2^[],3^[]),1^[]),- #],[],[ext(-l1_pre_topc(1^[]),[#],g),ext(-l1_pre_topc(_73558),[_73568=_73558,l1_pre_topc(_73568)],n)],[[[m1_subset_1(2^[],k1_zfmisc_1(u1_struct_0(1^[]))),m1_subset_1(3^[],k1_zfmisc_1(u1_struct_0(1^[])))],[v4_pre_topc(k4_subset_1(u1_struct_0(1^[]),2^[],3^[]),1^[]),- #],[v4_pre_topc(k2_xboole_0(2^[],3^[]),1^[])]]],[ext([v4_pre_topc(k2_xboole_0(2^[],3^[]),1^[]),[-v4_pre_topc(k2_xboole_0(_73404,_73406),_73400),l1_pre_topc(_73400),v2_pre_topc(_73400),m1_subset_1(_73404,k1_zfmisc_1(u1_struct_0(_73400))),v4_pre_topc(_73404,_73400),v4_pre_topc(_73406,_73400),m1_subset_1(_73406,k1_zfmisc_1(u1_struct_0(_73400)))]]-[v4_pre_topc(k2_xboole_0(2^[],3^[]),1^[]),[-v4_pre_topc(k2_xboole_0(2^[],3^[]),1^[]),l1_pre_topc(1^[]),v2_pre_topc(1^[]),m1_subset_1(2^[],k1_zfmisc_1(u1_struct_0(1^[]))),v4_pre_topc(2^[],1^[]),v4_pre_topc(3^[],1^[]),m1_subset_1(3^[],k1_zfmisc_1(u1_struct_0(1^[])))]]),para([v4_pre_topc(k4_subset_1(u1_struct_0(1^[]),2^[],3^[]),1^[]),[0],k4_subset_1(_73284,_73286,_73288),k2_xboole_0(_73286,_73288),[m1_subset_1(_73286,k1_zfmisc_1(_73284)),m1_subset_1(_73288,k1_zfmisc_1(_73284))],l2r]-[v4_pre_topc(k4_subset_1(u1_struct_0(1^[]),2^[],3^[]),1^[]),[0],k4_subset_1(u1_struct_0(1^[]),2^[],3^[]),k2_xboole_0(2^[],3^[]),[m1_subset_1(2^[],k1_zfmisc_1(u1_struct_0(1^[]))),m1_subset_1(3^[],k1_zfmisc_1(u1_struct_0(1^[])))],l2r]),ext([- #,[#,v4_pre_topc(k4_subset_1(u1_struct_0(1^[]),2^[],3^[]),1^[])]]-[- #,[#,v4_pre_topc(k4_subset_1(u1_struct_0(1^[]),2^[],3^[]),1^[])]]),init(-# - -#)],0)state([l1_pre_topc(1^[]),v2_pre_topc(1^[]),m1_subset_1(2^[],k1_zfmisc_1(u1_struct_0(1^[]))),v4_pre_topc(2^[],1^[]),v4_pre_topc(3^[],1^[]),m1_subset_1(3^[],k1_zfmisc_1(u1_struct_0(1^[])))],[v4_pre_topc(k2_xboole_0(2^[],3^[]),1^[]),v4_pre_topc(k4_subset_1(u1_struct_0(1^[]),2^[],3^[]),1^[]),- #],[],[ext(-l1_pre_topc(1^[]),[#],g),ext(-l1_pre_topc(_73558),[_73568=_73558,l1_pre_topc(_73568)],n)],[[[m1_subset_1(2^[],k1_zfmisc_1(u1_struct_0(1^[]))),m1_subset_1(3^[],k1_zfmisc_1(u1_struct_0(1^[])))],[v4_pre_topc(k4_subset_1(u1_struct_0(1^[]),2^[],3^[]),1^[]),- #],[v4_pre_topc(k2_xboole_0(2^[],3^[]),1^[])]]],[ext([v4_pre_topc(k2_xboole_0(2^[],3^[]),1^[]),[-v4_pre_topc(k2_xboole_0(_73404,_73406),_73400),l1_pre_topc(_73400),v2_pre_topc(_73400),m1_subset_1(_73404,k1_zfmisc_1(u1_struct_0(_73400))),v4_pre_topc(_73404,_73400),v4_pre_topc(_73406,_73400),m1_subset_1(_73406,k1_zfmisc_1(u1_struct_0(_73400)))]]-[v4_pre_topc(k2_xboole_0(2^[],3^[]),1^[]),[-v4_pre_topc(k2_xboole_0(2^[],3^[]),1^[]),l1_pre_topc(1^[]),v2_pre_topc(1^[]),m1_subset_1(2^[],k1_zfmisc_1(u1_struct_0(1^[]))),v4_pre_topc(2^[],1^[]),v4_pre_topc(3^[],1^[]),m1_subset_1(3^[],k1_zfmisc_1(u1_struct_0(1^[])))]]),para([v4_pre_topc(k4_subset_1(u1_struct_0(1^[]),2^[],3^[]),1^[]),[0],k4_subset_1(_73284,_73286,_73288),k2_xboole_0(_73286,_73288),[m1_subset_1(_73286,k1_zfmisc_1(_73284)),m1_subset_1(_73288,k1_zfmisc_1(_73284))],l2r]-[v4_pre_topc(k4_subset_1(u1_struct_0(1^[]),2^[],3^[]),1^[]),[0],k4_subset_1(u1_struct_0(1^[]),2^[],3^[]),k2_xboole_0(2^[],3^[]),[m1_subset_1(2^[],k1_zfmisc_1(u1_struct_0(1^[]))),m1_subset_1(3^[],k1_zfmisc_1(u1_struct_0(1^[])))],l2r]),ext([- #,[#,v4_pre_topc(k4_subset_1(u1_struct_0(1^[]),2^[],3^[]),1^[])]]-[- #,[#,v4_pre_topc(k4_subset_1(u1_struct_0(1^[]),2^[],3^[]),1^[])]]),init(-# - -#)],0)state([v4_pre_topc(k2_xboole_0(2^[],3^[]),1^[]),m1_subset_1(2^[],k1_zfmisc_1(u1_struct_0(1^[]))),m1_subset_1(3^[],k1_zfmisc_1(u1_struct_0(1^[])))],[v4_pre_topc(k4_subset_1(u1_struct_0(1^[]),2^[],3^[]),1^[]),- #],[],[ext(-v4_pre_topc(k2_xboole_0(_72998,_73000),_72994),[l1_pre_topc(_72994),v2_pre_topc(_72994),m1_subset_1(_72998,k1_zfmisc_1(u1_struct_0(_72994))),v4_pre_topc(_72998,_72994),v4_pre_topc(_73000,_72994),m1_subset_1(_73000,k1_zfmisc_1(u1_struct_0(_72994)))],n),ext(-v4_pre_topc(_72938,_72940),[v4_pre_topc(_72950,_72952),_72950=_72938,_72952=_72940],n)],[],[para([v4_pre_topc(k4_subset_1(u1_struct_0(1^[]),2^[],3^[]),1^[]),[0],k4_subset_1(_72834,_72836,_72838),k2_xboole_0(_72836,_72838),[m1_subset_1(_72836,k1_zfmisc_1(_72834)),m1_subset_1(_72838,k1_zfmisc_1(_72834))],l2r]-[v4_pre_topc(k4_subset_1(u1_struct_0(1^[]),2^[],3^[]),1^[]),[0],k4_subset_1(u1_struct_0(1^[]),2^[],3^[]),k2_xboole_0(2^[],3^[]),[m1_subset_1(2^[],k1_zfmisc_1(u1_struct_0(1^[]))),m1_subset_1(3^[],k1_zfmisc_1(u1_struct_0(1^[])))],l2r]),ext([- #,[#,v4_pre_topc(k4_subset_1(u1_struct_0(1^[]),2^[],3^[]),1^[])]]-[- #,[#,v4_pre_topc(k4_subset_1(u1_struct_0(1^[]),2^[],3^[]),1^[])]]),init(-# - -#)],0)state([v4_pre_topc(k2_xboole_0(2^[],3^[]),1^[]),m1_subset_1(2^[],k1_zfmisc_1(u1_struct_0(1^[]))),m1_subset_1(3^[],k1_zfmisc_1(u1_struct_0(1^[])))],[v4_pre_topc(k4_subset_1(u1_struct_0(1^[]),2^[],3^[]),1^[]),- #],[],[ext(-v4_pre_topc(k2_xboole_0(_72998,_73000),_72994),[l1_pre_topc(_72994),v2_pre_topc(_72994),m1_subset_1(_72998,k1_zfmisc_1(u1_struct_0(_72994))),v4_pre_topc(_72998,_72994),v4_pre_topc(_73000,_72994),m1_subset_1(_73000,k1_zfmisc_1(u1_struct_0(_72994)))],n),ext(-v4_pre_topc(_72938,_72940),[v4_pre_topc(_72950,_72952),_72950=_72938,_72952=_72940],n)],[],[para([v4_pre_topc(k4_subset_1(u1_struct_0(1^[]),2^[],3^[]),1^[]),[0],k4_subset_1(_72834,_72836,_72838),k2_xboole_0(_72836,_72838),[m1_subset_1(_72836,k1_zfmisc_1(_72834)),m1_subset_1(_72838,k1_zfmisc_1(_72834))],l2r]-[v4_pre_topc(k4_subset_1(u1_struct_0(1^[]),2^[],3^[]),1^[]),[0],k4_subset_1(u1_struct_0(1^[]),2^[],3^[]),k2_xboole_0(2^[],3^[]),[m1_subset_1(2^[],k1_zfmisc_1(u1_struct_0(1^[]))),m1_subset_1(3^[],k1_zfmisc_1(u1_struct_0(1^[])))],l2r]),ext([- #,[#,v4_pre_topc(k4_subset_1(u1_struct_0(1^[]),2^[],3^[]),1^[])]]-[- #,[#,v4_pre_topc(k4_subset_1(u1_struct_0(1^[]),2^[],3^[]),1^[])]]),init(-# - -#)],0)state([v4_pre_topc(k4_subset_1(u1_struct_0(1^[]),2^[],3^[]),1^[])],[- #],[],[ext(-v4_pre_topc(_70806,_70808),[v4_pre_topc(_70818,_70820),_70818=_70806,_70820=_70808],n),para([0],k4_subset_1(_70866,_70868,_70870),k2_xboole_0(_70868,_70870),[m1_subset_1(_70868,k1_zfmisc_1(_70866)),m1_subset_1(_70870,k1_zfmisc_1(_70866))],l2r)],[],[ext([- #,[#,v4_pre_topc(k4_subset_1(u1_struct_0(1^[]),2^[],3^[]),1^[])]]-[- #,[#,v4_pre_topc(k4_subset_1(u1_struct_0(1^[]),2^[],3^[]),1^[])]]),init(-# - -#)],0)state([v4_pre_topc(k4_subset_1(u1_struct_0(1^[]),2^[],3^[]),1^[])],[- #],[],[ext(-v4_pre_topc(_70806,_70808),[v4_pre_topc(_70818,_70820),_70818=_70806,_70820=_70808],n),para([0],k4_subset_1(_70866,_70868,_70870),k2_xboole_0(_70868,_70870),[m1_subset_1(_70868,k1_zfmisc_1(_70866)),m1_subset_1(_70870,k1_zfmisc_1(_70866))],l2r)],[],[ext([- #,[#,v4_pre_topc(k4_subset_1(u1_struct_0(1^[]),2^[],3^[]),1^[])]]-[- #,[#,v4_pre_topc(k4_subset_1(u1_struct_0(1^[]),2^[],3^[]),1^[])]]),init(-# - -#)],0)state([- #],[],[],[ext(#,[-v2_pre_topc(1^[])],g),ext(#,[-l1_pre_topc(1^[])],g),ext(#,[-m1_subset_1(2^[],k1_zfmisc_1(u1_struct_0(1^[])))],g),ext(#,[-m1_subset_1(3^[],k1_zfmisc_1(u1_struct_0(1^[])))],g),ext(#,[-v4_pre_topc(2^[],1^[])],g),ext(#,[-v4_pre_topc(3^[],1^[])],g),ext(#,[v4_pre_topc(k4_subset_1(u1_struct_0(1^[]),2^[],3^[]),1^[])],g)],[],[init(-# - -#)],0)state([- #],[],[],[ext(#,[-v2_pre_topc(1^[])],g),ext(#,[-l1_pre_topc(1^[])],g),ext(#,[-m1_subset_1(2^[],k1_zfmisc_1(u1_struct_0(1^[])))],g),ext(#,[-m1_subset_1(3^[],k1_zfmisc_1(u1_struct_0(1^[])))],g),ext(#,[-v4_pre_topc(2^[],1^[])],g),ext(#,[-v4_pre_topc(3^[],1^[])],g),ext(#,[v4_pre_topc(k4_subset_1(u1_struct_0(1^[]),2^[],3^[]),1^[])],g)],[],[init(-# - -#)],0)state([- #],[],[],[ext(#,[-v2_pre_topc(1^[])],g),ext(#,[-l1_pre_topc(1^[])],g),ext(#,[-m1_subset_1(2^[],k1_zfmisc_1(u1_struct_0(1^[])))],g),ext(#,[-m1_subset_1(3^[],k1_zfmisc_1(u1_struct_0(1^[])))],g),ext(#,[-v4_pre_topc(2^[],1^[])],g),ext(#,[-v4_pre_topc(3^[],1^[])],g),ext(#,[v4_pre_topc(k4_subset_1(u1_struct_0(1^[]),2^[],3^[]),1^[])],g)],[],[init(-# - -#)],0)state([- #],[],[],[ext(#,[-v2_pre_topc(1^[])],g),ext(#,[-l1_pre_topc(1^[])],g),ext(#,[-m1_subset_1(2^[],k1_zfmisc_1(u1_struct_0(1^[])))],g),ext(#,[-m1_subset_1(3^[],k1_zfmisc_1(u1_struct_0(1^[])))],g),ext(#,[-v4_pre_topc(2^[],1^[])],g),ext(#,[-v4_pre_topc(3^[],1^[])],g),ext(#,[v4_pre_topc(k4_subset_1(u1_struct_0(1^[]),2^[],3^[]),1^[])],g)],[],[init(-# - -#)],0)state([- #],[],[],[ext(#,[-v2_pre_topc(1^[])],g),ext(#,[-l1_pre_topc(1^[])],g),ext(#,[-m1_subset_1(2^[],k1_zfmisc_1(u1_struct_0(1^[])))],g),ext(#,[-m1_subset_1(3^[],k1_zfmisc_1(u1_struct_0(1^[])))],g),ext(#,[-v4_pre_topc(2^[],1^[])],g),ext(#,[-v4_pre_topc(3^[],1^[])],g),ext(#,[v4_pre_topc(k4_subset_1(u1_struct_0(1^[]),2^[],3^[]),1^[])],g)],[],[init(-# - -#)],0)state([- #],[],[],[ext(#,[-v2_pre_topc(1^[])],g),ext(#,[-l1_pre_topc(1^[])],g),ext(#,[-m1_subset_1(2^[],k1_zfmisc_1(u1_struct_0(1^[])))],g),ext(#,[-m1_subset_1(3^[],k1_zfmisc_1(u1_struct_0(1^[])))],g),ext(#,[-v4_pre_topc(2^[],1^[])],g),ext(#,[-v4_pre_topc(3^[],1^[])],g),ext(#,[v4_pre_topc(k4_subset_1(u1_struct_0(1^[]),2^[],3^[]),1^[])],g)],[],[init(-# - -#)],0)state([- #],[],[],[ext(#,[-v2_pre_topc(1^[])],g),ext(#,[-l1_pre_topc(1^[])],g),ext(#,[-m1_subset_1(2^[],k1_zfmisc_1(u1_struct_0(1^[])))],g),ext(#,[-m1_subset_1(3^[],k1_zfmisc_1(u1_struct_0(1^[])))],g),ext(#,[-v4_pre_topc(2^[],1^[])],g),ext(#,[-v4_pre_topc(3^[],1^[])],g),ext(#,[v4_pre_topc(k4_subset_1(u1_struct_0(1^[]),2^[],3^[]),1^[])],g)],[],[init(-# - -#)],0)Policy data saved
Training data saved
Execution time: 11.747 sec
Full query: 
 swipl -g '["core/montecarlo.pl"], mc_run("theorems/m2np/t9_tops_1.p",[guided(0),cp(1),sim_depth(0),playout_count(200000),min_visit_count(1),n_dim(10000),playout_time(300), output_format(svmlight), leancop_settings([conj,nodef,comp(1000),eager_reduction(1),paramodulation(1)]),return_to_root(0),save_all_proofs(0),temperature(2),save_all_policy(0),save_all_value(1),lemma_features(0),inference_limit(200000),collapse_vars(0),bigstep_frequency(2000)],"results/plcop_paramodulation/train_value","results/plcop_paramodulation/train_policy","results/plcop_paramodulation/clauses","results/plcop_paramodulation/proofs",ExecutionTime), halt.'
