Prolog query: 
 mc_run("theorems/m2np/t9_wellord1.p",[guided(0),cp(1),sim_depth(0),playout_count(200000),min_visit_count(1),n_dim(10000),playout_time(300), output_format(svmlight), leancop_settings([conj,nodef,comp(1000),eager_reduction(1),paramodulation(1)]),return_to_root(0),save_all_proofs(0),temperature(2),save_all_policy(0),save_all_value(1),lemma_features(0),inference_limit(200000),collapse_vars(0),bigstep_frequency(2000)],"results/plcop_paramodulation/train_value","results/plcop_paramodulation/train_policy","results/plcop_paramodulation/clauses","results/plcop_paramodulation/proofs",ExecutionTime)
Trying to open file theorems/m2np/t9_wellord1.p...
Successfully opened file theorems/m2np/t9_wellord1.p
200000 playouts remaining
SUCCESS
   Init: 	-#
   Extension: 	[- #,[#,-v1_relat_1(3^[])]]
   Extension: 	[-v1_relat_1(3^[]),[v1_relat_1(A),r2_hidden(k4_tarski(B,_),A),-r2_hidden(B,k1_relat_1(A))]]
   Extension: 	[r2_hidden(k4_tarski(_,_),3^[]),[-r2_hidden(k4_tarski(A,B),C),v1_relat_1(C),r2_hidden(A,k1_wellord1(C,B))]]
   Reduction: 	[v1_relat_1(3^[]),-v1_relat_1(3^[])]
   Extension: 	[r2_hidden(_,k1_wellord1(3^[],_)),[-r2_hidden(1^[A,B],B),-r1_tarski(B,A)]]
   Extension: 	[-r1_tarski(k1_wellord1(3^[],_),_),[r1_tarski(k1_wellord1(3^[],2^[]),k1_relat_1(3^[])),#]]
   Reduction: 	[#,- #]
   Extension: 	[-r2_hidden(1^[k1_relat_1(3^[]),k1_wellord1(3^[],2^[])],k1_relat_1(3^[])),[r2_hidden(1^[A,B],A),-r1_tarski(B,A)]]
   Extension: 	[-r1_tarski(k1_wellord1(3^[],2^[]),k1_relat_1(3^[])),[r1_tarski(k1_wellord1(3^[],2^[]),k1_relat_1(3^[])),#]]
   Reduction: 	[#,- #]
Created leancop proof

FIRST PROOF FOUND AFTER 17 STEPS

Moving root from 0 to 1
Moving root from 1 to 2
195000 playouts remaining
Moving root from 2 to 11
Moving root from 11 to 12
Moving root from 12 to 14
190000 playouts remaining
Moving root from 14 to 16
Moving root from 16 to 17
185000 playouts remaining
Unable to move root from 17
Unable to move root from 17
Unable to move root from 17
180000 playouts remaining
Unable to move root from 17
Unable to move root from 17
175000 playouts remaining
Unable to move root from 17
Unable to move root from 17
Unable to move root from 17
170000 playouts remaining
Unable to move root from 17
Unable to move root from 17
165000 playouts remaining
Unable to move root from 17
Unable to move root from 17
Unable to move root from 17
160000 playouts remaining
Unable to move root from 17
Unable to move root from 17
155000 playouts remaining
Unable to move root from 17
Unable to move root from 17
Unable to move root from 17
150000 playouts remaining
Unable to move root from 17
Unable to move root from 17
145000 playouts remaining
Unable to move root from 17
Unable to move root from 17
Unable to move root from 17
140000 playouts remaining
Unable to move root from 17
Unable to move root from 17
135000 playouts remaining
Unable to move root from 17
Unable to move root from 17
Unable to move root from 17
130000 playouts remaining
Unable to move root from 17
Unable to move root from 17
125000 playouts remaining
Unable to move root from 17
Unable to move root from 17
Unable to move root from 17
120000 playouts remaining
Unable to move root from 17
Unable to move root from 17
115000 playouts remaining
Unable to move root from 17
Unable to move root from 17
Unable to move root from 17
110000 playouts remaining
Unable to move root from 17
Unable to move root from 17
105000 playouts remaining
Unable to move root from 17
Unable to move root from 17
Unable to move root from 17
100000 playouts remaining
Unable to move root from 17
Unable to move root from 17
95000 playouts remaining
Unable to move root from 17
Unable to move root from 17
Unable to move root from 17
90000 playouts remaining
Unable to move root from 17
Unable to move root from 17
85000 playouts remaining
Unable to move root from 17
Unable to move root from 17
Unable to move root from 17
80000 playouts remaining
Unable to move root from 17
Unable to move root from 17
75000 playouts remaining
Unable to move root from 17
Unable to move root from 17
Unable to move root from 17
70000 playouts remaining
Unable to move root from 17
Unable to move root from 17
65000 playouts remaining
Unable to move root from 17
Unable to move root from 17
Unable to move root from 17
60000 playouts remaining
Unable to move root from 17
Unable to move root from 17
55000 playouts remaining
Unable to move root from 17
Unable to move root from 17
Unable to move root from 17
50000 playouts remaining
Unable to move root from 17
Unable to move root from 17
45000 playouts remaining
Unable to move root from 17
Unable to move root from 17
Unable to move root from 17
40000 playouts remaining
Unable to move root from 17
Unable to move root from 17
35000 playouts remaining
Unable to move root from 17
Unable to move root from 17
Unable to move root from 17
30000 playouts remaining
Unable to move root from 17
Unable to move root from 17
25000 playouts remaining
Unable to move root from 17
Unable to move root from 17
Unable to move root from 17
20000 playouts remaining
Unable to move root from 17
Unable to move root from 17
15000 playouts remaining
Unable to move root from 17
Unable to move root from 17
Unable to move root from 17
10000 playouts remaining
Unable to move root from 17
Unable to move root from 17
5000 playouts remaining
Unable to move root from 17
Unable to move root from 17
Unable to move root from 17
Created 30 nodes
Performed 55933 inferences
Bigstep Nodes: 8, [0,1,2,11,12,14,16,17]
Training data collected
state([success],[],[],[],[],[red([#,- #]-[#,- #]),ext([-r1_tarski(k1_wellord1(3^[],2^[]),k1_relat_1(3^[])),[r1_tarski(k1_wellord1(3^[],2^[]),k1_relat_1(3^[])),#]]-[-r1_tarski(k1_wellord1(3^[],2^[]),k1_relat_1(3^[])),[r1_tarski(k1_wellord1(3^[],2^[]),k1_relat_1(3^[])),#]]),ext([-r2_hidden(1^[k1_relat_1(3^[]),k1_wellord1(3^[],2^[])],k1_relat_1(3^[])),[r2_hidden(1^[_11998,_12004],_11998),-r1_tarski(_12004,_11998)]]-[-r2_hidden(1^[k1_relat_1(3^[]),k1_wellord1(3^[],2^[])],k1_relat_1(3^[])),[r2_hidden(1^[k1_relat_1(3^[]),k1_wellord1(3^[],2^[])],k1_relat_1(3^[])),-r1_tarski(k1_wellord1(3^[],2^[]),k1_relat_1(3^[]))]]),red([#,- #]-[#,- #]),ext([-r1_tarski(k1_wellord1(3^[],_12066),_12060),[r1_tarski(k1_wellord1(3^[],2^[]),k1_relat_1(3^[])),#]]-[-r1_tarski(k1_wellord1(3^[],2^[]),k1_relat_1(3^[])),[r1_tarski(k1_wellord1(3^[],2^[]),k1_relat_1(3^[])),#]]),ext([r2_hidden(_12092,k1_wellord1(3^[],_12100)),[-r2_hidden(1^[_12132,_12138],_12138),-r1_tarski(_12138,_12132)]]-[r2_hidden(1^[k1_relat_1(3^[]),k1_wellord1(3^[],2^[])],k1_wellord1(3^[],2^[])),[-r2_hidden(1^[k1_relat_1(3^[]),k1_wellord1(3^[],2^[])],k1_wellord1(3^[],2^[])),-r1_tarski(k1_wellord1(3^[],2^[]),k1_relat_1(3^[]))]]),red([v1_relat_1(3^[]),-v1_relat_1(3^[])]-[v1_relat_1(3^[]),-v1_relat_1(3^[])]),ext([r2_hidden(k4_tarski(_12194,_12196),3^[]),[-r2_hidden(k4_tarski(_12222,_12224),_12218),v1_relat_1(_12218),r2_hidden(_12222,k1_wellord1(_12218,_12224))]]-[r2_hidden(k4_tarski(1^[k1_relat_1(3^[]),k1_wellord1(3^[],2^[])],2^[]),3^[]),[-r2_hidden(k4_tarski(1^[k1_relat_1(3^[]),k1_wellord1(3^[],2^[])],2^[]),3^[]),v1_relat_1(3^[]),r2_hidden(1^[k1_relat_1(3^[]),k1_wellord1(3^[],2^[])],k1_wellord1(3^[],2^[]))]]),ext([-v1_relat_1(3^[]),[v1_relat_1(_12290),r2_hidden(k4_tarski(_12306,_12308),_12290),-r2_hidden(_12306,k1_relat_1(_12290))]]-[-v1_relat_1(3^[]),[v1_relat_1(3^[]),r2_hidden(k4_tarski(1^[k1_relat_1(3^[]),k1_wellord1(3^[],2^[])],2^[]),3^[]),-r2_hidden(1^[k1_relat_1(3^[]),k1_wellord1(3^[],2^[])],k1_relat_1(3^[]))]]),ext([- #,[#,-v1_relat_1(3^[])]]-[- #,[#,-v1_relat_1(3^[])]]),init(-# - -#)],1)state([-r1_tarski(k1_wellord1(3^[],2^[]),k1_relat_1(3^[]))],[-r2_hidden(1^[k1_relat_1(3^[]),k1_wellord1(3^[],2^[])],k1_relat_1(3^[])),-v1_relat_1(3^[]),- #],[r2_hidden(k4_tarski(1^[k1_relat_1(3^[]),k1_wellord1(3^[],2^[])],2^[]),3^[])],[ext(r1_tarski(k1_wellord1(3^[],2^[]),k1_relat_1(3^[])),[#],g),ext(r1_tarski(_11744,_11746),[r2_hidden(_11756,_11744),-r2_hidden(_11756,_11746)],n),ext(r1_tarski(_11690,_11692),[-r1_tarski(_11706,_11708),_11690=_11706,_11692=_11708],n)],[],[ext([-r2_hidden(1^[k1_relat_1(3^[]),k1_wellord1(3^[],2^[])],k1_relat_1(3^[])),[r2_hidden(1^[_11632,_11638],_11632),-r1_tarski(_11638,_11632)]]-[-r2_hidden(1^[k1_relat_1(3^[]),k1_wellord1(3^[],2^[])],k1_relat_1(3^[])),[r2_hidden(1^[k1_relat_1(3^[]),k1_wellord1(3^[],2^[])],k1_relat_1(3^[])),-r1_tarski(k1_wellord1(3^[],2^[]),k1_relat_1(3^[]))]]),red([#,- #]-[#,- #]),ext([-r1_tarski(k1_wellord1(3^[],_11302),_11296),[r1_tarski(k1_wellord1(3^[],2^[]),k1_relat_1(3^[])),#]]-[-r1_tarski(k1_wellord1(3^[],2^[]),k1_relat_1(3^[])),[r1_tarski(k1_wellord1(3^[],2^[]),k1_relat_1(3^[])),#]]),ext([r2_hidden(_11328,k1_wellord1(3^[],_11336)),[-r2_hidden(1^[_11368,_11374],_11374),-r1_tarski(_11374,_11368)]]-[r2_hidden(1^[k1_relat_1(3^[]),k1_wellord1(3^[],2^[])],k1_wellord1(3^[],2^[])),[-r2_hidden(1^[k1_relat_1(3^[]),k1_wellord1(3^[],2^[])],k1_wellord1(3^[],2^[])),-r1_tarski(k1_wellord1(3^[],2^[]),k1_relat_1(3^[]))]]),red([v1_relat_1(3^[]),-v1_relat_1(3^[])]-[v1_relat_1(3^[]),-v1_relat_1(3^[])]),ext([r2_hidden(k4_tarski(_11430,_11432),3^[]),[-r2_hidden(k4_tarski(_11458,_11460),_11454),v1_relat_1(_11454),r2_hidden(_11458,k1_wellord1(_11454,_11460))]]-[r2_hidden(k4_tarski(1^[k1_relat_1(3^[]),k1_wellord1(3^[],2^[])],2^[]),3^[]),[-r2_hidden(k4_tarski(1^[k1_relat_1(3^[]),k1_wellord1(3^[],2^[])],2^[]),3^[]),v1_relat_1(3^[]),r2_hidden(1^[k1_relat_1(3^[]),k1_wellord1(3^[],2^[])],k1_wellord1(3^[],2^[]))]]),ext([-v1_relat_1(3^[]),[v1_relat_1(_11526),r2_hidden(k4_tarski(_11542,_11544),_11526),-r2_hidden(_11542,k1_relat_1(_11526))]]-[-v1_relat_1(3^[]),[v1_relat_1(3^[]),r2_hidden(k4_tarski(1^[k1_relat_1(3^[]),k1_wellord1(3^[],2^[])],2^[]),3^[]),-r2_hidden(1^[k1_relat_1(3^[]),k1_wellord1(3^[],2^[])],k1_relat_1(3^[]))]]),ext([- #,[#,-v1_relat_1(3^[])]]-[- #,[#,-v1_relat_1(3^[])]]),init(-# - -#)],0)state([-r2_hidden(1^[k1_relat_1(3^[]),k1_wellord1(3^[],2^[])],k1_relat_1(3^[]))],[-v1_relat_1(3^[]),- #],[r2_hidden(k4_tarski(1^[k1_relat_1(3^[]),k1_wellord1(3^[],2^[])],2^[]),3^[])],[ext(r2_hidden(1^[_10474,_10490],_10474),[-r1_tarski(_10490,_10474)],n),ext(r2_hidden(_10430,_10432),[r1_tarski(_10432,_10444),-r2_hidden(_10430,_10444)],n),ext(r2_hidden(_10376,_10378),[-r2_hidden(_10392,_10394),_10376=_10392,_10378=_10394],n)],[],[red([#,- #]-[#,- #]),ext([-r1_tarski(k1_wellord1(3^[],_10316),_10310),[r1_tarski(k1_wellord1(3^[],2^[]),k1_relat_1(3^[])),#]]-[-r1_tarski(k1_wellord1(3^[],2^[]),k1_relat_1(3^[])),[r1_tarski(k1_wellord1(3^[],2^[]),k1_relat_1(3^[])),#]]),ext([r2_hidden(_9926,k1_wellord1(3^[],_9934)),[-r2_hidden(1^[_9966,_9972],_9972),-r1_tarski(_9972,_9966)]]-[r2_hidden(1^[k1_relat_1(3^[]),k1_wellord1(3^[],2^[])],k1_wellord1(3^[],2^[])),[-r2_hidden(1^[k1_relat_1(3^[]),k1_wellord1(3^[],2^[])],k1_wellord1(3^[],2^[])),-r1_tarski(k1_wellord1(3^[],2^[]),k1_relat_1(3^[]))]]),red([v1_relat_1(3^[]),-v1_relat_1(3^[])]-[v1_relat_1(3^[]),-v1_relat_1(3^[])]),ext([r2_hidden(k4_tarski(_10056,_10058),3^[]),[-r2_hidden(k4_tarski(_10084,_10086),_10080),v1_relat_1(_10080),r2_hidden(_10084,k1_wellord1(_10080,_10086))]]-[r2_hidden(k4_tarski(1^[k1_relat_1(3^[]),k1_wellord1(3^[],2^[])],2^[]),3^[]),[-r2_hidden(k4_tarski(1^[k1_relat_1(3^[]),k1_wellord1(3^[],2^[])],2^[]),3^[]),v1_relat_1(3^[]),r2_hidden(1^[k1_relat_1(3^[]),k1_wellord1(3^[],2^[])],k1_wellord1(3^[],2^[]))]]),ext([-v1_relat_1(3^[]),[v1_relat_1(_10198),r2_hidden(k4_tarski(_10214,_10216),_10198),-r2_hidden(_10214,k1_relat_1(_10198))]]-[-v1_relat_1(3^[]),[v1_relat_1(3^[]),r2_hidden(k4_tarski(1^[k1_relat_1(3^[]),k1_wellord1(3^[],2^[])],2^[]),3^[]),-r2_hidden(1^[k1_relat_1(3^[]),k1_wellord1(3^[],2^[])],k1_relat_1(3^[]))]]),ext([- #,[#,-v1_relat_1(3^[])]]-[- #,[#,-v1_relat_1(3^[])]]),init(-# - -#)],0)state([-r1_tarski(k1_wellord1(3^[],_8602),_8640)],[r2_hidden(1^[_8640,k1_wellord1(3^[],_8602)],k1_wellord1(3^[],_8602)),r2_hidden(k4_tarski(1^[_8640,k1_wellord1(3^[],_8602)],_8602),3^[]),-v1_relat_1(3^[]),- #],[],[ext(r1_tarski(k1_wellord1(3^[],2^[]),k1_relat_1(3^[])),[#],g),ext(r1_tarski(_9142,_9144),[r2_hidden(_9154,_9142),-r2_hidden(_9154,_9144)],n),ext(r1_tarski(_9088,_9090),[-r1_tarski(_9104,_9106),_9088=_9104,_9090=_9106],n)],[[[-r2_hidden(1^[_8640,k1_wellord1(3^[],_8602)],k1_relat_1(3^[]))],[-v1_relat_1(3^[]),- #],[r2_hidden(k4_tarski(1^[_8640,k1_wellord1(3^[],_8602)],_8602),3^[])]]],[ext([r2_hidden(_8990,k1_wellord1(3^[],_8998)),[-r2_hidden(1^[_9030,_9036],_9036),-r1_tarski(_9036,_9030)]]-[r2_hidden(1^[_8640,k1_wellord1(3^[],_8602)],k1_wellord1(3^[],_8602)),[-r2_hidden(1^[_8640,k1_wellord1(3^[],_8602)],k1_wellord1(3^[],_8602)),-r1_tarski(k1_wellord1(3^[],_8602),_8640)]]),red([v1_relat_1(3^[]),-v1_relat_1(3^[])]-[v1_relat_1(3^[]),-v1_relat_1(3^[])]),ext([r2_hidden(k4_tarski(_8748,_8750),3^[]),[-r2_hidden(k4_tarski(_8776,_8778),_8772),v1_relat_1(_8772),r2_hidden(_8776,k1_wellord1(_8772,_8778))]]-[r2_hidden(k4_tarski(1^[_8640,k1_wellord1(3^[],_8602)],_8602),3^[]),[-r2_hidden(k4_tarski(1^[_8640,k1_wellord1(3^[],_8602)],_8602),3^[]),v1_relat_1(3^[]),r2_hidden(1^[_8640,k1_wellord1(3^[],_8602)],k1_wellord1(3^[],_8602))]]),ext([-v1_relat_1(3^[]),[v1_relat_1(_8884),r2_hidden(k4_tarski(_8900,_8902),_8884),-r2_hidden(_8900,k1_relat_1(_8884))]]-[-v1_relat_1(3^[]),[v1_relat_1(3^[]),r2_hidden(k4_tarski(1^[_8640,k1_wellord1(3^[],_8602)],_8602),3^[]),-r2_hidden(1^[_8640,k1_wellord1(3^[],_8602)],k1_relat_1(3^[]))]]),ext([- #,[#,-v1_relat_1(3^[])]]-[- #,[#,-v1_relat_1(3^[])]]),init(-# - -#)],0)state([r2_hidden(_7556,k1_wellord1(3^[],_7558))],[r2_hidden(k4_tarski(_7556,_7558),3^[]),-v1_relat_1(3^[]),- #],[],[ext(-r2_hidden(1^[_8148,_8138],_8138),[-r1_tarski(_8138,_8148)],n),ext(-r2_hidden(_8094,_8096),[r1_tarski(_8106,_8096),r2_hidden(_8094,_8106)],n),ext(-r2_hidden(k4_tarski(_8048,_8050),_8044),[v1_relat_1(_8044),r2_hidden(_8048,k1_wellord1(_8044,_8050))],n),ext(-r2_hidden(_7974,k1_wellord1(_7980,_7982)),[v1_relat_1(_7980),- (_7974=_7982),r2_hidden(k4_tarski(_7974,_7982),_7980)],n),ext(-r2_hidden(_7920,_7922),[r2_hidden(_7932,_7934),_7932=_7920,_7934=_7922],n)],[[[-r2_hidden(_7556,k1_relat_1(3^[]))],[-v1_relat_1(3^[]),- #],[r2_hidden(k4_tarski(_7556,_7558),3^[])]]],[red([v1_relat_1(3^[]),-v1_relat_1(3^[])]-[v1_relat_1(3^[]),-v1_relat_1(3^[])]),ext([r2_hidden(k4_tarski(_7762,_7764),3^[]),[-r2_hidden(k4_tarski(_7790,_7792),_7786),v1_relat_1(_7786),r2_hidden(_7790,k1_wellord1(_7786,_7792))]]-[r2_hidden(k4_tarski(_7556,_7558),3^[]),[-r2_hidden(k4_tarski(_7556,_7558),3^[]),v1_relat_1(3^[]),r2_hidden(_7556,k1_wellord1(3^[],_7558))]]),ext([-v1_relat_1(3^[]),[v1_relat_1(_7656),r2_hidden(k4_tarski(_7672,_7674),_7656),-r2_hidden(_7672,k1_relat_1(_7656))]]-[-v1_relat_1(3^[]),[v1_relat_1(3^[]),r2_hidden(k4_tarski(_7556,_7558),3^[]),-r2_hidden(_7556,k1_relat_1(3^[]))]]),ext([- #,[#,-v1_relat_1(3^[])]]-[- #,[#,-v1_relat_1(3^[])]]),init(-# - -#)],0)state([r2_hidden(k4_tarski(_2240,_2242),3^[]),-r2_hidden(_2240,k1_relat_1(3^[]))],[-v1_relat_1(3^[]),- #],[],[ext(-r2_hidden(_2500,_2502),[r1_tarski(_2512,_2502),r2_hidden(_2500,_2512)],n),ext(-r2_hidden(k4_tarski(_2454,_2456),_2450),[v1_relat_1(_2450),r2_hidden(_2454,k1_wellord1(_2450,_2456))],n),ext(-r2_hidden(_2394,_2396),[r2_hidden(_2406,_2408),_2406=_2394,_2408=_2396],n)],[],[ext([-v1_relat_1(3^[]),[v1_relat_1(_2318),r2_hidden(k4_tarski(_2334,_2336),_2318),-r2_hidden(_2334,k1_relat_1(_2318))]]-[-v1_relat_1(3^[]),[v1_relat_1(3^[]),r2_hidden(k4_tarski(_2240,_2242),3^[]),-r2_hidden(_2240,k1_relat_1(3^[]))]]),ext([- #,[#,-v1_relat_1(3^[])]]-[- #,[#,-v1_relat_1(3^[])]]),init(-# - -#)],0)state([-v1_relat_1(3^[])],[- #],[],[ext(v1_relat_1(_2030),[r2_hidden(k4_tarski(_2046,_2048),_2030),-r2_hidden(_2046,k1_relat_1(_2030))],n),ext(v1_relat_1(_1980),[r2_hidden(k4_tarski(_1996,_1998),_1980),-r2_hidden(_1998,k1_relat_1(_1980))],n),ext(v1_relat_1(_1938),[r2_hidden(_1948,k1_wellord1(_1938,_1956)),_1948=_1956],n),ext(v1_relat_1(_1886),[r2_hidden(_1896,k1_wellord1(_1886,_1904)),-r2_hidden(k4_tarski(_1896,_1904),_1886)],n),ext(v1_relat_1(_1818),[-r2_hidden(_1832,k1_wellord1(_1818,_1840)),- (_1832=_1840),r2_hidden(k4_tarski(_1832,_1840),_1818)],n),ext(v1_relat_1(_1780),[-v1_relat_1(_1794),_1780=_1794],n)],[],[ext([- #,[#,-v1_relat_1(3^[])]]-[- #,[#,-v1_relat_1(3^[])]]),init(-# - -#)],0)state([- #],[],[],[ext(#,[-v1_relat_1(3^[])],g),ext(#,[r1_tarski(k1_wellord1(3^[],2^[]),k1_relat_1(3^[]))],g)],[],[init(-# - -#)],0)Value data saved
state([-r1_tarski(k1_wellord1(3^[],2^[]),k1_relat_1(3^[]))],[-r2_hidden(1^[k1_relat_1(3^[]),k1_wellord1(3^[],2^[])],k1_relat_1(3^[])),-v1_relat_1(3^[]),- #],[r2_hidden(k4_tarski(1^[k1_relat_1(3^[]),k1_wellord1(3^[],2^[])],2^[]),3^[])],[ext(r1_tarski(k1_wellord1(3^[],2^[]),k1_relat_1(3^[])),[#],g),ext(r1_tarski(_11394,_11396),[r2_hidden(_11406,_11394),-r2_hidden(_11406,_11396)],n),ext(r1_tarski(_11340,_11342),[-r1_tarski(_11356,_11358),_11340=_11356,_11342=_11358],n)],[],[ext([-r2_hidden(1^[k1_relat_1(3^[]),k1_wellord1(3^[],2^[])],k1_relat_1(3^[])),[r2_hidden(1^[_11282,_11288],_11282),-r1_tarski(_11288,_11282)]]-[-r2_hidden(1^[k1_relat_1(3^[]),k1_wellord1(3^[],2^[])],k1_relat_1(3^[])),[r2_hidden(1^[k1_relat_1(3^[]),k1_wellord1(3^[],2^[])],k1_relat_1(3^[])),-r1_tarski(k1_wellord1(3^[],2^[]),k1_relat_1(3^[]))]]),red([#,- #]-[#,- #]),ext([-r1_tarski(k1_wellord1(3^[],_10952),_10946),[r1_tarski(k1_wellord1(3^[],2^[]),k1_relat_1(3^[])),#]]-[-r1_tarski(k1_wellord1(3^[],2^[]),k1_relat_1(3^[])),[r1_tarski(k1_wellord1(3^[],2^[]),k1_relat_1(3^[])),#]]),ext([r2_hidden(_10978,k1_wellord1(3^[],_10986)),[-r2_hidden(1^[_11018,_11024],_11024),-r1_tarski(_11024,_11018)]]-[r2_hidden(1^[k1_relat_1(3^[]),k1_wellord1(3^[],2^[])],k1_wellord1(3^[],2^[])),[-r2_hidden(1^[k1_relat_1(3^[]),k1_wellord1(3^[],2^[])],k1_wellord1(3^[],2^[])),-r1_tarski(k1_wellord1(3^[],2^[]),k1_relat_1(3^[]))]]),red([v1_relat_1(3^[]),-v1_relat_1(3^[])]-[v1_relat_1(3^[]),-v1_relat_1(3^[])]),ext([r2_hidden(k4_tarski(_11080,_11082),3^[]),[-r2_hidden(k4_tarski(_11108,_11110),_11104),v1_relat_1(_11104),r2_hidden(_11108,k1_wellord1(_11104,_11110))]]-[r2_hidden(k4_tarski(1^[k1_relat_1(3^[]),k1_wellord1(3^[],2^[])],2^[]),3^[]),[-r2_hidden(k4_tarski(1^[k1_relat_1(3^[]),k1_wellord1(3^[],2^[])],2^[]),3^[]),v1_relat_1(3^[]),r2_hidden(1^[k1_relat_1(3^[]),k1_wellord1(3^[],2^[])],k1_wellord1(3^[],2^[]))]]),ext([-v1_relat_1(3^[]),[v1_relat_1(_11176),r2_hidden(k4_tarski(_11192,_11194),_11176),-r2_hidden(_11192,k1_relat_1(_11176))]]-[-v1_relat_1(3^[]),[v1_relat_1(3^[]),r2_hidden(k4_tarski(1^[k1_relat_1(3^[]),k1_wellord1(3^[],2^[])],2^[]),3^[]),-r2_hidden(1^[k1_relat_1(3^[]),k1_wellord1(3^[],2^[])],k1_relat_1(3^[]))]]),ext([- #,[#,-v1_relat_1(3^[])]]-[- #,[#,-v1_relat_1(3^[])]]),init(-# - -#)],0)state([-r1_tarski(k1_wellord1(3^[],2^[]),k1_relat_1(3^[]))],[-r2_hidden(1^[k1_relat_1(3^[]),k1_wellord1(3^[],2^[])],k1_relat_1(3^[])),-v1_relat_1(3^[]),- #],[r2_hidden(k4_tarski(1^[k1_relat_1(3^[]),k1_wellord1(3^[],2^[])],2^[]),3^[])],[ext(r1_tarski(k1_wellord1(3^[],2^[]),k1_relat_1(3^[])),[#],g),ext(r1_tarski(_11330,_11332),[r2_hidden(_11342,_11330),-r2_hidden(_11342,_11332)],n),ext(r1_tarski(_11276,_11278),[-r1_tarski(_11292,_11294),_11276=_11292,_11278=_11294],n)],[],[ext([-r2_hidden(1^[k1_relat_1(3^[]),k1_wellord1(3^[],2^[])],k1_relat_1(3^[])),[r2_hidden(1^[_11218,_11224],_11218),-r1_tarski(_11224,_11218)]]-[-r2_hidden(1^[k1_relat_1(3^[]),k1_wellord1(3^[],2^[])],k1_relat_1(3^[])),[r2_hidden(1^[k1_relat_1(3^[]),k1_wellord1(3^[],2^[])],k1_relat_1(3^[])),-r1_tarski(k1_wellord1(3^[],2^[]),k1_relat_1(3^[]))]]),red([#,- #]-[#,- #]),ext([-r1_tarski(k1_wellord1(3^[],_10888),_10882),[r1_tarski(k1_wellord1(3^[],2^[]),k1_relat_1(3^[])),#]]-[-r1_tarski(k1_wellord1(3^[],2^[]),k1_relat_1(3^[])),[r1_tarski(k1_wellord1(3^[],2^[]),k1_relat_1(3^[])),#]]),ext([r2_hidden(_10914,k1_wellord1(3^[],_10922)),[-r2_hidden(1^[_10954,_10960],_10960),-r1_tarski(_10960,_10954)]]-[r2_hidden(1^[k1_relat_1(3^[]),k1_wellord1(3^[],2^[])],k1_wellord1(3^[],2^[])),[-r2_hidden(1^[k1_relat_1(3^[]),k1_wellord1(3^[],2^[])],k1_wellord1(3^[],2^[])),-r1_tarski(k1_wellord1(3^[],2^[]),k1_relat_1(3^[]))]]),red([v1_relat_1(3^[]),-v1_relat_1(3^[])]-[v1_relat_1(3^[]),-v1_relat_1(3^[])]),ext([r2_hidden(k4_tarski(_11016,_11018),3^[]),[-r2_hidden(k4_tarski(_11044,_11046),_11040),v1_relat_1(_11040),r2_hidden(_11044,k1_wellord1(_11040,_11046))]]-[r2_hidden(k4_tarski(1^[k1_relat_1(3^[]),k1_wellord1(3^[],2^[])],2^[]),3^[]),[-r2_hidden(k4_tarski(1^[k1_relat_1(3^[]),k1_wellord1(3^[],2^[])],2^[]),3^[]),v1_relat_1(3^[]),r2_hidden(1^[k1_relat_1(3^[]),k1_wellord1(3^[],2^[])],k1_wellord1(3^[],2^[]))]]),ext([-v1_relat_1(3^[]),[v1_relat_1(_11112),r2_hidden(k4_tarski(_11128,_11130),_11112),-r2_hidden(_11128,k1_relat_1(_11112))]]-[-v1_relat_1(3^[]),[v1_relat_1(3^[]),r2_hidden(k4_tarski(1^[k1_relat_1(3^[]),k1_wellord1(3^[],2^[])],2^[]),3^[]),-r2_hidden(1^[k1_relat_1(3^[]),k1_wellord1(3^[],2^[])],k1_relat_1(3^[]))]]),ext([- #,[#,-v1_relat_1(3^[])]]-[- #,[#,-v1_relat_1(3^[])]]),init(-# - -#)],0)state([-r1_tarski(k1_wellord1(3^[],2^[]),k1_relat_1(3^[]))],[-r2_hidden(1^[k1_relat_1(3^[]),k1_wellord1(3^[],2^[])],k1_relat_1(3^[])),-v1_relat_1(3^[]),- #],[r2_hidden(k4_tarski(1^[k1_relat_1(3^[]),k1_wellord1(3^[],2^[])],2^[]),3^[])],[ext(r1_tarski(k1_wellord1(3^[],2^[]),k1_relat_1(3^[])),[#],g),ext(r1_tarski(_11330,_11332),[r2_hidden(_11342,_11330),-r2_hidden(_11342,_11332)],n),ext(r1_tarski(_11276,_11278),[-r1_tarski(_11292,_11294),_11276=_11292,_11278=_11294],n)],[],[ext([-r2_hidden(1^[k1_relat_1(3^[]),k1_wellord1(3^[],2^[])],k1_relat_1(3^[])),[r2_hidden(1^[_11218,_11224],_11218),-r1_tarski(_11224,_11218)]]-[-r2_hidden(1^[k1_relat_1(3^[]),k1_wellord1(3^[],2^[])],k1_relat_1(3^[])),[r2_hidden(1^[k1_relat_1(3^[]),k1_wellord1(3^[],2^[])],k1_relat_1(3^[])),-r1_tarski(k1_wellord1(3^[],2^[]),k1_relat_1(3^[]))]]),red([#,- #]-[#,- #]),ext([-r1_tarski(k1_wellord1(3^[],_10888),_10882),[r1_tarski(k1_wellord1(3^[],2^[]),k1_relat_1(3^[])),#]]-[-r1_tarski(k1_wellord1(3^[],2^[]),k1_relat_1(3^[])),[r1_tarski(k1_wellord1(3^[],2^[]),k1_relat_1(3^[])),#]]),ext([r2_hidden(_10914,k1_wellord1(3^[],_10922)),[-r2_hidden(1^[_10954,_10960],_10960),-r1_tarski(_10960,_10954)]]-[r2_hidden(1^[k1_relat_1(3^[]),k1_wellord1(3^[],2^[])],k1_wellord1(3^[],2^[])),[-r2_hidden(1^[k1_relat_1(3^[]),k1_wellord1(3^[],2^[])],k1_wellord1(3^[],2^[])),-r1_tarski(k1_wellord1(3^[],2^[]),k1_relat_1(3^[]))]]),red([v1_relat_1(3^[]),-v1_relat_1(3^[])]-[v1_relat_1(3^[]),-v1_relat_1(3^[])]),ext([r2_hidden(k4_tarski(_11016,_11018),3^[]),[-r2_hidden(k4_tarski(_11044,_11046),_11040),v1_relat_1(_11040),r2_hidden(_11044,k1_wellord1(_11040,_11046))]]-[r2_hidden(k4_tarski(1^[k1_relat_1(3^[]),k1_wellord1(3^[],2^[])],2^[]),3^[]),[-r2_hidden(k4_tarski(1^[k1_relat_1(3^[]),k1_wellord1(3^[],2^[])],2^[]),3^[]),v1_relat_1(3^[]),r2_hidden(1^[k1_relat_1(3^[]),k1_wellord1(3^[],2^[])],k1_wellord1(3^[],2^[]))]]),ext([-v1_relat_1(3^[]),[v1_relat_1(_11112),r2_hidden(k4_tarski(_11128,_11130),_11112),-r2_hidden(_11128,k1_relat_1(_11112))]]-[-v1_relat_1(3^[]),[v1_relat_1(3^[]),r2_hidden(k4_tarski(1^[k1_relat_1(3^[]),k1_wellord1(3^[],2^[])],2^[]),3^[]),-r2_hidden(1^[k1_relat_1(3^[]),k1_wellord1(3^[],2^[])],k1_relat_1(3^[]))]]),ext([- #,[#,-v1_relat_1(3^[])]]-[- #,[#,-v1_relat_1(3^[])]]),init(-# - -#)],0)state([-r2_hidden(1^[k1_relat_1(3^[]),k1_wellord1(3^[],2^[])],k1_relat_1(3^[]))],[-v1_relat_1(3^[]),- #],[r2_hidden(k4_tarski(1^[k1_relat_1(3^[]),k1_wellord1(3^[],2^[])],2^[]),3^[])],[ext(r2_hidden(1^[_10096,_10112],_10096),[-r1_tarski(_10112,_10096)],n),ext(r2_hidden(_10052,_10054),[r1_tarski(_10054,_10066),-r2_hidden(_10052,_10066)],n),ext(r2_hidden(_9998,_10000),[-r2_hidden(_10014,_10016),_9998=_10014,_10000=_10016],n)],[],[red([#,- #]-[#,- #]),ext([-r1_tarski(k1_wellord1(3^[],_9938),_9932),[r1_tarski(k1_wellord1(3^[],2^[]),k1_relat_1(3^[])),#]]-[-r1_tarski(k1_wellord1(3^[],2^[]),k1_relat_1(3^[])),[r1_tarski(k1_wellord1(3^[],2^[]),k1_relat_1(3^[])),#]]),ext([r2_hidden(_9548,k1_wellord1(3^[],_9556)),[-r2_hidden(1^[_9588,_9594],_9594),-r1_tarski(_9594,_9588)]]-[r2_hidden(1^[k1_relat_1(3^[]),k1_wellord1(3^[],2^[])],k1_wellord1(3^[],2^[])),[-r2_hidden(1^[k1_relat_1(3^[]),k1_wellord1(3^[],2^[])],k1_wellord1(3^[],2^[])),-r1_tarski(k1_wellord1(3^[],2^[]),k1_relat_1(3^[]))]]),red([v1_relat_1(3^[]),-v1_relat_1(3^[])]-[v1_relat_1(3^[]),-v1_relat_1(3^[])]),ext([r2_hidden(k4_tarski(_9678,_9680),3^[]),[-r2_hidden(k4_tarski(_9706,_9708),_9702),v1_relat_1(_9702),r2_hidden(_9706,k1_wellord1(_9702,_9708))]]-[r2_hidden(k4_tarski(1^[k1_relat_1(3^[]),k1_wellord1(3^[],2^[])],2^[]),3^[]),[-r2_hidden(k4_tarski(1^[k1_relat_1(3^[]),k1_wellord1(3^[],2^[])],2^[]),3^[]),v1_relat_1(3^[]),r2_hidden(1^[k1_relat_1(3^[]),k1_wellord1(3^[],2^[])],k1_wellord1(3^[],2^[]))]]),ext([-v1_relat_1(3^[]),[v1_relat_1(_9820),r2_hidden(k4_tarski(_9836,_9838),_9820),-r2_hidden(_9836,k1_relat_1(_9820))]]-[-v1_relat_1(3^[]),[v1_relat_1(3^[]),r2_hidden(k4_tarski(1^[k1_relat_1(3^[]),k1_wellord1(3^[],2^[])],2^[]),3^[]),-r2_hidden(1^[k1_relat_1(3^[]),k1_wellord1(3^[],2^[])],k1_relat_1(3^[]))]]),ext([- #,[#,-v1_relat_1(3^[])]]-[- #,[#,-v1_relat_1(3^[])]]),init(-# - -#)],0)state([-r2_hidden(1^[k1_relat_1(3^[]),k1_wellord1(3^[],2^[])],k1_relat_1(3^[]))],[-v1_relat_1(3^[]),- #],[r2_hidden(k4_tarski(1^[k1_relat_1(3^[]),k1_wellord1(3^[],2^[])],2^[]),3^[])],[ext(r2_hidden(1^[_10096,_10112],_10096),[-r1_tarski(_10112,_10096)],n),ext(r2_hidden(_10052,_10054),[r1_tarski(_10054,_10066),-r2_hidden(_10052,_10066)],n),ext(r2_hidden(_9998,_10000),[-r2_hidden(_10014,_10016),_9998=_10014,_10000=_10016],n)],[],[red([#,- #]-[#,- #]),ext([-r1_tarski(k1_wellord1(3^[],_9938),_9932),[r1_tarski(k1_wellord1(3^[],2^[]),k1_relat_1(3^[])),#]]-[-r1_tarski(k1_wellord1(3^[],2^[]),k1_relat_1(3^[])),[r1_tarski(k1_wellord1(3^[],2^[]),k1_relat_1(3^[])),#]]),ext([r2_hidden(_9548,k1_wellord1(3^[],_9556)),[-r2_hidden(1^[_9588,_9594],_9594),-r1_tarski(_9594,_9588)]]-[r2_hidden(1^[k1_relat_1(3^[]),k1_wellord1(3^[],2^[])],k1_wellord1(3^[],2^[])),[-r2_hidden(1^[k1_relat_1(3^[]),k1_wellord1(3^[],2^[])],k1_wellord1(3^[],2^[])),-r1_tarski(k1_wellord1(3^[],2^[]),k1_relat_1(3^[]))]]),red([v1_relat_1(3^[]),-v1_relat_1(3^[])]-[v1_relat_1(3^[]),-v1_relat_1(3^[])]),ext([r2_hidden(k4_tarski(_9678,_9680),3^[]),[-r2_hidden(k4_tarski(_9706,_9708),_9702),v1_relat_1(_9702),r2_hidden(_9706,k1_wellord1(_9702,_9708))]]-[r2_hidden(k4_tarski(1^[k1_relat_1(3^[]),k1_wellord1(3^[],2^[])],2^[]),3^[]),[-r2_hidden(k4_tarski(1^[k1_relat_1(3^[]),k1_wellord1(3^[],2^[])],2^[]),3^[]),v1_relat_1(3^[]),r2_hidden(1^[k1_relat_1(3^[]),k1_wellord1(3^[],2^[])],k1_wellord1(3^[],2^[]))]]),ext([-v1_relat_1(3^[]),[v1_relat_1(_9820),r2_hidden(k4_tarski(_9836,_9838),_9820),-r2_hidden(_9836,k1_relat_1(_9820))]]-[-v1_relat_1(3^[]),[v1_relat_1(3^[]),r2_hidden(k4_tarski(1^[k1_relat_1(3^[]),k1_wellord1(3^[],2^[])],2^[]),3^[]),-r2_hidden(1^[k1_relat_1(3^[]),k1_wellord1(3^[],2^[])],k1_relat_1(3^[]))]]),ext([- #,[#,-v1_relat_1(3^[])]]-[- #,[#,-v1_relat_1(3^[])]]),init(-# - -#)],0)state([-r2_hidden(1^[k1_relat_1(3^[]),k1_wellord1(3^[],2^[])],k1_relat_1(3^[]))],[-v1_relat_1(3^[]),- #],[r2_hidden(k4_tarski(1^[k1_relat_1(3^[]),k1_wellord1(3^[],2^[])],2^[]),3^[])],[ext(r2_hidden(1^[_10096,_10112],_10096),[-r1_tarski(_10112,_10096)],n),ext(r2_hidden(_10052,_10054),[r1_tarski(_10054,_10066),-r2_hidden(_10052,_10066)],n),ext(r2_hidden(_9998,_10000),[-r2_hidden(_10014,_10016),_9998=_10014,_10000=_10016],n)],[],[red([#,- #]-[#,- #]),ext([-r1_tarski(k1_wellord1(3^[],_9938),_9932),[r1_tarski(k1_wellord1(3^[],2^[]),k1_relat_1(3^[])),#]]-[-r1_tarski(k1_wellord1(3^[],2^[]),k1_relat_1(3^[])),[r1_tarski(k1_wellord1(3^[],2^[]),k1_relat_1(3^[])),#]]),ext([r2_hidden(_9548,k1_wellord1(3^[],_9556)),[-r2_hidden(1^[_9588,_9594],_9594),-r1_tarski(_9594,_9588)]]-[r2_hidden(1^[k1_relat_1(3^[]),k1_wellord1(3^[],2^[])],k1_wellord1(3^[],2^[])),[-r2_hidden(1^[k1_relat_1(3^[]),k1_wellord1(3^[],2^[])],k1_wellord1(3^[],2^[])),-r1_tarski(k1_wellord1(3^[],2^[]),k1_relat_1(3^[]))]]),red([v1_relat_1(3^[]),-v1_relat_1(3^[])]-[v1_relat_1(3^[]),-v1_relat_1(3^[])]),ext([r2_hidden(k4_tarski(_9678,_9680),3^[]),[-r2_hidden(k4_tarski(_9706,_9708),_9702),v1_relat_1(_9702),r2_hidden(_9706,k1_wellord1(_9702,_9708))]]-[r2_hidden(k4_tarski(1^[k1_relat_1(3^[]),k1_wellord1(3^[],2^[])],2^[]),3^[]),[-r2_hidden(k4_tarski(1^[k1_relat_1(3^[]),k1_wellord1(3^[],2^[])],2^[]),3^[]),v1_relat_1(3^[]),r2_hidden(1^[k1_relat_1(3^[]),k1_wellord1(3^[],2^[])],k1_wellord1(3^[],2^[]))]]),ext([-v1_relat_1(3^[]),[v1_relat_1(_9820),r2_hidden(k4_tarski(_9836,_9838),_9820),-r2_hidden(_9836,k1_relat_1(_9820))]]-[-v1_relat_1(3^[]),[v1_relat_1(3^[]),r2_hidden(k4_tarski(1^[k1_relat_1(3^[]),k1_wellord1(3^[],2^[])],2^[]),3^[]),-r2_hidden(1^[k1_relat_1(3^[]),k1_wellord1(3^[],2^[])],k1_relat_1(3^[]))]]),ext([- #,[#,-v1_relat_1(3^[])]]-[- #,[#,-v1_relat_1(3^[])]]),init(-# - -#)],0)state([-r1_tarski(k1_wellord1(3^[],_8260),_8298)],[r2_hidden(1^[_8298,k1_wellord1(3^[],_8260)],k1_wellord1(3^[],_8260)),r2_hidden(k4_tarski(1^[_8298,k1_wellord1(3^[],_8260)],_8260),3^[]),-v1_relat_1(3^[]),- #],[],[ext(r1_tarski(k1_wellord1(3^[],2^[]),k1_relat_1(3^[])),[#],g),ext(r1_tarski(_8800,_8802),[r2_hidden(_8812,_8800),-r2_hidden(_8812,_8802)],n),ext(r1_tarski(_8746,_8748),[-r1_tarski(_8762,_8764),_8746=_8762,_8748=_8764],n)],[[[-r2_hidden(1^[_8298,k1_wellord1(3^[],_8260)],k1_relat_1(3^[]))],[-v1_relat_1(3^[]),- #],[r2_hidden(k4_tarski(1^[_8298,k1_wellord1(3^[],_8260)],_8260),3^[])]]],[ext([r2_hidden(_8648,k1_wellord1(3^[],_8656)),[-r2_hidden(1^[_8688,_8694],_8694),-r1_tarski(_8694,_8688)]]-[r2_hidden(1^[_8298,k1_wellord1(3^[],_8260)],k1_wellord1(3^[],_8260)),[-r2_hidden(1^[_8298,k1_wellord1(3^[],_8260)],k1_wellord1(3^[],_8260)),-r1_tarski(k1_wellord1(3^[],_8260),_8298)]]),red([v1_relat_1(3^[]),-v1_relat_1(3^[])]-[v1_relat_1(3^[]),-v1_relat_1(3^[])]),ext([r2_hidden(k4_tarski(_8406,_8408),3^[]),[-r2_hidden(k4_tarski(_8434,_8436),_8430),v1_relat_1(_8430),r2_hidden(_8434,k1_wellord1(_8430,_8436))]]-[r2_hidden(k4_tarski(1^[_8298,k1_wellord1(3^[],_8260)],_8260),3^[]),[-r2_hidden(k4_tarski(1^[_8298,k1_wellord1(3^[],_8260)],_8260),3^[]),v1_relat_1(3^[]),r2_hidden(1^[_8298,k1_wellord1(3^[],_8260)],k1_wellord1(3^[],_8260))]]),ext([-v1_relat_1(3^[]),[v1_relat_1(_8542),r2_hidden(k4_tarski(_8558,_8560),_8542),-r2_hidden(_8558,k1_relat_1(_8542))]]-[-v1_relat_1(3^[]),[v1_relat_1(3^[]),r2_hidden(k4_tarski(1^[_8298,k1_wellord1(3^[],_8260)],_8260),3^[]),-r2_hidden(1^[_8298,k1_wellord1(3^[],_8260)],k1_relat_1(3^[]))]]),ext([- #,[#,-v1_relat_1(3^[])]]-[- #,[#,-v1_relat_1(3^[])]]),init(-# - -#)],0)state([-r1_tarski(k1_wellord1(3^[],_8260),_8298)],[r2_hidden(1^[_8298,k1_wellord1(3^[],_8260)],k1_wellord1(3^[],_8260)),r2_hidden(k4_tarski(1^[_8298,k1_wellord1(3^[],_8260)],_8260),3^[]),-v1_relat_1(3^[]),- #],[],[ext(r1_tarski(k1_wellord1(3^[],2^[]),k1_relat_1(3^[])),[#],g),ext(r1_tarski(_8800,_8802),[r2_hidden(_8812,_8800),-r2_hidden(_8812,_8802)],n),ext(r1_tarski(_8746,_8748),[-r1_tarski(_8762,_8764),_8746=_8762,_8748=_8764],n)],[[[-r2_hidden(1^[_8298,k1_wellord1(3^[],_8260)],k1_relat_1(3^[]))],[-v1_relat_1(3^[]),- #],[r2_hidden(k4_tarski(1^[_8298,k1_wellord1(3^[],_8260)],_8260),3^[])]]],[ext([r2_hidden(_8648,k1_wellord1(3^[],_8656)),[-r2_hidden(1^[_8688,_8694],_8694),-r1_tarski(_8694,_8688)]]-[r2_hidden(1^[_8298,k1_wellord1(3^[],_8260)],k1_wellord1(3^[],_8260)),[-r2_hidden(1^[_8298,k1_wellord1(3^[],_8260)],k1_wellord1(3^[],_8260)),-r1_tarski(k1_wellord1(3^[],_8260),_8298)]]),red([v1_relat_1(3^[]),-v1_relat_1(3^[])]-[v1_relat_1(3^[]),-v1_relat_1(3^[])]),ext([r2_hidden(k4_tarski(_8406,_8408),3^[]),[-r2_hidden(k4_tarski(_8434,_8436),_8430),v1_relat_1(_8430),r2_hidden(_8434,k1_wellord1(_8430,_8436))]]-[r2_hidden(k4_tarski(1^[_8298,k1_wellord1(3^[],_8260)],_8260),3^[]),[-r2_hidden(k4_tarski(1^[_8298,k1_wellord1(3^[],_8260)],_8260),3^[]),v1_relat_1(3^[]),r2_hidden(1^[_8298,k1_wellord1(3^[],_8260)],k1_wellord1(3^[],_8260))]]),ext([-v1_relat_1(3^[]),[v1_relat_1(_8542),r2_hidden(k4_tarski(_8558,_8560),_8542),-r2_hidden(_8558,k1_relat_1(_8542))]]-[-v1_relat_1(3^[]),[v1_relat_1(3^[]),r2_hidden(k4_tarski(1^[_8298,k1_wellord1(3^[],_8260)],_8260),3^[]),-r2_hidden(1^[_8298,k1_wellord1(3^[],_8260)],k1_relat_1(3^[]))]]),ext([- #,[#,-v1_relat_1(3^[])]]-[- #,[#,-v1_relat_1(3^[])]]),init(-# - -#)],0)state([-r1_tarski(k1_wellord1(3^[],_8260),_8298)],[r2_hidden(1^[_8298,k1_wellord1(3^[],_8260)],k1_wellord1(3^[],_8260)),r2_hidden(k4_tarski(1^[_8298,k1_wellord1(3^[],_8260)],_8260),3^[]),-v1_relat_1(3^[]),- #],[],[ext(r1_tarski(k1_wellord1(3^[],2^[]),k1_relat_1(3^[])),[#],g),ext(r1_tarski(_8800,_8802),[r2_hidden(_8812,_8800),-r2_hidden(_8812,_8802)],n),ext(r1_tarski(_8746,_8748),[-r1_tarski(_8762,_8764),_8746=_8762,_8748=_8764],n)],[[[-r2_hidden(1^[_8298,k1_wellord1(3^[],_8260)],k1_relat_1(3^[]))],[-v1_relat_1(3^[]),- #],[r2_hidden(k4_tarski(1^[_8298,k1_wellord1(3^[],_8260)],_8260),3^[])]]],[ext([r2_hidden(_8648,k1_wellord1(3^[],_8656)),[-r2_hidden(1^[_8688,_8694],_8694),-r1_tarski(_8694,_8688)]]-[r2_hidden(1^[_8298,k1_wellord1(3^[],_8260)],k1_wellord1(3^[],_8260)),[-r2_hidden(1^[_8298,k1_wellord1(3^[],_8260)],k1_wellord1(3^[],_8260)),-r1_tarski(k1_wellord1(3^[],_8260),_8298)]]),red([v1_relat_1(3^[]),-v1_relat_1(3^[])]-[v1_relat_1(3^[]),-v1_relat_1(3^[])]),ext([r2_hidden(k4_tarski(_8406,_8408),3^[]),[-r2_hidden(k4_tarski(_8434,_8436),_8430),v1_relat_1(_8430),r2_hidden(_8434,k1_wellord1(_8430,_8436))]]-[r2_hidden(k4_tarski(1^[_8298,k1_wellord1(3^[],_8260)],_8260),3^[]),[-r2_hidden(k4_tarski(1^[_8298,k1_wellord1(3^[],_8260)],_8260),3^[]),v1_relat_1(3^[]),r2_hidden(1^[_8298,k1_wellord1(3^[],_8260)],k1_wellord1(3^[],_8260))]]),ext([-v1_relat_1(3^[]),[v1_relat_1(_8542),r2_hidden(k4_tarski(_8558,_8560),_8542),-r2_hidden(_8558,k1_relat_1(_8542))]]-[-v1_relat_1(3^[]),[v1_relat_1(3^[]),r2_hidden(k4_tarski(1^[_8298,k1_wellord1(3^[],_8260)],_8260),3^[]),-r2_hidden(1^[_8298,k1_wellord1(3^[],_8260)],k1_relat_1(3^[]))]]),ext([- #,[#,-v1_relat_1(3^[])]]-[- #,[#,-v1_relat_1(3^[])]]),init(-# - -#)],0)state([r2_hidden(_7492,k1_wellord1(3^[],_7494))],[r2_hidden(k4_tarski(_7492,_7494),3^[]),-v1_relat_1(3^[]),- #],[],[ext(-r2_hidden(1^[_8084,_8074],_8074),[-r1_tarski(_8074,_8084)],n),ext(-r2_hidden(_8030,_8032),[r1_tarski(_8042,_8032),r2_hidden(_8030,_8042)],n),ext(-r2_hidden(k4_tarski(_7984,_7986),_7980),[v1_relat_1(_7980),r2_hidden(_7984,k1_wellord1(_7980,_7986))],n),ext(-r2_hidden(_7910,k1_wellord1(_7916,_7918)),[v1_relat_1(_7916),- (_7910=_7918),r2_hidden(k4_tarski(_7910,_7918),_7916)],n),ext(-r2_hidden(_7856,_7858),[r2_hidden(_7868,_7870),_7868=_7856,_7870=_7858],n)],[[[-r2_hidden(_7492,k1_relat_1(3^[]))],[-v1_relat_1(3^[]),- #],[r2_hidden(k4_tarski(_7492,_7494),3^[])]]],[red([v1_relat_1(3^[]),-v1_relat_1(3^[])]-[v1_relat_1(3^[]),-v1_relat_1(3^[])]),ext([r2_hidden(k4_tarski(_7698,_7700),3^[]),[-r2_hidden(k4_tarski(_7726,_7728),_7722),v1_relat_1(_7722),r2_hidden(_7726,k1_wellord1(_7722,_7728))]]-[r2_hidden(k4_tarski(_7492,_7494),3^[]),[-r2_hidden(k4_tarski(_7492,_7494),3^[]),v1_relat_1(3^[]),r2_hidden(_7492,k1_wellord1(3^[],_7494))]]),ext([-v1_relat_1(3^[]),[v1_relat_1(_7592),r2_hidden(k4_tarski(_7608,_7610),_7592),-r2_hidden(_7608,k1_relat_1(_7592))]]-[-v1_relat_1(3^[]),[v1_relat_1(3^[]),r2_hidden(k4_tarski(_7492,_7494),3^[]),-r2_hidden(_7492,k1_relat_1(3^[]))]]),ext([- #,[#,-v1_relat_1(3^[])]]-[- #,[#,-v1_relat_1(3^[])]]),init(-# - -#)],0)state([r2_hidden(k4_tarski(_2176,_2178),3^[]),-r2_hidden(_2176,k1_relat_1(3^[]))],[-v1_relat_1(3^[]),- #],[],[ext(-r2_hidden(_2436,_2438),[r1_tarski(_2448,_2438),r2_hidden(_2436,_2448)],n),ext(-r2_hidden(k4_tarski(_2390,_2392),_2386),[v1_relat_1(_2386),r2_hidden(_2390,k1_wellord1(_2386,_2392))],n),ext(-r2_hidden(_2330,_2332),[r2_hidden(_2342,_2344),_2342=_2330,_2344=_2332],n)],[],[ext([-v1_relat_1(3^[]),[v1_relat_1(_2254),r2_hidden(k4_tarski(_2270,_2272),_2254),-r2_hidden(_2270,k1_relat_1(_2254))]]-[-v1_relat_1(3^[]),[v1_relat_1(3^[]),r2_hidden(k4_tarski(_2176,_2178),3^[]),-r2_hidden(_2176,k1_relat_1(3^[]))]]),ext([- #,[#,-v1_relat_1(3^[])]]-[- #,[#,-v1_relat_1(3^[])]]),init(-# - -#)],0)state([r2_hidden(k4_tarski(_2176,_2178),3^[]),-r2_hidden(_2176,k1_relat_1(3^[]))],[-v1_relat_1(3^[]),- #],[],[ext(-r2_hidden(_2436,_2438),[r1_tarski(_2448,_2438),r2_hidden(_2436,_2448)],n),ext(-r2_hidden(k4_tarski(_2390,_2392),_2386),[v1_relat_1(_2386),r2_hidden(_2390,k1_wellord1(_2386,_2392))],n),ext(-r2_hidden(_2330,_2332),[r2_hidden(_2342,_2344),_2342=_2330,_2344=_2332],n)],[],[ext([-v1_relat_1(3^[]),[v1_relat_1(_2254),r2_hidden(k4_tarski(_2270,_2272),_2254),-r2_hidden(_2270,k1_relat_1(_2254))]]-[-v1_relat_1(3^[]),[v1_relat_1(3^[]),r2_hidden(k4_tarski(_2176,_2178),3^[]),-r2_hidden(_2176,k1_relat_1(3^[]))]]),ext([- #,[#,-v1_relat_1(3^[])]]-[- #,[#,-v1_relat_1(3^[])]]),init(-# - -#)],0)state([-v1_relat_1(3^[])],[- #],[],[ext(v1_relat_1(_1966),[r2_hidden(k4_tarski(_1982,_1984),_1966),-r2_hidden(_1982,k1_relat_1(_1966))],n),ext(v1_relat_1(_1916),[r2_hidden(k4_tarski(_1932,_1934),_1916),-r2_hidden(_1934,k1_relat_1(_1916))],n),ext(v1_relat_1(_1874),[r2_hidden(_1884,k1_wellord1(_1874,_1892)),_1884=_1892],n),ext(v1_relat_1(_1822),[r2_hidden(_1832,k1_wellord1(_1822,_1840)),-r2_hidden(k4_tarski(_1832,_1840),_1822)],n),ext(v1_relat_1(_1754),[-r2_hidden(_1768,k1_wellord1(_1754,_1776)),- (_1768=_1776),r2_hidden(k4_tarski(_1768,_1776),_1754)],n),ext(v1_relat_1(_1716),[-v1_relat_1(_1730),_1716=_1730],n)],[],[ext([- #,[#,-v1_relat_1(3^[])]]-[- #,[#,-v1_relat_1(3^[])]]),init(-# - -#)],0)state([- #],[],[],[ext(#,[-v1_relat_1(3^[])],g),ext(#,[r1_tarski(k1_wellord1(3^[],2^[]),k1_relat_1(3^[]))],g)],[],[init(-# - -#)],0)state([- #],[],[],[ext(#,[-v1_relat_1(3^[])],g),ext(#,[r1_tarski(k1_wellord1(3^[],2^[]),k1_relat_1(3^[]))],g)],[],[init(-# - -#)],0)Policy data saved
Training data saved
Execution time: 7.179 sec
Full query: 
 swipl -g '["core/montecarlo.pl"], mc_run("theorems/m2np/t9_wellord1.p",[guided(0),cp(1),sim_depth(0),playout_count(200000),min_visit_count(1),n_dim(10000),playout_time(300), output_format(svmlight), leancop_settings([conj,nodef,comp(1000),eager_reduction(1),paramodulation(1)]),return_to_root(0),save_all_proofs(0),temperature(2),save_all_policy(0),save_all_value(1),lemma_features(0),inference_limit(200000),collapse_vars(0),bigstep_frequency(2000)],"results/plcop_paramodulation/train_value","results/plcop_paramodulation/train_policy","results/plcop_paramodulation/clauses","results/plcop_paramodulation/proofs",ExecutionTime), halt.'
