Prolog query: 
 mc_run("theorems/m2np/t9_zfmisc_1.p",[guided(0),cp(1),sim_depth(0),playout_count(200000),min_visit_count(1),n_dim(10000),playout_time(300), output_format(svmlight), leancop_settings([conj,nodef,comp(1000),eager_reduction(1),paramodulation(1)]),return_to_root(0),save_all_proofs(0),temperature(2),save_all_policy(0),save_all_value(1),lemma_features(0),inference_limit(200000),collapse_vars(0),bigstep_frequency(2000)],"results/plcop_paramodulation/train_value","results/plcop_paramodulation/train_policy","results/plcop_paramodulation/clauses","results/plcop_paramodulation/proofs",ExecutionTime)
Trying to open file theorems/m2np/t9_zfmisc_1.p...
Successfully opened file theorems/m2np/t9_zfmisc_1.p
200000 playouts remaining
SUCCESS
   Init: 	-#
   Extension: 	[- #,[#,k2_xboole_0(k1_tarski(2^[]),k2_tarski(2^[],3^[]))=k2_tarski(2^[],3^[])]]
   Extension: 	[k2_xboole_0(k1_tarski(2^[]),k2_tarski(2^[],3^[]))=k2_tarski(2^[],3^[]),[- (k2_xboole_0(A,B)=B),r1_tarski(A,B)]]
   Extension: 	[r1_tarski(k1_tarski(2^[]),k2_tarski(2^[],3^[])),[-r1_tarski(k1_tarski(A),B),r2_hidden(A,B)]]
   Extension: 	[r2_hidden(2^[],k2_tarski(2^[],3^[])),[-r2_hidden(A,B),B=k2_tarski(C,_),A=C]]
   Extension: 	[k2_tarski(2^[],3^[])=k2_tarski(_,_),[- (A=A)]]
   Extension: 	[2^[]=2^[],[- (A=A)]]
Created leancop proof

FIRST PROOF FOUND AFTER 1343 STEPS

Moving root from 0 to 1
Moving root from 1 to 2
195000 playouts remaining
Moving root from 2 to 3
Moving root from 3 to 8
Moving root from 8 to 1152
190000 playouts remaining
Moving root from 1152 to 1161
Unable to move root from 1161
185000 playouts remaining
Unable to move root from 1161
Unable to move root from 1161
Unable to move root from 1161
180000 playouts remaining
Unable to move root from 1161
Unable to move root from 1161
175000 playouts remaining
Unable to move root from 1161
Unable to move root from 1161
Unable to move root from 1161
170000 playouts remaining
Unable to move root from 1161
Unable to move root from 1161
165000 playouts remaining
Unable to move root from 1161
Unable to move root from 1161
Unable to move root from 1161
160000 playouts remaining
Unable to move root from 1161
Unable to move root from 1161
155000 playouts remaining
Unable to move root from 1161
Unable to move root from 1161
Unable to move root from 1161
150000 playouts remaining
Unable to move root from 1161
Unable to move root from 1161
145000 playouts remaining
Unable to move root from 1161
Unable to move root from 1161
Unable to move root from 1161
140000 playouts remaining
Unable to move root from 1161
Unable to move root from 1161
135000 playouts remaining
Unable to move root from 1161
Unable to move root from 1161
Unable to move root from 1161
130000 playouts remaining
Unable to move root from 1161
Unable to move root from 1161
125000 playouts remaining
Unable to move root from 1161
Unable to move root from 1161
Unable to move root from 1161
120000 playouts remaining
Unable to move root from 1161
Unable to move root from 1161
115000 playouts remaining
Unable to move root from 1161
Unable to move root from 1161
Unable to move root from 1161
110000 playouts remaining
Unable to move root from 1161
Unable to move root from 1161
105000 playouts remaining
Unable to move root from 1161
Unable to move root from 1161
Unable to move root from 1161
100000 playouts remaining
Unable to move root from 1161
Unable to move root from 1161
95000 playouts remaining
Unable to move root from 1161
Unable to move root from 1161
Unable to move root from 1161
90000 playouts remaining
Unable to move root from 1161
Unable to move root from 1161
85000 playouts remaining
Unable to move root from 1161
Unable to move root from 1161
Unable to move root from 1161
80000 playouts remaining
Unable to move root from 1161
Unable to move root from 1161
75000 playouts remaining
Unable to move root from 1161
Unable to move root from 1161
Unable to move root from 1161
70000 playouts remaining
Unable to move root from 1161
Unable to move root from 1161
65000 playouts remaining
Unable to move root from 1161
Unable to move root from 1161
Unable to move root from 1161
60000 playouts remaining
Unable to move root from 1161
Unable to move root from 1161
55000 playouts remaining
Unable to move root from 1161
Unable to move root from 1161
Unable to move root from 1161
50000 playouts remaining
Unable to move root from 1161
Unable to move root from 1161
45000 playouts remaining
Unable to move root from 1161
Unable to move root from 1161
Unable to move root from 1161
40000 playouts remaining
Unable to move root from 1161
Unable to move root from 1161
35000 playouts remaining
Unable to move root from 1161
Unable to move root from 1161
Unable to move root from 1161
30000 playouts remaining
Unable to move root from 1161
Unable to move root from 1161
25000 playouts remaining
Unable to move root from 1161
Unable to move root from 1161
Unable to move root from 1161
20000 playouts remaining
Unable to move root from 1161
Unable to move root from 1161
15000 playouts remaining
Unable to move root from 1161
Unable to move root from 1161
Unable to move root from 1161
10000 playouts remaining
Unable to move root from 1161
Unable to move root from 1161
5000 playouts remaining
Unable to move root from 1161
Unable to move root from 1161
Unable to move root from 1161
Created 1162 nodes
Performed 41666 inferences
Bigstep Nodes: 7, [0,1,2,3,8,1152,1161]
Training data collected
state([success],[],[],[],[],[ext([2^[]=2^[],[- (_1937740=_1937740)]]-[2^[]=2^[],[- (2^[]=2^[])]]),ext([k2_tarski(2^[],3^[])=k2_tarski(_1937460,_1937462),[- (_1937482=_1937482)]]-[k2_tarski(2^[],3^[])=k2_tarski(2^[],3^[]),[- (k2_tarski(2^[],3^[])=k2_tarski(2^[],3^[]))]]),ext([r2_hidden(2^[],k2_tarski(2^[],3^[])),[-r2_hidden(_1937526,_1937528),_1937528=k2_tarski(_1937544,_1937546),_1937526=_1937544]]-[r2_hidden(2^[],k2_tarski(2^[],3^[])),[-r2_hidden(2^[],k2_tarski(2^[],3^[])),k2_tarski(2^[],3^[])=k2_tarski(2^[],3^[]),2^[]=2^[]]]),ext([r1_tarski(k1_tarski(2^[]),k2_tarski(2^[],3^[])),[-r1_tarski(k1_tarski(_1937606),_1937602),r2_hidden(_1937606,_1937602)]]-[r1_tarski(k1_tarski(2^[]),k2_tarski(2^[],3^[])),[-r1_tarski(k1_tarski(2^[]),k2_tarski(2^[],3^[])),r2_hidden(2^[],k2_tarski(2^[],3^[]))]]),ext([k2_xboole_0(k1_tarski(2^[]),k2_tarski(2^[],3^[]))=k2_tarski(2^[],3^[]),[- (k2_xboole_0(_1937666,_1937668)=_1937668),r1_tarski(_1937666,_1937668)]]-[k2_xboole_0(k1_tarski(2^[]),k2_tarski(2^[],3^[]))=k2_tarski(2^[],3^[]),[- (k2_xboole_0(k1_tarski(2^[]),k2_tarski(2^[],3^[]))=k2_tarski(2^[],3^[])),r1_tarski(k1_tarski(2^[]),k2_tarski(2^[],3^[]))]]),ext([- #,[#,k2_xboole_0(k1_tarski(2^[]),k2_tarski(2^[],3^[]))=k2_tarski(2^[],3^[])]]-[- #,[#,k2_xboole_0(k1_tarski(2^[]),k2_tarski(2^[],3^[]))=k2_tarski(2^[],3^[])]]),init(-# - -#)],1)state([2^[]=2^[]],[r2_hidden(2^[],k2_tarski(2^[],3^[])),r1_tarski(k1_tarski(2^[]),k2_tarski(2^[],3^[])),k2_xboole_0(k1_tarski(2^[]),k2_tarski(2^[],3^[]))=k2_tarski(2^[],3^[]),- #],[k2_tarski(2^[],3^[])=k2_tarski(2^[],3^[])],[ext(- (_1924096=_1924098),[_1924108=k2_tarski(_1924098,_1924116),r2_hidden(_1924096,_1924108),- (_1924096=_1924116)],n),ext(- (_1924032=_1924034),[_1924044=k2_tarski(_1924050,_1924034),r2_hidden(_1924032,_1924044),- (_1924032=_1924050)],n),ext(- (_1924014=_1924014),[],n),ext(- (_1923984=_1923986),[_1923986=_1923984],n),ext(- (_1923942=_1923944),[_1923942=_1923956,_1923956=_1923944],n)],[],[ext([k2_tarski(2^[],3^[])=k2_tarski(_1923880,_1923882),[- (_1923902=_1923902)]]-[k2_tarski(2^[],3^[])=k2_tarski(2^[],3^[]),[- (k2_tarski(2^[],3^[])=k2_tarski(2^[],3^[]))]]),ext([r2_hidden(2^[],k2_tarski(2^[],3^[])),[-r2_hidden(_1923658,_1923660),_1923660=k2_tarski(_1923676,_1923678),_1923658=_1923676]]-[r2_hidden(2^[],k2_tarski(2^[],3^[])),[-r2_hidden(2^[],k2_tarski(2^[],3^[])),k2_tarski(2^[],3^[])=k2_tarski(2^[],3^[]),2^[]=2^[]]]),ext([r1_tarski(k1_tarski(2^[]),k2_tarski(2^[],3^[])),[-r1_tarski(k1_tarski(_1923756),_1923752),r2_hidden(_1923756,_1923752)]]-[r1_tarski(k1_tarski(2^[]),k2_tarski(2^[],3^[])),[-r1_tarski(k1_tarski(2^[]),k2_tarski(2^[],3^[])),r2_hidden(2^[],k2_tarski(2^[],3^[]))]]),ext([k2_xboole_0(k1_tarski(2^[]),k2_tarski(2^[],3^[]))=k2_tarski(2^[],3^[]),[- (k2_xboole_0(_1923816,_1923818)=_1923818),r1_tarski(_1923816,_1923818)]]-[k2_xboole_0(k1_tarski(2^[]),k2_tarski(2^[],3^[]))=k2_tarski(2^[],3^[]),[- (k2_xboole_0(k1_tarski(2^[]),k2_tarski(2^[],3^[]))=k2_tarski(2^[],3^[])),r1_tarski(k1_tarski(2^[]),k2_tarski(2^[],3^[]))]]),ext([- #,[#,k2_xboole_0(k1_tarski(2^[]),k2_tarski(2^[],3^[]))=k2_tarski(2^[],3^[])]]-[- #,[#,k2_xboole_0(k1_tarski(2^[]),k2_tarski(2^[],3^[]))=k2_tarski(2^[],3^[])]]),init(-# - -#)],0)state([k2_tarski(2^[],3^[])=k2_tarski(_6402,_6404),2^[]=_6402],[r2_hidden(2^[],k2_tarski(2^[],3^[])),r1_tarski(k1_tarski(2^[]),k2_tarski(2^[],3^[])),k2_xboole_0(k1_tarski(2^[]),k2_tarski(2^[],3^[]))=k2_tarski(2^[],3^[]),- #],[],[ext(- (_7212=_7214),[_7224=k2_tarski(_7214,_7232),r2_hidden(_7212,_7224),- (_7212=_7232)],n),ext(- (_7148=_7150),[_7160=k2_tarski(_7166,_7150),r2_hidden(_7148,_7160),- (_7148=_7166)],n),ext(- (_7052=k2_tarski(_7058,_7060)),[r2_hidden(1^[_7052,_7060,_7058],_7052),1^[_7052,_7060,_7058]=_7058],n),ext(- (_6956=k2_tarski(_6962,_6964)),[r2_hidden(1^[_6956,_6964,_6962],_6956),1^[_6956,_6964,_6962]=_6964],n),ext(- (_6812=k2_tarski(_6818,_6820)),[-r2_hidden(1^[_6812,_6820,_6818],_6812),- (1^[_6812,_6820,_6818]=_6818),- (1^[_6812,_6820,_6818]=_6820)],n),ext(- (k2_tarski(_6764,_6766)=k2_tarski(_6770,_6772)),[_6764=_6770,_6766=_6772],n),ext(- (_6740=_6740),[],n),ext(- (_6710=_6712),[_6712=_6710],n),ext(- (_6668=_6670),[_6668=_6682,_6682=_6670],n),para([1,0],1^[_7744,_7750,_7718],_7718,[- (_7744=k2_tarski(_7718,_7750)),-r2_hidden(1^[_7744,_7750,_7718],_7744),- (1^[_7744,_7750,_7718]=_7750)],l2r),para([1,1],1^[_7594,_7600,_7568],_7568,[- (_7594=k2_tarski(_7568,_7600)),-r2_hidden(1^[_7594,_7600,_7568],_7594),- (1^[_7594,_7600,_7568]=_7600)],l2r),para([1,0],1^[_7444,_7418,_7456],_7418,[- (_7444=k2_tarski(_7456,_7418)),-r2_hidden(1^[_7444,_7418,_7456],_7444),- (1^[_7444,_7418,_7456]=_7456)],l2r),para([1,1],1^[_7294,_7268,_7306],_7268,[- (_7294=k2_tarski(_7306,_7268)),-r2_hidden(1^[_7294,_7268,_7306],_7294),- (1^[_7294,_7268,_7306]=_7306)],l2r)],[],[ext([r2_hidden(2^[],k2_tarski(2^[],3^[])),[-r2_hidden(_6598,_6600),_6600=k2_tarski(_6616,_6618),_6598=_6616]]-[r2_hidden(2^[],k2_tarski(2^[],3^[])),[-r2_hidden(2^[],k2_tarski(2^[],3^[])),k2_tarski(2^[],3^[])=k2_tarski(_6402,_6404),2^[]=_6402]]),ext([r1_tarski(k1_tarski(2^[]),k2_tarski(2^[],3^[])),[-r1_tarski(k1_tarski(_6464),_6460),r2_hidden(_6464,_6460)]]-[r1_tarski(k1_tarski(2^[]),k2_tarski(2^[],3^[])),[-r1_tarski(k1_tarski(2^[]),k2_tarski(2^[],3^[])),r2_hidden(2^[],k2_tarski(2^[],3^[]))]]),ext([k2_xboole_0(k1_tarski(2^[]),k2_tarski(2^[],3^[]))=k2_tarski(2^[],3^[]),[- (k2_xboole_0(_6524,_6526)=_6526),r1_tarski(_6524,_6526)]]-[k2_xboole_0(k1_tarski(2^[]),k2_tarski(2^[],3^[]))=k2_tarski(2^[],3^[]),[- (k2_xboole_0(k1_tarski(2^[]),k2_tarski(2^[],3^[]))=k2_tarski(2^[],3^[])),r1_tarski(k1_tarski(2^[]),k2_tarski(2^[],3^[]))]]),ext([- #,[#,k2_xboole_0(k1_tarski(2^[]),k2_tarski(2^[],3^[]))=k2_tarski(2^[],3^[])]]-[- #,[#,k2_xboole_0(k1_tarski(2^[]),k2_tarski(2^[],3^[]))=k2_tarski(2^[],3^[])]]),init(-# - -#)],0)state([r2_hidden(2^[],k2_tarski(2^[],3^[]))],[r1_tarski(k1_tarski(2^[]),k2_tarski(2^[],3^[])),k2_xboole_0(k1_tarski(2^[]),k2_tarski(2^[],3^[]))=k2_tarski(2^[],3^[]),- #],[],[ext(-r2_hidden(_3016,_3018),[r1_tarski(k1_tarski(_3016),_3018)],n),ext(-r2_hidden(_2968,_2970),[_2970=k2_tarski(_2986,_2988),_2968=_2986],n),ext(-r2_hidden(_2920,_2922),[_2922=k2_tarski(_2938,_2940),_2920=_2940],n),ext(-r2_hidden(_2866,_2868),[r2_hidden(_2878,_2880),_2878=_2866,_2880=_2868],n)],[],[ext([r1_tarski(k1_tarski(2^[]),k2_tarski(2^[],3^[])),[-r1_tarski(k1_tarski(_2816),_2812),r2_hidden(_2816,_2812)]]-[r1_tarski(k1_tarski(2^[]),k2_tarski(2^[],3^[])),[-r1_tarski(k1_tarski(2^[]),k2_tarski(2^[],3^[])),r2_hidden(2^[],k2_tarski(2^[],3^[]))]]),ext([k2_xboole_0(k1_tarski(2^[]),k2_tarski(2^[],3^[]))=k2_tarski(2^[],3^[]),[- (k2_xboole_0(_2736,_2738)=_2738),r1_tarski(_2736,_2738)]]-[k2_xboole_0(k1_tarski(2^[]),k2_tarski(2^[],3^[]))=k2_tarski(2^[],3^[]),[- (k2_xboole_0(k1_tarski(2^[]),k2_tarski(2^[],3^[]))=k2_tarski(2^[],3^[])),r1_tarski(k1_tarski(2^[]),k2_tarski(2^[],3^[]))]]),ext([- #,[#,k2_xboole_0(k1_tarski(2^[]),k2_tarski(2^[],3^[]))=k2_tarski(2^[],3^[])]]-[- #,[#,k2_xboole_0(k1_tarski(2^[]),k2_tarski(2^[],3^[]))=k2_tarski(2^[],3^[])]]),init(-# - -#)],0)state([r1_tarski(k1_tarski(2^[]),k2_tarski(2^[],3^[]))],[k2_xboole_0(k1_tarski(2^[]),k2_tarski(2^[],3^[]))=k2_tarski(2^[],3^[]),- #],[],[ext(-r1_tarski(k1_tarski(_2588),_2584),[r2_hidden(_2588,_2584)],n),ext(-r1_tarski(_2528,_2530),[r1_tarski(_2540,_2542),_2540=_2528,_2542=_2530],n)],[],[ext([k2_xboole_0(k1_tarski(2^[]),k2_tarski(2^[],3^[]))=k2_tarski(2^[],3^[]),[- (k2_xboole_0(_2476,_2478)=_2478),r1_tarski(_2476,_2478)]]-[k2_xboole_0(k1_tarski(2^[]),k2_tarski(2^[],3^[]))=k2_tarski(2^[],3^[]),[- (k2_xboole_0(k1_tarski(2^[]),k2_tarski(2^[],3^[]))=k2_tarski(2^[],3^[])),r1_tarski(k1_tarski(2^[]),k2_tarski(2^[],3^[]))]]),ext([- #,[#,k2_xboole_0(k1_tarski(2^[]),k2_tarski(2^[],3^[]))=k2_tarski(2^[],3^[])]]-[- #,[#,k2_xboole_0(k1_tarski(2^[]),k2_tarski(2^[],3^[]))=k2_tarski(2^[],3^[])]]),init(-# - -#)],0)state([k2_xboole_0(k1_tarski(2^[]),k2_tarski(2^[],3^[]))=k2_tarski(2^[],3^[])],[- #],[],[ext(- (k2_xboole_0(_2142,_2138)=_2138),[r1_tarski(_2142,_2138)],n),ext(- (_2072=_2074),[_2084=k2_tarski(_2074,_2092),r2_hidden(_2072,_2084),- (_2072=_2092)],n),ext(- (_2008=_2010),[_2020=k2_tarski(_2026,_2010),r2_hidden(_2008,_2020),- (_2008=_2026)],n),ext(- (_1912=k2_tarski(_1918,_1920)),[r2_hidden(1^[_1912,_1920,_1918],_1912),1^[_1912,_1920,_1918]=_1918],n),ext(- (_1816=k2_tarski(_1822,_1824)),[r2_hidden(1^[_1816,_1824,_1822],_1816),1^[_1816,_1824,_1822]=_1824],n),ext(- (_1672=k2_tarski(_1678,_1680)),[-r2_hidden(1^[_1672,_1680,_1678],_1672),- (1^[_1672,_1680,_1678]=_1678),- (1^[_1672,_1680,_1678]=_1680)],n),ext(- (_1642=_1644),[_1644=_1642],n),ext(- (_1600=_1602),[_1600=_1614,_1614=_1602],n),para([0],k2_xboole_0(_2178,_2164),_2164,[r1_tarski(_2178,_2164)],l2r)],[],[ext([- #,[#,k2_xboole_0(k1_tarski(2^[]),k2_tarski(2^[],3^[]))=k2_tarski(2^[],3^[])]]-[- #,[#,k2_xboole_0(k1_tarski(2^[]),k2_tarski(2^[],3^[]))=k2_tarski(2^[],3^[])]]),init(-# - -#)],0)state([- #],[],[],[ext(#,[k2_xboole_0(k1_tarski(2^[]),k2_tarski(2^[],3^[]))=k2_tarski(2^[],3^[])],g)],[],[init(-# - -#)],0)Value data saved
state([2^[]=2^[]],[r2_hidden(2^[],k2_tarski(2^[],3^[])),r1_tarski(k1_tarski(2^[]),k2_tarski(2^[],3^[])),k2_xboole_0(k1_tarski(2^[]),k2_tarski(2^[],3^[]))=k2_tarski(2^[],3^[]),- #],[k2_tarski(2^[],3^[])=k2_tarski(2^[],3^[])],[ext(- (_1924096=_1924098),[_1924108=k2_tarski(_1924098,_1924116),r2_hidden(_1924096,_1924108),- (_1924096=_1924116)],n),ext(- (_1924032=_1924034),[_1924044=k2_tarski(_1924050,_1924034),r2_hidden(_1924032,_1924044),- (_1924032=_1924050)],n),ext(- (_1924014=_1924014),[],n),ext(- (_1923984=_1923986),[_1923986=_1923984],n),ext(- (_1923942=_1923944),[_1923942=_1923956,_1923956=_1923944],n)],[],[ext([k2_tarski(2^[],3^[])=k2_tarski(_1923880,_1923882),[- (_1923902=_1923902)]]-[k2_tarski(2^[],3^[])=k2_tarski(2^[],3^[]),[- (k2_tarski(2^[],3^[])=k2_tarski(2^[],3^[]))]]),ext([r2_hidden(2^[],k2_tarski(2^[],3^[])),[-r2_hidden(_1923658,_1923660),_1923660=k2_tarski(_1923676,_1923678),_1923658=_1923676]]-[r2_hidden(2^[],k2_tarski(2^[],3^[])),[-r2_hidden(2^[],k2_tarski(2^[],3^[])),k2_tarski(2^[],3^[])=k2_tarski(2^[],3^[]),2^[]=2^[]]]),ext([r1_tarski(k1_tarski(2^[]),k2_tarski(2^[],3^[])),[-r1_tarski(k1_tarski(_1923756),_1923752),r2_hidden(_1923756,_1923752)]]-[r1_tarski(k1_tarski(2^[]),k2_tarski(2^[],3^[])),[-r1_tarski(k1_tarski(2^[]),k2_tarski(2^[],3^[])),r2_hidden(2^[],k2_tarski(2^[],3^[]))]]),ext([k2_xboole_0(k1_tarski(2^[]),k2_tarski(2^[],3^[]))=k2_tarski(2^[],3^[]),[- (k2_xboole_0(_1923816,_1923818)=_1923818),r1_tarski(_1923816,_1923818)]]-[k2_xboole_0(k1_tarski(2^[]),k2_tarski(2^[],3^[]))=k2_tarski(2^[],3^[]),[- (k2_xboole_0(k1_tarski(2^[]),k2_tarski(2^[],3^[]))=k2_tarski(2^[],3^[])),r1_tarski(k1_tarski(2^[]),k2_tarski(2^[],3^[]))]]),ext([- #,[#,k2_xboole_0(k1_tarski(2^[]),k2_tarski(2^[],3^[]))=k2_tarski(2^[],3^[])]]-[- #,[#,k2_xboole_0(k1_tarski(2^[]),k2_tarski(2^[],3^[]))=k2_tarski(2^[],3^[])]]),init(-# - -#)],0)state([2^[]=2^[]],[r2_hidden(2^[],k2_tarski(2^[],3^[])),r1_tarski(k1_tarski(2^[]),k2_tarski(2^[],3^[])),k2_xboole_0(k1_tarski(2^[]),k2_tarski(2^[],3^[]))=k2_tarski(2^[],3^[]),- #],[k2_tarski(2^[],3^[])=k2_tarski(2^[],3^[])],[ext(- (_1924096=_1924098),[_1924108=k2_tarski(_1924098,_1924116),r2_hidden(_1924096,_1924108),- (_1924096=_1924116)],n),ext(- (_1924032=_1924034),[_1924044=k2_tarski(_1924050,_1924034),r2_hidden(_1924032,_1924044),- (_1924032=_1924050)],n),ext(- (_1924014=_1924014),[],n),ext(- (_1923984=_1923986),[_1923986=_1923984],n),ext(- (_1923942=_1923944),[_1923942=_1923956,_1923956=_1923944],n)],[],[ext([k2_tarski(2^[],3^[])=k2_tarski(_1923880,_1923882),[- (_1923902=_1923902)]]-[k2_tarski(2^[],3^[])=k2_tarski(2^[],3^[]),[- (k2_tarski(2^[],3^[])=k2_tarski(2^[],3^[]))]]),ext([r2_hidden(2^[],k2_tarski(2^[],3^[])),[-r2_hidden(_1923658,_1923660),_1923660=k2_tarski(_1923676,_1923678),_1923658=_1923676]]-[r2_hidden(2^[],k2_tarski(2^[],3^[])),[-r2_hidden(2^[],k2_tarski(2^[],3^[])),k2_tarski(2^[],3^[])=k2_tarski(2^[],3^[]),2^[]=2^[]]]),ext([r1_tarski(k1_tarski(2^[]),k2_tarski(2^[],3^[])),[-r1_tarski(k1_tarski(_1923756),_1923752),r2_hidden(_1923756,_1923752)]]-[r1_tarski(k1_tarski(2^[]),k2_tarski(2^[],3^[])),[-r1_tarski(k1_tarski(2^[]),k2_tarski(2^[],3^[])),r2_hidden(2^[],k2_tarski(2^[],3^[]))]]),ext([k2_xboole_0(k1_tarski(2^[]),k2_tarski(2^[],3^[]))=k2_tarski(2^[],3^[]),[- (k2_xboole_0(_1923816,_1923818)=_1923818),r1_tarski(_1923816,_1923818)]]-[k2_xboole_0(k1_tarski(2^[]),k2_tarski(2^[],3^[]))=k2_tarski(2^[],3^[]),[- (k2_xboole_0(k1_tarski(2^[]),k2_tarski(2^[],3^[]))=k2_tarski(2^[],3^[])),r1_tarski(k1_tarski(2^[]),k2_tarski(2^[],3^[]))]]),ext([- #,[#,k2_xboole_0(k1_tarski(2^[]),k2_tarski(2^[],3^[]))=k2_tarski(2^[],3^[])]]-[- #,[#,k2_xboole_0(k1_tarski(2^[]),k2_tarski(2^[],3^[]))=k2_tarski(2^[],3^[])]]),init(-# - -#)],0)state([2^[]=2^[]],[r2_hidden(2^[],k2_tarski(2^[],3^[])),r1_tarski(k1_tarski(2^[]),k2_tarski(2^[],3^[])),k2_xboole_0(k1_tarski(2^[]),k2_tarski(2^[],3^[]))=k2_tarski(2^[],3^[]),- #],[k2_tarski(2^[],3^[])=k2_tarski(2^[],3^[])],[ext(- (_1924096=_1924098),[_1924108=k2_tarski(_1924098,_1924116),r2_hidden(_1924096,_1924108),- (_1924096=_1924116)],n),ext(- (_1924032=_1924034),[_1924044=k2_tarski(_1924050,_1924034),r2_hidden(_1924032,_1924044),- (_1924032=_1924050)],n),ext(- (_1924014=_1924014),[],n),ext(- (_1923984=_1923986),[_1923986=_1923984],n),ext(- (_1923942=_1923944),[_1923942=_1923956,_1923956=_1923944],n)],[],[ext([k2_tarski(2^[],3^[])=k2_tarski(_1923880,_1923882),[- (_1923902=_1923902)]]-[k2_tarski(2^[],3^[])=k2_tarski(2^[],3^[]),[- (k2_tarski(2^[],3^[])=k2_tarski(2^[],3^[]))]]),ext([r2_hidden(2^[],k2_tarski(2^[],3^[])),[-r2_hidden(_1923658,_1923660),_1923660=k2_tarski(_1923676,_1923678),_1923658=_1923676]]-[r2_hidden(2^[],k2_tarski(2^[],3^[])),[-r2_hidden(2^[],k2_tarski(2^[],3^[])),k2_tarski(2^[],3^[])=k2_tarski(2^[],3^[]),2^[]=2^[]]]),ext([r1_tarski(k1_tarski(2^[]),k2_tarski(2^[],3^[])),[-r1_tarski(k1_tarski(_1923756),_1923752),r2_hidden(_1923756,_1923752)]]-[r1_tarski(k1_tarski(2^[]),k2_tarski(2^[],3^[])),[-r1_tarski(k1_tarski(2^[]),k2_tarski(2^[],3^[])),r2_hidden(2^[],k2_tarski(2^[],3^[]))]]),ext([k2_xboole_0(k1_tarski(2^[]),k2_tarski(2^[],3^[]))=k2_tarski(2^[],3^[]),[- (k2_xboole_0(_1923816,_1923818)=_1923818),r1_tarski(_1923816,_1923818)]]-[k2_xboole_0(k1_tarski(2^[]),k2_tarski(2^[],3^[]))=k2_tarski(2^[],3^[]),[- (k2_xboole_0(k1_tarski(2^[]),k2_tarski(2^[],3^[]))=k2_tarski(2^[],3^[])),r1_tarski(k1_tarski(2^[]),k2_tarski(2^[],3^[]))]]),ext([- #,[#,k2_xboole_0(k1_tarski(2^[]),k2_tarski(2^[],3^[]))=k2_tarski(2^[],3^[])]]-[- #,[#,k2_xboole_0(k1_tarski(2^[]),k2_tarski(2^[],3^[]))=k2_tarski(2^[],3^[])]]),init(-# - -#)],0)state([k2_tarski(2^[],3^[])=k2_tarski(_6402,_6404),2^[]=_6402],[r2_hidden(2^[],k2_tarski(2^[],3^[])),r1_tarski(k1_tarski(2^[]),k2_tarski(2^[],3^[])),k2_xboole_0(k1_tarski(2^[]),k2_tarski(2^[],3^[]))=k2_tarski(2^[],3^[]),- #],[],[ext(- (_7212=_7214),[_7224=k2_tarski(_7214,_7232),r2_hidden(_7212,_7224),- (_7212=_7232)],n),ext(- (_7148=_7150),[_7160=k2_tarski(_7166,_7150),r2_hidden(_7148,_7160),- (_7148=_7166)],n),ext(- (_7052=k2_tarski(_7058,_7060)),[r2_hidden(1^[_7052,_7060,_7058],_7052),1^[_7052,_7060,_7058]=_7058],n),ext(- (_6956=k2_tarski(_6962,_6964)),[r2_hidden(1^[_6956,_6964,_6962],_6956),1^[_6956,_6964,_6962]=_6964],n),ext(- (_6812=k2_tarski(_6818,_6820)),[-r2_hidden(1^[_6812,_6820,_6818],_6812),- (1^[_6812,_6820,_6818]=_6818),- (1^[_6812,_6820,_6818]=_6820)],n),ext(- (k2_tarski(_6764,_6766)=k2_tarski(_6770,_6772)),[_6764=_6770,_6766=_6772],n),ext(- (_6740=_6740),[],n),ext(- (_6710=_6712),[_6712=_6710],n),ext(- (_6668=_6670),[_6668=_6682,_6682=_6670],n),para([1,0],1^[_7744,_7750,_7718],_7718,[- (_7744=k2_tarski(_7718,_7750)),-r2_hidden(1^[_7744,_7750,_7718],_7744),- (1^[_7744,_7750,_7718]=_7750)],l2r),para([1,1],1^[_7594,_7600,_7568],_7568,[- (_7594=k2_tarski(_7568,_7600)),-r2_hidden(1^[_7594,_7600,_7568],_7594),- (1^[_7594,_7600,_7568]=_7600)],l2r),para([1,0],1^[_7444,_7418,_7456],_7418,[- (_7444=k2_tarski(_7456,_7418)),-r2_hidden(1^[_7444,_7418,_7456],_7444),- (1^[_7444,_7418,_7456]=_7456)],l2r),para([1,1],1^[_7294,_7268,_7306],_7268,[- (_7294=k2_tarski(_7306,_7268)),-r2_hidden(1^[_7294,_7268,_7306],_7294),- (1^[_7294,_7268,_7306]=_7306)],l2r)],[],[ext([r2_hidden(2^[],k2_tarski(2^[],3^[])),[-r2_hidden(_6598,_6600),_6600=k2_tarski(_6616,_6618),_6598=_6616]]-[r2_hidden(2^[],k2_tarski(2^[],3^[])),[-r2_hidden(2^[],k2_tarski(2^[],3^[])),k2_tarski(2^[],3^[])=k2_tarski(_6402,_6404),2^[]=_6402]]),ext([r1_tarski(k1_tarski(2^[]),k2_tarski(2^[],3^[])),[-r1_tarski(k1_tarski(_6464),_6460),r2_hidden(_6464,_6460)]]-[r1_tarski(k1_tarski(2^[]),k2_tarski(2^[],3^[])),[-r1_tarski(k1_tarski(2^[]),k2_tarski(2^[],3^[])),r2_hidden(2^[],k2_tarski(2^[],3^[]))]]),ext([k2_xboole_0(k1_tarski(2^[]),k2_tarski(2^[],3^[]))=k2_tarski(2^[],3^[]),[- (k2_xboole_0(_6524,_6526)=_6526),r1_tarski(_6524,_6526)]]-[k2_xboole_0(k1_tarski(2^[]),k2_tarski(2^[],3^[]))=k2_tarski(2^[],3^[]),[- (k2_xboole_0(k1_tarski(2^[]),k2_tarski(2^[],3^[]))=k2_tarski(2^[],3^[])),r1_tarski(k1_tarski(2^[]),k2_tarski(2^[],3^[]))]]),ext([- #,[#,k2_xboole_0(k1_tarski(2^[]),k2_tarski(2^[],3^[]))=k2_tarski(2^[],3^[])]]-[- #,[#,k2_xboole_0(k1_tarski(2^[]),k2_tarski(2^[],3^[]))=k2_tarski(2^[],3^[])]]),init(-# - -#)],0)state([k2_tarski(2^[],3^[])=k2_tarski(_6402,_6404),2^[]=_6402],[r2_hidden(2^[],k2_tarski(2^[],3^[])),r1_tarski(k1_tarski(2^[]),k2_tarski(2^[],3^[])),k2_xboole_0(k1_tarski(2^[]),k2_tarski(2^[],3^[]))=k2_tarski(2^[],3^[]),- #],[],[ext(- (_7212=_7214),[_7224=k2_tarski(_7214,_7232),r2_hidden(_7212,_7224),- (_7212=_7232)],n),ext(- (_7148=_7150),[_7160=k2_tarski(_7166,_7150),r2_hidden(_7148,_7160),- (_7148=_7166)],n),ext(- (_7052=k2_tarski(_7058,_7060)),[r2_hidden(1^[_7052,_7060,_7058],_7052),1^[_7052,_7060,_7058]=_7058],n),ext(- (_6956=k2_tarski(_6962,_6964)),[r2_hidden(1^[_6956,_6964,_6962],_6956),1^[_6956,_6964,_6962]=_6964],n),ext(- (_6812=k2_tarski(_6818,_6820)),[-r2_hidden(1^[_6812,_6820,_6818],_6812),- (1^[_6812,_6820,_6818]=_6818),- (1^[_6812,_6820,_6818]=_6820)],n),ext(- (k2_tarski(_6764,_6766)=k2_tarski(_6770,_6772)),[_6764=_6770,_6766=_6772],n),ext(- (_6740=_6740),[],n),ext(- (_6710=_6712),[_6712=_6710],n),ext(- (_6668=_6670),[_6668=_6682,_6682=_6670],n),para([1,0],1^[_7744,_7750,_7718],_7718,[- (_7744=k2_tarski(_7718,_7750)),-r2_hidden(1^[_7744,_7750,_7718],_7744),- (1^[_7744,_7750,_7718]=_7750)],l2r),para([1,1],1^[_7594,_7600,_7568],_7568,[- (_7594=k2_tarski(_7568,_7600)),-r2_hidden(1^[_7594,_7600,_7568],_7594),- (1^[_7594,_7600,_7568]=_7600)],l2r),para([1,0],1^[_7444,_7418,_7456],_7418,[- (_7444=k2_tarski(_7456,_7418)),-r2_hidden(1^[_7444,_7418,_7456],_7444),- (1^[_7444,_7418,_7456]=_7456)],l2r),para([1,1],1^[_7294,_7268,_7306],_7268,[- (_7294=k2_tarski(_7306,_7268)),-r2_hidden(1^[_7294,_7268,_7306],_7294),- (1^[_7294,_7268,_7306]=_7306)],l2r)],[],[ext([r2_hidden(2^[],k2_tarski(2^[],3^[])),[-r2_hidden(_6598,_6600),_6600=k2_tarski(_6616,_6618),_6598=_6616]]-[r2_hidden(2^[],k2_tarski(2^[],3^[])),[-r2_hidden(2^[],k2_tarski(2^[],3^[])),k2_tarski(2^[],3^[])=k2_tarski(_6402,_6404),2^[]=_6402]]),ext([r1_tarski(k1_tarski(2^[]),k2_tarski(2^[],3^[])),[-r1_tarski(k1_tarski(_6464),_6460),r2_hidden(_6464,_6460)]]-[r1_tarski(k1_tarski(2^[]),k2_tarski(2^[],3^[])),[-r1_tarski(k1_tarski(2^[]),k2_tarski(2^[],3^[])),r2_hidden(2^[],k2_tarski(2^[],3^[]))]]),ext([k2_xboole_0(k1_tarski(2^[]),k2_tarski(2^[],3^[]))=k2_tarski(2^[],3^[]),[- (k2_xboole_0(_6524,_6526)=_6526),r1_tarski(_6524,_6526)]]-[k2_xboole_0(k1_tarski(2^[]),k2_tarski(2^[],3^[]))=k2_tarski(2^[],3^[]),[- (k2_xboole_0(k1_tarski(2^[]),k2_tarski(2^[],3^[]))=k2_tarski(2^[],3^[])),r1_tarski(k1_tarski(2^[]),k2_tarski(2^[],3^[]))]]),ext([- #,[#,k2_xboole_0(k1_tarski(2^[]),k2_tarski(2^[],3^[]))=k2_tarski(2^[],3^[])]]-[- #,[#,k2_xboole_0(k1_tarski(2^[]),k2_tarski(2^[],3^[]))=k2_tarski(2^[],3^[])]]),init(-# - -#)],0)state([k2_tarski(2^[],3^[])=k2_tarski(_6402,_6404),2^[]=_6402],[r2_hidden(2^[],k2_tarski(2^[],3^[])),r1_tarski(k1_tarski(2^[]),k2_tarski(2^[],3^[])),k2_xboole_0(k1_tarski(2^[]),k2_tarski(2^[],3^[]))=k2_tarski(2^[],3^[]),- #],[],[ext(- (_7212=_7214),[_7224=k2_tarski(_7214,_7232),r2_hidden(_7212,_7224),- (_7212=_7232)],n),ext(- (_7148=_7150),[_7160=k2_tarski(_7166,_7150),r2_hidden(_7148,_7160),- (_7148=_7166)],n),ext(- (_7052=k2_tarski(_7058,_7060)),[r2_hidden(1^[_7052,_7060,_7058],_7052),1^[_7052,_7060,_7058]=_7058],n),ext(- (_6956=k2_tarski(_6962,_6964)),[r2_hidden(1^[_6956,_6964,_6962],_6956),1^[_6956,_6964,_6962]=_6964],n),ext(- (_6812=k2_tarski(_6818,_6820)),[-r2_hidden(1^[_6812,_6820,_6818],_6812),- (1^[_6812,_6820,_6818]=_6818),- (1^[_6812,_6820,_6818]=_6820)],n),ext(- (k2_tarski(_6764,_6766)=k2_tarski(_6770,_6772)),[_6764=_6770,_6766=_6772],n),ext(- (_6740=_6740),[],n),ext(- (_6710=_6712),[_6712=_6710],n),ext(- (_6668=_6670),[_6668=_6682,_6682=_6670],n),para([1,0],1^[_7744,_7750,_7718],_7718,[- (_7744=k2_tarski(_7718,_7750)),-r2_hidden(1^[_7744,_7750,_7718],_7744),- (1^[_7744,_7750,_7718]=_7750)],l2r),para([1,1],1^[_7594,_7600,_7568],_7568,[- (_7594=k2_tarski(_7568,_7600)),-r2_hidden(1^[_7594,_7600,_7568],_7594),- (1^[_7594,_7600,_7568]=_7600)],l2r),para([1,0],1^[_7444,_7418,_7456],_7418,[- (_7444=k2_tarski(_7456,_7418)),-r2_hidden(1^[_7444,_7418,_7456],_7444),- (1^[_7444,_7418,_7456]=_7456)],l2r),para([1,1],1^[_7294,_7268,_7306],_7268,[- (_7294=k2_tarski(_7306,_7268)),-r2_hidden(1^[_7294,_7268,_7306],_7294),- (1^[_7294,_7268,_7306]=_7306)],l2r)],[],[ext([r2_hidden(2^[],k2_tarski(2^[],3^[])),[-r2_hidden(_6598,_6600),_6600=k2_tarski(_6616,_6618),_6598=_6616]]-[r2_hidden(2^[],k2_tarski(2^[],3^[])),[-r2_hidden(2^[],k2_tarski(2^[],3^[])),k2_tarski(2^[],3^[])=k2_tarski(_6402,_6404),2^[]=_6402]]),ext([r1_tarski(k1_tarski(2^[]),k2_tarski(2^[],3^[])),[-r1_tarski(k1_tarski(_6464),_6460),r2_hidden(_6464,_6460)]]-[r1_tarski(k1_tarski(2^[]),k2_tarski(2^[],3^[])),[-r1_tarski(k1_tarski(2^[]),k2_tarski(2^[],3^[])),r2_hidden(2^[],k2_tarski(2^[],3^[]))]]),ext([k2_xboole_0(k1_tarski(2^[]),k2_tarski(2^[],3^[]))=k2_tarski(2^[],3^[]),[- (k2_xboole_0(_6524,_6526)=_6526),r1_tarski(_6524,_6526)]]-[k2_xboole_0(k1_tarski(2^[]),k2_tarski(2^[],3^[]))=k2_tarski(2^[],3^[]),[- (k2_xboole_0(k1_tarski(2^[]),k2_tarski(2^[],3^[]))=k2_tarski(2^[],3^[])),r1_tarski(k1_tarski(2^[]),k2_tarski(2^[],3^[]))]]),ext([- #,[#,k2_xboole_0(k1_tarski(2^[]),k2_tarski(2^[],3^[]))=k2_tarski(2^[],3^[])]]-[- #,[#,k2_xboole_0(k1_tarski(2^[]),k2_tarski(2^[],3^[]))=k2_tarski(2^[],3^[])]]),init(-# - -#)],0)state([k2_tarski(2^[],3^[])=k2_tarski(_6402,_6404),2^[]=_6402],[r2_hidden(2^[],k2_tarski(2^[],3^[])),r1_tarski(k1_tarski(2^[]),k2_tarski(2^[],3^[])),k2_xboole_0(k1_tarski(2^[]),k2_tarski(2^[],3^[]))=k2_tarski(2^[],3^[]),- #],[],[ext(- (_7212=_7214),[_7224=k2_tarski(_7214,_7232),r2_hidden(_7212,_7224),- (_7212=_7232)],n),ext(- (_7148=_7150),[_7160=k2_tarski(_7166,_7150),r2_hidden(_7148,_7160),- (_7148=_7166)],n),ext(- (_7052=k2_tarski(_7058,_7060)),[r2_hidden(1^[_7052,_7060,_7058],_7052),1^[_7052,_7060,_7058]=_7058],n),ext(- (_6956=k2_tarski(_6962,_6964)),[r2_hidden(1^[_6956,_6964,_6962],_6956),1^[_6956,_6964,_6962]=_6964],n),ext(- (_6812=k2_tarski(_6818,_6820)),[-r2_hidden(1^[_6812,_6820,_6818],_6812),- (1^[_6812,_6820,_6818]=_6818),- (1^[_6812,_6820,_6818]=_6820)],n),ext(- (k2_tarski(_6764,_6766)=k2_tarski(_6770,_6772)),[_6764=_6770,_6766=_6772],n),ext(- (_6740=_6740),[],n),ext(- (_6710=_6712),[_6712=_6710],n),ext(- (_6668=_6670),[_6668=_6682,_6682=_6670],n),para([1,0],1^[_7744,_7750,_7718],_7718,[- (_7744=k2_tarski(_7718,_7750)),-r2_hidden(1^[_7744,_7750,_7718],_7744),- (1^[_7744,_7750,_7718]=_7750)],l2r),para([1,1],1^[_7594,_7600,_7568],_7568,[- (_7594=k2_tarski(_7568,_7600)),-r2_hidden(1^[_7594,_7600,_7568],_7594),- (1^[_7594,_7600,_7568]=_7600)],l2r),para([1,0],1^[_7444,_7418,_7456],_7418,[- (_7444=k2_tarski(_7456,_7418)),-r2_hidden(1^[_7444,_7418,_7456],_7444),- (1^[_7444,_7418,_7456]=_7456)],l2r),para([1,1],1^[_7294,_7268,_7306],_7268,[- (_7294=k2_tarski(_7306,_7268)),-r2_hidden(1^[_7294,_7268,_7306],_7294),- (1^[_7294,_7268,_7306]=_7306)],l2r)],[],[ext([r2_hidden(2^[],k2_tarski(2^[],3^[])),[-r2_hidden(_6598,_6600),_6600=k2_tarski(_6616,_6618),_6598=_6616]]-[r2_hidden(2^[],k2_tarski(2^[],3^[])),[-r2_hidden(2^[],k2_tarski(2^[],3^[])),k2_tarski(2^[],3^[])=k2_tarski(_6402,_6404),2^[]=_6402]]),ext([r1_tarski(k1_tarski(2^[]),k2_tarski(2^[],3^[])),[-r1_tarski(k1_tarski(_6464),_6460),r2_hidden(_6464,_6460)]]-[r1_tarski(k1_tarski(2^[]),k2_tarski(2^[],3^[])),[-r1_tarski(k1_tarski(2^[]),k2_tarski(2^[],3^[])),r2_hidden(2^[],k2_tarski(2^[],3^[]))]]),ext([k2_xboole_0(k1_tarski(2^[]),k2_tarski(2^[],3^[]))=k2_tarski(2^[],3^[]),[- (k2_xboole_0(_6524,_6526)=_6526),r1_tarski(_6524,_6526)]]-[k2_xboole_0(k1_tarski(2^[]),k2_tarski(2^[],3^[]))=k2_tarski(2^[],3^[]),[- (k2_xboole_0(k1_tarski(2^[]),k2_tarski(2^[],3^[]))=k2_tarski(2^[],3^[])),r1_tarski(k1_tarski(2^[]),k2_tarski(2^[],3^[]))]]),ext([- #,[#,k2_xboole_0(k1_tarski(2^[]),k2_tarski(2^[],3^[]))=k2_tarski(2^[],3^[])]]-[- #,[#,k2_xboole_0(k1_tarski(2^[]),k2_tarski(2^[],3^[]))=k2_tarski(2^[],3^[])]]),init(-# - -#)],0)state([k2_tarski(2^[],3^[])=k2_tarski(_6402,_6404),2^[]=_6402],[r2_hidden(2^[],k2_tarski(2^[],3^[])),r1_tarski(k1_tarski(2^[]),k2_tarski(2^[],3^[])),k2_xboole_0(k1_tarski(2^[]),k2_tarski(2^[],3^[]))=k2_tarski(2^[],3^[]),- #],[],[ext(- (_7212=_7214),[_7224=k2_tarski(_7214,_7232),r2_hidden(_7212,_7224),- (_7212=_7232)],n),ext(- (_7148=_7150),[_7160=k2_tarski(_7166,_7150),r2_hidden(_7148,_7160),- (_7148=_7166)],n),ext(- (_7052=k2_tarski(_7058,_7060)),[r2_hidden(1^[_7052,_7060,_7058],_7052),1^[_7052,_7060,_7058]=_7058],n),ext(- (_6956=k2_tarski(_6962,_6964)),[r2_hidden(1^[_6956,_6964,_6962],_6956),1^[_6956,_6964,_6962]=_6964],n),ext(- (_6812=k2_tarski(_6818,_6820)),[-r2_hidden(1^[_6812,_6820,_6818],_6812),- (1^[_6812,_6820,_6818]=_6818),- (1^[_6812,_6820,_6818]=_6820)],n),ext(- (k2_tarski(_6764,_6766)=k2_tarski(_6770,_6772)),[_6764=_6770,_6766=_6772],n),ext(- (_6740=_6740),[],n),ext(- (_6710=_6712),[_6712=_6710],n),ext(- (_6668=_6670),[_6668=_6682,_6682=_6670],n),para([1,0],1^[_7744,_7750,_7718],_7718,[- (_7744=k2_tarski(_7718,_7750)),-r2_hidden(1^[_7744,_7750,_7718],_7744),- (1^[_7744,_7750,_7718]=_7750)],l2r),para([1,1],1^[_7594,_7600,_7568],_7568,[- (_7594=k2_tarski(_7568,_7600)),-r2_hidden(1^[_7594,_7600,_7568],_7594),- (1^[_7594,_7600,_7568]=_7600)],l2r),para([1,0],1^[_7444,_7418,_7456],_7418,[- (_7444=k2_tarski(_7456,_7418)),-r2_hidden(1^[_7444,_7418,_7456],_7444),- (1^[_7444,_7418,_7456]=_7456)],l2r),para([1,1],1^[_7294,_7268,_7306],_7268,[- (_7294=k2_tarski(_7306,_7268)),-r2_hidden(1^[_7294,_7268,_7306],_7294),- (1^[_7294,_7268,_7306]=_7306)],l2r)],[],[ext([r2_hidden(2^[],k2_tarski(2^[],3^[])),[-r2_hidden(_6598,_6600),_6600=k2_tarski(_6616,_6618),_6598=_6616]]-[r2_hidden(2^[],k2_tarski(2^[],3^[])),[-r2_hidden(2^[],k2_tarski(2^[],3^[])),k2_tarski(2^[],3^[])=k2_tarski(_6402,_6404),2^[]=_6402]]),ext([r1_tarski(k1_tarski(2^[]),k2_tarski(2^[],3^[])),[-r1_tarski(k1_tarski(_6464),_6460),r2_hidden(_6464,_6460)]]-[r1_tarski(k1_tarski(2^[]),k2_tarski(2^[],3^[])),[-r1_tarski(k1_tarski(2^[]),k2_tarski(2^[],3^[])),r2_hidden(2^[],k2_tarski(2^[],3^[]))]]),ext([k2_xboole_0(k1_tarski(2^[]),k2_tarski(2^[],3^[]))=k2_tarski(2^[],3^[]),[- (k2_xboole_0(_6524,_6526)=_6526),r1_tarski(_6524,_6526)]]-[k2_xboole_0(k1_tarski(2^[]),k2_tarski(2^[],3^[]))=k2_tarski(2^[],3^[]),[- (k2_xboole_0(k1_tarski(2^[]),k2_tarski(2^[],3^[]))=k2_tarski(2^[],3^[])),r1_tarski(k1_tarski(2^[]),k2_tarski(2^[],3^[]))]]),ext([- #,[#,k2_xboole_0(k1_tarski(2^[]),k2_tarski(2^[],3^[]))=k2_tarski(2^[],3^[])]]-[- #,[#,k2_xboole_0(k1_tarski(2^[]),k2_tarski(2^[],3^[]))=k2_tarski(2^[],3^[])]]),init(-# - -#)],0)state([k2_tarski(2^[],3^[])=k2_tarski(_6402,_6404),2^[]=_6402],[r2_hidden(2^[],k2_tarski(2^[],3^[])),r1_tarski(k1_tarski(2^[]),k2_tarski(2^[],3^[])),k2_xboole_0(k1_tarski(2^[]),k2_tarski(2^[],3^[]))=k2_tarski(2^[],3^[]),- #],[],[ext(- (_7212=_7214),[_7224=k2_tarski(_7214,_7232),r2_hidden(_7212,_7224),- (_7212=_7232)],n),ext(- (_7148=_7150),[_7160=k2_tarski(_7166,_7150),r2_hidden(_7148,_7160),- (_7148=_7166)],n),ext(- (_7052=k2_tarski(_7058,_7060)),[r2_hidden(1^[_7052,_7060,_7058],_7052),1^[_7052,_7060,_7058]=_7058],n),ext(- (_6956=k2_tarski(_6962,_6964)),[r2_hidden(1^[_6956,_6964,_6962],_6956),1^[_6956,_6964,_6962]=_6964],n),ext(- (_6812=k2_tarski(_6818,_6820)),[-r2_hidden(1^[_6812,_6820,_6818],_6812),- (1^[_6812,_6820,_6818]=_6818),- (1^[_6812,_6820,_6818]=_6820)],n),ext(- (k2_tarski(_6764,_6766)=k2_tarski(_6770,_6772)),[_6764=_6770,_6766=_6772],n),ext(- (_6740=_6740),[],n),ext(- (_6710=_6712),[_6712=_6710],n),ext(- (_6668=_6670),[_6668=_6682,_6682=_6670],n),para([1,0],1^[_7744,_7750,_7718],_7718,[- (_7744=k2_tarski(_7718,_7750)),-r2_hidden(1^[_7744,_7750,_7718],_7744),- (1^[_7744,_7750,_7718]=_7750)],l2r),para([1,1],1^[_7594,_7600,_7568],_7568,[- (_7594=k2_tarski(_7568,_7600)),-r2_hidden(1^[_7594,_7600,_7568],_7594),- (1^[_7594,_7600,_7568]=_7600)],l2r),para([1,0],1^[_7444,_7418,_7456],_7418,[- (_7444=k2_tarski(_7456,_7418)),-r2_hidden(1^[_7444,_7418,_7456],_7444),- (1^[_7444,_7418,_7456]=_7456)],l2r),para([1,1],1^[_7294,_7268,_7306],_7268,[- (_7294=k2_tarski(_7306,_7268)),-r2_hidden(1^[_7294,_7268,_7306],_7294),- (1^[_7294,_7268,_7306]=_7306)],l2r)],[],[ext([r2_hidden(2^[],k2_tarski(2^[],3^[])),[-r2_hidden(_6598,_6600),_6600=k2_tarski(_6616,_6618),_6598=_6616]]-[r2_hidden(2^[],k2_tarski(2^[],3^[])),[-r2_hidden(2^[],k2_tarski(2^[],3^[])),k2_tarski(2^[],3^[])=k2_tarski(_6402,_6404),2^[]=_6402]]),ext([r1_tarski(k1_tarski(2^[]),k2_tarski(2^[],3^[])),[-r1_tarski(k1_tarski(_6464),_6460),r2_hidden(_6464,_6460)]]-[r1_tarski(k1_tarski(2^[]),k2_tarski(2^[],3^[])),[-r1_tarski(k1_tarski(2^[]),k2_tarski(2^[],3^[])),r2_hidden(2^[],k2_tarski(2^[],3^[]))]]),ext([k2_xboole_0(k1_tarski(2^[]),k2_tarski(2^[],3^[]))=k2_tarski(2^[],3^[]),[- (k2_xboole_0(_6524,_6526)=_6526),r1_tarski(_6524,_6526)]]-[k2_xboole_0(k1_tarski(2^[]),k2_tarski(2^[],3^[]))=k2_tarski(2^[],3^[]),[- (k2_xboole_0(k1_tarski(2^[]),k2_tarski(2^[],3^[]))=k2_tarski(2^[],3^[])),r1_tarski(k1_tarski(2^[]),k2_tarski(2^[],3^[]))]]),ext([- #,[#,k2_xboole_0(k1_tarski(2^[]),k2_tarski(2^[],3^[]))=k2_tarski(2^[],3^[])]]-[- #,[#,k2_xboole_0(k1_tarski(2^[]),k2_tarski(2^[],3^[]))=k2_tarski(2^[],3^[])]]),init(-# - -#)],0)state([k2_tarski(2^[],3^[])=k2_tarski(_6402,_6404),2^[]=_6402],[r2_hidden(2^[],k2_tarski(2^[],3^[])),r1_tarski(k1_tarski(2^[]),k2_tarski(2^[],3^[])),k2_xboole_0(k1_tarski(2^[]),k2_tarski(2^[],3^[]))=k2_tarski(2^[],3^[]),- #],[],[ext(- (_7212=_7214),[_7224=k2_tarski(_7214,_7232),r2_hidden(_7212,_7224),- (_7212=_7232)],n),ext(- (_7148=_7150),[_7160=k2_tarski(_7166,_7150),r2_hidden(_7148,_7160),- (_7148=_7166)],n),ext(- (_7052=k2_tarski(_7058,_7060)),[r2_hidden(1^[_7052,_7060,_7058],_7052),1^[_7052,_7060,_7058]=_7058],n),ext(- (_6956=k2_tarski(_6962,_6964)),[r2_hidden(1^[_6956,_6964,_6962],_6956),1^[_6956,_6964,_6962]=_6964],n),ext(- (_6812=k2_tarski(_6818,_6820)),[-r2_hidden(1^[_6812,_6820,_6818],_6812),- (1^[_6812,_6820,_6818]=_6818),- (1^[_6812,_6820,_6818]=_6820)],n),ext(- (k2_tarski(_6764,_6766)=k2_tarski(_6770,_6772)),[_6764=_6770,_6766=_6772],n),ext(- (_6740=_6740),[],n),ext(- (_6710=_6712),[_6712=_6710],n),ext(- (_6668=_6670),[_6668=_6682,_6682=_6670],n),para([1,0],1^[_7744,_7750,_7718],_7718,[- (_7744=k2_tarski(_7718,_7750)),-r2_hidden(1^[_7744,_7750,_7718],_7744),- (1^[_7744,_7750,_7718]=_7750)],l2r),para([1,1],1^[_7594,_7600,_7568],_7568,[- (_7594=k2_tarski(_7568,_7600)),-r2_hidden(1^[_7594,_7600,_7568],_7594),- (1^[_7594,_7600,_7568]=_7600)],l2r),para([1,0],1^[_7444,_7418,_7456],_7418,[- (_7444=k2_tarski(_7456,_7418)),-r2_hidden(1^[_7444,_7418,_7456],_7444),- (1^[_7444,_7418,_7456]=_7456)],l2r),para([1,1],1^[_7294,_7268,_7306],_7268,[- (_7294=k2_tarski(_7306,_7268)),-r2_hidden(1^[_7294,_7268,_7306],_7294),- (1^[_7294,_7268,_7306]=_7306)],l2r)],[],[ext([r2_hidden(2^[],k2_tarski(2^[],3^[])),[-r2_hidden(_6598,_6600),_6600=k2_tarski(_6616,_6618),_6598=_6616]]-[r2_hidden(2^[],k2_tarski(2^[],3^[])),[-r2_hidden(2^[],k2_tarski(2^[],3^[])),k2_tarski(2^[],3^[])=k2_tarski(_6402,_6404),2^[]=_6402]]),ext([r1_tarski(k1_tarski(2^[]),k2_tarski(2^[],3^[])),[-r1_tarski(k1_tarski(_6464),_6460),r2_hidden(_6464,_6460)]]-[r1_tarski(k1_tarski(2^[]),k2_tarski(2^[],3^[])),[-r1_tarski(k1_tarski(2^[]),k2_tarski(2^[],3^[])),r2_hidden(2^[],k2_tarski(2^[],3^[]))]]),ext([k2_xboole_0(k1_tarski(2^[]),k2_tarski(2^[],3^[]))=k2_tarski(2^[],3^[]),[- (k2_xboole_0(_6524,_6526)=_6526),r1_tarski(_6524,_6526)]]-[k2_xboole_0(k1_tarski(2^[]),k2_tarski(2^[],3^[]))=k2_tarski(2^[],3^[]),[- (k2_xboole_0(k1_tarski(2^[]),k2_tarski(2^[],3^[]))=k2_tarski(2^[],3^[])),r1_tarski(k1_tarski(2^[]),k2_tarski(2^[],3^[]))]]),ext([- #,[#,k2_xboole_0(k1_tarski(2^[]),k2_tarski(2^[],3^[]))=k2_tarski(2^[],3^[])]]-[- #,[#,k2_xboole_0(k1_tarski(2^[]),k2_tarski(2^[],3^[]))=k2_tarski(2^[],3^[])]]),init(-# - -#)],0)state([r2_hidden(2^[],k2_tarski(2^[],3^[]))],[r1_tarski(k1_tarski(2^[]),k2_tarski(2^[],3^[])),k2_xboole_0(k1_tarski(2^[]),k2_tarski(2^[],3^[]))=k2_tarski(2^[],3^[]),- #],[],[ext(-r2_hidden(_3016,_3018),[r1_tarski(k1_tarski(_3016),_3018)],n),ext(-r2_hidden(_2968,_2970),[_2970=k2_tarski(_2986,_2988),_2968=_2986],n),ext(-r2_hidden(_2920,_2922),[_2922=k2_tarski(_2938,_2940),_2920=_2940],n),ext(-r2_hidden(_2866,_2868),[r2_hidden(_2878,_2880),_2878=_2866,_2880=_2868],n)],[],[ext([r1_tarski(k1_tarski(2^[]),k2_tarski(2^[],3^[])),[-r1_tarski(k1_tarski(_2816),_2812),r2_hidden(_2816,_2812)]]-[r1_tarski(k1_tarski(2^[]),k2_tarski(2^[],3^[])),[-r1_tarski(k1_tarski(2^[]),k2_tarski(2^[],3^[])),r2_hidden(2^[],k2_tarski(2^[],3^[]))]]),ext([k2_xboole_0(k1_tarski(2^[]),k2_tarski(2^[],3^[]))=k2_tarski(2^[],3^[]),[- (k2_xboole_0(_2736,_2738)=_2738),r1_tarski(_2736,_2738)]]-[k2_xboole_0(k1_tarski(2^[]),k2_tarski(2^[],3^[]))=k2_tarski(2^[],3^[]),[- (k2_xboole_0(k1_tarski(2^[]),k2_tarski(2^[],3^[]))=k2_tarski(2^[],3^[])),r1_tarski(k1_tarski(2^[]),k2_tarski(2^[],3^[]))]]),ext([- #,[#,k2_xboole_0(k1_tarski(2^[]),k2_tarski(2^[],3^[]))=k2_tarski(2^[],3^[])]]-[- #,[#,k2_xboole_0(k1_tarski(2^[]),k2_tarski(2^[],3^[]))=k2_tarski(2^[],3^[])]]),init(-# - -#)],0)state([r2_hidden(2^[],k2_tarski(2^[],3^[]))],[r1_tarski(k1_tarski(2^[]),k2_tarski(2^[],3^[])),k2_xboole_0(k1_tarski(2^[]),k2_tarski(2^[],3^[]))=k2_tarski(2^[],3^[]),- #],[],[ext(-r2_hidden(_3016,_3018),[r1_tarski(k1_tarski(_3016),_3018)],n),ext(-r2_hidden(_2968,_2970),[_2970=k2_tarski(_2986,_2988),_2968=_2986],n),ext(-r2_hidden(_2920,_2922),[_2922=k2_tarski(_2938,_2940),_2920=_2940],n),ext(-r2_hidden(_2866,_2868),[r2_hidden(_2878,_2880),_2878=_2866,_2880=_2868],n)],[],[ext([r1_tarski(k1_tarski(2^[]),k2_tarski(2^[],3^[])),[-r1_tarski(k1_tarski(_2816),_2812),r2_hidden(_2816,_2812)]]-[r1_tarski(k1_tarski(2^[]),k2_tarski(2^[],3^[])),[-r1_tarski(k1_tarski(2^[]),k2_tarski(2^[],3^[])),r2_hidden(2^[],k2_tarski(2^[],3^[]))]]),ext([k2_xboole_0(k1_tarski(2^[]),k2_tarski(2^[],3^[]))=k2_tarski(2^[],3^[]),[- (k2_xboole_0(_2736,_2738)=_2738),r1_tarski(_2736,_2738)]]-[k2_xboole_0(k1_tarski(2^[]),k2_tarski(2^[],3^[]))=k2_tarski(2^[],3^[]),[- (k2_xboole_0(k1_tarski(2^[]),k2_tarski(2^[],3^[]))=k2_tarski(2^[],3^[])),r1_tarski(k1_tarski(2^[]),k2_tarski(2^[],3^[]))]]),ext([- #,[#,k2_xboole_0(k1_tarski(2^[]),k2_tarski(2^[],3^[]))=k2_tarski(2^[],3^[])]]-[- #,[#,k2_xboole_0(k1_tarski(2^[]),k2_tarski(2^[],3^[]))=k2_tarski(2^[],3^[])]]),init(-# - -#)],0)state([r2_hidden(2^[],k2_tarski(2^[],3^[]))],[r1_tarski(k1_tarski(2^[]),k2_tarski(2^[],3^[])),k2_xboole_0(k1_tarski(2^[]),k2_tarski(2^[],3^[]))=k2_tarski(2^[],3^[]),- #],[],[ext(-r2_hidden(_3016,_3018),[r1_tarski(k1_tarski(_3016),_3018)],n),ext(-r2_hidden(_2968,_2970),[_2970=k2_tarski(_2986,_2988),_2968=_2986],n),ext(-r2_hidden(_2920,_2922),[_2922=k2_tarski(_2938,_2940),_2920=_2940],n),ext(-r2_hidden(_2866,_2868),[r2_hidden(_2878,_2880),_2878=_2866,_2880=_2868],n)],[],[ext([r1_tarski(k1_tarski(2^[]),k2_tarski(2^[],3^[])),[-r1_tarski(k1_tarski(_2816),_2812),r2_hidden(_2816,_2812)]]-[r1_tarski(k1_tarski(2^[]),k2_tarski(2^[],3^[])),[-r1_tarski(k1_tarski(2^[]),k2_tarski(2^[],3^[])),r2_hidden(2^[],k2_tarski(2^[],3^[]))]]),ext([k2_xboole_0(k1_tarski(2^[]),k2_tarski(2^[],3^[]))=k2_tarski(2^[],3^[]),[- (k2_xboole_0(_2736,_2738)=_2738),r1_tarski(_2736,_2738)]]-[k2_xboole_0(k1_tarski(2^[]),k2_tarski(2^[],3^[]))=k2_tarski(2^[],3^[]),[- (k2_xboole_0(k1_tarski(2^[]),k2_tarski(2^[],3^[]))=k2_tarski(2^[],3^[])),r1_tarski(k1_tarski(2^[]),k2_tarski(2^[],3^[]))]]),ext([- #,[#,k2_xboole_0(k1_tarski(2^[]),k2_tarski(2^[],3^[]))=k2_tarski(2^[],3^[])]]-[- #,[#,k2_xboole_0(k1_tarski(2^[]),k2_tarski(2^[],3^[]))=k2_tarski(2^[],3^[])]]),init(-# - -#)],0)state([r2_hidden(2^[],k2_tarski(2^[],3^[]))],[r1_tarski(k1_tarski(2^[]),k2_tarski(2^[],3^[])),k2_xboole_0(k1_tarski(2^[]),k2_tarski(2^[],3^[]))=k2_tarski(2^[],3^[]),- #],[],[ext(-r2_hidden(_3016,_3018),[r1_tarski(k1_tarski(_3016),_3018)],n),ext(-r2_hidden(_2968,_2970),[_2970=k2_tarski(_2986,_2988),_2968=_2986],n),ext(-r2_hidden(_2920,_2922),[_2922=k2_tarski(_2938,_2940),_2920=_2940],n),ext(-r2_hidden(_2866,_2868),[r2_hidden(_2878,_2880),_2878=_2866,_2880=_2868],n)],[],[ext([r1_tarski(k1_tarski(2^[]),k2_tarski(2^[],3^[])),[-r1_tarski(k1_tarski(_2816),_2812),r2_hidden(_2816,_2812)]]-[r1_tarski(k1_tarski(2^[]),k2_tarski(2^[],3^[])),[-r1_tarski(k1_tarski(2^[]),k2_tarski(2^[],3^[])),r2_hidden(2^[],k2_tarski(2^[],3^[]))]]),ext([k2_xboole_0(k1_tarski(2^[]),k2_tarski(2^[],3^[]))=k2_tarski(2^[],3^[]),[- (k2_xboole_0(_2736,_2738)=_2738),r1_tarski(_2736,_2738)]]-[k2_xboole_0(k1_tarski(2^[]),k2_tarski(2^[],3^[]))=k2_tarski(2^[],3^[]),[- (k2_xboole_0(k1_tarski(2^[]),k2_tarski(2^[],3^[]))=k2_tarski(2^[],3^[])),r1_tarski(k1_tarski(2^[]),k2_tarski(2^[],3^[]))]]),ext([- #,[#,k2_xboole_0(k1_tarski(2^[]),k2_tarski(2^[],3^[]))=k2_tarski(2^[],3^[])]]-[- #,[#,k2_xboole_0(k1_tarski(2^[]),k2_tarski(2^[],3^[]))=k2_tarski(2^[],3^[])]]),init(-# - -#)],0)state([r1_tarski(k1_tarski(2^[]),k2_tarski(2^[],3^[]))],[k2_xboole_0(k1_tarski(2^[]),k2_tarski(2^[],3^[]))=k2_tarski(2^[],3^[]),- #],[],[ext(-r1_tarski(k1_tarski(_2588),_2584),[r2_hidden(_2588,_2584)],n),ext(-r1_tarski(_2528,_2530),[r1_tarski(_2540,_2542),_2540=_2528,_2542=_2530],n)],[],[ext([k2_xboole_0(k1_tarski(2^[]),k2_tarski(2^[],3^[]))=k2_tarski(2^[],3^[]),[- (k2_xboole_0(_2476,_2478)=_2478),r1_tarski(_2476,_2478)]]-[k2_xboole_0(k1_tarski(2^[]),k2_tarski(2^[],3^[]))=k2_tarski(2^[],3^[]),[- (k2_xboole_0(k1_tarski(2^[]),k2_tarski(2^[],3^[]))=k2_tarski(2^[],3^[])),r1_tarski(k1_tarski(2^[]),k2_tarski(2^[],3^[]))]]),ext([- #,[#,k2_xboole_0(k1_tarski(2^[]),k2_tarski(2^[],3^[]))=k2_tarski(2^[],3^[])]]-[- #,[#,k2_xboole_0(k1_tarski(2^[]),k2_tarski(2^[],3^[]))=k2_tarski(2^[],3^[])]]),init(-# - -#)],0)state([r1_tarski(k1_tarski(2^[]),k2_tarski(2^[],3^[]))],[k2_xboole_0(k1_tarski(2^[]),k2_tarski(2^[],3^[]))=k2_tarski(2^[],3^[]),- #],[],[ext(-r1_tarski(k1_tarski(_2588),_2584),[r2_hidden(_2588,_2584)],n),ext(-r1_tarski(_2528,_2530),[r1_tarski(_2540,_2542),_2540=_2528,_2542=_2530],n)],[],[ext([k2_xboole_0(k1_tarski(2^[]),k2_tarski(2^[],3^[]))=k2_tarski(2^[],3^[]),[- (k2_xboole_0(_2476,_2478)=_2478),r1_tarski(_2476,_2478)]]-[k2_xboole_0(k1_tarski(2^[]),k2_tarski(2^[],3^[]))=k2_tarski(2^[],3^[]),[- (k2_xboole_0(k1_tarski(2^[]),k2_tarski(2^[],3^[]))=k2_tarski(2^[],3^[])),r1_tarski(k1_tarski(2^[]),k2_tarski(2^[],3^[]))]]),ext([- #,[#,k2_xboole_0(k1_tarski(2^[]),k2_tarski(2^[],3^[]))=k2_tarski(2^[],3^[])]]-[- #,[#,k2_xboole_0(k1_tarski(2^[]),k2_tarski(2^[],3^[]))=k2_tarski(2^[],3^[])]]),init(-# - -#)],0)state([k2_xboole_0(k1_tarski(2^[]),k2_tarski(2^[],3^[]))=k2_tarski(2^[],3^[])],[- #],[],[ext(- (k2_xboole_0(_2142,_2138)=_2138),[r1_tarski(_2142,_2138)],n),ext(- (_2072=_2074),[_2084=k2_tarski(_2074,_2092),r2_hidden(_2072,_2084),- (_2072=_2092)],n),ext(- (_2008=_2010),[_2020=k2_tarski(_2026,_2010),r2_hidden(_2008,_2020),- (_2008=_2026)],n),ext(- (_1912=k2_tarski(_1918,_1920)),[r2_hidden(1^[_1912,_1920,_1918],_1912),1^[_1912,_1920,_1918]=_1918],n),ext(- (_1816=k2_tarski(_1822,_1824)),[r2_hidden(1^[_1816,_1824,_1822],_1816),1^[_1816,_1824,_1822]=_1824],n),ext(- (_1672=k2_tarski(_1678,_1680)),[-r2_hidden(1^[_1672,_1680,_1678],_1672),- (1^[_1672,_1680,_1678]=_1678),- (1^[_1672,_1680,_1678]=_1680)],n),ext(- (_1642=_1644),[_1644=_1642],n),ext(- (_1600=_1602),[_1600=_1614,_1614=_1602],n),para([0],k2_xboole_0(_2178,_2164),_2164,[r1_tarski(_2178,_2164)],l2r)],[],[ext([- #,[#,k2_xboole_0(k1_tarski(2^[]),k2_tarski(2^[],3^[]))=k2_tarski(2^[],3^[])]]-[- #,[#,k2_xboole_0(k1_tarski(2^[]),k2_tarski(2^[],3^[]))=k2_tarski(2^[],3^[])]]),init(-# - -#)],0)state([k2_xboole_0(k1_tarski(2^[]),k2_tarski(2^[],3^[]))=k2_tarski(2^[],3^[])],[- #],[],[ext(- (k2_xboole_0(_2142,_2138)=_2138),[r1_tarski(_2142,_2138)],n),ext(- (_2072=_2074),[_2084=k2_tarski(_2074,_2092),r2_hidden(_2072,_2084),- (_2072=_2092)],n),ext(- (_2008=_2010),[_2020=k2_tarski(_2026,_2010),r2_hidden(_2008,_2020),- (_2008=_2026)],n),ext(- (_1912=k2_tarski(_1918,_1920)),[r2_hidden(1^[_1912,_1920,_1918],_1912),1^[_1912,_1920,_1918]=_1918],n),ext(- (_1816=k2_tarski(_1822,_1824)),[r2_hidden(1^[_1816,_1824,_1822],_1816),1^[_1816,_1824,_1822]=_1824],n),ext(- (_1672=k2_tarski(_1678,_1680)),[-r2_hidden(1^[_1672,_1680,_1678],_1672),- (1^[_1672,_1680,_1678]=_1678),- (1^[_1672,_1680,_1678]=_1680)],n),ext(- (_1642=_1644),[_1644=_1642],n),ext(- (_1600=_1602),[_1600=_1614,_1614=_1602],n),para([0],k2_xboole_0(_2178,_2164),_2164,[r1_tarski(_2178,_2164)],l2r)],[],[ext([- #,[#,k2_xboole_0(k1_tarski(2^[]),k2_tarski(2^[],3^[]))=k2_tarski(2^[],3^[])]]-[- #,[#,k2_xboole_0(k1_tarski(2^[]),k2_tarski(2^[],3^[]))=k2_tarski(2^[],3^[])]]),init(-# - -#)],0)state([k2_xboole_0(k1_tarski(2^[]),k2_tarski(2^[],3^[]))=k2_tarski(2^[],3^[])],[- #],[],[ext(- (k2_xboole_0(_2142,_2138)=_2138),[r1_tarski(_2142,_2138)],n),ext(- (_2072=_2074),[_2084=k2_tarski(_2074,_2092),r2_hidden(_2072,_2084),- (_2072=_2092)],n),ext(- (_2008=_2010),[_2020=k2_tarski(_2026,_2010),r2_hidden(_2008,_2020),- (_2008=_2026)],n),ext(- (_1912=k2_tarski(_1918,_1920)),[r2_hidden(1^[_1912,_1920,_1918],_1912),1^[_1912,_1920,_1918]=_1918],n),ext(- (_1816=k2_tarski(_1822,_1824)),[r2_hidden(1^[_1816,_1824,_1822],_1816),1^[_1816,_1824,_1822]=_1824],n),ext(- (_1672=k2_tarski(_1678,_1680)),[-r2_hidden(1^[_1672,_1680,_1678],_1672),- (1^[_1672,_1680,_1678]=_1678),- (1^[_1672,_1680,_1678]=_1680)],n),ext(- (_1642=_1644),[_1644=_1642],n),ext(- (_1600=_1602),[_1600=_1614,_1614=_1602],n),para([0],k2_xboole_0(_2178,_2164),_2164,[r1_tarski(_2178,_2164)],l2r)],[],[ext([- #,[#,k2_xboole_0(k1_tarski(2^[]),k2_tarski(2^[],3^[]))=k2_tarski(2^[],3^[])]]-[- #,[#,k2_xboole_0(k1_tarski(2^[]),k2_tarski(2^[],3^[]))=k2_tarski(2^[],3^[])]]),init(-# - -#)],0)state([k2_xboole_0(k1_tarski(2^[]),k2_tarski(2^[],3^[]))=k2_tarski(2^[],3^[])],[- #],[],[ext(- (k2_xboole_0(_2142,_2138)=_2138),[r1_tarski(_2142,_2138)],n),ext(- (_2072=_2074),[_2084=k2_tarski(_2074,_2092),r2_hidden(_2072,_2084),- (_2072=_2092)],n),ext(- (_2008=_2010),[_2020=k2_tarski(_2026,_2010),r2_hidden(_2008,_2020),- (_2008=_2026)],n),ext(- (_1912=k2_tarski(_1918,_1920)),[r2_hidden(1^[_1912,_1920,_1918],_1912),1^[_1912,_1920,_1918]=_1918],n),ext(- (_1816=k2_tarski(_1822,_1824)),[r2_hidden(1^[_1816,_1824,_1822],_1816),1^[_1816,_1824,_1822]=_1824],n),ext(- (_1672=k2_tarski(_1678,_1680)),[-r2_hidden(1^[_1672,_1680,_1678],_1672),- (1^[_1672,_1680,_1678]=_1678),- (1^[_1672,_1680,_1678]=_1680)],n),ext(- (_1642=_1644),[_1644=_1642],n),ext(- (_1600=_1602),[_1600=_1614,_1614=_1602],n),para([0],k2_xboole_0(_2178,_2164),_2164,[r1_tarski(_2178,_2164)],l2r)],[],[ext([- #,[#,k2_xboole_0(k1_tarski(2^[]),k2_tarski(2^[],3^[]))=k2_tarski(2^[],3^[])]]-[- #,[#,k2_xboole_0(k1_tarski(2^[]),k2_tarski(2^[],3^[]))=k2_tarski(2^[],3^[])]]),init(-# - -#)],0)state([k2_xboole_0(k1_tarski(2^[]),k2_tarski(2^[],3^[]))=k2_tarski(2^[],3^[])],[- #],[],[ext(- (k2_xboole_0(_2142,_2138)=_2138),[r1_tarski(_2142,_2138)],n),ext(- (_2072=_2074),[_2084=k2_tarski(_2074,_2092),r2_hidden(_2072,_2084),- (_2072=_2092)],n),ext(- (_2008=_2010),[_2020=k2_tarski(_2026,_2010),r2_hidden(_2008,_2020),- (_2008=_2026)],n),ext(- (_1912=k2_tarski(_1918,_1920)),[r2_hidden(1^[_1912,_1920,_1918],_1912),1^[_1912,_1920,_1918]=_1918],n),ext(- (_1816=k2_tarski(_1822,_1824)),[r2_hidden(1^[_1816,_1824,_1822],_1816),1^[_1816,_1824,_1822]=_1824],n),ext(- (_1672=k2_tarski(_1678,_1680)),[-r2_hidden(1^[_1672,_1680,_1678],_1672),- (1^[_1672,_1680,_1678]=_1678),- (1^[_1672,_1680,_1678]=_1680)],n),ext(- (_1642=_1644),[_1644=_1642],n),ext(- (_1600=_1602),[_1600=_1614,_1614=_1602],n),para([0],k2_xboole_0(_2178,_2164),_2164,[r1_tarski(_2178,_2164)],l2r)],[],[ext([- #,[#,k2_xboole_0(k1_tarski(2^[]),k2_tarski(2^[],3^[]))=k2_tarski(2^[],3^[])]]-[- #,[#,k2_xboole_0(k1_tarski(2^[]),k2_tarski(2^[],3^[]))=k2_tarski(2^[],3^[])]]),init(-# - -#)],0)state([k2_xboole_0(k1_tarski(2^[]),k2_tarski(2^[],3^[]))=k2_tarski(2^[],3^[])],[- #],[],[ext(- (k2_xboole_0(_2142,_2138)=_2138),[r1_tarski(_2142,_2138)],n),ext(- (_2072=_2074),[_2084=k2_tarski(_2074,_2092),r2_hidden(_2072,_2084),- (_2072=_2092)],n),ext(- (_2008=_2010),[_2020=k2_tarski(_2026,_2010),r2_hidden(_2008,_2020),- (_2008=_2026)],n),ext(- (_1912=k2_tarski(_1918,_1920)),[r2_hidden(1^[_1912,_1920,_1918],_1912),1^[_1912,_1920,_1918]=_1918],n),ext(- (_1816=k2_tarski(_1822,_1824)),[r2_hidden(1^[_1816,_1824,_1822],_1816),1^[_1816,_1824,_1822]=_1824],n),ext(- (_1672=k2_tarski(_1678,_1680)),[-r2_hidden(1^[_1672,_1680,_1678],_1672),- (1^[_1672,_1680,_1678]=_1678),- (1^[_1672,_1680,_1678]=_1680)],n),ext(- (_1642=_1644),[_1644=_1642],n),ext(- (_1600=_1602),[_1600=_1614,_1614=_1602],n),para([0],k2_xboole_0(_2178,_2164),_2164,[r1_tarski(_2178,_2164)],l2r)],[],[ext([- #,[#,k2_xboole_0(k1_tarski(2^[]),k2_tarski(2^[],3^[]))=k2_tarski(2^[],3^[])]]-[- #,[#,k2_xboole_0(k1_tarski(2^[]),k2_tarski(2^[],3^[]))=k2_tarski(2^[],3^[])]]),init(-# - -#)],0)state([k2_xboole_0(k1_tarski(2^[]),k2_tarski(2^[],3^[]))=k2_tarski(2^[],3^[])],[- #],[],[ext(- (k2_xboole_0(_2142,_2138)=_2138),[r1_tarski(_2142,_2138)],n),ext(- (_2072=_2074),[_2084=k2_tarski(_2074,_2092),r2_hidden(_2072,_2084),- (_2072=_2092)],n),ext(- (_2008=_2010),[_2020=k2_tarski(_2026,_2010),r2_hidden(_2008,_2020),- (_2008=_2026)],n),ext(- (_1912=k2_tarski(_1918,_1920)),[r2_hidden(1^[_1912,_1920,_1918],_1912),1^[_1912,_1920,_1918]=_1918],n),ext(- (_1816=k2_tarski(_1822,_1824)),[r2_hidden(1^[_1816,_1824,_1822],_1816),1^[_1816,_1824,_1822]=_1824],n),ext(- (_1672=k2_tarski(_1678,_1680)),[-r2_hidden(1^[_1672,_1680,_1678],_1672),- (1^[_1672,_1680,_1678]=_1678),- (1^[_1672,_1680,_1678]=_1680)],n),ext(- (_1642=_1644),[_1644=_1642],n),ext(- (_1600=_1602),[_1600=_1614,_1614=_1602],n),para([0],k2_xboole_0(_2178,_2164),_2164,[r1_tarski(_2178,_2164)],l2r)],[],[ext([- #,[#,k2_xboole_0(k1_tarski(2^[]),k2_tarski(2^[],3^[]))=k2_tarski(2^[],3^[])]]-[- #,[#,k2_xboole_0(k1_tarski(2^[]),k2_tarski(2^[],3^[]))=k2_tarski(2^[],3^[])]]),init(-# - -#)],0)state([k2_xboole_0(k1_tarski(2^[]),k2_tarski(2^[],3^[]))=k2_tarski(2^[],3^[])],[- #],[],[ext(- (k2_xboole_0(_2142,_2138)=_2138),[r1_tarski(_2142,_2138)],n),ext(- (_2072=_2074),[_2084=k2_tarski(_2074,_2092),r2_hidden(_2072,_2084),- (_2072=_2092)],n),ext(- (_2008=_2010),[_2020=k2_tarski(_2026,_2010),r2_hidden(_2008,_2020),- (_2008=_2026)],n),ext(- (_1912=k2_tarski(_1918,_1920)),[r2_hidden(1^[_1912,_1920,_1918],_1912),1^[_1912,_1920,_1918]=_1918],n),ext(- (_1816=k2_tarski(_1822,_1824)),[r2_hidden(1^[_1816,_1824,_1822],_1816),1^[_1816,_1824,_1822]=_1824],n),ext(- (_1672=k2_tarski(_1678,_1680)),[-r2_hidden(1^[_1672,_1680,_1678],_1672),- (1^[_1672,_1680,_1678]=_1678),- (1^[_1672,_1680,_1678]=_1680)],n),ext(- (_1642=_1644),[_1644=_1642],n),ext(- (_1600=_1602),[_1600=_1614,_1614=_1602],n),para([0],k2_xboole_0(_2178,_2164),_2164,[r1_tarski(_2178,_2164)],l2r)],[],[ext([- #,[#,k2_xboole_0(k1_tarski(2^[]),k2_tarski(2^[],3^[]))=k2_tarski(2^[],3^[])]]-[- #,[#,k2_xboole_0(k1_tarski(2^[]),k2_tarski(2^[],3^[]))=k2_tarski(2^[],3^[])]]),init(-# - -#)],0)state([k2_xboole_0(k1_tarski(2^[]),k2_tarski(2^[],3^[]))=k2_tarski(2^[],3^[])],[- #],[],[ext(- (k2_xboole_0(_2142,_2138)=_2138),[r1_tarski(_2142,_2138)],n),ext(- (_2072=_2074),[_2084=k2_tarski(_2074,_2092),r2_hidden(_2072,_2084),- (_2072=_2092)],n),ext(- (_2008=_2010),[_2020=k2_tarski(_2026,_2010),r2_hidden(_2008,_2020),- (_2008=_2026)],n),ext(- (_1912=k2_tarski(_1918,_1920)),[r2_hidden(1^[_1912,_1920,_1918],_1912),1^[_1912,_1920,_1918]=_1918],n),ext(- (_1816=k2_tarski(_1822,_1824)),[r2_hidden(1^[_1816,_1824,_1822],_1816),1^[_1816,_1824,_1822]=_1824],n),ext(- (_1672=k2_tarski(_1678,_1680)),[-r2_hidden(1^[_1672,_1680,_1678],_1672),- (1^[_1672,_1680,_1678]=_1678),- (1^[_1672,_1680,_1678]=_1680)],n),ext(- (_1642=_1644),[_1644=_1642],n),ext(- (_1600=_1602),[_1600=_1614,_1614=_1602],n),para([0],k2_xboole_0(_2178,_2164),_2164,[r1_tarski(_2178,_2164)],l2r)],[],[ext([- #,[#,k2_xboole_0(k1_tarski(2^[]),k2_tarski(2^[],3^[]))=k2_tarski(2^[],3^[])]]-[- #,[#,k2_xboole_0(k1_tarski(2^[]),k2_tarski(2^[],3^[]))=k2_tarski(2^[],3^[])]]),init(-# - -#)],0)state([- #],[],[],[ext(#,[k2_xboole_0(k1_tarski(2^[]),k2_tarski(2^[],3^[]))=k2_tarski(2^[],3^[])],g)],[],[init(-# - -#)],0)Policy data saved
Training data saved
Execution time: 6.266 sec
Full query: 
 swipl -g '["core/montecarlo.pl"], mc_run("theorems/m2np/t9_zfmisc_1.p",[guided(0),cp(1),sim_depth(0),playout_count(200000),min_visit_count(1),n_dim(10000),playout_time(300), output_format(svmlight), leancop_settings([conj,nodef,comp(1000),eager_reduction(1),paramodulation(1)]),return_to_root(0),save_all_proofs(0),temperature(2),save_all_policy(0),save_all_value(1),lemma_features(0),inference_limit(200000),collapse_vars(0),bigstep_frequency(2000)],"results/plcop_paramodulation/train_value","results/plcop_paramodulation/train_policy","results/plcop_paramodulation/clauses","results/plcop_paramodulation/proofs",ExecutionTime), halt.'
