--max_length 300 --path_to_file ~/rds/hpc-work/plcop/encoder/data/clauses.txt --embedding_dim 1024 --units 256 --batch_size 128 --epochs 100 --checkpoint_freq 5 --checkpoint_dir ~/rds/hpc-work/plcop/encoder/training_checkpoints --checkpoint_prefix ed-1024-u-256
Changed directory to /rds/user/vt289/hpc-work/plcop/hpc_scripts.

JobID: 37159893
======
Time: Fri  2 Apr 19:56:07 BST 2021
Running on master node: gpu-e-4
Current directory: /rds/user/vt289/hpc-work/plcop/hpc_scripts

Nodes allocated:
================
gpu-e-4

numtasks=1, numnodes=1, mpi_tasks_per_node=1

Executing command:
==================
python3 ~/rds/hpc-work/plcop/encoder/main.py --max_length 300 --path_to_file ~/rds/hpc-work/plcop/encoder/data/clauses.txt --embedding_dim 1024 --units 256 --batch_size 128 --epochs 100 --checkpoint_freq 5 --checkpoint_dir ~/rds/hpc-work/plcop/encoder/training_checkpoints --checkpoint_prefix ed-1024-u-256

2021-04-02 19:56:10.189210: I tensorflow/stream_executor/platform/default/dso_loader.cc:49] Successfully opened dynamic library libcudart.so.11.0
2021-04-02 19:56:32.703514: I tensorflow/compiler/jit/xla_cpu_device.cc:41] Not creating XLA devices, tf_xla_enable_xla_devices not set
2021-04-02 19:56:32.707887: I tensorflow/stream_executor/platform/default/dso_loader.cc:49] Successfully opened dynamic library libcuda.so.1
2021-04-02 19:56:32.741901: I tensorflow/core/common_runtime/gpu/gpu_device.cc:1720] Found device 0 with properties: 
pciBusID: 0000:05:00.0 name: Tesla P100-PCIE-16GB computeCapability: 6.0
coreClock: 1.3285GHz coreCount: 56 deviceMemorySize: 15.90GiB deviceMemoryBandwidth: 681.88GiB/s
2021-04-02 19:56:32.741973: I tensorflow/stream_executor/platform/default/dso_loader.cc:49] Successfully opened dynamic library libcudart.so.11.0
2021-04-02 19:56:33.713136: I tensorflow/stream_executor/platform/default/dso_loader.cc:49] Successfully opened dynamic library libcublas.so.11
2021-04-02 19:56:33.713263: I tensorflow/stream_executor/platform/default/dso_loader.cc:49] Successfully opened dynamic library libcublasLt.so.11
2021-04-02 19:56:34.000998: I tensorflow/stream_executor/platform/default/dso_loader.cc:49] Successfully opened dynamic library libcufft.so.10
2021-04-02 19:56:34.581205: I tensorflow/stream_executor/platform/default/dso_loader.cc:49] Successfully opened dynamic library libcurand.so.10
2021-04-02 19:56:35.564144: I tensorflow/stream_executor/platform/default/dso_loader.cc:49] Successfully opened dynamic library libcusolver.so.10
2021-04-02 19:56:35.871497: I tensorflow/stream_executor/platform/default/dso_loader.cc:49] Successfully opened dynamic library libcusparse.so.11
2021-04-02 19:56:36.129567: I tensorflow/stream_executor/platform/default/dso_loader.cc:49] Successfully opened dynamic library libcudnn.so.8
2021-04-02 19:56:36.132228: I tensorflow/core/common_runtime/gpu/gpu_device.cc:1862] Adding visible gpu devices: 0
2021-04-02 19:56:36.132748: I tensorflow/core/platform/cpu_feature_guard.cc:142] This TensorFlow binary is optimized with oneAPI Deep Neural Network Library (oneDNN) to use the following CPU instructions in performance-critical operations:  AVX2 FMA
To enable them in other operations, rebuild TensorFlow with the appropriate compiler flags.
2021-04-02 19:56:36.132987: I tensorflow/compiler/jit/xla_gpu_device.cc:99] Not creating XLA devices, tf_xla_enable_xla_devices not set
2021-04-02 19:56:36.134384: I tensorflow/core/common_runtime/gpu/gpu_device.cc:1720] Found device 0 with properties: 
pciBusID: 0000:05:00.0 name: Tesla P100-PCIE-16GB computeCapability: 6.0
coreClock: 1.3285GHz coreCount: 56 deviceMemorySize: 15.90GiB deviceMemoryBandwidth: 681.88GiB/s
2021-04-02 19:56:36.134434: I tensorflow/stream_executor/platform/default/dso_loader.cc:49] Successfully opened dynamic library libcudart.so.11.0
2021-04-02 19:56:36.134479: I tensorflow/stream_executor/platform/default/dso_loader.cc:49] Successfully opened dynamic library libcublas.so.11
2021-04-02 19:56:36.134511: I tensorflow/stream_executor/platform/default/dso_loader.cc:49] Successfully opened dynamic library libcublasLt.so.11
2021-04-02 19:56:36.134560: I tensorflow/stream_executor/platform/default/dso_loader.cc:49] Successfully opened dynamic library libcufft.so.10
2021-04-02 19:56:36.134594: I tensorflow/stream_executor/platform/default/dso_loader.cc:49] Successfully opened dynamic library libcurand.so.10
2021-04-02 19:56:36.134624: I tensorflow/stream_executor/platform/default/dso_loader.cc:49] Successfully opened dynamic library libcusolver.so.10
2021-04-02 19:56:36.134654: I tensorflow/stream_executor/platform/default/dso_loader.cc:49] Successfully opened dynamic library libcusparse.so.11
2021-04-02 19:56:36.134685: I tensorflow/stream_executor/platform/default/dso_loader.cc:49] Successfully opened dynamic library libcudnn.so.8
2021-04-02 19:56:36.137131: I tensorflow/core/common_runtime/gpu/gpu_device.cc:1862] Adding visible gpu devices: 0
2021-04-02 19:56:36.137188: I tensorflow/stream_executor/platform/default/dso_loader.cc:49] Successfully opened dynamic library libcudart.so.11.0
2021-04-02 19:56:38.993209: I tensorflow/core/common_runtime/gpu/gpu_device.cc:1261] Device interconnect StreamExecutor with strength 1 edge matrix:
2021-04-02 19:56:38.993301: I tensorflow/core/common_runtime/gpu/gpu_device.cc:1267]      0 
2021-04-02 19:56:38.993326: I tensorflow/core/common_runtime/gpu/gpu_device.cc:1280] 0:   N 
2021-04-02 19:56:38.997179: I tensorflow/core/common_runtime/gpu/gpu_device.cc:1406] Created TensorFlow device (/job:localhost/replica:0/task:0/device:GPU:0 with 14957 MB memory) -> physical GPU (device: 0, name: Tesla P100-PCIE-16GB, pci bus id: 0000:05:00.0, compute capability: 6.0)
Original number of word_pairs: 200
Filtered number of word_pairs: 200
Model output shape: (None, None, 116)
Traceback (most recent call last):
  File "/home/vt289/rds/hpc-work/plcop/encoder/main.py", line 256, in <module>
    main()
  File "/home/vt289/rds/hpc-work/plcop/encoder/main.py", line 225, in main
    input_tensor = init_context(prediction_phase=False)
  File "/home/vt289/rds/hpc-work/plcop/encoder/main.py", line 219, in init_context
    train_dataset, train_size, val_dataset, val_size)
  File "/rds/user/vt289/hpc-work/plcop/encoder/model_context.py", line 43, in add_datset
    ctx.train_size = len(train_input)
TypeError: object of type 'int' has no len()
