--max_length 300 --path_to_file ~/rds/hpc-work/plcop/encoder/data/clauses.txt --embedding_dim 1024 --units 256 --batch_size 128 --epochs 100 --checkpoint_freq 5 --checkpoint_dir ~/rds/hpc-work/plcop/encoder/training_checkpoints --checkpoint_prefix ed-1024-u-256
Changed directory to /rds/user/vt289/hpc-work/plcop/hpc_scripts.

JobID: 37173299
======
Time: Sat  3 Apr 13:20:28 BST 2021
Running on master node: gpu-e-12
Current directory: /rds/user/vt289/hpc-work/plcop/hpc_scripts

Nodes allocated:
================
gpu-e-12

numtasks=1, numnodes=1, mpi_tasks_per_node=1

Executing command:
==================
python3 ~/rds/hpc-work/plcop/encoder/main.py --max_length 300 --path_to_file ~/rds/hpc-work/plcop/encoder/data/clauses.txt --embedding_dim 1024 --units 256 --batch_size 128 --epochs 100 --checkpoint_freq 5 --checkpoint_dir ~/rds/hpc-work/plcop/encoder/training_checkpoints --checkpoint_prefix ed-1024-u-256

2021-04-03 13:20:37.101221: I tensorflow/stream_executor/platform/default/dso_loader.cc:49] Successfully opened dynamic library libcudart.so.11.0
2021-04-03 13:20:45.250005: I tensorflow/compiler/jit/xla_cpu_device.cc:41] Not creating XLA devices, tf_xla_enable_xla_devices not set
2021-04-03 13:20:45.255372: I tensorflow/stream_executor/platform/default/dso_loader.cc:49] Successfully opened dynamic library libcuda.so.1
2021-04-03 13:20:45.290326: I tensorflow/core/common_runtime/gpu/gpu_device.cc:1720] Found device 0 with properties: 
pciBusID: 0000:05:00.0 name: Tesla P100-PCIE-16GB computeCapability: 6.0
coreClock: 1.3285GHz coreCount: 56 deviceMemorySize: 15.90GiB deviceMemoryBandwidth: 681.88GiB/s
2021-04-03 13:20:45.290408: I tensorflow/stream_executor/platform/default/dso_loader.cc:49] Successfully opened dynamic library libcudart.so.11.0
2021-04-03 13:20:46.111012: I tensorflow/stream_executor/platform/default/dso_loader.cc:49] Successfully opened dynamic library libcublas.so.11
2021-04-03 13:20:46.111166: I tensorflow/stream_executor/platform/default/dso_loader.cc:49] Successfully opened dynamic library libcublasLt.so.11
2021-04-03 13:20:46.424616: I tensorflow/stream_executor/platform/default/dso_loader.cc:49] Successfully opened dynamic library libcufft.so.10
2021-04-03 13:20:47.105971: I tensorflow/stream_executor/platform/default/dso_loader.cc:49] Successfully opened dynamic library libcurand.so.10
2021-04-03 13:20:47.729279: I tensorflow/stream_executor/platform/default/dso_loader.cc:49] Successfully opened dynamic library libcusolver.so.10
2021-04-03 13:20:48.092211: I tensorflow/stream_executor/platform/default/dso_loader.cc:49] Successfully opened dynamic library libcusparse.so.11
2021-04-03 13:20:48.241915: I tensorflow/stream_executor/platform/default/dso_loader.cc:49] Successfully opened dynamic library libcudnn.so.8
2021-04-03 13:20:48.244552: I tensorflow/core/common_runtime/gpu/gpu_device.cc:1862] Adding visible gpu devices: 0
2021-04-03 13:20:48.245023: I tensorflow/core/platform/cpu_feature_guard.cc:142] This TensorFlow binary is optimized with oneAPI Deep Neural Network Library (oneDNN) to use the following CPU instructions in performance-critical operations:  AVX2 FMA
To enable them in other operations, rebuild TensorFlow with the appropriate compiler flags.
2021-04-03 13:20:48.245203: I tensorflow/compiler/jit/xla_gpu_device.cc:99] Not creating XLA devices, tf_xla_enable_xla_devices not set
2021-04-03 13:20:48.246526: I tensorflow/core/common_runtime/gpu/gpu_device.cc:1720] Found device 0 with properties: 
pciBusID: 0000:05:00.0 name: Tesla P100-PCIE-16GB computeCapability: 6.0
coreClock: 1.3285GHz coreCount: 56 deviceMemorySize: 15.90GiB deviceMemoryBandwidth: 681.88GiB/s
2021-04-03 13:20:48.246580: I tensorflow/stream_executor/platform/default/dso_loader.cc:49] Successfully opened dynamic library libcudart.so.11.0
2021-04-03 13:20:48.246619: I tensorflow/stream_executor/platform/default/dso_loader.cc:49] Successfully opened dynamic library libcublas.so.11
2021-04-03 13:20:48.246651: I tensorflow/stream_executor/platform/default/dso_loader.cc:49] Successfully opened dynamic library libcublasLt.so.11
2021-04-03 13:20:48.246702: I tensorflow/stream_executor/platform/default/dso_loader.cc:49] Successfully opened dynamic library libcufft.so.10
2021-04-03 13:20:48.246736: I tensorflow/stream_executor/platform/default/dso_loader.cc:49] Successfully opened dynamic library libcurand.so.10
2021-04-03 13:20:48.246767: I tensorflow/stream_executor/platform/default/dso_loader.cc:49] Successfully opened dynamic library libcusolver.so.10
2021-04-03 13:20:48.246798: I tensorflow/stream_executor/platform/default/dso_loader.cc:49] Successfully opened dynamic library libcusparse.so.11
2021-04-03 13:20:48.246829: I tensorflow/stream_executor/platform/default/dso_loader.cc:49] Successfully opened dynamic library libcudnn.so.8
2021-04-03 13:20:48.249271: I tensorflow/core/common_runtime/gpu/gpu_device.cc:1862] Adding visible gpu devices: 0
2021-04-03 13:20:48.249331: I tensorflow/stream_executor/platform/default/dso_loader.cc:49] Successfully opened dynamic library libcudart.so.11.0
2021-04-03 13:20:51.276679: I tensorflow/core/common_runtime/gpu/gpu_device.cc:1261] Device interconnect StreamExecutor with strength 1 edge matrix:
2021-04-03 13:20:51.276762: I tensorflow/core/common_runtime/gpu/gpu_device.cc:1267]      0 
2021-04-03 13:20:51.276785: I tensorflow/core/common_runtime/gpu/gpu_device.cc:1280] 0:   N 
2021-04-03 13:20:51.280436: I tensorflow/core/common_runtime/gpu/gpu_device.cc:1406] Created TensorFlow device (/job:localhost/replica:0/task:0/device:GPU:0 with 14957 MB memory) -> physical GPU (device: 0, name: Tesla P100-PCIE-16GB, pci bus id: 0000:05:00.0, compute capability: 6.0)
Num GPUs Available:  1
Original number of word_pairs: 200
Filtered number of word_pairs: 200
Model output shape: (None, None, 117)
Model: "model"
__________________________________________________________________________________________________
Layer (type)                    Output Shape         Param #     Connected to                     
==================================================================================================
input_1 (InputLayer)            [(None, None, 117)]  0                                            
__________________________________________________________________________________________________
input_2 (InputLayer)            [(None, None, 117)]  0                                            
__________________________________________________________________________________________________
lstm (LSTM)                     [(None, 256), (None, 382976      input_1[0][0]                    
__________________________________________________________________________________________________
lstm_1 (LSTM)                   [(None, None, 256),  382976      input_2[0][0]                    
                                                                 lstm[0][1]                       
                                                                 lstm[0][2]                       
__________________________________________________________________________________________________
dense (Dense)                   (None, None, 117)    30069       lstm_1[0][0]                     
==================================================================================================
Total params: 796,021
Trainable params: 796,021
Non-trainable params: 0
__________________________________________________________________________________________________
